[2022-03-14 00:00:23,103] {processor.py:163} INFO - Started process (PID=4138) to work on /opt/airflow/dags/init.py
[2022-03-14 00:00:23,104] {processor.py:642} INFO - Processing file /opt/airflow/dags/init.py for tasks to queue
[2022-03-14 00:00:23,105] {logging_mixin.py:109} INFO - [2022-03-14 00:00:23,105] {dagbag.py:500} INFO - Filling up the DagBag from /opt/airflow/dags/init.py
[2022-03-14 00:00:23,131] {processor.py:654} INFO - DAG(s) dict_keys(['1_init_once_seed_data']) retrieved from /opt/airflow/dags/init.py
[2022-03-14 00:00:23,140] {logging_mixin.py:109} INFO - [2022-03-14 00:00:23,140] {dag.py:2398} INFO - Sync 1 DAGs
[2022-03-14 00:00:23,155] {logging_mixin.py:109} INFO - [2022-03-14 00:00:23,155] {dag.py:2937} INFO - Setting next_dagrun for 1_init_once_seed_data to None
[2022-03-14 00:00:23,169] {processor.py:171} INFO - Processing /opt/airflow/dags/init.py took 0.068 seconds
[2022-03-14 00:00:54,158] {processor.py:163} INFO - Started process (PID=4199) to work on /opt/airflow/dags/init.py
[2022-03-14 00:00:54,158] {processor.py:642} INFO - Processing file /opt/airflow/dags/init.py for tasks to queue
[2022-03-14 00:00:54,159] {logging_mixin.py:109} INFO - [2022-03-14 00:00:54,159] {dagbag.py:500} INFO - Filling up the DagBag from /opt/airflow/dags/init.py
[2022-03-14 00:00:54,181] {processor.py:654} INFO - DAG(s) dict_keys(['1_init_once_seed_data']) retrieved from /opt/airflow/dags/init.py
[2022-03-14 00:00:54,189] {logging_mixin.py:109} INFO - [2022-03-14 00:00:54,189] {dag.py:2398} INFO - Sync 1 DAGs
[2022-03-14 00:00:54,201] {logging_mixin.py:109} INFO - [2022-03-14 00:00:54,201] {dag.py:2937} INFO - Setting next_dagrun for 1_init_once_seed_data to None
[2022-03-14 00:00:54,218] {processor.py:171} INFO - Processing /opt/airflow/dags/init.py took 0.062 seconds
[2022-03-14 00:01:25,067] {processor.py:163} INFO - Started process (PID=4251) to work on /opt/airflow/dags/init.py
[2022-03-14 00:01:25,068] {processor.py:642} INFO - Processing file /opt/airflow/dags/init.py for tasks to queue
[2022-03-14 00:01:25,069] {logging_mixin.py:109} INFO - [2022-03-14 00:01:25,069] {dagbag.py:500} INFO - Filling up the DagBag from /opt/airflow/dags/init.py
[2022-03-14 00:01:25,097] {processor.py:654} INFO - DAG(s) dict_keys(['1_init_once_seed_data']) retrieved from /opt/airflow/dags/init.py
[2022-03-14 00:01:25,103] {logging_mixin.py:109} INFO - [2022-03-14 00:01:25,103] {dag.py:2398} INFO - Sync 1 DAGs
[2022-03-14 00:01:25,116] {logging_mixin.py:109} INFO - [2022-03-14 00:01:25,116] {dag.py:2937} INFO - Setting next_dagrun for 1_init_once_seed_data to None
[2022-03-14 00:01:25,129] {processor.py:171} INFO - Processing /opt/airflow/dags/init.py took 0.065 seconds
[2022-03-14 00:01:55,933] {processor.py:163} INFO - Started process (PID=4312) to work on /opt/airflow/dags/init.py
[2022-03-14 00:01:55,933] {processor.py:642} INFO - Processing file /opt/airflow/dags/init.py for tasks to queue
[2022-03-14 00:01:55,934] {logging_mixin.py:109} INFO - [2022-03-14 00:01:55,934] {dagbag.py:500} INFO - Filling up the DagBag from /opt/airflow/dags/init.py
[2022-03-14 00:01:55,960] {processor.py:654} INFO - DAG(s) dict_keys(['1_init_once_seed_data']) retrieved from /opt/airflow/dags/init.py
[2022-03-14 00:01:55,968] {logging_mixin.py:109} INFO - [2022-03-14 00:01:55,968] {dag.py:2398} INFO - Sync 1 DAGs
[2022-03-14 00:01:55,981] {logging_mixin.py:109} INFO - [2022-03-14 00:01:55,981] {dag.py:2937} INFO - Setting next_dagrun for 1_init_once_seed_data to None
[2022-03-14 00:01:55,995] {processor.py:171} INFO - Processing /opt/airflow/dags/init.py took 0.064 seconds
[2022-03-14 00:02:26,707] {processor.py:163} INFO - Started process (PID=4365) to work on /opt/airflow/dags/init.py
[2022-03-14 00:02:26,708] {processor.py:642} INFO - Processing file /opt/airflow/dags/init.py for tasks to queue
[2022-03-14 00:02:26,708] {logging_mixin.py:109} INFO - [2022-03-14 00:02:26,708] {dagbag.py:500} INFO - Filling up the DagBag from /opt/airflow/dags/init.py
[2022-03-14 00:02:26,731] {processor.py:654} INFO - DAG(s) dict_keys(['1_init_once_seed_data']) retrieved from /opt/airflow/dags/init.py
[2022-03-14 00:02:26,738] {logging_mixin.py:109} INFO - [2022-03-14 00:02:26,738] {dag.py:2398} INFO - Sync 1 DAGs
[2022-03-14 00:02:26,749] {logging_mixin.py:109} INFO - [2022-03-14 00:02:26,749] {dag.py:2937} INFO - Setting next_dagrun for 1_init_once_seed_data to None
[2022-03-14 00:02:26,762] {processor.py:171} INFO - Processing /opt/airflow/dags/init.py took 0.058 seconds
[2022-03-14 00:02:57,206] {processor.py:163} INFO - Started process (PID=4417) to work on /opt/airflow/dags/init.py
[2022-03-14 00:02:57,207] {processor.py:642} INFO - Processing file /opt/airflow/dags/init.py for tasks to queue
[2022-03-14 00:02:57,208] {logging_mixin.py:109} INFO - [2022-03-14 00:02:57,208] {dagbag.py:500} INFO - Filling up the DagBag from /opt/airflow/dags/init.py
[2022-03-14 00:02:57,237] {processor.py:654} INFO - DAG(s) dict_keys(['1_init_once_seed_data']) retrieved from /opt/airflow/dags/init.py
[2022-03-14 00:02:57,244] {logging_mixin.py:109} INFO - [2022-03-14 00:02:57,244] {dag.py:2398} INFO - Sync 1 DAGs
[2022-03-14 00:02:57,257] {logging_mixin.py:109} INFO - [2022-03-14 00:02:57,257] {dag.py:2937} INFO - Setting next_dagrun for 1_init_once_seed_data to None
[2022-03-14 00:02:57,270] {processor.py:171} INFO - Processing /opt/airflow/dags/init.py took 0.067 seconds
[2022-03-14 00:03:28,122] {processor.py:163} INFO - Started process (PID=4479) to work on /opt/airflow/dags/init.py
[2022-03-14 00:03:28,123] {processor.py:642} INFO - Processing file /opt/airflow/dags/init.py for tasks to queue
[2022-03-14 00:03:28,123] {logging_mixin.py:109} INFO - [2022-03-14 00:03:28,123] {dagbag.py:500} INFO - Filling up the DagBag from /opt/airflow/dags/init.py
[2022-03-14 00:03:28,150] {processor.py:654} INFO - DAG(s) dict_keys(['1_init_once_seed_data']) retrieved from /opt/airflow/dags/init.py
[2022-03-14 00:03:28,156] {logging_mixin.py:109} INFO - [2022-03-14 00:03:28,156] {dag.py:2398} INFO - Sync 1 DAGs
[2022-03-14 00:03:28,168] {logging_mixin.py:109} INFO - [2022-03-14 00:03:28,168] {dag.py:2937} INFO - Setting next_dagrun for 1_init_once_seed_data to None
[2022-03-14 00:03:28,176] {processor.py:171} INFO - Processing /opt/airflow/dags/init.py took 0.057 seconds
[2022-03-14 00:03:59,119] {processor.py:163} INFO - Started process (PID=4531) to work on /opt/airflow/dags/init.py
[2022-03-14 00:03:59,120] {processor.py:642} INFO - Processing file /opt/airflow/dags/init.py for tasks to queue
[2022-03-14 00:03:59,121] {logging_mixin.py:109} INFO - [2022-03-14 00:03:59,121] {dagbag.py:500} INFO - Filling up the DagBag from /opt/airflow/dags/init.py
[2022-03-14 00:03:59,149] {processor.py:654} INFO - DAG(s) dict_keys(['1_init_once_seed_data']) retrieved from /opt/airflow/dags/init.py
[2022-03-14 00:03:59,157] {logging_mixin.py:109} INFO - [2022-03-14 00:03:59,157] {dag.py:2398} INFO - Sync 1 DAGs
[2022-03-14 00:03:59,170] {logging_mixin.py:109} INFO - [2022-03-14 00:03:59,170] {dag.py:2937} INFO - Setting next_dagrun for 1_init_once_seed_data to None
[2022-03-14 00:03:59,183] {processor.py:171} INFO - Processing /opt/airflow/dags/init.py took 0.068 seconds
[2022-03-14 00:04:29,225] {processor.py:163} INFO - Started process (PID=4592) to work on /opt/airflow/dags/init.py
[2022-03-14 00:04:29,226] {processor.py:642} INFO - Processing file /opt/airflow/dags/init.py for tasks to queue
[2022-03-14 00:04:29,227] {logging_mixin.py:109} INFO - [2022-03-14 00:04:29,227] {dagbag.py:500} INFO - Filling up the DagBag from /opt/airflow/dags/init.py
[2022-03-14 00:04:29,251] {processor.py:654} INFO - DAG(s) dict_keys(['1_init_once_seed_data']) retrieved from /opt/airflow/dags/init.py
[2022-03-14 00:04:29,261] {logging_mixin.py:109} INFO - [2022-03-14 00:04:29,260] {dag.py:2398} INFO - Sync 1 DAGs
[2022-03-14 00:04:29,273] {logging_mixin.py:109} INFO - [2022-03-14 00:04:29,273] {dag.py:2937} INFO - Setting next_dagrun for 1_init_once_seed_data to None
[2022-03-14 00:04:29,286] {processor.py:171} INFO - Processing /opt/airflow/dags/init.py took 0.063 seconds
[2022-03-14 00:04:59,906] {processor.py:163} INFO - Started process (PID=4644) to work on /opt/airflow/dags/init.py
[2022-03-14 00:04:59,907] {processor.py:642} INFO - Processing file /opt/airflow/dags/init.py for tasks to queue
[2022-03-14 00:04:59,908] {logging_mixin.py:109} INFO - [2022-03-14 00:04:59,907] {dagbag.py:500} INFO - Filling up the DagBag from /opt/airflow/dags/init.py
[2022-03-14 00:04:59,931] {processor.py:654} INFO - DAG(s) dict_keys(['1_init_once_seed_data']) retrieved from /opt/airflow/dags/init.py
[2022-03-14 00:04:59,937] {logging_mixin.py:109} INFO - [2022-03-14 00:04:59,937] {dag.py:2398} INFO - Sync 1 DAGs
[2022-03-14 00:04:59,950] {logging_mixin.py:109} INFO - [2022-03-14 00:04:59,950] {dag.py:2937} INFO - Setting next_dagrun for 1_init_once_seed_data to None
[2022-03-14 00:04:59,964] {processor.py:171} INFO - Processing /opt/airflow/dags/init.py took 0.059 seconds
[2022-03-14 00:05:30,847] {processor.py:163} INFO - Started process (PID=4705) to work on /opt/airflow/dags/init.py
[2022-03-14 00:05:30,849] {processor.py:642} INFO - Processing file /opt/airflow/dags/init.py for tasks to queue
[2022-03-14 00:05:30,849] {logging_mixin.py:109} INFO - [2022-03-14 00:05:30,849] {dagbag.py:500} INFO - Filling up the DagBag from /opt/airflow/dags/init.py
[2022-03-14 00:05:30,877] {processor.py:654} INFO - DAG(s) dict_keys(['1_init_once_seed_data']) retrieved from /opt/airflow/dags/init.py
[2022-03-14 00:05:30,884] {logging_mixin.py:109} INFO - [2022-03-14 00:05:30,884] {dag.py:2398} INFO - Sync 1 DAGs
[2022-03-14 00:05:30,899] {logging_mixin.py:109} INFO - [2022-03-14 00:05:30,899] {dag.py:2937} INFO - Setting next_dagrun for 1_init_once_seed_data to None
[2022-03-14 00:05:30,912] {processor.py:171} INFO - Processing /opt/airflow/dags/init.py took 0.068 seconds
[2022-03-14 00:06:01,627] {processor.py:163} INFO - Started process (PID=4757) to work on /opt/airflow/dags/init.py
[2022-03-14 00:06:01,628] {processor.py:642} INFO - Processing file /opt/airflow/dags/init.py for tasks to queue
[2022-03-14 00:06:01,629] {logging_mixin.py:109} INFO - [2022-03-14 00:06:01,629] {dagbag.py:500} INFO - Filling up the DagBag from /opt/airflow/dags/init.py
[2022-03-14 00:06:01,653] {processor.py:654} INFO - DAG(s) dict_keys(['1_init_once_seed_data']) retrieved from /opt/airflow/dags/init.py
[2022-03-14 00:06:01,659] {logging_mixin.py:109} INFO - [2022-03-14 00:06:01,659] {dag.py:2398} INFO - Sync 1 DAGs
[2022-03-14 00:06:01,670] {logging_mixin.py:109} INFO - [2022-03-14 00:06:01,670] {dag.py:2937} INFO - Setting next_dagrun for 1_init_once_seed_data to None
[2022-03-14 00:06:01,683] {processor.py:171} INFO - Processing /opt/airflow/dags/init.py took 0.058 seconds
[2022-03-14 00:06:32,357] {processor.py:163} INFO - Started process (PID=4818) to work on /opt/airflow/dags/init.py
[2022-03-14 00:06:32,358] {processor.py:642} INFO - Processing file /opt/airflow/dags/init.py for tasks to queue
[2022-03-14 00:06:32,359] {logging_mixin.py:109} INFO - [2022-03-14 00:06:32,358] {dagbag.py:500} INFO - Filling up the DagBag from /opt/airflow/dags/init.py
[2022-03-14 00:06:32,384] {processor.py:654} INFO - DAG(s) dict_keys(['1_init_once_seed_data']) retrieved from /opt/airflow/dags/init.py
[2022-03-14 00:06:32,394] {logging_mixin.py:109} INFO - [2022-03-14 00:06:32,394] {dag.py:2398} INFO - Sync 1 DAGs
[2022-03-14 00:06:32,412] {logging_mixin.py:109} INFO - [2022-03-14 00:06:32,412] {dag.py:2937} INFO - Setting next_dagrun for 1_init_once_seed_data to None
[2022-03-14 00:06:32,428] {processor.py:171} INFO - Processing /opt/airflow/dags/init.py took 0.073 seconds
[2022-03-14 00:07:03,111] {processor.py:163} INFO - Started process (PID=4870) to work on /opt/airflow/dags/init.py
[2022-03-14 00:07:03,111] {processor.py:642} INFO - Processing file /opt/airflow/dags/init.py for tasks to queue
[2022-03-14 00:07:03,112] {logging_mixin.py:109} INFO - [2022-03-14 00:07:03,112] {dagbag.py:500} INFO - Filling up the DagBag from /opt/airflow/dags/init.py
[2022-03-14 00:07:03,135] {processor.py:654} INFO - DAG(s) dict_keys(['1_init_once_seed_data']) retrieved from /opt/airflow/dags/init.py
[2022-03-14 00:07:03,141] {logging_mixin.py:109} INFO - [2022-03-14 00:07:03,141] {dag.py:2398} INFO - Sync 1 DAGs
[2022-03-14 00:07:03,153] {logging_mixin.py:109} INFO - [2022-03-14 00:07:03,152] {dag.py:2937} INFO - Setting next_dagrun for 1_init_once_seed_data to None
[2022-03-14 00:07:03,160] {processor.py:171} INFO - Processing /opt/airflow/dags/init.py took 0.051 seconds
[2022-03-14 00:07:34,088] {processor.py:163} INFO - Started process (PID=4931) to work on /opt/airflow/dags/init.py
[2022-03-14 00:07:34,090] {processor.py:642} INFO - Processing file /opt/airflow/dags/init.py for tasks to queue
[2022-03-14 00:07:34,091] {logging_mixin.py:109} INFO - [2022-03-14 00:07:34,091] {dagbag.py:500} INFO - Filling up the DagBag from /opt/airflow/dags/init.py
[2022-03-14 00:07:34,116] {processor.py:654} INFO - DAG(s) dict_keys(['1_init_once_seed_data']) retrieved from /opt/airflow/dags/init.py
[2022-03-14 00:07:34,125] {logging_mixin.py:109} INFO - [2022-03-14 00:07:34,125] {dag.py:2398} INFO - Sync 1 DAGs
[2022-03-14 00:07:34,143] {logging_mixin.py:109} INFO - [2022-03-14 00:07:34,143] {dag.py:2937} INFO - Setting next_dagrun for 1_init_once_seed_data to None
[2022-03-14 00:07:34,159] {processor.py:171} INFO - Processing /opt/airflow/dags/init.py took 0.074 seconds
[2022-03-14 00:08:05,048] {processor.py:163} INFO - Started process (PID=4983) to work on /opt/airflow/dags/init.py
[2022-03-14 00:08:05,049] {processor.py:642} INFO - Processing file /opt/airflow/dags/init.py for tasks to queue
[2022-03-14 00:08:05,049] {logging_mixin.py:109} INFO - [2022-03-14 00:08:05,049] {dagbag.py:500} INFO - Filling up the DagBag from /opt/airflow/dags/init.py
[2022-03-14 00:08:05,072] {processor.py:654} INFO - DAG(s) dict_keys(['1_init_once_seed_data']) retrieved from /opt/airflow/dags/init.py
[2022-03-14 00:08:05,079] {logging_mixin.py:109} INFO - [2022-03-14 00:08:05,079] {dag.py:2398} INFO - Sync 1 DAGs
[2022-03-14 00:08:05,090] {logging_mixin.py:109} INFO - [2022-03-14 00:08:05,090] {dag.py:2937} INFO - Setting next_dagrun for 1_init_once_seed_data to None
[2022-03-14 00:08:05,111] {processor.py:171} INFO - Processing /opt/airflow/dags/init.py took 0.066 seconds
[2022-03-14 00:08:36,086] {processor.py:163} INFO - Started process (PID=5035) to work on /opt/airflow/dags/init.py
[2022-03-14 00:08:36,087] {processor.py:642} INFO - Processing file /opt/airflow/dags/init.py for tasks to queue
[2022-03-14 00:08:36,088] {logging_mixin.py:109} INFO - [2022-03-14 00:08:36,088] {dagbag.py:500} INFO - Filling up the DagBag from /opt/airflow/dags/init.py
[2022-03-14 00:08:36,115] {processor.py:654} INFO - DAG(s) dict_keys(['1_init_once_seed_data']) retrieved from /opt/airflow/dags/init.py
[2022-03-14 00:08:36,122] {logging_mixin.py:109} INFO - [2022-03-14 00:08:36,121] {dag.py:2398} INFO - Sync 1 DAGs
[2022-03-14 00:08:36,133] {logging_mixin.py:109} INFO - [2022-03-14 00:08:36,133] {dag.py:2937} INFO - Setting next_dagrun for 1_init_once_seed_data to None
[2022-03-14 00:08:36,151] {processor.py:171} INFO - Processing /opt/airflow/dags/init.py took 0.068 seconds
[2022-03-14 00:09:06,808] {processor.py:163} INFO - Started process (PID=5097) to work on /opt/airflow/dags/init.py
[2022-03-14 00:09:06,809] {processor.py:642} INFO - Processing file /opt/airflow/dags/init.py for tasks to queue
[2022-03-14 00:09:06,809] {logging_mixin.py:109} INFO - [2022-03-14 00:09:06,809] {dagbag.py:500} INFO - Filling up the DagBag from /opt/airflow/dags/init.py
[2022-03-14 00:09:06,834] {processor.py:654} INFO - DAG(s) dict_keys(['1_init_once_seed_data']) retrieved from /opt/airflow/dags/init.py
[2022-03-14 00:09:06,841] {logging_mixin.py:109} INFO - [2022-03-14 00:09:06,840] {dag.py:2398} INFO - Sync 1 DAGs
[2022-03-14 00:09:06,854] {logging_mixin.py:109} INFO - [2022-03-14 00:09:06,854] {dag.py:2937} INFO - Setting next_dagrun for 1_init_once_seed_data to None
[2022-03-14 00:09:06,868] {processor.py:171} INFO - Processing /opt/airflow/dags/init.py took 0.061 seconds
[2022-03-14 00:09:37,594] {processor.py:163} INFO - Started process (PID=5149) to work on /opt/airflow/dags/init.py
[2022-03-14 00:09:37,595] {processor.py:642} INFO - Processing file /opt/airflow/dags/init.py for tasks to queue
[2022-03-14 00:09:37,596] {logging_mixin.py:109} INFO - [2022-03-14 00:09:37,596] {dagbag.py:500} INFO - Filling up the DagBag from /opt/airflow/dags/init.py
[2022-03-14 00:09:37,625] {processor.py:654} INFO - DAG(s) dict_keys(['1_init_once_seed_data']) retrieved from /opt/airflow/dags/init.py
[2022-03-14 00:09:37,633] {logging_mixin.py:109} INFO - [2022-03-14 00:09:37,632] {dag.py:2398} INFO - Sync 1 DAGs
[2022-03-14 00:09:37,646] {logging_mixin.py:109} INFO - [2022-03-14 00:09:37,646] {dag.py:2937} INFO - Setting next_dagrun for 1_init_once_seed_data to None
[2022-03-14 00:09:37,659] {processor.py:171} INFO - Processing /opt/airflow/dags/init.py took 0.068 seconds
[2022-03-14 00:10:08,281] {processor.py:163} INFO - Started process (PID=5210) to work on /opt/airflow/dags/init.py
[2022-03-14 00:10:08,282] {processor.py:642} INFO - Processing file /opt/airflow/dags/init.py for tasks to queue
[2022-03-14 00:10:08,282] {logging_mixin.py:109} INFO - [2022-03-14 00:10:08,282] {dagbag.py:500} INFO - Filling up the DagBag from /opt/airflow/dags/init.py
[2022-03-14 00:10:08,306] {processor.py:654} INFO - DAG(s) dict_keys(['1_init_once_seed_data']) retrieved from /opt/airflow/dags/init.py
[2022-03-14 00:10:08,314] {logging_mixin.py:109} INFO - [2022-03-14 00:10:08,314] {dag.py:2398} INFO - Sync 1 DAGs
[2022-03-14 00:10:08,326] {logging_mixin.py:109} INFO - [2022-03-14 00:10:08,326] {dag.py:2937} INFO - Setting next_dagrun for 1_init_once_seed_data to None
[2022-03-14 00:10:08,353] {processor.py:171} INFO - Processing /opt/airflow/dags/init.py took 0.074 seconds
[2022-03-14 00:10:39,159] {processor.py:163} INFO - Started process (PID=5262) to work on /opt/airflow/dags/init.py
[2022-03-14 00:10:39,161] {processor.py:642} INFO - Processing file /opt/airflow/dags/init.py for tasks to queue
[2022-03-14 00:10:39,161] {logging_mixin.py:109} INFO - [2022-03-14 00:10:39,161] {dagbag.py:500} INFO - Filling up the DagBag from /opt/airflow/dags/init.py
[2022-03-14 00:10:39,189] {processor.py:654} INFO - DAG(s) dict_keys(['1_init_once_seed_data']) retrieved from /opt/airflow/dags/init.py
[2022-03-14 00:10:39,196] {logging_mixin.py:109} INFO - [2022-03-14 00:10:39,196] {dag.py:2398} INFO - Sync 1 DAGs
[2022-03-14 00:10:39,210] {logging_mixin.py:109} INFO - [2022-03-14 00:10:39,210] {dag.py:2937} INFO - Setting next_dagrun for 1_init_once_seed_data to None
[2022-03-14 00:10:39,224] {processor.py:171} INFO - Processing /opt/airflow/dags/init.py took 0.068 seconds
[2022-03-14 00:11:09,982] {processor.py:163} INFO - Started process (PID=5323) to work on /opt/airflow/dags/init.py
[2022-03-14 00:11:09,983] {processor.py:642} INFO - Processing file /opt/airflow/dags/init.py for tasks to queue
[2022-03-14 00:11:09,983] {logging_mixin.py:109} INFO - [2022-03-14 00:11:09,983] {dagbag.py:500} INFO - Filling up the DagBag from /opt/airflow/dags/init.py
[2022-03-14 00:11:10,010] {processor.py:654} INFO - DAG(s) dict_keys(['1_init_once_seed_data']) retrieved from /opt/airflow/dags/init.py
[2022-03-14 00:11:10,016] {logging_mixin.py:109} INFO - [2022-03-14 00:11:10,016] {dag.py:2398} INFO - Sync 1 DAGs
[2022-03-14 00:11:10,028] {logging_mixin.py:109} INFO - [2022-03-14 00:11:10,028] {dag.py:2937} INFO - Setting next_dagrun for 1_init_once_seed_data to None
[2022-03-14 00:11:10,047] {processor.py:171} INFO - Processing /opt/airflow/dags/init.py took 0.068 seconds
[2022-03-14 00:11:40,722] {processor.py:163} INFO - Started process (PID=5375) to work on /opt/airflow/dags/init.py
[2022-03-14 00:11:40,722] {processor.py:642} INFO - Processing file /opt/airflow/dags/init.py for tasks to queue
[2022-03-14 00:11:40,723] {logging_mixin.py:109} INFO - [2022-03-14 00:11:40,723] {dagbag.py:500} INFO - Filling up the DagBag from /opt/airflow/dags/init.py
[2022-03-14 00:11:40,746] {processor.py:654} INFO - DAG(s) dict_keys(['1_init_once_seed_data']) retrieved from /opt/airflow/dags/init.py
[2022-03-14 00:11:40,754] {logging_mixin.py:109} INFO - [2022-03-14 00:11:40,753] {dag.py:2398} INFO - Sync 1 DAGs
[2022-03-14 00:11:40,766] {logging_mixin.py:109} INFO - [2022-03-14 00:11:40,766] {dag.py:2937} INFO - Setting next_dagrun for 1_init_once_seed_data to None
[2022-03-14 00:11:40,779] {processor.py:171} INFO - Processing /opt/airflow/dags/init.py took 0.060 seconds
[2022-03-14 00:12:11,582] {processor.py:163} INFO - Started process (PID=5436) to work on /opt/airflow/dags/init.py
[2022-03-14 00:12:11,584] {processor.py:642} INFO - Processing file /opt/airflow/dags/init.py for tasks to queue
[2022-03-14 00:12:11,585] {logging_mixin.py:109} INFO - [2022-03-14 00:12:11,584] {dagbag.py:500} INFO - Filling up the DagBag from /opt/airflow/dags/init.py
[2022-03-14 00:12:11,611] {processor.py:654} INFO - DAG(s) dict_keys(['1_init_once_seed_data']) retrieved from /opt/airflow/dags/init.py
[2022-03-14 00:12:11,617] {logging_mixin.py:109} INFO - [2022-03-14 00:12:11,617] {dag.py:2398} INFO - Sync 1 DAGs
[2022-03-14 00:12:11,629] {logging_mixin.py:109} INFO - [2022-03-14 00:12:11,629] {dag.py:2937} INFO - Setting next_dagrun for 1_init_once_seed_data to None
[2022-03-14 00:12:11,642] {processor.py:171} INFO - Processing /opt/airflow/dags/init.py took 0.062 seconds
[2022-03-14 00:12:42,293] {processor.py:163} INFO - Started process (PID=5488) to work on /opt/airflow/dags/init.py
[2022-03-14 00:12:42,294] {processor.py:642} INFO - Processing file /opt/airflow/dags/init.py for tasks to queue
[2022-03-14 00:12:42,295] {logging_mixin.py:109} INFO - [2022-03-14 00:12:42,294] {dagbag.py:500} INFO - Filling up the DagBag from /opt/airflow/dags/init.py
[2022-03-14 00:12:42,318] {processor.py:654} INFO - DAG(s) dict_keys(['1_init_once_seed_data']) retrieved from /opt/airflow/dags/init.py
[2022-03-14 00:12:42,327] {logging_mixin.py:109} INFO - [2022-03-14 00:12:42,327] {dag.py:2398} INFO - Sync 1 DAGs
[2022-03-14 00:12:42,343] {logging_mixin.py:109} INFO - [2022-03-14 00:12:42,343] {dag.py:2937} INFO - Setting next_dagrun for 1_init_once_seed_data to None
[2022-03-14 00:12:42,357] {processor.py:171} INFO - Processing /opt/airflow/dags/init.py took 0.066 seconds
[2022-03-14 00:13:13,347] {processor.py:163} INFO - Started process (PID=5550) to work on /opt/airflow/dags/init.py
[2022-03-14 00:13:13,353] {processor.py:642} INFO - Processing file /opt/airflow/dags/init.py for tasks to queue
[2022-03-14 00:13:13,353] {logging_mixin.py:109} INFO - [2022-03-14 00:13:13,353] {dagbag.py:500} INFO - Filling up the DagBag from /opt/airflow/dags/init.py
[2022-03-14 00:13:13,375] {processor.py:654} INFO - DAG(s) dict_keys(['1_init_once_seed_data']) retrieved from /opt/airflow/dags/init.py
[2022-03-14 00:13:13,382] {logging_mixin.py:109} INFO - [2022-03-14 00:13:13,382] {dag.py:2398} INFO - Sync 1 DAGs
[2022-03-14 00:13:13,394] {logging_mixin.py:109} INFO - [2022-03-14 00:13:13,394] {dag.py:2937} INFO - Setting next_dagrun for 1_init_once_seed_data to None
[2022-03-14 00:13:13,408] {processor.py:171} INFO - Processing /opt/airflow/dags/init.py took 0.062 seconds
[2022-03-14 00:13:44,208] {processor.py:163} INFO - Started process (PID=5602) to work on /opt/airflow/dags/init.py
[2022-03-14 00:13:44,209] {processor.py:642} INFO - Processing file /opt/airflow/dags/init.py for tasks to queue
[2022-03-14 00:13:44,209] {logging_mixin.py:109} INFO - [2022-03-14 00:13:44,209] {dagbag.py:500} INFO - Filling up the DagBag from /opt/airflow/dags/init.py
[2022-03-14 00:13:44,233] {processor.py:654} INFO - DAG(s) dict_keys(['1_init_once_seed_data']) retrieved from /opt/airflow/dags/init.py
[2022-03-14 00:13:44,243] {logging_mixin.py:109} INFO - [2022-03-14 00:13:44,243] {dag.py:2398} INFO - Sync 1 DAGs
[2022-03-14 00:13:44,256] {logging_mixin.py:109} INFO - [2022-03-14 00:13:44,256] {dag.py:2937} INFO - Setting next_dagrun for 1_init_once_seed_data to None
[2022-03-14 00:13:44,263] {processor.py:171} INFO - Processing /opt/airflow/dags/init.py took 0.058 seconds
[2022-03-14 00:14:15,095] {processor.py:163} INFO - Started process (PID=5665) to work on /opt/airflow/dags/init.py
[2022-03-14 00:14:15,097] {processor.py:642} INFO - Processing file /opt/airflow/dags/init.py for tasks to queue
[2022-03-14 00:14:15,097] {logging_mixin.py:109} INFO - [2022-03-14 00:14:15,097] {dagbag.py:500} INFO - Filling up the DagBag from /opt/airflow/dags/init.py
[2022-03-14 00:14:15,120] {processor.py:654} INFO - DAG(s) dict_keys(['1_init_once_seed_data']) retrieved from /opt/airflow/dags/init.py
[2022-03-14 00:14:15,127] {logging_mixin.py:109} INFO - [2022-03-14 00:14:15,127] {dag.py:2398} INFO - Sync 1 DAGs
[2022-03-14 00:14:15,139] {logging_mixin.py:109} INFO - [2022-03-14 00:14:15,139] {dag.py:2937} INFO - Setting next_dagrun for 1_init_once_seed_data to None
[2022-03-14 00:14:15,152] {processor.py:171} INFO - Processing /opt/airflow/dags/init.py took 0.059 seconds
[2022-03-14 00:14:45,315] {processor.py:163} INFO - Started process (PID=5717) to work on /opt/airflow/dags/init.py
[2022-03-14 00:14:45,316] {processor.py:642} INFO - Processing file /opt/airflow/dags/init.py for tasks to queue
[2022-03-14 00:14:45,316] {logging_mixin.py:109} INFO - [2022-03-14 00:14:45,316] {dagbag.py:500} INFO - Filling up the DagBag from /opt/airflow/dags/init.py
[2022-03-14 00:14:45,339] {processor.py:654} INFO - DAG(s) dict_keys(['1_init_once_seed_data']) retrieved from /opt/airflow/dags/init.py
[2022-03-14 00:14:45,347] {logging_mixin.py:109} INFO - [2022-03-14 00:14:45,347] {dag.py:2398} INFO - Sync 1 DAGs
[2022-03-14 00:14:45,363] {logging_mixin.py:109} INFO - [2022-03-14 00:14:45,363] {dag.py:2937} INFO - Setting next_dagrun for 1_init_once_seed_data to None
[2022-03-14 00:14:45,378] {processor.py:171} INFO - Processing /opt/airflow/dags/init.py took 0.066 seconds
[2022-03-14 00:15:15,415] {processor.py:163} INFO - Started process (PID=5769) to work on /opt/airflow/dags/init.py
[2022-03-14 00:15:15,416] {processor.py:642} INFO - Processing file /opt/airflow/dags/init.py for tasks to queue
[2022-03-14 00:15:15,416] {logging_mixin.py:109} INFO - [2022-03-14 00:15:15,416] {dagbag.py:500} INFO - Filling up the DagBag from /opt/airflow/dags/init.py
[2022-03-14 00:15:15,440] {processor.py:654} INFO - DAG(s) dict_keys(['1_init_once_seed_data']) retrieved from /opt/airflow/dags/init.py
[2022-03-14 00:15:15,448] {logging_mixin.py:109} INFO - [2022-03-14 00:15:15,447] {dag.py:2398} INFO - Sync 1 DAGs
[2022-03-14 00:15:15,460] {logging_mixin.py:109} INFO - [2022-03-14 00:15:15,459] {dag.py:2937} INFO - Setting next_dagrun for 1_init_once_seed_data to None
[2022-03-14 00:15:15,472] {processor.py:171} INFO - Processing /opt/airflow/dags/init.py took 0.059 seconds
[2022-03-14 00:15:45,544] {processor.py:163} INFO - Started process (PID=5830) to work on /opt/airflow/dags/init.py
[2022-03-14 00:15:45,545] {processor.py:642} INFO - Processing file /opt/airflow/dags/init.py for tasks to queue
[2022-03-14 00:15:45,545] {logging_mixin.py:109} INFO - [2022-03-14 00:15:45,545] {dagbag.py:500} INFO - Filling up the DagBag from /opt/airflow/dags/init.py
[2022-03-14 00:15:45,569] {processor.py:654} INFO - DAG(s) dict_keys(['1_init_once_seed_data']) retrieved from /opt/airflow/dags/init.py
[2022-03-14 00:15:45,576] {logging_mixin.py:109} INFO - [2022-03-14 00:15:45,576] {dag.py:2398} INFO - Sync 1 DAGs
[2022-03-14 00:15:45,589] {logging_mixin.py:109} INFO - [2022-03-14 00:15:45,589] {dag.py:2937} INFO - Setting next_dagrun for 1_init_once_seed_data to None
[2022-03-14 00:15:45,605] {processor.py:171} INFO - Processing /opt/airflow/dags/init.py took 0.063 seconds
[2022-03-14 00:16:16,470] {processor.py:163} INFO - Started process (PID=5882) to work on /opt/airflow/dags/init.py
[2022-03-14 00:16:16,472] {processor.py:642} INFO - Processing file /opt/airflow/dags/init.py for tasks to queue
[2022-03-14 00:16:16,473] {logging_mixin.py:109} INFO - [2022-03-14 00:16:16,472] {dagbag.py:500} INFO - Filling up the DagBag from /opt/airflow/dags/init.py
[2022-03-14 00:16:16,500] {processor.py:654} INFO - DAG(s) dict_keys(['1_init_once_seed_data']) retrieved from /opt/airflow/dags/init.py
[2022-03-14 00:16:16,507] {logging_mixin.py:109} INFO - [2022-03-14 00:16:16,507] {dag.py:2398} INFO - Sync 1 DAGs
[2022-03-14 00:16:16,520] {logging_mixin.py:109} INFO - [2022-03-14 00:16:16,520] {dag.py:2937} INFO - Setting next_dagrun for 1_init_once_seed_data to None
[2022-03-14 00:16:16,533] {processor.py:171} INFO - Processing /opt/airflow/dags/init.py took 0.065 seconds
[2022-03-14 00:16:47,007] {processor.py:163} INFO - Started process (PID=5944) to work on /opt/airflow/dags/init.py
[2022-03-14 00:16:47,007] {processor.py:642} INFO - Processing file /opt/airflow/dags/init.py for tasks to queue
[2022-03-14 00:16:47,008] {logging_mixin.py:109} INFO - [2022-03-14 00:16:47,008] {dagbag.py:500} INFO - Filling up the DagBag from /opt/airflow/dags/init.py
[2022-03-14 00:16:47,032] {processor.py:654} INFO - DAG(s) dict_keys(['1_init_once_seed_data']) retrieved from /opt/airflow/dags/init.py
[2022-03-14 00:16:47,039] {logging_mixin.py:109} INFO - [2022-03-14 00:16:47,038] {dag.py:2398} INFO - Sync 1 DAGs
[2022-03-14 00:16:47,051] {logging_mixin.py:109} INFO - [2022-03-14 00:16:47,051] {dag.py:2937} INFO - Setting next_dagrun for 1_init_once_seed_data to None
[2022-03-14 00:16:47,065] {processor.py:171} INFO - Processing /opt/airflow/dags/init.py took 0.060 seconds
[2022-03-14 00:17:17,903] {processor.py:163} INFO - Started process (PID=5996) to work on /opt/airflow/dags/init.py
[2022-03-14 00:17:17,904] {processor.py:642} INFO - Processing file /opt/airflow/dags/init.py for tasks to queue
[2022-03-14 00:17:17,905] {logging_mixin.py:109} INFO - [2022-03-14 00:17:17,905] {dagbag.py:500} INFO - Filling up the DagBag from /opt/airflow/dags/init.py
[2022-03-14 00:17:17,932] {processor.py:654} INFO - DAG(s) dict_keys(['1_init_once_seed_data']) retrieved from /opt/airflow/dags/init.py
[2022-03-14 00:17:17,939] {logging_mixin.py:109} INFO - [2022-03-14 00:17:17,939] {dag.py:2398} INFO - Sync 1 DAGs
[2022-03-14 00:17:17,950] {logging_mixin.py:109} INFO - [2022-03-14 00:17:17,950] {dag.py:2937} INFO - Setting next_dagrun for 1_init_once_seed_data to None
[2022-03-14 00:17:17,963] {processor.py:171} INFO - Processing /opt/airflow/dags/init.py took 0.063 seconds
[2022-03-14 00:17:48,495] {processor.py:163} INFO - Started process (PID=6057) to work on /opt/airflow/dags/init.py
[2022-03-14 00:17:48,496] {processor.py:642} INFO - Processing file /opt/airflow/dags/init.py for tasks to queue
[2022-03-14 00:17:48,496] {logging_mixin.py:109} INFO - [2022-03-14 00:17:48,496] {dagbag.py:500} INFO - Filling up the DagBag from /opt/airflow/dags/init.py
[2022-03-14 00:17:48,523] {processor.py:654} INFO - DAG(s) dict_keys(['1_init_once_seed_data']) retrieved from /opt/airflow/dags/init.py
[2022-03-14 00:17:48,533] {logging_mixin.py:109} INFO - [2022-03-14 00:17:48,533] {dag.py:2398} INFO - Sync 1 DAGs
[2022-03-14 00:17:48,548] {logging_mixin.py:109} INFO - [2022-03-14 00:17:48,548] {dag.py:2937} INFO - Setting next_dagrun for 1_init_once_seed_data to None
[2022-03-14 00:17:48,566] {processor.py:171} INFO - Processing /opt/airflow/dags/init.py took 0.073 seconds
[2022-03-14 00:18:19,539] {processor.py:163} INFO - Started process (PID=6109) to work on /opt/airflow/dags/init.py
[2022-03-14 00:18:19,541] {processor.py:642} INFO - Processing file /opt/airflow/dags/init.py for tasks to queue
[2022-03-14 00:18:19,541] {logging_mixin.py:109} INFO - [2022-03-14 00:18:19,541] {dagbag.py:500} INFO - Filling up the DagBag from /opt/airflow/dags/init.py
[2022-03-14 00:18:19,565] {processor.py:654} INFO - DAG(s) dict_keys(['1_init_once_seed_data']) retrieved from /opt/airflow/dags/init.py
[2022-03-14 00:18:19,572] {logging_mixin.py:109} INFO - [2022-03-14 00:18:19,572] {dag.py:2398} INFO - Sync 1 DAGs
[2022-03-14 00:18:19,583] {logging_mixin.py:109} INFO - [2022-03-14 00:18:19,583] {dag.py:2937} INFO - Setting next_dagrun for 1_init_once_seed_data to None
[2022-03-14 00:18:19,596] {processor.py:171} INFO - Processing /opt/airflow/dags/init.py took 0.059 seconds
[2022-03-14 00:18:50,381] {processor.py:163} INFO - Started process (PID=6171) to work on /opt/airflow/dags/init.py
[2022-03-14 00:18:50,381] {processor.py:642} INFO - Processing file /opt/airflow/dags/init.py for tasks to queue
[2022-03-14 00:18:50,382] {logging_mixin.py:109} INFO - [2022-03-14 00:18:50,382] {dagbag.py:500} INFO - Filling up the DagBag from /opt/airflow/dags/init.py
[2022-03-14 00:18:50,407] {processor.py:654} INFO - DAG(s) dict_keys(['1_init_once_seed_data']) retrieved from /opt/airflow/dags/init.py
[2022-03-14 00:18:50,417] {logging_mixin.py:109} INFO - [2022-03-14 00:18:50,416] {dag.py:2398} INFO - Sync 1 DAGs
[2022-03-14 00:18:50,434] {logging_mixin.py:109} INFO - [2022-03-14 00:18:50,434] {dag.py:2937} INFO - Setting next_dagrun for 1_init_once_seed_data to None
[2022-03-14 00:18:50,459] {processor.py:171} INFO - Processing /opt/airflow/dags/init.py took 0.080 seconds
[2022-03-14 00:19:21,331] {processor.py:163} INFO - Started process (PID=6223) to work on /opt/airflow/dags/init.py
[2022-03-14 00:19:21,332] {processor.py:642} INFO - Processing file /opt/airflow/dags/init.py for tasks to queue
[2022-03-14 00:19:21,333] {logging_mixin.py:109} INFO - [2022-03-14 00:19:21,332] {dagbag.py:500} INFO - Filling up the DagBag from /opt/airflow/dags/init.py
[2022-03-14 00:19:21,356] {processor.py:654} INFO - DAG(s) dict_keys(['1_init_once_seed_data']) retrieved from /opt/airflow/dags/init.py
[2022-03-14 00:19:21,362] {logging_mixin.py:109} INFO - [2022-03-14 00:19:21,362] {dag.py:2398} INFO - Sync 1 DAGs
[2022-03-14 00:19:21,374] {logging_mixin.py:109} INFO - [2022-03-14 00:19:21,374] {dag.py:2937} INFO - Setting next_dagrun for 1_init_once_seed_data to None
[2022-03-14 00:19:21,387] {processor.py:171} INFO - Processing /opt/airflow/dags/init.py took 0.058 seconds
[2022-03-14 00:19:52,209] {processor.py:163} INFO - Started process (PID=6285) to work on /opt/airflow/dags/init.py
[2022-03-14 00:19:52,209] {processor.py:642} INFO - Processing file /opt/airflow/dags/init.py for tasks to queue
[2022-03-14 00:19:52,210] {logging_mixin.py:109} INFO - [2022-03-14 00:19:52,210] {dagbag.py:500} INFO - Filling up the DagBag from /opt/airflow/dags/init.py
[2022-03-14 00:19:52,233] {processor.py:654} INFO - DAG(s) dict_keys(['1_init_once_seed_data']) retrieved from /opt/airflow/dags/init.py
[2022-03-14 00:19:52,240] {logging_mixin.py:109} INFO - [2022-03-14 00:19:52,240] {dag.py:2398} INFO - Sync 1 DAGs
[2022-03-14 00:19:52,251] {logging_mixin.py:109} INFO - [2022-03-14 00:19:52,251] {dag.py:2937} INFO - Setting next_dagrun for 1_init_once_seed_data to None
[2022-03-14 00:19:52,264] {processor.py:171} INFO - Processing /opt/airflow/dags/init.py took 0.058 seconds
[2022-03-14 00:20:22,932] {processor.py:163} INFO - Started process (PID=6337) to work on /opt/airflow/dags/init.py
[2022-03-14 00:20:22,933] {processor.py:642} INFO - Processing file /opt/airflow/dags/init.py for tasks to queue
[2022-03-14 00:20:22,933] {logging_mixin.py:109} INFO - [2022-03-14 00:20:22,933] {dagbag.py:500} INFO - Filling up the DagBag from /opt/airflow/dags/init.py
[2022-03-14 00:20:22,958] {processor.py:654} INFO - DAG(s) dict_keys(['1_init_once_seed_data']) retrieved from /opt/airflow/dags/init.py
[2022-03-14 00:20:22,965] {logging_mixin.py:109} INFO - [2022-03-14 00:20:22,964] {dag.py:2398} INFO - Sync 1 DAGs
[2022-03-14 00:20:22,982] {logging_mixin.py:109} INFO - [2022-03-14 00:20:22,982] {dag.py:2937} INFO - Setting next_dagrun for 1_init_once_seed_data to None
[2022-03-14 00:20:22,995] {processor.py:171} INFO - Processing /opt/airflow/dags/init.py took 0.065 seconds
[2022-03-14 00:20:53,811] {processor.py:163} INFO - Started process (PID=6389) to work on /opt/airflow/dags/init.py
[2022-03-14 00:20:53,818] {processor.py:642} INFO - Processing file /opt/airflow/dags/init.py for tasks to queue
[2022-03-14 00:20:53,818] {logging_mixin.py:109} INFO - [2022-03-14 00:20:53,818] {dagbag.py:500} INFO - Filling up the DagBag from /opt/airflow/dags/init.py
[2022-03-14 00:20:53,845] {processor.py:654} INFO - DAG(s) dict_keys(['1_init_once_seed_data']) retrieved from /opt/airflow/dags/init.py
[2022-03-14 00:20:53,852] {logging_mixin.py:109} INFO - [2022-03-14 00:20:53,852] {dag.py:2398} INFO - Sync 1 DAGs
[2022-03-14 00:20:53,864] {logging_mixin.py:109} INFO - [2022-03-14 00:20:53,864] {dag.py:2937} INFO - Setting next_dagrun for 1_init_once_seed_data to None
[2022-03-14 00:20:53,872] {processor.py:171} INFO - Processing /opt/airflow/dags/init.py took 0.064 seconds
[2022-03-14 00:21:24,629] {processor.py:163} INFO - Started process (PID=6451) to work on /opt/airflow/dags/init.py
[2022-03-14 00:21:24,631] {processor.py:642} INFO - Processing file /opt/airflow/dags/init.py for tasks to queue
[2022-03-14 00:21:24,631] {logging_mixin.py:109} INFO - [2022-03-14 00:21:24,631] {dagbag.py:500} INFO - Filling up the DagBag from /opt/airflow/dags/init.py
[2022-03-14 00:21:24,658] {processor.py:654} INFO - DAG(s) dict_keys(['1_init_once_seed_data']) retrieved from /opt/airflow/dags/init.py
[2022-03-14 00:21:24,666] {logging_mixin.py:109} INFO - [2022-03-14 00:21:24,666] {dag.py:2398} INFO - Sync 1 DAGs
[2022-03-14 00:21:24,679] {logging_mixin.py:109} INFO - [2022-03-14 00:21:24,679] {dag.py:2937} INFO - Setting next_dagrun for 1_init_once_seed_data to None
[2022-03-14 00:21:24,693] {processor.py:171} INFO - Processing /opt/airflow/dags/init.py took 0.067 seconds
[2022-03-14 00:21:55,608] {processor.py:163} INFO - Started process (PID=6503) to work on /opt/airflow/dags/init.py
[2022-03-14 00:21:55,610] {processor.py:642} INFO - Processing file /opt/airflow/dags/init.py for tasks to queue
[2022-03-14 00:21:55,610] {logging_mixin.py:109} INFO - [2022-03-14 00:21:55,610] {dagbag.py:500} INFO - Filling up the DagBag from /opt/airflow/dags/init.py
[2022-03-14 00:21:55,634] {processor.py:654} INFO - DAG(s) dict_keys(['1_init_once_seed_data']) retrieved from /opt/airflow/dags/init.py
[2022-03-14 00:21:55,644] {logging_mixin.py:109} INFO - [2022-03-14 00:21:55,644] {dag.py:2398} INFO - Sync 1 DAGs
[2022-03-14 00:21:55,662] {logging_mixin.py:109} INFO - [2022-03-14 00:21:55,661] {dag.py:2937} INFO - Setting next_dagrun for 1_init_once_seed_data to None
[2022-03-14 00:21:55,676] {processor.py:171} INFO - Processing /opt/airflow/dags/init.py took 0.070 seconds
[2022-03-14 00:22:26,549] {processor.py:163} INFO - Started process (PID=6567) to work on /opt/airflow/dags/init.py
[2022-03-14 00:22:26,551] {processor.py:642} INFO - Processing file /opt/airflow/dags/init.py for tasks to queue
[2022-03-14 00:22:26,551] {logging_mixin.py:109} INFO - [2022-03-14 00:22:26,551] {dagbag.py:500} INFO - Filling up the DagBag from /opt/airflow/dags/init.py
[2022-03-14 00:22:26,576] {processor.py:654} INFO - DAG(s) dict_keys(['1_init_once_seed_data']) retrieved from /opt/airflow/dags/init.py
[2022-03-14 00:22:26,585] {logging_mixin.py:109} INFO - [2022-03-14 00:22:26,585] {dag.py:2398} INFO - Sync 1 DAGs
[2022-03-14 00:22:26,601] {logging_mixin.py:109} INFO - [2022-03-14 00:22:26,601] {dag.py:2937} INFO - Setting next_dagrun for 1_init_once_seed_data to None
[2022-03-14 00:22:26,616] {processor.py:171} INFO - Processing /opt/airflow/dags/init.py took 0.069 seconds
