[2022-03-14 00:00:23,106] {processor.py:163} INFO - Started process (PID=4139) to work on /opt/airflow/dags/transform_and_analysis.py
[2022-03-14 00:00:23,107] {processor.py:642} INFO - Processing file /opt/airflow/dags/transform_and_analysis.py for tasks to queue
[2022-03-14 00:00:23,107] {logging_mixin.py:109} INFO - [2022-03-14 00:00:23,107] {dagbag.py:500} INFO - Filling up the DagBag from /opt/airflow/dags/transform_and_analysis.py
[2022-03-14 00:00:23,133] {processor.py:654} INFO - DAG(s) dict_keys(['2_daily_transformation_analysis']) retrieved from /opt/airflow/dags/transform_and_analysis.py
[2022-03-14 00:00:23,143] {logging_mixin.py:109} INFO - [2022-03-14 00:00:23,142] {dag.py:2398} INFO - Sync 1 DAGs
[2022-03-14 00:00:23,157] {logging_mixin.py:109} INFO - [2022-03-14 00:00:23,157] {dag.py:2937} INFO - Setting next_dagrun for 2_daily_transformation_analysis to None
[2022-03-14 00:00:23,177] {processor.py:171} INFO - Processing /opt/airflow/dags/transform_and_analysis.py took 0.073 seconds
[2022-03-14 00:00:54,162] {processor.py:163} INFO - Started process (PID=4200) to work on /opt/airflow/dags/transform_and_analysis.py
[2022-03-14 00:00:54,162] {processor.py:642} INFO - Processing file /opt/airflow/dags/transform_and_analysis.py for tasks to queue
[2022-03-14 00:00:54,163] {logging_mixin.py:109} INFO - [2022-03-14 00:00:54,162] {dagbag.py:500} INFO - Filling up the DagBag from /opt/airflow/dags/transform_and_analysis.py
[2022-03-14 00:00:54,187] {processor.py:654} INFO - DAG(s) dict_keys(['2_daily_transformation_analysis']) retrieved from /opt/airflow/dags/transform_and_analysis.py
[2022-03-14 00:00:54,195] {logging_mixin.py:109} INFO - [2022-03-14 00:00:54,195] {dag.py:2398} INFO - Sync 1 DAGs
[2022-03-14 00:00:54,208] {logging_mixin.py:109} INFO - [2022-03-14 00:00:54,208] {dag.py:2937} INFO - Setting next_dagrun for 2_daily_transformation_analysis to None
[2022-03-14 00:00:54,220] {processor.py:171} INFO - Processing /opt/airflow/dags/transform_and_analysis.py took 0.060 seconds
[2022-03-14 00:01:25,070] {processor.py:163} INFO - Started process (PID=4252) to work on /opt/airflow/dags/transform_and_analysis.py
[2022-03-14 00:01:25,071] {processor.py:642} INFO - Processing file /opt/airflow/dags/transform_and_analysis.py for tasks to queue
[2022-03-14 00:01:25,072] {logging_mixin.py:109} INFO - [2022-03-14 00:01:25,071] {dagbag.py:500} INFO - Filling up the DagBag from /opt/airflow/dags/transform_and_analysis.py
[2022-03-14 00:01:25,098] {processor.py:654} INFO - DAG(s) dict_keys(['2_daily_transformation_analysis']) retrieved from /opt/airflow/dags/transform_and_analysis.py
[2022-03-14 00:01:25,104] {logging_mixin.py:109} INFO - [2022-03-14 00:01:25,104] {dag.py:2398} INFO - Sync 1 DAGs
[2022-03-14 00:01:25,116] {logging_mixin.py:109} INFO - [2022-03-14 00:01:25,116] {dag.py:2937} INFO - Setting next_dagrun for 2_daily_transformation_analysis to None
[2022-03-14 00:01:25,130] {processor.py:171} INFO - Processing /opt/airflow/dags/transform_and_analysis.py took 0.063 seconds
[2022-03-14 00:01:55,936] {processor.py:163} INFO - Started process (PID=4313) to work on /opt/airflow/dags/transform_and_analysis.py
[2022-03-14 00:01:55,937] {processor.py:642} INFO - Processing file /opt/airflow/dags/transform_and_analysis.py for tasks to queue
[2022-03-14 00:01:55,937] {logging_mixin.py:109} INFO - [2022-03-14 00:01:55,937] {dagbag.py:500} INFO - Filling up the DagBag from /opt/airflow/dags/transform_and_analysis.py
[2022-03-14 00:01:55,964] {processor.py:654} INFO - DAG(s) dict_keys(['2_daily_transformation_analysis']) retrieved from /opt/airflow/dags/transform_and_analysis.py
[2022-03-14 00:01:55,973] {logging_mixin.py:109} INFO - [2022-03-14 00:01:55,973] {dag.py:2398} INFO - Sync 1 DAGs
[2022-03-14 00:01:55,990] {logging_mixin.py:109} INFO - [2022-03-14 00:01:55,990] {dag.py:2937} INFO - Setting next_dagrun for 2_daily_transformation_analysis to None
[2022-03-14 00:01:56,005] {processor.py:171} INFO - Processing /opt/airflow/dags/transform_and_analysis.py took 0.070 seconds
[2022-03-14 00:02:26,709] {processor.py:163} INFO - Started process (PID=4366) to work on /opt/airflow/dags/transform_and_analysis.py
[2022-03-14 00:02:26,710] {processor.py:642} INFO - Processing file /opt/airflow/dags/transform_and_analysis.py for tasks to queue
[2022-03-14 00:02:26,710] {logging_mixin.py:109} INFO - [2022-03-14 00:02:26,710] {dagbag.py:500} INFO - Filling up the DagBag from /opt/airflow/dags/transform_and_analysis.py
[2022-03-14 00:02:26,732] {processor.py:654} INFO - DAG(s) dict_keys(['2_daily_transformation_analysis']) retrieved from /opt/airflow/dags/transform_and_analysis.py
[2022-03-14 00:02:26,739] {logging_mixin.py:109} INFO - [2022-03-14 00:02:26,738] {dag.py:2398} INFO - Sync 1 DAGs
[2022-03-14 00:02:26,750] {logging_mixin.py:109} INFO - [2022-03-14 00:02:26,750] {dag.py:2937} INFO - Setting next_dagrun for 2_daily_transformation_analysis to None
[2022-03-14 00:02:26,764] {processor.py:171} INFO - Processing /opt/airflow/dags/transform_and_analysis.py took 0.057 seconds
[2022-03-14 00:02:57,209] {processor.py:163} INFO - Started process (PID=4418) to work on /opt/airflow/dags/transform_and_analysis.py
[2022-03-14 00:02:57,210] {processor.py:642} INFO - Processing file /opt/airflow/dags/transform_and_analysis.py for tasks to queue
[2022-03-14 00:02:57,211] {logging_mixin.py:109} INFO - [2022-03-14 00:02:57,211] {dagbag.py:500} INFO - Filling up the DagBag from /opt/airflow/dags/transform_and_analysis.py
[2022-03-14 00:02:57,239] {processor.py:654} INFO - DAG(s) dict_keys(['2_daily_transformation_analysis']) retrieved from /opt/airflow/dags/transform_and_analysis.py
[2022-03-14 00:02:57,246] {logging_mixin.py:109} INFO - [2022-03-14 00:02:57,246] {dag.py:2398} INFO - Sync 1 DAGs
[2022-03-14 00:02:57,258] {logging_mixin.py:109} INFO - [2022-03-14 00:02:57,258] {dag.py:2937} INFO - Setting next_dagrun for 2_daily_transformation_analysis to None
[2022-03-14 00:02:57,272] {processor.py:171} INFO - Processing /opt/airflow/dags/transform_and_analysis.py took 0.065 seconds
[2022-03-14 00:03:28,125] {processor.py:163} INFO - Started process (PID=4480) to work on /opt/airflow/dags/transform_and_analysis.py
[2022-03-14 00:03:28,126] {processor.py:642} INFO - Processing file /opt/airflow/dags/transform_and_analysis.py for tasks to queue
[2022-03-14 00:03:28,126] {logging_mixin.py:109} INFO - [2022-03-14 00:03:28,126] {dagbag.py:500} INFO - Filling up the DagBag from /opt/airflow/dags/transform_and_analysis.py
[2022-03-14 00:03:28,151] {processor.py:654} INFO - DAG(s) dict_keys(['2_daily_transformation_analysis']) retrieved from /opt/airflow/dags/transform_and_analysis.py
[2022-03-14 00:03:28,158] {logging_mixin.py:109} INFO - [2022-03-14 00:03:28,158] {dag.py:2398} INFO - Sync 1 DAGs
[2022-03-14 00:03:28,169] {logging_mixin.py:109} INFO - [2022-03-14 00:03:28,169] {dag.py:2937} INFO - Setting next_dagrun for 2_daily_transformation_analysis to None
[2022-03-14 00:03:28,191] {processor.py:171} INFO - Processing /opt/airflow/dags/transform_and_analysis.py took 0.069 seconds
[2022-03-14 00:03:59,122] {processor.py:163} INFO - Started process (PID=4532) to work on /opt/airflow/dags/transform_and_analysis.py
[2022-03-14 00:03:59,123] {processor.py:642} INFO - Processing file /opt/airflow/dags/transform_and_analysis.py for tasks to queue
[2022-03-14 00:03:59,123] {logging_mixin.py:109} INFO - [2022-03-14 00:03:59,123] {dagbag.py:500} INFO - Filling up the DagBag from /opt/airflow/dags/transform_and_analysis.py
[2022-03-14 00:03:59,150] {processor.py:654} INFO - DAG(s) dict_keys(['2_daily_transformation_analysis']) retrieved from /opt/airflow/dags/transform_and_analysis.py
[2022-03-14 00:03:59,158] {logging_mixin.py:109} INFO - [2022-03-14 00:03:59,158] {dag.py:2398} INFO - Sync 1 DAGs
[2022-03-14 00:03:59,171] {logging_mixin.py:109} INFO - [2022-03-14 00:03:59,171] {dag.py:2937} INFO - Setting next_dagrun for 2_daily_transformation_analysis to None
[2022-03-14 00:03:59,191] {processor.py:171} INFO - Processing /opt/airflow/dags/transform_and_analysis.py took 0.072 seconds
[2022-03-14 00:04:29,228] {processor.py:163} INFO - Started process (PID=4593) to work on /opt/airflow/dags/transform_and_analysis.py
[2022-03-14 00:04:29,229] {processor.py:642} INFO - Processing file /opt/airflow/dags/transform_and_analysis.py for tasks to queue
[2022-03-14 00:04:29,229] {logging_mixin.py:109} INFO - [2022-03-14 00:04:29,229] {dagbag.py:500} INFO - Filling up the DagBag from /opt/airflow/dags/transform_and_analysis.py
[2022-03-14 00:04:29,252] {processor.py:654} INFO - DAG(s) dict_keys(['2_daily_transformation_analysis']) retrieved from /opt/airflow/dags/transform_and_analysis.py
[2022-03-14 00:04:29,260] {logging_mixin.py:109} INFO - [2022-03-14 00:04:29,260] {dag.py:2398} INFO - Sync 1 DAGs
[2022-03-14 00:04:29,273] {logging_mixin.py:109} INFO - [2022-03-14 00:04:29,273] {dag.py:2937} INFO - Setting next_dagrun for 2_daily_transformation_analysis to None
[2022-03-14 00:04:29,286] {processor.py:171} INFO - Processing /opt/airflow/dags/transform_and_analysis.py took 0.061 seconds
[2022-03-14 00:04:59,909] {processor.py:163} INFO - Started process (PID=4645) to work on /opt/airflow/dags/transform_and_analysis.py
[2022-03-14 00:04:59,910] {processor.py:642} INFO - Processing file /opt/airflow/dags/transform_and_analysis.py for tasks to queue
[2022-03-14 00:04:59,910] {logging_mixin.py:109} INFO - [2022-03-14 00:04:59,910] {dagbag.py:500} INFO - Filling up the DagBag from /opt/airflow/dags/transform_and_analysis.py
[2022-03-14 00:04:59,933] {processor.py:654} INFO - DAG(s) dict_keys(['2_daily_transformation_analysis']) retrieved from /opt/airflow/dags/transform_and_analysis.py
[2022-03-14 00:04:59,939] {logging_mixin.py:109} INFO - [2022-03-14 00:04:59,939] {dag.py:2398} INFO - Sync 1 DAGs
[2022-03-14 00:04:59,951] {logging_mixin.py:109} INFO - [2022-03-14 00:04:59,951] {dag.py:2937} INFO - Setting next_dagrun for 2_daily_transformation_analysis to None
[2022-03-14 00:04:59,966] {processor.py:171} INFO - Processing /opt/airflow/dags/transform_and_analysis.py took 0.059 seconds
[2022-03-14 00:05:30,849] {processor.py:163} INFO - Started process (PID=4706) to work on /opt/airflow/dags/transform_and_analysis.py
[2022-03-14 00:05:30,850] {processor.py:642} INFO - Processing file /opt/airflow/dags/transform_and_analysis.py for tasks to queue
[2022-03-14 00:05:30,851] {logging_mixin.py:109} INFO - [2022-03-14 00:05:30,851] {dagbag.py:500} INFO - Filling up the DagBag from /opt/airflow/dags/transform_and_analysis.py
[2022-03-14 00:05:30,878] {processor.py:654} INFO - DAG(s) dict_keys(['2_daily_transformation_analysis']) retrieved from /opt/airflow/dags/transform_and_analysis.py
[2022-03-14 00:05:30,886] {logging_mixin.py:109} INFO - [2022-03-14 00:05:30,886] {dag.py:2398} INFO - Sync 1 DAGs
[2022-03-14 00:05:30,899] {logging_mixin.py:109} INFO - [2022-03-14 00:05:30,899] {dag.py:2937} INFO - Setting next_dagrun for 2_daily_transformation_analysis to None
[2022-03-14 00:05:30,920] {processor.py:171} INFO - Processing /opt/airflow/dags/transform_and_analysis.py took 0.073 seconds
[2022-03-14 00:06:01,630] {processor.py:163} INFO - Started process (PID=4758) to work on /opt/airflow/dags/transform_and_analysis.py
[2022-03-14 00:06:01,631] {processor.py:642} INFO - Processing file /opt/airflow/dags/transform_and_analysis.py for tasks to queue
[2022-03-14 00:06:01,632] {logging_mixin.py:109} INFO - [2022-03-14 00:06:01,632] {dagbag.py:500} INFO - Filling up the DagBag from /opt/airflow/dags/transform_and_analysis.py
[2022-03-14 00:06:01,655] {processor.py:654} INFO - DAG(s) dict_keys(['2_daily_transformation_analysis']) retrieved from /opt/airflow/dags/transform_and_analysis.py
[2022-03-14 00:06:01,661] {logging_mixin.py:109} INFO - [2022-03-14 00:06:01,661] {dag.py:2398} INFO - Sync 1 DAGs
[2022-03-14 00:06:01,672] {logging_mixin.py:109} INFO - [2022-03-14 00:06:01,672] {dag.py:2937} INFO - Setting next_dagrun for 2_daily_transformation_analysis to None
[2022-03-14 00:06:01,685] {processor.py:171} INFO - Processing /opt/airflow/dags/transform_and_analysis.py took 0.057 seconds
[2022-03-14 00:06:32,361] {processor.py:163} INFO - Started process (PID=4819) to work on /opt/airflow/dags/transform_and_analysis.py
[2022-03-14 00:06:32,362] {processor.py:642} INFO - Processing file /opt/airflow/dags/transform_and_analysis.py for tasks to queue
[2022-03-14 00:06:32,362] {logging_mixin.py:109} INFO - [2022-03-14 00:06:32,362] {dagbag.py:500} INFO - Filling up the DagBag from /opt/airflow/dags/transform_and_analysis.py
[2022-03-14 00:06:32,387] {processor.py:654} INFO - DAG(s) dict_keys(['2_daily_transformation_analysis']) retrieved from /opt/airflow/dags/transform_and_analysis.py
[2022-03-14 00:06:32,394] {logging_mixin.py:109} INFO - [2022-03-14 00:06:32,394] {dag.py:2398} INFO - Sync 1 DAGs
[2022-03-14 00:06:32,406] {logging_mixin.py:109} INFO - [2022-03-14 00:06:32,406] {dag.py:2937} INFO - Setting next_dagrun for 2_daily_transformation_analysis to None
[2022-03-14 00:06:32,420] {processor.py:171} INFO - Processing /opt/airflow/dags/transform_and_analysis.py took 0.062 seconds
[2022-03-14 00:07:03,114] {processor.py:163} INFO - Started process (PID=4871) to work on /opt/airflow/dags/transform_and_analysis.py
[2022-03-14 00:07:03,115] {processor.py:642} INFO - Processing file /opt/airflow/dags/transform_and_analysis.py for tasks to queue
[2022-03-14 00:07:03,115] {logging_mixin.py:109} INFO - [2022-03-14 00:07:03,115] {dagbag.py:500} INFO - Filling up the DagBag from /opt/airflow/dags/transform_and_analysis.py
[2022-03-14 00:07:03,139] {processor.py:654} INFO - DAG(s) dict_keys(['2_daily_transformation_analysis']) retrieved from /opt/airflow/dags/transform_and_analysis.py
[2022-03-14 00:07:03,145] {logging_mixin.py:109} INFO - [2022-03-14 00:07:03,145] {dag.py:2398} INFO - Sync 1 DAGs
[2022-03-14 00:07:03,157] {logging_mixin.py:109} INFO - [2022-03-14 00:07:03,157] {dag.py:2937} INFO - Setting next_dagrun for 2_daily_transformation_analysis to None
[2022-03-14 00:07:03,170] {processor.py:171} INFO - Processing /opt/airflow/dags/transform_and_analysis.py took 0.058 seconds
[2022-03-14 00:07:34,091] {processor.py:163} INFO - Started process (PID=4932) to work on /opt/airflow/dags/transform_and_analysis.py
[2022-03-14 00:07:34,092] {processor.py:642} INFO - Processing file /opt/airflow/dags/transform_and_analysis.py for tasks to queue
[2022-03-14 00:07:34,093] {logging_mixin.py:109} INFO - [2022-03-14 00:07:34,093] {dagbag.py:500} INFO - Filling up the DagBag from /opt/airflow/dags/transform_and_analysis.py
[2022-03-14 00:07:34,118] {processor.py:654} INFO - DAG(s) dict_keys(['2_daily_transformation_analysis']) retrieved from /opt/airflow/dags/transform_and_analysis.py
[2022-03-14 00:07:34,129] {logging_mixin.py:109} INFO - [2022-03-14 00:07:34,129] {dag.py:2398} INFO - Sync 1 DAGs
[2022-03-14 00:07:34,143] {logging_mixin.py:109} INFO - [2022-03-14 00:07:34,143] {dag.py:2937} INFO - Setting next_dagrun for 2_daily_transformation_analysis to None
[2022-03-14 00:07:34,152] {processor.py:171} INFO - Processing /opt/airflow/dags/transform_and_analysis.py took 0.062 seconds
[2022-03-14 00:08:05,050] {processor.py:163} INFO - Started process (PID=4984) to work on /opt/airflow/dags/transform_and_analysis.py
[2022-03-14 00:08:05,051] {processor.py:642} INFO - Processing file /opt/airflow/dags/transform_and_analysis.py for tasks to queue
[2022-03-14 00:08:05,051] {logging_mixin.py:109} INFO - [2022-03-14 00:08:05,051] {dagbag.py:500} INFO - Filling up the DagBag from /opt/airflow/dags/transform_and_analysis.py
[2022-03-14 00:08:05,073] {processor.py:654} INFO - DAG(s) dict_keys(['2_daily_transformation_analysis']) retrieved from /opt/airflow/dags/transform_and_analysis.py
[2022-03-14 00:08:05,079] {logging_mixin.py:109} INFO - [2022-03-14 00:08:05,079] {dag.py:2398} INFO - Sync 1 DAGs
[2022-03-14 00:08:05,090] {logging_mixin.py:109} INFO - [2022-03-14 00:08:05,090] {dag.py:2937} INFO - Setting next_dagrun for 2_daily_transformation_analysis to None
[2022-03-14 00:08:05,103] {processor.py:171} INFO - Processing /opt/airflow/dags/transform_and_analysis.py took 0.055 seconds
[2022-03-14 00:08:36,089] {processor.py:163} INFO - Started process (PID=5036) to work on /opt/airflow/dags/transform_and_analysis.py
[2022-03-14 00:08:36,090] {processor.py:642} INFO - Processing file /opt/airflow/dags/transform_and_analysis.py for tasks to queue
[2022-03-14 00:08:36,090] {logging_mixin.py:109} INFO - [2022-03-14 00:08:36,090] {dagbag.py:500} INFO - Filling up the DagBag from /opt/airflow/dags/transform_and_analysis.py
[2022-03-14 00:08:36,116] {processor.py:654} INFO - DAG(s) dict_keys(['2_daily_transformation_analysis']) retrieved from /opt/airflow/dags/transform_and_analysis.py
[2022-03-14 00:08:36,122] {logging_mixin.py:109} INFO - [2022-03-14 00:08:36,122] {dag.py:2398} INFO - Sync 1 DAGs
[2022-03-14 00:08:36,134] {logging_mixin.py:109} INFO - [2022-03-14 00:08:36,134] {dag.py:2937} INFO - Setting next_dagrun for 2_daily_transformation_analysis to None
[2022-03-14 00:08:36,165] {processor.py:171} INFO - Processing /opt/airflow/dags/transform_and_analysis.py took 0.079 seconds
[2022-03-14 00:09:06,811] {processor.py:163} INFO - Started process (PID=5098) to work on /opt/airflow/dags/transform_and_analysis.py
[2022-03-14 00:09:06,812] {processor.py:642} INFO - Processing file /opt/airflow/dags/transform_and_analysis.py for tasks to queue
[2022-03-14 00:09:06,812] {logging_mixin.py:109} INFO - [2022-03-14 00:09:06,812] {dagbag.py:500} INFO - Filling up the DagBag from /opt/airflow/dags/transform_and_analysis.py
[2022-03-14 00:09:06,837] {processor.py:654} INFO - DAG(s) dict_keys(['2_daily_transformation_analysis']) retrieved from /opt/airflow/dags/transform_and_analysis.py
[2022-03-14 00:09:06,844] {logging_mixin.py:109} INFO - [2022-03-14 00:09:06,844] {dag.py:2398} INFO - Sync 1 DAGs
[2022-03-14 00:09:06,857] {logging_mixin.py:109} INFO - [2022-03-14 00:09:06,857] {dag.py:2937} INFO - Setting next_dagrun for 2_daily_transformation_analysis to None
[2022-03-14 00:09:06,870] {processor.py:171} INFO - Processing /opt/airflow/dags/transform_and_analysis.py took 0.060 seconds
[2022-03-14 00:09:37,597] {processor.py:163} INFO - Started process (PID=5150) to work on /opt/airflow/dags/transform_and_analysis.py
[2022-03-14 00:09:37,598] {processor.py:642} INFO - Processing file /opt/airflow/dags/transform_and_analysis.py for tasks to queue
[2022-03-14 00:09:37,599] {logging_mixin.py:109} INFO - [2022-03-14 00:09:37,598] {dagbag.py:500} INFO - Filling up the DagBag from /opt/airflow/dags/transform_and_analysis.py
[2022-03-14 00:09:37,626] {processor.py:654} INFO - DAG(s) dict_keys(['2_daily_transformation_analysis']) retrieved from /opt/airflow/dags/transform_and_analysis.py
[2022-03-14 00:09:37,634] {logging_mixin.py:109} INFO - [2022-03-14 00:09:37,634] {dag.py:2398} INFO - Sync 1 DAGs
[2022-03-14 00:09:37,646] {logging_mixin.py:109} INFO - [2022-03-14 00:09:37,646] {dag.py:2937} INFO - Setting next_dagrun for 2_daily_transformation_analysis to None
[2022-03-14 00:09:37,661] {processor.py:171} INFO - Processing /opt/airflow/dags/transform_and_analysis.py took 0.067 seconds
[2022-03-14 00:10:08,284] {processor.py:163} INFO - Started process (PID=5211) to work on /opt/airflow/dags/transform_and_analysis.py
[2022-03-14 00:10:08,285] {processor.py:642} INFO - Processing file /opt/airflow/dags/transform_and_analysis.py for tasks to queue
[2022-03-14 00:10:08,285] {logging_mixin.py:109} INFO - [2022-03-14 00:10:08,285] {dagbag.py:500} INFO - Filling up the DagBag from /opt/airflow/dags/transform_and_analysis.py
[2022-03-14 00:10:08,308] {processor.py:654} INFO - DAG(s) dict_keys(['2_daily_transformation_analysis']) retrieved from /opt/airflow/dags/transform_and_analysis.py
[2022-03-14 00:10:08,315] {logging_mixin.py:109} INFO - [2022-03-14 00:10:08,315] {dag.py:2398} INFO - Sync 1 DAGs
[2022-03-14 00:10:08,326] {logging_mixin.py:109} INFO - [2022-03-14 00:10:08,326] {dag.py:2937} INFO - Setting next_dagrun for 2_daily_transformation_analysis to None
[2022-03-14 00:10:08,346] {processor.py:171} INFO - Processing /opt/airflow/dags/transform_and_analysis.py took 0.063 seconds
[2022-03-14 00:10:39,162] {processor.py:163} INFO - Started process (PID=5263) to work on /opt/airflow/dags/transform_and_analysis.py
[2022-03-14 00:10:39,163] {processor.py:642} INFO - Processing file /opt/airflow/dags/transform_and_analysis.py for tasks to queue
[2022-03-14 00:10:39,163] {logging_mixin.py:109} INFO - [2022-03-14 00:10:39,163] {dagbag.py:500} INFO - Filling up the DagBag from /opt/airflow/dags/transform_and_analysis.py
[2022-03-14 00:10:39,189] {processor.py:654} INFO - DAG(s) dict_keys(['2_daily_transformation_analysis']) retrieved from /opt/airflow/dags/transform_and_analysis.py
[2022-03-14 00:10:39,197] {logging_mixin.py:109} INFO - [2022-03-14 00:10:39,197] {dag.py:2398} INFO - Sync 1 DAGs
[2022-03-14 00:10:39,210] {logging_mixin.py:109} INFO - [2022-03-14 00:10:39,210] {dag.py:2937} INFO - Setting next_dagrun for 2_daily_transformation_analysis to None
[2022-03-14 00:10:39,226] {processor.py:171} INFO - Processing /opt/airflow/dags/transform_and_analysis.py took 0.067 seconds
[2022-03-14 00:11:09,986] {processor.py:163} INFO - Started process (PID=5324) to work on /opt/airflow/dags/transform_and_analysis.py
[2022-03-14 00:11:09,986] {processor.py:642} INFO - Processing file /opt/airflow/dags/transform_and_analysis.py for tasks to queue
[2022-03-14 00:11:09,987] {logging_mixin.py:109} INFO - [2022-03-14 00:11:09,987] {dagbag.py:500} INFO - Filling up the DagBag from /opt/airflow/dags/transform_and_analysis.py
[2022-03-14 00:11:10,012] {processor.py:654} INFO - DAG(s) dict_keys(['2_daily_transformation_analysis']) retrieved from /opt/airflow/dags/transform_and_analysis.py
[2022-03-14 00:11:10,019] {logging_mixin.py:109} INFO - [2022-03-14 00:11:10,019] {dag.py:2398} INFO - Sync 1 DAGs
[2022-03-14 00:11:10,030] {logging_mixin.py:109} INFO - [2022-03-14 00:11:10,030] {dag.py:2937} INFO - Setting next_dagrun for 2_daily_transformation_analysis to None
[2022-03-14 00:11:10,048] {processor.py:171} INFO - Processing /opt/airflow/dags/transform_and_analysis.py took 0.065 seconds
[2022-03-14 00:11:40,724] {processor.py:163} INFO - Started process (PID=5376) to work on /opt/airflow/dags/transform_and_analysis.py
[2022-03-14 00:11:40,725] {processor.py:642} INFO - Processing file /opt/airflow/dags/transform_and_analysis.py for tasks to queue
[2022-03-14 00:11:40,726] {logging_mixin.py:109} INFO - [2022-03-14 00:11:40,725] {dagbag.py:500} INFO - Filling up the DagBag from /opt/airflow/dags/transform_and_analysis.py
[2022-03-14 00:11:40,749] {processor.py:654} INFO - DAG(s) dict_keys(['2_daily_transformation_analysis']) retrieved from /opt/airflow/dags/transform_and_analysis.py
[2022-03-14 00:11:40,756] {logging_mixin.py:109} INFO - [2022-03-14 00:11:40,755] {dag.py:2398} INFO - Sync 1 DAGs
[2022-03-14 00:11:40,767] {logging_mixin.py:109} INFO - [2022-03-14 00:11:40,767] {dag.py:2937} INFO - Setting next_dagrun for 2_daily_transformation_analysis to None
[2022-03-14 00:11:40,787] {processor.py:171} INFO - Processing /opt/airflow/dags/transform_and_analysis.py took 0.064 seconds
[2022-03-14 00:12:11,586] {processor.py:163} INFO - Started process (PID=5437) to work on /opt/airflow/dags/transform_and_analysis.py
[2022-03-14 00:12:11,587] {processor.py:642} INFO - Processing file /opt/airflow/dags/transform_and_analysis.py for tasks to queue
[2022-03-14 00:12:11,587] {logging_mixin.py:109} INFO - [2022-03-14 00:12:11,587] {dagbag.py:500} INFO - Filling up the DagBag from /opt/airflow/dags/transform_and_analysis.py
[2022-03-14 00:12:11,612] {processor.py:654} INFO - DAG(s) dict_keys(['2_daily_transformation_analysis']) retrieved from /opt/airflow/dags/transform_and_analysis.py
[2022-03-14 00:12:11,619] {logging_mixin.py:109} INFO - [2022-03-14 00:12:11,618] {dag.py:2398} INFO - Sync 1 DAGs
[2022-03-14 00:12:11,630] {logging_mixin.py:109} INFO - [2022-03-14 00:12:11,630] {dag.py:2937} INFO - Setting next_dagrun for 2_daily_transformation_analysis to None
[2022-03-14 00:12:11,644] {processor.py:171} INFO - Processing /opt/airflow/dags/transform_and_analysis.py took 0.061 seconds
[2022-03-14 00:12:42,296] {processor.py:163} INFO - Started process (PID=5489) to work on /opt/airflow/dags/transform_and_analysis.py
[2022-03-14 00:12:42,297] {processor.py:642} INFO - Processing file /opt/airflow/dags/transform_and_analysis.py for tasks to queue
[2022-03-14 00:12:42,298] {logging_mixin.py:109} INFO - [2022-03-14 00:12:42,298] {dagbag.py:500} INFO - Filling up the DagBag from /opt/airflow/dags/transform_and_analysis.py
[2022-03-14 00:12:42,323] {processor.py:654} INFO - DAG(s) dict_keys(['2_daily_transformation_analysis']) retrieved from /opt/airflow/dags/transform_and_analysis.py
[2022-03-14 00:12:42,333] {logging_mixin.py:109} INFO - [2022-03-14 00:12:42,333] {dag.py:2398} INFO - Sync 1 DAGs
[2022-03-14 00:12:42,348] {logging_mixin.py:109} INFO - [2022-03-14 00:12:42,348] {dag.py:2937} INFO - Setting next_dagrun for 2_daily_transformation_analysis to None
[2022-03-14 00:12:42,364] {processor.py:171} INFO - Processing /opt/airflow/dags/transform_and_analysis.py took 0.070 seconds
[2022-03-14 00:13:13,350] {processor.py:163} INFO - Started process (PID=5551) to work on /opt/airflow/dags/transform_and_analysis.py
[2022-03-14 00:13:13,353] {processor.py:642} INFO - Processing file /opt/airflow/dags/transform_and_analysis.py for tasks to queue
[2022-03-14 00:13:13,353] {logging_mixin.py:109} INFO - [2022-03-14 00:13:13,353] {dagbag.py:500} INFO - Filling up the DagBag from /opt/airflow/dags/transform_and_analysis.py
[2022-03-14 00:13:13,375] {processor.py:654} INFO - DAG(s) dict_keys(['2_daily_transformation_analysis']) retrieved from /opt/airflow/dags/transform_and_analysis.py
[2022-03-14 00:13:13,382] {logging_mixin.py:109} INFO - [2022-03-14 00:13:13,382] {dag.py:2398} INFO - Sync 1 DAGs
[2022-03-14 00:13:13,394] {logging_mixin.py:109} INFO - [2022-03-14 00:13:13,394] {dag.py:2937} INFO - Setting next_dagrun for 2_daily_transformation_analysis to None
[2022-03-14 00:13:13,408] {processor.py:171} INFO - Processing /opt/airflow/dags/transform_and_analysis.py took 0.060 seconds
[2022-03-14 00:13:44,211] {processor.py:163} INFO - Started process (PID=5603) to work on /opt/airflow/dags/transform_and_analysis.py
[2022-03-14 00:13:44,211] {processor.py:642} INFO - Processing file /opt/airflow/dags/transform_and_analysis.py for tasks to queue
[2022-03-14 00:13:44,212] {logging_mixin.py:109} INFO - [2022-03-14 00:13:44,212] {dagbag.py:500} INFO - Filling up the DagBag from /opt/airflow/dags/transform_and_analysis.py
[2022-03-14 00:13:44,236] {processor.py:654} INFO - DAG(s) dict_keys(['2_daily_transformation_analysis']) retrieved from /opt/airflow/dags/transform_and_analysis.py
[2022-03-14 00:13:44,243] {logging_mixin.py:109} INFO - [2022-03-14 00:13:44,243] {dag.py:2398} INFO - Sync 1 DAGs
[2022-03-14 00:13:44,256] {logging_mixin.py:109} INFO - [2022-03-14 00:13:44,256] {dag.py:2937} INFO - Setting next_dagrun for 2_daily_transformation_analysis to None
[2022-03-14 00:13:44,271] {processor.py:171} INFO - Processing /opt/airflow/dags/transform_and_analysis.py took 0.062 seconds
[2022-03-14 00:14:15,099] {processor.py:163} INFO - Started process (PID=5666) to work on /opt/airflow/dags/transform_and_analysis.py
[2022-03-14 00:14:15,100] {processor.py:642} INFO - Processing file /opt/airflow/dags/transform_and_analysis.py for tasks to queue
[2022-03-14 00:14:15,101] {logging_mixin.py:109} INFO - [2022-03-14 00:14:15,101] {dagbag.py:500} INFO - Filling up the DagBag from /opt/airflow/dags/transform_and_analysis.py
[2022-03-14 00:14:15,127] {processor.py:654} INFO - DAG(s) dict_keys(['2_daily_transformation_analysis']) retrieved from /opt/airflow/dags/transform_and_analysis.py
[2022-03-14 00:14:15,138] {logging_mixin.py:109} INFO - [2022-03-14 00:14:15,138] {dag.py:2398} INFO - Sync 1 DAGs
[2022-03-14 00:14:15,155] {logging_mixin.py:109} INFO - [2022-03-14 00:14:15,155] {dag.py:2937} INFO - Setting next_dagrun for 2_daily_transformation_analysis to None
[2022-03-14 00:14:15,165] {processor.py:171} INFO - Processing /opt/airflow/dags/transform_and_analysis.py took 0.068 seconds
[2022-03-14 00:14:45,318] {processor.py:163} INFO - Started process (PID=5718) to work on /opt/airflow/dags/transform_and_analysis.py
[2022-03-14 00:14:45,319] {processor.py:642} INFO - Processing file /opt/airflow/dags/transform_and_analysis.py for tasks to queue
[2022-03-14 00:14:45,319] {logging_mixin.py:109} INFO - [2022-03-14 00:14:45,319] {dagbag.py:500} INFO - Filling up the DagBag from /opt/airflow/dags/transform_and_analysis.py
[2022-03-14 00:14:45,341] {processor.py:654} INFO - DAG(s) dict_keys(['2_daily_transformation_analysis']) retrieved from /opt/airflow/dags/transform_and_analysis.py
[2022-03-14 00:14:45,350] {logging_mixin.py:109} INFO - [2022-03-14 00:14:45,350] {dag.py:2398} INFO - Sync 1 DAGs
[2022-03-14 00:14:45,362] {logging_mixin.py:109} INFO - [2022-03-14 00:14:45,362] {dag.py:2937} INFO - Setting next_dagrun for 2_daily_transformation_analysis to None
[2022-03-14 00:14:45,375] {processor.py:171} INFO - Processing /opt/airflow/dags/transform_and_analysis.py took 0.059 seconds
[2022-03-14 00:15:15,418] {processor.py:163} INFO - Started process (PID=5770) to work on /opt/airflow/dags/transform_and_analysis.py
[2022-03-14 00:15:15,418] {processor.py:642} INFO - Processing file /opt/airflow/dags/transform_and_analysis.py for tasks to queue
[2022-03-14 00:15:15,419] {logging_mixin.py:109} INFO - [2022-03-14 00:15:15,419] {dagbag.py:500} INFO - Filling up the DagBag from /opt/airflow/dags/transform_and_analysis.py
[2022-03-14 00:15:15,442] {processor.py:654} INFO - DAG(s) dict_keys(['2_daily_transformation_analysis']) retrieved from /opt/airflow/dags/transform_and_analysis.py
[2022-03-14 00:15:15,450] {logging_mixin.py:109} INFO - [2022-03-14 00:15:15,450] {dag.py:2398} INFO - Sync 1 DAGs
[2022-03-14 00:15:15,461] {logging_mixin.py:109} INFO - [2022-03-14 00:15:15,461] {dag.py:2937} INFO - Setting next_dagrun for 2_daily_transformation_analysis to None
[2022-03-14 00:15:15,474] {processor.py:171} INFO - Processing /opt/airflow/dags/transform_and_analysis.py took 0.059 seconds
[2022-03-14 00:15:45,547] {processor.py:163} INFO - Started process (PID=5831) to work on /opt/airflow/dags/transform_and_analysis.py
[2022-03-14 00:15:45,547] {processor.py:642} INFO - Processing file /opt/airflow/dags/transform_and_analysis.py for tasks to queue
[2022-03-14 00:15:45,548] {logging_mixin.py:109} INFO - [2022-03-14 00:15:45,548] {dagbag.py:500} INFO - Filling up the DagBag from /opt/airflow/dags/transform_and_analysis.py
[2022-03-14 00:15:45,570] {processor.py:654} INFO - DAG(s) dict_keys(['2_daily_transformation_analysis']) retrieved from /opt/airflow/dags/transform_and_analysis.py
[2022-03-14 00:15:45,577] {logging_mixin.py:109} INFO - [2022-03-14 00:15:45,577] {dag.py:2398} INFO - Sync 1 DAGs
[2022-03-14 00:15:45,589] {logging_mixin.py:109} INFO - [2022-03-14 00:15:45,589] {dag.py:2937} INFO - Setting next_dagrun for 2_daily_transformation_analysis to None
[2022-03-14 00:15:45,603] {processor.py:171} INFO - Processing /opt/airflow/dags/transform_and_analysis.py took 0.059 seconds
[2022-03-14 00:16:16,474] {processor.py:163} INFO - Started process (PID=5883) to work on /opt/airflow/dags/transform_and_analysis.py
[2022-03-14 00:16:16,475] {processor.py:642} INFO - Processing file /opt/airflow/dags/transform_and_analysis.py for tasks to queue
[2022-03-14 00:16:16,475] {logging_mixin.py:109} INFO - [2022-03-14 00:16:16,475] {dagbag.py:500} INFO - Filling up the DagBag from /opt/airflow/dags/transform_and_analysis.py
[2022-03-14 00:16:16,502] {processor.py:654} INFO - DAG(s) dict_keys(['2_daily_transformation_analysis']) retrieved from /opt/airflow/dags/transform_and_analysis.py
[2022-03-14 00:16:16,509] {logging_mixin.py:109} INFO - [2022-03-14 00:16:16,509] {dag.py:2398} INFO - Sync 1 DAGs
[2022-03-14 00:16:16,521] {logging_mixin.py:109} INFO - [2022-03-14 00:16:16,521] {dag.py:2937} INFO - Setting next_dagrun for 2_daily_transformation_analysis to None
[2022-03-14 00:16:16,535] {processor.py:171} INFO - Processing /opt/airflow/dags/transform_and_analysis.py took 0.064 seconds
[2022-03-14 00:16:47,010] {processor.py:163} INFO - Started process (PID=5945) to work on /opt/airflow/dags/transform_and_analysis.py
[2022-03-14 00:16:47,010] {processor.py:642} INFO - Processing file /opt/airflow/dags/transform_and_analysis.py for tasks to queue
[2022-03-14 00:16:47,011] {logging_mixin.py:109} INFO - [2022-03-14 00:16:47,011] {dagbag.py:500} INFO - Filling up the DagBag from /opt/airflow/dags/transform_and_analysis.py
[2022-03-14 00:16:47,034] {processor.py:654} INFO - DAG(s) dict_keys(['2_daily_transformation_analysis']) retrieved from /opt/airflow/dags/transform_and_analysis.py
[2022-03-14 00:16:47,040] {logging_mixin.py:109} INFO - [2022-03-14 00:16:47,040] {dag.py:2398} INFO - Sync 1 DAGs
[2022-03-14 00:16:47,052] {logging_mixin.py:109} INFO - [2022-03-14 00:16:47,052] {dag.py:2937} INFO - Setting next_dagrun for 2_daily_transformation_analysis to None
[2022-03-14 00:16:47,072] {processor.py:171} INFO - Processing /opt/airflow/dags/transform_and_analysis.py took 0.065 seconds
[2022-03-14 00:17:17,906] {processor.py:163} INFO - Started process (PID=5997) to work on /opt/airflow/dags/transform_and_analysis.py
[2022-03-14 00:17:17,907] {processor.py:642} INFO - Processing file /opt/airflow/dags/transform_and_analysis.py for tasks to queue
[2022-03-14 00:17:17,908] {logging_mixin.py:109} INFO - [2022-03-14 00:17:17,908] {dagbag.py:500} INFO - Filling up the DagBag from /opt/airflow/dags/transform_and_analysis.py
[2022-03-14 00:17:17,934] {processor.py:654} INFO - DAG(s) dict_keys(['2_daily_transformation_analysis']) retrieved from /opt/airflow/dags/transform_and_analysis.py
[2022-03-14 00:17:17,940] {logging_mixin.py:109} INFO - [2022-03-14 00:17:17,940] {dag.py:2398} INFO - Sync 1 DAGs
[2022-03-14 00:17:17,951] {logging_mixin.py:109} INFO - [2022-03-14 00:17:17,951] {dag.py:2937} INFO - Setting next_dagrun for 2_daily_transformation_analysis to None
[2022-03-14 00:17:17,971] {processor.py:171} INFO - Processing /opt/airflow/dags/transform_and_analysis.py took 0.067 seconds
[2022-03-14 00:17:48,498] {processor.py:163} INFO - Started process (PID=6058) to work on /opt/airflow/dags/transform_and_analysis.py
[2022-03-14 00:17:48,498] {processor.py:642} INFO - Processing file /opt/airflow/dags/transform_and_analysis.py for tasks to queue
[2022-03-14 00:17:48,499] {logging_mixin.py:109} INFO - [2022-03-14 00:17:48,499] {dagbag.py:500} INFO - Filling up the DagBag from /opt/airflow/dags/transform_and_analysis.py
[2022-03-14 00:17:48,524] {processor.py:654} INFO - DAG(s) dict_keys(['2_daily_transformation_analysis']) retrieved from /opt/airflow/dags/transform_and_analysis.py
[2022-03-14 00:17:48,532] {logging_mixin.py:109} INFO - [2022-03-14 00:17:48,531] {dag.py:2398} INFO - Sync 1 DAGs
[2022-03-14 00:17:48,546] {logging_mixin.py:109} INFO - [2022-03-14 00:17:48,546] {dag.py:2937} INFO - Setting next_dagrun for 2_daily_transformation_analysis to None
[2022-03-14 00:17:48,560] {processor.py:171} INFO - Processing /opt/airflow/dags/transform_and_analysis.py took 0.065 seconds
[2022-03-14 00:18:19,542] {processor.py:163} INFO - Started process (PID=6110) to work on /opt/airflow/dags/transform_and_analysis.py
[2022-03-14 00:18:19,543] {processor.py:642} INFO - Processing file /opt/airflow/dags/transform_and_analysis.py for tasks to queue
[2022-03-14 00:18:19,543] {logging_mixin.py:109} INFO - [2022-03-14 00:18:19,543] {dagbag.py:500} INFO - Filling up the DagBag from /opt/airflow/dags/transform_and_analysis.py
[2022-03-14 00:18:19,567] {processor.py:654} INFO - DAG(s) dict_keys(['2_daily_transformation_analysis']) retrieved from /opt/airflow/dags/transform_and_analysis.py
[2022-03-14 00:18:19,574] {logging_mixin.py:109} INFO - [2022-03-14 00:18:19,574] {dag.py:2398} INFO - Sync 1 DAGs
[2022-03-14 00:18:19,585] {logging_mixin.py:109} INFO - [2022-03-14 00:18:19,585] {dag.py:2937} INFO - Setting next_dagrun for 2_daily_transformation_analysis to None
[2022-03-14 00:18:19,598] {processor.py:171} INFO - Processing /opt/airflow/dags/transform_and_analysis.py took 0.058 seconds
[2022-03-14 00:18:50,384] {processor.py:163} INFO - Started process (PID=6172) to work on /opt/airflow/dags/transform_and_analysis.py
[2022-03-14 00:18:50,385] {processor.py:642} INFO - Processing file /opt/airflow/dags/transform_and_analysis.py for tasks to queue
[2022-03-14 00:18:50,385] {logging_mixin.py:109} INFO - [2022-03-14 00:18:50,385] {dagbag.py:500} INFO - Filling up the DagBag from /opt/airflow/dags/transform_and_analysis.py
[2022-03-14 00:18:50,409] {processor.py:654} INFO - DAG(s) dict_keys(['2_daily_transformation_analysis']) retrieved from /opt/airflow/dags/transform_and_analysis.py
[2022-03-14 00:18:50,416] {logging_mixin.py:109} INFO - [2022-03-14 00:18:50,416] {dag.py:2398} INFO - Sync 1 DAGs
[2022-03-14 00:18:50,429] {logging_mixin.py:109} INFO - [2022-03-14 00:18:50,429] {dag.py:2937} INFO - Setting next_dagrun for 2_daily_transformation_analysis to None
[2022-03-14 00:18:50,451] {processor.py:171} INFO - Processing /opt/airflow/dags/transform_and_analysis.py took 0.069 seconds
[2022-03-14 00:19:21,334] {processor.py:163} INFO - Started process (PID=6224) to work on /opt/airflow/dags/transform_and_analysis.py
[2022-03-14 00:19:21,334] {processor.py:642} INFO - Processing file /opt/airflow/dags/transform_and_analysis.py for tasks to queue
[2022-03-14 00:19:21,335] {logging_mixin.py:109} INFO - [2022-03-14 00:19:21,335] {dagbag.py:500} INFO - Filling up the DagBag from /opt/airflow/dags/transform_and_analysis.py
[2022-03-14 00:19:21,357] {processor.py:654} INFO - DAG(s) dict_keys(['2_daily_transformation_analysis']) retrieved from /opt/airflow/dags/transform_and_analysis.py
[2022-03-14 00:19:21,364] {logging_mixin.py:109} INFO - [2022-03-14 00:19:21,364] {dag.py:2398} INFO - Sync 1 DAGs
[2022-03-14 00:19:21,375] {logging_mixin.py:109} INFO - [2022-03-14 00:19:21,375] {dag.py:2937} INFO - Setting next_dagrun for 2_daily_transformation_analysis to None
[2022-03-14 00:19:21,389] {processor.py:171} INFO - Processing /opt/airflow/dags/transform_and_analysis.py took 0.058 seconds
[2022-03-14 00:19:52,212] {processor.py:163} INFO - Started process (PID=6286) to work on /opt/airflow/dags/transform_and_analysis.py
[2022-03-14 00:19:52,213] {processor.py:642} INFO - Processing file /opt/airflow/dags/transform_and_analysis.py for tasks to queue
[2022-03-14 00:19:52,213] {logging_mixin.py:109} INFO - [2022-03-14 00:19:52,213] {dagbag.py:500} INFO - Filling up the DagBag from /opt/airflow/dags/transform_and_analysis.py
[2022-03-14 00:19:52,236] {processor.py:654} INFO - DAG(s) dict_keys(['2_daily_transformation_analysis']) retrieved from /opt/airflow/dags/transform_and_analysis.py
[2022-03-14 00:19:52,243] {logging_mixin.py:109} INFO - [2022-03-14 00:19:52,243] {dag.py:2398} INFO - Sync 1 DAGs
[2022-03-14 00:19:52,255] {logging_mixin.py:109} INFO - [2022-03-14 00:19:52,255] {dag.py:2937} INFO - Setting next_dagrun for 2_daily_transformation_analysis to None
[2022-03-14 00:19:52,266] {processor.py:171} INFO - Processing /opt/airflow/dags/transform_and_analysis.py took 0.056 seconds
[2022-03-14 00:20:22,935] {processor.py:163} INFO - Started process (PID=6338) to work on /opt/airflow/dags/transform_and_analysis.py
[2022-03-14 00:20:22,936] {processor.py:642} INFO - Processing file /opt/airflow/dags/transform_and_analysis.py for tasks to queue
[2022-03-14 00:20:22,937] {logging_mixin.py:109} INFO - [2022-03-14 00:20:22,937] {dagbag.py:500} INFO - Filling up the DagBag from /opt/airflow/dags/transform_and_analysis.py
[2022-03-14 00:20:22,961] {processor.py:654} INFO - DAG(s) dict_keys(['2_daily_transformation_analysis']) retrieved from /opt/airflow/dags/transform_and_analysis.py
[2022-03-14 00:20:22,971] {logging_mixin.py:109} INFO - [2022-03-14 00:20:22,971] {dag.py:2398} INFO - Sync 1 DAGs
[2022-03-14 00:20:22,986] {logging_mixin.py:109} INFO - [2022-03-14 00:20:22,986] {dag.py:2937} INFO - Setting next_dagrun for 2_daily_transformation_analysis to None
[2022-03-14 00:20:23,003] {processor.py:171} INFO - Processing /opt/airflow/dags/transform_and_analysis.py took 0.070 seconds
[2022-03-14 00:20:53,813] {processor.py:163} INFO - Started process (PID=6390) to work on /opt/airflow/dags/transform_and_analysis.py
[2022-03-14 00:20:53,818] {processor.py:642} INFO - Processing file /opt/airflow/dags/transform_and_analysis.py for tasks to queue
[2022-03-14 00:20:53,818] {logging_mixin.py:109} INFO - [2022-03-14 00:20:53,818] {dagbag.py:500} INFO - Filling up the DagBag from /opt/airflow/dags/transform_and_analysis.py
[2022-03-14 00:20:53,854] {processor.py:654} INFO - DAG(s) dict_keys(['2_daily_transformation_analysis']) retrieved from /opt/airflow/dags/transform_and_analysis.py
[2022-03-14 00:20:53,863] {logging_mixin.py:109} INFO - [2022-03-14 00:20:53,863] {dag.py:2398} INFO - Sync 1 DAGs
[2022-03-14 00:20:53,880] {logging_mixin.py:109} INFO - [2022-03-14 00:20:53,880] {dag.py:2937} INFO - Setting next_dagrun for 2_daily_transformation_analysis to None
[2022-03-14 00:20:53,899] {processor.py:171} INFO - Processing /opt/airflow/dags/transform_and_analysis.py took 0.088 seconds
[2022-03-14 00:21:24,632] {processor.py:163} INFO - Started process (PID=6452) to work on /opt/airflow/dags/transform_and_analysis.py
[2022-03-14 00:21:24,633] {processor.py:642} INFO - Processing file /opt/airflow/dags/transform_and_analysis.py for tasks to queue
[2022-03-14 00:21:24,633] {logging_mixin.py:109} INFO - [2022-03-14 00:21:24,633] {dagbag.py:500} INFO - Filling up the DagBag from /opt/airflow/dags/transform_and_analysis.py
[2022-03-14 00:21:24,659] {processor.py:654} INFO - DAG(s) dict_keys(['2_daily_transformation_analysis']) retrieved from /opt/airflow/dags/transform_and_analysis.py
[2022-03-14 00:21:24,667] {logging_mixin.py:109} INFO - [2022-03-14 00:21:24,667] {dag.py:2398} INFO - Sync 1 DAGs
[2022-03-14 00:21:24,680] {logging_mixin.py:109} INFO - [2022-03-14 00:21:24,680] {dag.py:2937} INFO - Setting next_dagrun for 2_daily_transformation_analysis to None
[2022-03-14 00:21:24,695] {processor.py:171} INFO - Processing /opt/airflow/dags/transform_and_analysis.py took 0.065 seconds
[2022-03-14 00:21:55,611] {processor.py:163} INFO - Started process (PID=6504) to work on /opt/airflow/dags/transform_and_analysis.py
[2022-03-14 00:21:55,612] {processor.py:642} INFO - Processing file /opt/airflow/dags/transform_and_analysis.py for tasks to queue
[2022-03-14 00:21:55,612] {logging_mixin.py:109} INFO - [2022-03-14 00:21:55,612] {dagbag.py:500} INFO - Filling up the DagBag from /opt/airflow/dags/transform_and_analysis.py
[2022-03-14 00:21:55,635] {processor.py:654} INFO - DAG(s) dict_keys(['2_daily_transformation_analysis']) retrieved from /opt/airflow/dags/transform_and_analysis.py
[2022-03-14 00:21:55,644] {logging_mixin.py:109} INFO - [2022-03-14 00:21:55,644] {dag.py:2398} INFO - Sync 1 DAGs
[2022-03-14 00:21:55,656] {logging_mixin.py:109} INFO - [2022-03-14 00:21:55,656] {dag.py:2937} INFO - Setting next_dagrun for 2_daily_transformation_analysis to None
[2022-03-14 00:21:55,664] {processor.py:171} INFO - Processing /opt/airflow/dags/transform_and_analysis.py took 0.055 seconds
[2022-03-14 00:22:26,553] {processor.py:163} INFO - Started process (PID=6568) to work on /opt/airflow/dags/transform_and_analysis.py
[2022-03-14 00:22:26,554] {processor.py:642} INFO - Processing file /opt/airflow/dags/transform_and_analysis.py for tasks to queue
[2022-03-14 00:22:26,554] {logging_mixin.py:109} INFO - [2022-03-14 00:22:26,554] {dagbag.py:500} INFO - Filling up the DagBag from /opt/airflow/dags/transform_and_analysis.py
[2022-03-14 00:22:26,578] {processor.py:654} INFO - DAG(s) dict_keys(['2_daily_transformation_analysis']) retrieved from /opt/airflow/dags/transform_and_analysis.py
[2022-03-14 00:22:26,588] {logging_mixin.py:109} INFO - [2022-03-14 00:22:26,588] {dag.py:2398} INFO - Sync 1 DAGs
[2022-03-14 00:22:26,603] {logging_mixin.py:109} INFO - [2022-03-14 00:22:26,603] {dag.py:2937} INFO - Setting next_dagrun for 2_daily_transformation_analysis to None
[2022-03-14 00:22:26,617] {processor.py:171} INFO - Processing /opt/airflow/dags/transform_and_analysis.py took 0.067 seconds
