[2022-03-13 22:08:35,023] {taskinstance.py:1037} INFO - Dependencies all met for <TaskInstance: 2_daily_transformation_analysis.daily_transform scheduled__2020-08-01T00:00:00+00:00 [queued]>
[2022-03-13 22:08:35,037] {taskinstance.py:1037} INFO - Dependencies all met for <TaskInstance: 2_daily_transformation_analysis.daily_transform scheduled__2020-08-01T00:00:00+00:00 [queued]>
[2022-03-13 22:08:35,038] {taskinstance.py:1243} INFO - 
--------------------------------------------------------------------------------
[2022-03-13 22:08:35,038] {taskinstance.py:1244} INFO - Starting attempt 1 of 1
[2022-03-13 22:08:35,038] {taskinstance.py:1245} INFO - 
--------------------------------------------------------------------------------
[2022-03-13 22:08:35,058] {taskinstance.py:1264} INFO - Executing <Task(BashOperator): daily_transform> on 2020-08-01 00:00:00+00:00
[2022-03-13 22:08:35,063] {standard_task_runner.py:52} INFO - Started process 392 to run task
[2022-03-13 22:08:35,066] {standard_task_runner.py:76} INFO - Running: ['***', 'tasks', 'run', '2_daily_transformation_analysis', 'daily_transform', 'scheduled__2020-08-01T00:00:00+00:00', '--job-id', '44', '--raw', '--subdir', 'DAGS_FOLDER/transform_and_analysis.py', '--cfg-path', '/tmp/tmph4gkx_xl', '--error-file', '/tmp/tmphhx8cemn']
[2022-03-13 22:08:35,066] {standard_task_runner.py:77} INFO - Job 44: Subtask daily_transform
[2022-03-13 22:08:35,123] {logging_mixin.py:109} INFO - Running <TaskInstance: 2_daily_transformation_analysis.daily_transform scheduled__2020-08-01T00:00:00+00:00 [running]> on host e176062f3fa2
[2022-03-13 22:08:35,245] {taskinstance.py:1431} INFO - Exporting the following env vars:
AIRFLOW_CTX_DAG_OWNER=***
AIRFLOW_CTX_DAG_ID=2_daily_transformation_analysis
AIRFLOW_CTX_TASK_ID=daily_transform
AIRFLOW_CTX_EXECUTION_DATE=2020-08-01T00:00:00+00:00
AIRFLOW_CTX_DAG_RUN_ID=scheduled__2020-08-01T00:00:00+00:00
[2022-03-13 22:08:35,245] {subprocess.py:62} INFO - Tmp dir root location: 
 /tmp
[2022-03-13 22:08:35,246] {subprocess.py:74} INFO - Running command: ['bash', '-c', 'cd /dbt && dbt run --models transform --profiles-dir .']
[2022-03-13 22:08:35,258] {subprocess.py:85} INFO - Output:
[2022-03-13 22:08:38,215] {subprocess.py:89} INFO - Running with dbt=0.20.0
[2022-03-13 22:08:41,062] {subprocess.py:89} INFO - Found 5 models, 0 tests, 0 snapshots, 0 analyses, 338 macros, 0 operations, 3 seed files, 0 sources, 0 exposures
[2022-03-13 22:08:41,063] {subprocess.py:89} INFO - 
[2022-03-13 22:08:42,961] {subprocess.py:89} INFO - 22:08:42 | Concurrency: 200 threads (target='dev')
[2022-03-13 22:08:42,961] {subprocess.py:89} INFO - 22:08:42 |
[2022-03-13 22:08:43,024] {subprocess.py:89} INFO - 22:08:43 | 1 of 3 START view model transform.combined_bookings.................. [RUN]
[2022-03-13 22:08:43,024] {subprocess.py:89} INFO - 22:08:43 | 2 of 3 START view model transform.customer........................... [RUN]
[2022-03-13 22:08:44,138] {subprocess.py:89} INFO - 22:08:44 | 2 of 3 OK created view model transform.customer...................... [[32mSUCCESS 1[0m in 1.11s]
[2022-03-13 22:08:44,269] {subprocess.py:89} INFO - 22:08:44 | 1 of 3 OK created view model transform.combined_bookings............. [[32mSUCCESS 1[0m in 1.24s]
[2022-03-13 22:08:44,271] {subprocess.py:89} INFO - 22:08:44 | 3 of 3 START view model transform.prepped_data....................... [RUN]
[2022-03-13 22:08:45,235] {subprocess.py:89} INFO - 22:08:45 | 3 of 3 OK created view model transform.prepped_data.................. [[32mSUCCESS 1[0m in 0.96s]
[2022-03-13 22:08:45,835] {subprocess.py:89} INFO - 22:08:45 |
[2022-03-13 22:08:45,835] {subprocess.py:89} INFO - 22:08:45 | Finished running 3 view models in 4.77s.
[2022-03-13 22:08:45,844] {subprocess.py:89} INFO - 
[2022-03-13 22:08:45,844] {subprocess.py:89} INFO - [32mCompleted successfully[0m
[2022-03-13 22:08:45,845] {subprocess.py:89} INFO - 
[2022-03-13 22:08:45,845] {subprocess.py:89} INFO - Done. PASS=3 WARN=0 ERROR=0 SKIP=0 TOTAL=3
[2022-03-13 22:08:47,060] {subprocess.py:93} INFO - Command exited with return code 0
[2022-03-13 22:08:47,087] {taskinstance.py:1282} INFO - Marking task as SUCCESS. dag_id=2_daily_transformation_analysis, task_id=daily_transform, execution_date=20200801T000000, start_date=20220313T220835, end_date=20220313T220847
[2022-03-13 22:08:47,114] {local_task_job.py:154} INFO - Task exited with return code 0
[2022-03-13 22:08:47,145] {local_task_job.py:264} INFO - 1 downstream tasks scheduled from follow-on schedule check
