[2022-12-01 21:24:42,534] {processor.py:163} INFO - Started process (PID=76) to work on /home/airflow/.local/lib/python3.7/site-packages/airflow/example_dags/example_time_delta_sensor_async.py
[2022-12-01 21:24:42,535] {processor.py:642} INFO - Processing file /home/airflow/.local/lib/python3.7/site-packages/airflow/example_dags/example_time_delta_sensor_async.py for tasks to queue
[2022-12-01 21:24:42,535] {logging_mixin.py:109} INFO - [2022-12-01 21:24:42,535] {dagbag.py:500} INFO - Filling up the DagBag from /home/airflow/.local/lib/python3.7/site-packages/airflow/example_dags/example_time_delta_sensor_async.py
[2022-12-01 21:24:42,566] {processor.py:654} INFO - DAG(s) dict_keys(['example_time_delta_sensor_async']) retrieved from /home/airflow/.local/lib/python3.7/site-packages/airflow/example_dags/example_time_delta_sensor_async.py
[2022-12-01 21:24:42,577] {logging_mixin.py:109} INFO - [2022-12-01 21:24:42,576] {dag.py:2398} INFO - Sync 1 DAGs
[2022-12-01 21:24:42,594] {logging_mixin.py:109} INFO - [2022-12-01 21:24:42,594] {dag.py:2937} INFO - Setting next_dagrun for example_time_delta_sensor_async to None
[2022-12-01 21:24:42,613] {processor.py:171} INFO - Processing /home/airflow/.local/lib/python3.7/site-packages/airflow/example_dags/example_time_delta_sensor_async.py took 0.083 seconds
[2022-12-01 21:25:13,174] {processor.py:163} INFO - Started process (PID=147) to work on /home/airflow/.local/lib/python3.7/site-packages/airflow/example_dags/example_time_delta_sensor_async.py
[2022-12-01 21:25:13,175] {processor.py:642} INFO - Processing file /home/airflow/.local/lib/python3.7/site-packages/airflow/example_dags/example_time_delta_sensor_async.py for tasks to queue
[2022-12-01 21:25:13,176] {logging_mixin.py:109} INFO - [2022-12-01 21:25:13,175] {dagbag.py:500} INFO - Filling up the DagBag from /home/airflow/.local/lib/python3.7/site-packages/airflow/example_dags/example_time_delta_sensor_async.py
[2022-12-01 21:25:13,198] {processor.py:654} INFO - DAG(s) dict_keys(['example_time_delta_sensor_async']) retrieved from /home/airflow/.local/lib/python3.7/site-packages/airflow/example_dags/example_time_delta_sensor_async.py
[2022-12-01 21:25:13,205] {logging_mixin.py:109} INFO - [2022-12-01 21:25:13,205] {dag.py:2398} INFO - Sync 1 DAGs
[2022-12-01 21:25:13,217] {logging_mixin.py:109} INFO - [2022-12-01 21:25:13,217] {dag.py:2937} INFO - Setting next_dagrun for example_time_delta_sensor_async to None
[2022-12-01 21:25:13,232] {processor.py:171} INFO - Processing /home/airflow/.local/lib/python3.7/site-packages/airflow/example_dags/example_time_delta_sensor_async.py took 0.060 seconds
[2022-12-01 21:25:44,183] {processor.py:163} INFO - Started process (PID=209) to work on /home/airflow/.local/lib/python3.7/site-packages/airflow/example_dags/example_time_delta_sensor_async.py
[2022-12-01 21:25:44,184] {processor.py:642} INFO - Processing file /home/airflow/.local/lib/python3.7/site-packages/airflow/example_dags/example_time_delta_sensor_async.py for tasks to queue
[2022-12-01 21:25:44,185] {logging_mixin.py:109} INFO - [2022-12-01 21:25:44,185] {dagbag.py:500} INFO - Filling up the DagBag from /home/airflow/.local/lib/python3.7/site-packages/airflow/example_dags/example_time_delta_sensor_async.py
[2022-12-01 21:25:44,204] {processor.py:654} INFO - DAG(s) dict_keys(['example_time_delta_sensor_async']) retrieved from /home/airflow/.local/lib/python3.7/site-packages/airflow/example_dags/example_time_delta_sensor_async.py
[2022-12-01 21:25:44,210] {logging_mixin.py:109} INFO - [2022-12-01 21:25:44,210] {dag.py:2398} INFO - Sync 1 DAGs
[2022-12-01 21:25:44,221] {logging_mixin.py:109} INFO - [2022-12-01 21:25:44,220] {dag.py:2937} INFO - Setting next_dagrun for example_time_delta_sensor_async to None
[2022-12-01 21:25:44,228] {processor.py:171} INFO - Processing /home/airflow/.local/lib/python3.7/site-packages/airflow/example_dags/example_time_delta_sensor_async.py took 0.046 seconds
[2022-12-01 21:26:15,437] {processor.py:163} INFO - Started process (PID=280) to work on /home/airflow/.local/lib/python3.7/site-packages/airflow/example_dags/example_time_delta_sensor_async.py
[2022-12-01 21:26:15,438] {processor.py:642} INFO - Processing file /home/airflow/.local/lib/python3.7/site-packages/airflow/example_dags/example_time_delta_sensor_async.py for tasks to queue
[2022-12-01 21:26:15,438] {logging_mixin.py:109} INFO - [2022-12-01 21:26:15,438] {dagbag.py:500} INFO - Filling up the DagBag from /home/airflow/.local/lib/python3.7/site-packages/airflow/example_dags/example_time_delta_sensor_async.py
[2022-12-01 21:26:15,457] {processor.py:654} INFO - DAG(s) dict_keys(['example_time_delta_sensor_async']) retrieved from /home/airflow/.local/lib/python3.7/site-packages/airflow/example_dags/example_time_delta_sensor_async.py
[2022-12-01 21:26:15,463] {logging_mixin.py:109} INFO - [2022-12-01 21:26:15,463] {dag.py:2398} INFO - Sync 1 DAGs
[2022-12-01 21:26:15,473] {logging_mixin.py:109} INFO - [2022-12-01 21:26:15,473] {dag.py:2937} INFO - Setting next_dagrun for example_time_delta_sensor_async to None
[2022-12-01 21:26:15,494] {processor.py:171} INFO - Processing /home/airflow/.local/lib/python3.7/site-packages/airflow/example_dags/example_time_delta_sensor_async.py took 0.059 seconds
[2022-12-01 21:26:46,397] {processor.py:163} INFO - Started process (PID=342) to work on /home/airflow/.local/lib/python3.7/site-packages/airflow/example_dags/example_time_delta_sensor_async.py
[2022-12-01 21:26:46,398] {processor.py:642} INFO - Processing file /home/airflow/.local/lib/python3.7/site-packages/airflow/example_dags/example_time_delta_sensor_async.py for tasks to queue
[2022-12-01 21:26:46,398] {logging_mixin.py:109} INFO - [2022-12-01 21:26:46,398] {dagbag.py:500} INFO - Filling up the DagBag from /home/airflow/.local/lib/python3.7/site-packages/airflow/example_dags/example_time_delta_sensor_async.py
[2022-12-01 21:26:46,418] {processor.py:654} INFO - DAG(s) dict_keys(['example_time_delta_sensor_async']) retrieved from /home/airflow/.local/lib/python3.7/site-packages/airflow/example_dags/example_time_delta_sensor_async.py
[2022-12-01 21:26:46,423] {logging_mixin.py:109} INFO - [2022-12-01 21:26:46,423] {dag.py:2398} INFO - Sync 1 DAGs
[2022-12-01 21:26:46,434] {logging_mixin.py:109} INFO - [2022-12-01 21:26:46,433] {dag.py:2937} INFO - Setting next_dagrun for example_time_delta_sensor_async to None
[2022-12-01 21:26:46,447] {processor.py:171} INFO - Processing /home/airflow/.local/lib/python3.7/site-packages/airflow/example_dags/example_time_delta_sensor_async.py took 0.051 seconds
[2022-12-01 21:27:17,425] {processor.py:163} INFO - Started process (PID=413) to work on /home/airflow/.local/lib/python3.7/site-packages/airflow/example_dags/example_time_delta_sensor_async.py
[2022-12-01 21:27:17,426] {processor.py:642} INFO - Processing file /home/airflow/.local/lib/python3.7/site-packages/airflow/example_dags/example_time_delta_sensor_async.py for tasks to queue
[2022-12-01 21:27:17,426] {logging_mixin.py:109} INFO - [2022-12-01 21:27:17,426] {dagbag.py:500} INFO - Filling up the DagBag from /home/airflow/.local/lib/python3.7/site-packages/airflow/example_dags/example_time_delta_sensor_async.py
[2022-12-01 21:27:17,446] {processor.py:654} INFO - DAG(s) dict_keys(['example_time_delta_sensor_async']) retrieved from /home/airflow/.local/lib/python3.7/site-packages/airflow/example_dags/example_time_delta_sensor_async.py
[2022-12-01 21:27:17,452] {logging_mixin.py:109} INFO - [2022-12-01 21:27:17,452] {dag.py:2398} INFO - Sync 1 DAGs
[2022-12-01 21:27:17,462] {logging_mixin.py:109} INFO - [2022-12-01 21:27:17,462] {dag.py:2937} INFO - Setting next_dagrun for example_time_delta_sensor_async to None
[2022-12-01 21:27:17,470] {processor.py:171} INFO - Processing /home/airflow/.local/lib/python3.7/site-packages/airflow/example_dags/example_time_delta_sensor_async.py took 0.047 seconds
[2022-12-01 21:27:48,506] {processor.py:163} INFO - Started process (PID=475) to work on /home/airflow/.local/lib/python3.7/site-packages/airflow/example_dags/example_time_delta_sensor_async.py
[2022-12-01 21:27:48,506] {processor.py:642} INFO - Processing file /home/airflow/.local/lib/python3.7/site-packages/airflow/example_dags/example_time_delta_sensor_async.py for tasks to queue
[2022-12-01 21:27:48,507] {logging_mixin.py:109} INFO - [2022-12-01 21:27:48,506] {dagbag.py:500} INFO - Filling up the DagBag from /home/airflow/.local/lib/python3.7/site-packages/airflow/example_dags/example_time_delta_sensor_async.py
[2022-12-01 21:27:48,527] {processor.py:654} INFO - DAG(s) dict_keys(['example_time_delta_sensor_async']) retrieved from /home/airflow/.local/lib/python3.7/site-packages/airflow/example_dags/example_time_delta_sensor_async.py
[2022-12-01 21:27:48,537] {logging_mixin.py:109} INFO - [2022-12-01 21:27:48,537] {dag.py:2398} INFO - Sync 1 DAGs
[2022-12-01 21:27:48,552] {logging_mixin.py:109} INFO - [2022-12-01 21:27:48,552] {dag.py:2937} INFO - Setting next_dagrun for example_time_delta_sensor_async to None
[2022-12-01 21:27:48,559] {processor.py:171} INFO - Processing /home/airflow/.local/lib/python3.7/site-packages/airflow/example_dags/example_time_delta_sensor_async.py took 0.056 seconds
[2022-12-01 21:28:19,734] {processor.py:163} INFO - Started process (PID=546) to work on /home/airflow/.local/lib/python3.7/site-packages/airflow/example_dags/example_time_delta_sensor_async.py
[2022-12-01 21:28:19,734] {processor.py:642} INFO - Processing file /home/airflow/.local/lib/python3.7/site-packages/airflow/example_dags/example_time_delta_sensor_async.py for tasks to queue
[2022-12-01 21:28:19,735] {logging_mixin.py:109} INFO - [2022-12-01 21:28:19,735] {dagbag.py:500} INFO - Filling up the DagBag from /home/airflow/.local/lib/python3.7/site-packages/airflow/example_dags/example_time_delta_sensor_async.py
[2022-12-01 21:28:19,755] {processor.py:654} INFO - DAG(s) dict_keys(['example_time_delta_sensor_async']) retrieved from /home/airflow/.local/lib/python3.7/site-packages/airflow/example_dags/example_time_delta_sensor_async.py
[2022-12-01 21:28:19,763] {logging_mixin.py:109} INFO - [2022-12-01 21:28:19,763] {dag.py:2398} INFO - Sync 1 DAGs
[2022-12-01 21:28:19,778] {logging_mixin.py:109} INFO - [2022-12-01 21:28:19,778] {dag.py:2937} INFO - Setting next_dagrun for example_time_delta_sensor_async to None
[2022-12-01 21:28:19,786] {processor.py:171} INFO - Processing /home/airflow/.local/lib/python3.7/site-packages/airflow/example_dags/example_time_delta_sensor_async.py took 0.055 seconds
[2022-12-01 21:28:50,173] {processor.py:163} INFO - Started process (PID=619) to work on /home/airflow/.local/lib/python3.7/site-packages/airflow/example_dags/example_time_delta_sensor_async.py
[2022-12-01 21:28:50,174] {processor.py:642} INFO - Processing file /home/airflow/.local/lib/python3.7/site-packages/airflow/example_dags/example_time_delta_sensor_async.py for tasks to queue
[2022-12-01 21:28:50,175] {logging_mixin.py:109} INFO - [2022-12-01 21:28:50,175] {dagbag.py:500} INFO - Filling up the DagBag from /home/airflow/.local/lib/python3.7/site-packages/airflow/example_dags/example_time_delta_sensor_async.py
[2022-12-01 21:28:50,197] {processor.py:654} INFO - DAG(s) dict_keys(['example_time_delta_sensor_async']) retrieved from /home/airflow/.local/lib/python3.7/site-packages/airflow/example_dags/example_time_delta_sensor_async.py
[2022-12-01 21:28:50,208] {logging_mixin.py:109} INFO - [2022-12-01 21:28:50,207] {dag.py:2398} INFO - Sync 1 DAGs
[2022-12-01 21:28:50,225] {logging_mixin.py:109} INFO - [2022-12-01 21:28:50,225] {dag.py:2937} INFO - Setting next_dagrun for example_time_delta_sensor_async to None
[2022-12-01 21:28:50,242] {processor.py:171} INFO - Processing /home/airflow/.local/lib/python3.7/site-packages/airflow/example_dags/example_time_delta_sensor_async.py took 0.071 seconds
[2022-12-01 21:29:21,428] {processor.py:163} INFO - Started process (PID=682) to work on /home/airflow/.local/lib/python3.7/site-packages/airflow/example_dags/example_time_delta_sensor_async.py
[2022-12-01 21:29:21,429] {processor.py:642} INFO - Processing file /home/airflow/.local/lib/python3.7/site-packages/airflow/example_dags/example_time_delta_sensor_async.py for tasks to queue
[2022-12-01 21:29:21,429] {logging_mixin.py:109} INFO - [2022-12-01 21:29:21,429] {dagbag.py:500} INFO - Filling up the DagBag from /home/airflow/.local/lib/python3.7/site-packages/airflow/example_dags/example_time_delta_sensor_async.py
[2022-12-01 21:29:21,448] {processor.py:654} INFO - DAG(s) dict_keys(['example_time_delta_sensor_async']) retrieved from /home/airflow/.local/lib/python3.7/site-packages/airflow/example_dags/example_time_delta_sensor_async.py
[2022-12-01 21:29:21,454] {logging_mixin.py:109} INFO - [2022-12-01 21:29:21,454] {dag.py:2398} INFO - Sync 1 DAGs
[2022-12-01 21:29:21,464] {logging_mixin.py:109} INFO - [2022-12-01 21:29:21,464] {dag.py:2937} INFO - Setting next_dagrun for example_time_delta_sensor_async to None
[2022-12-01 21:29:21,478] {processor.py:171} INFO - Processing /home/airflow/.local/lib/python3.7/site-packages/airflow/example_dags/example_time_delta_sensor_async.py took 0.052 seconds
[2022-12-01 21:29:52,795] {processor.py:163} INFO - Started process (PID=753) to work on /home/airflow/.local/lib/python3.7/site-packages/airflow/example_dags/example_time_delta_sensor_async.py
[2022-12-01 21:29:52,796] {processor.py:642} INFO - Processing file /home/airflow/.local/lib/python3.7/site-packages/airflow/example_dags/example_time_delta_sensor_async.py for tasks to queue
[2022-12-01 21:29:52,796] {logging_mixin.py:109} INFO - [2022-12-01 21:29:52,796] {dagbag.py:500} INFO - Filling up the DagBag from /home/airflow/.local/lib/python3.7/site-packages/airflow/example_dags/example_time_delta_sensor_async.py
[2022-12-01 21:29:52,817] {processor.py:654} INFO - DAG(s) dict_keys(['example_time_delta_sensor_async']) retrieved from /home/airflow/.local/lib/python3.7/site-packages/airflow/example_dags/example_time_delta_sensor_async.py
[2022-12-01 21:29:52,824] {logging_mixin.py:109} INFO - [2022-12-01 21:29:52,824] {dag.py:2398} INFO - Sync 1 DAGs
[2022-12-01 21:29:52,836] {logging_mixin.py:109} INFO - [2022-12-01 21:29:52,836] {dag.py:2937} INFO - Setting next_dagrun for example_time_delta_sensor_async to None
[2022-12-01 21:29:52,849] {processor.py:171} INFO - Processing /home/airflow/.local/lib/python3.7/site-packages/airflow/example_dags/example_time_delta_sensor_async.py took 0.056 seconds
[2022-12-01 21:30:23,940] {processor.py:163} INFO - Started process (PID=815) to work on /home/airflow/.local/lib/python3.7/site-packages/airflow/example_dags/example_time_delta_sensor_async.py
[2022-12-01 21:30:23,943] {processor.py:642} INFO - Processing file /home/airflow/.local/lib/python3.7/site-packages/airflow/example_dags/example_time_delta_sensor_async.py for tasks to queue
[2022-12-01 21:30:23,944] {logging_mixin.py:109} INFO - [2022-12-01 21:30:23,944] {dagbag.py:500} INFO - Filling up the DagBag from /home/airflow/.local/lib/python3.7/site-packages/airflow/example_dags/example_time_delta_sensor_async.py
[2022-12-01 21:30:23,966] {processor.py:654} INFO - DAG(s) dict_keys(['example_time_delta_sensor_async']) retrieved from /home/airflow/.local/lib/python3.7/site-packages/airflow/example_dags/example_time_delta_sensor_async.py
[2022-12-01 21:30:23,976] {logging_mixin.py:109} INFO - [2022-12-01 21:30:23,976] {dag.py:2398} INFO - Sync 1 DAGs
[2022-12-01 21:30:23,990] {logging_mixin.py:109} INFO - [2022-12-01 21:30:23,990] {dag.py:2937} INFO - Setting next_dagrun for example_time_delta_sensor_async to None
[2022-12-01 21:30:24,004] {processor.py:171} INFO - Processing /home/airflow/.local/lib/python3.7/site-packages/airflow/example_dags/example_time_delta_sensor_async.py took 0.066 seconds
[2022-12-01 21:30:54,066] {processor.py:163} INFO - Started process (PID=876) to work on /home/airflow/.local/lib/python3.7/site-packages/airflow/example_dags/example_time_delta_sensor_async.py
[2022-12-01 21:30:54,066] {processor.py:642} INFO - Processing file /home/airflow/.local/lib/python3.7/site-packages/airflow/example_dags/example_time_delta_sensor_async.py for tasks to queue
[2022-12-01 21:30:54,067] {logging_mixin.py:109} INFO - [2022-12-01 21:30:54,067] {dagbag.py:500} INFO - Filling up the DagBag from /home/airflow/.local/lib/python3.7/site-packages/airflow/example_dags/example_time_delta_sensor_async.py
[2022-12-01 21:30:54,090] {processor.py:654} INFO - DAG(s) dict_keys(['example_time_delta_sensor_async']) retrieved from /home/airflow/.local/lib/python3.7/site-packages/airflow/example_dags/example_time_delta_sensor_async.py
[2022-12-01 21:30:54,101] {logging_mixin.py:109} INFO - [2022-12-01 21:30:54,101] {dag.py:2398} INFO - Sync 1 DAGs
[2022-12-01 21:30:54,122] {logging_mixin.py:109} INFO - [2022-12-01 21:30:54,122] {dag.py:2937} INFO - Setting next_dagrun for example_time_delta_sensor_async to None
[2022-12-01 21:30:54,139] {processor.py:171} INFO - Processing /home/airflow/.local/lib/python3.7/site-packages/airflow/example_dags/example_time_delta_sensor_async.py took 0.076 seconds
[2022-12-01 21:31:24,190] {processor.py:163} INFO - Started process (PID=938) to work on /home/airflow/.local/lib/python3.7/site-packages/airflow/example_dags/example_time_delta_sensor_async.py
[2022-12-01 21:31:24,191] {processor.py:642} INFO - Processing file /home/airflow/.local/lib/python3.7/site-packages/airflow/example_dags/example_time_delta_sensor_async.py for tasks to queue
[2022-12-01 21:31:24,191] {logging_mixin.py:109} INFO - [2022-12-01 21:31:24,191] {dagbag.py:500} INFO - Filling up the DagBag from /home/airflow/.local/lib/python3.7/site-packages/airflow/example_dags/example_time_delta_sensor_async.py
[2022-12-01 21:31:24,212] {processor.py:654} INFO - DAG(s) dict_keys(['example_time_delta_sensor_async']) retrieved from /home/airflow/.local/lib/python3.7/site-packages/airflow/example_dags/example_time_delta_sensor_async.py
[2022-12-01 21:31:24,218] {logging_mixin.py:109} INFO - [2022-12-01 21:31:24,218] {dag.py:2398} INFO - Sync 1 DAGs
[2022-12-01 21:31:24,229] {logging_mixin.py:109} INFO - [2022-12-01 21:31:24,228] {dag.py:2937} INFO - Setting next_dagrun for example_time_delta_sensor_async to None
[2022-12-01 21:31:24,243] {processor.py:171} INFO - Processing /home/airflow/.local/lib/python3.7/site-packages/airflow/example_dags/example_time_delta_sensor_async.py took 0.055 seconds
[2022-12-01 21:31:54,622] {processor.py:163} INFO - Started process (PID=1008) to work on /home/airflow/.local/lib/python3.7/site-packages/airflow/example_dags/example_time_delta_sensor_async.py
[2022-12-01 21:31:54,623] {processor.py:642} INFO - Processing file /home/airflow/.local/lib/python3.7/site-packages/airflow/example_dags/example_time_delta_sensor_async.py for tasks to queue
[2022-12-01 21:31:54,623] {logging_mixin.py:109} INFO - [2022-12-01 21:31:54,623] {dagbag.py:500} INFO - Filling up the DagBag from /home/airflow/.local/lib/python3.7/site-packages/airflow/example_dags/example_time_delta_sensor_async.py
[2022-12-01 21:31:54,647] {processor.py:654} INFO - DAG(s) dict_keys(['example_time_delta_sensor_async']) retrieved from /home/airflow/.local/lib/python3.7/site-packages/airflow/example_dags/example_time_delta_sensor_async.py
[2022-12-01 21:31:54,657] {logging_mixin.py:109} INFO - [2022-12-01 21:31:54,657] {dag.py:2398} INFO - Sync 1 DAGs
[2022-12-01 21:31:54,676] {logging_mixin.py:109} INFO - [2022-12-01 21:31:54,675] {dag.py:2937} INFO - Setting next_dagrun for example_time_delta_sensor_async to None
[2022-12-01 21:31:54,691] {processor.py:171} INFO - Processing /home/airflow/.local/lib/python3.7/site-packages/airflow/example_dags/example_time_delta_sensor_async.py took 0.071 seconds
[2022-12-01 21:32:24,989] {processor.py:163} INFO - Started process (PID=1070) to work on /home/airflow/.local/lib/python3.7/site-packages/airflow/example_dags/example_time_delta_sensor_async.py
[2022-12-01 21:32:24,990] {processor.py:642} INFO - Processing file /home/airflow/.local/lib/python3.7/site-packages/airflow/example_dags/example_time_delta_sensor_async.py for tasks to queue
[2022-12-01 21:32:24,990] {logging_mixin.py:109} INFO - [2022-12-01 21:32:24,990] {dagbag.py:500} INFO - Filling up the DagBag from /home/airflow/.local/lib/python3.7/site-packages/airflow/example_dags/example_time_delta_sensor_async.py
[2022-12-01 21:32:25,011] {processor.py:654} INFO - DAG(s) dict_keys(['example_time_delta_sensor_async']) retrieved from /home/airflow/.local/lib/python3.7/site-packages/airflow/example_dags/example_time_delta_sensor_async.py
[2022-12-01 21:32:25,017] {logging_mixin.py:109} INFO - [2022-12-01 21:32:25,017] {dag.py:2398} INFO - Sync 1 DAGs
[2022-12-01 21:32:25,029] {logging_mixin.py:109} INFO - [2022-12-01 21:32:25,029] {dag.py:2937} INFO - Setting next_dagrun for example_time_delta_sensor_async to None
[2022-12-01 21:32:25,046] {processor.py:171} INFO - Processing /home/airflow/.local/lib/python3.7/site-packages/airflow/example_dags/example_time_delta_sensor_async.py took 0.059 seconds
[2022-12-01 21:32:55,191] {processor.py:163} INFO - Started process (PID=1141) to work on /home/airflow/.local/lib/python3.7/site-packages/airflow/example_dags/example_time_delta_sensor_async.py
[2022-12-01 21:32:55,192] {processor.py:642} INFO - Processing file /home/airflow/.local/lib/python3.7/site-packages/airflow/example_dags/example_time_delta_sensor_async.py for tasks to queue
[2022-12-01 21:32:55,193] {logging_mixin.py:109} INFO - [2022-12-01 21:32:55,193] {dagbag.py:500} INFO - Filling up the DagBag from /home/airflow/.local/lib/python3.7/site-packages/airflow/example_dags/example_time_delta_sensor_async.py
[2022-12-01 21:32:55,224] {processor.py:654} INFO - DAG(s) dict_keys(['example_time_delta_sensor_async']) retrieved from /home/airflow/.local/lib/python3.7/site-packages/airflow/example_dags/example_time_delta_sensor_async.py
[2022-12-01 21:32:55,234] {logging_mixin.py:109} INFO - [2022-12-01 21:32:55,234] {dag.py:2398} INFO - Sync 1 DAGs
[2022-12-01 21:32:55,253] {logging_mixin.py:109} INFO - [2022-12-01 21:32:55,253] {dag.py:2937} INFO - Setting next_dagrun for example_time_delta_sensor_async to None
[2022-12-01 21:32:55,273] {processor.py:171} INFO - Processing /home/airflow/.local/lib/python3.7/site-packages/airflow/example_dags/example_time_delta_sensor_async.py took 0.085 seconds
[2022-12-01 21:33:25,510] {processor.py:163} INFO - Started process (PID=1203) to work on /home/airflow/.local/lib/python3.7/site-packages/airflow/example_dags/example_time_delta_sensor_async.py
[2022-12-01 21:33:25,511] {processor.py:642} INFO - Processing file /home/airflow/.local/lib/python3.7/site-packages/airflow/example_dags/example_time_delta_sensor_async.py for tasks to queue
[2022-12-01 21:33:25,511] {logging_mixin.py:109} INFO - [2022-12-01 21:33:25,511] {dagbag.py:500} INFO - Filling up the DagBag from /home/airflow/.local/lib/python3.7/site-packages/airflow/example_dags/example_time_delta_sensor_async.py
[2022-12-01 21:33:25,535] {processor.py:654} INFO - DAG(s) dict_keys(['example_time_delta_sensor_async']) retrieved from /home/airflow/.local/lib/python3.7/site-packages/airflow/example_dags/example_time_delta_sensor_async.py
[2022-12-01 21:33:25,542] {logging_mixin.py:109} INFO - [2022-12-01 21:33:25,541] {dag.py:2398} INFO - Sync 1 DAGs
[2022-12-01 21:33:25,551] {logging_mixin.py:109} INFO - [2022-12-01 21:33:25,551] {dag.py:2937} INFO - Setting next_dagrun for example_time_delta_sensor_async to None
[2022-12-01 21:33:25,565] {processor.py:171} INFO - Processing /home/airflow/.local/lib/python3.7/site-packages/airflow/example_dags/example_time_delta_sensor_async.py took 0.057 seconds
[2022-12-01 21:33:56,187] {processor.py:163} INFO - Started process (PID=1277) to work on /home/airflow/.local/lib/python3.7/site-packages/airflow/example_dags/example_time_delta_sensor_async.py
[2022-12-01 21:33:56,188] {processor.py:642} INFO - Processing file /home/airflow/.local/lib/python3.7/site-packages/airflow/example_dags/example_time_delta_sensor_async.py for tasks to queue
[2022-12-01 21:33:56,189] {logging_mixin.py:109} INFO - [2022-12-01 21:33:56,189] {dagbag.py:500} INFO - Filling up the DagBag from /home/airflow/.local/lib/python3.7/site-packages/airflow/example_dags/example_time_delta_sensor_async.py
[2022-12-01 21:33:56,218] {processor.py:654} INFO - DAG(s) dict_keys(['example_time_delta_sensor_async']) retrieved from /home/airflow/.local/lib/python3.7/site-packages/airflow/example_dags/example_time_delta_sensor_async.py
[2022-12-01 21:33:56,228] {logging_mixin.py:109} INFO - [2022-12-01 21:33:56,228] {dag.py:2398} INFO - Sync 1 DAGs
[2022-12-01 21:33:56,247] {logging_mixin.py:109} INFO - [2022-12-01 21:33:56,247] {dag.py:2937} INFO - Setting next_dagrun for example_time_delta_sensor_async to None
[2022-12-01 21:33:56,263] {processor.py:171} INFO - Processing /home/airflow/.local/lib/python3.7/site-packages/airflow/example_dags/example_time_delta_sensor_async.py took 0.079 seconds
[2022-12-01 21:34:26,500] {processor.py:163} INFO - Started process (PID=1339) to work on /home/airflow/.local/lib/python3.7/site-packages/airflow/example_dags/example_time_delta_sensor_async.py
[2022-12-01 21:34:26,501] {processor.py:642} INFO - Processing file /home/airflow/.local/lib/python3.7/site-packages/airflow/example_dags/example_time_delta_sensor_async.py for tasks to queue
[2022-12-01 21:34:26,501] {logging_mixin.py:109} INFO - [2022-12-01 21:34:26,501] {dagbag.py:500} INFO - Filling up the DagBag from /home/airflow/.local/lib/python3.7/site-packages/airflow/example_dags/example_time_delta_sensor_async.py
[2022-12-01 21:34:26,521] {processor.py:654} INFO - DAG(s) dict_keys(['example_time_delta_sensor_async']) retrieved from /home/airflow/.local/lib/python3.7/site-packages/airflow/example_dags/example_time_delta_sensor_async.py
[2022-12-01 21:34:26,527] {logging_mixin.py:109} INFO - [2022-12-01 21:34:26,527] {dag.py:2398} INFO - Sync 1 DAGs
[2022-12-01 21:34:26,539] {logging_mixin.py:109} INFO - [2022-12-01 21:34:26,539] {dag.py:2937} INFO - Setting next_dagrun for example_time_delta_sensor_async to None
[2022-12-01 21:34:26,551] {processor.py:171} INFO - Processing /home/airflow/.local/lib/python3.7/site-packages/airflow/example_dags/example_time_delta_sensor_async.py took 0.053 seconds
[2022-12-01 21:34:56,869] {processor.py:163} INFO - Started process (PID=1409) to work on /home/airflow/.local/lib/python3.7/site-packages/airflow/example_dags/example_time_delta_sensor_async.py
[2022-12-01 21:34:56,870] {processor.py:642} INFO - Processing file /home/airflow/.local/lib/python3.7/site-packages/airflow/example_dags/example_time_delta_sensor_async.py for tasks to queue
[2022-12-01 21:34:56,871] {logging_mixin.py:109} INFO - [2022-12-01 21:34:56,871] {dagbag.py:500} INFO - Filling up the DagBag from /home/airflow/.local/lib/python3.7/site-packages/airflow/example_dags/example_time_delta_sensor_async.py
[2022-12-01 21:34:56,899] {processor.py:654} INFO - DAG(s) dict_keys(['example_time_delta_sensor_async']) retrieved from /home/airflow/.local/lib/python3.7/site-packages/airflow/example_dags/example_time_delta_sensor_async.py
[2022-12-01 21:34:56,908] {logging_mixin.py:109} INFO - [2022-12-01 21:34:56,908] {dag.py:2398} INFO - Sync 1 DAGs
[2022-12-01 21:34:56,924] {logging_mixin.py:109} INFO - [2022-12-01 21:34:56,924] {dag.py:2937} INFO - Setting next_dagrun for example_time_delta_sensor_async to None
[2022-12-01 21:34:56,937] {processor.py:171} INFO - Processing /home/airflow/.local/lib/python3.7/site-packages/airflow/example_dags/example_time_delta_sensor_async.py took 0.072 seconds
[2022-12-01 21:35:27,146] {processor.py:163} INFO - Started process (PID=1471) to work on /home/airflow/.local/lib/python3.7/site-packages/airflow/example_dags/example_time_delta_sensor_async.py
[2022-12-01 21:35:27,147] {processor.py:642} INFO - Processing file /home/airflow/.local/lib/python3.7/site-packages/airflow/example_dags/example_time_delta_sensor_async.py for tasks to queue
[2022-12-01 21:35:27,147] {logging_mixin.py:109} INFO - [2022-12-01 21:35:27,147] {dagbag.py:500} INFO - Filling up the DagBag from /home/airflow/.local/lib/python3.7/site-packages/airflow/example_dags/example_time_delta_sensor_async.py
[2022-12-01 21:35:27,167] {processor.py:654} INFO - DAG(s) dict_keys(['example_time_delta_sensor_async']) retrieved from /home/airflow/.local/lib/python3.7/site-packages/airflow/example_dags/example_time_delta_sensor_async.py
[2022-12-01 21:35:27,174] {logging_mixin.py:109} INFO - [2022-12-01 21:35:27,173] {dag.py:2398} INFO - Sync 1 DAGs
[2022-12-01 21:35:27,183] {logging_mixin.py:109} INFO - [2022-12-01 21:35:27,183] {dag.py:2937} INFO - Setting next_dagrun for example_time_delta_sensor_async to None
[2022-12-01 21:35:27,198] {processor.py:171} INFO - Processing /home/airflow/.local/lib/python3.7/site-packages/airflow/example_dags/example_time_delta_sensor_async.py took 0.053 seconds
[2022-12-01 21:35:57,433] {processor.py:163} INFO - Started process (PID=1543) to work on /home/airflow/.local/lib/python3.7/site-packages/airflow/example_dags/example_time_delta_sensor_async.py
[2022-12-01 21:35:57,433] {processor.py:642} INFO - Processing file /home/airflow/.local/lib/python3.7/site-packages/airflow/example_dags/example_time_delta_sensor_async.py for tasks to queue
[2022-12-01 21:35:57,434] {logging_mixin.py:109} INFO - [2022-12-01 21:35:57,434] {dagbag.py:500} INFO - Filling up the DagBag from /home/airflow/.local/lib/python3.7/site-packages/airflow/example_dags/example_time_delta_sensor_async.py
[2022-12-01 21:35:57,457] {processor.py:654} INFO - DAG(s) dict_keys(['example_time_delta_sensor_async']) retrieved from /home/airflow/.local/lib/python3.7/site-packages/airflow/example_dags/example_time_delta_sensor_async.py
[2022-12-01 21:35:57,467] {logging_mixin.py:109} INFO - [2022-12-01 21:35:57,467] {dag.py:2398} INFO - Sync 1 DAGs
[2022-12-01 21:35:57,484] {logging_mixin.py:109} INFO - [2022-12-01 21:35:57,484] {dag.py:2937} INFO - Setting next_dagrun for example_time_delta_sensor_async to None
[2022-12-01 21:35:57,494] {processor.py:171} INFO - Processing /home/airflow/.local/lib/python3.7/site-packages/airflow/example_dags/example_time_delta_sensor_async.py took 0.064 seconds
[2022-12-01 21:36:27,779] {processor.py:163} INFO - Started process (PID=1606) to work on /home/airflow/.local/lib/python3.7/site-packages/airflow/example_dags/example_time_delta_sensor_async.py
[2022-12-01 21:36:27,780] {processor.py:642} INFO - Processing file /home/airflow/.local/lib/python3.7/site-packages/airflow/example_dags/example_time_delta_sensor_async.py for tasks to queue
[2022-12-01 21:36:27,780] {logging_mixin.py:109} INFO - [2022-12-01 21:36:27,780] {dagbag.py:500} INFO - Filling up the DagBag from /home/airflow/.local/lib/python3.7/site-packages/airflow/example_dags/example_time_delta_sensor_async.py
[2022-12-01 21:36:27,803] {processor.py:654} INFO - DAG(s) dict_keys(['example_time_delta_sensor_async']) retrieved from /home/airflow/.local/lib/python3.7/site-packages/airflow/example_dags/example_time_delta_sensor_async.py
[2022-12-01 21:36:27,812] {logging_mixin.py:109} INFO - [2022-12-01 21:36:27,812] {dag.py:2398} INFO - Sync 1 DAGs
[2022-12-01 21:36:27,828] {logging_mixin.py:109} INFO - [2022-12-01 21:36:27,828] {dag.py:2937} INFO - Setting next_dagrun for example_time_delta_sensor_async to None
[2022-12-01 21:36:27,836] {processor.py:171} INFO - Processing /home/airflow/.local/lib/python3.7/site-packages/airflow/example_dags/example_time_delta_sensor_async.py took 0.060 seconds
[2022-12-01 21:36:57,957] {processor.py:163} INFO - Started process (PID=1676) to work on /home/airflow/.local/lib/python3.7/site-packages/airflow/example_dags/example_time_delta_sensor_async.py
[2022-12-01 21:36:57,957] {processor.py:642} INFO - Processing file /home/airflow/.local/lib/python3.7/site-packages/airflow/example_dags/example_time_delta_sensor_async.py for tasks to queue
[2022-12-01 21:36:57,958] {logging_mixin.py:109} INFO - [2022-12-01 21:36:57,958] {dagbag.py:500} INFO - Filling up the DagBag from /home/airflow/.local/lib/python3.7/site-packages/airflow/example_dags/example_time_delta_sensor_async.py
[2022-12-01 21:36:57,980] {processor.py:654} INFO - DAG(s) dict_keys(['example_time_delta_sensor_async']) retrieved from /home/airflow/.local/lib/python3.7/site-packages/airflow/example_dags/example_time_delta_sensor_async.py
[2022-12-01 21:36:57,987] {logging_mixin.py:109} INFO - [2022-12-01 21:36:57,987] {dag.py:2398} INFO - Sync 1 DAGs
[2022-12-01 21:36:57,999] {logging_mixin.py:109} INFO - [2022-12-01 21:36:57,999] {dag.py:2937} INFO - Setting next_dagrun for example_time_delta_sensor_async to None
[2022-12-01 21:36:58,013] {processor.py:171} INFO - Processing /home/airflow/.local/lib/python3.7/site-packages/airflow/example_dags/example_time_delta_sensor_async.py took 0.058 seconds
[2022-12-01 21:37:28,302] {processor.py:163} INFO - Started process (PID=1739) to work on /home/airflow/.local/lib/python3.7/site-packages/airflow/example_dags/example_time_delta_sensor_async.py
[2022-12-01 21:37:28,303] {processor.py:642} INFO - Processing file /home/airflow/.local/lib/python3.7/site-packages/airflow/example_dags/example_time_delta_sensor_async.py for tasks to queue
[2022-12-01 21:37:28,304] {logging_mixin.py:109} INFO - [2022-12-01 21:37:28,304] {dagbag.py:500} INFO - Filling up the DagBag from /home/airflow/.local/lib/python3.7/site-packages/airflow/example_dags/example_time_delta_sensor_async.py
[2022-12-01 21:37:28,325] {processor.py:654} INFO - DAG(s) dict_keys(['example_time_delta_sensor_async']) retrieved from /home/airflow/.local/lib/python3.7/site-packages/airflow/example_dags/example_time_delta_sensor_async.py
[2022-12-01 21:37:28,334] {logging_mixin.py:109} INFO - [2022-12-01 21:37:28,334] {dag.py:2398} INFO - Sync 1 DAGs
[2022-12-01 21:37:28,350] {logging_mixin.py:109} INFO - [2022-12-01 21:37:28,350] {dag.py:2937} INFO - Setting next_dagrun for example_time_delta_sensor_async to None
[2022-12-01 21:37:28,365] {processor.py:171} INFO - Processing /home/airflow/.local/lib/python3.7/site-packages/airflow/example_dags/example_time_delta_sensor_async.py took 0.065 seconds
[2022-12-01 21:37:58,508] {processor.py:163} INFO - Started process (PID=1809) to work on /home/airflow/.local/lib/python3.7/site-packages/airflow/example_dags/example_time_delta_sensor_async.py
[2022-12-01 21:37:58,509] {processor.py:642} INFO - Processing file /home/airflow/.local/lib/python3.7/site-packages/airflow/example_dags/example_time_delta_sensor_async.py for tasks to queue
[2022-12-01 21:37:58,509] {logging_mixin.py:109} INFO - [2022-12-01 21:37:58,509] {dagbag.py:500} INFO - Filling up the DagBag from /home/airflow/.local/lib/python3.7/site-packages/airflow/example_dags/example_time_delta_sensor_async.py
[2022-12-01 21:37:58,531] {processor.py:654} INFO - DAG(s) dict_keys(['example_time_delta_sensor_async']) retrieved from /home/airflow/.local/lib/python3.7/site-packages/airflow/example_dags/example_time_delta_sensor_async.py
[2022-12-01 21:37:58,540] {logging_mixin.py:109} INFO - [2022-12-01 21:37:58,540] {dag.py:2398} INFO - Sync 1 DAGs
[2022-12-01 21:37:58,553] {logging_mixin.py:109} INFO - [2022-12-01 21:37:58,553] {dag.py:2937} INFO - Setting next_dagrun for example_time_delta_sensor_async to None
[2022-12-01 21:37:58,571] {processor.py:171} INFO - Processing /home/airflow/.local/lib/python3.7/site-packages/airflow/example_dags/example_time_delta_sensor_async.py took 0.065 seconds
[2022-12-01 21:38:28,845] {processor.py:163} INFO - Started process (PID=1871) to work on /home/airflow/.local/lib/python3.7/site-packages/airflow/example_dags/example_time_delta_sensor_async.py
[2022-12-01 21:38:28,846] {processor.py:642} INFO - Processing file /home/airflow/.local/lib/python3.7/site-packages/airflow/example_dags/example_time_delta_sensor_async.py for tasks to queue
[2022-12-01 21:38:28,847] {logging_mixin.py:109} INFO - [2022-12-01 21:38:28,846] {dagbag.py:500} INFO - Filling up the DagBag from /home/airflow/.local/lib/python3.7/site-packages/airflow/example_dags/example_time_delta_sensor_async.py
[2022-12-01 21:38:28,866] {processor.py:654} INFO - DAG(s) dict_keys(['example_time_delta_sensor_async']) retrieved from /home/airflow/.local/lib/python3.7/site-packages/airflow/example_dags/example_time_delta_sensor_async.py
[2022-12-01 21:38:28,873] {logging_mixin.py:109} INFO - [2022-12-01 21:38:28,873] {dag.py:2398} INFO - Sync 1 DAGs
[2022-12-01 21:38:28,884] {logging_mixin.py:109} INFO - [2022-12-01 21:38:28,884] {dag.py:2937} INFO - Setting next_dagrun for example_time_delta_sensor_async to None
[2022-12-01 21:38:28,891] {processor.py:171} INFO - Processing /home/airflow/.local/lib/python3.7/site-packages/airflow/example_dags/example_time_delta_sensor_async.py took 0.048 seconds
[2022-12-01 21:38:59,338] {processor.py:163} INFO - Started process (PID=1943) to work on /home/airflow/.local/lib/python3.7/site-packages/airflow/example_dags/example_time_delta_sensor_async.py
[2022-12-01 21:38:59,339] {processor.py:642} INFO - Processing file /home/airflow/.local/lib/python3.7/site-packages/airflow/example_dags/example_time_delta_sensor_async.py for tasks to queue
[2022-12-01 21:38:59,339] {logging_mixin.py:109} INFO - [2022-12-01 21:38:59,339] {dagbag.py:500} INFO - Filling up the DagBag from /home/airflow/.local/lib/python3.7/site-packages/airflow/example_dags/example_time_delta_sensor_async.py
[2022-12-01 21:38:59,358] {processor.py:654} INFO - DAG(s) dict_keys(['example_time_delta_sensor_async']) retrieved from /home/airflow/.local/lib/python3.7/site-packages/airflow/example_dags/example_time_delta_sensor_async.py
[2022-12-01 21:38:59,364] {logging_mixin.py:109} INFO - [2022-12-01 21:38:59,364] {dag.py:2398} INFO - Sync 1 DAGs
[2022-12-01 21:38:59,374] {logging_mixin.py:109} INFO - [2022-12-01 21:38:59,374] {dag.py:2937} INFO - Setting next_dagrun for example_time_delta_sensor_async to None
[2022-12-01 21:38:59,387] {processor.py:171} INFO - Processing /home/airflow/.local/lib/python3.7/site-packages/airflow/example_dags/example_time_delta_sensor_async.py took 0.051 seconds
[2022-12-01 21:39:29,636] {processor.py:163} INFO - Started process (PID=2005) to work on /home/airflow/.local/lib/python3.7/site-packages/airflow/example_dags/example_time_delta_sensor_async.py
[2022-12-01 21:39:29,637] {processor.py:642} INFO - Processing file /home/airflow/.local/lib/python3.7/site-packages/airflow/example_dags/example_time_delta_sensor_async.py for tasks to queue
[2022-12-01 21:39:29,637] {logging_mixin.py:109} INFO - [2022-12-01 21:39:29,637] {dagbag.py:500} INFO - Filling up the DagBag from /home/airflow/.local/lib/python3.7/site-packages/airflow/example_dags/example_time_delta_sensor_async.py
[2022-12-01 21:39:29,657] {processor.py:654} INFO - DAG(s) dict_keys(['example_time_delta_sensor_async']) retrieved from /home/airflow/.local/lib/python3.7/site-packages/airflow/example_dags/example_time_delta_sensor_async.py
[2022-12-01 21:39:29,663] {logging_mixin.py:109} INFO - [2022-12-01 21:39:29,663] {dag.py:2398} INFO - Sync 1 DAGs
[2022-12-01 21:39:29,673] {logging_mixin.py:109} INFO - [2022-12-01 21:39:29,673] {dag.py:2937} INFO - Setting next_dagrun for example_time_delta_sensor_async to None
[2022-12-01 21:39:29,680] {processor.py:171} INFO - Processing /home/airflow/.local/lib/python3.7/site-packages/airflow/example_dags/example_time_delta_sensor_async.py took 0.046 seconds
[2022-12-01 21:39:59,979] {processor.py:163} INFO - Started process (PID=2076) to work on /home/airflow/.local/lib/python3.7/site-packages/airflow/example_dags/example_time_delta_sensor_async.py
[2022-12-01 21:39:59,979] {processor.py:642} INFO - Processing file /home/airflow/.local/lib/python3.7/site-packages/airflow/example_dags/example_time_delta_sensor_async.py for tasks to queue
[2022-12-01 21:39:59,980] {logging_mixin.py:109} INFO - [2022-12-01 21:39:59,980] {dagbag.py:500} INFO - Filling up the DagBag from /home/airflow/.local/lib/python3.7/site-packages/airflow/example_dags/example_time_delta_sensor_async.py
[2022-12-01 21:39:59,999] {processor.py:654} INFO - DAG(s) dict_keys(['example_time_delta_sensor_async']) retrieved from /home/airflow/.local/lib/python3.7/site-packages/airflow/example_dags/example_time_delta_sensor_async.py
[2022-12-01 21:40:00,005] {logging_mixin.py:109} INFO - [2022-12-01 21:40:00,005] {dag.py:2398} INFO - Sync 1 DAGs
[2022-12-01 21:40:00,015] {logging_mixin.py:109} INFO - [2022-12-01 21:40:00,015] {dag.py:2937} INFO - Setting next_dagrun for example_time_delta_sensor_async to None
[2022-12-01 21:40:00,023] {processor.py:171} INFO - Processing /home/airflow/.local/lib/python3.7/site-packages/airflow/example_dags/example_time_delta_sensor_async.py took 0.046 seconds
[2022-12-01 21:40:30,353] {processor.py:163} INFO - Started process (PID=2138) to work on /home/airflow/.local/lib/python3.7/site-packages/airflow/example_dags/example_time_delta_sensor_async.py
[2022-12-01 21:40:30,354] {processor.py:642} INFO - Processing file /home/airflow/.local/lib/python3.7/site-packages/airflow/example_dags/example_time_delta_sensor_async.py for tasks to queue
[2022-12-01 21:40:30,354] {logging_mixin.py:109} INFO - [2022-12-01 21:40:30,354] {dagbag.py:500} INFO - Filling up the DagBag from /home/airflow/.local/lib/python3.7/site-packages/airflow/example_dags/example_time_delta_sensor_async.py
[2022-12-01 21:40:30,373] {processor.py:654} INFO - DAG(s) dict_keys(['example_time_delta_sensor_async']) retrieved from /home/airflow/.local/lib/python3.7/site-packages/airflow/example_dags/example_time_delta_sensor_async.py
[2022-12-01 21:40:30,379] {logging_mixin.py:109} INFO - [2022-12-01 21:40:30,379] {dag.py:2398} INFO - Sync 1 DAGs
[2022-12-01 21:40:30,388] {logging_mixin.py:109} INFO - [2022-12-01 21:40:30,388] {dag.py:2937} INFO - Setting next_dagrun for example_time_delta_sensor_async to None
[2022-12-01 21:40:30,401] {processor.py:171} INFO - Processing /home/airflow/.local/lib/python3.7/site-packages/airflow/example_dags/example_time_delta_sensor_async.py took 0.050 seconds
[2022-12-01 21:41:00,581] {processor.py:163} INFO - Started process (PID=2209) to work on /home/airflow/.local/lib/python3.7/site-packages/airflow/example_dags/example_time_delta_sensor_async.py
[2022-12-01 21:41:00,582] {processor.py:642} INFO - Processing file /home/airflow/.local/lib/python3.7/site-packages/airflow/example_dags/example_time_delta_sensor_async.py for tasks to queue
[2022-12-01 21:41:00,582] {logging_mixin.py:109} INFO - [2022-12-01 21:41:00,582] {dagbag.py:500} INFO - Filling up the DagBag from /home/airflow/.local/lib/python3.7/site-packages/airflow/example_dags/example_time_delta_sensor_async.py
[2022-12-01 21:41:00,603] {processor.py:654} INFO - DAG(s) dict_keys(['example_time_delta_sensor_async']) retrieved from /home/airflow/.local/lib/python3.7/site-packages/airflow/example_dags/example_time_delta_sensor_async.py
[2022-12-01 21:41:00,612] {logging_mixin.py:109} INFO - [2022-12-01 21:41:00,612] {dag.py:2398} INFO - Sync 1 DAGs
[2022-12-01 21:41:00,626] {logging_mixin.py:109} INFO - [2022-12-01 21:41:00,626] {dag.py:2937} INFO - Setting next_dagrun for example_time_delta_sensor_async to None
[2022-12-01 21:41:00,640] {processor.py:171} INFO - Processing /home/airflow/.local/lib/python3.7/site-packages/airflow/example_dags/example_time_delta_sensor_async.py took 0.061 seconds
[2022-12-01 21:41:30,928] {processor.py:163} INFO - Started process (PID=2270) to work on /home/airflow/.local/lib/python3.7/site-packages/airflow/example_dags/example_time_delta_sensor_async.py
[2022-12-01 21:41:30,929] {processor.py:642} INFO - Processing file /home/airflow/.local/lib/python3.7/site-packages/airflow/example_dags/example_time_delta_sensor_async.py for tasks to queue
[2022-12-01 21:41:30,930] {logging_mixin.py:109} INFO - [2022-12-01 21:41:30,929] {dagbag.py:500} INFO - Filling up the DagBag from /home/airflow/.local/lib/python3.7/site-packages/airflow/example_dags/example_time_delta_sensor_async.py
[2022-12-01 21:41:30,948] {processor.py:654} INFO - DAG(s) dict_keys(['example_time_delta_sensor_async']) retrieved from /home/airflow/.local/lib/python3.7/site-packages/airflow/example_dags/example_time_delta_sensor_async.py
[2022-12-01 21:41:30,954] {logging_mixin.py:109} INFO - [2022-12-01 21:41:30,953] {dag.py:2398} INFO - Sync 1 DAGs
[2022-12-01 21:41:30,963] {logging_mixin.py:109} INFO - [2022-12-01 21:41:30,963] {dag.py:2937} INFO - Setting next_dagrun for example_time_delta_sensor_async to None
[2022-12-01 21:41:30,977] {processor.py:171} INFO - Processing /home/airflow/.local/lib/python3.7/site-packages/airflow/example_dags/example_time_delta_sensor_async.py took 0.051 seconds
[2022-12-01 21:42:01,144] {processor.py:163} INFO - Started process (PID=2342) to work on /home/airflow/.local/lib/python3.7/site-packages/airflow/example_dags/example_time_delta_sensor_async.py
[2022-12-01 21:42:01,145] {processor.py:642} INFO - Processing file /home/airflow/.local/lib/python3.7/site-packages/airflow/example_dags/example_time_delta_sensor_async.py for tasks to queue
[2022-12-01 21:42:01,145] {logging_mixin.py:109} INFO - [2022-12-01 21:42:01,145] {dagbag.py:500} INFO - Filling up the DagBag from /home/airflow/.local/lib/python3.7/site-packages/airflow/example_dags/example_time_delta_sensor_async.py
[2022-12-01 21:42:01,166] {processor.py:654} INFO - DAG(s) dict_keys(['example_time_delta_sensor_async']) retrieved from /home/airflow/.local/lib/python3.7/site-packages/airflow/example_dags/example_time_delta_sensor_async.py
[2022-12-01 21:42:01,173] {logging_mixin.py:109} INFO - [2022-12-01 21:42:01,173] {dag.py:2398} INFO - Sync 1 DAGs
[2022-12-01 21:42:01,187] {logging_mixin.py:109} INFO - [2022-12-01 21:42:01,187] {dag.py:2937} INFO - Setting next_dagrun for example_time_delta_sensor_async to None
[2022-12-01 21:42:01,202] {processor.py:171} INFO - Processing /home/airflow/.local/lib/python3.7/site-packages/airflow/example_dags/example_time_delta_sensor_async.py took 0.060 seconds
[2022-12-01 21:42:31,270] {processor.py:163} INFO - Started process (PID=2404) to work on /home/airflow/.local/lib/python3.7/site-packages/airflow/example_dags/example_time_delta_sensor_async.py
[2022-12-01 21:42:31,271] {processor.py:642} INFO - Processing file /home/airflow/.local/lib/python3.7/site-packages/airflow/example_dags/example_time_delta_sensor_async.py for tasks to queue
[2022-12-01 21:42:31,271] {logging_mixin.py:109} INFO - [2022-12-01 21:42:31,271] {dagbag.py:500} INFO - Filling up the DagBag from /home/airflow/.local/lib/python3.7/site-packages/airflow/example_dags/example_time_delta_sensor_async.py
[2022-12-01 21:42:31,295] {processor.py:654} INFO - DAG(s) dict_keys(['example_time_delta_sensor_async']) retrieved from /home/airflow/.local/lib/python3.7/site-packages/airflow/example_dags/example_time_delta_sensor_async.py
[2022-12-01 21:42:31,301] {logging_mixin.py:109} INFO - [2022-12-01 21:42:31,301] {dag.py:2398} INFO - Sync 1 DAGs
[2022-12-01 21:42:31,312] {logging_mixin.py:109} INFO - [2022-12-01 21:42:31,312] {dag.py:2937} INFO - Setting next_dagrun for example_time_delta_sensor_async to None
[2022-12-01 21:42:31,325] {processor.py:171} INFO - Processing /home/airflow/.local/lib/python3.7/site-packages/airflow/example_dags/example_time_delta_sensor_async.py took 0.057 seconds
[2022-12-01 21:43:01,755] {processor.py:163} INFO - Started process (PID=2477) to work on /home/airflow/.local/lib/python3.7/site-packages/airflow/example_dags/example_time_delta_sensor_async.py
[2022-12-01 21:43:01,756] {processor.py:642} INFO - Processing file /home/airflow/.local/lib/python3.7/site-packages/airflow/example_dags/example_time_delta_sensor_async.py for tasks to queue
[2022-12-01 21:43:01,756] {logging_mixin.py:109} INFO - [2022-12-01 21:43:01,756] {dagbag.py:500} INFO - Filling up the DagBag from /home/airflow/.local/lib/python3.7/site-packages/airflow/example_dags/example_time_delta_sensor_async.py
[2022-12-01 21:43:01,778] {processor.py:654} INFO - DAG(s) dict_keys(['example_time_delta_sensor_async']) retrieved from /home/airflow/.local/lib/python3.7/site-packages/airflow/example_dags/example_time_delta_sensor_async.py
[2022-12-01 21:43:01,785] {logging_mixin.py:109} INFO - [2022-12-01 21:43:01,785] {dag.py:2398} INFO - Sync 1 DAGs
[2022-12-01 21:43:01,801] {logging_mixin.py:109} INFO - [2022-12-01 21:43:01,801] {dag.py:2937} INFO - Setting next_dagrun for example_time_delta_sensor_async to None
[2022-12-01 21:43:01,816] {processor.py:171} INFO - Processing /home/airflow/.local/lib/python3.7/site-packages/airflow/example_dags/example_time_delta_sensor_async.py took 0.064 seconds
[2022-12-01 21:43:32,142] {processor.py:163} INFO - Started process (PID=2540) to work on /home/airflow/.local/lib/python3.7/site-packages/airflow/example_dags/example_time_delta_sensor_async.py
[2022-12-01 21:43:32,143] {processor.py:642} INFO - Processing file /home/airflow/.local/lib/python3.7/site-packages/airflow/example_dags/example_time_delta_sensor_async.py for tasks to queue
[2022-12-01 21:43:32,143] {logging_mixin.py:109} INFO - [2022-12-01 21:43:32,143] {dagbag.py:500} INFO - Filling up the DagBag from /home/airflow/.local/lib/python3.7/site-packages/airflow/example_dags/example_time_delta_sensor_async.py
[2022-12-01 21:43:32,162] {processor.py:654} INFO - DAG(s) dict_keys(['example_time_delta_sensor_async']) retrieved from /home/airflow/.local/lib/python3.7/site-packages/airflow/example_dags/example_time_delta_sensor_async.py
[2022-12-01 21:43:32,167] {logging_mixin.py:109} INFO - [2022-12-01 21:43:32,167] {dag.py:2398} INFO - Sync 1 DAGs
[2022-12-01 21:43:32,177] {logging_mixin.py:109} INFO - [2022-12-01 21:43:32,177] {dag.py:2937} INFO - Setting next_dagrun for example_time_delta_sensor_async to None
[2022-12-01 21:43:32,184] {processor.py:171} INFO - Processing /home/airflow/.local/lib/python3.7/site-packages/airflow/example_dags/example_time_delta_sensor_async.py took 0.044 seconds
[2022-12-01 21:44:02,596] {processor.py:163} INFO - Started process (PID=2612) to work on /home/airflow/.local/lib/python3.7/site-packages/airflow/example_dags/example_time_delta_sensor_async.py
[2022-12-01 21:44:02,597] {processor.py:642} INFO - Processing file /home/airflow/.local/lib/python3.7/site-packages/airflow/example_dags/example_time_delta_sensor_async.py for tasks to queue
[2022-12-01 21:44:02,597] {logging_mixin.py:109} INFO - [2022-12-01 21:44:02,597] {dagbag.py:500} INFO - Filling up the DagBag from /home/airflow/.local/lib/python3.7/site-packages/airflow/example_dags/example_time_delta_sensor_async.py
[2022-12-01 21:44:02,621] {processor.py:654} INFO - DAG(s) dict_keys(['example_time_delta_sensor_async']) retrieved from /home/airflow/.local/lib/python3.7/site-packages/airflow/example_dags/example_time_delta_sensor_async.py
[2022-12-01 21:44:02,628] {logging_mixin.py:109} INFO - [2022-12-01 21:44:02,627] {dag.py:2398} INFO - Sync 1 DAGs
[2022-12-01 21:44:02,646] {logging_mixin.py:109} INFO - [2022-12-01 21:44:02,646] {dag.py:2937} INFO - Setting next_dagrun for example_time_delta_sensor_async to None
[2022-12-01 21:44:02,661] {processor.py:171} INFO - Processing /home/airflow/.local/lib/python3.7/site-packages/airflow/example_dags/example_time_delta_sensor_async.py took 0.068 seconds
