[2022-12-01 21:24:41,703] {processor.py:163} INFO - Started process (PID=65) to work on /home/airflow/.local/lib/python3.7/site-packages/airflow/example_dags/example_kubernetes_executor.py
[2022-12-01 21:24:41,704] {processor.py:642} INFO - Processing file /home/airflow/.local/lib/python3.7/site-packages/airflow/example_dags/example_kubernetes_executor.py for tasks to queue
[2022-12-01 21:24:41,705] {logging_mixin.py:109} INFO - [2022-12-01 21:24:41,704] {dagbag.py:500} INFO - Filling up the DagBag from /home/airflow/.local/lib/python3.7/site-packages/airflow/example_dags/example_kubernetes_executor.py
[2022-12-01 21:24:41,732] {processor.py:654} INFO - DAG(s) dict_keys(['example_kubernetes_executor']) retrieved from /home/airflow/.local/lib/python3.7/site-packages/airflow/example_dags/example_kubernetes_executor.py
[2022-12-01 21:24:41,741] {logging_mixin.py:109} INFO - [2022-12-01 21:24:41,741] {dag.py:2398} INFO - Sync 1 DAGs
[2022-12-01 21:24:41,752] {logging_mixin.py:109} INFO - [2022-12-01 21:24:41,752] {dag.py:2937} INFO - Setting next_dagrun for example_kubernetes_executor to None
[2022-12-01 21:24:41,766] {processor.py:171} INFO - Processing /home/airflow/.local/lib/python3.7/site-packages/airflow/example_dags/example_kubernetes_executor.py took 0.064 seconds
[2022-12-01 21:25:12,523] {processor.py:163} INFO - Started process (PID=136) to work on /home/airflow/.local/lib/python3.7/site-packages/airflow/example_dags/example_kubernetes_executor.py
[2022-12-01 21:25:12,524] {processor.py:642} INFO - Processing file /home/airflow/.local/lib/python3.7/site-packages/airflow/example_dags/example_kubernetes_executor.py for tasks to queue
[2022-12-01 21:25:12,525] {logging_mixin.py:109} INFO - [2022-12-01 21:25:12,524] {dagbag.py:500} INFO - Filling up the DagBag from /home/airflow/.local/lib/python3.7/site-packages/airflow/example_dags/example_kubernetes_executor.py
[2022-12-01 21:25:12,550] {processor.py:654} INFO - DAG(s) dict_keys(['example_kubernetes_executor']) retrieved from /home/airflow/.local/lib/python3.7/site-packages/airflow/example_dags/example_kubernetes_executor.py
[2022-12-01 21:25:12,559] {logging_mixin.py:109} INFO - [2022-12-01 21:25:12,558] {dag.py:2398} INFO - Sync 1 DAGs
[2022-12-01 21:25:12,570] {logging_mixin.py:109} INFO - [2022-12-01 21:25:12,570] {dag.py:2937} INFO - Setting next_dagrun for example_kubernetes_executor to None
[2022-12-01 21:25:12,578] {processor.py:171} INFO - Processing /home/airflow/.local/lib/python3.7/site-packages/airflow/example_dags/example_kubernetes_executor.py took 0.057 seconds
[2022-12-01 21:25:43,640] {processor.py:163} INFO - Started process (PID=198) to work on /home/airflow/.local/lib/python3.7/site-packages/airflow/example_dags/example_kubernetes_executor.py
[2022-12-01 21:25:43,641] {processor.py:642} INFO - Processing file /home/airflow/.local/lib/python3.7/site-packages/airflow/example_dags/example_kubernetes_executor.py for tasks to queue
[2022-12-01 21:25:43,641] {logging_mixin.py:109} INFO - [2022-12-01 21:25:43,641] {dagbag.py:500} INFO - Filling up the DagBag from /home/airflow/.local/lib/python3.7/site-packages/airflow/example_dags/example_kubernetes_executor.py
[2022-12-01 21:25:43,666] {processor.py:654} INFO - DAG(s) dict_keys(['example_kubernetes_executor']) retrieved from /home/airflow/.local/lib/python3.7/site-packages/airflow/example_dags/example_kubernetes_executor.py
[2022-12-01 21:25:43,675] {logging_mixin.py:109} INFO - [2022-12-01 21:25:43,675] {dag.py:2398} INFO - Sync 1 DAGs
[2022-12-01 21:25:43,686] {logging_mixin.py:109} INFO - [2022-12-01 21:25:43,686] {dag.py:2937} INFO - Setting next_dagrun for example_kubernetes_executor to None
[2022-12-01 21:25:43,694] {processor.py:171} INFO - Processing /home/airflow/.local/lib/python3.7/site-packages/airflow/example_dags/example_kubernetes_executor.py took 0.055 seconds
[2022-12-01 21:26:14,717] {processor.py:163} INFO - Started process (PID=269) to work on /home/airflow/.local/lib/python3.7/site-packages/airflow/example_dags/example_kubernetes_executor.py
[2022-12-01 21:26:14,718] {processor.py:642} INFO - Processing file /home/airflow/.local/lib/python3.7/site-packages/airflow/example_dags/example_kubernetes_executor.py for tasks to queue
[2022-12-01 21:26:14,718] {logging_mixin.py:109} INFO - [2022-12-01 21:26:14,718] {dagbag.py:500} INFO - Filling up the DagBag from /home/airflow/.local/lib/python3.7/site-packages/airflow/example_dags/example_kubernetes_executor.py
[2022-12-01 21:26:14,747] {processor.py:654} INFO - DAG(s) dict_keys(['example_kubernetes_executor']) retrieved from /home/airflow/.local/lib/python3.7/site-packages/airflow/example_dags/example_kubernetes_executor.py
[2022-12-01 21:26:14,756] {logging_mixin.py:109} INFO - [2022-12-01 21:26:14,756] {dag.py:2398} INFO - Sync 1 DAGs
[2022-12-01 21:26:14,766] {logging_mixin.py:109} INFO - [2022-12-01 21:26:14,766] {dag.py:2937} INFO - Setting next_dagrun for example_kubernetes_executor to None
[2022-12-01 21:26:14,780] {processor.py:171} INFO - Processing /home/airflow/.local/lib/python3.7/site-packages/airflow/example_dags/example_kubernetes_executor.py took 0.066 seconds
[2022-12-01 21:26:45,863] {processor.py:163} INFO - Started process (PID=331) to work on /home/airflow/.local/lib/python3.7/site-packages/airflow/example_dags/example_kubernetes_executor.py
[2022-12-01 21:26:45,864] {processor.py:642} INFO - Processing file /home/airflow/.local/lib/python3.7/site-packages/airflow/example_dags/example_kubernetes_executor.py for tasks to queue
[2022-12-01 21:26:45,864] {logging_mixin.py:109} INFO - [2022-12-01 21:26:45,864] {dagbag.py:500} INFO - Filling up the DagBag from /home/airflow/.local/lib/python3.7/site-packages/airflow/example_dags/example_kubernetes_executor.py
[2022-12-01 21:26:45,889] {processor.py:654} INFO - DAG(s) dict_keys(['example_kubernetes_executor']) retrieved from /home/airflow/.local/lib/python3.7/site-packages/airflow/example_dags/example_kubernetes_executor.py
[2022-12-01 21:26:45,898] {logging_mixin.py:109} INFO - [2022-12-01 21:26:45,898] {dag.py:2398} INFO - Sync 1 DAGs
[2022-12-01 21:26:45,909] {logging_mixin.py:109} INFO - [2022-12-01 21:26:45,909] {dag.py:2937} INFO - Setting next_dagrun for example_kubernetes_executor to None
[2022-12-01 21:26:45,923] {processor.py:171} INFO - Processing /home/airflow/.local/lib/python3.7/site-packages/airflow/example_dags/example_kubernetes_executor.py took 0.062 seconds
[2022-12-01 21:27:16,848] {processor.py:163} INFO - Started process (PID=402) to work on /home/airflow/.local/lib/python3.7/site-packages/airflow/example_dags/example_kubernetes_executor.py
[2022-12-01 21:27:16,849] {processor.py:642} INFO - Processing file /home/airflow/.local/lib/python3.7/site-packages/airflow/example_dags/example_kubernetes_executor.py for tasks to queue
[2022-12-01 21:27:16,850] {logging_mixin.py:109} INFO - [2022-12-01 21:27:16,850] {dagbag.py:500} INFO - Filling up the DagBag from /home/airflow/.local/lib/python3.7/site-packages/airflow/example_dags/example_kubernetes_executor.py
[2022-12-01 21:27:16,874] {processor.py:654} INFO - DAG(s) dict_keys(['example_kubernetes_executor']) retrieved from /home/airflow/.local/lib/python3.7/site-packages/airflow/example_dags/example_kubernetes_executor.py
[2022-12-01 21:27:16,882] {logging_mixin.py:109} INFO - [2022-12-01 21:27:16,882] {dag.py:2398} INFO - Sync 1 DAGs
[2022-12-01 21:27:16,893] {logging_mixin.py:109} INFO - [2022-12-01 21:27:16,893] {dag.py:2937} INFO - Setting next_dagrun for example_kubernetes_executor to None
[2022-12-01 21:27:16,907] {processor.py:171} INFO - Processing /home/airflow/.local/lib/python3.7/site-packages/airflow/example_dags/example_kubernetes_executor.py took 0.060 seconds
[2022-12-01 21:27:47,997] {processor.py:163} INFO - Started process (PID=464) to work on /home/airflow/.local/lib/python3.7/site-packages/airflow/example_dags/example_kubernetes_executor.py
[2022-12-01 21:27:47,998] {processor.py:642} INFO - Processing file /home/airflow/.local/lib/python3.7/site-packages/airflow/example_dags/example_kubernetes_executor.py for tasks to queue
[2022-12-01 21:27:47,998] {logging_mixin.py:109} INFO - [2022-12-01 21:27:47,998] {dagbag.py:500} INFO - Filling up the DagBag from /home/airflow/.local/lib/python3.7/site-packages/airflow/example_dags/example_kubernetes_executor.py
[2022-12-01 21:27:48,023] {processor.py:654} INFO - DAG(s) dict_keys(['example_kubernetes_executor']) retrieved from /home/airflow/.local/lib/python3.7/site-packages/airflow/example_dags/example_kubernetes_executor.py
[2022-12-01 21:27:48,031] {logging_mixin.py:109} INFO - [2022-12-01 21:27:48,031] {dag.py:2398} INFO - Sync 1 DAGs
[2022-12-01 21:27:48,041] {logging_mixin.py:109} INFO - [2022-12-01 21:27:48,041] {dag.py:2937} INFO - Setting next_dagrun for example_kubernetes_executor to None
[2022-12-01 21:27:48,055] {processor.py:171} INFO - Processing /home/airflow/.local/lib/python3.7/site-packages/airflow/example_dags/example_kubernetes_executor.py took 0.060 seconds
[2022-12-01 21:28:19,074] {processor.py:163} INFO - Started process (PID=535) to work on /home/airflow/.local/lib/python3.7/site-packages/airflow/example_dags/example_kubernetes_executor.py
[2022-12-01 21:28:19,075] {processor.py:642} INFO - Processing file /home/airflow/.local/lib/python3.7/site-packages/airflow/example_dags/example_kubernetes_executor.py for tasks to queue
[2022-12-01 21:28:19,075] {logging_mixin.py:109} INFO - [2022-12-01 21:28:19,075] {dagbag.py:500} INFO - Filling up the DagBag from /home/airflow/.local/lib/python3.7/site-packages/airflow/example_dags/example_kubernetes_executor.py
[2022-12-01 21:28:19,107] {processor.py:654} INFO - DAG(s) dict_keys(['example_kubernetes_executor']) retrieved from /home/airflow/.local/lib/python3.7/site-packages/airflow/example_dags/example_kubernetes_executor.py
[2022-12-01 21:28:19,116] {logging_mixin.py:109} INFO - [2022-12-01 21:28:19,116] {dag.py:2398} INFO - Sync 1 DAGs
[2022-12-01 21:28:19,127] {logging_mixin.py:109} INFO - [2022-12-01 21:28:19,126] {dag.py:2937} INFO - Setting next_dagrun for example_kubernetes_executor to None
[2022-12-01 21:28:19,134] {processor.py:171} INFO - Processing /home/airflow/.local/lib/python3.7/site-packages/airflow/example_dags/example_kubernetes_executor.py took 0.062 seconds
[2022-12-01 21:28:49,343] {processor.py:163} INFO - Started process (PID=607) to work on /home/airflow/.local/lib/python3.7/site-packages/airflow/example_dags/example_kubernetes_executor.py
[2022-12-01 21:28:49,343] {processor.py:642} INFO - Processing file /home/airflow/.local/lib/python3.7/site-packages/airflow/example_dags/example_kubernetes_executor.py for tasks to queue
[2022-12-01 21:28:49,343] {logging_mixin.py:109} INFO - [2022-12-01 21:28:49,343] {dagbag.py:500} INFO - Filling up the DagBag from /home/airflow/.local/lib/python3.7/site-packages/airflow/example_dags/example_kubernetes_executor.py
[2022-12-01 21:28:49,368] {processor.py:654} INFO - DAG(s) dict_keys(['example_kubernetes_executor']) retrieved from /home/airflow/.local/lib/python3.7/site-packages/airflow/example_dags/example_kubernetes_executor.py
[2022-12-01 21:28:49,376] {logging_mixin.py:109} INFO - [2022-12-01 21:28:49,376] {dag.py:2398} INFO - Sync 1 DAGs
[2022-12-01 21:28:49,387] {logging_mixin.py:109} INFO - [2022-12-01 21:28:49,386] {dag.py:2937} INFO - Setting next_dagrun for example_kubernetes_executor to None
[2022-12-01 21:28:49,395] {processor.py:171} INFO - Processing /home/airflow/.local/lib/python3.7/site-packages/airflow/example_dags/example_kubernetes_executor.py took 0.054 seconds
[2022-12-01 21:29:19,494] {processor.py:163} INFO - Started process (PID=661) to work on /home/airflow/.local/lib/python3.7/site-packages/airflow/example_dags/example_kubernetes_executor.py
[2022-12-01 21:29:19,495] {processor.py:642} INFO - Processing file /home/airflow/.local/lib/python3.7/site-packages/airflow/example_dags/example_kubernetes_executor.py for tasks to queue
[2022-12-01 21:29:19,496] {logging_mixin.py:109} INFO - [2022-12-01 21:29:19,496] {dagbag.py:500} INFO - Filling up the DagBag from /home/airflow/.local/lib/python3.7/site-packages/airflow/example_dags/example_kubernetes_executor.py
[2022-12-01 21:29:19,522] {processor.py:654} INFO - DAG(s) dict_keys(['example_kubernetes_executor']) retrieved from /home/airflow/.local/lib/python3.7/site-packages/airflow/example_dags/example_kubernetes_executor.py
[2022-12-01 21:29:19,530] {logging_mixin.py:109} INFO - [2022-12-01 21:29:19,530] {dag.py:2398} INFO - Sync 1 DAGs
[2022-12-01 21:29:19,541] {logging_mixin.py:109} INFO - [2022-12-01 21:29:19,541] {dag.py:2937} INFO - Setting next_dagrun for example_kubernetes_executor to None
[2022-12-01 21:29:19,552] {processor.py:171} INFO - Processing /home/airflow/.local/lib/python3.7/site-packages/airflow/example_dags/example_kubernetes_executor.py took 0.060 seconds
[2022-12-01 21:29:49,686] {processor.py:163} INFO - Started process (PID=723) to work on /home/airflow/.local/lib/python3.7/site-packages/airflow/example_dags/example_kubernetes_executor.py
[2022-12-01 21:29:49,687] {processor.py:642} INFO - Processing file /home/airflow/.local/lib/python3.7/site-packages/airflow/example_dags/example_kubernetes_executor.py for tasks to queue
[2022-12-01 21:29:49,688] {logging_mixin.py:109} INFO - [2022-12-01 21:29:49,688] {dagbag.py:500} INFO - Filling up the DagBag from /home/airflow/.local/lib/python3.7/site-packages/airflow/example_dags/example_kubernetes_executor.py
[2022-12-01 21:29:49,712] {processor.py:654} INFO - DAG(s) dict_keys(['example_kubernetes_executor']) retrieved from /home/airflow/.local/lib/python3.7/site-packages/airflow/example_dags/example_kubernetes_executor.py
[2022-12-01 21:29:49,721] {logging_mixin.py:109} INFO - [2022-12-01 21:29:49,721] {dag.py:2398} INFO - Sync 1 DAGs
[2022-12-01 21:29:49,735] {logging_mixin.py:109} INFO - [2022-12-01 21:29:49,735] {dag.py:2937} INFO - Setting next_dagrun for example_kubernetes_executor to None
[2022-12-01 21:29:49,751] {processor.py:171} INFO - Processing /home/airflow/.local/lib/python3.7/site-packages/airflow/example_dags/example_kubernetes_executor.py took 0.067 seconds
[2022-12-01 21:30:19,950] {processor.py:163} INFO - Started process (PID=794) to work on /home/airflow/.local/lib/python3.7/site-packages/airflow/example_dags/example_kubernetes_executor.py
[2022-12-01 21:30:19,950] {processor.py:642} INFO - Processing file /home/airflow/.local/lib/python3.7/site-packages/airflow/example_dags/example_kubernetes_executor.py for tasks to queue
[2022-12-01 21:30:19,951] {logging_mixin.py:109} INFO - [2022-12-01 21:30:19,950] {dagbag.py:500} INFO - Filling up the DagBag from /home/airflow/.local/lib/python3.7/site-packages/airflow/example_dags/example_kubernetes_executor.py
[2022-12-01 21:30:19,976] {processor.py:654} INFO - DAG(s) dict_keys(['example_kubernetes_executor']) retrieved from /home/airflow/.local/lib/python3.7/site-packages/airflow/example_dags/example_kubernetes_executor.py
[2022-12-01 21:30:19,985] {logging_mixin.py:109} INFO - [2022-12-01 21:30:19,985] {dag.py:2398} INFO - Sync 1 DAGs
[2022-12-01 21:30:19,996] {logging_mixin.py:109} INFO - [2022-12-01 21:30:19,996] {dag.py:2937} INFO - Setting next_dagrun for example_kubernetes_executor to None
[2022-12-01 21:30:20,010] {processor.py:171} INFO - Processing /home/airflow/.local/lib/python3.7/site-packages/airflow/example_dags/example_kubernetes_executor.py took 0.062 seconds
[2022-12-01 21:30:50,333] {processor.py:163} INFO - Started process (PID=856) to work on /home/airflow/.local/lib/python3.7/site-packages/airflow/example_dags/example_kubernetes_executor.py
[2022-12-01 21:30:50,336] {processor.py:642} INFO - Processing file /home/airflow/.local/lib/python3.7/site-packages/airflow/example_dags/example_kubernetes_executor.py for tasks to queue
[2022-12-01 21:30:50,336] {logging_mixin.py:109} INFO - [2022-12-01 21:30:50,336] {dagbag.py:500} INFO - Filling up the DagBag from /home/airflow/.local/lib/python3.7/site-packages/airflow/example_dags/example_kubernetes_executor.py
[2022-12-01 21:30:50,361] {processor.py:654} INFO - DAG(s) dict_keys(['example_kubernetes_executor']) retrieved from /home/airflow/.local/lib/python3.7/site-packages/airflow/example_dags/example_kubernetes_executor.py
[2022-12-01 21:30:50,371] {logging_mixin.py:109} INFO - [2022-12-01 21:30:50,371] {dag.py:2398} INFO - Sync 1 DAGs
[2022-12-01 21:30:50,382] {logging_mixin.py:109} INFO - [2022-12-01 21:30:50,382] {dag.py:2937} INFO - Setting next_dagrun for example_kubernetes_executor to None
[2022-12-01 21:30:50,405] {processor.py:171} INFO - Processing /home/airflow/.local/lib/python3.7/site-packages/airflow/example_dags/example_kubernetes_executor.py took 0.075 seconds
[2022-12-01 21:31:20,799] {processor.py:163} INFO - Started process (PID=929) to work on /home/airflow/.local/lib/python3.7/site-packages/airflow/example_dags/example_kubernetes_executor.py
[2022-12-01 21:31:20,800] {processor.py:642} INFO - Processing file /home/airflow/.local/lib/python3.7/site-packages/airflow/example_dags/example_kubernetes_executor.py for tasks to queue
[2022-12-01 21:31:20,800] {logging_mixin.py:109} INFO - [2022-12-01 21:31:20,800] {dagbag.py:500} INFO - Filling up the DagBag from /home/airflow/.local/lib/python3.7/site-packages/airflow/example_dags/example_kubernetes_executor.py
[2022-12-01 21:31:20,826] {processor.py:654} INFO - DAG(s) dict_keys(['example_kubernetes_executor']) retrieved from /home/airflow/.local/lib/python3.7/site-packages/airflow/example_dags/example_kubernetes_executor.py
[2022-12-01 21:31:20,835] {logging_mixin.py:109} INFO - [2022-12-01 21:31:20,835] {dag.py:2398} INFO - Sync 1 DAGs
[2022-12-01 21:31:20,846] {logging_mixin.py:109} INFO - [2022-12-01 21:31:20,846] {dag.py:2937} INFO - Setting next_dagrun for example_kubernetes_executor to None
[2022-12-01 21:31:20,867] {processor.py:171} INFO - Processing /home/airflow/.local/lib/python3.7/site-packages/airflow/example_dags/example_kubernetes_executor.py took 0.070 seconds
[2022-12-01 21:31:51,128] {processor.py:163} INFO - Started process (PID=990) to work on /home/airflow/.local/lib/python3.7/site-packages/airflow/example_dags/example_kubernetes_executor.py
[2022-12-01 21:31:51,129] {processor.py:642} INFO - Processing file /home/airflow/.local/lib/python3.7/site-packages/airflow/example_dags/example_kubernetes_executor.py for tasks to queue
[2022-12-01 21:31:51,129] {logging_mixin.py:109} INFO - [2022-12-01 21:31:51,129] {dagbag.py:500} INFO - Filling up the DagBag from /home/airflow/.local/lib/python3.7/site-packages/airflow/example_dags/example_kubernetes_executor.py
[2022-12-01 21:31:51,156] {processor.py:654} INFO - DAG(s) dict_keys(['example_kubernetes_executor']) retrieved from /home/airflow/.local/lib/python3.7/site-packages/airflow/example_dags/example_kubernetes_executor.py
[2022-12-01 21:31:51,165] {logging_mixin.py:109} INFO - [2022-12-01 21:31:51,165] {dag.py:2398} INFO - Sync 1 DAGs
[2022-12-01 21:31:51,176] {logging_mixin.py:109} INFO - [2022-12-01 21:31:51,176] {dag.py:2937} INFO - Setting next_dagrun for example_kubernetes_executor to None
[2022-12-01 21:31:51,183] {processor.py:171} INFO - Processing /home/airflow/.local/lib/python3.7/site-packages/airflow/example_dags/example_kubernetes_executor.py took 0.057 seconds
[2022-12-01 21:32:21,524] {processor.py:163} INFO - Started process (PID=1061) to work on /home/airflow/.local/lib/python3.7/site-packages/airflow/example_dags/example_kubernetes_executor.py
[2022-12-01 21:32:21,525] {processor.py:642} INFO - Processing file /home/airflow/.local/lib/python3.7/site-packages/airflow/example_dags/example_kubernetes_executor.py for tasks to queue
[2022-12-01 21:32:21,525] {logging_mixin.py:109} INFO - [2022-12-01 21:32:21,525] {dagbag.py:500} INFO - Filling up the DagBag from /home/airflow/.local/lib/python3.7/site-packages/airflow/example_dags/example_kubernetes_executor.py
[2022-12-01 21:32:21,550] {processor.py:654} INFO - DAG(s) dict_keys(['example_kubernetes_executor']) retrieved from /home/airflow/.local/lib/python3.7/site-packages/airflow/example_dags/example_kubernetes_executor.py
[2022-12-01 21:32:21,559] {logging_mixin.py:109} INFO - [2022-12-01 21:32:21,559] {dag.py:2398} INFO - Sync 1 DAGs
[2022-12-01 21:32:21,570] {logging_mixin.py:109} INFO - [2022-12-01 21:32:21,570] {dag.py:2937} INFO - Setting next_dagrun for example_kubernetes_executor to None
[2022-12-01 21:32:21,584] {processor.py:171} INFO - Processing /home/airflow/.local/lib/python3.7/site-packages/airflow/example_dags/example_kubernetes_executor.py took 0.061 seconds
[2022-12-01 21:32:51,848] {processor.py:163} INFO - Started process (PID=1123) to work on /home/airflow/.local/lib/python3.7/site-packages/airflow/example_dags/example_kubernetes_executor.py
[2022-12-01 21:32:51,849] {processor.py:642} INFO - Processing file /home/airflow/.local/lib/python3.7/site-packages/airflow/example_dags/example_kubernetes_executor.py for tasks to queue
[2022-12-01 21:32:51,850] {logging_mixin.py:109} INFO - [2022-12-01 21:32:51,850] {dagbag.py:500} INFO - Filling up the DagBag from /home/airflow/.local/lib/python3.7/site-packages/airflow/example_dags/example_kubernetes_executor.py
[2022-12-01 21:32:51,875] {processor.py:654} INFO - DAG(s) dict_keys(['example_kubernetes_executor']) retrieved from /home/airflow/.local/lib/python3.7/site-packages/airflow/example_dags/example_kubernetes_executor.py
[2022-12-01 21:32:51,883] {logging_mixin.py:109} INFO - [2022-12-01 21:32:51,883] {dag.py:2398} INFO - Sync 1 DAGs
[2022-12-01 21:32:51,893] {logging_mixin.py:109} INFO - [2022-12-01 21:32:51,893] {dag.py:2937} INFO - Setting next_dagrun for example_kubernetes_executor to None
[2022-12-01 21:32:51,901] {processor.py:171} INFO - Processing /home/airflow/.local/lib/python3.7/site-packages/airflow/example_dags/example_kubernetes_executor.py took 0.055 seconds
[2022-12-01 21:33:22,156] {processor.py:163} INFO - Started process (PID=1195) to work on /home/airflow/.local/lib/python3.7/site-packages/airflow/example_dags/example_kubernetes_executor.py
[2022-12-01 21:33:22,157] {processor.py:642} INFO - Processing file /home/airflow/.local/lib/python3.7/site-packages/airflow/example_dags/example_kubernetes_executor.py for tasks to queue
[2022-12-01 21:33:22,157] {logging_mixin.py:109} INFO - [2022-12-01 21:33:22,157] {dagbag.py:500} INFO - Filling up the DagBag from /home/airflow/.local/lib/python3.7/site-packages/airflow/example_dags/example_kubernetes_executor.py
[2022-12-01 21:33:22,182] {processor.py:654} INFO - DAG(s) dict_keys(['example_kubernetes_executor']) retrieved from /home/airflow/.local/lib/python3.7/site-packages/airflow/example_dags/example_kubernetes_executor.py
[2022-12-01 21:33:22,190] {logging_mixin.py:109} INFO - [2022-12-01 21:33:22,190] {dag.py:2398} INFO - Sync 1 DAGs
[2022-12-01 21:33:22,200] {logging_mixin.py:109} INFO - [2022-12-01 21:33:22,200] {dag.py:2937} INFO - Setting next_dagrun for example_kubernetes_executor to None
[2022-12-01 21:33:22,208] {processor.py:171} INFO - Processing /home/airflow/.local/lib/python3.7/site-packages/airflow/example_dags/example_kubernetes_executor.py took 0.054 seconds
[2022-12-01 21:33:52,627] {processor.py:163} INFO - Started process (PID=1258) to work on /home/airflow/.local/lib/python3.7/site-packages/airflow/example_dags/example_kubernetes_executor.py
[2022-12-01 21:33:52,628] {processor.py:642} INFO - Processing file /home/airflow/.local/lib/python3.7/site-packages/airflow/example_dags/example_kubernetes_executor.py for tasks to queue
[2022-12-01 21:33:52,628] {logging_mixin.py:109} INFO - [2022-12-01 21:33:52,628] {dagbag.py:500} INFO - Filling up the DagBag from /home/airflow/.local/lib/python3.7/site-packages/airflow/example_dags/example_kubernetes_executor.py
[2022-12-01 21:33:52,654] {processor.py:654} INFO - DAG(s) dict_keys(['example_kubernetes_executor']) retrieved from /home/airflow/.local/lib/python3.7/site-packages/airflow/example_dags/example_kubernetes_executor.py
[2022-12-01 21:33:52,662] {logging_mixin.py:109} INFO - [2022-12-01 21:33:52,662] {dag.py:2398} INFO - Sync 1 DAGs
[2022-12-01 21:33:52,672] {logging_mixin.py:109} INFO - [2022-12-01 21:33:52,672] {dag.py:2937} INFO - Setting next_dagrun for example_kubernetes_executor to None
[2022-12-01 21:33:52,686] {processor.py:171} INFO - Processing /home/airflow/.local/lib/python3.7/site-packages/airflow/example_dags/example_kubernetes_executor.py took 0.062 seconds
[2022-12-01 21:34:23,060] {processor.py:163} INFO - Started process (PID=1329) to work on /home/airflow/.local/lib/python3.7/site-packages/airflow/example_dags/example_kubernetes_executor.py
[2022-12-01 21:34:23,061] {processor.py:642} INFO - Processing file /home/airflow/.local/lib/python3.7/site-packages/airflow/example_dags/example_kubernetes_executor.py for tasks to queue
[2022-12-01 21:34:23,061] {logging_mixin.py:109} INFO - [2022-12-01 21:34:23,061] {dagbag.py:500} INFO - Filling up the DagBag from /home/airflow/.local/lib/python3.7/site-packages/airflow/example_dags/example_kubernetes_executor.py
[2022-12-01 21:34:23,086] {processor.py:654} INFO - DAG(s) dict_keys(['example_kubernetes_executor']) retrieved from /home/airflow/.local/lib/python3.7/site-packages/airflow/example_dags/example_kubernetes_executor.py
[2022-12-01 21:34:23,095] {logging_mixin.py:109} INFO - [2022-12-01 21:34:23,095] {dag.py:2398} INFO - Sync 1 DAGs
[2022-12-01 21:34:23,106] {logging_mixin.py:109} INFO - [2022-12-01 21:34:23,106] {dag.py:2937} INFO - Setting next_dagrun for example_kubernetes_executor to None
[2022-12-01 21:34:23,119] {processor.py:171} INFO - Processing /home/airflow/.local/lib/python3.7/site-packages/airflow/example_dags/example_kubernetes_executor.py took 0.061 seconds
[2022-12-01 21:34:53,446] {processor.py:163} INFO - Started process (PID=1391) to work on /home/airflow/.local/lib/python3.7/site-packages/airflow/example_dags/example_kubernetes_executor.py
[2022-12-01 21:34:53,453] {processor.py:642} INFO - Processing file /home/airflow/.local/lib/python3.7/site-packages/airflow/example_dags/example_kubernetes_executor.py for tasks to queue
[2022-12-01 21:34:53,454] {logging_mixin.py:109} INFO - [2022-12-01 21:34:53,454] {dagbag.py:500} INFO - Filling up the DagBag from /home/airflow/.local/lib/python3.7/site-packages/airflow/example_dags/example_kubernetes_executor.py
[2022-12-01 21:34:53,480] {processor.py:654} INFO - DAG(s) dict_keys(['example_kubernetes_executor']) retrieved from /home/airflow/.local/lib/python3.7/site-packages/airflow/example_dags/example_kubernetes_executor.py
[2022-12-01 21:34:53,489] {logging_mixin.py:109} INFO - [2022-12-01 21:34:53,488] {dag.py:2398} INFO - Sync 1 DAGs
[2022-12-01 21:34:53,500] {logging_mixin.py:109} INFO - [2022-12-01 21:34:53,500] {dag.py:2937} INFO - Setting next_dagrun for example_kubernetes_executor to None
[2022-12-01 21:34:53,513] {processor.py:171} INFO - Processing /home/airflow/.local/lib/python3.7/site-packages/airflow/example_dags/example_kubernetes_executor.py took 0.069 seconds
[2022-12-01 21:35:23,743] {processor.py:163} INFO - Started process (PID=1462) to work on /home/airflow/.local/lib/python3.7/site-packages/airflow/example_dags/example_kubernetes_executor.py
[2022-12-01 21:35:23,743] {processor.py:642} INFO - Processing file /home/airflow/.local/lib/python3.7/site-packages/airflow/example_dags/example_kubernetes_executor.py for tasks to queue
[2022-12-01 21:35:23,744] {logging_mixin.py:109} INFO - [2022-12-01 21:35:23,744] {dagbag.py:500} INFO - Filling up the DagBag from /home/airflow/.local/lib/python3.7/site-packages/airflow/example_dags/example_kubernetes_executor.py
[2022-12-01 21:35:23,769] {processor.py:654} INFO - DAG(s) dict_keys(['example_kubernetes_executor']) retrieved from /home/airflow/.local/lib/python3.7/site-packages/airflow/example_dags/example_kubernetes_executor.py
[2022-12-01 21:35:23,778] {logging_mixin.py:109} INFO - [2022-12-01 21:35:23,778] {dag.py:2398} INFO - Sync 1 DAGs
[2022-12-01 21:35:23,790] {logging_mixin.py:109} INFO - [2022-12-01 21:35:23,790] {dag.py:2937} INFO - Setting next_dagrun for example_kubernetes_executor to None
[2022-12-01 21:35:23,804] {processor.py:171} INFO - Processing /home/airflow/.local/lib/python3.7/site-packages/airflow/example_dags/example_kubernetes_executor.py took 0.063 seconds
[2022-12-01 21:35:54,059] {processor.py:163} INFO - Started process (PID=1525) to work on /home/airflow/.local/lib/python3.7/site-packages/airflow/example_dags/example_kubernetes_executor.py
[2022-12-01 21:35:54,060] {processor.py:642} INFO - Processing file /home/airflow/.local/lib/python3.7/site-packages/airflow/example_dags/example_kubernetes_executor.py for tasks to queue
[2022-12-01 21:35:54,060] {logging_mixin.py:109} INFO - [2022-12-01 21:35:54,060] {dagbag.py:500} INFO - Filling up the DagBag from /home/airflow/.local/lib/python3.7/site-packages/airflow/example_dags/example_kubernetes_executor.py
[2022-12-01 21:35:54,086] {processor.py:654} INFO - DAG(s) dict_keys(['example_kubernetes_executor']) retrieved from /home/airflow/.local/lib/python3.7/site-packages/airflow/example_dags/example_kubernetes_executor.py
[2022-12-01 21:35:54,094] {logging_mixin.py:109} INFO - [2022-12-01 21:35:54,094] {dag.py:2398} INFO - Sync 1 DAGs
[2022-12-01 21:35:54,104] {logging_mixin.py:109} INFO - [2022-12-01 21:35:54,104] {dag.py:2937} INFO - Setting next_dagrun for example_kubernetes_executor to None
[2022-12-01 21:35:54,117] {processor.py:171} INFO - Processing /home/airflow/.local/lib/python3.7/site-packages/airflow/example_dags/example_kubernetes_executor.py took 0.060 seconds
[2022-12-01 21:36:24,275] {processor.py:163} INFO - Started process (PID=1596) to work on /home/airflow/.local/lib/python3.7/site-packages/airflow/example_dags/example_kubernetes_executor.py
[2022-12-01 21:36:24,275] {processor.py:642} INFO - Processing file /home/airflow/.local/lib/python3.7/site-packages/airflow/example_dags/example_kubernetes_executor.py for tasks to queue
[2022-12-01 21:36:24,276] {logging_mixin.py:109} INFO - [2022-12-01 21:36:24,276] {dagbag.py:500} INFO - Filling up the DagBag from /home/airflow/.local/lib/python3.7/site-packages/airflow/example_dags/example_kubernetes_executor.py
[2022-12-01 21:36:24,302] {processor.py:654} INFO - DAG(s) dict_keys(['example_kubernetes_executor']) retrieved from /home/airflow/.local/lib/python3.7/site-packages/airflow/example_dags/example_kubernetes_executor.py
[2022-12-01 21:36:24,313] {logging_mixin.py:109} INFO - [2022-12-01 21:36:24,313] {dag.py:2398} INFO - Sync 1 DAGs
[2022-12-01 21:36:24,324] {logging_mixin.py:109} INFO - [2022-12-01 21:36:24,324] {dag.py:2937} INFO - Setting next_dagrun for example_kubernetes_executor to None
[2022-12-01 21:36:24,338] {processor.py:171} INFO - Processing /home/airflow/.local/lib/python3.7/site-packages/airflow/example_dags/example_kubernetes_executor.py took 0.065 seconds
[2022-12-01 21:36:54,540] {processor.py:163} INFO - Started process (PID=1658) to work on /home/airflow/.local/lib/python3.7/site-packages/airflow/example_dags/example_kubernetes_executor.py
[2022-12-01 21:36:54,541] {processor.py:642} INFO - Processing file /home/airflow/.local/lib/python3.7/site-packages/airflow/example_dags/example_kubernetes_executor.py for tasks to queue
[2022-12-01 21:36:54,542] {logging_mixin.py:109} INFO - [2022-12-01 21:36:54,541] {dagbag.py:500} INFO - Filling up the DagBag from /home/airflow/.local/lib/python3.7/site-packages/airflow/example_dags/example_kubernetes_executor.py
[2022-12-01 21:36:54,566] {processor.py:654} INFO - DAG(s) dict_keys(['example_kubernetes_executor']) retrieved from /home/airflow/.local/lib/python3.7/site-packages/airflow/example_dags/example_kubernetes_executor.py
[2022-12-01 21:36:54,574] {logging_mixin.py:109} INFO - [2022-12-01 21:36:54,574] {dag.py:2398} INFO - Sync 1 DAGs
[2022-12-01 21:36:54,585] {logging_mixin.py:109} INFO - [2022-12-01 21:36:54,585] {dag.py:2937} INFO - Setting next_dagrun for example_kubernetes_executor to None
[2022-12-01 21:36:54,598] {processor.py:171} INFO - Processing /home/airflow/.local/lib/python3.7/site-packages/airflow/example_dags/example_kubernetes_executor.py took 0.060 seconds
[2022-12-01 21:37:24,751] {processor.py:163} INFO - Started process (PID=1729) to work on /home/airflow/.local/lib/python3.7/site-packages/airflow/example_dags/example_kubernetes_executor.py
[2022-12-01 21:37:24,751] {processor.py:642} INFO - Processing file /home/airflow/.local/lib/python3.7/site-packages/airflow/example_dags/example_kubernetes_executor.py for tasks to queue
[2022-12-01 21:37:24,752] {logging_mixin.py:109} INFO - [2022-12-01 21:37:24,752] {dagbag.py:500} INFO - Filling up the DagBag from /home/airflow/.local/lib/python3.7/site-packages/airflow/example_dags/example_kubernetes_executor.py
[2022-12-01 21:37:24,775] {processor.py:654} INFO - DAG(s) dict_keys(['example_kubernetes_executor']) retrieved from /home/airflow/.local/lib/python3.7/site-packages/airflow/example_dags/example_kubernetes_executor.py
[2022-12-01 21:37:24,784] {logging_mixin.py:109} INFO - [2022-12-01 21:37:24,783] {dag.py:2398} INFO - Sync 1 DAGs
[2022-12-01 21:37:24,793] {logging_mixin.py:109} INFO - [2022-12-01 21:37:24,793] {dag.py:2937} INFO - Setting next_dagrun for example_kubernetes_executor to None
[2022-12-01 21:37:24,801] {processor.py:171} INFO - Processing /home/airflow/.local/lib/python3.7/site-packages/airflow/example_dags/example_kubernetes_executor.py took 0.052 seconds
[2022-12-01 21:37:55,071] {processor.py:163} INFO - Started process (PID=1791) to work on /home/airflow/.local/lib/python3.7/site-packages/airflow/example_dags/example_kubernetes_executor.py
[2022-12-01 21:37:55,072] {processor.py:642} INFO - Processing file /home/airflow/.local/lib/python3.7/site-packages/airflow/example_dags/example_kubernetes_executor.py for tasks to queue
[2022-12-01 21:37:55,072] {logging_mixin.py:109} INFO - [2022-12-01 21:37:55,072] {dagbag.py:500} INFO - Filling up the DagBag from /home/airflow/.local/lib/python3.7/site-packages/airflow/example_dags/example_kubernetes_executor.py
[2022-12-01 21:37:55,096] {processor.py:654} INFO - DAG(s) dict_keys(['example_kubernetes_executor']) retrieved from /home/airflow/.local/lib/python3.7/site-packages/airflow/example_dags/example_kubernetes_executor.py
[2022-12-01 21:37:55,104] {logging_mixin.py:109} INFO - [2022-12-01 21:37:55,104] {dag.py:2398} INFO - Sync 1 DAGs
[2022-12-01 21:37:55,114] {logging_mixin.py:109} INFO - [2022-12-01 21:37:55,114] {dag.py:2937} INFO - Setting next_dagrun for example_kubernetes_executor to None
[2022-12-01 21:37:55,121] {processor.py:171} INFO - Processing /home/airflow/.local/lib/python3.7/site-packages/airflow/example_dags/example_kubernetes_executor.py took 0.052 seconds
[2022-12-01 21:38:25,371] {processor.py:163} INFO - Started process (PID=1862) to work on /home/airflow/.local/lib/python3.7/site-packages/airflow/example_dags/example_kubernetes_executor.py
[2022-12-01 21:38:25,372] {processor.py:642} INFO - Processing file /home/airflow/.local/lib/python3.7/site-packages/airflow/example_dags/example_kubernetes_executor.py for tasks to queue
[2022-12-01 21:38:25,372] {logging_mixin.py:109} INFO - [2022-12-01 21:38:25,372] {dagbag.py:500} INFO - Filling up the DagBag from /home/airflow/.local/lib/python3.7/site-packages/airflow/example_dags/example_kubernetes_executor.py
[2022-12-01 21:38:25,396] {processor.py:654} INFO - DAG(s) dict_keys(['example_kubernetes_executor']) retrieved from /home/airflow/.local/lib/python3.7/site-packages/airflow/example_dags/example_kubernetes_executor.py
[2022-12-01 21:38:25,404] {logging_mixin.py:109} INFO - [2022-12-01 21:38:25,404] {dag.py:2398} INFO - Sync 1 DAGs
[2022-12-01 21:38:25,414] {logging_mixin.py:109} INFO - [2022-12-01 21:38:25,414] {dag.py:2937} INFO - Setting next_dagrun for example_kubernetes_executor to None
[2022-12-01 21:38:25,427] {processor.py:171} INFO - Processing /home/airflow/.local/lib/python3.7/site-packages/airflow/example_dags/example_kubernetes_executor.py took 0.058 seconds
[2022-12-01 21:38:55,721] {processor.py:163} INFO - Started process (PID=1924) to work on /home/airflow/.local/lib/python3.7/site-packages/airflow/example_dags/example_kubernetes_executor.py
[2022-12-01 21:38:55,721] {processor.py:642} INFO - Processing file /home/airflow/.local/lib/python3.7/site-packages/airflow/example_dags/example_kubernetes_executor.py for tasks to queue
[2022-12-01 21:38:55,722] {logging_mixin.py:109} INFO - [2022-12-01 21:38:55,722] {dagbag.py:500} INFO - Filling up the DagBag from /home/airflow/.local/lib/python3.7/site-packages/airflow/example_dags/example_kubernetes_executor.py
[2022-12-01 21:38:55,745] {processor.py:654} INFO - DAG(s) dict_keys(['example_kubernetes_executor']) retrieved from /home/airflow/.local/lib/python3.7/site-packages/airflow/example_dags/example_kubernetes_executor.py
[2022-12-01 21:38:55,753] {logging_mixin.py:109} INFO - [2022-12-01 21:38:55,753] {dag.py:2398} INFO - Sync 1 DAGs
[2022-12-01 21:38:55,762] {logging_mixin.py:109} INFO - [2022-12-01 21:38:55,762] {dag.py:2937} INFO - Setting next_dagrun for example_kubernetes_executor to None
[2022-12-01 21:38:55,794] {processor.py:171} INFO - Processing /home/airflow/.local/lib/python3.7/site-packages/airflow/example_dags/example_kubernetes_executor.py took 0.075 seconds
[2022-12-01 21:39:25,989] {processor.py:163} INFO - Started process (PID=1995) to work on /home/airflow/.local/lib/python3.7/site-packages/airflow/example_dags/example_kubernetes_executor.py
[2022-12-01 21:39:25,989] {processor.py:642} INFO - Processing file /home/airflow/.local/lib/python3.7/site-packages/airflow/example_dags/example_kubernetes_executor.py for tasks to queue
[2022-12-01 21:39:25,990] {logging_mixin.py:109} INFO - [2022-12-01 21:39:25,990] {dagbag.py:500} INFO - Filling up the DagBag from /home/airflow/.local/lib/python3.7/site-packages/airflow/example_dags/example_kubernetes_executor.py
[2022-12-01 21:39:26,014] {processor.py:654} INFO - DAG(s) dict_keys(['example_kubernetes_executor']) retrieved from /home/airflow/.local/lib/python3.7/site-packages/airflow/example_dags/example_kubernetes_executor.py
[2022-12-01 21:39:26,022] {logging_mixin.py:109} INFO - [2022-12-01 21:39:26,022] {dag.py:2398} INFO - Sync 1 DAGs
[2022-12-01 21:39:26,032] {logging_mixin.py:109} INFO - [2022-12-01 21:39:26,032] {dag.py:2937} INFO - Setting next_dagrun for example_kubernetes_executor to None
[2022-12-01 21:39:26,051] {processor.py:171} INFO - Processing /home/airflow/.local/lib/python3.7/site-packages/airflow/example_dags/example_kubernetes_executor.py took 0.064 seconds
[2022-12-01 21:39:56,236] {processor.py:163} INFO - Started process (PID=2056) to work on /home/airflow/.local/lib/python3.7/site-packages/airflow/example_dags/example_kubernetes_executor.py
[2022-12-01 21:39:56,236] {processor.py:642} INFO - Processing file /home/airflow/.local/lib/python3.7/site-packages/airflow/example_dags/example_kubernetes_executor.py for tasks to queue
[2022-12-01 21:39:56,237] {logging_mixin.py:109} INFO - [2022-12-01 21:39:56,237] {dagbag.py:500} INFO - Filling up the DagBag from /home/airflow/.local/lib/python3.7/site-packages/airflow/example_dags/example_kubernetes_executor.py
[2022-12-01 21:39:56,263] {processor.py:654} INFO - DAG(s) dict_keys(['example_kubernetes_executor']) retrieved from /home/airflow/.local/lib/python3.7/site-packages/airflow/example_dags/example_kubernetes_executor.py
[2022-12-01 21:39:56,274] {logging_mixin.py:109} INFO - [2022-12-01 21:39:56,273] {dag.py:2398} INFO - Sync 1 DAGs
[2022-12-01 21:39:56,287] {logging_mixin.py:109} INFO - [2022-12-01 21:39:56,286] {dag.py:2937} INFO - Setting next_dagrun for example_kubernetes_executor to None
[2022-12-01 21:39:56,296] {processor.py:171} INFO - Processing /home/airflow/.local/lib/python3.7/site-packages/airflow/example_dags/example_kubernetes_executor.py took 0.062 seconds
[2022-12-01 21:40:26,660] {processor.py:163} INFO - Started process (PID=2127) to work on /home/airflow/.local/lib/python3.7/site-packages/airflow/example_dags/example_kubernetes_executor.py
[2022-12-01 21:40:26,661] {processor.py:642} INFO - Processing file /home/airflow/.local/lib/python3.7/site-packages/airflow/example_dags/example_kubernetes_executor.py for tasks to queue
[2022-12-01 21:40:26,661] {logging_mixin.py:109} INFO - [2022-12-01 21:40:26,661] {dagbag.py:500} INFO - Filling up the DagBag from /home/airflow/.local/lib/python3.7/site-packages/airflow/example_dags/example_kubernetes_executor.py
[2022-12-01 21:40:26,686] {processor.py:654} INFO - DAG(s) dict_keys(['example_kubernetes_executor']) retrieved from /home/airflow/.local/lib/python3.7/site-packages/airflow/example_dags/example_kubernetes_executor.py
[2022-12-01 21:40:26,695] {logging_mixin.py:109} INFO - [2022-12-01 21:40:26,695] {dag.py:2398} INFO - Sync 1 DAGs
[2022-12-01 21:40:26,705] {logging_mixin.py:109} INFO - [2022-12-01 21:40:26,705] {dag.py:2937} INFO - Setting next_dagrun for example_kubernetes_executor to None
[2022-12-01 21:40:26,719] {processor.py:171} INFO - Processing /home/airflow/.local/lib/python3.7/site-packages/airflow/example_dags/example_kubernetes_executor.py took 0.061 seconds
[2022-12-01 21:40:57,038] {processor.py:163} INFO - Started process (PID=2189) to work on /home/airflow/.local/lib/python3.7/site-packages/airflow/example_dags/example_kubernetes_executor.py
[2022-12-01 21:40:57,038] {processor.py:642} INFO - Processing file /home/airflow/.local/lib/python3.7/site-packages/airflow/example_dags/example_kubernetes_executor.py for tasks to queue
[2022-12-01 21:40:57,038] {logging_mixin.py:109} INFO - [2022-12-01 21:40:57,038] {dagbag.py:500} INFO - Filling up the DagBag from /home/airflow/.local/lib/python3.7/site-packages/airflow/example_dags/example_kubernetes_executor.py
[2022-12-01 21:40:57,062] {processor.py:654} INFO - DAG(s) dict_keys(['example_kubernetes_executor']) retrieved from /home/airflow/.local/lib/python3.7/site-packages/airflow/example_dags/example_kubernetes_executor.py
[2022-12-01 21:40:57,070] {logging_mixin.py:109} INFO - [2022-12-01 21:40:57,069] {dag.py:2398} INFO - Sync 1 DAGs
[2022-12-01 21:40:57,079] {logging_mixin.py:109} INFO - [2022-12-01 21:40:57,079] {dag.py:2937} INFO - Setting next_dagrun for example_kubernetes_executor to None
[2022-12-01 21:40:57,098] {processor.py:171} INFO - Processing /home/airflow/.local/lib/python3.7/site-packages/airflow/example_dags/example_kubernetes_executor.py took 0.063 seconds
[2022-12-01 21:41:27,577] {processor.py:163} INFO - Started process (PID=2261) to work on /home/airflow/.local/lib/python3.7/site-packages/airflow/example_dags/example_kubernetes_executor.py
[2022-12-01 21:41:27,578] {processor.py:642} INFO - Processing file /home/airflow/.local/lib/python3.7/site-packages/airflow/example_dags/example_kubernetes_executor.py for tasks to queue
[2022-12-01 21:41:27,578] {logging_mixin.py:109} INFO - [2022-12-01 21:41:27,578] {dagbag.py:500} INFO - Filling up the DagBag from /home/airflow/.local/lib/python3.7/site-packages/airflow/example_dags/example_kubernetes_executor.py
[2022-12-01 21:41:27,603] {processor.py:654} INFO - DAG(s) dict_keys(['example_kubernetes_executor']) retrieved from /home/airflow/.local/lib/python3.7/site-packages/airflow/example_dags/example_kubernetes_executor.py
[2022-12-01 21:41:27,611] {logging_mixin.py:109} INFO - [2022-12-01 21:41:27,611] {dag.py:2398} INFO - Sync 1 DAGs
[2022-12-01 21:41:27,621] {logging_mixin.py:109} INFO - [2022-12-01 21:41:27,621] {dag.py:2937} INFO - Setting next_dagrun for example_kubernetes_executor to None
[2022-12-01 21:41:27,638] {processor.py:171} INFO - Processing /home/airflow/.local/lib/python3.7/site-packages/airflow/example_dags/example_kubernetes_executor.py took 0.063 seconds
[2022-12-01 21:41:57,776] {processor.py:163} INFO - Started process (PID=2324) to work on /home/airflow/.local/lib/python3.7/site-packages/airflow/example_dags/example_kubernetes_executor.py
[2022-12-01 21:41:57,777] {processor.py:642} INFO - Processing file /home/airflow/.local/lib/python3.7/site-packages/airflow/example_dags/example_kubernetes_executor.py for tasks to queue
[2022-12-01 21:41:57,777] {logging_mixin.py:109} INFO - [2022-12-01 21:41:57,777] {dagbag.py:500} INFO - Filling up the DagBag from /home/airflow/.local/lib/python3.7/site-packages/airflow/example_dags/example_kubernetes_executor.py
[2022-12-01 21:41:57,803] {processor.py:654} INFO - DAG(s) dict_keys(['example_kubernetes_executor']) retrieved from /home/airflow/.local/lib/python3.7/site-packages/airflow/example_dags/example_kubernetes_executor.py
[2022-12-01 21:41:57,813] {logging_mixin.py:109} INFO - [2022-12-01 21:41:57,813] {dag.py:2398} INFO - Sync 1 DAGs
[2022-12-01 21:41:57,824] {logging_mixin.py:109} INFO - [2022-12-01 21:41:57,824] {dag.py:2937} INFO - Setting next_dagrun for example_kubernetes_executor to None
[2022-12-01 21:41:57,839] {processor.py:171} INFO - Processing /home/airflow/.local/lib/python3.7/site-packages/airflow/example_dags/example_kubernetes_executor.py took 0.064 seconds
[2022-12-01 21:42:28,870] {processor.py:163} INFO - Started process (PID=2395) to work on /home/airflow/.local/lib/python3.7/site-packages/airflow/example_dags/example_kubernetes_executor.py
[2022-12-01 21:42:28,871] {processor.py:642} INFO - Processing file /home/airflow/.local/lib/python3.7/site-packages/airflow/example_dags/example_kubernetes_executor.py for tasks to queue
[2022-12-01 21:42:28,871] {logging_mixin.py:109} INFO - [2022-12-01 21:42:28,871] {dagbag.py:500} INFO - Filling up the DagBag from /home/airflow/.local/lib/python3.7/site-packages/airflow/example_dags/example_kubernetes_executor.py
[2022-12-01 21:42:28,895] {processor.py:654} INFO - DAG(s) dict_keys(['example_kubernetes_executor']) retrieved from /home/airflow/.local/lib/python3.7/site-packages/airflow/example_dags/example_kubernetes_executor.py
[2022-12-01 21:42:28,904] {logging_mixin.py:109} INFO - [2022-12-01 21:42:28,903] {dag.py:2398} INFO - Sync 1 DAGs
[2022-12-01 21:42:28,913] {logging_mixin.py:109} INFO - [2022-12-01 21:42:28,913] {dag.py:2937} INFO - Setting next_dagrun for example_kubernetes_executor to None
[2022-12-01 21:42:28,922] {processor.py:171} INFO - Processing /home/airflow/.local/lib/python3.7/site-packages/airflow/example_dags/example_kubernetes_executor.py took 0.054 seconds
[2022-12-01 21:42:59,329] {processor.py:163} INFO - Started process (PID=2459) to work on /home/airflow/.local/lib/python3.7/site-packages/airflow/example_dags/example_kubernetes_executor.py
[2022-12-01 21:42:59,329] {processor.py:642} INFO - Processing file /home/airflow/.local/lib/python3.7/site-packages/airflow/example_dags/example_kubernetes_executor.py for tasks to queue
[2022-12-01 21:42:59,329] {logging_mixin.py:109} INFO - [2022-12-01 21:42:59,329] {dagbag.py:500} INFO - Filling up the DagBag from /home/airflow/.local/lib/python3.7/site-packages/airflow/example_dags/example_kubernetes_executor.py
[2022-12-01 21:42:59,355] {processor.py:654} INFO - DAG(s) dict_keys(['example_kubernetes_executor']) retrieved from /home/airflow/.local/lib/python3.7/site-packages/airflow/example_dags/example_kubernetes_executor.py
[2022-12-01 21:42:59,364] {logging_mixin.py:109} INFO - [2022-12-01 21:42:59,363] {dag.py:2398} INFO - Sync 1 DAGs
[2022-12-01 21:42:59,374] {logging_mixin.py:109} INFO - [2022-12-01 21:42:59,374] {dag.py:2937} INFO - Setting next_dagrun for example_kubernetes_executor to None
[2022-12-01 21:42:59,391] {processor.py:171} INFO - Processing /home/airflow/.local/lib/python3.7/site-packages/airflow/example_dags/example_kubernetes_executor.py took 0.065 seconds
[2022-12-01 21:43:29,763] {processor.py:163} INFO - Started process (PID=2532) to work on /home/airflow/.local/lib/python3.7/site-packages/airflow/example_dags/example_kubernetes_executor.py
[2022-12-01 21:43:29,764] {processor.py:642} INFO - Processing file /home/airflow/.local/lib/python3.7/site-packages/airflow/example_dags/example_kubernetes_executor.py for tasks to queue
[2022-12-01 21:43:29,764] {logging_mixin.py:109} INFO - [2022-12-01 21:43:29,764] {dagbag.py:500} INFO - Filling up the DagBag from /home/airflow/.local/lib/python3.7/site-packages/airflow/example_dags/example_kubernetes_executor.py
[2022-12-01 21:43:29,789] {processor.py:654} INFO - DAG(s) dict_keys(['example_kubernetes_executor']) retrieved from /home/airflow/.local/lib/python3.7/site-packages/airflow/example_dags/example_kubernetes_executor.py
[2022-12-01 21:43:29,797] {logging_mixin.py:109} INFO - [2022-12-01 21:43:29,797] {dag.py:2398} INFO - Sync 1 DAGs
[2022-12-01 21:43:29,807] {logging_mixin.py:109} INFO - [2022-12-01 21:43:29,807] {dag.py:2937} INFO - Setting next_dagrun for example_kubernetes_executor to None
[2022-12-01 21:43:29,820] {processor.py:171} INFO - Processing /home/airflow/.local/lib/python3.7/site-packages/airflow/example_dags/example_kubernetes_executor.py took 0.059 seconds
[2022-12-01 21:44:00,069] {processor.py:163} INFO - Started process (PID=2594) to work on /home/airflow/.local/lib/python3.7/site-packages/airflow/example_dags/example_kubernetes_executor.py
[2022-12-01 21:44:00,069] {processor.py:642} INFO - Processing file /home/airflow/.local/lib/python3.7/site-packages/airflow/example_dags/example_kubernetes_executor.py for tasks to queue
[2022-12-01 21:44:00,070] {logging_mixin.py:109} INFO - [2022-12-01 21:44:00,070] {dagbag.py:500} INFO - Filling up the DagBag from /home/airflow/.local/lib/python3.7/site-packages/airflow/example_dags/example_kubernetes_executor.py
[2022-12-01 21:44:00,093] {processor.py:654} INFO - DAG(s) dict_keys(['example_kubernetes_executor']) retrieved from /home/airflow/.local/lib/python3.7/site-packages/airflow/example_dags/example_kubernetes_executor.py
[2022-12-01 21:44:00,101] {logging_mixin.py:109} INFO - [2022-12-01 21:44:00,101] {dag.py:2398} INFO - Sync 1 DAGs
[2022-12-01 21:44:00,110] {logging_mixin.py:109} INFO - [2022-12-01 21:44:00,110] {dag.py:2937} INFO - Setting next_dagrun for example_kubernetes_executor to None
[2022-12-01 21:44:00,123] {processor.py:171} INFO - Processing /home/airflow/.local/lib/python3.7/site-packages/airflow/example_dags/example_kubernetes_executor.py took 0.057 seconds
