[2022-12-01 21:24:42,448] {processor.py:163} INFO - Started process (PID=75) to work on /home/airflow/.local/lib/python3.7/site-packages/airflow/example_dags/example_xcomargs.py
[2022-12-01 21:24:42,449] {processor.py:642} INFO - Processing file /home/airflow/.local/lib/python3.7/site-packages/airflow/example_dags/example_xcomargs.py for tasks to queue
[2022-12-01 21:24:42,450] {logging_mixin.py:109} INFO - [2022-12-01 21:24:42,449] {dagbag.py:500} INFO - Filling up the DagBag from /home/airflow/.local/lib/python3.7/site-packages/airflow/example_dags/example_xcomargs.py
[2022-12-01 21:24:42,530] {processor.py:654} INFO - DAG(s) dict_keys(['example_xcom_args', 'example_xcom_args_with_operators']) retrieved from /home/airflow/.local/lib/python3.7/site-packages/airflow/example_dags/example_xcomargs.py
[2022-12-01 21:24:42,720] {logging_mixin.py:109} INFO - [2022-12-01 21:24:42,719] {dag.py:2398} INFO - Sync 2 DAGs
[2022-12-01 21:24:42,737] {logging_mixin.py:109} INFO - [2022-12-01 21:24:42,737] {dag.py:2937} INFO - Setting next_dagrun for example_xcom_args to None
[2022-12-01 21:24:42,738] {logging_mixin.py:109} INFO - [2022-12-01 21:24:42,738] {dag.py:2937} INFO - Setting next_dagrun for example_xcom_args_with_operators to None
[2022-12-01 21:24:42,750] {processor.py:171} INFO - Processing /home/airflow/.local/lib/python3.7/site-packages/airflow/example_dags/example_xcomargs.py took 0.305 seconds
[2022-12-01 21:25:12,949] {processor.py:163} INFO - Started process (PID=146) to work on /home/airflow/.local/lib/python3.7/site-packages/airflow/example_dags/example_xcomargs.py
[2022-12-01 21:25:12,950] {processor.py:642} INFO - Processing file /home/airflow/.local/lib/python3.7/site-packages/airflow/example_dags/example_xcomargs.py for tasks to queue
[2022-12-01 21:25:12,950] {logging_mixin.py:109} INFO - [2022-12-01 21:25:12,950] {dagbag.py:500} INFO - Filling up the DagBag from /home/airflow/.local/lib/python3.7/site-packages/airflow/example_dags/example_xcomargs.py
[2022-12-01 21:25:12,977] {processor.py:654} INFO - DAG(s) dict_keys(['example_xcom_args', 'example_xcom_args_with_operators']) retrieved from /home/airflow/.local/lib/python3.7/site-packages/airflow/example_dags/example_xcomargs.py
[2022-12-01 21:25:13,139] {logging_mixin.py:109} INFO - [2022-12-01 21:25:13,139] {dag.py:2398} INFO - Sync 2 DAGs
[2022-12-01 21:25:13,150] {logging_mixin.py:109} INFO - [2022-12-01 21:25:13,150] {dag.py:2937} INFO - Setting next_dagrun for example_xcom_args to None
[2022-12-01 21:25:13,151] {logging_mixin.py:109} INFO - [2022-12-01 21:25:13,151] {dag.py:2937} INFO - Setting next_dagrun for example_xcom_args_with_operators to None
[2022-12-01 21:25:13,161] {processor.py:171} INFO - Processing /home/airflow/.local/lib/python3.7/site-packages/airflow/example_dags/example_xcomargs.py took 0.214 seconds
[2022-12-01 21:25:44,053] {processor.py:163} INFO - Started process (PID=208) to work on /home/airflow/.local/lib/python3.7/site-packages/airflow/example_dags/example_xcomargs.py
[2022-12-01 21:25:44,054] {processor.py:642} INFO - Processing file /home/airflow/.local/lib/python3.7/site-packages/airflow/example_dags/example_xcomargs.py for tasks to queue
[2022-12-01 21:25:44,054] {logging_mixin.py:109} INFO - [2022-12-01 21:25:44,054] {dagbag.py:500} INFO - Filling up the DagBag from /home/airflow/.local/lib/python3.7/site-packages/airflow/example_dags/example_xcomargs.py
[2022-12-01 21:25:44,079] {processor.py:654} INFO - DAG(s) dict_keys(['example_xcom_args', 'example_xcom_args_with_operators']) retrieved from /home/airflow/.local/lib/python3.7/site-packages/airflow/example_dags/example_xcomargs.py
[2022-12-01 21:25:44,223] {logging_mixin.py:109} INFO - [2022-12-01 21:25:44,223] {dag.py:2398} INFO - Sync 2 DAGs
[2022-12-01 21:25:44,233] {logging_mixin.py:109} INFO - [2022-12-01 21:25:44,233] {dag.py:2937} INFO - Setting next_dagrun for example_xcom_args to None
[2022-12-01 21:25:44,234] {logging_mixin.py:109} INFO - [2022-12-01 21:25:44,233] {dag.py:2937} INFO - Setting next_dagrun for example_xcom_args_with_operators to None
[2022-12-01 21:25:44,249] {processor.py:171} INFO - Processing /home/airflow/.local/lib/python3.7/site-packages/airflow/example_dags/example_xcomargs.py took 0.198 seconds
[2022-12-01 21:26:15,293] {processor.py:163} INFO - Started process (PID=279) to work on /home/airflow/.local/lib/python3.7/site-packages/airflow/example_dags/example_xcomargs.py
[2022-12-01 21:26:15,294] {processor.py:642} INFO - Processing file /home/airflow/.local/lib/python3.7/site-packages/airflow/example_dags/example_xcomargs.py for tasks to queue
[2022-12-01 21:26:15,294] {logging_mixin.py:109} INFO - [2022-12-01 21:26:15,294] {dagbag.py:500} INFO - Filling up the DagBag from /home/airflow/.local/lib/python3.7/site-packages/airflow/example_dags/example_xcomargs.py
[2022-12-01 21:26:15,328] {processor.py:654} INFO - DAG(s) dict_keys(['example_xcom_args', 'example_xcom_args_with_operators']) retrieved from /home/airflow/.local/lib/python3.7/site-packages/airflow/example_dags/example_xcomargs.py
[2022-12-01 21:26:15,476] {logging_mixin.py:109} INFO - [2022-12-01 21:26:15,476] {dag.py:2398} INFO - Sync 2 DAGs
[2022-12-01 21:26:15,485] {logging_mixin.py:109} INFO - [2022-12-01 21:26:15,485] {dag.py:2937} INFO - Setting next_dagrun for example_xcom_args to None
[2022-12-01 21:26:15,485] {logging_mixin.py:109} INFO - [2022-12-01 21:26:15,485] {dag.py:2937} INFO - Setting next_dagrun for example_xcom_args_with_operators to None
[2022-12-01 21:26:15,501] {processor.py:171} INFO - Processing /home/airflow/.local/lib/python3.7/site-packages/airflow/example_dags/example_xcomargs.py took 0.211 seconds
[2022-12-01 21:26:46,301] {processor.py:163} INFO - Started process (PID=341) to work on /home/airflow/.local/lib/python3.7/site-packages/airflow/example_dags/example_xcomargs.py
[2022-12-01 21:26:46,302] {processor.py:642} INFO - Processing file /home/airflow/.local/lib/python3.7/site-packages/airflow/example_dags/example_xcomargs.py for tasks to queue
[2022-12-01 21:26:46,302] {logging_mixin.py:109} INFO - [2022-12-01 21:26:46,302] {dagbag.py:500} INFO - Filling up the DagBag from /home/airflow/.local/lib/python3.7/site-packages/airflow/example_dags/example_xcomargs.py
[2022-12-01 21:26:46,326] {processor.py:654} INFO - DAG(s) dict_keys(['example_xcom_args', 'example_xcom_args_with_operators']) retrieved from /home/airflow/.local/lib/python3.7/site-packages/airflow/example_dags/example_xcomargs.py
[2022-12-01 21:26:46,468] {logging_mixin.py:109} INFO - [2022-12-01 21:26:46,468] {dag.py:2398} INFO - Sync 2 DAGs
[2022-12-01 21:26:46,478] {logging_mixin.py:109} INFO - [2022-12-01 21:26:46,478] {dag.py:2937} INFO - Setting next_dagrun for example_xcom_args to None
[2022-12-01 21:26:46,478] {logging_mixin.py:109} INFO - [2022-12-01 21:26:46,478] {dag.py:2937} INFO - Setting next_dagrun for example_xcom_args_with_operators to None
[2022-12-01 21:26:46,487] {processor.py:171} INFO - Processing /home/airflow/.local/lib/python3.7/site-packages/airflow/example_dags/example_xcomargs.py took 0.188 seconds
[2022-12-01 21:27:17,351] {processor.py:163} INFO - Started process (PID=412) to work on /home/airflow/.local/lib/python3.7/site-packages/airflow/example_dags/example_xcomargs.py
[2022-12-01 21:27:17,352] {processor.py:642} INFO - Processing file /home/airflow/.local/lib/python3.7/site-packages/airflow/example_dags/example_xcomargs.py for tasks to queue
[2022-12-01 21:27:17,352] {logging_mixin.py:109} INFO - [2022-12-01 21:27:17,352] {dagbag.py:500} INFO - Filling up the DagBag from /home/airflow/.local/lib/python3.7/site-packages/airflow/example_dags/example_xcomargs.py
[2022-12-01 21:27:17,378] {processor.py:654} INFO - DAG(s) dict_keys(['example_xcom_args', 'example_xcom_args_with_operators']) retrieved from /home/airflow/.local/lib/python3.7/site-packages/airflow/example_dags/example_xcomargs.py
[2022-12-01 21:27:17,534] {logging_mixin.py:109} INFO - [2022-12-01 21:27:17,534] {dag.py:2398} INFO - Sync 2 DAGs
[2022-12-01 21:27:17,544] {logging_mixin.py:109} INFO - [2022-12-01 21:27:17,544] {dag.py:2937} INFO - Setting next_dagrun for example_xcom_args to None
[2022-12-01 21:27:17,545] {logging_mixin.py:109} INFO - [2022-12-01 21:27:17,545] {dag.py:2937} INFO - Setting next_dagrun for example_xcom_args_with_operators to None
[2022-12-01 21:27:17,554] {processor.py:171} INFO - Processing /home/airflow/.local/lib/python3.7/site-packages/airflow/example_dags/example_xcomargs.py took 0.205 seconds
[2022-12-01 21:27:48,453] {processor.py:163} INFO - Started process (PID=474) to work on /home/airflow/.local/lib/python3.7/site-packages/airflow/example_dags/example_xcomargs.py
[2022-12-01 21:27:48,453] {processor.py:642} INFO - Processing file /home/airflow/.local/lib/python3.7/site-packages/airflow/example_dags/example_xcomargs.py for tasks to queue
[2022-12-01 21:27:48,454] {logging_mixin.py:109} INFO - [2022-12-01 21:27:48,454] {dagbag.py:500} INFO - Filling up the DagBag from /home/airflow/.local/lib/python3.7/site-packages/airflow/example_dags/example_xcomargs.py
[2022-12-01 21:27:48,479] {processor.py:654} INFO - DAG(s) dict_keys(['example_xcom_args', 'example_xcom_args_with_operators']) retrieved from /home/airflow/.local/lib/python3.7/site-packages/airflow/example_dags/example_xcomargs.py
[2022-12-01 21:27:48,660] {logging_mixin.py:109} INFO - [2022-12-01 21:27:48,660] {dag.py:2398} INFO - Sync 2 DAGs
[2022-12-01 21:27:48,672] {logging_mixin.py:109} INFO - [2022-12-01 21:27:48,672] {dag.py:2937} INFO - Setting next_dagrun for example_xcom_args to None
[2022-12-01 21:27:48,672] {logging_mixin.py:109} INFO - [2022-12-01 21:27:48,672] {dag.py:2937} INFO - Setting next_dagrun for example_xcom_args_with_operators to None
[2022-12-01 21:27:48,683] {processor.py:171} INFO - Processing /home/airflow/.local/lib/python3.7/site-packages/airflow/example_dags/example_xcomargs.py took 0.232 seconds
[2022-12-01 21:28:19,543] {processor.py:163} INFO - Started process (PID=545) to work on /home/airflow/.local/lib/python3.7/site-packages/airflow/example_dags/example_xcomargs.py
[2022-12-01 21:28:19,544] {processor.py:642} INFO - Processing file /home/airflow/.local/lib/python3.7/site-packages/airflow/example_dags/example_xcomargs.py for tasks to queue
[2022-12-01 21:28:19,544] {logging_mixin.py:109} INFO - [2022-12-01 21:28:19,544] {dagbag.py:500} INFO - Filling up the DagBag from /home/airflow/.local/lib/python3.7/site-packages/airflow/example_dags/example_xcomargs.py
[2022-12-01 21:28:19,568] {processor.py:654} INFO - DAG(s) dict_keys(['example_xcom_args', 'example_xcom_args_with_operators']) retrieved from /home/airflow/.local/lib/python3.7/site-packages/airflow/example_dags/example_xcomargs.py
[2022-12-01 21:28:19,701] {logging_mixin.py:109} INFO - [2022-12-01 21:28:19,701] {dag.py:2398} INFO - Sync 2 DAGs
[2022-12-01 21:28:19,710] {logging_mixin.py:109} INFO - [2022-12-01 21:28:19,710] {dag.py:2937} INFO - Setting next_dagrun for example_xcom_args to None
[2022-12-01 21:28:19,710] {logging_mixin.py:109} INFO - [2022-12-01 21:28:19,710] {dag.py:2937} INFO - Setting next_dagrun for example_xcom_args_with_operators to None
[2022-12-01 21:28:19,724] {processor.py:171} INFO - Processing /home/airflow/.local/lib/python3.7/site-packages/airflow/example_dags/example_xcomargs.py took 0.183 seconds
[2022-12-01 21:28:50,092] {processor.py:163} INFO - Started process (PID=618) to work on /home/airflow/.local/lib/python3.7/site-packages/airflow/example_dags/example_xcomargs.py
[2022-12-01 21:28:50,093] {processor.py:642} INFO - Processing file /home/airflow/.local/lib/python3.7/site-packages/airflow/example_dags/example_xcomargs.py for tasks to queue
[2022-12-01 21:28:50,093] {logging_mixin.py:109} INFO - [2022-12-01 21:28:50,093] {dagbag.py:500} INFO - Filling up the DagBag from /home/airflow/.local/lib/python3.7/site-packages/airflow/example_dags/example_xcomargs.py
[2022-12-01 21:28:50,120] {processor.py:654} INFO - DAG(s) dict_keys(['example_xcom_args', 'example_xcom_args_with_operators']) retrieved from /home/airflow/.local/lib/python3.7/site-packages/airflow/example_dags/example_xcomargs.py
[2022-12-01 21:28:50,133] {logging_mixin.py:109} INFO - [2022-12-01 21:28:50,133] {dag.py:2398} INFO - Sync 2 DAGs
[2022-12-01 21:28:50,146] {logging_mixin.py:109} INFO - [2022-12-01 21:28:50,146] {dag.py:2937} INFO - Setting next_dagrun for example_xcom_args to None
[2022-12-01 21:28:50,146] {logging_mixin.py:109} INFO - [2022-12-01 21:28:50,146] {dag.py:2937} INFO - Setting next_dagrun for example_xcom_args_with_operators to None
[2022-12-01 21:28:50,161] {processor.py:171} INFO - Processing /home/airflow/.local/lib/python3.7/site-packages/airflow/example_dags/example_xcomargs.py took 0.071 seconds
[2022-12-01 21:29:21,370] {processor.py:163} INFO - Started process (PID=681) to work on /home/airflow/.local/lib/python3.7/site-packages/airflow/example_dags/example_xcomargs.py
[2022-12-01 21:29:21,371] {processor.py:642} INFO - Processing file /home/airflow/.local/lib/python3.7/site-packages/airflow/example_dags/example_xcomargs.py for tasks to queue
[2022-12-01 21:29:21,371] {logging_mixin.py:109} INFO - [2022-12-01 21:29:21,371] {dagbag.py:500} INFO - Filling up the DagBag from /home/airflow/.local/lib/python3.7/site-packages/airflow/example_dags/example_xcomargs.py
[2022-12-01 21:29:21,396] {processor.py:654} INFO - DAG(s) dict_keys(['example_xcom_args', 'example_xcom_args_with_operators']) retrieved from /home/airflow/.local/lib/python3.7/site-packages/airflow/example_dags/example_xcomargs.py
[2022-12-01 21:29:21,540] {logging_mixin.py:109} INFO - [2022-12-01 21:29:21,540] {dag.py:2398} INFO - Sync 2 DAGs
[2022-12-01 21:29:21,551] {logging_mixin.py:109} INFO - [2022-12-01 21:29:21,551] {dag.py:2937} INFO - Setting next_dagrun for example_xcom_args to None
[2022-12-01 21:29:21,551] {logging_mixin.py:109} INFO - [2022-12-01 21:29:21,551] {dag.py:2937} INFO - Setting next_dagrun for example_xcom_args_with_operators to None
[2022-12-01 21:29:21,560] {processor.py:171} INFO - Processing /home/airflow/.local/lib/python3.7/site-packages/airflow/example_dags/example_xcomargs.py took 0.191 seconds
[2022-12-01 21:29:52,617] {processor.py:163} INFO - Started process (PID=751) to work on /home/airflow/.local/lib/python3.7/site-packages/airflow/example_dags/example_xcomargs.py
[2022-12-01 21:29:52,618] {processor.py:642} INFO - Processing file /home/airflow/.local/lib/python3.7/site-packages/airflow/example_dags/example_xcomargs.py for tasks to queue
[2022-12-01 21:29:52,619] {logging_mixin.py:109} INFO - [2022-12-01 21:29:52,618] {dagbag.py:500} INFO - Filling up the DagBag from /home/airflow/.local/lib/python3.7/site-packages/airflow/example_dags/example_xcomargs.py
[2022-12-01 21:29:52,656] {processor.py:654} INFO - DAG(s) dict_keys(['example_xcom_args', 'example_xcom_args_with_operators']) retrieved from /home/airflow/.local/lib/python3.7/site-packages/airflow/example_dags/example_xcomargs.py
[2022-12-01 21:29:52,861] {logging_mixin.py:109} INFO - [2022-12-01 21:29:52,861] {dag.py:2398} INFO - Sync 2 DAGs
[2022-12-01 21:29:52,875] {logging_mixin.py:109} INFO - [2022-12-01 21:29:52,874] {dag.py:2937} INFO - Setting next_dagrun for example_xcom_args to None
[2022-12-01 21:29:52,875] {logging_mixin.py:109} INFO - [2022-12-01 21:29:52,875] {dag.py:2937} INFO - Setting next_dagrun for example_xcom_args_with_operators to None
[2022-12-01 21:29:52,885] {processor.py:171} INFO - Processing /home/airflow/.local/lib/python3.7/site-packages/airflow/example_dags/example_xcomargs.py took 0.271 seconds
[2022-12-01 21:30:23,817] {processor.py:163} INFO - Started process (PID=814) to work on /home/airflow/.local/lib/python3.7/site-packages/airflow/example_dags/example_xcomargs.py
[2022-12-01 21:30:23,819] {processor.py:642} INFO - Processing file /home/airflow/.local/lib/python3.7/site-packages/airflow/example_dags/example_xcomargs.py for tasks to queue
[2022-12-01 21:30:23,819] {logging_mixin.py:109} INFO - [2022-12-01 21:30:23,819] {dagbag.py:500} INFO - Filling up the DagBag from /home/airflow/.local/lib/python3.7/site-packages/airflow/example_dags/example_xcomargs.py
[2022-12-01 21:30:23,872] {processor.py:654} INFO - DAG(s) dict_keys(['example_xcom_args', 'example_xcom_args_with_operators']) retrieved from /home/airflow/.local/lib/python3.7/site-packages/airflow/example_dags/example_xcomargs.py
[2022-12-01 21:30:24,043] {logging_mixin.py:109} INFO - [2022-12-01 21:30:24,043] {dag.py:2398} INFO - Sync 2 DAGs
[2022-12-01 21:30:24,056] {logging_mixin.py:109} INFO - [2022-12-01 21:30:24,055] {dag.py:2937} INFO - Setting next_dagrun for example_xcom_args to None
[2022-12-01 21:30:24,056] {logging_mixin.py:109} INFO - [2022-12-01 21:30:24,056] {dag.py:2937} INFO - Setting next_dagrun for example_xcom_args_with_operators to None
[2022-12-01 21:30:24,074] {processor.py:171} INFO - Processing /home/airflow/.local/lib/python3.7/site-packages/airflow/example_dags/example_xcomargs.py took 0.260 seconds
[2022-12-01 21:30:54,162] {processor.py:163} INFO - Started process (PID=884) to work on /home/airflow/.local/lib/python3.7/site-packages/airflow/example_dags/example_xcomargs.py
[2022-12-01 21:30:54,164] {processor.py:642} INFO - Processing file /home/airflow/.local/lib/python3.7/site-packages/airflow/example_dags/example_xcomargs.py for tasks to queue
[2022-12-01 21:30:54,165] {logging_mixin.py:109} INFO - [2022-12-01 21:30:54,165] {dagbag.py:500} INFO - Filling up the DagBag from /home/airflow/.local/lib/python3.7/site-packages/airflow/example_dags/example_xcomargs.py
[2022-12-01 21:30:54,201] {processor.py:654} INFO - DAG(s) dict_keys(['example_xcom_args', 'example_xcom_args_with_operators']) retrieved from /home/airflow/.local/lib/python3.7/site-packages/airflow/example_dags/example_xcomargs.py
[2022-12-01 21:30:54,399] {logging_mixin.py:109} INFO - [2022-12-01 21:30:54,399] {dag.py:2398} INFO - Sync 2 DAGs
[2022-12-01 21:30:54,410] {logging_mixin.py:109} INFO - [2022-12-01 21:30:54,410] {dag.py:2937} INFO - Setting next_dagrun for example_xcom_args to None
[2022-12-01 21:30:54,410] {logging_mixin.py:109} INFO - [2022-12-01 21:30:54,410] {dag.py:2937} INFO - Setting next_dagrun for example_xcom_args_with_operators to None
[2022-12-01 21:30:54,425] {processor.py:171} INFO - Processing /home/airflow/.local/lib/python3.7/site-packages/airflow/example_dags/example_xcomargs.py took 0.267 seconds
[2022-12-01 21:31:25,296] {processor.py:163} INFO - Started process (PID=940) to work on /home/airflow/.local/lib/python3.7/site-packages/airflow/example_dags/example_xcomargs.py
[2022-12-01 21:31:25,297] {processor.py:642} INFO - Processing file /home/airflow/.local/lib/python3.7/site-packages/airflow/example_dags/example_xcomargs.py for tasks to queue
[2022-12-01 21:31:25,297] {logging_mixin.py:109} INFO - [2022-12-01 21:31:25,297] {dagbag.py:500} INFO - Filling up the DagBag from /home/airflow/.local/lib/python3.7/site-packages/airflow/example_dags/example_xcomargs.py
[2022-12-01 21:31:25,332] {processor.py:654} INFO - DAG(s) dict_keys(['example_xcom_args', 'example_xcom_args_with_operators']) retrieved from /home/airflow/.local/lib/python3.7/site-packages/airflow/example_dags/example_xcomargs.py
[2022-12-01 21:31:25,548] {logging_mixin.py:109} INFO - [2022-12-01 21:31:25,548] {dag.py:2398} INFO - Sync 2 DAGs
[2022-12-01 21:31:25,564] {logging_mixin.py:109} INFO - [2022-12-01 21:31:25,564] {dag.py:2937} INFO - Setting next_dagrun for example_xcom_args to None
[2022-12-01 21:31:25,564] {logging_mixin.py:109} INFO - [2022-12-01 21:31:25,564] {dag.py:2937} INFO - Setting next_dagrun for example_xcom_args_with_operators to None
[2022-12-01 21:31:25,574] {processor.py:171} INFO - Processing /home/airflow/.local/lib/python3.7/site-packages/airflow/example_dags/example_xcomargs.py took 0.280 seconds
[2022-12-01 21:31:55,707] {processor.py:163} INFO - Started process (PID=1010) to work on /home/airflow/.local/lib/python3.7/site-packages/airflow/example_dags/example_xcomargs.py
[2022-12-01 21:31:55,708] {processor.py:642} INFO - Processing file /home/airflow/.local/lib/python3.7/site-packages/airflow/example_dags/example_xcomargs.py for tasks to queue
[2022-12-01 21:31:55,709] {logging_mixin.py:109} INFO - [2022-12-01 21:31:55,708] {dagbag.py:500} INFO - Filling up the DagBag from /home/airflow/.local/lib/python3.7/site-packages/airflow/example_dags/example_xcomargs.py
[2022-12-01 21:31:55,736] {processor.py:654} INFO - DAG(s) dict_keys(['example_xcom_args', 'example_xcom_args_with_operators']) retrieved from /home/airflow/.local/lib/python3.7/site-packages/airflow/example_dags/example_xcomargs.py
[2022-12-01 21:31:55,900] {logging_mixin.py:109} INFO - [2022-12-01 21:31:55,900] {dag.py:2398} INFO - Sync 2 DAGs
[2022-12-01 21:31:55,911] {logging_mixin.py:109} INFO - [2022-12-01 21:31:55,911] {dag.py:2937} INFO - Setting next_dagrun for example_xcom_args to None
[2022-12-01 21:31:55,912] {logging_mixin.py:109} INFO - [2022-12-01 21:31:55,912] {dag.py:2937} INFO - Setting next_dagrun for example_xcom_args_with_operators to None
[2022-12-01 21:31:55,926] {processor.py:171} INFO - Processing /home/airflow/.local/lib/python3.7/site-packages/airflow/example_dags/example_xcomargs.py took 0.221 seconds
[2022-12-01 21:32:26,069] {processor.py:163} INFO - Started process (PID=1072) to work on /home/airflow/.local/lib/python3.7/site-packages/airflow/example_dags/example_xcomargs.py
[2022-12-01 21:32:26,070] {processor.py:642} INFO - Processing file /home/airflow/.local/lib/python3.7/site-packages/airflow/example_dags/example_xcomargs.py for tasks to queue
[2022-12-01 21:32:26,071] {logging_mixin.py:109} INFO - [2022-12-01 21:32:26,071] {dagbag.py:500} INFO - Filling up the DagBag from /home/airflow/.local/lib/python3.7/site-packages/airflow/example_dags/example_xcomargs.py
[2022-12-01 21:32:26,101] {processor.py:654} INFO - DAG(s) dict_keys(['example_xcom_args', 'example_xcom_args_with_operators']) retrieved from /home/airflow/.local/lib/python3.7/site-packages/airflow/example_dags/example_xcomargs.py
[2022-12-01 21:32:26,244] {logging_mixin.py:109} INFO - [2022-12-01 21:32:26,244] {dag.py:2398} INFO - Sync 2 DAGs
[2022-12-01 21:32:26,254] {logging_mixin.py:109} INFO - [2022-12-01 21:32:26,254] {dag.py:2937} INFO - Setting next_dagrun for example_xcom_args to None
[2022-12-01 21:32:26,254] {logging_mixin.py:109} INFO - [2022-12-01 21:32:26,254] {dag.py:2937} INFO - Setting next_dagrun for example_xcom_args_with_operators to None
[2022-12-01 21:32:26,269] {processor.py:171} INFO - Processing /home/airflow/.local/lib/python3.7/site-packages/airflow/example_dags/example_xcomargs.py took 0.202 seconds
[2022-12-01 21:32:56,384] {processor.py:163} INFO - Started process (PID=1143) to work on /home/airflow/.local/lib/python3.7/site-packages/airflow/example_dags/example_xcomargs.py
[2022-12-01 21:32:56,385] {processor.py:642} INFO - Processing file /home/airflow/.local/lib/python3.7/site-packages/airflow/example_dags/example_xcomargs.py for tasks to queue
[2022-12-01 21:32:56,385] {logging_mixin.py:109} INFO - [2022-12-01 21:32:56,385] {dagbag.py:500} INFO - Filling up the DagBag from /home/airflow/.local/lib/python3.7/site-packages/airflow/example_dags/example_xcomargs.py
[2022-12-01 21:32:56,411] {processor.py:654} INFO - DAG(s) dict_keys(['example_xcom_args', 'example_xcom_args_with_operators']) retrieved from /home/airflow/.local/lib/python3.7/site-packages/airflow/example_dags/example_xcomargs.py
[2022-12-01 21:32:56,559] {logging_mixin.py:109} INFO - [2022-12-01 21:32:56,559] {dag.py:2398} INFO - Sync 2 DAGs
[2022-12-01 21:32:56,570] {logging_mixin.py:109} INFO - [2022-12-01 21:32:56,570] {dag.py:2937} INFO - Setting next_dagrun for example_xcom_args to None
[2022-12-01 21:32:56,570] {logging_mixin.py:109} INFO - [2022-12-01 21:32:56,570] {dag.py:2937} INFO - Setting next_dagrun for example_xcom_args_with_operators to None
[2022-12-01 21:32:56,591] {processor.py:171} INFO - Processing /home/airflow/.local/lib/python3.7/site-packages/airflow/example_dags/example_xcomargs.py took 0.209 seconds
[2022-12-01 21:33:26,806] {processor.py:163} INFO - Started process (PID=1206) to work on /home/airflow/.local/lib/python3.7/site-packages/airflow/example_dags/example_xcomargs.py
[2022-12-01 21:33:26,807] {processor.py:642} INFO - Processing file /home/airflow/.local/lib/python3.7/site-packages/airflow/example_dags/example_xcomargs.py for tasks to queue
[2022-12-01 21:33:26,808] {logging_mixin.py:109} INFO - [2022-12-01 21:33:26,808] {dagbag.py:500} INFO - Filling up the DagBag from /home/airflow/.local/lib/python3.7/site-packages/airflow/example_dags/example_xcomargs.py
[2022-12-01 21:33:26,837] {processor.py:654} INFO - DAG(s) dict_keys(['example_xcom_args', 'example_xcom_args_with_operators']) retrieved from /home/airflow/.local/lib/python3.7/site-packages/airflow/example_dags/example_xcomargs.py
[2022-12-01 21:33:26,988] {logging_mixin.py:109} INFO - [2022-12-01 21:33:26,988] {dag.py:2398} INFO - Sync 2 DAGs
[2022-12-01 21:33:26,998] {logging_mixin.py:109} INFO - [2022-12-01 21:33:26,998] {dag.py:2937} INFO - Setting next_dagrun for example_xcom_args to None
[2022-12-01 21:33:26,998] {logging_mixin.py:109} INFO - [2022-12-01 21:33:26,998] {dag.py:2937} INFO - Setting next_dagrun for example_xcom_args_with_operators to None
[2022-12-01 21:33:27,008] {processor.py:171} INFO - Processing /home/airflow/.local/lib/python3.7/site-packages/airflow/example_dags/example_xcomargs.py took 0.205 seconds
[2022-12-01 21:33:57,281] {processor.py:163} INFO - Started process (PID=1278) to work on /home/airflow/.local/lib/python3.7/site-packages/airflow/example_dags/example_xcomargs.py
[2022-12-01 21:33:57,281] {processor.py:642} INFO - Processing file /home/airflow/.local/lib/python3.7/site-packages/airflow/example_dags/example_xcomargs.py for tasks to queue
[2022-12-01 21:33:57,282] {logging_mixin.py:109} INFO - [2022-12-01 21:33:57,282] {dagbag.py:500} INFO - Filling up the DagBag from /home/airflow/.local/lib/python3.7/site-packages/airflow/example_dags/example_xcomargs.py
[2022-12-01 21:33:57,310] {processor.py:654} INFO - DAG(s) dict_keys(['example_xcom_args', 'example_xcom_args_with_operators']) retrieved from /home/airflow/.local/lib/python3.7/site-packages/airflow/example_dags/example_xcomargs.py
[2022-12-01 21:33:57,500] {logging_mixin.py:109} INFO - [2022-12-01 21:33:57,500] {dag.py:2398} INFO - Sync 2 DAGs
[2022-12-01 21:33:57,511] {logging_mixin.py:109} INFO - [2022-12-01 21:33:57,511] {dag.py:2937} INFO - Setting next_dagrun for example_xcom_args to None
[2022-12-01 21:33:57,511] {logging_mixin.py:109} INFO - [2022-12-01 21:33:57,511] {dag.py:2937} INFO - Setting next_dagrun for example_xcom_args_with_operators to None
[2022-12-01 21:33:57,526] {processor.py:171} INFO - Processing /home/airflow/.local/lib/python3.7/site-packages/airflow/example_dags/example_xcomargs.py took 0.247 seconds
[2022-12-01 21:34:27,574] {processor.py:163} INFO - Started process (PID=1340) to work on /home/airflow/.local/lib/python3.7/site-packages/airflow/example_dags/example_xcomargs.py
[2022-12-01 21:34:27,576] {processor.py:642} INFO - Processing file /home/airflow/.local/lib/python3.7/site-packages/airflow/example_dags/example_xcomargs.py for tasks to queue
[2022-12-01 21:34:27,576] {logging_mixin.py:109} INFO - [2022-12-01 21:34:27,576] {dagbag.py:500} INFO - Filling up the DagBag from /home/airflow/.local/lib/python3.7/site-packages/airflow/example_dags/example_xcomargs.py
[2022-12-01 21:34:27,607] {processor.py:654} INFO - DAG(s) dict_keys(['example_xcom_args', 'example_xcom_args_with_operators']) retrieved from /home/airflow/.local/lib/python3.7/site-packages/airflow/example_dags/example_xcomargs.py
[2022-12-01 21:34:27,754] {logging_mixin.py:109} INFO - [2022-12-01 21:34:27,754] {dag.py:2398} INFO - Sync 2 DAGs
[2022-12-01 21:34:27,764] {logging_mixin.py:109} INFO - [2022-12-01 21:34:27,764] {dag.py:2937} INFO - Setting next_dagrun for example_xcom_args to None
[2022-12-01 21:34:27,764] {logging_mixin.py:109} INFO - [2022-12-01 21:34:27,764] {dag.py:2937} INFO - Setting next_dagrun for example_xcom_args_with_operators to None
[2022-12-01 21:34:27,780] {processor.py:171} INFO - Processing /home/airflow/.local/lib/python3.7/site-packages/airflow/example_dags/example_xcomargs.py took 0.208 seconds
[2022-12-01 21:34:57,954] {processor.py:163} INFO - Started process (PID=1411) to work on /home/airflow/.local/lib/python3.7/site-packages/airflow/example_dags/example_xcomargs.py
[2022-12-01 21:34:57,955] {processor.py:642} INFO - Processing file /home/airflow/.local/lib/python3.7/site-packages/airflow/example_dags/example_xcomargs.py for tasks to queue
[2022-12-01 21:34:57,955] {logging_mixin.py:109} INFO - [2022-12-01 21:34:57,955] {dagbag.py:500} INFO - Filling up the DagBag from /home/airflow/.local/lib/python3.7/site-packages/airflow/example_dags/example_xcomargs.py
[2022-12-01 21:34:57,983] {processor.py:654} INFO - DAG(s) dict_keys(['example_xcom_args', 'example_xcom_args_with_operators']) retrieved from /home/airflow/.local/lib/python3.7/site-packages/airflow/example_dags/example_xcomargs.py
[2022-12-01 21:34:58,181] {logging_mixin.py:109} INFO - [2022-12-01 21:34:58,181] {dag.py:2398} INFO - Sync 2 DAGs
[2022-12-01 21:34:58,192] {logging_mixin.py:109} INFO - [2022-12-01 21:34:58,192] {dag.py:2937} INFO - Setting next_dagrun for example_xcom_args to None
[2022-12-01 21:34:58,192] {logging_mixin.py:109} INFO - [2022-12-01 21:34:58,192] {dag.py:2937} INFO - Setting next_dagrun for example_xcom_args_with_operators to None
[2022-12-01 21:34:58,203] {processor.py:171} INFO - Processing /home/airflow/.local/lib/python3.7/site-packages/airflow/example_dags/example_xcomargs.py took 0.251 seconds
[2022-12-01 21:35:28,257] {processor.py:163} INFO - Started process (PID=1473) to work on /home/airflow/.local/lib/python3.7/site-packages/airflow/example_dags/example_xcomargs.py
[2022-12-01 21:35:28,259] {processor.py:642} INFO - Processing file /home/airflow/.local/lib/python3.7/site-packages/airflow/example_dags/example_xcomargs.py for tasks to queue
[2022-12-01 21:35:28,259] {logging_mixin.py:109} INFO - [2022-12-01 21:35:28,259] {dagbag.py:500} INFO - Filling up the DagBag from /home/airflow/.local/lib/python3.7/site-packages/airflow/example_dags/example_xcomargs.py
[2022-12-01 21:35:28,287] {processor.py:654} INFO - DAG(s) dict_keys(['example_xcom_args', 'example_xcom_args_with_operators']) retrieved from /home/airflow/.local/lib/python3.7/site-packages/airflow/example_dags/example_xcomargs.py
[2022-12-01 21:35:28,434] {logging_mixin.py:109} INFO - [2022-12-01 21:35:28,434] {dag.py:2398} INFO - Sync 2 DAGs
[2022-12-01 21:35:28,443] {logging_mixin.py:109} INFO - [2022-12-01 21:35:28,443] {dag.py:2937} INFO - Setting next_dagrun for example_xcom_args to None
[2022-12-01 21:35:28,444] {logging_mixin.py:109} INFO - [2022-12-01 21:35:28,444] {dag.py:2937} INFO - Setting next_dagrun for example_xcom_args_with_operators to None
[2022-12-01 21:35:28,459] {processor.py:171} INFO - Processing /home/airflow/.local/lib/python3.7/site-packages/airflow/example_dags/example_xcomargs.py took 0.204 seconds
[2022-12-01 21:35:58,511] {processor.py:163} INFO - Started process (PID=1545) to work on /home/airflow/.local/lib/python3.7/site-packages/airflow/example_dags/example_xcomargs.py
[2022-12-01 21:35:58,512] {processor.py:642} INFO - Processing file /home/airflow/.local/lib/python3.7/site-packages/airflow/example_dags/example_xcomargs.py for tasks to queue
[2022-12-01 21:35:58,512] {logging_mixin.py:109} INFO - [2022-12-01 21:35:58,512] {dagbag.py:500} INFO - Filling up the DagBag from /home/airflow/.local/lib/python3.7/site-packages/airflow/example_dags/example_xcomargs.py
[2022-12-01 21:35:58,540] {processor.py:654} INFO - DAG(s) dict_keys(['example_xcom_args', 'example_xcom_args_with_operators']) retrieved from /home/airflow/.local/lib/python3.7/site-packages/airflow/example_dags/example_xcomargs.py
[2022-12-01 21:35:58,699] {logging_mixin.py:109} INFO - [2022-12-01 21:35:58,699] {dag.py:2398} INFO - Sync 2 DAGs
[2022-12-01 21:35:58,711] {logging_mixin.py:109} INFO - [2022-12-01 21:35:58,711] {dag.py:2937} INFO - Setting next_dagrun for example_xcom_args to None
[2022-12-01 21:35:58,711] {logging_mixin.py:109} INFO - [2022-12-01 21:35:58,711] {dag.py:2937} INFO - Setting next_dagrun for example_xcom_args_with_operators to None
[2022-12-01 21:35:58,727] {processor.py:171} INFO - Processing /home/airflow/.local/lib/python3.7/site-packages/airflow/example_dags/example_xcomargs.py took 0.218 seconds
[2022-12-01 21:36:28,858] {processor.py:163} INFO - Started process (PID=1607) to work on /home/airflow/.local/lib/python3.7/site-packages/airflow/example_dags/example_xcomargs.py
[2022-12-01 21:36:28,860] {processor.py:642} INFO - Processing file /home/airflow/.local/lib/python3.7/site-packages/airflow/example_dags/example_xcomargs.py for tasks to queue
[2022-12-01 21:36:28,860] {logging_mixin.py:109} INFO - [2022-12-01 21:36:28,860] {dagbag.py:500} INFO - Filling up the DagBag from /home/airflow/.local/lib/python3.7/site-packages/airflow/example_dags/example_xcomargs.py
[2022-12-01 21:36:28,890] {processor.py:654} INFO - DAG(s) dict_keys(['example_xcom_args', 'example_xcom_args_with_operators']) retrieved from /home/airflow/.local/lib/python3.7/site-packages/airflow/example_dags/example_xcomargs.py
[2022-12-01 21:36:29,041] {logging_mixin.py:109} INFO - [2022-12-01 21:36:29,041] {dag.py:2398} INFO - Sync 2 DAGs
[2022-12-01 21:36:29,051] {logging_mixin.py:109} INFO - [2022-12-01 21:36:29,050] {dag.py:2937} INFO - Setting next_dagrun for example_xcom_args to None
[2022-12-01 21:36:29,051] {logging_mixin.py:109} INFO - [2022-12-01 21:36:29,051] {dag.py:2937} INFO - Setting next_dagrun for example_xcom_args_with_operators to None
[2022-12-01 21:36:29,065] {processor.py:171} INFO - Processing /home/airflow/.local/lib/python3.7/site-packages/airflow/example_dags/example_xcomargs.py took 0.210 seconds
[2022-12-01 21:36:59,106] {processor.py:163} INFO - Started process (PID=1680) to work on /home/airflow/.local/lib/python3.7/site-packages/airflow/example_dags/example_xcomargs.py
[2022-12-01 21:36:59,106] {processor.py:642} INFO - Processing file /home/airflow/.local/lib/python3.7/site-packages/airflow/example_dags/example_xcomargs.py for tasks to queue
[2022-12-01 21:36:59,107] {logging_mixin.py:109} INFO - [2022-12-01 21:36:59,107] {dagbag.py:500} INFO - Filling up the DagBag from /home/airflow/.local/lib/python3.7/site-packages/airflow/example_dags/example_xcomargs.py
[2022-12-01 21:36:59,133] {processor.py:654} INFO - DAG(s) dict_keys(['example_xcom_args', 'example_xcom_args_with_operators']) retrieved from /home/airflow/.local/lib/python3.7/site-packages/airflow/example_dags/example_xcomargs.py
[2022-12-01 21:36:59,313] {logging_mixin.py:109} INFO - [2022-12-01 21:36:59,313] {dag.py:2398} INFO - Sync 2 DAGs
[2022-12-01 21:36:59,325] {logging_mixin.py:109} INFO - [2022-12-01 21:36:59,325] {dag.py:2937} INFO - Setting next_dagrun for example_xcom_args to None
[2022-12-01 21:36:59,325] {logging_mixin.py:109} INFO - [2022-12-01 21:36:59,325] {dag.py:2937} INFO - Setting next_dagrun for example_xcom_args_with_operators to None
[2022-12-01 21:36:59,335] {processor.py:171} INFO - Processing /home/airflow/.local/lib/python3.7/site-packages/airflow/example_dags/example_xcomargs.py took 0.231 seconds
[2022-12-01 21:37:29,379] {processor.py:163} INFO - Started process (PID=1740) to work on /home/airflow/.local/lib/python3.7/site-packages/airflow/example_dags/example_xcomargs.py
[2022-12-01 21:37:29,379] {processor.py:642} INFO - Processing file /home/airflow/.local/lib/python3.7/site-packages/airflow/example_dags/example_xcomargs.py for tasks to queue
[2022-12-01 21:37:29,380] {logging_mixin.py:109} INFO - [2022-12-01 21:37:29,380] {dagbag.py:500} INFO - Filling up the DagBag from /home/airflow/.local/lib/python3.7/site-packages/airflow/example_dags/example_xcomargs.py
[2022-12-01 21:37:29,403] {processor.py:654} INFO - DAG(s) dict_keys(['example_xcom_args', 'example_xcom_args_with_operators']) retrieved from /home/airflow/.local/lib/python3.7/site-packages/airflow/example_dags/example_xcomargs.py
[2022-12-01 21:37:29,549] {logging_mixin.py:109} INFO - [2022-12-01 21:37:29,548] {dag.py:2398} INFO - Sync 2 DAGs
[2022-12-01 21:37:29,558] {logging_mixin.py:109} INFO - [2022-12-01 21:37:29,558] {dag.py:2937} INFO - Setting next_dagrun for example_xcom_args to None
[2022-12-01 21:37:29,558] {logging_mixin.py:109} INFO - [2022-12-01 21:37:29,558] {dag.py:2937} INFO - Setting next_dagrun for example_xcom_args_with_operators to None
[2022-12-01 21:37:29,573] {processor.py:171} INFO - Processing /home/airflow/.local/lib/python3.7/site-packages/airflow/example_dags/example_xcomargs.py took 0.196 seconds
[2022-12-01 21:37:59,590] {processor.py:163} INFO - Started process (PID=1811) to work on /home/airflow/.local/lib/python3.7/site-packages/airflow/example_dags/example_xcomargs.py
[2022-12-01 21:37:59,590] {processor.py:642} INFO - Processing file /home/airflow/.local/lib/python3.7/site-packages/airflow/example_dags/example_xcomargs.py for tasks to queue
[2022-12-01 21:37:59,591] {logging_mixin.py:109} INFO - [2022-12-01 21:37:59,591] {dagbag.py:500} INFO - Filling up the DagBag from /home/airflow/.local/lib/python3.7/site-packages/airflow/example_dags/example_xcomargs.py
[2022-12-01 21:37:59,619] {processor.py:654} INFO - DAG(s) dict_keys(['example_xcom_args', 'example_xcom_args_with_operators']) retrieved from /home/airflow/.local/lib/python3.7/site-packages/airflow/example_dags/example_xcomargs.py
[2022-12-01 21:37:59,774] {logging_mixin.py:109} INFO - [2022-12-01 21:37:59,774] {dag.py:2398} INFO - Sync 2 DAGs
[2022-12-01 21:37:59,785] {logging_mixin.py:109} INFO - [2022-12-01 21:37:59,785] {dag.py:2937} INFO - Setting next_dagrun for example_xcom_args to None
[2022-12-01 21:37:59,785] {logging_mixin.py:109} INFO - [2022-12-01 21:37:59,785] {dag.py:2937} INFO - Setting next_dagrun for example_xcom_args_with_operators to None
[2022-12-01 21:37:59,801] {processor.py:171} INFO - Processing /home/airflow/.local/lib/python3.7/site-packages/airflow/example_dags/example_xcomargs.py took 0.214 seconds
[2022-12-01 21:38:29,905] {processor.py:163} INFO - Started process (PID=1873) to work on /home/airflow/.local/lib/python3.7/site-packages/airflow/example_dags/example_xcomargs.py
[2022-12-01 21:38:29,905] {processor.py:642} INFO - Processing file /home/airflow/.local/lib/python3.7/site-packages/airflow/example_dags/example_xcomargs.py for tasks to queue
[2022-12-01 21:38:29,906] {logging_mixin.py:109} INFO - [2022-12-01 21:38:29,906] {dagbag.py:500} INFO - Filling up the DagBag from /home/airflow/.local/lib/python3.7/site-packages/airflow/example_dags/example_xcomargs.py
[2022-12-01 21:38:29,932] {processor.py:654} INFO - DAG(s) dict_keys(['example_xcom_args', 'example_xcom_args_with_operators']) retrieved from /home/airflow/.local/lib/python3.7/site-packages/airflow/example_dags/example_xcomargs.py
[2022-12-01 21:38:30,085] {logging_mixin.py:109} INFO - [2022-12-01 21:38:30,085] {dag.py:2398} INFO - Sync 2 DAGs
[2022-12-01 21:38:30,097] {logging_mixin.py:109} INFO - [2022-12-01 21:38:30,097] {dag.py:2937} INFO - Setting next_dagrun for example_xcom_args to None
[2022-12-01 21:38:30,097] {logging_mixin.py:109} INFO - [2022-12-01 21:38:30,097] {dag.py:2937} INFO - Setting next_dagrun for example_xcom_args_with_operators to None
[2022-12-01 21:38:30,111] {processor.py:171} INFO - Processing /home/airflow/.local/lib/python3.7/site-packages/airflow/example_dags/example_xcomargs.py took 0.209 seconds
[2022-12-01 21:39:00,342] {processor.py:163} INFO - Started process (PID=1944) to work on /home/airflow/.local/lib/python3.7/site-packages/airflow/example_dags/example_xcomargs.py
[2022-12-01 21:39:00,343] {processor.py:642} INFO - Processing file /home/airflow/.local/lib/python3.7/site-packages/airflow/example_dags/example_xcomargs.py for tasks to queue
[2022-12-01 21:39:00,344] {logging_mixin.py:109} INFO - [2022-12-01 21:39:00,344] {dagbag.py:500} INFO - Filling up the DagBag from /home/airflow/.local/lib/python3.7/site-packages/airflow/example_dags/example_xcomargs.py
[2022-12-01 21:39:00,368] {processor.py:654} INFO - DAG(s) dict_keys(['example_xcom_args', 'example_xcom_args_with_operators']) retrieved from /home/airflow/.local/lib/python3.7/site-packages/airflow/example_dags/example_xcomargs.py
[2022-12-01 21:39:00,538] {logging_mixin.py:109} INFO - [2022-12-01 21:39:00,538] {dag.py:2398} INFO - Sync 2 DAGs
[2022-12-01 21:39:00,551] {logging_mixin.py:109} INFO - [2022-12-01 21:39:00,551] {dag.py:2937} INFO - Setting next_dagrun for example_xcom_args to None
[2022-12-01 21:39:00,552] {logging_mixin.py:109} INFO - [2022-12-01 21:39:00,552] {dag.py:2937} INFO - Setting next_dagrun for example_xcom_args_with_operators to None
[2022-12-01 21:39:00,567] {processor.py:171} INFO - Processing /home/airflow/.local/lib/python3.7/site-packages/airflow/example_dags/example_xcomargs.py took 0.226 seconds
[2022-12-01 21:39:30,641] {processor.py:163} INFO - Started process (PID=2006) to work on /home/airflow/.local/lib/python3.7/site-packages/airflow/example_dags/example_xcomargs.py
[2022-12-01 21:39:30,642] {processor.py:642} INFO - Processing file /home/airflow/.local/lib/python3.7/site-packages/airflow/example_dags/example_xcomargs.py for tasks to queue
[2022-12-01 21:39:30,642] {logging_mixin.py:109} INFO - [2022-12-01 21:39:30,642] {dagbag.py:500} INFO - Filling up the DagBag from /home/airflow/.local/lib/python3.7/site-packages/airflow/example_dags/example_xcomargs.py
[2022-12-01 21:39:30,668] {processor.py:654} INFO - DAG(s) dict_keys(['example_xcom_args', 'example_xcom_args_with_operators']) retrieved from /home/airflow/.local/lib/python3.7/site-packages/airflow/example_dags/example_xcomargs.py
[2022-12-01 21:39:30,819] {logging_mixin.py:109} INFO - [2022-12-01 21:39:30,819] {dag.py:2398} INFO - Sync 2 DAGs
[2022-12-01 21:39:30,829] {logging_mixin.py:109} INFO - [2022-12-01 21:39:30,829] {dag.py:2937} INFO - Setting next_dagrun for example_xcom_args to None
[2022-12-01 21:39:30,829] {logging_mixin.py:109} INFO - [2022-12-01 21:39:30,829] {dag.py:2937} INFO - Setting next_dagrun for example_xcom_args_with_operators to None
[2022-12-01 21:39:30,844] {processor.py:171} INFO - Processing /home/airflow/.local/lib/python3.7/site-packages/airflow/example_dags/example_xcomargs.py took 0.205 seconds
[2022-12-01 21:40:00,984] {processor.py:163} INFO - Started process (PID=2077) to work on /home/airflow/.local/lib/python3.7/site-packages/airflow/example_dags/example_xcomargs.py
[2022-12-01 21:40:00,985] {processor.py:642} INFO - Processing file /home/airflow/.local/lib/python3.7/site-packages/airflow/example_dags/example_xcomargs.py for tasks to queue
[2022-12-01 21:40:00,986] {logging_mixin.py:109} INFO - [2022-12-01 21:40:00,986] {dagbag.py:500} INFO - Filling up the DagBag from /home/airflow/.local/lib/python3.7/site-packages/airflow/example_dags/example_xcomargs.py
[2022-12-01 21:40:01,016] {processor.py:654} INFO - DAG(s) dict_keys(['example_xcom_args', 'example_xcom_args_with_operators']) retrieved from /home/airflow/.local/lib/python3.7/site-packages/airflow/example_dags/example_xcomargs.py
[2022-12-01 21:40:01,202] {logging_mixin.py:109} INFO - [2022-12-01 21:40:01,202] {dag.py:2398} INFO - Sync 2 DAGs
[2022-12-01 21:40:01,215] {logging_mixin.py:109} INFO - [2022-12-01 21:40:01,214] {dag.py:2937} INFO - Setting next_dagrun for example_xcom_args to None
[2022-12-01 21:40:01,215] {logging_mixin.py:109} INFO - [2022-12-01 21:40:01,215] {dag.py:2937} INFO - Setting next_dagrun for example_xcom_args_with_operators to None
[2022-12-01 21:40:01,230] {processor.py:171} INFO - Processing /home/airflow/.local/lib/python3.7/site-packages/airflow/example_dags/example_xcomargs.py took 0.248 seconds
[2022-12-01 21:40:31,358] {processor.py:163} INFO - Started process (PID=2139) to work on /home/airflow/.local/lib/python3.7/site-packages/airflow/example_dags/example_xcomargs.py
[2022-12-01 21:40:31,359] {processor.py:642} INFO - Processing file /home/airflow/.local/lib/python3.7/site-packages/airflow/example_dags/example_xcomargs.py for tasks to queue
[2022-12-01 21:40:31,359] {logging_mixin.py:109} INFO - [2022-12-01 21:40:31,359] {dagbag.py:500} INFO - Filling up the DagBag from /home/airflow/.local/lib/python3.7/site-packages/airflow/example_dags/example_xcomargs.py
[2022-12-01 21:40:31,385] {processor.py:654} INFO - DAG(s) dict_keys(['example_xcom_args', 'example_xcom_args_with_operators']) retrieved from /home/airflow/.local/lib/python3.7/site-packages/airflow/example_dags/example_xcomargs.py
[2022-12-01 21:40:31,535] {logging_mixin.py:109} INFO - [2022-12-01 21:40:31,535] {dag.py:2398} INFO - Sync 2 DAGs
[2022-12-01 21:40:31,545] {logging_mixin.py:109} INFO - [2022-12-01 21:40:31,545] {dag.py:2937} INFO - Setting next_dagrun for example_xcom_args to None
[2022-12-01 21:40:31,545] {logging_mixin.py:109} INFO - [2022-12-01 21:40:31,545] {dag.py:2937} INFO - Setting next_dagrun for example_xcom_args_with_operators to None
[2022-12-01 21:40:31,559] {processor.py:171} INFO - Processing /home/airflow/.local/lib/python3.7/site-packages/airflow/example_dags/example_xcomargs.py took 0.203 seconds
[2022-12-01 21:41:01,658] {processor.py:163} INFO - Started process (PID=2210) to work on /home/airflow/.local/lib/python3.7/site-packages/airflow/example_dags/example_xcomargs.py
[2022-12-01 21:41:01,659] {processor.py:642} INFO - Processing file /home/airflow/.local/lib/python3.7/site-packages/airflow/example_dags/example_xcomargs.py for tasks to queue
[2022-12-01 21:41:01,659] {logging_mixin.py:109} INFO - [2022-12-01 21:41:01,659] {dagbag.py:500} INFO - Filling up the DagBag from /home/airflow/.local/lib/python3.7/site-packages/airflow/example_dags/example_xcomargs.py
[2022-12-01 21:41:01,693] {processor.py:654} INFO - DAG(s) dict_keys(['example_xcom_args', 'example_xcom_args_with_operators']) retrieved from /home/airflow/.local/lib/python3.7/site-packages/airflow/example_dags/example_xcomargs.py
[2022-12-01 21:41:01,864] {logging_mixin.py:109} INFO - [2022-12-01 21:41:01,864] {dag.py:2398} INFO - Sync 2 DAGs
[2022-12-01 21:41:01,874] {logging_mixin.py:109} INFO - [2022-12-01 21:41:01,874] {dag.py:2937} INFO - Setting next_dagrun for example_xcom_args to None
[2022-12-01 21:41:01,874] {logging_mixin.py:109} INFO - [2022-12-01 21:41:01,874] {dag.py:2937} INFO - Setting next_dagrun for example_xcom_args_with_operators to None
[2022-12-01 21:41:01,890] {processor.py:171} INFO - Processing /home/airflow/.local/lib/python3.7/site-packages/airflow/example_dags/example_xcomargs.py took 0.235 seconds
[2022-12-01 21:41:32,009] {processor.py:163} INFO - Started process (PID=2272) to work on /home/airflow/.local/lib/python3.7/site-packages/airflow/example_dags/example_xcomargs.py
[2022-12-01 21:41:32,010] {processor.py:642} INFO - Processing file /home/airflow/.local/lib/python3.7/site-packages/airflow/example_dags/example_xcomargs.py for tasks to queue
[2022-12-01 21:41:32,010] {logging_mixin.py:109} INFO - [2022-12-01 21:41:32,010] {dagbag.py:500} INFO - Filling up the DagBag from /home/airflow/.local/lib/python3.7/site-packages/airflow/example_dags/example_xcomargs.py
[2022-12-01 21:41:32,036] {processor.py:654} INFO - DAG(s) dict_keys(['example_xcom_args', 'example_xcom_args_with_operators']) retrieved from /home/airflow/.local/lib/python3.7/site-packages/airflow/example_dags/example_xcomargs.py
[2022-12-01 21:41:32,192] {logging_mixin.py:109} INFO - [2022-12-01 21:41:32,192] {dag.py:2398} INFO - Sync 2 DAGs
[2022-12-01 21:41:32,201] {logging_mixin.py:109} INFO - [2022-12-01 21:41:32,201] {dag.py:2937} INFO - Setting next_dagrun for example_xcom_args to None
[2022-12-01 21:41:32,201] {logging_mixin.py:109} INFO - [2022-12-01 21:41:32,201] {dag.py:2937} INFO - Setting next_dagrun for example_xcom_args_with_operators to None
[2022-12-01 21:41:32,219] {processor.py:171} INFO - Processing /home/airflow/.local/lib/python3.7/site-packages/airflow/example_dags/example_xcomargs.py took 0.212 seconds
[2022-12-01 21:42:02,320] {processor.py:163} INFO - Started process (PID=2347) to work on /home/airflow/.local/lib/python3.7/site-packages/airflow/example_dags/example_xcomargs.py
[2022-12-01 21:42:02,321] {processor.py:642} INFO - Processing file /home/airflow/.local/lib/python3.7/site-packages/airflow/example_dags/example_xcomargs.py for tasks to queue
[2022-12-01 21:42:02,322] {logging_mixin.py:109} INFO - [2022-12-01 21:42:02,322] {dagbag.py:500} INFO - Filling up the DagBag from /home/airflow/.local/lib/python3.7/site-packages/airflow/example_dags/example_xcomargs.py
[2022-12-01 21:42:02,356] {processor.py:654} INFO - DAG(s) dict_keys(['example_xcom_args', 'example_xcom_args_with_operators']) retrieved from /home/airflow/.local/lib/python3.7/site-packages/airflow/example_dags/example_xcomargs.py
[2022-12-01 21:42:02,550] {logging_mixin.py:109} INFO - [2022-12-01 21:42:02,550] {dag.py:2398} INFO - Sync 2 DAGs
[2022-12-01 21:42:02,560] {logging_mixin.py:109} INFO - [2022-12-01 21:42:02,560] {dag.py:2937} INFO - Setting next_dagrun for example_xcom_args to None
[2022-12-01 21:42:02,560] {logging_mixin.py:109} INFO - [2022-12-01 21:42:02,560] {dag.py:2937} INFO - Setting next_dagrun for example_xcom_args_with_operators to None
[2022-12-01 21:42:02,575] {processor.py:171} INFO - Processing /home/airflow/.local/lib/python3.7/site-packages/airflow/example_dags/example_xcomargs.py took 0.257 seconds
[2022-12-01 21:42:32,623] {processor.py:163} INFO - Started process (PID=2410) to work on /home/airflow/.local/lib/python3.7/site-packages/airflow/example_dags/example_xcomargs.py
[2022-12-01 21:42:32,623] {processor.py:642} INFO - Processing file /home/airflow/.local/lib/python3.7/site-packages/airflow/example_dags/example_xcomargs.py for tasks to queue
[2022-12-01 21:42:32,624] {logging_mixin.py:109} INFO - [2022-12-01 21:42:32,624] {dagbag.py:500} INFO - Filling up the DagBag from /home/airflow/.local/lib/python3.7/site-packages/airflow/example_dags/example_xcomargs.py
[2022-12-01 21:42:32,648] {processor.py:654} INFO - DAG(s) dict_keys(['example_xcom_args', 'example_xcom_args_with_operators']) retrieved from /home/airflow/.local/lib/python3.7/site-packages/airflow/example_dags/example_xcomargs.py
[2022-12-01 21:42:32,801] {logging_mixin.py:109} INFO - [2022-12-01 21:42:32,801] {dag.py:2398} INFO - Sync 2 DAGs
[2022-12-01 21:42:32,811] {logging_mixin.py:109} INFO - [2022-12-01 21:42:32,811] {dag.py:2937} INFO - Setting next_dagrun for example_xcom_args to None
[2022-12-01 21:42:32,811] {logging_mixin.py:109} INFO - [2022-12-01 21:42:32,811] {dag.py:2937} INFO - Setting next_dagrun for example_xcom_args_with_operators to None
[2022-12-01 21:42:32,825] {processor.py:171} INFO - Processing /home/airflow/.local/lib/python3.7/site-packages/airflow/example_dags/example_xcomargs.py took 0.204 seconds
[2022-12-01 21:43:03,089] {processor.py:163} INFO - Started process (PID=2485) to work on /home/airflow/.local/lib/python3.7/site-packages/airflow/example_dags/example_xcomargs.py
[2022-12-01 21:43:03,097] {processor.py:642} INFO - Processing file /home/airflow/.local/lib/python3.7/site-packages/airflow/example_dags/example_xcomargs.py for tasks to queue
[2022-12-01 21:43:03,098] {logging_mixin.py:109} INFO - [2022-12-01 21:43:03,098] {dagbag.py:500} INFO - Filling up the DagBag from /home/airflow/.local/lib/python3.7/site-packages/airflow/example_dags/example_xcomargs.py
[2022-12-01 21:43:03,132] {processor.py:654} INFO - DAG(s) dict_keys(['example_xcom_args', 'example_xcom_args_with_operators']) retrieved from /home/airflow/.local/lib/python3.7/site-packages/airflow/example_dags/example_xcomargs.py
[2022-12-01 21:43:03,284] {logging_mixin.py:109} INFO - [2022-12-01 21:43:03,284] {dag.py:2398} INFO - Sync 2 DAGs
[2022-12-01 21:43:03,295] {logging_mixin.py:109} INFO - [2022-12-01 21:43:03,295] {dag.py:2937} INFO - Setting next_dagrun for example_xcom_args to None
[2022-12-01 21:43:03,295] {logging_mixin.py:109} INFO - [2022-12-01 21:43:03,295] {dag.py:2937} INFO - Setting next_dagrun for example_xcom_args_with_operators to None
[2022-12-01 21:43:03,304] {processor.py:171} INFO - Processing /home/airflow/.local/lib/python3.7/site-packages/airflow/example_dags/example_xcomargs.py took 0.219 seconds
[2022-12-01 21:43:33,445] {processor.py:163} INFO - Started process (PID=2548) to work on /home/airflow/.local/lib/python3.7/site-packages/airflow/example_dags/example_xcomargs.py
[2022-12-01 21:43:33,446] {processor.py:642} INFO - Processing file /home/airflow/.local/lib/python3.7/site-packages/airflow/example_dags/example_xcomargs.py for tasks to queue
[2022-12-01 21:43:33,446] {logging_mixin.py:109} INFO - [2022-12-01 21:43:33,446] {dagbag.py:500} INFO - Filling up the DagBag from /home/airflow/.local/lib/python3.7/site-packages/airflow/example_dags/example_xcomargs.py
[2022-12-01 21:43:33,472] {processor.py:654} INFO - DAG(s) dict_keys(['example_xcom_args', 'example_xcom_args_with_operators']) retrieved from /home/airflow/.local/lib/python3.7/site-packages/airflow/example_dags/example_xcomargs.py
[2022-12-01 21:43:33,617] {logging_mixin.py:109} INFO - [2022-12-01 21:43:33,617] {dag.py:2398} INFO - Sync 2 DAGs
[2022-12-01 21:43:33,628] {logging_mixin.py:109} INFO - [2022-12-01 21:43:33,628] {dag.py:2937} INFO - Setting next_dagrun for example_xcom_args to None
[2022-12-01 21:43:33,628] {logging_mixin.py:109} INFO - [2022-12-01 21:43:33,628] {dag.py:2937} INFO - Setting next_dagrun for example_xcom_args_with_operators to None
[2022-12-01 21:43:33,637] {processor.py:171} INFO - Processing /home/airflow/.local/lib/python3.7/site-packages/airflow/example_dags/example_xcomargs.py took 0.193 seconds
[2022-12-01 21:44:04,202] {processor.py:163} INFO - Started process (PID=2620) to work on /home/airflow/.local/lib/python3.7/site-packages/airflow/example_dags/example_xcomargs.py
[2022-12-01 21:44:04,202] {processor.py:642} INFO - Processing file /home/airflow/.local/lib/python3.7/site-packages/airflow/example_dags/example_xcomargs.py for tasks to queue
[2022-12-01 21:44:04,203] {logging_mixin.py:109} INFO - [2022-12-01 21:44:04,203] {dagbag.py:500} INFO - Filling up the DagBag from /home/airflow/.local/lib/python3.7/site-packages/airflow/example_dags/example_xcomargs.py
[2022-12-01 21:44:04,230] {processor.py:654} INFO - DAG(s) dict_keys(['example_xcom_args', 'example_xcom_args_with_operators']) retrieved from /home/airflow/.local/lib/python3.7/site-packages/airflow/example_dags/example_xcomargs.py
[2022-12-01 21:44:04,391] {logging_mixin.py:109} INFO - [2022-12-01 21:44:04,391] {dag.py:2398} INFO - Sync 2 DAGs
[2022-12-01 21:44:04,402] {logging_mixin.py:109} INFO - [2022-12-01 21:44:04,402] {dag.py:2937} INFO - Setting next_dagrun for example_xcom_args to None
[2022-12-01 21:44:04,402] {logging_mixin.py:109} INFO - [2022-12-01 21:44:04,402] {dag.py:2937} INFO - Setting next_dagrun for example_xcom_args_with_operators to None
[2022-12-01 21:44:04,411] {processor.py:171} INFO - Processing /home/airflow/.local/lib/python3.7/site-packages/airflow/example_dags/example_xcomargs.py took 0.211 seconds
