[2022-12-01 21:24:41,348] {processor.py:163} INFO - Started process (PID=59) to work on /home/airflow/.local/lib/python3.7/site-packages/airflow/example_dags/example_python_operator.py
[2022-12-01 21:24:41,349] {processor.py:642} INFO - Processing file /home/airflow/.local/lib/python3.7/site-packages/airflow/example_dags/example_python_operator.py for tasks to queue
[2022-12-01 21:24:41,350] {logging_mixin.py:109} INFO - [2022-12-01 21:24:41,349] {dagbag.py:500} INFO - Filling up the DagBag from /home/airflow/.local/lib/python3.7/site-packages/airflow/example_dags/example_python_operator.py
[2022-12-01 21:24:41,386] {processor.py:654} INFO - DAG(s) dict_keys(['example_python_operator']) retrieved from /home/airflow/.local/lib/python3.7/site-packages/airflow/example_dags/example_python_operator.py
[2022-12-01 21:24:41,398] {logging_mixin.py:109} INFO - [2022-12-01 21:24:41,398] {dag.py:2398} INFO - Sync 1 DAGs
[2022-12-01 21:24:41,417] {logging_mixin.py:109} INFO - [2022-12-01 21:24:41,417] {dag.py:2937} INFO - Setting next_dagrun for example_python_operator to None
[2022-12-01 21:24:41,430] {processor.py:171} INFO - Processing /home/airflow/.local/lib/python3.7/site-packages/airflow/example_dags/example_python_operator.py took 0.085 seconds
[2022-12-01 21:25:12,106] {processor.py:163} INFO - Started process (PID=130) to work on /home/airflow/.local/lib/python3.7/site-packages/airflow/example_dags/example_python_operator.py
[2022-12-01 21:25:12,106] {processor.py:642} INFO - Processing file /home/airflow/.local/lib/python3.7/site-packages/airflow/example_dags/example_python_operator.py for tasks to queue
[2022-12-01 21:25:12,107] {logging_mixin.py:109} INFO - [2022-12-01 21:25:12,107] {dagbag.py:500} INFO - Filling up the DagBag from /home/airflow/.local/lib/python3.7/site-packages/airflow/example_dags/example_python_operator.py
[2022-12-01 21:25:12,133] {processor.py:654} INFO - DAG(s) dict_keys(['example_python_operator']) retrieved from /home/airflow/.local/lib/python3.7/site-packages/airflow/example_dags/example_python_operator.py
[2022-12-01 21:25:12,141] {logging_mixin.py:109} INFO - [2022-12-01 21:25:12,141] {dag.py:2398} INFO - Sync 1 DAGs
[2022-12-01 21:25:12,153] {logging_mixin.py:109} INFO - [2022-12-01 21:25:12,153] {dag.py:2937} INFO - Setting next_dagrun for example_python_operator to None
[2022-12-01 21:25:12,162] {processor.py:171} INFO - Processing /home/airflow/.local/lib/python3.7/site-packages/airflow/example_dags/example_python_operator.py took 0.058 seconds
[2022-12-01 21:25:43,247] {processor.py:163} INFO - Started process (PID=192) to work on /home/airflow/.local/lib/python3.7/site-packages/airflow/example_dags/example_python_operator.py
[2022-12-01 21:25:43,248] {processor.py:642} INFO - Processing file /home/airflow/.local/lib/python3.7/site-packages/airflow/example_dags/example_python_operator.py for tasks to queue
[2022-12-01 21:25:43,248] {logging_mixin.py:109} INFO - [2022-12-01 21:25:43,248] {dagbag.py:500} INFO - Filling up the DagBag from /home/airflow/.local/lib/python3.7/site-packages/airflow/example_dags/example_python_operator.py
[2022-12-01 21:25:43,274] {processor.py:654} INFO - DAG(s) dict_keys(['example_python_operator']) retrieved from /home/airflow/.local/lib/python3.7/site-packages/airflow/example_dags/example_python_operator.py
[2022-12-01 21:25:43,282] {logging_mixin.py:109} INFO - [2022-12-01 21:25:43,282] {dag.py:2398} INFO - Sync 1 DAGs
[2022-12-01 21:25:43,294] {logging_mixin.py:109} INFO - [2022-12-01 21:25:43,294] {dag.py:2937} INFO - Setting next_dagrun for example_python_operator to None
[2022-12-01 21:25:43,308] {processor.py:171} INFO - Processing /home/airflow/.local/lib/python3.7/site-packages/airflow/example_dags/example_python_operator.py took 0.064 seconds
[2022-12-01 21:26:14,216] {processor.py:163} INFO - Started process (PID=263) to work on /home/airflow/.local/lib/python3.7/site-packages/airflow/example_dags/example_python_operator.py
[2022-12-01 21:26:14,217] {processor.py:642} INFO - Processing file /home/airflow/.local/lib/python3.7/site-packages/airflow/example_dags/example_python_operator.py for tasks to queue
[2022-12-01 21:26:14,217] {logging_mixin.py:109} INFO - [2022-12-01 21:26:14,217] {dagbag.py:500} INFO - Filling up the DagBag from /home/airflow/.local/lib/python3.7/site-packages/airflow/example_dags/example_python_operator.py
[2022-12-01 21:26:14,241] {processor.py:654} INFO - DAG(s) dict_keys(['example_python_operator']) retrieved from /home/airflow/.local/lib/python3.7/site-packages/airflow/example_dags/example_python_operator.py
[2022-12-01 21:26:14,250] {logging_mixin.py:109} INFO - [2022-12-01 21:26:14,250] {dag.py:2398} INFO - Sync 1 DAGs
[2022-12-01 21:26:14,264] {logging_mixin.py:109} INFO - [2022-12-01 21:26:14,264] {dag.py:2937} INFO - Setting next_dagrun for example_python_operator to None
[2022-12-01 21:26:14,271] {processor.py:171} INFO - Processing /home/airflow/.local/lib/python3.7/site-packages/airflow/example_dags/example_python_operator.py took 0.057 seconds
[2022-12-01 21:26:45,450] {processor.py:163} INFO - Started process (PID=325) to work on /home/airflow/.local/lib/python3.7/site-packages/airflow/example_dags/example_python_operator.py
[2022-12-01 21:26:45,451] {processor.py:642} INFO - Processing file /home/airflow/.local/lib/python3.7/site-packages/airflow/example_dags/example_python_operator.py for tasks to queue
[2022-12-01 21:26:45,451] {logging_mixin.py:109} INFO - [2022-12-01 21:26:45,451] {dagbag.py:500} INFO - Filling up the DagBag from /home/airflow/.local/lib/python3.7/site-packages/airflow/example_dags/example_python_operator.py
[2022-12-01 21:26:45,474] {processor.py:654} INFO - DAG(s) dict_keys(['example_python_operator']) retrieved from /home/airflow/.local/lib/python3.7/site-packages/airflow/example_dags/example_python_operator.py
[2022-12-01 21:26:45,481] {logging_mixin.py:109} INFO - [2022-12-01 21:26:45,481] {dag.py:2398} INFO - Sync 1 DAGs
[2022-12-01 21:26:45,493] {logging_mixin.py:109} INFO - [2022-12-01 21:26:45,493] {dag.py:2937} INFO - Setting next_dagrun for example_python_operator to None
[2022-12-01 21:26:45,502] {processor.py:171} INFO - Processing /home/airflow/.local/lib/python3.7/site-packages/airflow/example_dags/example_python_operator.py took 0.054 seconds
[2022-12-01 21:27:16,429] {processor.py:163} INFO - Started process (PID=396) to work on /home/airflow/.local/lib/python3.7/site-packages/airflow/example_dags/example_python_operator.py
[2022-12-01 21:27:16,430] {processor.py:642} INFO - Processing file /home/airflow/.local/lib/python3.7/site-packages/airflow/example_dags/example_python_operator.py for tasks to queue
[2022-12-01 21:27:16,431] {logging_mixin.py:109} INFO - [2022-12-01 21:27:16,431] {dagbag.py:500} INFO - Filling up the DagBag from /home/airflow/.local/lib/python3.7/site-packages/airflow/example_dags/example_python_operator.py
[2022-12-01 21:27:16,454] {processor.py:654} INFO - DAG(s) dict_keys(['example_python_operator']) retrieved from /home/airflow/.local/lib/python3.7/site-packages/airflow/example_dags/example_python_operator.py
[2022-12-01 21:27:16,462] {logging_mixin.py:109} INFO - [2022-12-01 21:27:16,462] {dag.py:2398} INFO - Sync 1 DAGs
[2022-12-01 21:27:16,473] {logging_mixin.py:109} INFO - [2022-12-01 21:27:16,473] {dag.py:2937} INFO - Setting next_dagrun for example_python_operator to None
[2022-12-01 21:27:16,481] {processor.py:171} INFO - Processing /home/airflow/.local/lib/python3.7/site-packages/airflow/example_dags/example_python_operator.py took 0.054 seconds
[2022-12-01 21:27:47,544] {processor.py:163} INFO - Started process (PID=458) to work on /home/airflow/.local/lib/python3.7/site-packages/airflow/example_dags/example_python_operator.py
[2022-12-01 21:27:47,544] {processor.py:642} INFO - Processing file /home/airflow/.local/lib/python3.7/site-packages/airflow/example_dags/example_python_operator.py for tasks to queue
[2022-12-01 21:27:47,545] {logging_mixin.py:109} INFO - [2022-12-01 21:27:47,545] {dagbag.py:500} INFO - Filling up the DagBag from /home/airflow/.local/lib/python3.7/site-packages/airflow/example_dags/example_python_operator.py
[2022-12-01 21:27:47,570] {processor.py:654} INFO - DAG(s) dict_keys(['example_python_operator']) retrieved from /home/airflow/.local/lib/python3.7/site-packages/airflow/example_dags/example_python_operator.py
[2022-12-01 21:27:47,578] {logging_mixin.py:109} INFO - [2022-12-01 21:27:47,578] {dag.py:2398} INFO - Sync 1 DAGs
[2022-12-01 21:27:47,592] {logging_mixin.py:109} INFO - [2022-12-01 21:27:47,591] {dag.py:2937} INFO - Setting next_dagrun for example_python_operator to None
[2022-12-01 21:27:47,605] {processor.py:171} INFO - Processing /home/airflow/.local/lib/python3.7/site-packages/airflow/example_dags/example_python_operator.py took 0.064 seconds
[2022-12-01 21:28:18,622] {processor.py:163} INFO - Started process (PID=529) to work on /home/airflow/.local/lib/python3.7/site-packages/airflow/example_dags/example_python_operator.py
[2022-12-01 21:28:18,622] {processor.py:642} INFO - Processing file /home/airflow/.local/lib/python3.7/site-packages/airflow/example_dags/example_python_operator.py for tasks to queue
[2022-12-01 21:28:18,623] {logging_mixin.py:109} INFO - [2022-12-01 21:28:18,623] {dagbag.py:500} INFO - Filling up the DagBag from /home/airflow/.local/lib/python3.7/site-packages/airflow/example_dags/example_python_operator.py
[2022-12-01 21:28:18,648] {processor.py:654} INFO - DAG(s) dict_keys(['example_python_operator']) retrieved from /home/airflow/.local/lib/python3.7/site-packages/airflow/example_dags/example_python_operator.py
[2022-12-01 21:28:18,656] {logging_mixin.py:109} INFO - [2022-12-01 21:28:18,656] {dag.py:2398} INFO - Sync 1 DAGs
[2022-12-01 21:28:18,669] {logging_mixin.py:109} INFO - [2022-12-01 21:28:18,668] {dag.py:2937} INFO - Setting next_dagrun for example_python_operator to None
[2022-12-01 21:28:18,678] {processor.py:171} INFO - Processing /home/airflow/.local/lib/python3.7/site-packages/airflow/example_dags/example_python_operator.py took 0.058 seconds
[2022-12-01 21:28:48,803] {processor.py:163} INFO - Started process (PID=583) to work on /home/airflow/.local/lib/python3.7/site-packages/airflow/example_dags/example_python_operator.py
[2022-12-01 21:28:48,804] {processor.py:642} INFO - Processing file /home/airflow/.local/lib/python3.7/site-packages/airflow/example_dags/example_python_operator.py for tasks to queue
[2022-12-01 21:28:48,804] {logging_mixin.py:109} INFO - [2022-12-01 21:28:48,804] {dagbag.py:500} INFO - Filling up the DagBag from /home/airflow/.local/lib/python3.7/site-packages/airflow/example_dags/example_python_operator.py
[2022-12-01 21:28:48,828] {processor.py:654} INFO - DAG(s) dict_keys(['example_python_operator']) retrieved from /home/airflow/.local/lib/python3.7/site-packages/airflow/example_dags/example_python_operator.py
[2022-12-01 21:28:48,836] {logging_mixin.py:109} INFO - [2022-12-01 21:28:48,836] {dag.py:2398} INFO - Sync 1 DAGs
[2022-12-01 21:28:48,846] {logging_mixin.py:109} INFO - [2022-12-01 21:28:48,846] {dag.py:2937} INFO - Setting next_dagrun for example_python_operator to None
[2022-12-01 21:28:48,863] {processor.py:171} INFO - Processing /home/airflow/.local/lib/python3.7/site-packages/airflow/example_dags/example_python_operator.py took 0.062 seconds
[2022-12-01 21:29:19,034] {processor.py:163} INFO - Started process (PID=656) to work on /home/airflow/.local/lib/python3.7/site-packages/airflow/example_dags/example_python_operator.py
[2022-12-01 21:29:19,034] {processor.py:642} INFO - Processing file /home/airflow/.local/lib/python3.7/site-packages/airflow/example_dags/example_python_operator.py for tasks to queue
[2022-12-01 21:29:19,034] {logging_mixin.py:109} INFO - [2022-12-01 21:29:19,034] {dagbag.py:500} INFO - Filling up the DagBag from /home/airflow/.local/lib/python3.7/site-packages/airflow/example_dags/example_python_operator.py
[2022-12-01 21:29:19,058] {processor.py:654} INFO - DAG(s) dict_keys(['example_python_operator']) retrieved from /home/airflow/.local/lib/python3.7/site-packages/airflow/example_dags/example_python_operator.py
[2022-12-01 21:29:19,064] {logging_mixin.py:109} INFO - [2022-12-01 21:29:19,064] {dag.py:2398} INFO - Sync 1 DAGs
[2022-12-01 21:29:19,074] {logging_mixin.py:109} INFO - [2022-12-01 21:29:19,074] {dag.py:2937} INFO - Setting next_dagrun for example_python_operator to None
[2022-12-01 21:29:19,087] {processor.py:171} INFO - Processing /home/airflow/.local/lib/python3.7/site-packages/airflow/example_dags/example_python_operator.py took 0.056 seconds
[2022-12-01 21:29:49,120] {processor.py:163} INFO - Started process (PID=717) to work on /home/airflow/.local/lib/python3.7/site-packages/airflow/example_dags/example_python_operator.py
[2022-12-01 21:29:49,121] {processor.py:642} INFO - Processing file /home/airflow/.local/lib/python3.7/site-packages/airflow/example_dags/example_python_operator.py for tasks to queue
[2022-12-01 21:29:49,122] {logging_mixin.py:109} INFO - [2022-12-01 21:29:49,122] {dagbag.py:500} INFO - Filling up the DagBag from /home/airflow/.local/lib/python3.7/site-packages/airflow/example_dags/example_python_operator.py
[2022-12-01 21:29:49,149] {processor.py:654} INFO - DAG(s) dict_keys(['example_python_operator']) retrieved from /home/airflow/.local/lib/python3.7/site-packages/airflow/example_dags/example_python_operator.py
[2022-12-01 21:29:49,156] {logging_mixin.py:109} INFO - [2022-12-01 21:29:49,156] {dag.py:2398} INFO - Sync 1 DAGs
[2022-12-01 21:29:49,169] {logging_mixin.py:109} INFO - [2022-12-01 21:29:49,169] {dag.py:2937} INFO - Setting next_dagrun for example_python_operator to None
[2022-12-01 21:29:49,182] {processor.py:171} INFO - Processing /home/airflow/.local/lib/python3.7/site-packages/airflow/example_dags/example_python_operator.py took 0.065 seconds
[2022-12-01 21:30:19,625] {processor.py:163} INFO - Started process (PID=789) to work on /home/airflow/.local/lib/python3.7/site-packages/airflow/example_dags/example_python_operator.py
[2022-12-01 21:30:19,626] {processor.py:642} INFO - Processing file /home/airflow/.local/lib/python3.7/site-packages/airflow/example_dags/example_python_operator.py for tasks to queue
[2022-12-01 21:30:19,626] {logging_mixin.py:109} INFO - [2022-12-01 21:30:19,626] {dagbag.py:500} INFO - Filling up the DagBag from /home/airflow/.local/lib/python3.7/site-packages/airflow/example_dags/example_python_operator.py
[2022-12-01 21:30:19,653] {processor.py:654} INFO - DAG(s) dict_keys(['example_python_operator']) retrieved from /home/airflow/.local/lib/python3.7/site-packages/airflow/example_dags/example_python_operator.py
[2022-12-01 21:30:19,660] {logging_mixin.py:109} INFO - [2022-12-01 21:30:19,660] {dag.py:2398} INFO - Sync 1 DAGs
[2022-12-01 21:30:19,672] {logging_mixin.py:109} INFO - [2022-12-01 21:30:19,672] {dag.py:2937} INFO - Setting next_dagrun for example_python_operator to None
[2022-12-01 21:30:19,685] {processor.py:171} INFO - Processing /home/airflow/.local/lib/python3.7/site-packages/airflow/example_dags/example_python_operator.py took 0.062 seconds
[2022-12-01 21:30:49,749] {processor.py:163} INFO - Started process (PID=850) to work on /home/airflow/.local/lib/python3.7/site-packages/airflow/example_dags/example_python_operator.py
[2022-12-01 21:30:49,755] {processor.py:642} INFO - Processing file /home/airflow/.local/lib/python3.7/site-packages/airflow/example_dags/example_python_operator.py for tasks to queue
[2022-12-01 21:30:49,756] {logging_mixin.py:109} INFO - [2022-12-01 21:30:49,756] {dagbag.py:500} INFO - Filling up the DagBag from /home/airflow/.local/lib/python3.7/site-packages/airflow/example_dags/example_python_operator.py
[2022-12-01 21:30:49,782] {processor.py:654} INFO - DAG(s) dict_keys(['example_python_operator']) retrieved from /home/airflow/.local/lib/python3.7/site-packages/airflow/example_dags/example_python_operator.py
[2022-12-01 21:30:49,789] {logging_mixin.py:109} INFO - [2022-12-01 21:30:49,789] {dag.py:2398} INFO - Sync 1 DAGs
[2022-12-01 21:30:49,801] {logging_mixin.py:109} INFO - [2022-12-01 21:30:49,801] {dag.py:2937} INFO - Setting next_dagrun for example_python_operator to None
[2022-12-01 21:30:49,827] {processor.py:171} INFO - Processing /home/airflow/.local/lib/python3.7/site-packages/airflow/example_dags/example_python_operator.py took 0.080 seconds
[2022-12-01 21:31:20,478] {processor.py:163} INFO - Started process (PID=923) to work on /home/airflow/.local/lib/python3.7/site-packages/airflow/example_dags/example_python_operator.py
[2022-12-01 21:31:20,479] {processor.py:642} INFO - Processing file /home/airflow/.local/lib/python3.7/site-packages/airflow/example_dags/example_python_operator.py for tasks to queue
[2022-12-01 21:31:20,479] {logging_mixin.py:109} INFO - [2022-12-01 21:31:20,479] {dagbag.py:500} INFO - Filling up the DagBag from /home/airflow/.local/lib/python3.7/site-packages/airflow/example_dags/example_python_operator.py
[2022-12-01 21:31:20,502] {processor.py:654} INFO - DAG(s) dict_keys(['example_python_operator']) retrieved from /home/airflow/.local/lib/python3.7/site-packages/airflow/example_dags/example_python_operator.py
[2022-12-01 21:31:20,509] {logging_mixin.py:109} INFO - [2022-12-01 21:31:20,509] {dag.py:2398} INFO - Sync 1 DAGs
[2022-12-01 21:31:20,520] {logging_mixin.py:109} INFO - [2022-12-01 21:31:20,520] {dag.py:2937} INFO - Setting next_dagrun for example_python_operator to None
[2022-12-01 21:31:20,527] {processor.py:171} INFO - Processing /home/airflow/.local/lib/python3.7/site-packages/airflow/example_dags/example_python_operator.py took 0.051 seconds
[2022-12-01 21:31:50,560] {processor.py:163} INFO - Started process (PID=984) to work on /home/airflow/.local/lib/python3.7/site-packages/airflow/example_dags/example_python_operator.py
[2022-12-01 21:31:50,561] {processor.py:642} INFO - Processing file /home/airflow/.local/lib/python3.7/site-packages/airflow/example_dags/example_python_operator.py for tasks to queue
[2022-12-01 21:31:50,561] {logging_mixin.py:109} INFO - [2022-12-01 21:31:50,561] {dagbag.py:500} INFO - Filling up the DagBag from /home/airflow/.local/lib/python3.7/site-packages/airflow/example_dags/example_python_operator.py
[2022-12-01 21:31:50,588] {processor.py:654} INFO - DAG(s) dict_keys(['example_python_operator']) retrieved from /home/airflow/.local/lib/python3.7/site-packages/airflow/example_dags/example_python_operator.py
[2022-12-01 21:31:50,594] {logging_mixin.py:109} INFO - [2022-12-01 21:31:50,594] {dag.py:2398} INFO - Sync 1 DAGs
[2022-12-01 21:31:50,610] {logging_mixin.py:109} INFO - [2022-12-01 21:31:50,610] {dag.py:2937} INFO - Setting next_dagrun for example_python_operator to None
[2022-12-01 21:31:50,618] {processor.py:171} INFO - Processing /home/airflow/.local/lib/python3.7/site-packages/airflow/example_dags/example_python_operator.py took 0.060 seconds
[2022-12-01 21:32:21,239] {processor.py:163} INFO - Started process (PID=1056) to work on /home/airflow/.local/lib/python3.7/site-packages/airflow/example_dags/example_python_operator.py
[2022-12-01 21:32:21,240] {processor.py:642} INFO - Processing file /home/airflow/.local/lib/python3.7/site-packages/airflow/example_dags/example_python_operator.py for tasks to queue
[2022-12-01 21:32:21,240] {logging_mixin.py:109} INFO - [2022-12-01 21:32:21,240] {dagbag.py:500} INFO - Filling up the DagBag from /home/airflow/.local/lib/python3.7/site-packages/airflow/example_dags/example_python_operator.py
[2022-12-01 21:32:21,264] {processor.py:654} INFO - DAG(s) dict_keys(['example_python_operator']) retrieved from /home/airflow/.local/lib/python3.7/site-packages/airflow/example_dags/example_python_operator.py
[2022-12-01 21:32:21,271] {logging_mixin.py:109} INFO - [2022-12-01 21:32:21,271] {dag.py:2398} INFO - Sync 1 DAGs
[2022-12-01 21:32:21,281] {logging_mixin.py:109} INFO - [2022-12-01 21:32:21,281] {dag.py:2937} INFO - Setting next_dagrun for example_python_operator to None
[2022-12-01 21:32:21,288] {processor.py:171} INFO - Processing /home/airflow/.local/lib/python3.7/site-packages/airflow/example_dags/example_python_operator.py took 0.051 seconds
[2022-12-01 21:32:51,486] {processor.py:163} INFO - Started process (PID=1118) to work on /home/airflow/.local/lib/python3.7/site-packages/airflow/example_dags/example_python_operator.py
[2022-12-01 21:32:51,486] {processor.py:642} INFO - Processing file /home/airflow/.local/lib/python3.7/site-packages/airflow/example_dags/example_python_operator.py for tasks to queue
[2022-12-01 21:32:51,487] {logging_mixin.py:109} INFO - [2022-12-01 21:32:51,487] {dagbag.py:500} INFO - Filling up the DagBag from /home/airflow/.local/lib/python3.7/site-packages/airflow/example_dags/example_python_operator.py
[2022-12-01 21:32:51,514] {processor.py:654} INFO - DAG(s) dict_keys(['example_python_operator']) retrieved from /home/airflow/.local/lib/python3.7/site-packages/airflow/example_dags/example_python_operator.py
[2022-12-01 21:32:51,525] {logging_mixin.py:109} INFO - [2022-12-01 21:32:51,525] {dag.py:2398} INFO - Sync 1 DAGs
[2022-12-01 21:32:51,537] {logging_mixin.py:109} INFO - [2022-12-01 21:32:51,537] {dag.py:2937} INFO - Setting next_dagrun for example_python_operator to None
[2022-12-01 21:32:51,550] {processor.py:171} INFO - Processing /home/airflow/.local/lib/python3.7/site-packages/airflow/example_dags/example_python_operator.py took 0.066 seconds
[2022-12-01 21:33:21,822] {processor.py:163} INFO - Started process (PID=1190) to work on /home/airflow/.local/lib/python3.7/site-packages/airflow/example_dags/example_python_operator.py
[2022-12-01 21:33:21,823] {processor.py:642} INFO - Processing file /home/airflow/.local/lib/python3.7/site-packages/airflow/example_dags/example_python_operator.py for tasks to queue
[2022-12-01 21:33:21,823] {logging_mixin.py:109} INFO - [2022-12-01 21:33:21,823] {dagbag.py:500} INFO - Filling up the DagBag from /home/airflow/.local/lib/python3.7/site-packages/airflow/example_dags/example_python_operator.py
[2022-12-01 21:33:21,846] {processor.py:654} INFO - DAG(s) dict_keys(['example_python_operator']) retrieved from /home/airflow/.local/lib/python3.7/site-packages/airflow/example_dags/example_python_operator.py
[2022-12-01 21:33:21,853] {logging_mixin.py:109} INFO - [2022-12-01 21:33:21,853] {dag.py:2398} INFO - Sync 1 DAGs
[2022-12-01 21:33:21,863] {logging_mixin.py:109} INFO - [2022-12-01 21:33:21,863] {dag.py:2937} INFO - Setting next_dagrun for example_python_operator to None
[2022-12-01 21:33:21,875] {processor.py:171} INFO - Processing /home/airflow/.local/lib/python3.7/site-packages/airflow/example_dags/example_python_operator.py took 0.056 seconds
[2022-12-01 21:33:52,319] {processor.py:163} INFO - Started process (PID=1253) to work on /home/airflow/.local/lib/python3.7/site-packages/airflow/example_dags/example_python_operator.py
[2022-12-01 21:33:52,320] {processor.py:642} INFO - Processing file /home/airflow/.local/lib/python3.7/site-packages/airflow/example_dags/example_python_operator.py for tasks to queue
[2022-12-01 21:33:52,321] {logging_mixin.py:109} INFO - [2022-12-01 21:33:52,320] {dagbag.py:500} INFO - Filling up the DagBag from /home/airflow/.local/lib/python3.7/site-packages/airflow/example_dags/example_python_operator.py
[2022-12-01 21:33:52,345] {processor.py:654} INFO - DAG(s) dict_keys(['example_python_operator']) retrieved from /home/airflow/.local/lib/python3.7/site-packages/airflow/example_dags/example_python_operator.py
[2022-12-01 21:33:52,351] {logging_mixin.py:109} INFO - [2022-12-01 21:33:52,351] {dag.py:2398} INFO - Sync 1 DAGs
[2022-12-01 21:33:52,365] {logging_mixin.py:109} INFO - [2022-12-01 21:33:52,365] {dag.py:2937} INFO - Setting next_dagrun for example_python_operator to None
[2022-12-01 21:33:52,376] {processor.py:171} INFO - Processing /home/airflow/.local/lib/python3.7/site-packages/airflow/example_dags/example_python_operator.py took 0.058 seconds
[2022-12-01 21:34:22,738] {processor.py:163} INFO - Started process (PID=1324) to work on /home/airflow/.local/lib/python3.7/site-packages/airflow/example_dags/example_python_operator.py
[2022-12-01 21:34:22,739] {processor.py:642} INFO - Processing file /home/airflow/.local/lib/python3.7/site-packages/airflow/example_dags/example_python_operator.py for tasks to queue
[2022-12-01 21:34:22,740] {logging_mixin.py:109} INFO - [2022-12-01 21:34:22,740] {dagbag.py:500} INFO - Filling up the DagBag from /home/airflow/.local/lib/python3.7/site-packages/airflow/example_dags/example_python_operator.py
[2022-12-01 21:34:22,772] {processor.py:654} INFO - DAG(s) dict_keys(['example_python_operator']) retrieved from /home/airflow/.local/lib/python3.7/site-packages/airflow/example_dags/example_python_operator.py
[2022-12-01 21:34:22,779] {logging_mixin.py:109} INFO - [2022-12-01 21:34:22,779] {dag.py:2398} INFO - Sync 1 DAGs
[2022-12-01 21:34:22,791] {logging_mixin.py:109} INFO - [2022-12-01 21:34:22,791] {dag.py:2937} INFO - Setting next_dagrun for example_python_operator to None
[2022-12-01 21:34:22,816] {processor.py:171} INFO - Processing /home/airflow/.local/lib/python3.7/site-packages/airflow/example_dags/example_python_operator.py took 0.082 seconds
[2022-12-01 21:34:53,161] {processor.py:163} INFO - Started process (PID=1386) to work on /home/airflow/.local/lib/python3.7/site-packages/airflow/example_dags/example_python_operator.py
[2022-12-01 21:34:53,161] {processor.py:642} INFO - Processing file /home/airflow/.local/lib/python3.7/site-packages/airflow/example_dags/example_python_operator.py for tasks to queue
[2022-12-01 21:34:53,162] {logging_mixin.py:109} INFO - [2022-12-01 21:34:53,162] {dagbag.py:500} INFO - Filling up the DagBag from /home/airflow/.local/lib/python3.7/site-packages/airflow/example_dags/example_python_operator.py
[2022-12-01 21:34:53,187] {processor.py:654} INFO - DAG(s) dict_keys(['example_python_operator']) retrieved from /home/airflow/.local/lib/python3.7/site-packages/airflow/example_dags/example_python_operator.py
[2022-12-01 21:34:53,194] {logging_mixin.py:109} INFO - [2022-12-01 21:34:53,194] {dag.py:2398} INFO - Sync 1 DAGs
[2022-12-01 21:34:53,205] {logging_mixin.py:109} INFO - [2022-12-01 21:34:53,205] {dag.py:2937} INFO - Setting next_dagrun for example_python_operator to None
[2022-12-01 21:34:53,219] {processor.py:171} INFO - Processing /home/airflow/.local/lib/python3.7/site-packages/airflow/example_dags/example_python_operator.py took 0.061 seconds
[2022-12-01 21:35:23,398] {processor.py:163} INFO - Started process (PID=1457) to work on /home/airflow/.local/lib/python3.7/site-packages/airflow/example_dags/example_python_operator.py
[2022-12-01 21:35:23,399] {processor.py:642} INFO - Processing file /home/airflow/.local/lib/python3.7/site-packages/airflow/example_dags/example_python_operator.py for tasks to queue
[2022-12-01 21:35:23,400] {logging_mixin.py:109} INFO - [2022-12-01 21:35:23,400] {dagbag.py:500} INFO - Filling up the DagBag from /home/airflow/.local/lib/python3.7/site-packages/airflow/example_dags/example_python_operator.py
[2022-12-01 21:35:23,424] {processor.py:654} INFO - DAG(s) dict_keys(['example_python_operator']) retrieved from /home/airflow/.local/lib/python3.7/site-packages/airflow/example_dags/example_python_operator.py
[2022-12-01 21:35:23,431] {logging_mixin.py:109} INFO - [2022-12-01 21:35:23,431] {dag.py:2398} INFO - Sync 1 DAGs
[2022-12-01 21:35:23,442] {logging_mixin.py:109} INFO - [2022-12-01 21:35:23,442] {dag.py:2937} INFO - Setting next_dagrun for example_python_operator to None
[2022-12-01 21:35:23,450] {processor.py:171} INFO - Processing /home/airflow/.local/lib/python3.7/site-packages/airflow/example_dags/example_python_operator.py took 0.054 seconds
[2022-12-01 21:35:53,557] {processor.py:163} INFO - Started process (PID=1519) to work on /home/airflow/.local/lib/python3.7/site-packages/airflow/example_dags/example_python_operator.py
[2022-12-01 21:35:53,558] {processor.py:642} INFO - Processing file /home/airflow/.local/lib/python3.7/site-packages/airflow/example_dags/example_python_operator.py for tasks to queue
[2022-12-01 21:35:53,558] {logging_mixin.py:109} INFO - [2022-12-01 21:35:53,558] {dagbag.py:500} INFO - Filling up the DagBag from /home/airflow/.local/lib/python3.7/site-packages/airflow/example_dags/example_python_operator.py
[2022-12-01 21:35:53,585] {processor.py:654} INFO - DAG(s) dict_keys(['example_python_operator']) retrieved from /home/airflow/.local/lib/python3.7/site-packages/airflow/example_dags/example_python_operator.py
[2022-12-01 21:35:53,592] {logging_mixin.py:109} INFO - [2022-12-01 21:35:53,592] {dag.py:2398} INFO - Sync 1 DAGs
[2022-12-01 21:35:53,603] {logging_mixin.py:109} INFO - [2022-12-01 21:35:53,603] {dag.py:2937} INFO - Setting next_dagrun for example_python_operator to None
[2022-12-01 21:35:53,612] {processor.py:171} INFO - Processing /home/airflow/.local/lib/python3.7/site-packages/airflow/example_dags/example_python_operator.py took 0.058 seconds
[2022-12-01 21:36:23,986] {processor.py:163} INFO - Started process (PID=1591) to work on /home/airflow/.local/lib/python3.7/site-packages/airflow/example_dags/example_python_operator.py
[2022-12-01 21:36:23,987] {processor.py:642} INFO - Processing file /home/airflow/.local/lib/python3.7/site-packages/airflow/example_dags/example_python_operator.py for tasks to queue
[2022-12-01 21:36:23,987] {logging_mixin.py:109} INFO - [2022-12-01 21:36:23,987] {dagbag.py:500} INFO - Filling up the DagBag from /home/airflow/.local/lib/python3.7/site-packages/airflow/example_dags/example_python_operator.py
[2022-12-01 21:36:24,010] {processor.py:654} INFO - DAG(s) dict_keys(['example_python_operator']) retrieved from /home/airflow/.local/lib/python3.7/site-packages/airflow/example_dags/example_python_operator.py
[2022-12-01 21:36:24,017] {logging_mixin.py:109} INFO - [2022-12-01 21:36:24,017] {dag.py:2398} INFO - Sync 1 DAGs
[2022-12-01 21:36:24,027] {logging_mixin.py:109} INFO - [2022-12-01 21:36:24,027] {dag.py:2937} INFO - Setting next_dagrun for example_python_operator to None
[2022-12-01 21:36:24,040] {processor.py:171} INFO - Processing /home/airflow/.local/lib/python3.7/site-packages/airflow/example_dags/example_python_operator.py took 0.055 seconds
[2022-12-01 21:36:54,253] {processor.py:163} INFO - Started process (PID=1653) to work on /home/airflow/.local/lib/python3.7/site-packages/airflow/example_dags/example_python_operator.py
[2022-12-01 21:36:54,254] {processor.py:642} INFO - Processing file /home/airflow/.local/lib/python3.7/site-packages/airflow/example_dags/example_python_operator.py for tasks to queue
[2022-12-01 21:36:54,254] {logging_mixin.py:109} INFO - [2022-12-01 21:36:54,254] {dagbag.py:500} INFO - Filling up the DagBag from /home/airflow/.local/lib/python3.7/site-packages/airflow/example_dags/example_python_operator.py
[2022-12-01 21:36:54,278] {processor.py:654} INFO - DAG(s) dict_keys(['example_python_operator']) retrieved from /home/airflow/.local/lib/python3.7/site-packages/airflow/example_dags/example_python_operator.py
[2022-12-01 21:36:54,285] {logging_mixin.py:109} INFO - [2022-12-01 21:36:54,285] {dag.py:2398} INFO - Sync 1 DAGs
[2022-12-01 21:36:54,295] {logging_mixin.py:109} INFO - [2022-12-01 21:36:54,295] {dag.py:2937} INFO - Setting next_dagrun for example_python_operator to None
[2022-12-01 21:36:54,307] {processor.py:171} INFO - Processing /home/airflow/.local/lib/python3.7/site-packages/airflow/example_dags/example_python_operator.py took 0.056 seconds
[2022-12-01 21:37:24,394] {processor.py:163} INFO - Started process (PID=1723) to work on /home/airflow/.local/lib/python3.7/site-packages/airflow/example_dags/example_python_operator.py
[2022-12-01 21:37:24,394] {processor.py:642} INFO - Processing file /home/airflow/.local/lib/python3.7/site-packages/airflow/example_dags/example_python_operator.py for tasks to queue
[2022-12-01 21:37:24,395] {logging_mixin.py:109} INFO - [2022-12-01 21:37:24,395] {dagbag.py:500} INFO - Filling up the DagBag from /home/airflow/.local/lib/python3.7/site-packages/airflow/example_dags/example_python_operator.py
[2022-12-01 21:37:24,418] {processor.py:654} INFO - DAG(s) dict_keys(['example_python_operator']) retrieved from /home/airflow/.local/lib/python3.7/site-packages/airflow/example_dags/example_python_operator.py
[2022-12-01 21:37:24,424] {logging_mixin.py:109} INFO - [2022-12-01 21:37:24,424] {dag.py:2398} INFO - Sync 1 DAGs
[2022-12-01 21:37:24,434] {logging_mixin.py:109} INFO - [2022-12-01 21:37:24,434] {dag.py:2937} INFO - Setting next_dagrun for example_python_operator to None
[2022-12-01 21:37:24,460] {processor.py:171} INFO - Processing /home/airflow/.local/lib/python3.7/site-packages/airflow/example_dags/example_python_operator.py took 0.068 seconds
[2022-12-01 21:37:54,793] {processor.py:163} INFO - Started process (PID=1786) to work on /home/airflow/.local/lib/python3.7/site-packages/airflow/example_dags/example_python_operator.py
[2022-12-01 21:37:54,794] {processor.py:642} INFO - Processing file /home/airflow/.local/lib/python3.7/site-packages/airflow/example_dags/example_python_operator.py for tasks to queue
[2022-12-01 21:37:54,794] {logging_mixin.py:109} INFO - [2022-12-01 21:37:54,794] {dagbag.py:500} INFO - Filling up the DagBag from /home/airflow/.local/lib/python3.7/site-packages/airflow/example_dags/example_python_operator.py
[2022-12-01 21:37:54,824] {processor.py:654} INFO - DAG(s) dict_keys(['example_python_operator']) retrieved from /home/airflow/.local/lib/python3.7/site-packages/airflow/example_dags/example_python_operator.py
[2022-12-01 21:37:54,832] {logging_mixin.py:109} INFO - [2022-12-01 21:37:54,832] {dag.py:2398} INFO - Sync 1 DAGs
[2022-12-01 21:37:54,845] {logging_mixin.py:109} INFO - [2022-12-01 21:37:54,845] {dag.py:2937} INFO - Setting next_dagrun for example_python_operator to None
[2022-12-01 21:37:54,859] {processor.py:171} INFO - Processing /home/airflow/.local/lib/python3.7/site-packages/airflow/example_dags/example_python_operator.py took 0.068 seconds
[2022-12-01 21:38:25,109] {processor.py:163} INFO - Started process (PID=1857) to work on /home/airflow/.local/lib/python3.7/site-packages/airflow/example_dags/example_python_operator.py
[2022-12-01 21:38:25,110] {processor.py:642} INFO - Processing file /home/airflow/.local/lib/python3.7/site-packages/airflow/example_dags/example_python_operator.py for tasks to queue
[2022-12-01 21:38:25,110] {logging_mixin.py:109} INFO - [2022-12-01 21:38:25,110] {dagbag.py:500} INFO - Filling up the DagBag from /home/airflow/.local/lib/python3.7/site-packages/airflow/example_dags/example_python_operator.py
[2022-12-01 21:38:25,132] {processor.py:654} INFO - DAG(s) dict_keys(['example_python_operator']) retrieved from /home/airflow/.local/lib/python3.7/site-packages/airflow/example_dags/example_python_operator.py
[2022-12-01 21:38:25,139] {logging_mixin.py:109} INFO - [2022-12-01 21:38:25,139] {dag.py:2398} INFO - Sync 1 DAGs
[2022-12-01 21:38:25,150] {logging_mixin.py:109} INFO - [2022-12-01 21:38:25,150] {dag.py:2937} INFO - Setting next_dagrun for example_python_operator to None
[2022-12-01 21:38:25,157] {processor.py:171} INFO - Processing /home/airflow/.local/lib/python3.7/site-packages/airflow/example_dags/example_python_operator.py took 0.050 seconds
[2022-12-01 21:38:55,232] {processor.py:163} INFO - Started process (PID=1918) to work on /home/airflow/.local/lib/python3.7/site-packages/airflow/example_dags/example_python_operator.py
[2022-12-01 21:38:55,233] {processor.py:642} INFO - Processing file /home/airflow/.local/lib/python3.7/site-packages/airflow/example_dags/example_python_operator.py for tasks to queue
[2022-12-01 21:38:55,233] {logging_mixin.py:109} INFO - [2022-12-01 21:38:55,233] {dagbag.py:500} INFO - Filling up the DagBag from /home/airflow/.local/lib/python3.7/site-packages/airflow/example_dags/example_python_operator.py
[2022-12-01 21:38:55,256] {processor.py:654} INFO - DAG(s) dict_keys(['example_python_operator']) retrieved from /home/airflow/.local/lib/python3.7/site-packages/airflow/example_dags/example_python_operator.py
[2022-12-01 21:38:55,263] {logging_mixin.py:109} INFO - [2022-12-01 21:38:55,263] {dag.py:2398} INFO - Sync 1 DAGs
[2022-12-01 21:38:55,274] {logging_mixin.py:109} INFO - [2022-12-01 21:38:55,274] {dag.py:2937} INFO - Setting next_dagrun for example_python_operator to None
[2022-12-01 21:38:55,299] {processor.py:171} INFO - Processing /home/airflow/.local/lib/python3.7/site-packages/airflow/example_dags/example_python_operator.py took 0.069 seconds
[2022-12-01 21:39:25,777] {processor.py:163} INFO - Started process (PID=1990) to work on /home/airflow/.local/lib/python3.7/site-packages/airflow/example_dags/example_python_operator.py
[2022-12-01 21:39:25,777] {processor.py:642} INFO - Processing file /home/airflow/.local/lib/python3.7/site-packages/airflow/example_dags/example_python_operator.py for tasks to queue
[2022-12-01 21:39:25,778] {logging_mixin.py:109} INFO - [2022-12-01 21:39:25,777] {dagbag.py:500} INFO - Filling up the DagBag from /home/airflow/.local/lib/python3.7/site-packages/airflow/example_dags/example_python_operator.py
[2022-12-01 21:39:25,801] {processor.py:654} INFO - DAG(s) dict_keys(['example_python_operator']) retrieved from /home/airflow/.local/lib/python3.7/site-packages/airflow/example_dags/example_python_operator.py
[2022-12-01 21:39:25,807] {logging_mixin.py:109} INFO - [2022-12-01 21:39:25,807] {dag.py:2398} INFO - Sync 1 DAGs
[2022-12-01 21:39:25,817] {logging_mixin.py:109} INFO - [2022-12-01 21:39:25,817] {dag.py:2937} INFO - Setting next_dagrun for example_python_operator to None
[2022-12-01 21:39:25,827] {processor.py:171} INFO - Processing /home/airflow/.local/lib/python3.7/site-packages/airflow/example_dags/example_python_operator.py took 0.053 seconds
[2022-12-01 21:39:56,013] {processor.py:163} INFO - Started process (PID=2052) to work on /home/airflow/.local/lib/python3.7/site-packages/airflow/example_dags/example_python_operator.py
[2022-12-01 21:39:56,018] {processor.py:642} INFO - Processing file /home/airflow/.local/lib/python3.7/site-packages/airflow/example_dags/example_python_operator.py for tasks to queue
[2022-12-01 21:39:56,018] {logging_mixin.py:109} INFO - [2022-12-01 21:39:56,018] {dagbag.py:500} INFO - Filling up the DagBag from /home/airflow/.local/lib/python3.7/site-packages/airflow/example_dags/example_python_operator.py
[2022-12-01 21:39:56,044] {processor.py:654} INFO - DAG(s) dict_keys(['example_python_operator']) retrieved from /home/airflow/.local/lib/python3.7/site-packages/airflow/example_dags/example_python_operator.py
[2022-12-01 21:39:56,053] {logging_mixin.py:109} INFO - [2022-12-01 21:39:56,053] {dag.py:2398} INFO - Sync 1 DAGs
[2022-12-01 21:39:56,066] {logging_mixin.py:109} INFO - [2022-12-01 21:39:56,066] {dag.py:2937} INFO - Setting next_dagrun for example_python_operator to None
[2022-12-01 21:39:56,074] {processor.py:171} INFO - Processing /home/airflow/.local/lib/python3.7/site-packages/airflow/example_dags/example_python_operator.py took 0.063 seconds
[2022-12-01 21:40:26,438] {processor.py:163} INFO - Started process (PID=2123) to work on /home/airflow/.local/lib/python3.7/site-packages/airflow/example_dags/example_python_operator.py
[2022-12-01 21:40:26,439] {processor.py:642} INFO - Processing file /home/airflow/.local/lib/python3.7/site-packages/airflow/example_dags/example_python_operator.py for tasks to queue
[2022-12-01 21:40:26,439] {logging_mixin.py:109} INFO - [2022-12-01 21:40:26,439] {dagbag.py:500} INFO - Filling up the DagBag from /home/airflow/.local/lib/python3.7/site-packages/airflow/example_dags/example_python_operator.py
[2022-12-01 21:40:26,469] {processor.py:654} INFO - DAG(s) dict_keys(['example_python_operator']) retrieved from /home/airflow/.local/lib/python3.7/site-packages/airflow/example_dags/example_python_operator.py
[2022-12-01 21:40:26,476] {logging_mixin.py:109} INFO - [2022-12-01 21:40:26,476] {dag.py:2398} INFO - Sync 1 DAGs
[2022-12-01 21:40:26,486] {logging_mixin.py:109} INFO - [2022-12-01 21:40:26,486] {dag.py:2937} INFO - Setting next_dagrun for example_python_operator to None
[2022-12-01 21:40:26,505] {processor.py:171} INFO - Processing /home/airflow/.local/lib/python3.7/site-packages/airflow/example_dags/example_python_operator.py took 0.069 seconds
[2022-12-01 21:40:56,823] {processor.py:163} INFO - Started process (PID=2185) to work on /home/airflow/.local/lib/python3.7/site-packages/airflow/example_dags/example_python_operator.py
[2022-12-01 21:40:56,824] {processor.py:642} INFO - Processing file /home/airflow/.local/lib/python3.7/site-packages/airflow/example_dags/example_python_operator.py for tasks to queue
[2022-12-01 21:40:56,824] {logging_mixin.py:109} INFO - [2022-12-01 21:40:56,824] {dagbag.py:500} INFO - Filling up the DagBag from /home/airflow/.local/lib/python3.7/site-packages/airflow/example_dags/example_python_operator.py
[2022-12-01 21:40:56,850] {processor.py:654} INFO - DAG(s) dict_keys(['example_python_operator']) retrieved from /home/airflow/.local/lib/python3.7/site-packages/airflow/example_dags/example_python_operator.py
[2022-12-01 21:40:56,857] {logging_mixin.py:109} INFO - [2022-12-01 21:40:56,857] {dag.py:2398} INFO - Sync 1 DAGs
[2022-12-01 21:40:56,868] {logging_mixin.py:109} INFO - [2022-12-01 21:40:56,868] {dag.py:2937} INFO - Setting next_dagrun for example_python_operator to None
[2022-12-01 21:40:56,890] {processor.py:171} INFO - Processing /home/airflow/.local/lib/python3.7/site-packages/airflow/example_dags/example_python_operator.py took 0.069 seconds
[2022-12-01 21:41:27,182] {processor.py:163} INFO - Started process (PID=2256) to work on /home/airflow/.local/lib/python3.7/site-packages/airflow/example_dags/example_python_operator.py
[2022-12-01 21:41:27,183] {processor.py:642} INFO - Processing file /home/airflow/.local/lib/python3.7/site-packages/airflow/example_dags/example_python_operator.py for tasks to queue
[2022-12-01 21:41:27,183] {logging_mixin.py:109} INFO - [2022-12-01 21:41:27,183] {dagbag.py:500} INFO - Filling up the DagBag from /home/airflow/.local/lib/python3.7/site-packages/airflow/example_dags/example_python_operator.py
[2022-12-01 21:41:27,207] {processor.py:654} INFO - DAG(s) dict_keys(['example_python_operator']) retrieved from /home/airflow/.local/lib/python3.7/site-packages/airflow/example_dags/example_python_operator.py
[2022-12-01 21:41:27,214] {logging_mixin.py:109} INFO - [2022-12-01 21:41:27,214] {dag.py:2398} INFO - Sync 1 DAGs
[2022-12-01 21:41:27,224] {logging_mixin.py:109} INFO - [2022-12-01 21:41:27,224] {dag.py:2937} INFO - Setting next_dagrun for example_python_operator to None
[2022-12-01 21:41:27,237] {processor.py:171} INFO - Processing /home/airflow/.local/lib/python3.7/site-packages/airflow/example_dags/example_python_operator.py took 0.057 seconds
[2022-12-01 21:41:57,442] {processor.py:163} INFO - Started process (PID=2319) to work on /home/airflow/.local/lib/python3.7/site-packages/airflow/example_dags/example_python_operator.py
[2022-12-01 21:41:57,443] {processor.py:642} INFO - Processing file /home/airflow/.local/lib/python3.7/site-packages/airflow/example_dags/example_python_operator.py for tasks to queue
[2022-12-01 21:41:57,444] {logging_mixin.py:109} INFO - [2022-12-01 21:41:57,444] {dagbag.py:500} INFO - Filling up the DagBag from /home/airflow/.local/lib/python3.7/site-packages/airflow/example_dags/example_python_operator.py
[2022-12-01 21:41:57,474] {processor.py:654} INFO - DAG(s) dict_keys(['example_python_operator']) retrieved from /home/airflow/.local/lib/python3.7/site-packages/airflow/example_dags/example_python_operator.py
[2022-12-01 21:41:57,483] {logging_mixin.py:109} INFO - [2022-12-01 21:41:57,483] {dag.py:2398} INFO - Sync 1 DAGs
[2022-12-01 21:41:57,500] {logging_mixin.py:109} INFO - [2022-12-01 21:41:57,500] {dag.py:2937} INFO - Setting next_dagrun for example_python_operator to None
[2022-12-01 21:41:57,511] {processor.py:171} INFO - Processing /home/airflow/.local/lib/python3.7/site-packages/airflow/example_dags/example_python_operator.py took 0.070 seconds
[2022-12-01 21:42:28,532] {processor.py:163} INFO - Started process (PID=2390) to work on /home/airflow/.local/lib/python3.7/site-packages/airflow/example_dags/example_python_operator.py
[2022-12-01 21:42:28,533] {processor.py:642} INFO - Processing file /home/airflow/.local/lib/python3.7/site-packages/airflow/example_dags/example_python_operator.py for tasks to queue
[2022-12-01 21:42:28,533] {logging_mixin.py:109} INFO - [2022-12-01 21:42:28,533] {dagbag.py:500} INFO - Filling up the DagBag from /home/airflow/.local/lib/python3.7/site-packages/airflow/example_dags/example_python_operator.py
[2022-12-01 21:42:28,561] {processor.py:654} INFO - DAG(s) dict_keys(['example_python_operator']) retrieved from /home/airflow/.local/lib/python3.7/site-packages/airflow/example_dags/example_python_operator.py
[2022-12-01 21:42:28,568] {logging_mixin.py:109} INFO - [2022-12-01 21:42:28,568] {dag.py:2398} INFO - Sync 1 DAGs
[2022-12-01 21:42:28,579] {logging_mixin.py:109} INFO - [2022-12-01 21:42:28,579] {dag.py:2937} INFO - Setting next_dagrun for example_python_operator to None
[2022-12-01 21:42:28,592] {processor.py:171} INFO - Processing /home/airflow/.local/lib/python3.7/site-packages/airflow/example_dags/example_python_operator.py took 0.062 seconds
[2022-12-01 21:42:58,988] {processor.py:163} INFO - Started process (PID=2454) to work on /home/airflow/.local/lib/python3.7/site-packages/airflow/example_dags/example_python_operator.py
[2022-12-01 21:42:58,989] {processor.py:642} INFO - Processing file /home/airflow/.local/lib/python3.7/site-packages/airflow/example_dags/example_python_operator.py for tasks to queue
[2022-12-01 21:42:58,989] {logging_mixin.py:109} INFO - [2022-12-01 21:42:58,989] {dagbag.py:500} INFO - Filling up the DagBag from /home/airflow/.local/lib/python3.7/site-packages/airflow/example_dags/example_python_operator.py
[2022-12-01 21:42:59,016] {processor.py:654} INFO - DAG(s) dict_keys(['example_python_operator']) retrieved from /home/airflow/.local/lib/python3.7/site-packages/airflow/example_dags/example_python_operator.py
[2022-12-01 21:42:59,024] {logging_mixin.py:109} INFO - [2022-12-01 21:42:59,023] {dag.py:2398} INFO - Sync 1 DAGs
[2022-12-01 21:42:59,035] {logging_mixin.py:109} INFO - [2022-12-01 21:42:59,034] {dag.py:2937} INFO - Setting next_dagrun for example_python_operator to None
[2022-12-01 21:42:59,048] {processor.py:171} INFO - Processing /home/airflow/.local/lib/python3.7/site-packages/airflow/example_dags/example_python_operator.py took 0.063 seconds
[2022-12-01 21:43:29,412] {processor.py:163} INFO - Started process (PID=2526) to work on /home/airflow/.local/lib/python3.7/site-packages/airflow/example_dags/example_python_operator.py
[2022-12-01 21:43:29,413] {processor.py:642} INFO - Processing file /home/airflow/.local/lib/python3.7/site-packages/airflow/example_dags/example_python_operator.py for tasks to queue
[2022-12-01 21:43:29,413] {logging_mixin.py:109} INFO - [2022-12-01 21:43:29,413] {dagbag.py:500} INFO - Filling up the DagBag from /home/airflow/.local/lib/python3.7/site-packages/airflow/example_dags/example_python_operator.py
[2022-12-01 21:43:29,440] {processor.py:654} INFO - DAG(s) dict_keys(['example_python_operator']) retrieved from /home/airflow/.local/lib/python3.7/site-packages/airflow/example_dags/example_python_operator.py
[2022-12-01 21:43:29,447] {logging_mixin.py:109} INFO - [2022-12-01 21:43:29,447] {dag.py:2398} INFO - Sync 1 DAGs
[2022-12-01 21:43:29,462] {logging_mixin.py:109} INFO - [2022-12-01 21:43:29,462] {dag.py:2937} INFO - Setting next_dagrun for example_python_operator to None
[2022-12-01 21:43:29,479] {processor.py:171} INFO - Processing /home/airflow/.local/lib/python3.7/site-packages/airflow/example_dags/example_python_operator.py took 0.069 seconds
[2022-12-01 21:43:59,594] {processor.py:163} INFO - Started process (PID=2588) to work on /home/airflow/.local/lib/python3.7/site-packages/airflow/example_dags/example_python_operator.py
[2022-12-01 21:43:59,595] {processor.py:642} INFO - Processing file /home/airflow/.local/lib/python3.7/site-packages/airflow/example_dags/example_python_operator.py for tasks to queue
[2022-12-01 21:43:59,596] {logging_mixin.py:109} INFO - [2022-12-01 21:43:59,596] {dagbag.py:500} INFO - Filling up the DagBag from /home/airflow/.local/lib/python3.7/site-packages/airflow/example_dags/example_python_operator.py
[2022-12-01 21:43:59,624] {processor.py:654} INFO - DAG(s) dict_keys(['example_python_operator']) retrieved from /home/airflow/.local/lib/python3.7/site-packages/airflow/example_dags/example_python_operator.py
[2022-12-01 21:43:59,631] {logging_mixin.py:109} INFO - [2022-12-01 21:43:59,631] {dag.py:2398} INFO - Sync 1 DAGs
[2022-12-01 21:43:59,644] {logging_mixin.py:109} INFO - [2022-12-01 21:43:59,644] {dag.py:2937} INFO - Setting next_dagrun for example_python_operator to None
[2022-12-01 21:43:59,659] {processor.py:171} INFO - Processing /home/airflow/.local/lib/python3.7/site-packages/airflow/example_dags/example_python_operator.py took 0.068 seconds
