[2022-12-01 21:24:40,436] {processor.py:163} INFO - Started process (PID=57) to work on /home/airflow/.local/lib/python3.7/site-packages/airflow/example_dags/example_task_group_decorator.py
[2022-12-01 21:24:40,437] {processor.py:642} INFO - Processing file /home/airflow/.local/lib/python3.7/site-packages/airflow/example_dags/example_task_group_decorator.py for tasks to queue
[2022-12-01 21:24:40,437] {logging_mixin.py:109} INFO - [2022-12-01 21:24:40,437] {dagbag.py:500} INFO - Filling up the DagBag from /home/airflow/.local/lib/python3.7/site-packages/airflow/example_dags/example_task_group_decorator.py
[2022-12-01 21:24:40,468] {processor.py:654} INFO - DAG(s) dict_keys(['example_task_group_decorator']) retrieved from /home/airflow/.local/lib/python3.7/site-packages/airflow/example_dags/example_task_group_decorator.py
[2022-12-01 21:24:41,173] {logging_mixin.py:109} INFO - [2022-12-01 21:24:41,173] {dag.py:2398} INFO - Sync 1 DAGs
[2022-12-01 21:24:41,190] {logging_mixin.py:109} INFO - [2022-12-01 21:24:41,189] {dag.py:2937} INFO - Setting next_dagrun for example_task_group_decorator to 2022-11-30T21:24:41.189685+00:00
[2022-12-01 21:24:41,234] {processor.py:171} INFO - Processing /home/airflow/.local/lib/python3.7/site-packages/airflow/example_dags/example_task_group_decorator.py took 0.800 seconds
[2022-12-01 21:25:11,775] {processor.py:163} INFO - Started process (PID=118) to work on /home/airflow/.local/lib/python3.7/site-packages/airflow/example_dags/example_task_group_decorator.py
[2022-12-01 21:25:11,776] {processor.py:642} INFO - Processing file /home/airflow/.local/lib/python3.7/site-packages/airflow/example_dags/example_task_group_decorator.py for tasks to queue
[2022-12-01 21:25:11,777] {logging_mixin.py:109} INFO - [2022-12-01 21:25:11,777] {dagbag.py:500} INFO - Filling up the DagBag from /home/airflow/.local/lib/python3.7/site-packages/airflow/example_dags/example_task_group_decorator.py
[2022-12-01 21:25:11,815] {processor.py:654} INFO - DAG(s) dict_keys(['example_task_group_decorator']) retrieved from /home/airflow/.local/lib/python3.7/site-packages/airflow/example_dags/example_task_group_decorator.py
[2022-12-01 21:25:12,004] {logging_mixin.py:109} INFO - [2022-12-01 21:25:12,004] {dag.py:2398} INFO - Sync 1 DAGs
[2022-12-01 21:25:12,015] {logging_mixin.py:109} INFO - [2022-12-01 21:25:12,015] {dag.py:2937} INFO - Setting next_dagrun for example_task_group_decorator to 2022-11-30T21:25:12.015178+00:00
[2022-12-01 21:25:12,031] {processor.py:171} INFO - Processing /home/airflow/.local/lib/python3.7/site-packages/airflow/example_dags/example_task_group_decorator.py took 0.259 seconds
[2022-12-01 21:25:42,919] {processor.py:163} INFO - Started process (PID=182) to work on /home/airflow/.local/lib/python3.7/site-packages/airflow/example_dags/example_task_group_decorator.py
[2022-12-01 21:25:42,920] {processor.py:642} INFO - Processing file /home/airflow/.local/lib/python3.7/site-packages/airflow/example_dags/example_task_group_decorator.py for tasks to queue
[2022-12-01 21:25:42,920] {logging_mixin.py:109} INFO - [2022-12-01 21:25:42,920] {dagbag.py:500} INFO - Filling up the DagBag from /home/airflow/.local/lib/python3.7/site-packages/airflow/example_dags/example_task_group_decorator.py
[2022-12-01 21:25:42,959] {processor.py:654} INFO - DAG(s) dict_keys(['example_task_group_decorator']) retrieved from /home/airflow/.local/lib/python3.7/site-packages/airflow/example_dags/example_task_group_decorator.py
[2022-12-01 21:25:43,145] {logging_mixin.py:109} INFO - [2022-12-01 21:25:43,145] {dag.py:2398} INFO - Sync 1 DAGs
[2022-12-01 21:25:43,155] {logging_mixin.py:109} INFO - [2022-12-01 21:25:43,154] {dag.py:2937} INFO - Setting next_dagrun for example_task_group_decorator to 2022-11-30T21:25:43.154760+00:00
[2022-12-01 21:25:43,169] {processor.py:171} INFO - Processing /home/airflow/.local/lib/python3.7/site-packages/airflow/example_dags/example_task_group_decorator.py took 0.252 seconds
[2022-12-01 21:26:13,903] {processor.py:163} INFO - Started process (PID=253) to work on /home/airflow/.local/lib/python3.7/site-packages/airflow/example_dags/example_task_group_decorator.py
[2022-12-01 21:26:13,904] {processor.py:642} INFO - Processing file /home/airflow/.local/lib/python3.7/site-packages/airflow/example_dags/example_task_group_decorator.py for tasks to queue
[2022-12-01 21:26:13,904] {logging_mixin.py:109} INFO - [2022-12-01 21:26:13,904] {dagbag.py:500} INFO - Filling up the DagBag from /home/airflow/.local/lib/python3.7/site-packages/airflow/example_dags/example_task_group_decorator.py
[2022-12-01 21:26:13,946] {processor.py:654} INFO - DAG(s) dict_keys(['example_task_group_decorator']) retrieved from /home/airflow/.local/lib/python3.7/site-packages/airflow/example_dags/example_task_group_decorator.py
[2022-12-01 21:26:14,119] {logging_mixin.py:109} INFO - [2022-12-01 21:26:14,119] {dag.py:2398} INFO - Sync 1 DAGs
[2022-12-01 21:26:14,129] {logging_mixin.py:109} INFO - [2022-12-01 21:26:14,129] {dag.py:2937} INFO - Setting next_dagrun for example_task_group_decorator to 2022-11-30T21:26:14.129565+00:00
[2022-12-01 21:26:14,138] {processor.py:171} INFO - Processing /home/airflow/.local/lib/python3.7/site-packages/airflow/example_dags/example_task_group_decorator.py took 0.237 seconds
[2022-12-01 21:26:45,142] {processor.py:163} INFO - Started process (PID=315) to work on /home/airflow/.local/lib/python3.7/site-packages/airflow/example_dags/example_task_group_decorator.py
[2022-12-01 21:26:45,143] {processor.py:642} INFO - Processing file /home/airflow/.local/lib/python3.7/site-packages/airflow/example_dags/example_task_group_decorator.py for tasks to queue
[2022-12-01 21:26:45,143] {logging_mixin.py:109} INFO - [2022-12-01 21:26:45,143] {dagbag.py:500} INFO - Filling up the DagBag from /home/airflow/.local/lib/python3.7/site-packages/airflow/example_dags/example_task_group_decorator.py
[2022-12-01 21:26:45,183] {processor.py:654} INFO - DAG(s) dict_keys(['example_task_group_decorator']) retrieved from /home/airflow/.local/lib/python3.7/site-packages/airflow/example_dags/example_task_group_decorator.py
[2022-12-01 21:26:45,351] {logging_mixin.py:109} INFO - [2022-12-01 21:26:45,351] {dag.py:2398} INFO - Sync 1 DAGs
[2022-12-01 21:26:45,361] {logging_mixin.py:109} INFO - [2022-12-01 21:26:45,361] {dag.py:2937} INFO - Setting next_dagrun for example_task_group_decorator to 2022-11-30T21:26:45.360858+00:00
[2022-12-01 21:26:45,376] {processor.py:171} INFO - Processing /home/airflow/.local/lib/python3.7/site-packages/airflow/example_dags/example_task_group_decorator.py took 0.236 seconds
[2022-12-01 21:27:16,128] {processor.py:163} INFO - Started process (PID=386) to work on /home/airflow/.local/lib/python3.7/site-packages/airflow/example_dags/example_task_group_decorator.py
[2022-12-01 21:27:16,129] {processor.py:642} INFO - Processing file /home/airflow/.local/lib/python3.7/site-packages/airflow/example_dags/example_task_group_decorator.py for tasks to queue
[2022-12-01 21:27:16,129] {logging_mixin.py:109} INFO - [2022-12-01 21:27:16,129] {dagbag.py:500} INFO - Filling up the DagBag from /home/airflow/.local/lib/python3.7/site-packages/airflow/example_dags/example_task_group_decorator.py
[2022-12-01 21:27:16,167] {processor.py:654} INFO - DAG(s) dict_keys(['example_task_group_decorator']) retrieved from /home/airflow/.local/lib/python3.7/site-packages/airflow/example_dags/example_task_group_decorator.py
[2022-12-01 21:27:16,337] {logging_mixin.py:109} INFO - [2022-12-01 21:27:16,336] {dag.py:2398} INFO - Sync 1 DAGs
[2022-12-01 21:27:16,346] {logging_mixin.py:109} INFO - [2022-12-01 21:27:16,346] {dag.py:2937} INFO - Setting next_dagrun for example_task_group_decorator to 2022-11-30T21:27:16.346630+00:00
[2022-12-01 21:27:16,361] {processor.py:171} INFO - Processing /home/airflow/.local/lib/python3.7/site-packages/airflow/example_dags/example_task_group_decorator.py took 0.236 seconds
[2022-12-01 21:27:47,229] {processor.py:163} INFO - Started process (PID=448) to work on /home/airflow/.local/lib/python3.7/site-packages/airflow/example_dags/example_task_group_decorator.py
[2022-12-01 21:27:47,230] {processor.py:642} INFO - Processing file /home/airflow/.local/lib/python3.7/site-packages/airflow/example_dags/example_task_group_decorator.py for tasks to queue
[2022-12-01 21:27:47,230] {logging_mixin.py:109} INFO - [2022-12-01 21:27:47,230] {dagbag.py:500} INFO - Filling up the DagBag from /home/airflow/.local/lib/python3.7/site-packages/airflow/example_dags/example_task_group_decorator.py
[2022-12-01 21:27:47,272] {processor.py:654} INFO - DAG(s) dict_keys(['example_task_group_decorator']) retrieved from /home/airflow/.local/lib/python3.7/site-packages/airflow/example_dags/example_task_group_decorator.py
[2022-12-01 21:27:47,443] {logging_mixin.py:109} INFO - [2022-12-01 21:27:47,443] {dag.py:2398} INFO - Sync 1 DAGs
[2022-12-01 21:27:47,453] {logging_mixin.py:109} INFO - [2022-12-01 21:27:47,453] {dag.py:2937} INFO - Setting next_dagrun for example_task_group_decorator to 2022-11-30T21:27:47.453536+00:00
[2022-12-01 21:27:47,469] {processor.py:171} INFO - Processing /home/airflow/.local/lib/python3.7/site-packages/airflow/example_dags/example_task_group_decorator.py took 0.243 seconds
[2022-12-01 21:28:18,310] {processor.py:163} INFO - Started process (PID=519) to work on /home/airflow/.local/lib/python3.7/site-packages/airflow/example_dags/example_task_group_decorator.py
[2022-12-01 21:28:18,311] {processor.py:642} INFO - Processing file /home/airflow/.local/lib/python3.7/site-packages/airflow/example_dags/example_task_group_decorator.py for tasks to queue
[2022-12-01 21:28:18,312] {logging_mixin.py:109} INFO - [2022-12-01 21:28:18,312] {dagbag.py:500} INFO - Filling up the DagBag from /home/airflow/.local/lib/python3.7/site-packages/airflow/example_dags/example_task_group_decorator.py
[2022-12-01 21:28:18,354] {processor.py:654} INFO - DAG(s) dict_keys(['example_task_group_decorator']) retrieved from /home/airflow/.local/lib/python3.7/site-packages/airflow/example_dags/example_task_group_decorator.py
[2022-12-01 21:28:18,522] {logging_mixin.py:109} INFO - [2022-12-01 21:28:18,522] {dag.py:2398} INFO - Sync 1 DAGs
[2022-12-01 21:28:18,531] {logging_mixin.py:109} INFO - [2022-12-01 21:28:18,531] {dag.py:2937} INFO - Setting next_dagrun for example_task_group_decorator to 2022-11-30T21:28:18.531724+00:00
[2022-12-01 21:28:18,547] {processor.py:171} INFO - Processing /home/airflow/.local/lib/python3.7/site-packages/airflow/example_dags/example_task_group_decorator.py took 0.239 seconds
[2022-12-01 21:28:48,606] {processor.py:163} INFO - Started process (PID=581) to work on /home/airflow/.local/lib/python3.7/site-packages/airflow/example_dags/example_task_group_decorator.py
[2022-12-01 21:28:48,606] {processor.py:642} INFO - Processing file /home/airflow/.local/lib/python3.7/site-packages/airflow/example_dags/example_task_group_decorator.py for tasks to queue
[2022-12-01 21:28:48,607] {logging_mixin.py:109} INFO - [2022-12-01 21:28:48,606] {dagbag.py:500} INFO - Filling up the DagBag from /home/airflow/.local/lib/python3.7/site-packages/airflow/example_dags/example_task_group_decorator.py
[2022-12-01 21:28:48,635] {processor.py:654} INFO - DAG(s) dict_keys(['example_task_group_decorator']) retrieved from /home/airflow/.local/lib/python3.7/site-packages/airflow/example_dags/example_task_group_decorator.py
[2022-12-01 21:28:48,772] {logging_mixin.py:109} INFO - [2022-12-01 21:28:48,772] {dag.py:2398} INFO - Sync 1 DAGs
[2022-12-01 21:28:48,781] {logging_mixin.py:109} INFO - [2022-12-01 21:28:48,781] {dag.py:2937} INFO - Setting next_dagrun for example_task_group_decorator to 2022-11-30T21:28:48.781500+00:00
[2022-12-01 21:28:48,790] {processor.py:171} INFO - Processing /home/airflow/.local/lib/python3.7/site-packages/airflow/example_dags/example_task_group_decorator.py took 0.187 seconds
[2022-12-01 21:29:18,963] {processor.py:163} INFO - Started process (PID=654) to work on /home/airflow/.local/lib/python3.7/site-packages/airflow/example_dags/example_task_group_decorator.py
[2022-12-01 21:29:18,964] {processor.py:642} INFO - Processing file /home/airflow/.local/lib/python3.7/site-packages/airflow/example_dags/example_task_group_decorator.py for tasks to queue
[2022-12-01 21:29:18,964] {logging_mixin.py:109} INFO - [2022-12-01 21:29:18,964] {dagbag.py:500} INFO - Filling up the DagBag from /home/airflow/.local/lib/python3.7/site-packages/airflow/example_dags/example_task_group_decorator.py
[2022-12-01 21:29:18,994] {processor.py:654} INFO - DAG(s) dict_keys(['example_task_group_decorator']) retrieved from /home/airflow/.local/lib/python3.7/site-packages/airflow/example_dags/example_task_group_decorator.py
[2022-12-01 21:29:19,138] {logging_mixin.py:109} INFO - [2022-12-01 21:29:19,137] {dag.py:2398} INFO - Sync 1 DAGs
[2022-12-01 21:29:19,148] {logging_mixin.py:109} INFO - [2022-12-01 21:29:19,148] {dag.py:2937} INFO - Setting next_dagrun for example_task_group_decorator to 2022-11-30T21:29:19.148070+00:00
[2022-12-01 21:29:19,162] {processor.py:171} INFO - Processing /home/airflow/.local/lib/python3.7/site-packages/airflow/example_dags/example_task_group_decorator.py took 0.201 seconds
[2022-12-01 21:29:49,186] {processor.py:163} INFO - Started process (PID=718) to work on /home/airflow/.local/lib/python3.7/site-packages/airflow/example_dags/example_task_group_decorator.py
[2022-12-01 21:29:49,187] {processor.py:642} INFO - Processing file /home/airflow/.local/lib/python3.7/site-packages/airflow/example_dags/example_task_group_decorator.py for tasks to queue
[2022-12-01 21:29:49,188] {logging_mixin.py:109} INFO - [2022-12-01 21:29:49,188] {dagbag.py:500} INFO - Filling up the DagBag from /home/airflow/.local/lib/python3.7/site-packages/airflow/example_dags/example_task_group_decorator.py
[2022-12-01 21:29:49,224] {processor.py:654} INFO - DAG(s) dict_keys(['example_task_group_decorator']) retrieved from /home/airflow/.local/lib/python3.7/site-packages/airflow/example_dags/example_task_group_decorator.py
[2022-12-01 21:29:49,368] {logging_mixin.py:109} INFO - [2022-12-01 21:29:49,368] {dag.py:2398} INFO - Sync 1 DAGs
[2022-12-01 21:29:49,379] {logging_mixin.py:109} INFO - [2022-12-01 21:29:49,379] {dag.py:2937} INFO - Setting next_dagrun for example_task_group_decorator to 2022-11-30T21:29:49.378958+00:00
[2022-12-01 21:29:49,397] {processor.py:171} INFO - Processing /home/airflow/.local/lib/python3.7/site-packages/airflow/example_dags/example_task_group_decorator.py took 0.213 seconds
[2022-12-01 21:30:19,546] {processor.py:163} INFO - Started process (PID=787) to work on /home/airflow/.local/lib/python3.7/site-packages/airflow/example_dags/example_task_group_decorator.py
[2022-12-01 21:30:19,546] {processor.py:642} INFO - Processing file /home/airflow/.local/lib/python3.7/site-packages/airflow/example_dags/example_task_group_decorator.py for tasks to queue
[2022-12-01 21:30:19,547] {logging_mixin.py:109} INFO - [2022-12-01 21:30:19,547] {dagbag.py:500} INFO - Filling up the DagBag from /home/airflow/.local/lib/python3.7/site-packages/airflow/example_dags/example_task_group_decorator.py
[2022-12-01 21:30:19,582] {processor.py:654} INFO - DAG(s) dict_keys(['example_task_group_decorator']) retrieved from /home/airflow/.local/lib/python3.7/site-packages/airflow/example_dags/example_task_group_decorator.py
[2022-12-01 21:30:19,745] {logging_mixin.py:109} INFO - [2022-12-01 21:30:19,744] {dag.py:2398} INFO - Sync 1 DAGs
[2022-12-01 21:30:19,755] {logging_mixin.py:109} INFO - [2022-12-01 21:30:19,755] {dag.py:2937} INFO - Setting next_dagrun for example_task_group_decorator to 2022-11-30T21:30:19.755697+00:00
[2022-12-01 21:30:19,772] {processor.py:171} INFO - Processing /home/airflow/.local/lib/python3.7/site-packages/airflow/example_dags/example_task_group_decorator.py took 0.229 seconds
[2022-12-01 21:30:49,827] {processor.py:163} INFO - Started process (PID=851) to work on /home/airflow/.local/lib/python3.7/site-packages/airflow/example_dags/example_task_group_decorator.py
[2022-12-01 21:30:49,829] {processor.py:642} INFO - Processing file /home/airflow/.local/lib/python3.7/site-packages/airflow/example_dags/example_task_group_decorator.py for tasks to queue
[2022-12-01 21:30:49,829] {logging_mixin.py:109} INFO - [2022-12-01 21:30:49,829] {dagbag.py:500} INFO - Filling up the DagBag from /home/airflow/.local/lib/python3.7/site-packages/airflow/example_dags/example_task_group_decorator.py
[2022-12-01 21:30:49,859] {processor.py:654} INFO - DAG(s) dict_keys(['example_task_group_decorator']) retrieved from /home/airflow/.local/lib/python3.7/site-packages/airflow/example_dags/example_task_group_decorator.py
[2022-12-01 21:30:50,021] {logging_mixin.py:109} INFO - [2022-12-01 21:30:50,021] {dag.py:2398} INFO - Sync 1 DAGs
[2022-12-01 21:30:50,034] {logging_mixin.py:109} INFO - [2022-12-01 21:30:50,034] {dag.py:2937} INFO - Setting next_dagrun for example_task_group_decorator to 2022-11-30T21:30:50.034450+00:00
[2022-12-01 21:30:50,053] {processor.py:171} INFO - Processing /home/airflow/.local/lib/python3.7/site-packages/airflow/example_dags/example_task_group_decorator.py took 0.229 seconds
[2022-12-01 21:31:20,410] {processor.py:163} INFO - Started process (PID=921) to work on /home/airflow/.local/lib/python3.7/site-packages/airflow/example_dags/example_task_group_decorator.py
[2022-12-01 21:31:20,414] {processor.py:642} INFO - Processing file /home/airflow/.local/lib/python3.7/site-packages/airflow/example_dags/example_task_group_decorator.py for tasks to queue
[2022-12-01 21:31:20,414] {logging_mixin.py:109} INFO - [2022-12-01 21:31:20,414] {dagbag.py:500} INFO - Filling up the DagBag from /home/airflow/.local/lib/python3.7/site-packages/airflow/example_dags/example_task_group_decorator.py
[2022-12-01 21:31:20,444] {processor.py:654} INFO - DAG(s) dict_keys(['example_task_group_decorator']) retrieved from /home/airflow/.local/lib/python3.7/site-packages/airflow/example_dags/example_task_group_decorator.py
[2022-12-01 21:31:20,589] {logging_mixin.py:109} INFO - [2022-12-01 21:31:20,589] {dag.py:2398} INFO - Sync 1 DAGs
[2022-12-01 21:31:20,598] {logging_mixin.py:109} INFO - [2022-12-01 21:31:20,598] {dag.py:2937} INFO - Setting next_dagrun for example_task_group_decorator to 2022-11-30T21:31:20.598237+00:00
[2022-12-01 21:31:20,620] {processor.py:171} INFO - Processing /home/airflow/.local/lib/python3.7/site-packages/airflow/example_dags/example_task_group_decorator.py took 0.213 seconds
[2022-12-01 21:31:50,655] {processor.py:163} INFO - Started process (PID=985) to work on /home/airflow/.local/lib/python3.7/site-packages/airflow/example_dags/example_task_group_decorator.py
[2022-12-01 21:31:50,655] {processor.py:642} INFO - Processing file /home/airflow/.local/lib/python3.7/site-packages/airflow/example_dags/example_task_group_decorator.py for tasks to queue
[2022-12-01 21:31:50,656] {logging_mixin.py:109} INFO - [2022-12-01 21:31:50,656] {dagbag.py:500} INFO - Filling up the DagBag from /home/airflow/.local/lib/python3.7/site-packages/airflow/example_dags/example_task_group_decorator.py
[2022-12-01 21:31:50,687] {processor.py:654} INFO - DAG(s) dict_keys(['example_task_group_decorator']) retrieved from /home/airflow/.local/lib/python3.7/site-packages/airflow/example_dags/example_task_group_decorator.py
[2022-12-01 21:31:50,849] {logging_mixin.py:109} INFO - [2022-12-01 21:31:50,849] {dag.py:2398} INFO - Sync 1 DAGs
[2022-12-01 21:31:50,858] {logging_mixin.py:109} INFO - [2022-12-01 21:31:50,858] {dag.py:2937} INFO - Setting next_dagrun for example_task_group_decorator to 2022-11-30T21:31:50.858695+00:00
[2022-12-01 21:31:50,868] {processor.py:171} INFO - Processing /home/airflow/.local/lib/python3.7/site-packages/airflow/example_dags/example_task_group_decorator.py took 0.215 seconds
[2022-12-01 21:32:21,163] {processor.py:163} INFO - Started process (PID=1054) to work on /home/airflow/.local/lib/python3.7/site-packages/airflow/example_dags/example_task_group_decorator.py
[2022-12-01 21:32:21,165] {processor.py:642} INFO - Processing file /home/airflow/.local/lib/python3.7/site-packages/airflow/example_dags/example_task_group_decorator.py for tasks to queue
[2022-12-01 21:32:21,165] {logging_mixin.py:109} INFO - [2022-12-01 21:32:21,165] {dagbag.py:500} INFO - Filling up the DagBag from /home/airflow/.local/lib/python3.7/site-packages/airflow/example_dags/example_task_group_decorator.py
[2022-12-01 21:32:21,204] {processor.py:654} INFO - DAG(s) dict_keys(['example_task_group_decorator']) retrieved from /home/airflow/.local/lib/python3.7/site-packages/airflow/example_dags/example_task_group_decorator.py
[2022-12-01 21:32:21,356] {logging_mixin.py:109} INFO - [2022-12-01 21:32:21,356] {dag.py:2398} INFO - Sync 1 DAGs
[2022-12-01 21:32:21,365] {logging_mixin.py:109} INFO - [2022-12-01 21:32:21,365] {dag.py:2937} INFO - Setting next_dagrun for example_task_group_decorator to 2022-11-30T21:32:21.365418+00:00
[2022-12-01 21:32:21,379] {processor.py:171} INFO - Processing /home/airflow/.local/lib/python3.7/site-packages/airflow/example_dags/example_task_group_decorator.py took 0.220 seconds
[2022-12-01 21:32:51,414] {processor.py:163} INFO - Started process (PID=1116) to work on /home/airflow/.local/lib/python3.7/site-packages/airflow/example_dags/example_task_group_decorator.py
[2022-12-01 21:32:51,415] {processor.py:642} INFO - Processing file /home/airflow/.local/lib/python3.7/site-packages/airflow/example_dags/example_task_group_decorator.py for tasks to queue
[2022-12-01 21:32:51,415] {logging_mixin.py:109} INFO - [2022-12-01 21:32:51,415] {dagbag.py:500} INFO - Filling up the DagBag from /home/airflow/.local/lib/python3.7/site-packages/airflow/example_dags/example_task_group_decorator.py
[2022-12-01 21:32:51,449] {processor.py:654} INFO - DAG(s) dict_keys(['example_task_group_decorator']) retrieved from /home/airflow/.local/lib/python3.7/site-packages/airflow/example_dags/example_task_group_decorator.py
[2022-12-01 21:32:51,621] {logging_mixin.py:109} INFO - [2022-12-01 21:32:51,621] {dag.py:2398} INFO - Sync 1 DAGs
[2022-12-01 21:32:51,634] {logging_mixin.py:109} INFO - [2022-12-01 21:32:51,634] {dag.py:2937} INFO - Setting next_dagrun for example_task_group_decorator to 2022-11-30T21:32:51.634396+00:00
[2022-12-01 21:32:51,644] {processor.py:171} INFO - Processing /home/airflow/.local/lib/python3.7/site-packages/airflow/example_dags/example_task_group_decorator.py took 0.232 seconds
[2022-12-01 21:33:21,754] {processor.py:163} INFO - Started process (PID=1188) to work on /home/airflow/.local/lib/python3.7/site-packages/airflow/example_dags/example_task_group_decorator.py
[2022-12-01 21:33:21,755] {processor.py:642} INFO - Processing file /home/airflow/.local/lib/python3.7/site-packages/airflow/example_dags/example_task_group_decorator.py for tasks to queue
[2022-12-01 21:33:21,755] {logging_mixin.py:109} INFO - [2022-12-01 21:33:21,755] {dagbag.py:500} INFO - Filling up the DagBag from /home/airflow/.local/lib/python3.7/site-packages/airflow/example_dags/example_task_group_decorator.py
[2022-12-01 21:33:21,790] {processor.py:654} INFO - DAG(s) dict_keys(['example_task_group_decorator']) retrieved from /home/airflow/.local/lib/python3.7/site-packages/airflow/example_dags/example_task_group_decorator.py
[2022-12-01 21:33:21,950] {logging_mixin.py:109} INFO - [2022-12-01 21:33:21,950] {dag.py:2398} INFO - Sync 1 DAGs
[2022-12-01 21:33:21,964] {logging_mixin.py:109} INFO - [2022-12-01 21:33:21,964] {dag.py:2937} INFO - Setting next_dagrun for example_task_group_decorator to 2022-11-30T21:33:21.964003+00:00
[2022-12-01 21:33:21,974] {processor.py:171} INFO - Processing /home/airflow/.local/lib/python3.7/site-packages/airflow/example_dags/example_task_group_decorator.py took 0.223 seconds
[2022-12-01 21:33:52,242] {processor.py:163} INFO - Started process (PID=1251) to work on /home/airflow/.local/lib/python3.7/site-packages/airflow/example_dags/example_task_group_decorator.py
[2022-12-01 21:33:52,243] {processor.py:642} INFO - Processing file /home/airflow/.local/lib/python3.7/site-packages/airflow/example_dags/example_task_group_decorator.py for tasks to queue
[2022-12-01 21:33:52,243] {logging_mixin.py:109} INFO - [2022-12-01 21:33:52,243] {dagbag.py:500} INFO - Filling up the DagBag from /home/airflow/.local/lib/python3.7/site-packages/airflow/example_dags/example_task_group_decorator.py
[2022-12-01 21:33:52,277] {processor.py:654} INFO - DAG(s) dict_keys(['example_task_group_decorator']) retrieved from /home/airflow/.local/lib/python3.7/site-packages/airflow/example_dags/example_task_group_decorator.py
[2022-12-01 21:33:52,429] {logging_mixin.py:109} INFO - [2022-12-01 21:33:52,429] {dag.py:2398} INFO - Sync 1 DAGs
[2022-12-01 21:33:52,440] {logging_mixin.py:109} INFO - [2022-12-01 21:33:52,440] {dag.py:2937} INFO - Setting next_dagrun for example_task_group_decorator to 2022-11-30T21:33:52.440445+00:00
[2022-12-01 21:33:52,462] {processor.py:171} INFO - Processing /home/airflow/.local/lib/python3.7/site-packages/airflow/example_dags/example_task_group_decorator.py took 0.223 seconds
[2022-12-01 21:34:22,670] {processor.py:163} INFO - Started process (PID=1322) to work on /home/airflow/.local/lib/python3.7/site-packages/airflow/example_dags/example_task_group_decorator.py
[2022-12-01 21:34:22,671] {processor.py:642} INFO - Processing file /home/airflow/.local/lib/python3.7/site-packages/airflow/example_dags/example_task_group_decorator.py for tasks to queue
[2022-12-01 21:34:22,672] {logging_mixin.py:109} INFO - [2022-12-01 21:34:22,672] {dagbag.py:500} INFO - Filling up the DagBag from /home/airflow/.local/lib/python3.7/site-packages/airflow/example_dags/example_task_group_decorator.py
[2022-12-01 21:34:22,703] {processor.py:654} INFO - DAG(s) dict_keys(['example_task_group_decorator']) retrieved from /home/airflow/.local/lib/python3.7/site-packages/airflow/example_dags/example_task_group_decorator.py
[2022-12-01 21:34:22,884] {logging_mixin.py:109} INFO - [2022-12-01 21:34:22,884] {dag.py:2398} INFO - Sync 1 DAGs
[2022-12-01 21:34:22,894] {logging_mixin.py:109} INFO - [2022-12-01 21:34:22,894] {dag.py:2937} INFO - Setting next_dagrun for example_task_group_decorator to 2022-11-30T21:34:22.894513+00:00
[2022-12-01 21:34:22,909] {processor.py:171} INFO - Processing /home/airflow/.local/lib/python3.7/site-packages/airflow/example_dags/example_task_group_decorator.py took 0.242 seconds
[2022-12-01 21:34:53,056] {processor.py:163} INFO - Started process (PID=1384) to work on /home/airflow/.local/lib/python3.7/site-packages/airflow/example_dags/example_task_group_decorator.py
[2022-12-01 21:34:53,057] {processor.py:642} INFO - Processing file /home/airflow/.local/lib/python3.7/site-packages/airflow/example_dags/example_task_group_decorator.py for tasks to queue
[2022-12-01 21:34:53,058] {logging_mixin.py:109} INFO - [2022-12-01 21:34:53,058] {dagbag.py:500} INFO - Filling up the DagBag from /home/airflow/.local/lib/python3.7/site-packages/airflow/example_dags/example_task_group_decorator.py
[2022-12-01 21:34:53,094] {processor.py:654} INFO - DAG(s) dict_keys(['example_task_group_decorator']) retrieved from /home/airflow/.local/lib/python3.7/site-packages/airflow/example_dags/example_task_group_decorator.py
[2022-12-01 21:34:53,251] {logging_mixin.py:109} INFO - [2022-12-01 21:34:53,251] {dag.py:2398} INFO - Sync 1 DAGs
[2022-12-01 21:34:53,262] {logging_mixin.py:109} INFO - [2022-12-01 21:34:53,262] {dag.py:2937} INFO - Setting next_dagrun for example_task_group_decorator to 2022-11-30T21:34:53.262094+00:00
[2022-12-01 21:34:53,277] {processor.py:171} INFO - Processing /home/airflow/.local/lib/python3.7/site-packages/airflow/example_dags/example_task_group_decorator.py took 0.224 seconds
[2022-12-01 21:35:23,336] {processor.py:163} INFO - Started process (PID=1455) to work on /home/airflow/.local/lib/python3.7/site-packages/airflow/example_dags/example_task_group_decorator.py
[2022-12-01 21:35:23,337] {processor.py:642} INFO - Processing file /home/airflow/.local/lib/python3.7/site-packages/airflow/example_dags/example_task_group_decorator.py for tasks to queue
[2022-12-01 21:35:23,338] {logging_mixin.py:109} INFO - [2022-12-01 21:35:23,338] {dagbag.py:500} INFO - Filling up the DagBag from /home/airflow/.local/lib/python3.7/site-packages/airflow/example_dags/example_task_group_decorator.py
[2022-12-01 21:35:23,368] {processor.py:654} INFO - DAG(s) dict_keys(['example_task_group_decorator']) retrieved from /home/airflow/.local/lib/python3.7/site-packages/airflow/example_dags/example_task_group_decorator.py
[2022-12-01 21:35:23,546] {logging_mixin.py:109} INFO - [2022-12-01 21:35:23,546] {dag.py:2398} INFO - Sync 1 DAGs
[2022-12-01 21:35:23,563] {logging_mixin.py:109} INFO - [2022-12-01 21:35:23,563] {dag.py:2937} INFO - Setting next_dagrun for example_task_group_decorator to 2022-11-30T21:35:23.563076+00:00
[2022-12-01 21:35:23,578] {processor.py:171} INFO - Processing /home/airflow/.local/lib/python3.7/site-packages/airflow/example_dags/example_task_group_decorator.py took 0.244 seconds
[2022-12-01 21:35:53,621] {processor.py:163} INFO - Started process (PID=1520) to work on /home/airflow/.local/lib/python3.7/site-packages/airflow/example_dags/example_task_group_decorator.py
[2022-12-01 21:35:53,621] {processor.py:642} INFO - Processing file /home/airflow/.local/lib/python3.7/site-packages/airflow/example_dags/example_task_group_decorator.py for tasks to queue
[2022-12-01 21:35:53,622] {logging_mixin.py:109} INFO - [2022-12-01 21:35:53,622] {dagbag.py:500} INFO - Filling up the DagBag from /home/airflow/.local/lib/python3.7/site-packages/airflow/example_dags/example_task_group_decorator.py
[2022-12-01 21:35:53,652] {processor.py:654} INFO - DAG(s) dict_keys(['example_task_group_decorator']) retrieved from /home/airflow/.local/lib/python3.7/site-packages/airflow/example_dags/example_task_group_decorator.py
[2022-12-01 21:35:53,790] {logging_mixin.py:109} INFO - [2022-12-01 21:35:53,790] {dag.py:2398} INFO - Sync 1 DAGs
[2022-12-01 21:35:53,800] {logging_mixin.py:109} INFO - [2022-12-01 21:35:53,799] {dag.py:2937} INFO - Setting next_dagrun for example_task_group_decorator to 2022-11-30T21:35:53.799832+00:00
[2022-12-01 21:35:53,809] {processor.py:171} INFO - Processing /home/airflow/.local/lib/python3.7/site-packages/airflow/example_dags/example_task_group_decorator.py took 0.190 seconds
[2022-12-01 21:36:23,918] {processor.py:163} INFO - Started process (PID=1589) to work on /home/airflow/.local/lib/python3.7/site-packages/airflow/example_dags/example_task_group_decorator.py
[2022-12-01 21:36:23,919] {processor.py:642} INFO - Processing file /home/airflow/.local/lib/python3.7/site-packages/airflow/example_dags/example_task_group_decorator.py for tasks to queue
[2022-12-01 21:36:23,920] {logging_mixin.py:109} INFO - [2022-12-01 21:36:23,920] {dagbag.py:500} INFO - Filling up the DagBag from /home/airflow/.local/lib/python3.7/site-packages/airflow/example_dags/example_task_group_decorator.py
[2022-12-01 21:36:23,954] {processor.py:654} INFO - DAG(s) dict_keys(['example_task_group_decorator']) retrieved from /home/airflow/.local/lib/python3.7/site-packages/airflow/example_dags/example_task_group_decorator.py
[2022-12-01 21:36:24,102] {logging_mixin.py:109} INFO - [2022-12-01 21:36:24,102] {dag.py:2398} INFO - Sync 1 DAGs
[2022-12-01 21:36:24,112] {logging_mixin.py:109} INFO - [2022-12-01 21:36:24,112] {dag.py:2937} INFO - Setting next_dagrun for example_task_group_decorator to 2022-11-30T21:36:24.112207+00:00
[2022-12-01 21:36:24,127] {processor.py:171} INFO - Processing /home/airflow/.local/lib/python3.7/site-packages/airflow/example_dags/example_task_group_decorator.py took 0.212 seconds
[2022-12-01 21:36:54,189] {processor.py:163} INFO - Started process (PID=1651) to work on /home/airflow/.local/lib/python3.7/site-packages/airflow/example_dags/example_task_group_decorator.py
[2022-12-01 21:36:54,190] {processor.py:642} INFO - Processing file /home/airflow/.local/lib/python3.7/site-packages/airflow/example_dags/example_task_group_decorator.py for tasks to queue
[2022-12-01 21:36:54,191] {logging_mixin.py:109} INFO - [2022-12-01 21:36:54,191] {dagbag.py:500} INFO - Filling up the DagBag from /home/airflow/.local/lib/python3.7/site-packages/airflow/example_dags/example_task_group_decorator.py
[2022-12-01 21:36:54,224] {processor.py:654} INFO - DAG(s) dict_keys(['example_task_group_decorator']) retrieved from /home/airflow/.local/lib/python3.7/site-packages/airflow/example_dags/example_task_group_decorator.py
[2022-12-01 21:36:54,369] {logging_mixin.py:109} INFO - [2022-12-01 21:36:54,369] {dag.py:2398} INFO - Sync 1 DAGs
[2022-12-01 21:36:54,379] {logging_mixin.py:109} INFO - [2022-12-01 21:36:54,379] {dag.py:2937} INFO - Setting next_dagrun for example_task_group_decorator to 2022-11-30T21:36:54.379186+00:00
[2022-12-01 21:36:54,388] {processor.py:171} INFO - Processing /home/airflow/.local/lib/python3.7/site-packages/airflow/example_dags/example_task_group_decorator.py took 0.201 seconds
[2022-12-01 21:37:24,472] {processor.py:163} INFO - Started process (PID=1725) to work on /home/airflow/.local/lib/python3.7/site-packages/airflow/example_dags/example_task_group_decorator.py
[2022-12-01 21:37:24,473] {processor.py:642} INFO - Processing file /home/airflow/.local/lib/python3.7/site-packages/airflow/example_dags/example_task_group_decorator.py for tasks to queue
[2022-12-01 21:37:24,474] {logging_mixin.py:109} INFO - [2022-12-01 21:37:24,474] {dagbag.py:500} INFO - Filling up the DagBag from /home/airflow/.local/lib/python3.7/site-packages/airflow/example_dags/example_task_group_decorator.py
[2022-12-01 21:37:24,505] {processor.py:654} INFO - DAG(s) dict_keys(['example_task_group_decorator']) retrieved from /home/airflow/.local/lib/python3.7/site-packages/airflow/example_dags/example_task_group_decorator.py
[2022-12-01 21:37:24,647] {logging_mixin.py:109} INFO - [2022-12-01 21:37:24,647] {dag.py:2398} INFO - Sync 1 DAGs
[2022-12-01 21:37:24,656] {logging_mixin.py:109} INFO - [2022-12-01 21:37:24,656] {dag.py:2937} INFO - Setting next_dagrun for example_task_group_decorator to 2022-11-30T21:37:24.656369+00:00
[2022-12-01 21:37:24,665] {processor.py:171} INFO - Processing /home/airflow/.local/lib/python3.7/site-packages/airflow/example_dags/example_task_group_decorator.py took 0.195 seconds
[2022-12-01 21:37:54,705] {processor.py:163} INFO - Started process (PID=1784) to work on /home/airflow/.local/lib/python3.7/site-packages/airflow/example_dags/example_task_group_decorator.py
[2022-12-01 21:37:54,706] {processor.py:642} INFO - Processing file /home/airflow/.local/lib/python3.7/site-packages/airflow/example_dags/example_task_group_decorator.py for tasks to queue
[2022-12-01 21:37:54,706] {logging_mixin.py:109} INFO - [2022-12-01 21:37:54,706] {dagbag.py:500} INFO - Filling up the DagBag from /home/airflow/.local/lib/python3.7/site-packages/airflow/example_dags/example_task_group_decorator.py
[2022-12-01 21:37:54,742] {processor.py:654} INFO - DAG(s) dict_keys(['example_task_group_decorator']) retrieved from /home/airflow/.local/lib/python3.7/site-packages/airflow/example_dags/example_task_group_decorator.py
[2022-12-01 21:37:54,937] {logging_mixin.py:109} INFO - [2022-12-01 21:37:54,937] {dag.py:2398} INFO - Sync 1 DAGs
[2022-12-01 21:37:54,949] {logging_mixin.py:109} INFO - [2022-12-01 21:37:54,949] {dag.py:2937} INFO - Setting next_dagrun for example_task_group_decorator to 2022-11-30T21:37:54.949072+00:00
[2022-12-01 21:37:54,958] {processor.py:171} INFO - Processing /home/airflow/.local/lib/python3.7/site-packages/airflow/example_dags/example_task_group_decorator.py took 0.256 seconds
[2022-12-01 21:38:25,033] {processor.py:163} INFO - Started process (PID=1855) to work on /home/airflow/.local/lib/python3.7/site-packages/airflow/example_dags/example_task_group_decorator.py
[2022-12-01 21:38:25,034] {processor.py:642} INFO - Processing file /home/airflow/.local/lib/python3.7/site-packages/airflow/example_dags/example_task_group_decorator.py for tasks to queue
[2022-12-01 21:38:25,034] {logging_mixin.py:109} INFO - [2022-12-01 21:38:25,034] {dagbag.py:500} INFO - Filling up the DagBag from /home/airflow/.local/lib/python3.7/site-packages/airflow/example_dags/example_task_group_decorator.py
[2022-12-01 21:38:25,067] {processor.py:654} INFO - DAG(s) dict_keys(['example_task_group_decorator']) retrieved from /home/airflow/.local/lib/python3.7/site-packages/airflow/example_dags/example_task_group_decorator.py
[2022-12-01 21:38:25,213] {logging_mixin.py:109} INFO - [2022-12-01 21:38:25,213] {dag.py:2398} INFO - Sync 1 DAGs
[2022-12-01 21:38:25,223] {logging_mixin.py:109} INFO - [2022-12-01 21:38:25,223] {dag.py:2937} INFO - Setting next_dagrun for example_task_group_decorator to 2022-11-30T21:38:25.223026+00:00
[2022-12-01 21:38:25,237] {processor.py:171} INFO - Processing /home/airflow/.local/lib/python3.7/site-packages/airflow/example_dags/example_task_group_decorator.py took 0.207 seconds
[2022-12-01 21:38:55,302] {processor.py:163} INFO - Started process (PID=1919) to work on /home/airflow/.local/lib/python3.7/site-packages/airflow/example_dags/example_task_group_decorator.py
[2022-12-01 21:38:55,303] {processor.py:642} INFO - Processing file /home/airflow/.local/lib/python3.7/site-packages/airflow/example_dags/example_task_group_decorator.py for tasks to queue
[2022-12-01 21:38:55,304] {logging_mixin.py:109} INFO - [2022-12-01 21:38:55,304] {dagbag.py:500} INFO - Filling up the DagBag from /home/airflow/.local/lib/python3.7/site-packages/airflow/example_dags/example_task_group_decorator.py
[2022-12-01 21:38:55,337] {processor.py:654} INFO - DAG(s) dict_keys(['example_task_group_decorator']) retrieved from /home/airflow/.local/lib/python3.7/site-packages/airflow/example_dags/example_task_group_decorator.py
[2022-12-01 21:38:55,488] {logging_mixin.py:109} INFO - [2022-12-01 21:38:55,488] {dag.py:2398} INFO - Sync 1 DAGs
[2022-12-01 21:38:55,498] {logging_mixin.py:109} INFO - [2022-12-01 21:38:55,497] {dag.py:2937} INFO - Setting next_dagrun for example_task_group_decorator to 2022-11-30T21:38:55.497749+00:00
[2022-12-01 21:38:55,512] {processor.py:171} INFO - Processing /home/airflow/.local/lib/python3.7/site-packages/airflow/example_dags/example_task_group_decorator.py took 0.212 seconds
[2022-12-01 21:39:25,706] {processor.py:163} INFO - Started process (PID=1988) to work on /home/airflow/.local/lib/python3.7/site-packages/airflow/example_dags/example_task_group_decorator.py
[2022-12-01 21:39:25,707] {processor.py:642} INFO - Processing file /home/airflow/.local/lib/python3.7/site-packages/airflow/example_dags/example_task_group_decorator.py for tasks to queue
[2022-12-01 21:39:25,707] {logging_mixin.py:109} INFO - [2022-12-01 21:39:25,707] {dagbag.py:500} INFO - Filling up the DagBag from /home/airflow/.local/lib/python3.7/site-packages/airflow/example_dags/example_task_group_decorator.py
[2022-12-01 21:39:25,740] {processor.py:654} INFO - DAG(s) dict_keys(['example_task_group_decorator']) retrieved from /home/airflow/.local/lib/python3.7/site-packages/airflow/example_dags/example_task_group_decorator.py
[2022-12-01 21:39:25,885] {logging_mixin.py:109} INFO - [2022-12-01 21:39:25,885] {dag.py:2398} INFO - Sync 1 DAGs
[2022-12-01 21:39:25,894] {logging_mixin.py:109} INFO - [2022-12-01 21:39:25,894] {dag.py:2937} INFO - Setting next_dagrun for example_task_group_decorator to 2022-11-30T21:39:25.894655+00:00
[2022-12-01 21:39:25,910] {processor.py:171} INFO - Processing /home/airflow/.local/lib/python3.7/site-packages/airflow/example_dags/example_task_group_decorator.py took 0.207 seconds
[2022-12-01 21:39:55,949] {processor.py:163} INFO - Started process (PID=2050) to work on /home/airflow/.local/lib/python3.7/site-packages/airflow/example_dags/example_task_group_decorator.py
[2022-12-01 21:39:55,950] {processor.py:642} INFO - Processing file /home/airflow/.local/lib/python3.7/site-packages/airflow/example_dags/example_task_group_decorator.py for tasks to queue
[2022-12-01 21:39:55,951] {logging_mixin.py:109} INFO - [2022-12-01 21:39:55,951] {dagbag.py:500} INFO - Filling up the DagBag from /home/airflow/.local/lib/python3.7/site-packages/airflow/example_dags/example_task_group_decorator.py
[2022-12-01 21:39:55,990] {processor.py:654} INFO - DAG(s) dict_keys(['example_task_group_decorator']) retrieved from /home/airflow/.local/lib/python3.7/site-packages/airflow/example_dags/example_task_group_decorator.py
[2022-12-01 21:39:56,142] {logging_mixin.py:109} INFO - [2022-12-01 21:39:56,142] {dag.py:2398} INFO - Sync 1 DAGs
[2022-12-01 21:39:56,153] {logging_mixin.py:109} INFO - [2022-12-01 21:39:56,153] {dag.py:2937} INFO - Setting next_dagrun for example_task_group_decorator to 2022-11-30T21:39:56.153677+00:00
[2022-12-01 21:39:56,170] {processor.py:171} INFO - Processing /home/airflow/.local/lib/python3.7/site-packages/airflow/example_dags/example_task_group_decorator.py took 0.223 seconds
[2022-12-01 21:40:26,369] {processor.py:163} INFO - Started process (PID=2121) to work on /home/airflow/.local/lib/python3.7/site-packages/airflow/example_dags/example_task_group_decorator.py
[2022-12-01 21:40:26,370] {processor.py:642} INFO - Processing file /home/airflow/.local/lib/python3.7/site-packages/airflow/example_dags/example_task_group_decorator.py for tasks to queue
[2022-12-01 21:40:26,371] {logging_mixin.py:109} INFO - [2022-12-01 21:40:26,371] {dagbag.py:500} INFO - Filling up the DagBag from /home/airflow/.local/lib/python3.7/site-packages/airflow/example_dags/example_task_group_decorator.py
[2022-12-01 21:40:26,404] {processor.py:654} INFO - DAG(s) dict_keys(['example_task_group_decorator']) retrieved from /home/airflow/.local/lib/python3.7/site-packages/airflow/example_dags/example_task_group_decorator.py
[2022-12-01 21:40:26,555] {logging_mixin.py:109} INFO - [2022-12-01 21:40:26,555] {dag.py:2398} INFO - Sync 1 DAGs
[2022-12-01 21:40:26,565] {logging_mixin.py:109} INFO - [2022-12-01 21:40:26,565] {dag.py:2937} INFO - Setting next_dagrun for example_task_group_decorator to 2022-11-30T21:40:26.565251+00:00
[2022-12-01 21:40:26,579] {processor.py:171} INFO - Processing /home/airflow/.local/lib/python3.7/site-packages/airflow/example_dags/example_task_group_decorator.py took 0.212 seconds
[2022-12-01 21:40:56,752] {processor.py:163} INFO - Started process (PID=2183) to work on /home/airflow/.local/lib/python3.7/site-packages/airflow/example_dags/example_task_group_decorator.py
[2022-12-01 21:40:56,754] {processor.py:642} INFO - Processing file /home/airflow/.local/lib/python3.7/site-packages/airflow/example_dags/example_task_group_decorator.py for tasks to queue
[2022-12-01 21:40:56,754] {logging_mixin.py:109} INFO - [2022-12-01 21:40:56,754] {dagbag.py:500} INFO - Filling up the DagBag from /home/airflow/.local/lib/python3.7/site-packages/airflow/example_dags/example_task_group_decorator.py
[2022-12-01 21:40:56,785] {processor.py:654} INFO - DAG(s) dict_keys(['example_task_group_decorator']) retrieved from /home/airflow/.local/lib/python3.7/site-packages/airflow/example_dags/example_task_group_decorator.py
[2022-12-01 21:40:56,939] {logging_mixin.py:109} INFO - [2022-12-01 21:40:56,939] {dag.py:2398} INFO - Sync 1 DAGs
[2022-12-01 21:40:56,950] {logging_mixin.py:109} INFO - [2022-12-01 21:40:56,950] {dag.py:2937} INFO - Setting next_dagrun for example_task_group_decorator to 2022-11-30T21:40:56.950668+00:00
[2022-12-01 21:40:56,961] {processor.py:171} INFO - Processing /home/airflow/.local/lib/python3.7/site-packages/airflow/example_dags/example_task_group_decorator.py took 0.211 seconds
[2022-12-01 21:41:27,112] {processor.py:163} INFO - Started process (PID=2254) to work on /home/airflow/.local/lib/python3.7/site-packages/airflow/example_dags/example_task_group_decorator.py
[2022-12-01 21:41:27,113] {processor.py:642} INFO - Processing file /home/airflow/.local/lib/python3.7/site-packages/airflow/example_dags/example_task_group_decorator.py for tasks to queue
[2022-12-01 21:41:27,114] {logging_mixin.py:109} INFO - [2022-12-01 21:41:27,114] {dagbag.py:500} INFO - Filling up the DagBag from /home/airflow/.local/lib/python3.7/site-packages/airflow/example_dags/example_task_group_decorator.py
[2022-12-01 21:41:27,147] {processor.py:654} INFO - DAG(s) dict_keys(['example_task_group_decorator']) retrieved from /home/airflow/.local/lib/python3.7/site-packages/airflow/example_dags/example_task_group_decorator.py
[2022-12-01 21:41:27,295] {logging_mixin.py:109} INFO - [2022-12-01 21:41:27,295] {dag.py:2398} INFO - Sync 1 DAGs
[2022-12-01 21:41:27,305] {logging_mixin.py:109} INFO - [2022-12-01 21:41:27,305] {dag.py:2937} INFO - Setting next_dagrun for example_task_group_decorator to 2022-11-30T21:41:27.305321+00:00
[2022-12-01 21:41:27,321] {processor.py:171} INFO - Processing /home/airflow/.local/lib/python3.7/site-packages/airflow/example_dags/example_task_group_decorator.py took 0.211 seconds
[2022-12-01 21:41:57,366] {processor.py:163} INFO - Started process (PID=2317) to work on /home/airflow/.local/lib/python3.7/site-packages/airflow/example_dags/example_task_group_decorator.py
[2022-12-01 21:41:57,368] {processor.py:642} INFO - Processing file /home/airflow/.local/lib/python3.7/site-packages/airflow/example_dags/example_task_group_decorator.py for tasks to queue
[2022-12-01 21:41:57,368] {logging_mixin.py:109} INFO - [2022-12-01 21:41:57,368] {dagbag.py:500} INFO - Filling up the DagBag from /home/airflow/.local/lib/python3.7/site-packages/airflow/example_dags/example_task_group_decorator.py
[2022-12-01 21:41:57,402] {processor.py:654} INFO - DAG(s) dict_keys(['example_task_group_decorator']) retrieved from /home/airflow/.local/lib/python3.7/site-packages/airflow/example_dags/example_task_group_decorator.py
[2022-12-01 21:41:57,564] {logging_mixin.py:109} INFO - [2022-12-01 21:41:57,564] {dag.py:2398} INFO - Sync 1 DAGs
[2022-12-01 21:41:57,577] {logging_mixin.py:109} INFO - [2022-12-01 21:41:57,577] {dag.py:2937} INFO - Setting next_dagrun for example_task_group_decorator to 2022-11-30T21:41:57.577052+00:00
[2022-12-01 21:41:57,592] {processor.py:171} INFO - Processing /home/airflow/.local/lib/python3.7/site-packages/airflow/example_dags/example_task_group_decorator.py took 0.229 seconds
[2022-12-01 21:42:28,529] {processor.py:163} INFO - Started process (PID=2389) to work on /home/airflow/.local/lib/python3.7/site-packages/airflow/example_dags/example_task_group_decorator.py
[2022-12-01 21:42:28,530] {processor.py:642} INFO - Processing file /home/airflow/.local/lib/python3.7/site-packages/airflow/example_dags/example_task_group_decorator.py for tasks to queue
[2022-12-01 21:42:28,531] {logging_mixin.py:109} INFO - [2022-12-01 21:42:28,531] {dagbag.py:500} INFO - Filling up the DagBag from /home/airflow/.local/lib/python3.7/site-packages/airflow/example_dags/example_task_group_decorator.py
[2022-12-01 21:42:28,564] {processor.py:654} INFO - DAG(s) dict_keys(['example_task_group_decorator']) retrieved from /home/airflow/.local/lib/python3.7/site-packages/airflow/example_dags/example_task_group_decorator.py
[2022-12-01 21:42:28,709] {logging_mixin.py:109} INFO - [2022-12-01 21:42:28,708] {dag.py:2398} INFO - Sync 1 DAGs
[2022-12-01 21:42:28,718] {logging_mixin.py:109} INFO - [2022-12-01 21:42:28,718] {dag.py:2937} INFO - Setting next_dagrun for example_task_group_decorator to 2022-11-30T21:42:28.718044+00:00
[2022-12-01 21:42:28,732] {processor.py:171} INFO - Processing /home/airflow/.local/lib/python3.7/site-packages/airflow/example_dags/example_task_group_decorator.py took 0.206 seconds
[2022-12-01 21:42:58,985] {processor.py:163} INFO - Started process (PID=2453) to work on /home/airflow/.local/lib/python3.7/site-packages/airflow/example_dags/example_task_group_decorator.py
[2022-12-01 21:42:58,987] {processor.py:642} INFO - Processing file /home/airflow/.local/lib/python3.7/site-packages/airflow/example_dags/example_task_group_decorator.py for tasks to queue
[2022-12-01 21:42:58,987] {logging_mixin.py:109} INFO - [2022-12-01 21:42:58,987] {dagbag.py:500} INFO - Filling up the DagBag from /home/airflow/.local/lib/python3.7/site-packages/airflow/example_dags/example_task_group_decorator.py
[2022-12-01 21:42:59,021] {processor.py:654} INFO - DAG(s) dict_keys(['example_task_group_decorator']) retrieved from /home/airflow/.local/lib/python3.7/site-packages/airflow/example_dags/example_task_group_decorator.py
[2022-12-01 21:42:59,163] {logging_mixin.py:109} INFO - [2022-12-01 21:42:59,163] {dag.py:2398} INFO - Sync 1 DAGs
[2022-12-01 21:42:59,173] {logging_mixin.py:109} INFO - [2022-12-01 21:42:59,173] {dag.py:2937} INFO - Setting next_dagrun for example_task_group_decorator to 2022-11-30T21:42:59.173098+00:00
[2022-12-01 21:42:59,189] {processor.py:171} INFO - Processing /home/airflow/.local/lib/python3.7/site-packages/airflow/example_dags/example_task_group_decorator.py took 0.207 seconds
[2022-12-01 21:43:29,409] {processor.py:163} INFO - Started process (PID=2525) to work on /home/airflow/.local/lib/python3.7/site-packages/airflow/example_dags/example_task_group_decorator.py
[2022-12-01 21:43:29,410] {processor.py:642} INFO - Processing file /home/airflow/.local/lib/python3.7/site-packages/airflow/example_dags/example_task_group_decorator.py for tasks to queue
[2022-12-01 21:43:29,410] {logging_mixin.py:109} INFO - [2022-12-01 21:43:29,410] {dagbag.py:500} INFO - Filling up the DagBag from /home/airflow/.local/lib/python3.7/site-packages/airflow/example_dags/example_task_group_decorator.py
[2022-12-01 21:43:29,443] {processor.py:654} INFO - DAG(s) dict_keys(['example_task_group_decorator']) retrieved from /home/airflow/.local/lib/python3.7/site-packages/airflow/example_dags/example_task_group_decorator.py
[2022-12-01 21:43:29,585] {logging_mixin.py:109} INFO - [2022-12-01 21:43:29,585] {dag.py:2398} INFO - Sync 1 DAGs
[2022-12-01 21:43:29,595] {logging_mixin.py:109} INFO - [2022-12-01 21:43:29,595] {dag.py:2937} INFO - Setting next_dagrun for example_task_group_decorator to 2022-11-30T21:43:29.595725+00:00
[2022-12-01 21:43:29,610] {processor.py:171} INFO - Processing /home/airflow/.local/lib/python3.7/site-packages/airflow/example_dags/example_task_group_decorator.py took 0.204 seconds
[2022-12-01 21:43:59,640] {processor.py:163} INFO - Started process (PID=2589) to work on /home/airflow/.local/lib/python3.7/site-packages/airflow/example_dags/example_task_group_decorator.py
[2022-12-01 21:43:59,641] {processor.py:642} INFO - Processing file /home/airflow/.local/lib/python3.7/site-packages/airflow/example_dags/example_task_group_decorator.py for tasks to queue
[2022-12-01 21:43:59,641] {logging_mixin.py:109} INFO - [2022-12-01 21:43:59,641] {dagbag.py:500} INFO - Filling up the DagBag from /home/airflow/.local/lib/python3.7/site-packages/airflow/example_dags/example_task_group_decorator.py
[2022-12-01 21:43:59,673] {processor.py:654} INFO - DAG(s) dict_keys(['example_task_group_decorator']) retrieved from /home/airflow/.local/lib/python3.7/site-packages/airflow/example_dags/example_task_group_decorator.py
[2022-12-01 21:43:59,815] {logging_mixin.py:109} INFO - [2022-12-01 21:43:59,814] {dag.py:2398} INFO - Sync 1 DAGs
[2022-12-01 21:43:59,829] {logging_mixin.py:109} INFO - [2022-12-01 21:43:59,829] {dag.py:2937} INFO - Setting next_dagrun for example_task_group_decorator to 2022-11-30T21:43:59.829558+00:00
[2022-12-01 21:43:59,844] {processor.py:171} INFO - Processing /home/airflow/.local/lib/python3.7/site-packages/airflow/example_dags/example_task_group_decorator.py took 0.206 seconds
