[2022-12-01 21:24:41,849] {processor.py:163} INFO - Started process (PID=68) to work on /home/airflow/.local/lib/python3.7/site-packages/airflow/example_dags/example_xcom.py
[2022-12-01 21:24:41,850] {processor.py:642} INFO - Processing file /home/airflow/.local/lib/python3.7/site-packages/airflow/example_dags/example_xcom.py for tasks to queue
[2022-12-01 21:24:41,850] {logging_mixin.py:109} INFO - [2022-12-01 21:24:41,850] {dagbag.py:500} INFO - Filling up the DagBag from /home/airflow/.local/lib/python3.7/site-packages/airflow/example_dags/example_xcom.py
[2022-12-01 21:24:41,881] {processor.py:654} INFO - DAG(s) dict_keys(['example_xcom']) retrieved from /home/airflow/.local/lib/python3.7/site-packages/airflow/example_dags/example_xcom.py
[2022-12-01 21:24:42,077] {logging_mixin.py:109} INFO - [2022-12-01 21:24:42,077] {dag.py:2398} INFO - Sync 1 DAGs
[2022-12-01 21:24:42,094] {logging_mixin.py:109} INFO - [2022-12-01 21:24:42,094] {dag.py:2937} INFO - Setting next_dagrun for example_xcom to 2021-01-01T00:00:00+00:00
[2022-12-01 21:24:42,120] {processor.py:171} INFO - Processing /home/airflow/.local/lib/python3.7/site-packages/airflow/example_dags/example_xcom.py took 0.274 seconds
[2022-12-01 21:25:12,643] {processor.py:163} INFO - Started process (PID=139) to work on /home/airflow/.local/lib/python3.7/site-packages/airflow/example_dags/example_xcom.py
[2022-12-01 21:25:12,644] {processor.py:642} INFO - Processing file /home/airflow/.local/lib/python3.7/site-packages/airflow/example_dags/example_xcom.py for tasks to queue
[2022-12-01 21:25:12,645] {logging_mixin.py:109} INFO - [2022-12-01 21:25:12,645] {dagbag.py:500} INFO - Filling up the DagBag from /home/airflow/.local/lib/python3.7/site-packages/airflow/example_dags/example_xcom.py
[2022-12-01 21:25:12,671] {processor.py:654} INFO - DAG(s) dict_keys(['example_xcom']) retrieved from /home/airflow/.local/lib/python3.7/site-packages/airflow/example_dags/example_xcom.py
[2022-12-01 21:25:12,816] {logging_mixin.py:109} INFO - [2022-12-01 21:25:12,816] {dag.py:2398} INFO - Sync 1 DAGs
[2022-12-01 21:25:12,826] {logging_mixin.py:109} INFO - [2022-12-01 21:25:12,826] {dag.py:2937} INFO - Setting next_dagrun for example_xcom to 2021-01-01T00:00:00+00:00
[2022-12-01 21:25:12,840] {processor.py:171} INFO - Processing /home/airflow/.local/lib/python3.7/site-packages/airflow/example_dags/example_xcom.py took 0.199 seconds
[2022-12-01 21:25:43,734] {processor.py:163} INFO - Started process (PID=201) to work on /home/airflow/.local/lib/python3.7/site-packages/airflow/example_dags/example_xcom.py
[2022-12-01 21:25:43,734] {processor.py:642} INFO - Processing file /home/airflow/.local/lib/python3.7/site-packages/airflow/example_dags/example_xcom.py for tasks to queue
[2022-12-01 21:25:43,735] {logging_mixin.py:109} INFO - [2022-12-01 21:25:43,735] {dagbag.py:500} INFO - Filling up the DagBag from /home/airflow/.local/lib/python3.7/site-packages/airflow/example_dags/example_xcom.py
[2022-12-01 21:25:43,759] {processor.py:654} INFO - DAG(s) dict_keys(['example_xcom']) retrieved from /home/airflow/.local/lib/python3.7/site-packages/airflow/example_dags/example_xcom.py
[2022-12-01 21:25:43,903] {logging_mixin.py:109} INFO - [2022-12-01 21:25:43,903] {dag.py:2398} INFO - Sync 1 DAGs
[2022-12-01 21:25:43,913] {logging_mixin.py:109} INFO - [2022-12-01 21:25:43,913] {dag.py:2937} INFO - Setting next_dagrun for example_xcom to 2021-01-01T00:00:00+00:00
[2022-12-01 21:25:43,922] {processor.py:171} INFO - Processing /home/airflow/.local/lib/python3.7/site-packages/airflow/example_dags/example_xcom.py took 0.191 seconds
[2022-12-01 21:26:14,924] {processor.py:163} INFO - Started process (PID=274) to work on /home/airflow/.local/lib/python3.7/site-packages/airflow/example_dags/example_xcom.py
[2022-12-01 21:26:14,925] {processor.py:642} INFO - Processing file /home/airflow/.local/lib/python3.7/site-packages/airflow/example_dags/example_xcom.py for tasks to queue
[2022-12-01 21:26:14,925] {logging_mixin.py:109} INFO - [2022-12-01 21:26:14,925] {dagbag.py:500} INFO - Filling up the DagBag from /home/airflow/.local/lib/python3.7/site-packages/airflow/example_dags/example_xcom.py
[2022-12-01 21:26:14,949] {processor.py:654} INFO - DAG(s) dict_keys(['example_xcom']) retrieved from /home/airflow/.local/lib/python3.7/site-packages/airflow/example_dags/example_xcom.py
[2022-12-01 21:26:15,105] {logging_mixin.py:109} INFO - [2022-12-01 21:26:15,104] {dag.py:2398} INFO - Sync 1 DAGs
[2022-12-01 21:26:15,114] {logging_mixin.py:109} INFO - [2022-12-01 21:26:15,114] {dag.py:2937} INFO - Setting next_dagrun for example_xcom to 2021-01-01T00:00:00+00:00
[2022-12-01 21:26:15,129] {processor.py:171} INFO - Processing /home/airflow/.local/lib/python3.7/site-packages/airflow/example_dags/example_xcom.py took 0.207 seconds
[2022-12-01 21:26:46,034] {processor.py:163} INFO - Started process (PID=336) to work on /home/airflow/.local/lib/python3.7/site-packages/airflow/example_dags/example_xcom.py
[2022-12-01 21:26:46,034] {processor.py:642} INFO - Processing file /home/airflow/.local/lib/python3.7/site-packages/airflow/example_dags/example_xcom.py for tasks to queue
[2022-12-01 21:26:46,035] {logging_mixin.py:109} INFO - [2022-12-01 21:26:46,035] {dagbag.py:500} INFO - Filling up the DagBag from /home/airflow/.local/lib/python3.7/site-packages/airflow/example_dags/example_xcom.py
[2022-12-01 21:26:46,060] {processor.py:654} INFO - DAG(s) dict_keys(['example_xcom']) retrieved from /home/airflow/.local/lib/python3.7/site-packages/airflow/example_dags/example_xcom.py
[2022-12-01 21:26:46,203] {logging_mixin.py:109} INFO - [2022-12-01 21:26:46,202] {dag.py:2398} INFO - Sync 1 DAGs
[2022-12-01 21:26:46,213] {logging_mixin.py:109} INFO - [2022-12-01 21:26:46,213] {dag.py:2937} INFO - Setting next_dagrun for example_xcom to 2021-01-01T00:00:00+00:00
[2022-12-01 21:26:46,228] {processor.py:171} INFO - Processing /home/airflow/.local/lib/python3.7/site-packages/airflow/example_dags/example_xcom.py took 0.196 seconds
[2022-12-01 21:27:17,033] {processor.py:163} INFO - Started process (PID=407) to work on /home/airflow/.local/lib/python3.7/site-packages/airflow/example_dags/example_xcom.py
[2022-12-01 21:27:17,034] {processor.py:642} INFO - Processing file /home/airflow/.local/lib/python3.7/site-packages/airflow/example_dags/example_xcom.py for tasks to queue
[2022-12-01 21:27:17,034] {logging_mixin.py:109} INFO - [2022-12-01 21:27:17,034] {dagbag.py:500} INFO - Filling up the DagBag from /home/airflow/.local/lib/python3.7/site-packages/airflow/example_dags/example_xcom.py
[2022-12-01 21:27:17,059] {processor.py:654} INFO - DAG(s) dict_keys(['example_xcom']) retrieved from /home/airflow/.local/lib/python3.7/site-packages/airflow/example_dags/example_xcom.py
[2022-12-01 21:27:17,206] {logging_mixin.py:109} INFO - [2022-12-01 21:27:17,206] {dag.py:2398} INFO - Sync 1 DAGs
[2022-12-01 21:27:17,215] {logging_mixin.py:109} INFO - [2022-12-01 21:27:17,215] {dag.py:2937} INFO - Setting next_dagrun for example_xcom to 2021-01-01T00:00:00+00:00
[2022-12-01 21:27:17,232] {processor.py:171} INFO - Processing /home/airflow/.local/lib/python3.7/site-packages/airflow/example_dags/example_xcom.py took 0.201 seconds
[2022-12-01 21:27:48,246] {processor.py:163} INFO - Started process (PID=471) to work on /home/airflow/.local/lib/python3.7/site-packages/airflow/example_dags/example_xcom.py
[2022-12-01 21:27:48,247] {processor.py:642} INFO - Processing file /home/airflow/.local/lib/python3.7/site-packages/airflow/example_dags/example_xcom.py for tasks to queue
[2022-12-01 21:27:48,248] {logging_mixin.py:109} INFO - [2022-12-01 21:27:48,248] {dagbag.py:500} INFO - Filling up the DagBag from /home/airflow/.local/lib/python3.7/site-packages/airflow/example_dags/example_xcom.py
[2022-12-01 21:27:48,272] {processor.py:654} INFO - DAG(s) dict_keys(['example_xcom']) retrieved from /home/airflow/.local/lib/python3.7/site-packages/airflow/example_dags/example_xcom.py
[2022-12-01 21:27:48,410] {logging_mixin.py:109} INFO - [2022-12-01 21:27:48,410] {dag.py:2398} INFO - Sync 1 DAGs
[2022-12-01 21:27:48,420] {logging_mixin.py:109} INFO - [2022-12-01 21:27:48,420] {dag.py:2937} INFO - Setting next_dagrun for example_xcom to 2021-01-01T00:00:00+00:00
[2022-12-01 21:27:48,429] {processor.py:171} INFO - Processing /home/airflow/.local/lib/python3.7/site-packages/airflow/example_dags/example_xcom.py took 0.185 seconds
[2022-12-01 21:28:19,291] {processor.py:163} INFO - Started process (PID=542) to work on /home/airflow/.local/lib/python3.7/site-packages/airflow/example_dags/example_xcom.py
[2022-12-01 21:28:19,292] {processor.py:642} INFO - Processing file /home/airflow/.local/lib/python3.7/site-packages/airflow/example_dags/example_xcom.py for tasks to queue
[2022-12-01 21:28:19,292] {logging_mixin.py:109} INFO - [2022-12-01 21:28:19,292] {dagbag.py:500} INFO - Filling up the DagBag from /home/airflow/.local/lib/python3.7/site-packages/airflow/example_dags/example_xcom.py
[2022-12-01 21:28:19,317] {processor.py:654} INFO - DAG(s) dict_keys(['example_xcom']) retrieved from /home/airflow/.local/lib/python3.7/site-packages/airflow/example_dags/example_xcom.py
[2022-12-01 21:28:19,454] {logging_mixin.py:109} INFO - [2022-12-01 21:28:19,454] {dag.py:2398} INFO - Sync 1 DAGs
[2022-12-01 21:28:19,463] {logging_mixin.py:109} INFO - [2022-12-01 21:28:19,463] {dag.py:2937} INFO - Setting next_dagrun for example_xcom to 2021-01-01T00:00:00+00:00
[2022-12-01 21:28:19,477] {processor.py:171} INFO - Processing /home/airflow/.local/lib/python3.7/site-packages/airflow/example_dags/example_xcom.py took 0.188 seconds
[2022-12-01 21:28:49,804] {processor.py:163} INFO - Started process (PID=613) to work on /home/airflow/.local/lib/python3.7/site-packages/airflow/example_dags/example_xcom.py
[2022-12-01 21:28:49,806] {processor.py:642} INFO - Processing file /home/airflow/.local/lib/python3.7/site-packages/airflow/example_dags/example_xcom.py for tasks to queue
[2022-12-01 21:28:49,806] {logging_mixin.py:109} INFO - [2022-12-01 21:28:49,806] {dagbag.py:500} INFO - Filling up the DagBag from /home/airflow/.local/lib/python3.7/site-packages/airflow/example_dags/example_xcom.py
[2022-12-01 21:28:49,842] {processor.py:654} INFO - DAG(s) dict_keys(['example_xcom']) retrieved from /home/airflow/.local/lib/python3.7/site-packages/airflow/example_dags/example_xcom.py
[2022-12-01 21:28:49,996] {logging_mixin.py:109} INFO - [2022-12-01 21:28:49,996] {dag.py:2398} INFO - Sync 1 DAGs
[2022-12-01 21:28:50,007] {logging_mixin.py:109} INFO - [2022-12-01 21:28:50,007] {dag.py:2937} INFO - Setting next_dagrun for example_xcom to 2021-01-01T00:00:00+00:00
[2022-12-01 21:28:50,022] {processor.py:171} INFO - Processing /home/airflow/.local/lib/python3.7/site-packages/airflow/example_dags/example_xcom.py took 0.220 seconds
[2022-12-01 21:29:20,710] {processor.py:163} INFO - Started process (PID=667) to work on /home/airflow/.local/lib/python3.7/site-packages/airflow/example_dags/example_xcom.py
[2022-12-01 21:29:20,710] {processor.py:642} INFO - Processing file /home/airflow/.local/lib/python3.7/site-packages/airflow/example_dags/example_xcom.py for tasks to queue
[2022-12-01 21:29:20,711] {logging_mixin.py:109} INFO - [2022-12-01 21:29:20,711] {dagbag.py:500} INFO - Filling up the DagBag from /home/airflow/.local/lib/python3.7/site-packages/airflow/example_dags/example_xcom.py
[2022-12-01 21:29:20,738] {processor.py:654} INFO - DAG(s) dict_keys(['example_xcom']) retrieved from /home/airflow/.local/lib/python3.7/site-packages/airflow/example_dags/example_xcom.py
[2022-12-01 21:29:20,939] {logging_mixin.py:109} INFO - [2022-12-01 21:29:20,939] {dag.py:2398} INFO - Sync 1 DAGs
[2022-12-01 21:29:20,949] {logging_mixin.py:109} INFO - [2022-12-01 21:29:20,949] {dag.py:2937} INFO - Setting next_dagrun for example_xcom to 2021-01-01T00:00:00+00:00
[2022-12-01 21:29:20,963] {processor.py:171} INFO - Processing /home/airflow/.local/lib/python3.7/site-packages/airflow/example_dags/example_xcom.py took 0.257 seconds
[2022-12-01 21:29:51,908] {processor.py:163} INFO - Started process (PID=738) to work on /home/airflow/.local/lib/python3.7/site-packages/airflow/example_dags/example_xcom.py
[2022-12-01 21:29:51,908] {processor.py:642} INFO - Processing file /home/airflow/.local/lib/python3.7/site-packages/airflow/example_dags/example_xcom.py for tasks to queue
[2022-12-01 21:29:51,909] {logging_mixin.py:109} INFO - [2022-12-01 21:29:51,909] {dagbag.py:500} INFO - Filling up the DagBag from /home/airflow/.local/lib/python3.7/site-packages/airflow/example_dags/example_xcom.py
[2022-12-01 21:29:51,938] {processor.py:654} INFO - DAG(s) dict_keys(['example_xcom']) retrieved from /home/airflow/.local/lib/python3.7/site-packages/airflow/example_dags/example_xcom.py
[2022-12-01 21:29:52,114] {logging_mixin.py:109} INFO - [2022-12-01 21:29:52,114] {dag.py:2398} INFO - Sync 1 DAGs
[2022-12-01 21:29:52,126] {logging_mixin.py:109} INFO - [2022-12-01 21:29:52,126] {dag.py:2937} INFO - Setting next_dagrun for example_xcom to 2021-01-01T00:00:00+00:00
[2022-12-01 21:29:52,142] {processor.py:171} INFO - Processing /home/airflow/.local/lib/python3.7/site-packages/airflow/example_dags/example_xcom.py took 0.236 seconds
[2022-12-01 21:30:23,124] {processor.py:163} INFO - Started process (PID=800) to work on /home/airflow/.local/lib/python3.7/site-packages/airflow/example_dags/example_xcom.py
[2022-12-01 21:30:23,125] {processor.py:642} INFO - Processing file /home/airflow/.local/lib/python3.7/site-packages/airflow/example_dags/example_xcom.py for tasks to queue
[2022-12-01 21:30:23,125] {logging_mixin.py:109} INFO - [2022-12-01 21:30:23,125] {dagbag.py:500} INFO - Filling up the DagBag from /home/airflow/.local/lib/python3.7/site-packages/airflow/example_dags/example_xcom.py
[2022-12-01 21:30:23,155] {processor.py:654} INFO - DAG(s) dict_keys(['example_xcom']) retrieved from /home/airflow/.local/lib/python3.7/site-packages/airflow/example_dags/example_xcom.py
[2022-12-01 21:30:23,350] {logging_mixin.py:109} INFO - [2022-12-01 21:30:23,350] {dag.py:2398} INFO - Sync 1 DAGs
[2022-12-01 21:30:23,362] {logging_mixin.py:109} INFO - [2022-12-01 21:30:23,362] {dag.py:2937} INFO - Setting next_dagrun for example_xcom to 2021-01-01T00:00:00+00:00
[2022-12-01 21:30:23,376] {processor.py:171} INFO - Processing /home/airflow/.local/lib/python3.7/site-packages/airflow/example_dags/example_xcom.py took 0.254 seconds
[2022-12-01 21:30:53,555] {processor.py:163} INFO - Started process (PID=870) to work on /home/airflow/.local/lib/python3.7/site-packages/airflow/example_dags/example_xcom.py
[2022-12-01 21:30:53,560] {processor.py:642} INFO - Processing file /home/airflow/.local/lib/python3.7/site-packages/airflow/example_dags/example_xcom.py for tasks to queue
[2022-12-01 21:30:53,561] {logging_mixin.py:109} INFO - [2022-12-01 21:30:53,561] {dagbag.py:500} INFO - Filling up the DagBag from /home/airflow/.local/lib/python3.7/site-packages/airflow/example_dags/example_xcom.py
[2022-12-01 21:30:53,599] {processor.py:654} INFO - DAG(s) dict_keys(['example_xcom']) retrieved from /home/airflow/.local/lib/python3.7/site-packages/airflow/example_dags/example_xcom.py
[2022-12-01 21:30:53,806] {logging_mixin.py:109} INFO - [2022-12-01 21:30:53,806] {dag.py:2398} INFO - Sync 1 DAGs
[2022-12-01 21:30:53,819] {logging_mixin.py:109} INFO - [2022-12-01 21:30:53,819] {dag.py:2937} INFO - Setting next_dagrun for example_xcom to 2021-01-01T00:00:00+00:00
[2022-12-01 21:30:53,834] {processor.py:171} INFO - Processing /home/airflow/.local/lib/python3.7/site-packages/airflow/example_dags/example_xcom.py took 0.282 seconds
[2022-12-01 21:31:23,953] {processor.py:163} INFO - Started process (PID=933) to work on /home/airflow/.local/lib/python3.7/site-packages/airflow/example_dags/example_xcom.py
[2022-12-01 21:31:23,954] {processor.py:642} INFO - Processing file /home/airflow/.local/lib/python3.7/site-packages/airflow/example_dags/example_xcom.py for tasks to queue
[2022-12-01 21:31:23,955] {logging_mixin.py:109} INFO - [2022-12-01 21:31:23,954] {dagbag.py:500} INFO - Filling up the DagBag from /home/airflow/.local/lib/python3.7/site-packages/airflow/example_dags/example_xcom.py
[2022-12-01 21:31:23,985] {processor.py:654} INFO - DAG(s) dict_keys(['example_xcom']) retrieved from /home/airflow/.local/lib/python3.7/site-packages/airflow/example_dags/example_xcom.py
[2022-12-01 21:31:24,158] {logging_mixin.py:109} INFO - [2022-12-01 21:31:24,158] {dag.py:2398} INFO - Sync 1 DAGs
[2022-12-01 21:31:24,170] {logging_mixin.py:109} INFO - [2022-12-01 21:31:24,170] {dag.py:2937} INFO - Setting next_dagrun for example_xcom to 2021-01-01T00:00:00+00:00
[2022-12-01 21:31:24,179] {processor.py:171} INFO - Processing /home/airflow/.local/lib/python3.7/site-packages/airflow/example_dags/example_xcom.py took 0.228 seconds
[2022-12-01 21:31:54,347] {processor.py:163} INFO - Started process (PID=1004) to work on /home/airflow/.local/lib/python3.7/site-packages/airflow/example_dags/example_xcom.py
[2022-12-01 21:31:54,350] {processor.py:642} INFO - Processing file /home/airflow/.local/lib/python3.7/site-packages/airflow/example_dags/example_xcom.py for tasks to queue
[2022-12-01 21:31:54,351] {logging_mixin.py:109} INFO - [2022-12-01 21:31:54,351] {dagbag.py:500} INFO - Filling up the DagBag from /home/airflow/.local/lib/python3.7/site-packages/airflow/example_dags/example_xcom.py
[2022-12-01 21:31:54,389] {processor.py:654} INFO - DAG(s) dict_keys(['example_xcom']) retrieved from /home/airflow/.local/lib/python3.7/site-packages/airflow/example_dags/example_xcom.py
[2022-12-01 21:31:54,629] {logging_mixin.py:109} INFO - [2022-12-01 21:31:54,629] {dag.py:2398} INFO - Sync 1 DAGs
[2022-12-01 21:31:54,643] {logging_mixin.py:109} INFO - [2022-12-01 21:31:54,643] {dag.py:2937} INFO - Setting next_dagrun for example_xcom to 2021-01-01T00:00:00+00:00
[2022-12-01 21:31:54,652] {processor.py:171} INFO - Processing /home/airflow/.local/lib/python3.7/site-packages/airflow/example_dags/example_xcom.py took 0.308 seconds
[2022-12-01 21:32:24,711] {processor.py:163} INFO - Started process (PID=1066) to work on /home/airflow/.local/lib/python3.7/site-packages/airflow/example_dags/example_xcom.py
[2022-12-01 21:32:24,712] {processor.py:642} INFO - Processing file /home/airflow/.local/lib/python3.7/site-packages/airflow/example_dags/example_xcom.py for tasks to queue
[2022-12-01 21:32:24,712] {logging_mixin.py:109} INFO - [2022-12-01 21:32:24,712] {dagbag.py:500} INFO - Filling up the DagBag from /home/airflow/.local/lib/python3.7/site-packages/airflow/example_dags/example_xcom.py
[2022-12-01 21:32:24,774] {processor.py:654} INFO - DAG(s) dict_keys(['example_xcom']) retrieved from /home/airflow/.local/lib/python3.7/site-packages/airflow/example_dags/example_xcom.py
[2022-12-01 21:32:24,978] {logging_mixin.py:109} INFO - [2022-12-01 21:32:24,978] {dag.py:2398} INFO - Sync 1 DAGs
[2022-12-01 21:32:24,988] {logging_mixin.py:109} INFO - [2022-12-01 21:32:24,988] {dag.py:2937} INFO - Setting next_dagrun for example_xcom to 2021-01-01T00:00:00+00:00
[2022-12-01 21:32:24,997] {processor.py:171} INFO - Processing /home/airflow/.local/lib/python3.7/site-packages/airflow/example_dags/example_xcom.py took 0.288 seconds
[2022-12-01 21:32:55,096] {processor.py:163} INFO - Started process (PID=1140) to work on /home/airflow/.local/lib/python3.7/site-packages/airflow/example_dags/example_xcom.py
[2022-12-01 21:32:55,097] {processor.py:642} INFO - Processing file /home/airflow/.local/lib/python3.7/site-packages/airflow/example_dags/example_xcom.py for tasks to queue
[2022-12-01 21:32:55,097] {logging_mixin.py:109} INFO - [2022-12-01 21:32:55,097] {dagbag.py:500} INFO - Filling up the DagBag from /home/airflow/.local/lib/python3.7/site-packages/airflow/example_dags/example_xcom.py
[2022-12-01 21:32:55,128] {processor.py:654} INFO - DAG(s) dict_keys(['example_xcom']) retrieved from /home/airflow/.local/lib/python3.7/site-packages/airflow/example_dags/example_xcom.py
[2022-12-01 21:32:55,335] {logging_mixin.py:109} INFO - [2022-12-01 21:32:55,335] {dag.py:2398} INFO - Sync 1 DAGs
[2022-12-01 21:32:55,351] {logging_mixin.py:109} INFO - [2022-12-01 21:32:55,351] {dag.py:2937} INFO - Setting next_dagrun for example_xcom to 2021-01-01T00:00:00+00:00
[2022-12-01 21:32:55,368] {processor.py:171} INFO - Processing /home/airflow/.local/lib/python3.7/site-packages/airflow/example_dags/example_xcom.py took 0.274 seconds
[2022-12-01 21:33:25,591] {processor.py:163} INFO - Started process (PID=1204) to work on /home/airflow/.local/lib/python3.7/site-packages/airflow/example_dags/example_xcom.py
[2022-12-01 21:33:25,592] {processor.py:642} INFO - Processing file /home/airflow/.local/lib/python3.7/site-packages/airflow/example_dags/example_xcom.py for tasks to queue
[2022-12-01 21:33:25,592] {logging_mixin.py:109} INFO - [2022-12-01 21:33:25,592] {dagbag.py:500} INFO - Filling up the DagBag from /home/airflow/.local/lib/python3.7/site-packages/airflow/example_dags/example_xcom.py
[2022-12-01 21:33:25,622] {processor.py:654} INFO - DAG(s) dict_keys(['example_xcom']) retrieved from /home/airflow/.local/lib/python3.7/site-packages/airflow/example_dags/example_xcom.py
[2022-12-01 21:33:25,764] {logging_mixin.py:109} INFO - [2022-12-01 21:33:25,764] {dag.py:2398} INFO - Sync 1 DAGs
[2022-12-01 21:33:25,774] {logging_mixin.py:109} INFO - [2022-12-01 21:33:25,773] {dag.py:2937} INFO - Setting next_dagrun for example_xcom to 2021-01-01T00:00:00+00:00
[2022-12-01 21:33:25,788] {processor.py:171} INFO - Processing /home/airflow/.local/lib/python3.7/site-packages/airflow/example_dags/example_xcom.py took 0.198 seconds
[2022-12-01 21:33:55,829] {processor.py:163} INFO - Started process (PID=1272) to work on /home/airflow/.local/lib/python3.7/site-packages/airflow/example_dags/example_xcom.py
[2022-12-01 21:33:55,831] {processor.py:642} INFO - Processing file /home/airflow/.local/lib/python3.7/site-packages/airflow/example_dags/example_xcom.py for tasks to queue
[2022-12-01 21:33:55,831] {logging_mixin.py:109} INFO - [2022-12-01 21:33:55,831] {dagbag.py:500} INFO - Filling up the DagBag from /home/airflow/.local/lib/python3.7/site-packages/airflow/example_dags/example_xcom.py
[2022-12-01 21:33:55,866] {processor.py:654} INFO - DAG(s) dict_keys(['example_xcom']) retrieved from /home/airflow/.local/lib/python3.7/site-packages/airflow/example_dags/example_xcom.py
[2022-12-01 21:33:56,044] {logging_mixin.py:109} INFO - [2022-12-01 21:33:56,044] {dag.py:2398} INFO - Sync 1 DAGs
[2022-12-01 21:33:56,057] {logging_mixin.py:109} INFO - [2022-12-01 21:33:56,057] {dag.py:2937} INFO - Setting next_dagrun for example_xcom to 2021-01-01T00:00:00+00:00
[2022-12-01 21:33:56,073] {processor.py:171} INFO - Processing /home/airflow/.local/lib/python3.7/site-packages/airflow/example_dags/example_xcom.py took 0.247 seconds
[2022-12-01 21:34:26,238] {processor.py:163} INFO - Started process (PID=1334) to work on /home/airflow/.local/lib/python3.7/site-packages/airflow/example_dags/example_xcom.py
[2022-12-01 21:34:26,239] {processor.py:642} INFO - Processing file /home/airflow/.local/lib/python3.7/site-packages/airflow/example_dags/example_xcom.py for tasks to queue
[2022-12-01 21:34:26,239] {logging_mixin.py:109} INFO - [2022-12-01 21:34:26,239] {dagbag.py:500} INFO - Filling up the DagBag from /home/airflow/.local/lib/python3.7/site-packages/airflow/example_dags/example_xcom.py
[2022-12-01 21:34:26,267] {processor.py:654} INFO - DAG(s) dict_keys(['example_xcom']) retrieved from /home/airflow/.local/lib/python3.7/site-packages/airflow/example_dags/example_xcom.py
[2022-12-01 21:34:26,415] {logging_mixin.py:109} INFO - [2022-12-01 21:34:26,415] {dag.py:2398} INFO - Sync 1 DAGs
[2022-12-01 21:34:26,425] {logging_mixin.py:109} INFO - [2022-12-01 21:34:26,425] {dag.py:2937} INFO - Setting next_dagrun for example_xcom to 2021-01-01T00:00:00+00:00
[2022-12-01 21:34:26,438] {processor.py:171} INFO - Processing /home/airflow/.local/lib/python3.7/site-packages/airflow/example_dags/example_xcom.py took 0.202 seconds
[2022-12-01 21:34:56,613] {processor.py:163} INFO - Started process (PID=1405) to work on /home/airflow/.local/lib/python3.7/site-packages/airflow/example_dags/example_xcom.py
[2022-12-01 21:34:56,614] {processor.py:642} INFO - Processing file /home/airflow/.local/lib/python3.7/site-packages/airflow/example_dags/example_xcom.py for tasks to queue
[2022-12-01 21:34:56,615] {logging_mixin.py:109} INFO - [2022-12-01 21:34:56,615] {dagbag.py:500} INFO - Filling up the DagBag from /home/airflow/.local/lib/python3.7/site-packages/airflow/example_dags/example_xcom.py
[2022-12-01 21:34:56,641] {processor.py:654} INFO - DAG(s) dict_keys(['example_xcom']) retrieved from /home/airflow/.local/lib/python3.7/site-packages/airflow/example_dags/example_xcom.py
[2022-12-01 21:34:56,813] {logging_mixin.py:109} INFO - [2022-12-01 21:34:56,813] {dag.py:2398} INFO - Sync 1 DAGs
[2022-12-01 21:34:56,830] {logging_mixin.py:109} INFO - [2022-12-01 21:34:56,830] {dag.py:2937} INFO - Setting next_dagrun for example_xcom to 2021-01-01T00:00:00+00:00
[2022-12-01 21:34:56,852] {processor.py:171} INFO - Processing /home/airflow/.local/lib/python3.7/site-packages/airflow/example_dags/example_xcom.py took 0.241 seconds
[2022-12-01 21:35:26,933] {processor.py:163} INFO - Started process (PID=1467) to work on /home/airflow/.local/lib/python3.7/site-packages/airflow/example_dags/example_xcom.py
[2022-12-01 21:35:26,934] {processor.py:642} INFO - Processing file /home/airflow/.local/lib/python3.7/site-packages/airflow/example_dags/example_xcom.py for tasks to queue
[2022-12-01 21:35:26,934] {logging_mixin.py:109} INFO - [2022-12-01 21:35:26,934] {dagbag.py:500} INFO - Filling up the DagBag from /home/airflow/.local/lib/python3.7/site-packages/airflow/example_dags/example_xcom.py
[2022-12-01 21:35:26,963] {processor.py:654} INFO - DAG(s) dict_keys(['example_xcom']) retrieved from /home/airflow/.local/lib/python3.7/site-packages/airflow/example_dags/example_xcom.py
[2022-12-01 21:35:27,112] {logging_mixin.py:109} INFO - [2022-12-01 21:35:27,112] {dag.py:2398} INFO - Sync 1 DAGs
[2022-12-01 21:35:27,122] {logging_mixin.py:109} INFO - [2022-12-01 21:35:27,121] {dag.py:2937} INFO - Setting next_dagrun for example_xcom to 2021-01-01T00:00:00+00:00
[2022-12-01 21:35:27,135] {processor.py:171} INFO - Processing /home/airflow/.local/lib/python3.7/site-packages/airflow/example_dags/example_xcom.py took 0.205 seconds
[2022-12-01 21:35:57,203] {processor.py:163} INFO - Started process (PID=1539) to work on /home/airflow/.local/lib/python3.7/site-packages/airflow/example_dags/example_xcom.py
[2022-12-01 21:35:57,205] {processor.py:642} INFO - Processing file /home/airflow/.local/lib/python3.7/site-packages/airflow/example_dags/example_xcom.py for tasks to queue
[2022-12-01 21:35:57,205] {logging_mixin.py:109} INFO - [2022-12-01 21:35:57,205] {dagbag.py:500} INFO - Filling up the DagBag from /home/airflow/.local/lib/python3.7/site-packages/airflow/example_dags/example_xcom.py
[2022-12-01 21:35:57,233] {processor.py:654} INFO - DAG(s) dict_keys(['example_xcom']) retrieved from /home/airflow/.local/lib/python3.7/site-packages/airflow/example_dags/example_xcom.py
[2022-12-01 21:35:57,392] {logging_mixin.py:109} INFO - [2022-12-01 21:35:57,392] {dag.py:2398} INFO - Sync 1 DAGs
[2022-12-01 21:35:57,404] {logging_mixin.py:109} INFO - [2022-12-01 21:35:57,404] {dag.py:2937} INFO - Setting next_dagrun for example_xcom to 2021-01-01T00:00:00+00:00
[2022-12-01 21:35:57,419] {processor.py:171} INFO - Processing /home/airflow/.local/lib/python3.7/site-packages/airflow/example_dags/example_xcom.py took 0.218 seconds
[2022-12-01 21:36:27,490] {processor.py:163} INFO - Started process (PID=1601) to work on /home/airflow/.local/lib/python3.7/site-packages/airflow/example_dags/example_xcom.py
[2022-12-01 21:36:27,491] {processor.py:642} INFO - Processing file /home/airflow/.local/lib/python3.7/site-packages/airflow/example_dags/example_xcom.py for tasks to queue
[2022-12-01 21:36:27,491] {logging_mixin.py:109} INFO - [2022-12-01 21:36:27,491] {dagbag.py:500} INFO - Filling up the DagBag from /home/airflow/.local/lib/python3.7/site-packages/airflow/example_dags/example_xcom.py
[2022-12-01 21:36:27,517] {processor.py:654} INFO - DAG(s) dict_keys(['example_xcom']) retrieved from /home/airflow/.local/lib/python3.7/site-packages/airflow/example_dags/example_xcom.py
[2022-12-01 21:36:27,657] {logging_mixin.py:109} INFO - [2022-12-01 21:36:27,657] {dag.py:2398} INFO - Sync 1 DAGs
[2022-12-01 21:36:27,667] {logging_mixin.py:109} INFO - [2022-12-01 21:36:27,667] {dag.py:2937} INFO - Setting next_dagrun for example_xcom to 2021-01-01T00:00:00+00:00
[2022-12-01 21:36:27,677] {processor.py:171} INFO - Processing /home/airflow/.local/lib/python3.7/site-packages/airflow/example_dags/example_xcom.py took 0.188 seconds
[2022-12-01 21:36:57,732] {processor.py:163} INFO - Started process (PID=1672) to work on /home/airflow/.local/lib/python3.7/site-packages/airflow/example_dags/example_xcom.py
[2022-12-01 21:36:57,733] {processor.py:642} INFO - Processing file /home/airflow/.local/lib/python3.7/site-packages/airflow/example_dags/example_xcom.py for tasks to queue
[2022-12-01 21:36:57,734] {logging_mixin.py:109} INFO - [2022-12-01 21:36:57,734] {dagbag.py:500} INFO - Filling up the DagBag from /home/airflow/.local/lib/python3.7/site-packages/airflow/example_dags/example_xcom.py
[2022-12-01 21:36:57,762] {processor.py:654} INFO - DAG(s) dict_keys(['example_xcom']) retrieved from /home/airflow/.local/lib/python3.7/site-packages/airflow/example_dags/example_xcom.py
[2022-12-01 21:36:57,917] {logging_mixin.py:109} INFO - [2022-12-01 21:36:57,917] {dag.py:2398} INFO - Sync 1 DAGs
[2022-12-01 21:36:57,927] {logging_mixin.py:109} INFO - [2022-12-01 21:36:57,927] {dag.py:2937} INFO - Setting next_dagrun for example_xcom to 2021-01-01T00:00:00+00:00
[2022-12-01 21:36:57,942] {processor.py:171} INFO - Processing /home/airflow/.local/lib/python3.7/site-packages/airflow/example_dags/example_xcom.py took 0.212 seconds
[2022-12-01 21:37:28,019] {processor.py:163} INFO - Started process (PID=1736) to work on /home/airflow/.local/lib/python3.7/site-packages/airflow/example_dags/example_xcom.py
[2022-12-01 21:37:28,020] {processor.py:642} INFO - Processing file /home/airflow/.local/lib/python3.7/site-packages/airflow/example_dags/example_xcom.py for tasks to queue
[2022-12-01 21:37:28,020] {logging_mixin.py:109} INFO - [2022-12-01 21:37:28,020] {dagbag.py:500} INFO - Filling up the DagBag from /home/airflow/.local/lib/python3.7/site-packages/airflow/example_dags/example_xcom.py
[2022-12-01 21:37:28,044] {processor.py:654} INFO - DAG(s) dict_keys(['example_xcom']) retrieved from /home/airflow/.local/lib/python3.7/site-packages/airflow/example_dags/example_xcom.py
[2022-12-01 21:37:28,190] {logging_mixin.py:109} INFO - [2022-12-01 21:37:28,190] {dag.py:2398} INFO - Sync 1 DAGs
[2022-12-01 21:37:28,201] {logging_mixin.py:109} INFO - [2022-12-01 21:37:28,201] {dag.py:2937} INFO - Setting next_dagrun for example_xcom to 2021-01-01T00:00:00+00:00
[2022-12-01 21:37:28,218] {processor.py:171} INFO - Processing /home/airflow/.local/lib/python3.7/site-packages/airflow/example_dags/example_xcom.py took 0.201 seconds
[2022-12-01 21:37:58,271] {processor.py:163} INFO - Started process (PID=1803) to work on /home/airflow/.local/lib/python3.7/site-packages/airflow/example_dags/example_xcom.py
[2022-12-01 21:37:58,272] {processor.py:642} INFO - Processing file /home/airflow/.local/lib/python3.7/site-packages/airflow/example_dags/example_xcom.py for tasks to queue
[2022-12-01 21:37:58,273] {logging_mixin.py:109} INFO - [2022-12-01 21:37:58,273] {dagbag.py:500} INFO - Filling up the DagBag from /home/airflow/.local/lib/python3.7/site-packages/airflow/example_dags/example_xcom.py
[2022-12-01 21:37:58,301] {processor.py:654} INFO - DAG(s) dict_keys(['example_xcom']) retrieved from /home/airflow/.local/lib/python3.7/site-packages/airflow/example_dags/example_xcom.py
[2022-12-01 21:37:58,471] {logging_mixin.py:109} INFO - [2022-12-01 21:37:58,471] {dag.py:2398} INFO - Sync 1 DAGs
[2022-12-01 21:37:58,485] {logging_mixin.py:109} INFO - [2022-12-01 21:37:58,485] {dag.py:2937} INFO - Setting next_dagrun for example_xcom to 2021-01-01T00:00:00+00:00
[2022-12-01 21:37:58,498] {processor.py:171} INFO - Processing /home/airflow/.local/lib/python3.7/site-packages/airflow/example_dags/example_xcom.py took 0.229 seconds
[2022-12-01 21:38:28,615] {processor.py:163} INFO - Started process (PID=1867) to work on /home/airflow/.local/lib/python3.7/site-packages/airflow/example_dags/example_xcom.py
[2022-12-01 21:38:28,616] {processor.py:642} INFO - Processing file /home/airflow/.local/lib/python3.7/site-packages/airflow/example_dags/example_xcom.py for tasks to queue
[2022-12-01 21:38:28,616] {logging_mixin.py:109} INFO - [2022-12-01 21:38:28,616] {dagbag.py:500} INFO - Filling up the DagBag from /home/airflow/.local/lib/python3.7/site-packages/airflow/example_dags/example_xcom.py
[2022-12-01 21:38:28,643] {processor.py:654} INFO - DAG(s) dict_keys(['example_xcom']) retrieved from /home/airflow/.local/lib/python3.7/site-packages/airflow/example_dags/example_xcom.py
[2022-12-01 21:38:28,810] {logging_mixin.py:109} INFO - [2022-12-01 21:38:28,810] {dag.py:2398} INFO - Sync 1 DAGs
[2022-12-01 21:38:28,820] {logging_mixin.py:109} INFO - [2022-12-01 21:38:28,820] {dag.py:2937} INFO - Setting next_dagrun for example_xcom to 2021-01-01T00:00:00+00:00
[2022-12-01 21:38:28,834] {processor.py:171} INFO - Processing /home/airflow/.local/lib/python3.7/site-packages/airflow/example_dags/example_xcom.py took 0.222 seconds
[2022-12-01 21:38:58,880] {processor.py:163} INFO - Started process (PID=1936) to work on /home/airflow/.local/lib/python3.7/site-packages/airflow/example_dags/example_xcom.py
[2022-12-01 21:38:58,881] {processor.py:642} INFO - Processing file /home/airflow/.local/lib/python3.7/site-packages/airflow/example_dags/example_xcom.py for tasks to queue
[2022-12-01 21:38:58,881] {logging_mixin.py:109} INFO - [2022-12-01 21:38:58,881] {dagbag.py:500} INFO - Filling up the DagBag from /home/airflow/.local/lib/python3.7/site-packages/airflow/example_dags/example_xcom.py
[2022-12-01 21:38:58,907] {processor.py:654} INFO - DAG(s) dict_keys(['example_xcom']) retrieved from /home/airflow/.local/lib/python3.7/site-packages/airflow/example_dags/example_xcom.py
[2022-12-01 21:38:59,085] {logging_mixin.py:109} INFO - [2022-12-01 21:38:59,085] {dag.py:2398} INFO - Sync 1 DAGs
[2022-12-01 21:38:59,098] {logging_mixin.py:109} INFO - [2022-12-01 21:38:59,098] {dag.py:2937} INFO - Setting next_dagrun for example_xcom to 2021-01-01T00:00:00+00:00
[2022-12-01 21:38:59,123] {processor.py:171} INFO - Processing /home/airflow/.local/lib/python3.7/site-packages/airflow/example_dags/example_xcom.py took 0.246 seconds
[2022-12-01 21:39:29,198] {processor.py:163} INFO - Started process (PID=2000) to work on /home/airflow/.local/lib/python3.7/site-packages/airflow/example_dags/example_xcom.py
[2022-12-01 21:39:29,200] {processor.py:642} INFO - Processing file /home/airflow/.local/lib/python3.7/site-packages/airflow/example_dags/example_xcom.py for tasks to queue
[2022-12-01 21:39:29,200] {logging_mixin.py:109} INFO - [2022-12-01 21:39:29,200] {dagbag.py:500} INFO - Filling up the DagBag from /home/airflow/.local/lib/python3.7/site-packages/airflow/example_dags/example_xcom.py
[2022-12-01 21:39:29,229] {processor.py:654} INFO - DAG(s) dict_keys(['example_xcom']) retrieved from /home/airflow/.local/lib/python3.7/site-packages/airflow/example_dags/example_xcom.py
[2022-12-01 21:39:29,407] {logging_mixin.py:109} INFO - [2022-12-01 21:39:29,407] {dag.py:2398} INFO - Sync 1 DAGs
[2022-12-01 21:39:29,418] {logging_mixin.py:109} INFO - [2022-12-01 21:39:29,418] {dag.py:2937} INFO - Setting next_dagrun for example_xcom to 2021-01-01T00:00:00+00:00
[2022-12-01 21:39:29,434] {processor.py:171} INFO - Processing /home/airflow/.local/lib/python3.7/site-packages/airflow/example_dags/example_xcom.py took 0.239 seconds
[2022-12-01 21:39:59,528] {processor.py:163} INFO - Started process (PID=2071) to work on /home/airflow/.local/lib/python3.7/site-packages/airflow/example_dags/example_xcom.py
[2022-12-01 21:39:59,528] {processor.py:642} INFO - Processing file /home/airflow/.local/lib/python3.7/site-packages/airflow/example_dags/example_xcom.py for tasks to queue
[2022-12-01 21:39:59,529] {logging_mixin.py:109} INFO - [2022-12-01 21:39:59,529] {dagbag.py:500} INFO - Filling up the DagBag from /home/airflow/.local/lib/python3.7/site-packages/airflow/example_dags/example_xcom.py
[2022-12-01 21:39:59,556] {processor.py:654} INFO - DAG(s) dict_keys(['example_xcom']) retrieved from /home/airflow/.local/lib/python3.7/site-packages/airflow/example_dags/example_xcom.py
[2022-12-01 21:39:59,736] {logging_mixin.py:109} INFO - [2022-12-01 21:39:59,736] {dag.py:2398} INFO - Sync 1 DAGs
[2022-12-01 21:39:59,748] {logging_mixin.py:109} INFO - [2022-12-01 21:39:59,748] {dag.py:2937} INFO - Setting next_dagrun for example_xcom to 2021-01-01T00:00:00+00:00
[2022-12-01 21:39:59,763] {processor.py:171} INFO - Processing /home/airflow/.local/lib/python3.7/site-packages/airflow/example_dags/example_xcom.py took 0.238 seconds
[2022-12-01 21:40:29,953] {processor.py:163} INFO - Started process (PID=2133) to work on /home/airflow/.local/lib/python3.7/site-packages/airflow/example_dags/example_xcom.py
[2022-12-01 21:40:29,955] {processor.py:642} INFO - Processing file /home/airflow/.local/lib/python3.7/site-packages/airflow/example_dags/example_xcom.py for tasks to queue
[2022-12-01 21:40:29,955] {logging_mixin.py:109} INFO - [2022-12-01 21:40:29,955] {dagbag.py:500} INFO - Filling up the DagBag from /home/airflow/.local/lib/python3.7/site-packages/airflow/example_dags/example_xcom.py
[2022-12-01 21:40:29,983] {processor.py:654} INFO - DAG(s) dict_keys(['example_xcom']) retrieved from /home/airflow/.local/lib/python3.7/site-packages/airflow/example_dags/example_xcom.py
[2022-12-01 21:40:30,128] {logging_mixin.py:109} INFO - [2022-12-01 21:40:30,128] {dag.py:2398} INFO - Sync 1 DAGs
[2022-12-01 21:40:30,138] {logging_mixin.py:109} INFO - [2022-12-01 21:40:30,138] {dag.py:2937} INFO - Setting next_dagrun for example_xcom to 2021-01-01T00:00:00+00:00
[2022-12-01 21:40:30,152] {processor.py:171} INFO - Processing /home/airflow/.local/lib/python3.7/site-packages/airflow/example_dags/example_xcom.py took 0.202 seconds
[2022-12-01 21:41:00,341] {processor.py:163} INFO - Started process (PID=2204) to work on /home/airflow/.local/lib/python3.7/site-packages/airflow/example_dags/example_xcom.py
[2022-12-01 21:41:00,341] {processor.py:642} INFO - Processing file /home/airflow/.local/lib/python3.7/site-packages/airflow/example_dags/example_xcom.py for tasks to queue
[2022-12-01 21:41:00,342] {logging_mixin.py:109} INFO - [2022-12-01 21:41:00,342] {dagbag.py:500} INFO - Filling up the DagBag from /home/airflow/.local/lib/python3.7/site-packages/airflow/example_dags/example_xcom.py
[2022-12-01 21:41:00,369] {processor.py:654} INFO - DAG(s) dict_keys(['example_xcom']) retrieved from /home/airflow/.local/lib/python3.7/site-packages/airflow/example_dags/example_xcom.py
[2022-12-01 21:41:00,534] {logging_mixin.py:109} INFO - [2022-12-01 21:41:00,533] {dag.py:2398} INFO - Sync 1 DAGs
[2022-12-01 21:41:00,545] {logging_mixin.py:109} INFO - [2022-12-01 21:41:00,545] {dag.py:2937} INFO - Setting next_dagrun for example_xcom to 2021-01-01T00:00:00+00:00
[2022-12-01 21:41:00,561] {processor.py:171} INFO - Processing /home/airflow/.local/lib/python3.7/site-packages/airflow/example_dags/example_xcom.py took 0.222 seconds
[2022-12-01 21:41:30,727] {processor.py:163} INFO - Started process (PID=2266) to work on /home/airflow/.local/lib/python3.7/site-packages/airflow/example_dags/example_xcom.py
[2022-12-01 21:41:30,727] {processor.py:642} INFO - Processing file /home/airflow/.local/lib/python3.7/site-packages/airflow/example_dags/example_xcom.py for tasks to queue
[2022-12-01 21:41:30,728] {logging_mixin.py:109} INFO - [2022-12-01 21:41:30,728] {dagbag.py:500} INFO - Filling up the DagBag from /home/airflow/.local/lib/python3.7/site-packages/airflow/example_dags/example_xcom.py
[2022-12-01 21:41:30,751] {processor.py:654} INFO - DAG(s) dict_keys(['example_xcom']) retrieved from /home/airflow/.local/lib/python3.7/site-packages/airflow/example_dags/example_xcom.py
[2022-12-01 21:41:30,895] {logging_mixin.py:109} INFO - [2022-12-01 21:41:30,895] {dag.py:2398} INFO - Sync 1 DAGs
[2022-12-01 21:41:30,904] {logging_mixin.py:109} INFO - [2022-12-01 21:41:30,904] {dag.py:2937} INFO - Setting next_dagrun for example_xcom to 2021-01-01T00:00:00+00:00
[2022-12-01 21:41:30,918] {processor.py:171} INFO - Processing /home/airflow/.local/lib/python3.7/site-packages/airflow/example_dags/example_xcom.py took 0.193 seconds
[2022-12-01 21:42:00,941] {processor.py:163} INFO - Started process (PID=2338) to work on /home/airflow/.local/lib/python3.7/site-packages/airflow/example_dags/example_xcom.py
[2022-12-01 21:42:00,941] {processor.py:642} INFO - Processing file /home/airflow/.local/lib/python3.7/site-packages/airflow/example_dags/example_xcom.py for tasks to queue
[2022-12-01 21:42:00,942] {logging_mixin.py:109} INFO - [2022-12-01 21:42:00,942] {dagbag.py:500} INFO - Filling up the DagBag from /home/airflow/.local/lib/python3.7/site-packages/airflow/example_dags/example_xcom.py
[2022-12-01 21:42:00,966] {processor.py:654} INFO - DAG(s) dict_keys(['example_xcom']) retrieved from /home/airflow/.local/lib/python3.7/site-packages/airflow/example_dags/example_xcom.py
[2022-12-01 21:42:01,110] {logging_mixin.py:109} INFO - [2022-12-01 21:42:01,110] {dag.py:2398} INFO - Sync 1 DAGs
[2022-12-01 21:42:01,121] {logging_mixin.py:109} INFO - [2022-12-01 21:42:01,121] {dag.py:2937} INFO - Setting next_dagrun for example_xcom to 2021-01-01T00:00:00+00:00
[2022-12-01 21:42:01,130] {processor.py:171} INFO - Processing /home/airflow/.local/lib/python3.7/site-packages/airflow/example_dags/example_xcom.py took 0.191 seconds
[2022-12-01 21:42:31,147] {processor.py:163} INFO - Started process (PID=2402) to work on /home/airflow/.local/lib/python3.7/site-packages/airflow/example_dags/example_xcom.py
[2022-12-01 21:42:31,148] {processor.py:642} INFO - Processing file /home/airflow/.local/lib/python3.7/site-packages/airflow/example_dags/example_xcom.py for tasks to queue
[2022-12-01 21:42:31,148] {logging_mixin.py:109} INFO - [2022-12-01 21:42:31,148] {dagbag.py:500} INFO - Filling up the DagBag from /home/airflow/.local/lib/python3.7/site-packages/airflow/example_dags/example_xcom.py
[2022-12-01 21:42:31,172] {processor.py:654} INFO - DAG(s) dict_keys(['example_xcom']) retrieved from /home/airflow/.local/lib/python3.7/site-packages/airflow/example_dags/example_xcom.py
[2022-12-01 21:42:31,333] {logging_mixin.py:109} INFO - [2022-12-01 21:42:31,333] {dag.py:2398} INFO - Sync 1 DAGs
[2022-12-01 21:42:31,348] {logging_mixin.py:109} INFO - [2022-12-01 21:42:31,348] {dag.py:2937} INFO - Setting next_dagrun for example_xcom to 2021-01-01T00:00:00+00:00
[2022-12-01 21:42:31,367] {processor.py:171} INFO - Processing /home/airflow/.local/lib/python3.7/site-packages/airflow/example_dags/example_xcom.py took 0.222 seconds
[2022-12-01 21:43:01,495] {processor.py:163} INFO - Started process (PID=2473) to work on /home/airflow/.local/lib/python3.7/site-packages/airflow/example_dags/example_xcom.py
[2022-12-01 21:43:01,495] {processor.py:642} INFO - Processing file /home/airflow/.local/lib/python3.7/site-packages/airflow/example_dags/example_xcom.py for tasks to queue
[2022-12-01 21:43:01,496] {logging_mixin.py:109} INFO - [2022-12-01 21:43:01,496] {dagbag.py:500} INFO - Filling up the DagBag from /home/airflow/.local/lib/python3.7/site-packages/airflow/example_dags/example_xcom.py
[2022-12-01 21:43:01,525] {processor.py:654} INFO - DAG(s) dict_keys(['example_xcom']) retrieved from /home/airflow/.local/lib/python3.7/site-packages/airflow/example_dags/example_xcom.py
[2022-12-01 21:43:01,714] {logging_mixin.py:109} INFO - [2022-12-01 21:43:01,713] {dag.py:2398} INFO - Sync 1 DAGs
[2022-12-01 21:43:01,727] {logging_mixin.py:109} INFO - [2022-12-01 21:43:01,727] {dag.py:2937} INFO - Setting next_dagrun for example_xcom to 2021-01-01T00:00:00+00:00
[2022-12-01 21:43:01,742] {processor.py:171} INFO - Processing /home/airflow/.local/lib/python3.7/site-packages/airflow/example_dags/example_xcom.py took 0.250 seconds
[2022-12-01 21:43:31,925] {processor.py:163} INFO - Started process (PID=2536) to work on /home/airflow/.local/lib/python3.7/site-packages/airflow/example_dags/example_xcom.py
[2022-12-01 21:43:31,927] {processor.py:642} INFO - Processing file /home/airflow/.local/lib/python3.7/site-packages/airflow/example_dags/example_xcom.py for tasks to queue
[2022-12-01 21:43:31,927] {logging_mixin.py:109} INFO - [2022-12-01 21:43:31,927] {dagbag.py:500} INFO - Filling up the DagBag from /home/airflow/.local/lib/python3.7/site-packages/airflow/example_dags/example_xcom.py
[2022-12-01 21:43:31,957] {processor.py:654} INFO - DAG(s) dict_keys(['example_xcom']) retrieved from /home/airflow/.local/lib/python3.7/site-packages/airflow/example_dags/example_xcom.py
[2022-12-01 21:43:32,108] {logging_mixin.py:109} INFO - [2022-12-01 21:43:32,108] {dag.py:2398} INFO - Sync 1 DAGs
[2022-12-01 21:43:32,117] {logging_mixin.py:109} INFO - [2022-12-01 21:43:32,117] {dag.py:2937} INFO - Setting next_dagrun for example_xcom to 2021-01-01T00:00:00+00:00
[2022-12-01 21:43:32,131] {processor.py:171} INFO - Processing /home/airflow/.local/lib/python3.7/site-packages/airflow/example_dags/example_xcom.py took 0.209 seconds
[2022-12-01 21:44:02,307] {processor.py:163} INFO - Started process (PID=2606) to work on /home/airflow/.local/lib/python3.7/site-packages/airflow/example_dags/example_xcom.py
[2022-12-01 21:44:02,309] {processor.py:642} INFO - Processing file /home/airflow/.local/lib/python3.7/site-packages/airflow/example_dags/example_xcom.py for tasks to queue
[2022-12-01 21:44:02,310] {logging_mixin.py:109} INFO - [2022-12-01 21:44:02,310] {dagbag.py:500} INFO - Filling up the DagBag from /home/airflow/.local/lib/python3.7/site-packages/airflow/example_dags/example_xcom.py
[2022-12-01 21:44:02,345] {processor.py:654} INFO - DAG(s) dict_keys(['example_xcom']) retrieved from /home/airflow/.local/lib/python3.7/site-packages/airflow/example_dags/example_xcom.py
[2022-12-01 21:44:02,599] {logging_mixin.py:109} INFO - [2022-12-01 21:44:02,599] {dag.py:2398} INFO - Sync 1 DAGs
[2022-12-01 21:44:02,617] {logging_mixin.py:109} INFO - [2022-12-01 21:44:02,617] {dag.py:2937} INFO - Setting next_dagrun for example_xcom to 2021-01-01T00:00:00+00:00
[2022-12-01 21:44:02,630] {processor.py:171} INFO - Processing /home/airflow/.local/lib/python3.7/site-packages/airflow/example_dags/example_xcom.py took 0.325 seconds
