[2022-12-01 21:24:42,864] {processor.py:163} INFO - Started process (PID=82) to work on /home/airflow/.local/lib/python3.7/site-packages/airflow/example_dags/example_task_group.py
[2022-12-01 21:24:42,864] {processor.py:642} INFO - Processing file /home/airflow/.local/lib/python3.7/site-packages/airflow/example_dags/example_task_group.py for tasks to queue
[2022-12-01 21:24:42,865] {logging_mixin.py:109} INFO - [2022-12-01 21:24:42,865] {dagbag.py:500} INFO - Filling up the DagBag from /home/airflow/.local/lib/python3.7/site-packages/airflow/example_dags/example_task_group.py
[2022-12-01 21:24:42,888] {processor.py:654} INFO - DAG(s) dict_keys(['example_task_group']) retrieved from /home/airflow/.local/lib/python3.7/site-packages/airflow/example_dags/example_task_group.py
[2022-12-01 21:24:42,896] {logging_mixin.py:109} INFO - [2022-12-01 21:24:42,896] {dag.py:2398} INFO - Sync 1 DAGs
[2022-12-01 21:24:42,907] {logging_mixin.py:109} INFO - [2022-12-01 21:24:42,907] {dag.py:2937} INFO - Setting next_dagrun for example_task_group to 2022-11-30T21:24:42.907374+00:00
[2022-12-01 21:24:42,931] {processor.py:171} INFO - Processing /home/airflow/.local/lib/python3.7/site-packages/airflow/example_dags/example_task_group.py took 0.070 seconds
[2022-12-01 21:25:13,412] {processor.py:163} INFO - Started process (PID=153) to work on /home/airflow/.local/lib/python3.7/site-packages/airflow/example_dags/example_task_group.py
[2022-12-01 21:25:13,413] {processor.py:642} INFO - Processing file /home/airflow/.local/lib/python3.7/site-packages/airflow/example_dags/example_task_group.py for tasks to queue
[2022-12-01 21:25:13,413] {logging_mixin.py:109} INFO - [2022-12-01 21:25:13,413] {dagbag.py:500} INFO - Filling up the DagBag from /home/airflow/.local/lib/python3.7/site-packages/airflow/example_dags/example_task_group.py
[2022-12-01 21:25:13,438] {processor.py:654} INFO - DAG(s) dict_keys(['example_task_group']) retrieved from /home/airflow/.local/lib/python3.7/site-packages/airflow/example_dags/example_task_group.py
[2022-12-01 21:25:13,450] {logging_mixin.py:109} INFO - [2022-12-01 21:25:13,450] {dag.py:2398} INFO - Sync 1 DAGs
[2022-12-01 21:25:13,467] {logging_mixin.py:109} INFO - [2022-12-01 21:25:13,467] {dag.py:2937} INFO - Setting next_dagrun for example_task_group to 2022-11-30T21:25:13.467351+00:00
[2022-12-01 21:25:13,484] {processor.py:171} INFO - Processing /home/airflow/.local/lib/python3.7/site-packages/airflow/example_dags/example_task_group.py took 0.075 seconds
[2022-12-01 21:25:44,388] {processor.py:163} INFO - Started process (PID=215) to work on /home/airflow/.local/lib/python3.7/site-packages/airflow/example_dags/example_task_group.py
[2022-12-01 21:25:44,389] {processor.py:642} INFO - Processing file /home/airflow/.local/lib/python3.7/site-packages/airflow/example_dags/example_task_group.py for tasks to queue
[2022-12-01 21:25:44,389] {logging_mixin.py:109} INFO - [2022-12-01 21:25:44,389] {dagbag.py:500} INFO - Filling up the DagBag from /home/airflow/.local/lib/python3.7/site-packages/airflow/example_dags/example_task_group.py
[2022-12-01 21:25:44,411] {processor.py:654} INFO - DAG(s) dict_keys(['example_task_group']) retrieved from /home/airflow/.local/lib/python3.7/site-packages/airflow/example_dags/example_task_group.py
[2022-12-01 21:25:44,418] {logging_mixin.py:109} INFO - [2022-12-01 21:25:44,418] {dag.py:2398} INFO - Sync 1 DAGs
[2022-12-01 21:25:44,429] {logging_mixin.py:109} INFO - [2022-12-01 21:25:44,428] {dag.py:2937} INFO - Setting next_dagrun for example_task_group to 2022-11-30T21:25:44.428809+00:00
[2022-12-01 21:25:44,442] {processor.py:171} INFO - Processing /home/airflow/.local/lib/python3.7/site-packages/airflow/example_dags/example_task_group.py took 0.056 seconds
[2022-12-01 21:26:15,651] {processor.py:163} INFO - Started process (PID=286) to work on /home/airflow/.local/lib/python3.7/site-packages/airflow/example_dags/example_task_group.py
[2022-12-01 21:26:15,652] {processor.py:642} INFO - Processing file /home/airflow/.local/lib/python3.7/site-packages/airflow/example_dags/example_task_group.py for tasks to queue
[2022-12-01 21:26:15,653] {logging_mixin.py:109} INFO - [2022-12-01 21:26:15,653] {dagbag.py:500} INFO - Filling up the DagBag from /home/airflow/.local/lib/python3.7/site-packages/airflow/example_dags/example_task_group.py
[2022-12-01 21:26:15,676] {processor.py:654} INFO - DAG(s) dict_keys(['example_task_group']) retrieved from /home/airflow/.local/lib/python3.7/site-packages/airflow/example_dags/example_task_group.py
[2022-12-01 21:26:15,684] {logging_mixin.py:109} INFO - [2022-12-01 21:26:15,683] {dag.py:2398} INFO - Sync 1 DAGs
[2022-12-01 21:26:15,695] {logging_mixin.py:109} INFO - [2022-12-01 21:26:15,695] {dag.py:2937} INFO - Setting next_dagrun for example_task_group to 2022-11-30T21:26:15.695351+00:00
[2022-12-01 21:26:15,715] {processor.py:171} INFO - Processing /home/airflow/.local/lib/python3.7/site-packages/airflow/example_dags/example_task_group.py took 0.066 seconds
[2022-12-01 21:26:46,637] {processor.py:163} INFO - Started process (PID=348) to work on /home/airflow/.local/lib/python3.7/site-packages/airflow/example_dags/example_task_group.py
[2022-12-01 21:26:46,638] {processor.py:642} INFO - Processing file /home/airflow/.local/lib/python3.7/site-packages/airflow/example_dags/example_task_group.py for tasks to queue
[2022-12-01 21:26:46,638] {logging_mixin.py:109} INFO - [2022-12-01 21:26:46,638] {dagbag.py:500} INFO - Filling up the DagBag from /home/airflow/.local/lib/python3.7/site-packages/airflow/example_dags/example_task_group.py
[2022-12-01 21:26:46,662] {processor.py:654} INFO - DAG(s) dict_keys(['example_task_group']) retrieved from /home/airflow/.local/lib/python3.7/site-packages/airflow/example_dags/example_task_group.py
[2022-12-01 21:26:46,670] {logging_mixin.py:109} INFO - [2022-12-01 21:26:46,670] {dag.py:2398} INFO - Sync 1 DAGs
[2022-12-01 21:26:46,681] {logging_mixin.py:109} INFO - [2022-12-01 21:26:46,681] {dag.py:2937} INFO - Setting next_dagrun for example_task_group to 2022-11-30T21:26:46.681310+00:00
[2022-12-01 21:26:46,696] {processor.py:171} INFO - Processing /home/airflow/.local/lib/python3.7/site-packages/airflow/example_dags/example_task_group.py took 0.062 seconds
[2022-12-01 21:27:17,677] {processor.py:163} INFO - Started process (PID=419) to work on /home/airflow/.local/lib/python3.7/site-packages/airflow/example_dags/example_task_group.py
[2022-12-01 21:27:17,678] {processor.py:642} INFO - Processing file /home/airflow/.local/lib/python3.7/site-packages/airflow/example_dags/example_task_group.py for tasks to queue
[2022-12-01 21:27:17,678] {logging_mixin.py:109} INFO - [2022-12-01 21:27:17,678] {dagbag.py:500} INFO - Filling up the DagBag from /home/airflow/.local/lib/python3.7/site-packages/airflow/example_dags/example_task_group.py
[2022-12-01 21:27:17,701] {processor.py:654} INFO - DAG(s) dict_keys(['example_task_group']) retrieved from /home/airflow/.local/lib/python3.7/site-packages/airflow/example_dags/example_task_group.py
[2022-12-01 21:27:17,708] {logging_mixin.py:109} INFO - [2022-12-01 21:27:17,708] {dag.py:2398} INFO - Sync 1 DAGs
[2022-12-01 21:27:17,719] {logging_mixin.py:109} INFO - [2022-12-01 21:27:17,719] {dag.py:2937} INFO - Setting next_dagrun for example_task_group to 2022-11-30T21:27:17.719182+00:00
[2022-12-01 21:27:17,732] {processor.py:171} INFO - Processing /home/airflow/.local/lib/python3.7/site-packages/airflow/example_dags/example_task_group.py took 0.057 seconds
[2022-12-01 21:27:48,810] {processor.py:163} INFO - Started process (PID=488) to work on /home/airflow/.local/lib/python3.7/site-packages/airflow/example_dags/example_task_group.py
[2022-12-01 21:27:48,811] {processor.py:642} INFO - Processing file /home/airflow/.local/lib/python3.7/site-packages/airflow/example_dags/example_task_group.py for tasks to queue
[2022-12-01 21:27:48,811] {logging_mixin.py:109} INFO - [2022-12-01 21:27:48,811] {dagbag.py:500} INFO - Filling up the DagBag from /home/airflow/.local/lib/python3.7/site-packages/airflow/example_dags/example_task_group.py
[2022-12-01 21:27:48,837] {processor.py:654} INFO - DAG(s) dict_keys(['example_task_group']) retrieved from /home/airflow/.local/lib/python3.7/site-packages/airflow/example_dags/example_task_group.py
[2022-12-01 21:27:48,846] {logging_mixin.py:109} INFO - [2022-12-01 21:27:48,846] {dag.py:2398} INFO - Sync 1 DAGs
[2022-12-01 21:27:48,863] {logging_mixin.py:109} INFO - [2022-12-01 21:27:48,863] {dag.py:2937} INFO - Setting next_dagrun for example_task_group to 2022-11-30T21:27:48.863077+00:00
[2022-12-01 21:27:48,874] {processor.py:171} INFO - Processing /home/airflow/.local/lib/python3.7/site-packages/airflow/example_dags/example_task_group.py took 0.066 seconds
[2022-12-01 21:28:19,957] {processor.py:163} INFO - Started process (PID=552) to work on /home/airflow/.local/lib/python3.7/site-packages/airflow/example_dags/example_task_group.py
[2022-12-01 21:28:19,958] {processor.py:642} INFO - Processing file /home/airflow/.local/lib/python3.7/site-packages/airflow/example_dags/example_task_group.py for tasks to queue
[2022-12-01 21:28:19,959] {logging_mixin.py:109} INFO - [2022-12-01 21:28:19,958] {dagbag.py:500} INFO - Filling up the DagBag from /home/airflow/.local/lib/python3.7/site-packages/airflow/example_dags/example_task_group.py
[2022-12-01 21:28:19,982] {processor.py:654} INFO - DAG(s) dict_keys(['example_task_group']) retrieved from /home/airflow/.local/lib/python3.7/site-packages/airflow/example_dags/example_task_group.py
[2022-12-01 21:28:19,990] {logging_mixin.py:109} INFO - [2022-12-01 21:28:19,990] {dag.py:2398} INFO - Sync 1 DAGs
[2022-12-01 21:28:20,002] {logging_mixin.py:109} INFO - [2022-12-01 21:28:20,002] {dag.py:2937} INFO - Setting next_dagrun for example_task_group to 2022-11-30T21:28:20.002671+00:00
[2022-12-01 21:28:20,018] {processor.py:171} INFO - Processing /home/airflow/.local/lib/python3.7/site-packages/airflow/example_dags/example_task_group.py took 0.063 seconds
[2022-12-01 21:28:50,461] {processor.py:163} INFO - Started process (PID=625) to work on /home/airflow/.local/lib/python3.7/site-packages/airflow/example_dags/example_task_group.py
[2022-12-01 21:28:50,461] {processor.py:642} INFO - Processing file /home/airflow/.local/lib/python3.7/site-packages/airflow/example_dags/example_task_group.py for tasks to queue
[2022-12-01 21:28:50,462] {logging_mixin.py:109} INFO - [2022-12-01 21:28:50,462] {dagbag.py:500} INFO - Filling up the DagBag from /home/airflow/.local/lib/python3.7/site-packages/airflow/example_dags/example_task_group.py
[2022-12-01 21:28:50,489] {processor.py:654} INFO - DAG(s) dict_keys(['example_task_group']) retrieved from /home/airflow/.local/lib/python3.7/site-packages/airflow/example_dags/example_task_group.py
[2022-12-01 21:28:50,501] {logging_mixin.py:109} INFO - [2022-12-01 21:28:50,501] {dag.py:2398} INFO - Sync 1 DAGs
[2022-12-01 21:28:50,517] {logging_mixin.py:109} INFO - [2022-12-01 21:28:50,517] {dag.py:2937} INFO - Setting next_dagrun for example_task_group to 2022-11-30T21:28:50.517559+00:00
[2022-12-01 21:28:50,540] {processor.py:171} INFO - Processing /home/airflow/.local/lib/python3.7/site-packages/airflow/example_dags/example_task_group.py took 0.082 seconds
[2022-12-01 21:29:21,686] {processor.py:163} INFO - Started process (PID=688) to work on /home/airflow/.local/lib/python3.7/site-packages/airflow/example_dags/example_task_group.py
[2022-12-01 21:29:21,687] {processor.py:642} INFO - Processing file /home/airflow/.local/lib/python3.7/site-packages/airflow/example_dags/example_task_group.py for tasks to queue
[2022-12-01 21:29:21,687] {logging_mixin.py:109} INFO - [2022-12-01 21:29:21,687] {dagbag.py:500} INFO - Filling up the DagBag from /home/airflow/.local/lib/python3.7/site-packages/airflow/example_dags/example_task_group.py
[2022-12-01 21:29:21,708] {processor.py:654} INFO - DAG(s) dict_keys(['example_task_group']) retrieved from /home/airflow/.local/lib/python3.7/site-packages/airflow/example_dags/example_task_group.py
[2022-12-01 21:29:21,714] {logging_mixin.py:109} INFO - [2022-12-01 21:29:21,714] {dag.py:2398} INFO - Sync 1 DAGs
[2022-12-01 21:29:21,724] {logging_mixin.py:109} INFO - [2022-12-01 21:29:21,724] {dag.py:2937} INFO - Setting next_dagrun for example_task_group to 2022-11-30T21:29:21.724297+00:00
[2022-12-01 21:29:21,732] {processor.py:171} INFO - Processing /home/airflow/.local/lib/python3.7/site-packages/airflow/example_dags/example_task_group.py took 0.048 seconds
[2022-12-01 21:29:53,064] {processor.py:163} INFO - Started process (PID=759) to work on /home/airflow/.local/lib/python3.7/site-packages/airflow/example_dags/example_task_group.py
[2022-12-01 21:29:53,065] {processor.py:642} INFO - Processing file /home/airflow/.local/lib/python3.7/site-packages/airflow/example_dags/example_task_group.py for tasks to queue
[2022-12-01 21:29:53,065] {logging_mixin.py:109} INFO - [2022-12-01 21:29:53,065] {dagbag.py:500} INFO - Filling up the DagBag from /home/airflow/.local/lib/python3.7/site-packages/airflow/example_dags/example_task_group.py
[2022-12-01 21:29:53,091] {processor.py:654} INFO - DAG(s) dict_keys(['example_task_group']) retrieved from /home/airflow/.local/lib/python3.7/site-packages/airflow/example_dags/example_task_group.py
[2022-12-01 21:29:53,100] {logging_mixin.py:109} INFO - [2022-12-01 21:29:53,100] {dag.py:2398} INFO - Sync 1 DAGs
[2022-12-01 21:29:53,122] {logging_mixin.py:109} INFO - [2022-12-01 21:29:53,121] {dag.py:2937} INFO - Setting next_dagrun for example_task_group to 2022-11-30T21:29:53.121787+00:00
[2022-12-01 21:29:53,137] {processor.py:171} INFO - Processing /home/airflow/.local/lib/python3.7/site-packages/airflow/example_dags/example_task_group.py took 0.075 seconds
[2022-12-01 21:30:24,234] {processor.py:163} INFO - Started process (PID=821) to work on /home/airflow/.local/lib/python3.7/site-packages/airflow/example_dags/example_task_group.py
[2022-12-01 21:30:24,235] {processor.py:642} INFO - Processing file /home/airflow/.local/lib/python3.7/site-packages/airflow/example_dags/example_task_group.py for tasks to queue
[2022-12-01 21:30:24,235] {logging_mixin.py:109} INFO - [2022-12-01 21:30:24,235] {dagbag.py:500} INFO - Filling up the DagBag from /home/airflow/.local/lib/python3.7/site-packages/airflow/example_dags/example_task_group.py
[2022-12-01 21:30:24,260] {processor.py:654} INFO - DAG(s) dict_keys(['example_task_group']) retrieved from /home/airflow/.local/lib/python3.7/site-packages/airflow/example_dags/example_task_group.py
[2022-12-01 21:30:24,271] {logging_mixin.py:109} INFO - [2022-12-01 21:30:24,271] {dag.py:2398} INFO - Sync 1 DAGs
[2022-12-01 21:30:24,286] {logging_mixin.py:109} INFO - [2022-12-01 21:30:24,286] {dag.py:2937} INFO - Setting next_dagrun for example_task_group to 2022-11-30T21:30:24.286481+00:00
[2022-12-01 21:30:24,301] {processor.py:171} INFO - Processing /home/airflow/.local/lib/python3.7/site-packages/airflow/example_dags/example_task_group.py took 0.069 seconds
[2022-12-01 21:30:54,918] {processor.py:163} INFO - Started process (PID=892) to work on /home/airflow/.local/lib/python3.7/site-packages/airflow/example_dags/example_task_group.py
[2022-12-01 21:30:54,918] {processor.py:642} INFO - Processing file /home/airflow/.local/lib/python3.7/site-packages/airflow/example_dags/example_task_group.py for tasks to queue
[2022-12-01 21:30:54,919] {logging_mixin.py:109} INFO - [2022-12-01 21:30:54,919] {dagbag.py:500} INFO - Filling up the DagBag from /home/airflow/.local/lib/python3.7/site-packages/airflow/example_dags/example_task_group.py
[2022-12-01 21:30:54,944] {processor.py:654} INFO - DAG(s) dict_keys(['example_task_group']) retrieved from /home/airflow/.local/lib/python3.7/site-packages/airflow/example_dags/example_task_group.py
[2022-12-01 21:30:54,951] {logging_mixin.py:109} INFO - [2022-12-01 21:30:54,951] {dag.py:2398} INFO - Sync 1 DAGs
[2022-12-01 21:30:54,965] {logging_mixin.py:109} INFO - [2022-12-01 21:30:54,964] {dag.py:2937} INFO - Setting next_dagrun for example_task_group to 2022-11-30T21:30:54.964765+00:00
[2022-12-01 21:30:54,973] {processor.py:171} INFO - Processing /home/airflow/.local/lib/python3.7/site-packages/airflow/example_dags/example_task_group.py took 0.058 seconds
[2022-12-01 21:31:25,916] {processor.py:163} INFO - Started process (PID=954) to work on /home/airflow/.local/lib/python3.7/site-packages/airflow/example_dags/example_task_group.py
[2022-12-01 21:31:25,916] {processor.py:642} INFO - Processing file /home/airflow/.local/lib/python3.7/site-packages/airflow/example_dags/example_task_group.py for tasks to queue
[2022-12-01 21:31:25,917] {logging_mixin.py:109} INFO - [2022-12-01 21:31:25,917] {dagbag.py:500} INFO - Filling up the DagBag from /home/airflow/.local/lib/python3.7/site-packages/airflow/example_dags/example_task_group.py
[2022-12-01 21:31:25,938] {processor.py:654} INFO - DAG(s) dict_keys(['example_task_group']) retrieved from /home/airflow/.local/lib/python3.7/site-packages/airflow/example_dags/example_task_group.py
[2022-12-01 21:31:25,946] {logging_mixin.py:109} INFO - [2022-12-01 21:31:25,946] {dag.py:2398} INFO - Sync 1 DAGs
[2022-12-01 21:31:25,958] {logging_mixin.py:109} INFO - [2022-12-01 21:31:25,958] {dag.py:2937} INFO - Setting next_dagrun for example_task_group to 2022-11-30T21:31:25.958588+00:00
[2022-12-01 21:31:25,975] {processor.py:171} INFO - Processing /home/airflow/.local/lib/python3.7/site-packages/airflow/example_dags/example_task_group.py took 0.061 seconds
[2022-12-01 21:31:56,003] {processor.py:163} INFO - Started process (PID=1016) to work on /home/airflow/.local/lib/python3.7/site-packages/airflow/example_dags/example_task_group.py
[2022-12-01 21:31:56,004] {processor.py:642} INFO - Processing file /home/airflow/.local/lib/python3.7/site-packages/airflow/example_dags/example_task_group.py for tasks to queue
[2022-12-01 21:31:56,004] {logging_mixin.py:109} INFO - [2022-12-01 21:31:56,004] {dagbag.py:500} INFO - Filling up the DagBag from /home/airflow/.local/lib/python3.7/site-packages/airflow/example_dags/example_task_group.py
[2022-12-01 21:31:56,025] {processor.py:654} INFO - DAG(s) dict_keys(['example_task_group']) retrieved from /home/airflow/.local/lib/python3.7/site-packages/airflow/example_dags/example_task_group.py
[2022-12-01 21:31:56,032] {logging_mixin.py:109} INFO - [2022-12-01 21:31:56,031] {dag.py:2398} INFO - Sync 1 DAGs
[2022-12-01 21:31:56,042] {logging_mixin.py:109} INFO - [2022-12-01 21:31:56,042] {dag.py:2937} INFO - Setting next_dagrun for example_task_group to 2022-11-30T21:31:56.042173+00:00
[2022-12-01 21:31:56,053] {processor.py:171} INFO - Processing /home/airflow/.local/lib/python3.7/site-packages/airflow/example_dags/example_task_group.py took 0.052 seconds
[2022-12-01 21:32:26,330] {processor.py:163} INFO - Started process (PID=1078) to work on /home/airflow/.local/lib/python3.7/site-packages/airflow/example_dags/example_task_group.py
[2022-12-01 21:32:26,336] {processor.py:642} INFO - Processing file /home/airflow/.local/lib/python3.7/site-packages/airflow/example_dags/example_task_group.py for tasks to queue
[2022-12-01 21:32:26,336] {logging_mixin.py:109} INFO - [2022-12-01 21:32:26,336] {dagbag.py:500} INFO - Filling up the DagBag from /home/airflow/.local/lib/python3.7/site-packages/airflow/example_dags/example_task_group.py
[2022-12-01 21:32:26,357] {processor.py:654} INFO - DAG(s) dict_keys(['example_task_group']) retrieved from /home/airflow/.local/lib/python3.7/site-packages/airflow/example_dags/example_task_group.py
[2022-12-01 21:32:26,365] {logging_mixin.py:109} INFO - [2022-12-01 21:32:26,365] {dag.py:2398} INFO - Sync 1 DAGs
[2022-12-01 21:32:26,374] {logging_mixin.py:109} INFO - [2022-12-01 21:32:26,374] {dag.py:2937} INFO - Setting next_dagrun for example_task_group to 2022-11-30T21:32:26.374609+00:00
[2022-12-01 21:32:26,381] {processor.py:171} INFO - Processing /home/airflow/.local/lib/python3.7/site-packages/airflow/example_dags/example_task_group.py took 0.054 seconds
[2022-12-01 21:32:56,634] {processor.py:163} INFO - Started process (PID=1149) to work on /home/airflow/.local/lib/python3.7/site-packages/airflow/example_dags/example_task_group.py
[2022-12-01 21:32:56,635] {processor.py:642} INFO - Processing file /home/airflow/.local/lib/python3.7/site-packages/airflow/example_dags/example_task_group.py for tasks to queue
[2022-12-01 21:32:56,635] {logging_mixin.py:109} INFO - [2022-12-01 21:32:56,635] {dagbag.py:500} INFO - Filling up the DagBag from /home/airflow/.local/lib/python3.7/site-packages/airflow/example_dags/example_task_group.py
[2022-12-01 21:32:56,656] {processor.py:654} INFO - DAG(s) dict_keys(['example_task_group']) retrieved from /home/airflow/.local/lib/python3.7/site-packages/airflow/example_dags/example_task_group.py
[2022-12-01 21:32:56,665] {logging_mixin.py:109} INFO - [2022-12-01 21:32:56,664] {dag.py:2398} INFO - Sync 1 DAGs
[2022-12-01 21:32:56,674] {logging_mixin.py:109} INFO - [2022-12-01 21:32:56,674] {dag.py:2937} INFO - Setting next_dagrun for example_task_group to 2022-11-30T21:32:56.674668+00:00
[2022-12-01 21:32:56,687] {processor.py:171} INFO - Processing /home/airflow/.local/lib/python3.7/site-packages/airflow/example_dags/example_task_group.py took 0.055 seconds
[2022-12-01 21:33:27,072] {processor.py:163} INFO - Started process (PID=1212) to work on /home/airflow/.local/lib/python3.7/site-packages/airflow/example_dags/example_task_group.py
[2022-12-01 21:33:27,074] {processor.py:642} INFO - Processing file /home/airflow/.local/lib/python3.7/site-packages/airflow/example_dags/example_task_group.py for tasks to queue
[2022-12-01 21:33:27,074] {logging_mixin.py:109} INFO - [2022-12-01 21:33:27,074] {dagbag.py:500} INFO - Filling up the DagBag from /home/airflow/.local/lib/python3.7/site-packages/airflow/example_dags/example_task_group.py
[2022-12-01 21:33:27,097] {processor.py:654} INFO - DAG(s) dict_keys(['example_task_group']) retrieved from /home/airflow/.local/lib/python3.7/site-packages/airflow/example_dags/example_task_group.py
[2022-12-01 21:33:27,104] {logging_mixin.py:109} INFO - [2022-12-01 21:33:27,104] {dag.py:2398} INFO - Sync 1 DAGs
[2022-12-01 21:33:27,114] {logging_mixin.py:109} INFO - [2022-12-01 21:33:27,114] {dag.py:2937} INFO - Setting next_dagrun for example_task_group to 2022-11-30T21:33:27.114648+00:00
[2022-12-01 21:33:27,122] {processor.py:171} INFO - Processing /home/airflow/.local/lib/python3.7/site-packages/airflow/example_dags/example_task_group.py took 0.052 seconds
[2022-12-01 21:33:57,562] {processor.py:163} INFO - Started process (PID=1284) to work on /home/airflow/.local/lib/python3.7/site-packages/airflow/example_dags/example_task_group.py
[2022-12-01 21:33:57,562] {processor.py:642} INFO - Processing file /home/airflow/.local/lib/python3.7/site-packages/airflow/example_dags/example_task_group.py for tasks to queue
[2022-12-01 21:33:57,563] {logging_mixin.py:109} INFO - [2022-12-01 21:33:57,562] {dagbag.py:500} INFO - Filling up the DagBag from /home/airflow/.local/lib/python3.7/site-packages/airflow/example_dags/example_task_group.py
[2022-12-01 21:33:57,584] {processor.py:654} INFO - DAG(s) dict_keys(['example_task_group']) retrieved from /home/airflow/.local/lib/python3.7/site-packages/airflow/example_dags/example_task_group.py
[2022-12-01 21:33:57,591] {logging_mixin.py:109} INFO - [2022-12-01 21:33:57,591] {dag.py:2398} INFO - Sync 1 DAGs
[2022-12-01 21:33:57,603] {logging_mixin.py:109} INFO - [2022-12-01 21:33:57,602] {dag.py:2937} INFO - Setting next_dagrun for example_task_group to 2022-11-30T21:33:57.602780+00:00
[2022-12-01 21:33:57,616] {processor.py:171} INFO - Processing /home/airflow/.local/lib/python3.7/site-packages/airflow/example_dags/example_task_group.py took 0.056 seconds
[2022-12-01 21:34:27,853] {processor.py:163} INFO - Started process (PID=1346) to work on /home/airflow/.local/lib/python3.7/site-packages/airflow/example_dags/example_task_group.py
[2022-12-01 21:34:27,854] {processor.py:642} INFO - Processing file /home/airflow/.local/lib/python3.7/site-packages/airflow/example_dags/example_task_group.py for tasks to queue
[2022-12-01 21:34:27,854] {logging_mixin.py:109} INFO - [2022-12-01 21:34:27,854] {dagbag.py:500} INFO - Filling up the DagBag from /home/airflow/.local/lib/python3.7/site-packages/airflow/example_dags/example_task_group.py
[2022-12-01 21:34:27,875] {processor.py:654} INFO - DAG(s) dict_keys(['example_task_group']) retrieved from /home/airflow/.local/lib/python3.7/site-packages/airflow/example_dags/example_task_group.py
[2022-12-01 21:34:27,882] {logging_mixin.py:109} INFO - [2022-12-01 21:34:27,881] {dag.py:2398} INFO - Sync 1 DAGs
[2022-12-01 21:34:27,892] {logging_mixin.py:109} INFO - [2022-12-01 21:34:27,891] {dag.py:2937} INFO - Setting next_dagrun for example_task_group to 2022-11-30T21:34:27.891765+00:00
[2022-12-01 21:34:27,902] {processor.py:171} INFO - Processing /home/airflow/.local/lib/python3.7/site-packages/airflow/example_dags/example_task_group.py took 0.051 seconds
[2022-12-01 21:34:58,303] {processor.py:163} INFO - Started process (PID=1417) to work on /home/airflow/.local/lib/python3.7/site-packages/airflow/example_dags/example_task_group.py
[2022-12-01 21:34:58,304] {processor.py:642} INFO - Processing file /home/airflow/.local/lib/python3.7/site-packages/airflow/example_dags/example_task_group.py for tasks to queue
[2022-12-01 21:34:58,304] {logging_mixin.py:109} INFO - [2022-12-01 21:34:58,304] {dagbag.py:500} INFO - Filling up the DagBag from /home/airflow/.local/lib/python3.7/site-packages/airflow/example_dags/example_task_group.py
[2022-12-01 21:34:58,325] {processor.py:654} INFO - DAG(s) dict_keys(['example_task_group']) retrieved from /home/airflow/.local/lib/python3.7/site-packages/airflow/example_dags/example_task_group.py
[2022-12-01 21:34:58,333] {logging_mixin.py:109} INFO - [2022-12-01 21:34:58,333] {dag.py:2398} INFO - Sync 1 DAGs
[2022-12-01 21:34:58,343] {logging_mixin.py:109} INFO - [2022-12-01 21:34:58,343] {dag.py:2937} INFO - Setting next_dagrun for example_task_group to 2022-11-30T21:34:58.343218+00:00
[2022-12-01 21:34:58,350] {processor.py:171} INFO - Processing /home/airflow/.local/lib/python3.7/site-packages/airflow/example_dags/example_task_group.py took 0.049 seconds
[2022-12-01 21:35:28,524] {processor.py:163} INFO - Started process (PID=1479) to work on /home/airflow/.local/lib/python3.7/site-packages/airflow/example_dags/example_task_group.py
[2022-12-01 21:35:28,530] {processor.py:642} INFO - Processing file /home/airflow/.local/lib/python3.7/site-packages/airflow/example_dags/example_task_group.py for tasks to queue
[2022-12-01 21:35:28,530] {logging_mixin.py:109} INFO - [2022-12-01 21:35:28,530] {dagbag.py:500} INFO - Filling up the DagBag from /home/airflow/.local/lib/python3.7/site-packages/airflow/example_dags/example_task_group.py
[2022-12-01 21:35:28,552] {processor.py:654} INFO - DAG(s) dict_keys(['example_task_group']) retrieved from /home/airflow/.local/lib/python3.7/site-packages/airflow/example_dags/example_task_group.py
[2022-12-01 21:35:28,558] {logging_mixin.py:109} INFO - [2022-12-01 21:35:28,558] {dag.py:2398} INFO - Sync 1 DAGs
[2022-12-01 21:35:28,568] {logging_mixin.py:109} INFO - [2022-12-01 21:35:28,568] {dag.py:2937} INFO - Setting next_dagrun for example_task_group to 2022-11-30T21:35:28.568388+00:00
[2022-12-01 21:35:28,575] {processor.py:171} INFO - Processing /home/airflow/.local/lib/python3.7/site-packages/airflow/example_dags/example_task_group.py took 0.054 seconds
[2022-12-01 21:35:58,811] {processor.py:163} INFO - Started process (PID=1551) to work on /home/airflow/.local/lib/python3.7/site-packages/airflow/example_dags/example_task_group.py
[2022-12-01 21:35:58,812] {processor.py:642} INFO - Processing file /home/airflow/.local/lib/python3.7/site-packages/airflow/example_dags/example_task_group.py for tasks to queue
[2022-12-01 21:35:58,812] {logging_mixin.py:109} INFO - [2022-12-01 21:35:58,812] {dagbag.py:500} INFO - Filling up the DagBag from /home/airflow/.local/lib/python3.7/site-packages/airflow/example_dags/example_task_group.py
[2022-12-01 21:35:58,834] {processor.py:654} INFO - DAG(s) dict_keys(['example_task_group']) retrieved from /home/airflow/.local/lib/python3.7/site-packages/airflow/example_dags/example_task_group.py
[2022-12-01 21:35:58,842] {logging_mixin.py:109} INFO - [2022-12-01 21:35:58,842] {dag.py:2398} INFO - Sync 1 DAGs
[2022-12-01 21:35:58,854] {logging_mixin.py:109} INFO - [2022-12-01 21:35:58,854] {dag.py:2937} INFO - Setting next_dagrun for example_task_group to 2022-11-30T21:35:58.853830+00:00
[2022-12-01 21:35:58,867] {processor.py:171} INFO - Processing /home/airflow/.local/lib/python3.7/site-packages/airflow/example_dags/example_task_group.py took 0.058 seconds
[2022-12-01 21:36:29,126] {processor.py:163} INFO - Started process (PID=1613) to work on /home/airflow/.local/lib/python3.7/site-packages/airflow/example_dags/example_task_group.py
[2022-12-01 21:36:29,130] {processor.py:642} INFO - Processing file /home/airflow/.local/lib/python3.7/site-packages/airflow/example_dags/example_task_group.py for tasks to queue
[2022-12-01 21:36:29,130] {logging_mixin.py:109} INFO - [2022-12-01 21:36:29,130] {dagbag.py:500} INFO - Filling up the DagBag from /home/airflow/.local/lib/python3.7/site-packages/airflow/example_dags/example_task_group.py
[2022-12-01 21:36:29,152] {processor.py:654} INFO - DAG(s) dict_keys(['example_task_group']) retrieved from /home/airflow/.local/lib/python3.7/site-packages/airflow/example_dags/example_task_group.py
[2022-12-01 21:36:29,159] {logging_mixin.py:109} INFO - [2022-12-01 21:36:29,159] {dag.py:2398} INFO - Sync 1 DAGs
[2022-12-01 21:36:29,170] {logging_mixin.py:109} INFO - [2022-12-01 21:36:29,169] {dag.py:2937} INFO - Setting next_dagrun for example_task_group to 2022-11-30T21:36:29.169756+00:00
[2022-12-01 21:36:29,183] {processor.py:171} INFO - Processing /home/airflow/.local/lib/python3.7/site-packages/airflow/example_dags/example_task_group.py took 0.059 seconds
[2022-12-01 21:36:59,344] {processor.py:163} INFO - Started process (PID=1684) to work on /home/airflow/.local/lib/python3.7/site-packages/airflow/example_dags/example_task_group.py
[2022-12-01 21:36:59,345] {processor.py:642} INFO - Processing file /home/airflow/.local/lib/python3.7/site-packages/airflow/example_dags/example_task_group.py for tasks to queue
[2022-12-01 21:36:59,345] {logging_mixin.py:109} INFO - [2022-12-01 21:36:59,345] {dagbag.py:500} INFO - Filling up the DagBag from /home/airflow/.local/lib/python3.7/site-packages/airflow/example_dags/example_task_group.py
[2022-12-01 21:36:59,368] {processor.py:654} INFO - DAG(s) dict_keys(['example_task_group']) retrieved from /home/airflow/.local/lib/python3.7/site-packages/airflow/example_dags/example_task_group.py
[2022-12-01 21:36:59,377] {logging_mixin.py:109} INFO - [2022-12-01 21:36:59,377] {dag.py:2398} INFO - Sync 1 DAGs
[2022-12-01 21:36:59,390] {logging_mixin.py:109} INFO - [2022-12-01 21:36:59,390] {dag.py:2937} INFO - Setting next_dagrun for example_task_group to 2022-11-30T21:36:59.390525+00:00
[2022-12-01 21:36:59,405] {processor.py:171} INFO - Processing /home/airflow/.local/lib/python3.7/site-packages/airflow/example_dags/example_task_group.py took 0.063 seconds
[2022-12-01 21:37:29,640] {processor.py:163} INFO - Started process (PID=1746) to work on /home/airflow/.local/lib/python3.7/site-packages/airflow/example_dags/example_task_group.py
[2022-12-01 21:37:29,641] {processor.py:642} INFO - Processing file /home/airflow/.local/lib/python3.7/site-packages/airflow/example_dags/example_task_group.py for tasks to queue
[2022-12-01 21:37:29,642] {logging_mixin.py:109} INFO - [2022-12-01 21:37:29,641] {dagbag.py:500} INFO - Filling up the DagBag from /home/airflow/.local/lib/python3.7/site-packages/airflow/example_dags/example_task_group.py
[2022-12-01 21:37:29,662] {processor.py:654} INFO - DAG(s) dict_keys(['example_task_group']) retrieved from /home/airflow/.local/lib/python3.7/site-packages/airflow/example_dags/example_task_group.py
[2022-12-01 21:37:29,669] {logging_mixin.py:109} INFO - [2022-12-01 21:37:29,669] {dag.py:2398} INFO - Sync 1 DAGs
[2022-12-01 21:37:29,678] {logging_mixin.py:109} INFO - [2022-12-01 21:37:29,678] {dag.py:2937} INFO - Setting next_dagrun for example_task_group to 2022-11-30T21:37:29.678631+00:00
[2022-12-01 21:37:29,691] {processor.py:171} INFO - Processing /home/airflow/.local/lib/python3.7/site-packages/airflow/example_dags/example_task_group.py took 0.053 seconds
[2022-12-01 21:37:59,929] {processor.py:163} INFO - Started process (PID=1817) to work on /home/airflow/.local/lib/python3.7/site-packages/airflow/example_dags/example_task_group.py
[2022-12-01 21:37:59,930] {processor.py:642} INFO - Processing file /home/airflow/.local/lib/python3.7/site-packages/airflow/example_dags/example_task_group.py for tasks to queue
[2022-12-01 21:37:59,931] {logging_mixin.py:109} INFO - [2022-12-01 21:37:59,931] {dagbag.py:500} INFO - Filling up the DagBag from /home/airflow/.local/lib/python3.7/site-packages/airflow/example_dags/example_task_group.py
[2022-12-01 21:37:59,963] {processor.py:654} INFO - DAG(s) dict_keys(['example_task_group']) retrieved from /home/airflow/.local/lib/python3.7/site-packages/airflow/example_dags/example_task_group.py
[2022-12-01 21:37:59,976] {logging_mixin.py:109} INFO - [2022-12-01 21:37:59,976] {dag.py:2398} INFO - Sync 1 DAGs
[2022-12-01 21:37:59,994] {logging_mixin.py:109} INFO - [2022-12-01 21:37:59,994] {dag.py:2937} INFO - Setting next_dagrun for example_task_group to 2022-11-30T21:37:59.994296+00:00
[2022-12-01 21:38:00,012] {processor.py:171} INFO - Processing /home/airflow/.local/lib/python3.7/site-packages/airflow/example_dags/example_task_group.py took 0.085 seconds
[2022-12-01 21:38:30,154] {processor.py:163} INFO - Started process (PID=1879) to work on /home/airflow/.local/lib/python3.7/site-packages/airflow/example_dags/example_task_group.py
[2022-12-01 21:38:30,154] {processor.py:642} INFO - Processing file /home/airflow/.local/lib/python3.7/site-packages/airflow/example_dags/example_task_group.py for tasks to queue
[2022-12-01 21:38:30,155] {logging_mixin.py:109} INFO - [2022-12-01 21:38:30,154] {dagbag.py:500} INFO - Filling up the DagBag from /home/airflow/.local/lib/python3.7/site-packages/airflow/example_dags/example_task_group.py
[2022-12-01 21:38:30,176] {processor.py:654} INFO - DAG(s) dict_keys(['example_task_group']) retrieved from /home/airflow/.local/lib/python3.7/site-packages/airflow/example_dags/example_task_group.py
[2022-12-01 21:38:30,183] {logging_mixin.py:109} INFO - [2022-12-01 21:38:30,183] {dag.py:2398} INFO - Sync 1 DAGs
[2022-12-01 21:38:30,193] {logging_mixin.py:109} INFO - [2022-12-01 21:38:30,193] {dag.py:2937} INFO - Setting next_dagrun for example_task_group to 2022-11-30T21:38:30.193397+00:00
[2022-12-01 21:38:30,206] {processor.py:171} INFO - Processing /home/airflow/.local/lib/python3.7/site-packages/airflow/example_dags/example_task_group.py took 0.054 seconds
[2022-12-01 21:39:00,668] {processor.py:163} INFO - Started process (PID=1950) to work on /home/airflow/.local/lib/python3.7/site-packages/airflow/example_dags/example_task_group.py
[2022-12-01 21:39:00,669] {processor.py:642} INFO - Processing file /home/airflow/.local/lib/python3.7/site-packages/airflow/example_dags/example_task_group.py for tasks to queue
[2022-12-01 21:39:00,669] {logging_mixin.py:109} INFO - [2022-12-01 21:39:00,669] {dagbag.py:500} INFO - Filling up the DagBag from /home/airflow/.local/lib/python3.7/site-packages/airflow/example_dags/example_task_group.py
[2022-12-01 21:39:00,692] {processor.py:654} INFO - DAG(s) dict_keys(['example_task_group']) retrieved from /home/airflow/.local/lib/python3.7/site-packages/airflow/example_dags/example_task_group.py
[2022-12-01 21:39:00,700] {logging_mixin.py:109} INFO - [2022-12-01 21:39:00,700] {dag.py:2398} INFO - Sync 1 DAGs
[2022-12-01 21:39:00,712] {logging_mixin.py:109} INFO - [2022-12-01 21:39:00,712] {dag.py:2937} INFO - Setting next_dagrun for example_task_group to 2022-11-30T21:39:00.712169+00:00
[2022-12-01 21:39:00,720] {processor.py:171} INFO - Processing /home/airflow/.local/lib/python3.7/site-packages/airflow/example_dags/example_task_group.py took 0.054 seconds
[2022-12-01 21:39:30,922] {processor.py:163} INFO - Started process (PID=2012) to work on /home/airflow/.local/lib/python3.7/site-packages/airflow/example_dags/example_task_group.py
[2022-12-01 21:39:30,923] {processor.py:642} INFO - Processing file /home/airflow/.local/lib/python3.7/site-packages/airflow/example_dags/example_task_group.py for tasks to queue
[2022-12-01 21:39:30,923] {logging_mixin.py:109} INFO - [2022-12-01 21:39:30,923] {dagbag.py:500} INFO - Filling up the DagBag from /home/airflow/.local/lib/python3.7/site-packages/airflow/example_dags/example_task_group.py
[2022-12-01 21:39:30,944] {processor.py:654} INFO - DAG(s) dict_keys(['example_task_group']) retrieved from /home/airflow/.local/lib/python3.7/site-packages/airflow/example_dags/example_task_group.py
[2022-12-01 21:39:30,952] {logging_mixin.py:109} INFO - [2022-12-01 21:39:30,952] {dag.py:2398} INFO - Sync 1 DAGs
[2022-12-01 21:39:30,962] {logging_mixin.py:109} INFO - [2022-12-01 21:39:30,962] {dag.py:2937} INFO - Setting next_dagrun for example_task_group to 2022-11-30T21:39:30.962416+00:00
[2022-12-01 21:39:30,976] {processor.py:171} INFO - Processing /home/airflow/.local/lib/python3.7/site-packages/airflow/example_dags/example_task_group.py took 0.055 seconds
[2022-12-01 21:40:01,310] {processor.py:163} INFO - Started process (PID=2083) to work on /home/airflow/.local/lib/python3.7/site-packages/airflow/example_dags/example_task_group.py
[2022-12-01 21:40:01,311] {processor.py:642} INFO - Processing file /home/airflow/.local/lib/python3.7/site-packages/airflow/example_dags/example_task_group.py for tasks to queue
[2022-12-01 21:40:01,311] {logging_mixin.py:109} INFO - [2022-12-01 21:40:01,311] {dagbag.py:500} INFO - Filling up the DagBag from /home/airflow/.local/lib/python3.7/site-packages/airflow/example_dags/example_task_group.py
[2022-12-01 21:40:01,331] {processor.py:654} INFO - DAG(s) dict_keys(['example_task_group']) retrieved from /home/airflow/.local/lib/python3.7/site-packages/airflow/example_dags/example_task_group.py
[2022-12-01 21:40:01,337] {logging_mixin.py:109} INFO - [2022-12-01 21:40:01,337] {dag.py:2398} INFO - Sync 1 DAGs
[2022-12-01 21:40:01,348] {logging_mixin.py:109} INFO - [2022-12-01 21:40:01,347] {dag.py:2937} INFO - Setting next_dagrun for example_task_group to 2022-11-30T21:40:01.347738+00:00
[2022-12-01 21:40:01,371] {processor.py:171} INFO - Processing /home/airflow/.local/lib/python3.7/site-packages/airflow/example_dags/example_task_group.py took 0.063 seconds
[2022-12-01 21:40:31,631] {processor.py:163} INFO - Started process (PID=2145) to work on /home/airflow/.local/lib/python3.7/site-packages/airflow/example_dags/example_task_group.py
[2022-12-01 21:40:31,631] {processor.py:642} INFO - Processing file /home/airflow/.local/lib/python3.7/site-packages/airflow/example_dags/example_task_group.py for tasks to queue
[2022-12-01 21:40:31,632] {logging_mixin.py:109} INFO - [2022-12-01 21:40:31,632] {dagbag.py:500} INFO - Filling up the DagBag from /home/airflow/.local/lib/python3.7/site-packages/airflow/example_dags/example_task_group.py
[2022-12-01 21:40:31,654] {processor.py:654} INFO - DAG(s) dict_keys(['example_task_group']) retrieved from /home/airflow/.local/lib/python3.7/site-packages/airflow/example_dags/example_task_group.py
[2022-12-01 21:40:31,661] {logging_mixin.py:109} INFO - [2022-12-01 21:40:31,661] {dag.py:2398} INFO - Sync 1 DAGs
[2022-12-01 21:40:31,671] {logging_mixin.py:109} INFO - [2022-12-01 21:40:31,671] {dag.py:2937} INFO - Setting next_dagrun for example_task_group to 2022-11-30T21:40:31.671522+00:00
[2022-12-01 21:40:31,685] {processor.py:171} INFO - Processing /home/airflow/.local/lib/python3.7/site-packages/airflow/example_dags/example_task_group.py took 0.057 seconds
[2022-12-01 21:41:01,982] {processor.py:163} INFO - Started process (PID=2216) to work on /home/airflow/.local/lib/python3.7/site-packages/airflow/example_dags/example_task_group.py
[2022-12-01 21:41:01,983] {processor.py:642} INFO - Processing file /home/airflow/.local/lib/python3.7/site-packages/airflow/example_dags/example_task_group.py for tasks to queue
[2022-12-01 21:41:01,983] {logging_mixin.py:109} INFO - [2022-12-01 21:41:01,983] {dagbag.py:500} INFO - Filling up the DagBag from /home/airflow/.local/lib/python3.7/site-packages/airflow/example_dags/example_task_group.py
[2022-12-01 21:41:02,004] {processor.py:654} INFO - DAG(s) dict_keys(['example_task_group']) retrieved from /home/airflow/.local/lib/python3.7/site-packages/airflow/example_dags/example_task_group.py
[2022-12-01 21:41:02,011] {logging_mixin.py:109} INFO - [2022-12-01 21:41:02,011] {dag.py:2398} INFO - Sync 1 DAGs
[2022-12-01 21:41:02,021] {logging_mixin.py:109} INFO - [2022-12-01 21:41:02,021] {dag.py:2937} INFO - Setting next_dagrun for example_task_group to 2022-11-30T21:41:02.021534+00:00
[2022-12-01 21:41:02,028] {processor.py:171} INFO - Processing /home/airflow/.local/lib/python3.7/site-packages/airflow/example_dags/example_task_group.py took 0.048 seconds
[2022-12-01 21:41:32,300] {processor.py:163} INFO - Started process (PID=2278) to work on /home/airflow/.local/lib/python3.7/site-packages/airflow/example_dags/example_task_group.py
[2022-12-01 21:41:32,301] {processor.py:642} INFO - Processing file /home/airflow/.local/lib/python3.7/site-packages/airflow/example_dags/example_task_group.py for tasks to queue
[2022-12-01 21:41:32,301] {logging_mixin.py:109} INFO - [2022-12-01 21:41:32,301] {dagbag.py:500} INFO - Filling up the DagBag from /home/airflow/.local/lib/python3.7/site-packages/airflow/example_dags/example_task_group.py
[2022-12-01 21:41:32,325] {processor.py:654} INFO - DAG(s) dict_keys(['example_task_group']) retrieved from /home/airflow/.local/lib/python3.7/site-packages/airflow/example_dags/example_task_group.py
[2022-12-01 21:41:32,333] {logging_mixin.py:109} INFO - [2022-12-01 21:41:32,333] {dag.py:2398} INFO - Sync 1 DAGs
[2022-12-01 21:41:32,345] {logging_mixin.py:109} INFO - [2022-12-01 21:41:32,345] {dag.py:2937} INFO - Setting next_dagrun for example_task_group to 2022-11-30T21:41:32.344866+00:00
[2022-12-01 21:41:32,361] {processor.py:171} INFO - Processing /home/airflow/.local/lib/python3.7/site-packages/airflow/example_dags/example_task_group.py took 0.063 seconds
[2022-12-01 21:42:02,572] {processor.py:163} INFO - Started process (PID=2350) to work on /home/airflow/.local/lib/python3.7/site-packages/airflow/example_dags/example_task_group.py
[2022-12-01 21:42:02,573] {processor.py:642} INFO - Processing file /home/airflow/.local/lib/python3.7/site-packages/airflow/example_dags/example_task_group.py for tasks to queue
[2022-12-01 21:42:02,574] {logging_mixin.py:109} INFO - [2022-12-01 21:42:02,574] {dagbag.py:500} INFO - Filling up the DagBag from /home/airflow/.local/lib/python3.7/site-packages/airflow/example_dags/example_task_group.py
[2022-12-01 21:42:02,595] {processor.py:654} INFO - DAG(s) dict_keys(['example_task_group']) retrieved from /home/airflow/.local/lib/python3.7/site-packages/airflow/example_dags/example_task_group.py
[2022-12-01 21:42:02,601] {logging_mixin.py:109} INFO - [2022-12-01 21:42:02,601] {dag.py:2398} INFO - Sync 1 DAGs
[2022-12-01 21:42:02,611] {logging_mixin.py:109} INFO - [2022-12-01 21:42:02,611] {dag.py:2937} INFO - Setting next_dagrun for example_task_group to 2022-11-30T21:42:02.611560+00:00
[2022-12-01 21:42:02,624] {processor.py:171} INFO - Processing /home/airflow/.local/lib/python3.7/site-packages/airflow/example_dags/example_task_group.py took 0.054 seconds
[2022-12-01 21:42:32,696] {processor.py:163} INFO - Started process (PID=2412) to work on /home/airflow/.local/lib/python3.7/site-packages/airflow/example_dags/example_task_group.py
[2022-12-01 21:42:32,696] {processor.py:642} INFO - Processing file /home/airflow/.local/lib/python3.7/site-packages/airflow/example_dags/example_task_group.py for tasks to queue
[2022-12-01 21:42:32,697] {logging_mixin.py:109} INFO - [2022-12-01 21:42:32,697] {dagbag.py:500} INFO - Filling up the DagBag from /home/airflow/.local/lib/python3.7/site-packages/airflow/example_dags/example_task_group.py
[2022-12-01 21:42:32,718] {processor.py:654} INFO - DAG(s) dict_keys(['example_task_group']) retrieved from /home/airflow/.local/lib/python3.7/site-packages/airflow/example_dags/example_task_group.py
[2022-12-01 21:42:32,725] {logging_mixin.py:109} INFO - [2022-12-01 21:42:32,725] {dag.py:2398} INFO - Sync 1 DAGs
[2022-12-01 21:42:32,735] {logging_mixin.py:109} INFO - [2022-12-01 21:42:32,735] {dag.py:2937} INFO - Setting next_dagrun for example_task_group to 2022-11-30T21:42:32.735179+00:00
[2022-12-01 21:42:32,748] {processor.py:171} INFO - Processing /home/airflow/.local/lib/python3.7/site-packages/airflow/example_dags/example_task_group.py took 0.054 seconds
[2022-12-01 21:43:03,064] {processor.py:163} INFO - Started process (PID=2484) to work on /home/airflow/.local/lib/python3.7/site-packages/airflow/example_dags/example_task_group.py
[2022-12-01 21:43:03,064] {processor.py:642} INFO - Processing file /home/airflow/.local/lib/python3.7/site-packages/airflow/example_dags/example_task_group.py for tasks to queue
[2022-12-01 21:43:03,065] {logging_mixin.py:109} INFO - [2022-12-01 21:43:03,065] {dagbag.py:500} INFO - Filling up the DagBag from /home/airflow/.local/lib/python3.7/site-packages/airflow/example_dags/example_task_group.py
[2022-12-01 21:43:03,090] {processor.py:654} INFO - DAG(s) dict_keys(['example_task_group']) retrieved from /home/airflow/.local/lib/python3.7/site-packages/airflow/example_dags/example_task_group.py
[2022-12-01 21:43:03,098] {logging_mixin.py:109} INFO - [2022-12-01 21:43:03,098] {dag.py:2398} INFO - Sync 1 DAGs
[2022-12-01 21:43:03,116] {logging_mixin.py:109} INFO - [2022-12-01 21:43:03,116] {dag.py:2937} INFO - Setting next_dagrun for example_task_group to 2022-11-30T21:43:03.115906+00:00
[2022-12-01 21:43:03,126] {processor.py:171} INFO - Processing /home/airflow/.local/lib/python3.7/site-packages/airflow/example_dags/example_task_group.py took 0.064 seconds
[2022-12-01 21:43:33,436] {processor.py:163} INFO - Started process (PID=2547) to work on /home/airflow/.local/lib/python3.7/site-packages/airflow/example_dags/example_task_group.py
[2022-12-01 21:43:33,437] {processor.py:642} INFO - Processing file /home/airflow/.local/lib/python3.7/site-packages/airflow/example_dags/example_task_group.py for tasks to queue
[2022-12-01 21:43:33,437] {logging_mixin.py:109} INFO - [2022-12-01 21:43:33,437] {dagbag.py:500} INFO - Filling up the DagBag from /home/airflow/.local/lib/python3.7/site-packages/airflow/example_dags/example_task_group.py
[2022-12-01 21:43:33,458] {processor.py:654} INFO - DAG(s) dict_keys(['example_task_group']) retrieved from /home/airflow/.local/lib/python3.7/site-packages/airflow/example_dags/example_task_group.py
[2022-12-01 21:43:33,466] {logging_mixin.py:109} INFO - [2022-12-01 21:43:33,466] {dag.py:2398} INFO - Sync 1 DAGs
[2022-12-01 21:43:33,476] {logging_mixin.py:109} INFO - [2022-12-01 21:43:33,476] {dag.py:2937} INFO - Setting next_dagrun for example_task_group to 2022-11-30T21:43:33.476566+00:00
[2022-12-01 21:43:33,490] {processor.py:171} INFO - Processing /home/airflow/.local/lib/python3.7/site-packages/airflow/example_dags/example_task_group.py took 0.055 seconds
[2022-12-01 21:44:04,124] {processor.py:163} INFO - Started process (PID=2619) to work on /home/airflow/.local/lib/python3.7/site-packages/airflow/example_dags/example_task_group.py
[2022-12-01 21:44:04,125] {processor.py:642} INFO - Processing file /home/airflow/.local/lib/python3.7/site-packages/airflow/example_dags/example_task_group.py for tasks to queue
[2022-12-01 21:44:04,126] {logging_mixin.py:109} INFO - [2022-12-01 21:44:04,126] {dagbag.py:500} INFO - Filling up the DagBag from /home/airflow/.local/lib/python3.7/site-packages/airflow/example_dags/example_task_group.py
[2022-12-01 21:44:04,152] {processor.py:654} INFO - DAG(s) dict_keys(['example_task_group']) retrieved from /home/airflow/.local/lib/python3.7/site-packages/airflow/example_dags/example_task_group.py
[2022-12-01 21:44:04,162] {logging_mixin.py:109} INFO - [2022-12-01 21:44:04,162] {dag.py:2398} INFO - Sync 1 DAGs
[2022-12-01 21:44:04,177] {logging_mixin.py:109} INFO - [2022-12-01 21:44:04,177] {dag.py:2937} INFO - Setting next_dagrun for example_task_group to 2022-11-30T21:44:04.177517+00:00
[2022-12-01 21:44:04,189] {processor.py:171} INFO - Processing /home/airflow/.local/lib/python3.7/site-packages/airflow/example_dags/example_task_group.py took 0.067 seconds
