[2022-12-01 21:24:42,849] {processor.py:163} INFO - Started process (PID=81) to work on /home/airflow/.local/lib/python3.7/site-packages/airflow/example_dags/example_nested_branch_dag.py
[2022-12-01 21:24:42,850] {processor.py:642} INFO - Processing file /home/airflow/.local/lib/python3.7/site-packages/airflow/example_dags/example_nested_branch_dag.py for tasks to queue
[2022-12-01 21:24:42,850] {logging_mixin.py:109} INFO - [2022-12-01 21:24:42,850] {dagbag.py:500} INFO - Filling up the DagBag from /home/airflow/.local/lib/python3.7/site-packages/airflow/example_dags/example_nested_branch_dag.py
[2022-12-01 21:24:42,875] {processor.py:654} INFO - DAG(s) dict_keys(['example_nested_branch_dag']) retrieved from /home/airflow/.local/lib/python3.7/site-packages/airflow/example_dags/example_nested_branch_dag.py
[2022-12-01 21:24:42,888] {logging_mixin.py:109} INFO - [2022-12-01 21:24:42,887] {dag.py:2398} INFO - Sync 1 DAGs
[2022-12-01 21:24:42,907] {logging_mixin.py:109} INFO - [2022-12-01 21:24:42,907] {dag.py:2937} INFO - Setting next_dagrun for example_nested_branch_dag to 2022-11-30 00:00:00+00:00
[2022-12-01 21:24:42,940] {processor.py:171} INFO - Processing /home/airflow/.local/lib/python3.7/site-packages/airflow/example_dags/example_nested_branch_dag.py took 0.092 seconds
[2022-12-01 21:25:13,388] {processor.py:163} INFO - Started process (PID=152) to work on /home/airflow/.local/lib/python3.7/site-packages/airflow/example_dags/example_nested_branch_dag.py
[2022-12-01 21:25:13,396] {processor.py:642} INFO - Processing file /home/airflow/.local/lib/python3.7/site-packages/airflow/example_dags/example_nested_branch_dag.py for tasks to queue
[2022-12-01 21:25:13,397] {logging_mixin.py:109} INFO - [2022-12-01 21:25:13,397] {dagbag.py:500} INFO - Filling up the DagBag from /home/airflow/.local/lib/python3.7/site-packages/airflow/example_dags/example_nested_branch_dag.py
[2022-12-01 21:25:13,422] {processor.py:654} INFO - DAG(s) dict_keys(['example_nested_branch_dag']) retrieved from /home/airflow/.local/lib/python3.7/site-packages/airflow/example_dags/example_nested_branch_dag.py
[2022-12-01 21:25:13,429] {logging_mixin.py:109} INFO - [2022-12-01 21:25:13,429] {dag.py:2398} INFO - Sync 1 DAGs
[2022-12-01 21:25:13,442] {logging_mixin.py:109} INFO - [2022-12-01 21:25:13,442] {dag.py:2937} INFO - Setting next_dagrun for example_nested_branch_dag to 2022-11-30 00:00:00+00:00
[2022-12-01 21:25:13,455] {processor.py:171} INFO - Processing /home/airflow/.local/lib/python3.7/site-packages/airflow/example_dags/example_nested_branch_dag.py took 0.069 seconds
[2022-12-01 21:25:44,375] {processor.py:163} INFO - Started process (PID=214) to work on /home/airflow/.local/lib/python3.7/site-packages/airflow/example_dags/example_nested_branch_dag.py
[2022-12-01 21:25:44,376] {processor.py:642} INFO - Processing file /home/airflow/.local/lib/python3.7/site-packages/airflow/example_dags/example_nested_branch_dag.py for tasks to queue
[2022-12-01 21:25:44,376] {logging_mixin.py:109} INFO - [2022-12-01 21:25:44,376] {dagbag.py:500} INFO - Filling up the DagBag from /home/airflow/.local/lib/python3.7/site-packages/airflow/example_dags/example_nested_branch_dag.py
[2022-12-01 21:25:44,399] {processor.py:654} INFO - DAG(s) dict_keys(['example_nested_branch_dag']) retrieved from /home/airflow/.local/lib/python3.7/site-packages/airflow/example_dags/example_nested_branch_dag.py
[2022-12-01 21:25:44,407] {logging_mixin.py:109} INFO - [2022-12-01 21:25:44,406] {dag.py:2398} INFO - Sync 1 DAGs
[2022-12-01 21:25:44,418] {logging_mixin.py:109} INFO - [2022-12-01 21:25:44,418] {dag.py:2937} INFO - Setting next_dagrun for example_nested_branch_dag to 2022-11-30 00:00:00+00:00
[2022-12-01 21:25:44,431] {processor.py:171} INFO - Processing /home/airflow/.local/lib/python3.7/site-packages/airflow/example_dags/example_nested_branch_dag.py took 0.058 seconds
[2022-12-01 21:26:15,632] {processor.py:163} INFO - Started process (PID=285) to work on /home/airflow/.local/lib/python3.7/site-packages/airflow/example_dags/example_nested_branch_dag.py
[2022-12-01 21:26:15,638] {processor.py:642} INFO - Processing file /home/airflow/.local/lib/python3.7/site-packages/airflow/example_dags/example_nested_branch_dag.py for tasks to queue
[2022-12-01 21:26:15,639] {logging_mixin.py:109} INFO - [2022-12-01 21:26:15,639] {dagbag.py:500} INFO - Filling up the DagBag from /home/airflow/.local/lib/python3.7/site-packages/airflow/example_dags/example_nested_branch_dag.py
[2022-12-01 21:26:15,663] {processor.py:654} INFO - DAG(s) dict_keys(['example_nested_branch_dag']) retrieved from /home/airflow/.local/lib/python3.7/site-packages/airflow/example_dags/example_nested_branch_dag.py
[2022-12-01 21:26:15,671] {logging_mixin.py:109} INFO - [2022-12-01 21:26:15,670] {dag.py:2398} INFO - Sync 1 DAGs
[2022-12-01 21:26:15,683] {logging_mixin.py:109} INFO - [2022-12-01 21:26:15,683] {dag.py:2937} INFO - Setting next_dagrun for example_nested_branch_dag to 2022-11-30 00:00:00+00:00
[2022-12-01 21:26:15,691] {processor.py:171} INFO - Processing /home/airflow/.local/lib/python3.7/site-packages/airflow/example_dags/example_nested_branch_dag.py took 0.061 seconds
[2022-12-01 21:26:46,577] {processor.py:163} INFO - Started process (PID=347) to work on /home/airflow/.local/lib/python3.7/site-packages/airflow/example_dags/example_nested_branch_dag.py
[2022-12-01 21:26:46,578] {processor.py:642} INFO - Processing file /home/airflow/.local/lib/python3.7/site-packages/airflow/example_dags/example_nested_branch_dag.py for tasks to queue
[2022-12-01 21:26:46,578] {logging_mixin.py:109} INFO - [2022-12-01 21:26:46,578] {dagbag.py:500} INFO - Filling up the DagBag from /home/airflow/.local/lib/python3.7/site-packages/airflow/example_dags/example_nested_branch_dag.py
[2022-12-01 21:26:46,600] {processor.py:654} INFO - DAG(s) dict_keys(['example_nested_branch_dag']) retrieved from /home/airflow/.local/lib/python3.7/site-packages/airflow/example_dags/example_nested_branch_dag.py
[2022-12-01 21:26:46,606] {logging_mixin.py:109} INFO - [2022-12-01 21:26:46,606] {dag.py:2398} INFO - Sync 1 DAGs
[2022-12-01 21:26:46,618] {logging_mixin.py:109} INFO - [2022-12-01 21:26:46,618] {dag.py:2937} INFO - Setting next_dagrun for example_nested_branch_dag to 2022-11-30 00:00:00+00:00
[2022-12-01 21:26:46,633] {processor.py:171} INFO - Processing /home/airflow/.local/lib/python3.7/site-packages/airflow/example_dags/example_nested_branch_dag.py took 0.058 seconds
[2022-12-01 21:27:17,628] {processor.py:163} INFO - Started process (PID=418) to work on /home/airflow/.local/lib/python3.7/site-packages/airflow/example_dags/example_nested_branch_dag.py
[2022-12-01 21:27:17,629] {processor.py:642} INFO - Processing file /home/airflow/.local/lib/python3.7/site-packages/airflow/example_dags/example_nested_branch_dag.py for tasks to queue
[2022-12-01 21:27:17,629] {logging_mixin.py:109} INFO - [2022-12-01 21:27:17,629] {dagbag.py:500} INFO - Filling up the DagBag from /home/airflow/.local/lib/python3.7/site-packages/airflow/example_dags/example_nested_branch_dag.py
[2022-12-01 21:27:17,652] {processor.py:654} INFO - DAG(s) dict_keys(['example_nested_branch_dag']) retrieved from /home/airflow/.local/lib/python3.7/site-packages/airflow/example_dags/example_nested_branch_dag.py
[2022-12-01 21:27:17,658] {logging_mixin.py:109} INFO - [2022-12-01 21:27:17,658] {dag.py:2398} INFO - Sync 1 DAGs
[2022-12-01 21:27:17,670] {logging_mixin.py:109} INFO - [2022-12-01 21:27:17,670] {dag.py:2937} INFO - Setting next_dagrun for example_nested_branch_dag to 2022-11-30 00:00:00+00:00
[2022-12-01 21:27:17,678] {processor.py:171} INFO - Processing /home/airflow/.local/lib/python3.7/site-packages/airflow/example_dags/example_nested_branch_dag.py took 0.053 seconds
[2022-12-01 21:27:48,759] {processor.py:163} INFO - Started process (PID=487) to work on /home/airflow/.local/lib/python3.7/site-packages/airflow/example_dags/example_nested_branch_dag.py
[2022-12-01 21:27:48,759] {processor.py:642} INFO - Processing file /home/airflow/.local/lib/python3.7/site-packages/airflow/example_dags/example_nested_branch_dag.py for tasks to queue
[2022-12-01 21:27:48,760] {logging_mixin.py:109} INFO - [2022-12-01 21:27:48,760] {dagbag.py:500} INFO - Filling up the DagBag from /home/airflow/.local/lib/python3.7/site-packages/airflow/example_dags/example_nested_branch_dag.py
[2022-12-01 21:27:48,783] {processor.py:654} INFO - DAG(s) dict_keys(['example_nested_branch_dag']) retrieved from /home/airflow/.local/lib/python3.7/site-packages/airflow/example_dags/example_nested_branch_dag.py
[2022-12-01 21:27:48,791] {logging_mixin.py:109} INFO - [2022-12-01 21:27:48,791] {dag.py:2398} INFO - Sync 1 DAGs
[2022-12-01 21:27:48,804] {logging_mixin.py:109} INFO - [2022-12-01 21:27:48,804] {dag.py:2937} INFO - Setting next_dagrun for example_nested_branch_dag to 2022-11-30 00:00:00+00:00
[2022-12-01 21:27:48,814] {processor.py:171} INFO - Processing /home/airflow/.local/lib/python3.7/site-packages/airflow/example_dags/example_nested_branch_dag.py took 0.057 seconds
[2022-12-01 21:28:19,955] {processor.py:163} INFO - Started process (PID=551) to work on /home/airflow/.local/lib/python3.7/site-packages/airflow/example_dags/example_nested_branch_dag.py
[2022-12-01 21:28:19,956] {processor.py:642} INFO - Processing file /home/airflow/.local/lib/python3.7/site-packages/airflow/example_dags/example_nested_branch_dag.py for tasks to queue
[2022-12-01 21:28:19,956] {logging_mixin.py:109} INFO - [2022-12-01 21:28:19,956] {dagbag.py:500} INFO - Filling up the DagBag from /home/airflow/.local/lib/python3.7/site-packages/airflow/example_dags/example_nested_branch_dag.py
[2022-12-01 21:28:19,981] {processor.py:654} INFO - DAG(s) dict_keys(['example_nested_branch_dag']) retrieved from /home/airflow/.local/lib/python3.7/site-packages/airflow/example_dags/example_nested_branch_dag.py
[2022-12-01 21:28:19,988] {logging_mixin.py:109} INFO - [2022-12-01 21:28:19,988] {dag.py:2398} INFO - Sync 1 DAGs
[2022-12-01 21:28:20,001] {logging_mixin.py:109} INFO - [2022-12-01 21:28:20,000] {dag.py:2937} INFO - Setting next_dagrun for example_nested_branch_dag to 2022-11-30 00:00:00+00:00
[2022-12-01 21:28:20,010] {processor.py:171} INFO - Processing /home/airflow/.local/lib/python3.7/site-packages/airflow/example_dags/example_nested_branch_dag.py took 0.058 seconds
[2022-12-01 21:28:50,458] {processor.py:163} INFO - Started process (PID=624) to work on /home/airflow/.local/lib/python3.7/site-packages/airflow/example_dags/example_nested_branch_dag.py
[2022-12-01 21:28:50,459] {processor.py:642} INFO - Processing file /home/airflow/.local/lib/python3.7/site-packages/airflow/example_dags/example_nested_branch_dag.py for tasks to queue
[2022-12-01 21:28:50,459] {logging_mixin.py:109} INFO - [2022-12-01 21:28:50,459] {dagbag.py:500} INFO - Filling up the DagBag from /home/airflow/.local/lib/python3.7/site-packages/airflow/example_dags/example_nested_branch_dag.py
[2022-12-01 21:28:50,484] {processor.py:654} INFO - DAG(s) dict_keys(['example_nested_branch_dag']) retrieved from /home/airflow/.local/lib/python3.7/site-packages/airflow/example_dags/example_nested_branch_dag.py
[2022-12-01 21:28:50,493] {logging_mixin.py:109} INFO - [2022-12-01 21:28:50,493] {dag.py:2398} INFO - Sync 1 DAGs
[2022-12-01 21:28:50,506] {logging_mixin.py:109} INFO - [2022-12-01 21:28:50,506] {dag.py:2937} INFO - Setting next_dagrun for example_nested_branch_dag to 2022-11-30 00:00:00+00:00
[2022-12-01 21:28:50,520] {processor.py:171} INFO - Processing /home/airflow/.local/lib/python3.7/site-packages/airflow/example_dags/example_nested_branch_dag.py took 0.064 seconds
[2022-12-01 21:29:21,628] {processor.py:163} INFO - Started process (PID=687) to work on /home/airflow/.local/lib/python3.7/site-packages/airflow/example_dags/example_nested_branch_dag.py
[2022-12-01 21:29:21,629] {processor.py:642} INFO - Processing file /home/airflow/.local/lib/python3.7/site-packages/airflow/example_dags/example_nested_branch_dag.py for tasks to queue
[2022-12-01 21:29:21,630] {logging_mixin.py:109} INFO - [2022-12-01 21:29:21,630] {dagbag.py:500} INFO - Filling up the DagBag from /home/airflow/.local/lib/python3.7/site-packages/airflow/example_dags/example_nested_branch_dag.py
[2022-12-01 21:29:21,652] {processor.py:654} INFO - DAG(s) dict_keys(['example_nested_branch_dag']) retrieved from /home/airflow/.local/lib/python3.7/site-packages/airflow/example_dags/example_nested_branch_dag.py
[2022-12-01 21:29:21,659] {logging_mixin.py:109} INFO - [2022-12-01 21:29:21,658] {dag.py:2398} INFO - Sync 1 DAGs
[2022-12-01 21:29:21,670] {logging_mixin.py:109} INFO - [2022-12-01 21:29:21,670] {dag.py:2937} INFO - Setting next_dagrun for example_nested_branch_dag to 2022-11-30 00:00:00+00:00
[2022-12-01 21:29:21,678] {processor.py:171} INFO - Processing /home/airflow/.local/lib/python3.7/site-packages/airflow/example_dags/example_nested_branch_dag.py took 0.051 seconds
[2022-12-01 21:29:53,033] {processor.py:163} INFO - Started process (PID=758) to work on /home/airflow/.local/lib/python3.7/site-packages/airflow/example_dags/example_nested_branch_dag.py
[2022-12-01 21:29:53,034] {processor.py:642} INFO - Processing file /home/airflow/.local/lib/python3.7/site-packages/airflow/example_dags/example_nested_branch_dag.py for tasks to queue
[2022-12-01 21:29:53,034] {logging_mixin.py:109} INFO - [2022-12-01 21:29:53,034] {dagbag.py:500} INFO - Filling up the DagBag from /home/airflow/.local/lib/python3.7/site-packages/airflow/example_dags/example_nested_branch_dag.py
[2022-12-01 21:29:53,058] {processor.py:654} INFO - DAG(s) dict_keys(['example_nested_branch_dag']) retrieved from /home/airflow/.local/lib/python3.7/site-packages/airflow/example_dags/example_nested_branch_dag.py
[2022-12-01 21:29:53,067] {logging_mixin.py:109} INFO - [2022-12-01 21:29:53,067] {dag.py:2398} INFO - Sync 1 DAGs
[2022-12-01 21:29:53,083] {logging_mixin.py:109} INFO - [2022-12-01 21:29:53,083] {dag.py:2937} INFO - Setting next_dagrun for example_nested_branch_dag to 2022-11-30 00:00:00+00:00
[2022-12-01 21:29:53,101] {processor.py:171} INFO - Processing /home/airflow/.local/lib/python3.7/site-packages/airflow/example_dags/example_nested_branch_dag.py took 0.070 seconds
[2022-12-01 21:30:24,171] {processor.py:163} INFO - Started process (PID=820) to work on /home/airflow/.local/lib/python3.7/site-packages/airflow/example_dags/example_nested_branch_dag.py
[2022-12-01 21:30:24,172] {processor.py:642} INFO - Processing file /home/airflow/.local/lib/python3.7/site-packages/airflow/example_dags/example_nested_branch_dag.py for tasks to queue
[2022-12-01 21:30:24,172] {logging_mixin.py:109} INFO - [2022-12-01 21:30:24,172] {dagbag.py:500} INFO - Filling up the DagBag from /home/airflow/.local/lib/python3.7/site-packages/airflow/example_dags/example_nested_branch_dag.py
[2022-12-01 21:30:24,195] {processor.py:654} INFO - DAG(s) dict_keys(['example_nested_branch_dag']) retrieved from /home/airflow/.local/lib/python3.7/site-packages/airflow/example_dags/example_nested_branch_dag.py
[2022-12-01 21:30:24,202] {logging_mixin.py:109} INFO - [2022-12-01 21:30:24,202] {dag.py:2398} INFO - Sync 1 DAGs
[2022-12-01 21:30:24,216] {logging_mixin.py:109} INFO - [2022-12-01 21:30:24,215] {dag.py:2937} INFO - Setting next_dagrun for example_nested_branch_dag to 2022-11-30 00:00:00+00:00
[2022-12-01 21:30:24,224] {processor.py:171} INFO - Processing /home/airflow/.local/lib/python3.7/site-packages/airflow/example_dags/example_nested_branch_dag.py took 0.055 seconds
[2022-12-01 21:30:54,829] {processor.py:163} INFO - Started process (PID=890) to work on /home/airflow/.local/lib/python3.7/site-packages/airflow/example_dags/example_nested_branch_dag.py
[2022-12-01 21:30:54,830] {processor.py:642} INFO - Processing file /home/airflow/.local/lib/python3.7/site-packages/airflow/example_dags/example_nested_branch_dag.py for tasks to queue
[2022-12-01 21:30:54,831] {logging_mixin.py:109} INFO - [2022-12-01 21:30:54,830] {dagbag.py:500} INFO - Filling up the DagBag from /home/airflow/.local/lib/python3.7/site-packages/airflow/example_dags/example_nested_branch_dag.py
[2022-12-01 21:30:54,855] {processor.py:654} INFO - DAG(s) dict_keys(['example_nested_branch_dag']) retrieved from /home/airflow/.local/lib/python3.7/site-packages/airflow/example_dags/example_nested_branch_dag.py
[2022-12-01 21:30:54,866] {logging_mixin.py:109} INFO - [2022-12-01 21:30:54,866] {dag.py:2398} INFO - Sync 1 DAGs
[2022-12-01 21:30:54,888] {logging_mixin.py:109} INFO - [2022-12-01 21:30:54,887] {dag.py:2937} INFO - Setting next_dagrun for example_nested_branch_dag to 2022-11-30 00:00:00+00:00
[2022-12-01 21:30:54,904] {processor.py:171} INFO - Processing /home/airflow/.local/lib/python3.7/site-packages/airflow/example_dags/example_nested_branch_dag.py took 0.077 seconds
[2022-12-01 21:31:25,856] {processor.py:163} INFO - Started process (PID=953) to work on /home/airflow/.local/lib/python3.7/site-packages/airflow/example_dags/example_nested_branch_dag.py
[2022-12-01 21:31:25,857] {processor.py:642} INFO - Processing file /home/airflow/.local/lib/python3.7/site-packages/airflow/example_dags/example_nested_branch_dag.py for tasks to queue
[2022-12-01 21:31:25,857] {logging_mixin.py:109} INFO - [2022-12-01 21:31:25,857] {dagbag.py:500} INFO - Filling up the DagBag from /home/airflow/.local/lib/python3.7/site-packages/airflow/example_dags/example_nested_branch_dag.py
[2022-12-01 21:31:25,878] {processor.py:654} INFO - DAG(s) dict_keys(['example_nested_branch_dag']) retrieved from /home/airflow/.local/lib/python3.7/site-packages/airflow/example_dags/example_nested_branch_dag.py
[2022-12-01 21:31:25,885] {logging_mixin.py:109} INFO - [2022-12-01 21:31:25,885] {dag.py:2398} INFO - Sync 1 DAGs
[2022-12-01 21:31:25,897] {logging_mixin.py:109} INFO - [2022-12-01 21:31:25,897] {dag.py:2937} INFO - Setting next_dagrun for example_nested_branch_dag to 2022-11-30 00:00:00+00:00
[2022-12-01 21:31:25,905] {processor.py:171} INFO - Processing /home/airflow/.local/lib/python3.7/site-packages/airflow/example_dags/example_nested_branch_dag.py took 0.051 seconds
[2022-12-01 21:31:55,938] {processor.py:163} INFO - Started process (PID=1015) to work on /home/airflow/.local/lib/python3.7/site-packages/airflow/example_dags/example_nested_branch_dag.py
[2022-12-01 21:31:55,938] {processor.py:642} INFO - Processing file /home/airflow/.local/lib/python3.7/site-packages/airflow/example_dags/example_nested_branch_dag.py for tasks to queue
[2022-12-01 21:31:55,939] {logging_mixin.py:109} INFO - [2022-12-01 21:31:55,939] {dagbag.py:500} INFO - Filling up the DagBag from /home/airflow/.local/lib/python3.7/site-packages/airflow/example_dags/example_nested_branch_dag.py
[2022-12-01 21:31:55,960] {processor.py:654} INFO - DAG(s) dict_keys(['example_nested_branch_dag']) retrieved from /home/airflow/.local/lib/python3.7/site-packages/airflow/example_dags/example_nested_branch_dag.py
[2022-12-01 21:31:55,967] {logging_mixin.py:109} INFO - [2022-12-01 21:31:55,967] {dag.py:2398} INFO - Sync 1 DAGs
[2022-12-01 21:31:55,979] {logging_mixin.py:109} INFO - [2022-12-01 21:31:55,979] {dag.py:2937} INFO - Setting next_dagrun for example_nested_branch_dag to 2022-11-30 00:00:00+00:00
[2022-12-01 21:31:55,992] {processor.py:171} INFO - Processing /home/airflow/.local/lib/python3.7/site-packages/airflow/example_dags/example_nested_branch_dag.py took 0.057 seconds
[2022-12-01 21:32:26,280] {processor.py:163} INFO - Started process (PID=1077) to work on /home/airflow/.local/lib/python3.7/site-packages/airflow/example_dags/example_nested_branch_dag.py
[2022-12-01 21:32:26,281] {processor.py:642} INFO - Processing file /home/airflow/.local/lib/python3.7/site-packages/airflow/example_dags/example_nested_branch_dag.py for tasks to queue
[2022-12-01 21:32:26,281] {logging_mixin.py:109} INFO - [2022-12-01 21:32:26,281] {dagbag.py:500} INFO - Filling up the DagBag from /home/airflow/.local/lib/python3.7/site-packages/airflow/example_dags/example_nested_branch_dag.py
[2022-12-01 21:32:26,304] {processor.py:654} INFO - DAG(s) dict_keys(['example_nested_branch_dag']) retrieved from /home/airflow/.local/lib/python3.7/site-packages/airflow/example_dags/example_nested_branch_dag.py
[2022-12-01 21:32:26,312] {logging_mixin.py:109} INFO - [2022-12-01 21:32:26,312] {dag.py:2398} INFO - Sync 1 DAGs
[2022-12-01 21:32:26,324] {logging_mixin.py:109} INFO - [2022-12-01 21:32:26,324] {dag.py:2937} INFO - Setting next_dagrun for example_nested_branch_dag to 2022-11-30 00:00:00+00:00
[2022-12-01 21:32:26,337] {processor.py:171} INFO - Processing /home/airflow/.local/lib/python3.7/site-packages/airflow/example_dags/example_nested_branch_dag.py took 0.059 seconds
[2022-12-01 21:32:56,603] {processor.py:163} INFO - Started process (PID=1148) to work on /home/airflow/.local/lib/python3.7/site-packages/airflow/example_dags/example_nested_branch_dag.py
[2022-12-01 21:32:56,604] {processor.py:642} INFO - Processing file /home/airflow/.local/lib/python3.7/site-packages/airflow/example_dags/example_nested_branch_dag.py for tasks to queue
[2022-12-01 21:32:56,604] {logging_mixin.py:109} INFO - [2022-12-01 21:32:56,604] {dagbag.py:500} INFO - Filling up the DagBag from /home/airflow/.local/lib/python3.7/site-packages/airflow/example_dags/example_nested_branch_dag.py
[2022-12-01 21:32:56,626] {processor.py:654} INFO - DAG(s) dict_keys(['example_nested_branch_dag']) retrieved from /home/airflow/.local/lib/python3.7/site-packages/airflow/example_dags/example_nested_branch_dag.py
[2022-12-01 21:32:56,634] {logging_mixin.py:109} INFO - [2022-12-01 21:32:56,634] {dag.py:2398} INFO - Sync 1 DAGs
[2022-12-01 21:32:56,645] {logging_mixin.py:109} INFO - [2022-12-01 21:32:56,645] {dag.py:2937} INFO - Setting next_dagrun for example_nested_branch_dag to 2022-11-30 00:00:00+00:00
[2022-12-01 21:32:56,659] {processor.py:171} INFO - Processing /home/airflow/.local/lib/python3.7/site-packages/airflow/example_dags/example_nested_branch_dag.py took 0.058 seconds
[2022-12-01 21:33:27,020] {processor.py:163} INFO - Started process (PID=1211) to work on /home/airflow/.local/lib/python3.7/site-packages/airflow/example_dags/example_nested_branch_dag.py
[2022-12-01 21:33:27,020] {processor.py:642} INFO - Processing file /home/airflow/.local/lib/python3.7/site-packages/airflow/example_dags/example_nested_branch_dag.py for tasks to queue
[2022-12-01 21:33:27,021] {logging_mixin.py:109} INFO - [2022-12-01 21:33:27,021] {dagbag.py:500} INFO - Filling up the DagBag from /home/airflow/.local/lib/python3.7/site-packages/airflow/example_dags/example_nested_branch_dag.py
[2022-12-01 21:33:27,044] {processor.py:654} INFO - DAG(s) dict_keys(['example_nested_branch_dag']) retrieved from /home/airflow/.local/lib/python3.7/site-packages/airflow/example_dags/example_nested_branch_dag.py
[2022-12-01 21:33:27,050] {logging_mixin.py:109} INFO - [2022-12-01 21:33:27,050] {dag.py:2398} INFO - Sync 1 DAGs
[2022-12-01 21:33:27,062] {logging_mixin.py:109} INFO - [2022-12-01 21:33:27,062] {dag.py:2937} INFO - Setting next_dagrun for example_nested_branch_dag to 2022-11-30 00:00:00+00:00
[2022-12-01 21:33:27,076] {processor.py:171} INFO - Processing /home/airflow/.local/lib/python3.7/site-packages/airflow/example_dags/example_nested_branch_dag.py took 0.058 seconds
[2022-12-01 21:33:57,538] {processor.py:163} INFO - Started process (PID=1283) to work on /home/airflow/.local/lib/python3.7/site-packages/airflow/example_dags/example_nested_branch_dag.py
[2022-12-01 21:33:57,539] {processor.py:642} INFO - Processing file /home/airflow/.local/lib/python3.7/site-packages/airflow/example_dags/example_nested_branch_dag.py for tasks to queue
[2022-12-01 21:33:57,540] {logging_mixin.py:109} INFO - [2022-12-01 21:33:57,539] {dagbag.py:500} INFO - Filling up the DagBag from /home/airflow/.local/lib/python3.7/site-packages/airflow/example_dags/example_nested_branch_dag.py
[2022-12-01 21:33:57,562] {processor.py:654} INFO - DAG(s) dict_keys(['example_nested_branch_dag']) retrieved from /home/airflow/.local/lib/python3.7/site-packages/airflow/example_dags/example_nested_branch_dag.py
[2022-12-01 21:33:57,569] {logging_mixin.py:109} INFO - [2022-12-01 21:33:57,569] {dag.py:2398} INFO - Sync 1 DAGs
[2022-12-01 21:33:57,582] {logging_mixin.py:109} INFO - [2022-12-01 21:33:57,582] {dag.py:2937} INFO - Setting next_dagrun for example_nested_branch_dag to 2022-11-30 00:00:00+00:00
[2022-12-01 21:33:57,595] {processor.py:171} INFO - Processing /home/airflow/.local/lib/python3.7/site-packages/airflow/example_dags/example_nested_branch_dag.py took 0.059 seconds
[2022-12-01 21:34:27,792] {processor.py:163} INFO - Started process (PID=1345) to work on /home/airflow/.local/lib/python3.7/site-packages/airflow/example_dags/example_nested_branch_dag.py
[2022-12-01 21:34:27,792] {processor.py:642} INFO - Processing file /home/airflow/.local/lib/python3.7/site-packages/airflow/example_dags/example_nested_branch_dag.py for tasks to queue
[2022-12-01 21:34:27,793] {logging_mixin.py:109} INFO - [2022-12-01 21:34:27,793] {dagbag.py:500} INFO - Filling up the DagBag from /home/airflow/.local/lib/python3.7/site-packages/airflow/example_dags/example_nested_branch_dag.py
[2022-12-01 21:34:27,815] {processor.py:654} INFO - DAG(s) dict_keys(['example_nested_branch_dag']) retrieved from /home/airflow/.local/lib/python3.7/site-packages/airflow/example_dags/example_nested_branch_dag.py
[2022-12-01 21:34:27,821] {logging_mixin.py:109} INFO - [2022-12-01 21:34:27,821] {dag.py:2398} INFO - Sync 1 DAGs
[2022-12-01 21:34:27,832] {logging_mixin.py:109} INFO - [2022-12-01 21:34:27,832] {dag.py:2937} INFO - Setting next_dagrun for example_nested_branch_dag to 2022-11-30 00:00:00+00:00
[2022-12-01 21:34:27,843] {processor.py:171} INFO - Processing /home/airflow/.local/lib/python3.7/site-packages/airflow/example_dags/example_nested_branch_dag.py took 0.054 seconds
[2022-12-01 21:34:58,216] {processor.py:163} INFO - Started process (PID=1416) to work on /home/airflow/.local/lib/python3.7/site-packages/airflow/example_dags/example_nested_branch_dag.py
[2022-12-01 21:34:58,217] {processor.py:642} INFO - Processing file /home/airflow/.local/lib/python3.7/site-packages/airflow/example_dags/example_nested_branch_dag.py for tasks to queue
[2022-12-01 21:34:58,217] {logging_mixin.py:109} INFO - [2022-12-01 21:34:58,217] {dagbag.py:500} INFO - Filling up the DagBag from /home/airflow/.local/lib/python3.7/site-packages/airflow/example_dags/example_nested_branch_dag.py
[2022-12-01 21:34:58,241] {processor.py:654} INFO - DAG(s) dict_keys(['example_nested_branch_dag']) retrieved from /home/airflow/.local/lib/python3.7/site-packages/airflow/example_dags/example_nested_branch_dag.py
[2022-12-01 21:34:58,250] {logging_mixin.py:109} INFO - [2022-12-01 21:34:58,249] {dag.py:2398} INFO - Sync 1 DAGs
[2022-12-01 21:34:58,269] {logging_mixin.py:109} INFO - [2022-12-01 21:34:58,269] {dag.py:2937} INFO - Setting next_dagrun for example_nested_branch_dag to 2022-11-30 00:00:00+00:00
[2022-12-01 21:34:58,294] {processor.py:171} INFO - Processing /home/airflow/.local/lib/python3.7/site-packages/airflow/example_dags/example_nested_branch_dag.py took 0.080 seconds
[2022-12-01 21:35:28,470] {processor.py:163} INFO - Started process (PID=1478) to work on /home/airflow/.local/lib/python3.7/site-packages/airflow/example_dags/example_nested_branch_dag.py
[2022-12-01 21:35:28,471] {processor.py:642} INFO - Processing file /home/airflow/.local/lib/python3.7/site-packages/airflow/example_dags/example_nested_branch_dag.py for tasks to queue
[2022-12-01 21:35:28,472] {logging_mixin.py:109} INFO - [2022-12-01 21:35:28,472] {dagbag.py:500} INFO - Filling up the DagBag from /home/airflow/.local/lib/python3.7/site-packages/airflow/example_dags/example_nested_branch_dag.py
[2022-12-01 21:35:28,495] {processor.py:654} INFO - DAG(s) dict_keys(['example_nested_branch_dag']) retrieved from /home/airflow/.local/lib/python3.7/site-packages/airflow/example_dags/example_nested_branch_dag.py
[2022-12-01 21:35:28,503] {logging_mixin.py:109} INFO - [2022-12-01 21:35:28,503] {dag.py:2398} INFO - Sync 1 DAGs
[2022-12-01 21:35:28,515] {logging_mixin.py:109} INFO - [2022-12-01 21:35:28,515] {dag.py:2937} INFO - Setting next_dagrun for example_nested_branch_dag to 2022-11-30 00:00:00+00:00
[2022-12-01 21:35:28,539] {processor.py:171} INFO - Processing /home/airflow/.local/lib/python3.7/site-packages/airflow/example_dags/example_nested_branch_dag.py took 0.071 seconds
[2022-12-01 21:35:58,747] {processor.py:163} INFO - Started process (PID=1550) to work on /home/airflow/.local/lib/python3.7/site-packages/airflow/example_dags/example_nested_branch_dag.py
[2022-12-01 21:35:58,748] {processor.py:642} INFO - Processing file /home/airflow/.local/lib/python3.7/site-packages/airflow/example_dags/example_nested_branch_dag.py for tasks to queue
[2022-12-01 21:35:58,748] {logging_mixin.py:109} INFO - [2022-12-01 21:35:58,748] {dagbag.py:500} INFO - Filling up the DagBag from /home/airflow/.local/lib/python3.7/site-packages/airflow/example_dags/example_nested_branch_dag.py
[2022-12-01 21:35:58,774] {processor.py:654} INFO - DAG(s) dict_keys(['example_nested_branch_dag']) retrieved from /home/airflow/.local/lib/python3.7/site-packages/airflow/example_dags/example_nested_branch_dag.py
[2022-12-01 21:35:58,782] {logging_mixin.py:109} INFO - [2022-12-01 21:35:58,781] {dag.py:2398} INFO - Sync 1 DAGs
[2022-12-01 21:35:58,795] {logging_mixin.py:109} INFO - [2022-12-01 21:35:58,795] {dag.py:2937} INFO - Setting next_dagrun for example_nested_branch_dag to 2022-11-30 00:00:00+00:00
[2022-12-01 21:35:58,809] {processor.py:171} INFO - Processing /home/airflow/.local/lib/python3.7/site-packages/airflow/example_dags/example_nested_branch_dag.py took 0.064 seconds
[2022-12-01 21:36:29,077] {processor.py:163} INFO - Started process (PID=1612) to work on /home/airflow/.local/lib/python3.7/site-packages/airflow/example_dags/example_nested_branch_dag.py
[2022-12-01 21:36:29,078] {processor.py:642} INFO - Processing file /home/airflow/.local/lib/python3.7/site-packages/airflow/example_dags/example_nested_branch_dag.py for tasks to queue
[2022-12-01 21:36:29,078] {logging_mixin.py:109} INFO - [2022-12-01 21:36:29,078] {dagbag.py:500} INFO - Filling up the DagBag from /home/airflow/.local/lib/python3.7/site-packages/airflow/example_dags/example_nested_branch_dag.py
[2022-12-01 21:36:29,100] {processor.py:654} INFO - DAG(s) dict_keys(['example_nested_branch_dag']) retrieved from /home/airflow/.local/lib/python3.7/site-packages/airflow/example_dags/example_nested_branch_dag.py
[2022-12-01 21:36:29,107] {logging_mixin.py:109} INFO - [2022-12-01 21:36:29,107] {dag.py:2398} INFO - Sync 1 DAGs
[2022-12-01 21:36:29,119] {logging_mixin.py:109} INFO - [2022-12-01 21:36:29,118] {dag.py:2937} INFO - Setting next_dagrun for example_nested_branch_dag to 2022-11-30 00:00:00+00:00
[2022-12-01 21:36:29,132] {processor.py:171} INFO - Processing /home/airflow/.local/lib/python3.7/site-packages/airflow/example_dags/example_nested_branch_dag.py took 0.057 seconds
[2022-12-01 21:36:59,273] {processor.py:163} INFO - Started process (PID=1683) to work on /home/airflow/.local/lib/python3.7/site-packages/airflow/example_dags/example_nested_branch_dag.py
[2022-12-01 21:36:59,274] {processor.py:642} INFO - Processing file /home/airflow/.local/lib/python3.7/site-packages/airflow/example_dags/example_nested_branch_dag.py for tasks to queue
[2022-12-01 21:36:59,274] {logging_mixin.py:109} INFO - [2022-12-01 21:36:59,274] {dagbag.py:500} INFO - Filling up the DagBag from /home/airflow/.local/lib/python3.7/site-packages/airflow/example_dags/example_nested_branch_dag.py
[2022-12-01 21:36:59,296] {processor.py:654} INFO - DAG(s) dict_keys(['example_nested_branch_dag']) retrieved from /home/airflow/.local/lib/python3.7/site-packages/airflow/example_dags/example_nested_branch_dag.py
[2022-12-01 21:36:59,304] {logging_mixin.py:109} INFO - [2022-12-01 21:36:59,304] {dag.py:2398} INFO - Sync 1 DAGs
[2022-12-01 21:36:59,317] {logging_mixin.py:109} INFO - [2022-12-01 21:36:59,317] {dag.py:2937} INFO - Setting next_dagrun for example_nested_branch_dag to 2022-11-30 00:00:00+00:00
[2022-12-01 21:36:59,331] {processor.py:171} INFO - Processing /home/airflow/.local/lib/python3.7/site-packages/airflow/example_dags/example_nested_branch_dag.py took 0.060 seconds
[2022-12-01 21:37:29,583] {processor.py:163} INFO - Started process (PID=1745) to work on /home/airflow/.local/lib/python3.7/site-packages/airflow/example_dags/example_nested_branch_dag.py
[2022-12-01 21:37:29,584] {processor.py:642} INFO - Processing file /home/airflow/.local/lib/python3.7/site-packages/airflow/example_dags/example_nested_branch_dag.py for tasks to queue
[2022-12-01 21:37:29,585] {logging_mixin.py:109} INFO - [2022-12-01 21:37:29,584] {dagbag.py:500} INFO - Filling up the DagBag from /home/airflow/.local/lib/python3.7/site-packages/airflow/example_dags/example_nested_branch_dag.py
[2022-12-01 21:37:29,606] {processor.py:654} INFO - DAG(s) dict_keys(['example_nested_branch_dag']) retrieved from /home/airflow/.local/lib/python3.7/site-packages/airflow/example_dags/example_nested_branch_dag.py
[2022-12-01 21:37:29,613] {logging_mixin.py:109} INFO - [2022-12-01 21:37:29,613] {dag.py:2398} INFO - Sync 1 DAGs
[2022-12-01 21:37:29,624] {logging_mixin.py:109} INFO - [2022-12-01 21:37:29,624] {dag.py:2937} INFO - Setting next_dagrun for example_nested_branch_dag to 2022-11-30 00:00:00+00:00
[2022-12-01 21:37:29,632] {processor.py:171} INFO - Processing /home/airflow/.local/lib/python3.7/site-packages/airflow/example_dags/example_nested_branch_dag.py took 0.050 seconds
[2022-12-01 21:37:59,847] {processor.py:163} INFO - Started process (PID=1816) to work on /home/airflow/.local/lib/python3.7/site-packages/airflow/example_dags/example_nested_branch_dag.py
[2022-12-01 21:37:59,847] {processor.py:642} INFO - Processing file /home/airflow/.local/lib/python3.7/site-packages/airflow/example_dags/example_nested_branch_dag.py for tasks to queue
[2022-12-01 21:37:59,848] {logging_mixin.py:109} INFO - [2022-12-01 21:37:59,848] {dagbag.py:500} INFO - Filling up the DagBag from /home/airflow/.local/lib/python3.7/site-packages/airflow/example_dags/example_nested_branch_dag.py
[2022-12-01 21:37:59,878] {processor.py:654} INFO - DAG(s) dict_keys(['example_nested_branch_dag']) retrieved from /home/airflow/.local/lib/python3.7/site-packages/airflow/example_dags/example_nested_branch_dag.py
[2022-12-01 21:37:59,885] {logging_mixin.py:109} INFO - [2022-12-01 21:37:59,885] {dag.py:2398} INFO - Sync 1 DAGs
[2022-12-01 21:37:59,901] {logging_mixin.py:109} INFO - [2022-12-01 21:37:59,901] {dag.py:2937} INFO - Setting next_dagrun for example_nested_branch_dag to 2022-11-30 00:00:00+00:00
[2022-12-01 21:37:59,918] {processor.py:171} INFO - Processing /home/airflow/.local/lib/python3.7/site-packages/airflow/example_dags/example_nested_branch_dag.py took 0.073 seconds
[2022-12-01 21:38:30,123] {processor.py:163} INFO - Started process (PID=1878) to work on /home/airflow/.local/lib/python3.7/site-packages/airflow/example_dags/example_nested_branch_dag.py
[2022-12-01 21:38:30,123] {processor.py:642} INFO - Processing file /home/airflow/.local/lib/python3.7/site-packages/airflow/example_dags/example_nested_branch_dag.py for tasks to queue
[2022-12-01 21:38:30,124] {logging_mixin.py:109} INFO - [2022-12-01 21:38:30,124] {dagbag.py:500} INFO - Filling up the DagBag from /home/airflow/.local/lib/python3.7/site-packages/airflow/example_dags/example_nested_branch_dag.py
[2022-12-01 21:38:30,146] {processor.py:654} INFO - DAG(s) dict_keys(['example_nested_branch_dag']) retrieved from /home/airflow/.local/lib/python3.7/site-packages/airflow/example_dags/example_nested_branch_dag.py
[2022-12-01 21:38:30,154] {logging_mixin.py:109} INFO - [2022-12-01 21:38:30,153] {dag.py:2398} INFO - Sync 1 DAGs
[2022-12-01 21:38:30,165] {logging_mixin.py:109} INFO - [2022-12-01 21:38:30,165] {dag.py:2937} INFO - Setting next_dagrun for example_nested_branch_dag to 2022-11-30 00:00:00+00:00
[2022-12-01 21:38:30,178] {processor.py:171} INFO - Processing /home/airflow/.local/lib/python3.7/site-packages/airflow/example_dags/example_nested_branch_dag.py took 0.058 seconds
[2022-12-01 21:39:00,600] {processor.py:163} INFO - Started process (PID=1949) to work on /home/airflow/.local/lib/python3.7/site-packages/airflow/example_dags/example_nested_branch_dag.py
[2022-12-01 21:39:00,601] {processor.py:642} INFO - Processing file /home/airflow/.local/lib/python3.7/site-packages/airflow/example_dags/example_nested_branch_dag.py for tasks to queue
[2022-12-01 21:39:00,601] {logging_mixin.py:109} INFO - [2022-12-01 21:39:00,601] {dagbag.py:500} INFO - Filling up the DagBag from /home/airflow/.local/lib/python3.7/site-packages/airflow/example_dags/example_nested_branch_dag.py
[2022-12-01 21:39:00,627] {processor.py:654} INFO - DAG(s) dict_keys(['example_nested_branch_dag']) retrieved from /home/airflow/.local/lib/python3.7/site-packages/airflow/example_dags/example_nested_branch_dag.py
[2022-12-01 21:39:00,635] {logging_mixin.py:109} INFO - [2022-12-01 21:39:00,635] {dag.py:2398} INFO - Sync 1 DAGs
[2022-12-01 21:39:00,650] {logging_mixin.py:109} INFO - [2022-12-01 21:39:00,650] {dag.py:2937} INFO - Setting next_dagrun for example_nested_branch_dag to 2022-11-30 00:00:00+00:00
[2022-12-01 21:39:00,665] {processor.py:171} INFO - Processing /home/airflow/.local/lib/python3.7/site-packages/airflow/example_dags/example_nested_branch_dag.py took 0.068 seconds
[2022-12-01 21:39:30,856] {processor.py:163} INFO - Started process (PID=2011) to work on /home/airflow/.local/lib/python3.7/site-packages/airflow/example_dags/example_nested_branch_dag.py
[2022-12-01 21:39:30,857] {processor.py:642} INFO - Processing file /home/airflow/.local/lib/python3.7/site-packages/airflow/example_dags/example_nested_branch_dag.py for tasks to queue
[2022-12-01 21:39:30,857] {logging_mixin.py:109} INFO - [2022-12-01 21:39:30,857] {dagbag.py:500} INFO - Filling up the DagBag from /home/airflow/.local/lib/python3.7/site-packages/airflow/example_dags/example_nested_branch_dag.py
[2022-12-01 21:39:30,879] {processor.py:654} INFO - DAG(s) dict_keys(['example_nested_branch_dag']) retrieved from /home/airflow/.local/lib/python3.7/site-packages/airflow/example_dags/example_nested_branch_dag.py
[2022-12-01 21:39:30,886] {logging_mixin.py:109} INFO - [2022-12-01 21:39:30,886] {dag.py:2398} INFO - Sync 1 DAGs
[2022-12-01 21:39:30,898] {logging_mixin.py:109} INFO - [2022-12-01 21:39:30,898] {dag.py:2937} INFO - Setting next_dagrun for example_nested_branch_dag to 2022-11-30 00:00:00+00:00
[2022-12-01 21:39:30,913] {processor.py:171} INFO - Processing /home/airflow/.local/lib/python3.7/site-packages/airflow/example_dags/example_nested_branch_dag.py took 0.059 seconds
[2022-12-01 21:40:01,250] {processor.py:163} INFO - Started process (PID=2082) to work on /home/airflow/.local/lib/python3.7/site-packages/airflow/example_dags/example_nested_branch_dag.py
[2022-12-01 21:40:01,251] {processor.py:642} INFO - Processing file /home/airflow/.local/lib/python3.7/site-packages/airflow/example_dags/example_nested_branch_dag.py for tasks to queue
[2022-12-01 21:40:01,251] {logging_mixin.py:109} INFO - [2022-12-01 21:40:01,251] {dagbag.py:500} INFO - Filling up the DagBag from /home/airflow/.local/lib/python3.7/site-packages/airflow/example_dags/example_nested_branch_dag.py
[2022-12-01 21:40:01,274] {processor.py:654} INFO - DAG(s) dict_keys(['example_nested_branch_dag']) retrieved from /home/airflow/.local/lib/python3.7/site-packages/airflow/example_dags/example_nested_branch_dag.py
[2022-12-01 21:40:01,281] {logging_mixin.py:109} INFO - [2022-12-01 21:40:01,281] {dag.py:2398} INFO - Sync 1 DAGs
[2022-12-01 21:40:01,292] {logging_mixin.py:109} INFO - [2022-12-01 21:40:01,292] {dag.py:2937} INFO - Setting next_dagrun for example_nested_branch_dag to 2022-11-30 00:00:00+00:00
[2022-12-01 21:40:01,307] {processor.py:171} INFO - Processing /home/airflow/.local/lib/python3.7/site-packages/airflow/example_dags/example_nested_branch_dag.py took 0.060 seconds
[2022-12-01 21:40:31,571] {processor.py:163} INFO - Started process (PID=2144) to work on /home/airflow/.local/lib/python3.7/site-packages/airflow/example_dags/example_nested_branch_dag.py
[2022-12-01 21:40:31,572] {processor.py:642} INFO - Processing file /home/airflow/.local/lib/python3.7/site-packages/airflow/example_dags/example_nested_branch_dag.py for tasks to queue
[2022-12-01 21:40:31,572] {logging_mixin.py:109} INFO - [2022-12-01 21:40:31,572] {dagbag.py:500} INFO - Filling up the DagBag from /home/airflow/.local/lib/python3.7/site-packages/airflow/example_dags/example_nested_branch_dag.py
[2022-12-01 21:40:31,595] {processor.py:654} INFO - DAG(s) dict_keys(['example_nested_branch_dag']) retrieved from /home/airflow/.local/lib/python3.7/site-packages/airflow/example_dags/example_nested_branch_dag.py
[2022-12-01 21:40:31,602] {logging_mixin.py:109} INFO - [2022-12-01 21:40:31,602] {dag.py:2398} INFO - Sync 1 DAGs
[2022-12-01 21:40:31,614] {logging_mixin.py:109} INFO - [2022-12-01 21:40:31,614] {dag.py:2937} INFO - Setting next_dagrun for example_nested_branch_dag to 2022-11-30 00:00:00+00:00
[2022-12-01 21:40:31,628] {processor.py:171} INFO - Processing /home/airflow/.local/lib/python3.7/site-packages/airflow/example_dags/example_nested_branch_dag.py took 0.059 seconds
[2022-12-01 21:41:01,921] {processor.py:163} INFO - Started process (PID=2215) to work on /home/airflow/.local/lib/python3.7/site-packages/airflow/example_dags/example_nested_branch_dag.py
[2022-12-01 21:41:01,922] {processor.py:642} INFO - Processing file /home/airflow/.local/lib/python3.7/site-packages/airflow/example_dags/example_nested_branch_dag.py for tasks to queue
[2022-12-01 21:41:01,922] {logging_mixin.py:109} INFO - [2022-12-01 21:41:01,922] {dagbag.py:500} INFO - Filling up the DagBag from /home/airflow/.local/lib/python3.7/site-packages/airflow/example_dags/example_nested_branch_dag.py
[2022-12-01 21:41:01,944] {processor.py:654} INFO - DAG(s) dict_keys(['example_nested_branch_dag']) retrieved from /home/airflow/.local/lib/python3.7/site-packages/airflow/example_dags/example_nested_branch_dag.py
[2022-12-01 21:41:01,951] {logging_mixin.py:109} INFO - [2022-12-01 21:41:01,951] {dag.py:2398} INFO - Sync 1 DAGs
[2022-12-01 21:41:01,963] {logging_mixin.py:109} INFO - [2022-12-01 21:41:01,963] {dag.py:2937} INFO - Setting next_dagrun for example_nested_branch_dag to 2022-11-30 00:00:00+00:00
[2022-12-01 21:41:01,972] {processor.py:171} INFO - Processing /home/airflow/.local/lib/python3.7/site-packages/airflow/example_dags/example_nested_branch_dag.py took 0.054 seconds
[2022-12-01 21:41:32,230] {processor.py:163} INFO - Started process (PID=2277) to work on /home/airflow/.local/lib/python3.7/site-packages/airflow/example_dags/example_nested_branch_dag.py
[2022-12-01 21:41:32,230] {processor.py:642} INFO - Processing file /home/airflow/.local/lib/python3.7/site-packages/airflow/example_dags/example_nested_branch_dag.py for tasks to queue
[2022-12-01 21:41:32,231] {logging_mixin.py:109} INFO - [2022-12-01 21:41:32,231] {dagbag.py:500} INFO - Filling up the DagBag from /home/airflow/.local/lib/python3.7/site-packages/airflow/example_dags/example_nested_branch_dag.py
[2022-12-01 21:41:32,252] {processor.py:654} INFO - DAG(s) dict_keys(['example_nested_branch_dag']) retrieved from /home/airflow/.local/lib/python3.7/site-packages/airflow/example_dags/example_nested_branch_dag.py
[2022-12-01 21:41:32,259] {logging_mixin.py:109} INFO - [2022-12-01 21:41:32,259] {dag.py:2398} INFO - Sync 1 DAGs
[2022-12-01 21:41:32,270] {logging_mixin.py:109} INFO - [2022-12-01 21:41:32,270] {dag.py:2937} INFO - Setting next_dagrun for example_nested_branch_dag to 2022-11-30 00:00:00+00:00
[2022-12-01 21:41:32,296] {processor.py:171} INFO - Processing /home/airflow/.local/lib/python3.7/site-packages/airflow/example_dags/example_nested_branch_dag.py took 0.068 seconds
[2022-12-01 21:42:02,500] {processor.py:163} INFO - Started process (PID=2349) to work on /home/airflow/.local/lib/python3.7/site-packages/airflow/example_dags/example_nested_branch_dag.py
[2022-12-01 21:42:02,510] {processor.py:642} INFO - Processing file /home/airflow/.local/lib/python3.7/site-packages/airflow/example_dags/example_nested_branch_dag.py for tasks to queue
[2022-12-01 21:42:02,511] {logging_mixin.py:109} INFO - [2022-12-01 21:42:02,511] {dagbag.py:500} INFO - Filling up the DagBag from /home/airflow/.local/lib/python3.7/site-packages/airflow/example_dags/example_nested_branch_dag.py
[2022-12-01 21:42:02,535] {processor.py:654} INFO - DAG(s) dict_keys(['example_nested_branch_dag']) retrieved from /home/airflow/.local/lib/python3.7/site-packages/airflow/example_dags/example_nested_branch_dag.py
[2022-12-01 21:42:02,542] {logging_mixin.py:109} INFO - [2022-12-01 21:42:02,542] {dag.py:2398} INFO - Sync 1 DAGs
[2022-12-01 21:42:02,553] {logging_mixin.py:109} INFO - [2022-12-01 21:42:02,553] {dag.py:2937} INFO - Setting next_dagrun for example_nested_branch_dag to 2022-11-30 00:00:00+00:00
[2022-12-01 21:42:02,561] {processor.py:171} INFO - Processing /home/airflow/.local/lib/python3.7/site-packages/airflow/example_dags/example_nested_branch_dag.py took 0.062 seconds
[2022-12-01 21:42:32,625] {processor.py:163} INFO - Started process (PID=2411) to work on /home/airflow/.local/lib/python3.7/site-packages/airflow/example_dags/example_nested_branch_dag.py
[2022-12-01 21:42:32,625] {processor.py:642} INFO - Processing file /home/airflow/.local/lib/python3.7/site-packages/airflow/example_dags/example_nested_branch_dag.py for tasks to queue
[2022-12-01 21:42:32,626] {logging_mixin.py:109} INFO - [2022-12-01 21:42:32,626] {dagbag.py:500} INFO - Filling up the DagBag from /home/airflow/.local/lib/python3.7/site-packages/airflow/example_dags/example_nested_branch_dag.py
[2022-12-01 21:42:32,648] {processor.py:654} INFO - DAG(s) dict_keys(['example_nested_branch_dag']) retrieved from /home/airflow/.local/lib/python3.7/site-packages/airflow/example_dags/example_nested_branch_dag.py
[2022-12-01 21:42:32,654] {logging_mixin.py:109} INFO - [2022-12-01 21:42:32,654] {dag.py:2398} INFO - Sync 1 DAGs
[2022-12-01 21:42:32,666] {logging_mixin.py:109} INFO - [2022-12-01 21:42:32,666] {dag.py:2937} INFO - Setting next_dagrun for example_nested_branch_dag to 2022-11-30 00:00:00+00:00
[2022-12-01 21:42:32,685] {processor.py:171} INFO - Processing /home/airflow/.local/lib/python3.7/site-packages/airflow/example_dags/example_nested_branch_dag.py took 0.062 seconds
[2022-12-01 21:43:03,010] {processor.py:163} INFO - Started process (PID=2483) to work on /home/airflow/.local/lib/python3.7/site-packages/airflow/example_dags/example_nested_branch_dag.py
[2022-12-01 21:43:03,011] {processor.py:642} INFO - Processing file /home/airflow/.local/lib/python3.7/site-packages/airflow/example_dags/example_nested_branch_dag.py for tasks to queue
[2022-12-01 21:43:03,011] {logging_mixin.py:109} INFO - [2022-12-01 21:43:03,011] {dagbag.py:500} INFO - Filling up the DagBag from /home/airflow/.local/lib/python3.7/site-packages/airflow/example_dags/example_nested_branch_dag.py
[2022-12-01 21:43:03,036] {processor.py:654} INFO - DAG(s) dict_keys(['example_nested_branch_dag']) retrieved from /home/airflow/.local/lib/python3.7/site-packages/airflow/example_dags/example_nested_branch_dag.py
[2022-12-01 21:43:03,044] {logging_mixin.py:109} INFO - [2022-12-01 21:43:03,044] {dag.py:2398} INFO - Sync 1 DAGs
[2022-12-01 21:43:03,059] {logging_mixin.py:109} INFO - [2022-12-01 21:43:03,059] {dag.py:2937} INFO - Setting next_dagrun for example_nested_branch_dag to 2022-11-30 00:00:00+00:00
[2022-12-01 21:43:03,075] {processor.py:171} INFO - Processing /home/airflow/.local/lib/python3.7/site-packages/airflow/example_dags/example_nested_branch_dag.py took 0.067 seconds
[2022-12-01 21:43:33,377] {processor.py:163} INFO - Started process (PID=2546) to work on /home/airflow/.local/lib/python3.7/site-packages/airflow/example_dags/example_nested_branch_dag.py
[2022-12-01 21:43:33,378] {processor.py:642} INFO - Processing file /home/airflow/.local/lib/python3.7/site-packages/airflow/example_dags/example_nested_branch_dag.py for tasks to queue
[2022-12-01 21:43:33,378] {logging_mixin.py:109} INFO - [2022-12-01 21:43:33,378] {dagbag.py:500} INFO - Filling up the DagBag from /home/airflow/.local/lib/python3.7/site-packages/airflow/example_dags/example_nested_branch_dag.py
[2022-12-01 21:43:33,400] {processor.py:654} INFO - DAG(s) dict_keys(['example_nested_branch_dag']) retrieved from /home/airflow/.local/lib/python3.7/site-packages/airflow/example_dags/example_nested_branch_dag.py
[2022-12-01 21:43:33,407] {logging_mixin.py:109} INFO - [2022-12-01 21:43:33,407] {dag.py:2398} INFO - Sync 1 DAGs
[2022-12-01 21:43:33,418] {logging_mixin.py:109} INFO - [2022-12-01 21:43:33,417] {dag.py:2937} INFO - Setting next_dagrun for example_nested_branch_dag to 2022-11-30 00:00:00+00:00
[2022-12-01 21:43:33,433] {processor.py:171} INFO - Processing /home/airflow/.local/lib/python3.7/site-packages/airflow/example_dags/example_nested_branch_dag.py took 0.058 seconds
[2022-12-01 21:44:04,043] {processor.py:163} INFO - Started process (PID=2618) to work on /home/airflow/.local/lib/python3.7/site-packages/airflow/example_dags/example_nested_branch_dag.py
[2022-12-01 21:44:04,045] {processor.py:642} INFO - Processing file /home/airflow/.local/lib/python3.7/site-packages/airflow/example_dags/example_nested_branch_dag.py for tasks to queue
[2022-12-01 21:44:04,045] {logging_mixin.py:109} INFO - [2022-12-01 21:44:04,045] {dagbag.py:500} INFO - Filling up the DagBag from /home/airflow/.local/lib/python3.7/site-packages/airflow/example_dags/example_nested_branch_dag.py
[2022-12-01 21:44:04,076] {processor.py:654} INFO - DAG(s) dict_keys(['example_nested_branch_dag']) retrieved from /home/airflow/.local/lib/python3.7/site-packages/airflow/example_dags/example_nested_branch_dag.py
[2022-12-01 21:44:04,084] {logging_mixin.py:109} INFO - [2022-12-01 21:44:04,084] {dag.py:2398} INFO - Sync 1 DAGs
[2022-12-01 21:44:04,099] {logging_mixin.py:109} INFO - [2022-12-01 21:44:04,098] {dag.py:2937} INFO - Setting next_dagrun for example_nested_branch_dag to 2022-11-30 00:00:00+00:00
[2022-12-01 21:44:04,113] {processor.py:171} INFO - Processing /home/airflow/.local/lib/python3.7/site-packages/airflow/example_dags/example_nested_branch_dag.py took 0.072 seconds
