[2022-12-01 21:24:42,626] {processor.py:163} INFO - Started process (PID=77) to work on /home/airflow/.local/lib/python3.7/site-packages/airflow/example_dags/example_external_task_marker_dag.py
[2022-12-01 21:24:42,627] {processor.py:642} INFO - Processing file /home/airflow/.local/lib/python3.7/site-packages/airflow/example_dags/example_external_task_marker_dag.py for tasks to queue
[2022-12-01 21:24:42,628] {logging_mixin.py:109} INFO - [2022-12-01 21:24:42,628] {dagbag.py:500} INFO - Filling up the DagBag from /home/airflow/.local/lib/python3.7/site-packages/airflow/example_dags/example_external_task_marker_dag.py
[2022-12-01 21:24:42,649] {processor.py:654} INFO - DAG(s) dict_keys(['example_external_task_marker_parent', 'example_external_task_marker_child']) retrieved from /home/airflow/.local/lib/python3.7/site-packages/airflow/example_dags/example_external_task_marker_dag.py
[2022-12-01 21:24:42,658] {logging_mixin.py:109} INFO - [2022-12-01 21:24:42,658] {dag.py:2398} INFO - Sync 2 DAGs
[2022-12-01 21:24:42,669] {logging_mixin.py:109} INFO - [2022-12-01 21:24:42,669] {dag.py:2937} INFO - Setting next_dagrun for example_external_task_marker_child to None
[2022-12-01 21:24:42,670] {logging_mixin.py:109} INFO - [2022-12-01 21:24:42,670] {dag.py:2937} INFO - Setting next_dagrun for example_external_task_marker_parent to None
[2022-12-01 21:24:42,683] {processor.py:171} INFO - Processing /home/airflow/.local/lib/python3.7/site-packages/airflow/example_dags/example_external_task_marker_dag.py took 0.059 seconds
[2022-12-01 21:25:13,230] {processor.py:163} INFO - Started process (PID=148) to work on /home/airflow/.local/lib/python3.7/site-packages/airflow/example_dags/example_external_task_marker_dag.py
[2022-12-01 21:25:13,231] {processor.py:642} INFO - Processing file /home/airflow/.local/lib/python3.7/site-packages/airflow/example_dags/example_external_task_marker_dag.py for tasks to queue
[2022-12-01 21:25:13,231] {logging_mixin.py:109} INFO - [2022-12-01 21:25:13,231] {dagbag.py:500} INFO - Filling up the DagBag from /home/airflow/.local/lib/python3.7/site-packages/airflow/example_dags/example_external_task_marker_dag.py
[2022-12-01 21:25:13,254] {processor.py:654} INFO - DAG(s) dict_keys(['example_external_task_marker_parent', 'example_external_task_marker_child']) retrieved from /home/airflow/.local/lib/python3.7/site-packages/airflow/example_dags/example_external_task_marker_dag.py
[2022-12-01 21:25:13,269] {logging_mixin.py:109} INFO - [2022-12-01 21:25:13,269] {dag.py:2398} INFO - Sync 2 DAGs
[2022-12-01 21:25:13,285] {logging_mixin.py:109} INFO - [2022-12-01 21:25:13,285] {dag.py:2937} INFO - Setting next_dagrun for example_external_task_marker_child to None
[2022-12-01 21:25:13,286] {logging_mixin.py:109} INFO - [2022-12-01 21:25:13,286] {dag.py:2937} INFO - Setting next_dagrun for example_external_task_marker_parent to None
[2022-12-01 21:25:13,296] {processor.py:171} INFO - Processing /home/airflow/.local/lib/python3.7/site-packages/airflow/example_dags/example_external_task_marker_dag.py took 0.069 seconds
[2022-12-01 21:25:44,239] {processor.py:163} INFO - Started process (PID=210) to work on /home/airflow/.local/lib/python3.7/site-packages/airflow/example_dags/example_external_task_marker_dag.py
[2022-12-01 21:25:44,247] {processor.py:642} INFO - Processing file /home/airflow/.local/lib/python3.7/site-packages/airflow/example_dags/example_external_task_marker_dag.py for tasks to queue
[2022-12-01 21:25:44,247] {logging_mixin.py:109} INFO - [2022-12-01 21:25:44,247] {dagbag.py:500} INFO - Filling up the DagBag from /home/airflow/.local/lib/python3.7/site-packages/airflow/example_dags/example_external_task_marker_dag.py
[2022-12-01 21:25:44,268] {processor.py:654} INFO - DAG(s) dict_keys(['example_external_task_marker_parent', 'example_external_task_marker_child']) retrieved from /home/airflow/.local/lib/python3.7/site-packages/airflow/example_dags/example_external_task_marker_dag.py
[2022-12-01 21:25:44,276] {logging_mixin.py:109} INFO - [2022-12-01 21:25:44,276] {dag.py:2398} INFO - Sync 2 DAGs
[2022-12-01 21:25:44,287] {logging_mixin.py:109} INFO - [2022-12-01 21:25:44,287] {dag.py:2937} INFO - Setting next_dagrun for example_external_task_marker_child to None
[2022-12-01 21:25:44,287] {logging_mixin.py:109} INFO - [2022-12-01 21:25:44,287] {dag.py:2937} INFO - Setting next_dagrun for example_external_task_marker_parent to None
[2022-12-01 21:25:44,300] {processor.py:171} INFO - Processing /home/airflow/.local/lib/python3.7/site-packages/airflow/example_dags/example_external_task_marker_dag.py took 0.063 seconds
[2022-12-01 21:26:15,505] {processor.py:163} INFO - Started process (PID=281) to work on /home/airflow/.local/lib/python3.7/site-packages/airflow/example_dags/example_external_task_marker_dag.py
[2022-12-01 21:26:15,506] {processor.py:642} INFO - Processing file /home/airflow/.local/lib/python3.7/site-packages/airflow/example_dags/example_external_task_marker_dag.py for tasks to queue
[2022-12-01 21:26:15,506] {logging_mixin.py:109} INFO - [2022-12-01 21:26:15,506] {dagbag.py:500} INFO - Filling up the DagBag from /home/airflow/.local/lib/python3.7/site-packages/airflow/example_dags/example_external_task_marker_dag.py
[2022-12-01 21:26:15,527] {processor.py:654} INFO - DAG(s) dict_keys(['example_external_task_marker_parent', 'example_external_task_marker_child']) retrieved from /home/airflow/.local/lib/python3.7/site-packages/airflow/example_dags/example_external_task_marker_dag.py
[2022-12-01 21:26:15,536] {logging_mixin.py:109} INFO - [2022-12-01 21:26:15,536] {dag.py:2398} INFO - Sync 2 DAGs
[2022-12-01 21:26:15,547] {logging_mixin.py:109} INFO - [2022-12-01 21:26:15,547] {dag.py:2937} INFO - Setting next_dagrun for example_external_task_marker_child to None
[2022-12-01 21:26:15,547] {logging_mixin.py:109} INFO - [2022-12-01 21:26:15,547] {dag.py:2937} INFO - Setting next_dagrun for example_external_task_marker_parent to None
[2022-12-01 21:26:15,554] {processor.py:171} INFO - Processing /home/airflow/.local/lib/python3.7/site-packages/airflow/example_dags/example_external_task_marker_dag.py took 0.052 seconds
[2022-12-01 21:26:46,457] {processor.py:163} INFO - Started process (PID=343) to work on /home/airflow/.local/lib/python3.7/site-packages/airflow/example_dags/example_external_task_marker_dag.py
[2022-12-01 21:26:46,457] {processor.py:642} INFO - Processing file /home/airflow/.local/lib/python3.7/site-packages/airflow/example_dags/example_external_task_marker_dag.py for tasks to queue
[2022-12-01 21:26:46,458] {logging_mixin.py:109} INFO - [2022-12-01 21:26:46,457] {dagbag.py:500} INFO - Filling up the DagBag from /home/airflow/.local/lib/python3.7/site-packages/airflow/example_dags/example_external_task_marker_dag.py
[2022-12-01 21:26:46,477] {processor.py:654} INFO - DAG(s) dict_keys(['example_external_task_marker_parent', 'example_external_task_marker_child']) retrieved from /home/airflow/.local/lib/python3.7/site-packages/airflow/example_dags/example_external_task_marker_dag.py
[2022-12-01 21:26:46,485] {logging_mixin.py:109} INFO - [2022-12-01 21:26:46,485] {dag.py:2398} INFO - Sync 2 DAGs
[2022-12-01 21:26:46,496] {logging_mixin.py:109} INFO - [2022-12-01 21:26:46,496] {dag.py:2937} INFO - Setting next_dagrun for example_external_task_marker_child to None
[2022-12-01 21:26:46,496] {logging_mixin.py:109} INFO - [2022-12-01 21:26:46,496] {dag.py:2937} INFO - Setting next_dagrun for example_external_task_marker_parent to None
[2022-12-01 21:26:46,510] {processor.py:171} INFO - Processing /home/airflow/.local/lib/python3.7/site-packages/airflow/example_dags/example_external_task_marker_dag.py took 0.055 seconds
[2022-12-01 21:27:17,481] {processor.py:163} INFO - Started process (PID=414) to work on /home/airflow/.local/lib/python3.7/site-packages/airflow/example_dags/example_external_task_marker_dag.py
[2022-12-01 21:27:17,482] {processor.py:642} INFO - Processing file /home/airflow/.local/lib/python3.7/site-packages/airflow/example_dags/example_external_task_marker_dag.py for tasks to queue
[2022-12-01 21:27:17,482] {logging_mixin.py:109} INFO - [2022-12-01 21:27:17,482] {dagbag.py:500} INFO - Filling up the DagBag from /home/airflow/.local/lib/python3.7/site-packages/airflow/example_dags/example_external_task_marker_dag.py
[2022-12-01 21:27:17,502] {processor.py:654} INFO - DAG(s) dict_keys(['example_external_task_marker_parent', 'example_external_task_marker_child']) retrieved from /home/airflow/.local/lib/python3.7/site-packages/airflow/example_dags/example_external_task_marker_dag.py
[2022-12-01 21:27:17,511] {logging_mixin.py:109} INFO - [2022-12-01 21:27:17,511] {dag.py:2398} INFO - Sync 2 DAGs
[2022-12-01 21:27:17,521] {logging_mixin.py:109} INFO - [2022-12-01 21:27:17,521] {dag.py:2937} INFO - Setting next_dagrun for example_external_task_marker_child to None
[2022-12-01 21:27:17,521] {logging_mixin.py:109} INFO - [2022-12-01 21:27:17,521] {dag.py:2937} INFO - Setting next_dagrun for example_external_task_marker_parent to None
[2022-12-01 21:27:17,534] {processor.py:171} INFO - Processing /home/airflow/.local/lib/python3.7/site-packages/airflow/example_dags/example_external_task_marker_dag.py took 0.055 seconds
[2022-12-01 21:27:48,576] {processor.py:163} INFO - Started process (PID=482) to work on /home/airflow/.local/lib/python3.7/site-packages/airflow/example_dags/example_external_task_marker_dag.py
[2022-12-01 21:27:48,577] {processor.py:642} INFO - Processing file /home/airflow/.local/lib/python3.7/site-packages/airflow/example_dags/example_external_task_marker_dag.py for tasks to queue
[2022-12-01 21:27:48,577] {logging_mixin.py:109} INFO - [2022-12-01 21:27:48,577] {dagbag.py:500} INFO - Filling up the DagBag from /home/airflow/.local/lib/python3.7/site-packages/airflow/example_dags/example_external_task_marker_dag.py
[2022-12-01 21:27:48,600] {processor.py:654} INFO - DAG(s) dict_keys(['example_external_task_marker_parent', 'example_external_task_marker_child']) retrieved from /home/airflow/.local/lib/python3.7/site-packages/airflow/example_dags/example_external_task_marker_dag.py
[2022-12-01 21:27:48,614] {logging_mixin.py:109} INFO - [2022-12-01 21:27:48,614] {dag.py:2398} INFO - Sync 2 DAGs
[2022-12-01 21:27:48,631] {logging_mixin.py:109} INFO - [2022-12-01 21:27:48,631] {dag.py:2937} INFO - Setting next_dagrun for example_external_task_marker_child to None
[2022-12-01 21:27:48,631] {logging_mixin.py:109} INFO - [2022-12-01 21:27:48,631] {dag.py:2937} INFO - Setting next_dagrun for example_external_task_marker_parent to None
[2022-12-01 21:27:48,646] {processor.py:171} INFO - Processing /home/airflow/.local/lib/python3.7/site-packages/airflow/example_dags/example_external_task_marker_dag.py took 0.071 seconds
[2022-12-01 21:28:19,736] {processor.py:163} INFO - Started process (PID=547) to work on /home/airflow/.local/lib/python3.7/site-packages/airflow/example_dags/example_external_task_marker_dag.py
[2022-12-01 21:28:19,737] {processor.py:642} INFO - Processing file /home/airflow/.local/lib/python3.7/site-packages/airflow/example_dags/example_external_task_marker_dag.py for tasks to queue
[2022-12-01 21:28:19,737] {logging_mixin.py:109} INFO - [2022-12-01 21:28:19,737] {dagbag.py:500} INFO - Filling up the DagBag from /home/airflow/.local/lib/python3.7/site-packages/airflow/example_dags/example_external_task_marker_dag.py
[2022-12-01 21:28:19,757] {processor.py:654} INFO - DAG(s) dict_keys(['example_external_task_marker_parent', 'example_external_task_marker_child']) retrieved from /home/airflow/.local/lib/python3.7/site-packages/airflow/example_dags/example_external_task_marker_dag.py
[2022-12-01 21:28:19,769] {logging_mixin.py:109} INFO - [2022-12-01 21:28:19,769] {dag.py:2398} INFO - Sync 2 DAGs
[2022-12-01 21:28:19,783] {logging_mixin.py:109} INFO - [2022-12-01 21:28:19,783] {dag.py:2937} INFO - Setting next_dagrun for example_external_task_marker_child to None
[2022-12-01 21:28:19,783] {logging_mixin.py:109} INFO - [2022-12-01 21:28:19,783] {dag.py:2937} INFO - Setting next_dagrun for example_external_task_marker_parent to None
[2022-12-01 21:28:19,797] {processor.py:171} INFO - Processing /home/airflow/.local/lib/python3.7/site-packages/airflow/example_dags/example_external_task_marker_dag.py took 0.063 seconds
[2022-12-01 21:28:50,188] {processor.py:163} INFO - Started process (PID=620) to work on /home/airflow/.local/lib/python3.7/site-packages/airflow/example_dags/example_external_task_marker_dag.py
[2022-12-01 21:28:50,189] {processor.py:642} INFO - Processing file /home/airflow/.local/lib/python3.7/site-packages/airflow/example_dags/example_external_task_marker_dag.py for tasks to queue
[2022-12-01 21:28:50,190] {logging_mixin.py:109} INFO - [2022-12-01 21:28:50,189] {dagbag.py:500} INFO - Filling up the DagBag from /home/airflow/.local/lib/python3.7/site-packages/airflow/example_dags/example_external_task_marker_dag.py
[2022-12-01 21:28:50,210] {processor.py:654} INFO - DAG(s) dict_keys(['example_external_task_marker_parent', 'example_external_task_marker_child']) retrieved from /home/airflow/.local/lib/python3.7/site-packages/airflow/example_dags/example_external_task_marker_dag.py
[2022-12-01 21:28:50,219] {logging_mixin.py:109} INFO - [2022-12-01 21:28:50,219] {dag.py:2398} INFO - Sync 2 DAGs
[2022-12-01 21:28:50,231] {logging_mixin.py:109} INFO - [2022-12-01 21:28:50,230] {dag.py:2937} INFO - Setting next_dagrun for example_external_task_marker_child to None
[2022-12-01 21:28:50,231] {logging_mixin.py:109} INFO - [2022-12-01 21:28:50,231] {dag.py:2937} INFO - Setting next_dagrun for example_external_task_marker_parent to None
[2022-12-01 21:28:50,249] {processor.py:171} INFO - Processing /home/airflow/.local/lib/python3.7/site-packages/airflow/example_dags/example_external_task_marker_dag.py took 0.063 seconds
[2022-12-01 21:29:21,489] {processor.py:163} INFO - Started process (PID=683) to work on /home/airflow/.local/lib/python3.7/site-packages/airflow/example_dags/example_external_task_marker_dag.py
[2022-12-01 21:29:21,489] {processor.py:642} INFO - Processing file /home/airflow/.local/lib/python3.7/site-packages/airflow/example_dags/example_external_task_marker_dag.py for tasks to queue
[2022-12-01 21:29:21,490] {logging_mixin.py:109} INFO - [2022-12-01 21:29:21,490] {dagbag.py:500} INFO - Filling up the DagBag from /home/airflow/.local/lib/python3.7/site-packages/airflow/example_dags/example_external_task_marker_dag.py
[2022-12-01 21:29:21,510] {processor.py:654} INFO - DAG(s) dict_keys(['example_external_task_marker_parent', 'example_external_task_marker_child']) retrieved from /home/airflow/.local/lib/python3.7/site-packages/airflow/example_dags/example_external_task_marker_dag.py
[2022-12-01 21:29:21,518] {logging_mixin.py:109} INFO - [2022-12-01 21:29:21,518] {dag.py:2398} INFO - Sync 2 DAGs
[2022-12-01 21:29:21,529] {logging_mixin.py:109} INFO - [2022-12-01 21:29:21,528] {dag.py:2937} INFO - Setting next_dagrun for example_external_task_marker_child to None
[2022-12-01 21:29:21,529] {logging_mixin.py:109} INFO - [2022-12-01 21:29:21,529] {dag.py:2937} INFO - Setting next_dagrun for example_external_task_marker_parent to None
[2022-12-01 21:29:21,536] {processor.py:171} INFO - Processing /home/airflow/.local/lib/python3.7/site-packages/airflow/example_dags/example_external_task_marker_dag.py took 0.050 seconds
[2022-12-01 21:29:52,862] {processor.py:163} INFO - Started process (PID=754) to work on /home/airflow/.local/lib/python3.7/site-packages/airflow/example_dags/example_external_task_marker_dag.py
[2022-12-01 21:29:52,863] {processor.py:642} INFO - Processing file /home/airflow/.local/lib/python3.7/site-packages/airflow/example_dags/example_external_task_marker_dag.py for tasks to queue
[2022-12-01 21:29:52,863] {logging_mixin.py:109} INFO - [2022-12-01 21:29:52,863] {dagbag.py:500} INFO - Filling up the DagBag from /home/airflow/.local/lib/python3.7/site-packages/airflow/example_dags/example_external_task_marker_dag.py
[2022-12-01 21:29:52,886] {processor.py:654} INFO - DAG(s) dict_keys(['example_external_task_marker_parent', 'example_external_task_marker_child']) retrieved from /home/airflow/.local/lib/python3.7/site-packages/airflow/example_dags/example_external_task_marker_dag.py
[2022-12-01 21:29:52,900] {logging_mixin.py:109} INFO - [2022-12-01 21:29:52,900] {dag.py:2398} INFO - Sync 2 DAGs
[2022-12-01 21:29:52,919] {logging_mixin.py:109} INFO - [2022-12-01 21:29:52,919] {dag.py:2937} INFO - Setting next_dagrun for example_external_task_marker_child to None
[2022-12-01 21:29:52,920] {logging_mixin.py:109} INFO - [2022-12-01 21:29:52,920] {dag.py:2937} INFO - Setting next_dagrun for example_external_task_marker_parent to None
[2022-12-01 21:29:52,939] {processor.py:171} INFO - Processing /home/airflow/.local/lib/python3.7/site-packages/airflow/example_dags/example_external_task_marker_dag.py took 0.080 seconds
[2022-12-01 21:30:24,018] {processor.py:163} INFO - Started process (PID=816) to work on /home/airflow/.local/lib/python3.7/site-packages/airflow/example_dags/example_external_task_marker_dag.py
[2022-12-01 21:30:24,019] {processor.py:642} INFO - Processing file /home/airflow/.local/lib/python3.7/site-packages/airflow/example_dags/example_external_task_marker_dag.py for tasks to queue
[2022-12-01 21:30:24,019] {logging_mixin.py:109} INFO - [2022-12-01 21:30:24,019] {dagbag.py:500} INFO - Filling up the DagBag from /home/airflow/.local/lib/python3.7/site-packages/airflow/example_dags/example_external_task_marker_dag.py
[2022-12-01 21:30:24,043] {processor.py:654} INFO - DAG(s) dict_keys(['example_external_task_marker_parent', 'example_external_task_marker_child']) retrieved from /home/airflow/.local/lib/python3.7/site-packages/airflow/example_dags/example_external_task_marker_dag.py
[2022-12-01 21:30:24,057] {logging_mixin.py:109} INFO - [2022-12-01 21:30:24,057] {dag.py:2398} INFO - Sync 2 DAGs
[2022-12-01 21:30:24,069] {logging_mixin.py:109} INFO - [2022-12-01 21:30:24,069] {dag.py:2937} INFO - Setting next_dagrun for example_external_task_marker_child to None
[2022-12-01 21:30:24,069] {logging_mixin.py:109} INFO - [2022-12-01 21:30:24,069] {dag.py:2937} INFO - Setting next_dagrun for example_external_task_marker_parent to None
[2022-12-01 21:30:24,085] {processor.py:171} INFO - Processing /home/airflow/.local/lib/python3.7/site-packages/airflow/example_dags/example_external_task_marker_dag.py took 0.069 seconds
[2022-12-01 21:30:54,438] {processor.py:163} INFO - Started process (PID=886) to work on /home/airflow/.local/lib/python3.7/site-packages/airflow/example_dags/example_external_task_marker_dag.py
[2022-12-01 21:30:54,439] {processor.py:642} INFO - Processing file /home/airflow/.local/lib/python3.7/site-packages/airflow/example_dags/example_external_task_marker_dag.py for tasks to queue
[2022-12-01 21:30:54,439] {logging_mixin.py:109} INFO - [2022-12-01 21:30:54,439] {dagbag.py:500} INFO - Filling up the DagBag from /home/airflow/.local/lib/python3.7/site-packages/airflow/example_dags/example_external_task_marker_dag.py
[2022-12-01 21:30:54,462] {processor.py:654} INFO - DAG(s) dict_keys(['example_external_task_marker_parent', 'example_external_task_marker_child']) retrieved from /home/airflow/.local/lib/python3.7/site-packages/airflow/example_dags/example_external_task_marker_dag.py
[2022-12-01 21:30:54,473] {logging_mixin.py:109} INFO - [2022-12-01 21:30:54,473] {dag.py:2398} INFO - Sync 2 DAGs
[2022-12-01 21:30:54,488] {logging_mixin.py:109} INFO - [2022-12-01 21:30:54,488] {dag.py:2937} INFO - Setting next_dagrun for example_external_task_marker_child to None
[2022-12-01 21:30:54,488] {logging_mixin.py:109} INFO - [2022-12-01 21:30:54,488] {dag.py:2937} INFO - Setting next_dagrun for example_external_task_marker_parent to None
[2022-12-01 21:30:54,510] {processor.py:171} INFO - Processing /home/airflow/.local/lib/python3.7/site-packages/airflow/example_dags/example_external_task_marker_dag.py took 0.074 seconds
[2022-12-01 21:31:25,586] {processor.py:163} INFO - Started process (PID=949) to work on /home/airflow/.local/lib/python3.7/site-packages/airflow/example_dags/example_external_task_marker_dag.py
[2022-12-01 21:31:25,587] {processor.py:642} INFO - Processing file /home/airflow/.local/lib/python3.7/site-packages/airflow/example_dags/example_external_task_marker_dag.py for tasks to queue
[2022-12-01 21:31:25,587] {logging_mixin.py:109} INFO - [2022-12-01 21:31:25,587] {dagbag.py:500} INFO - Filling up the DagBag from /home/airflow/.local/lib/python3.7/site-packages/airflow/example_dags/example_external_task_marker_dag.py
[2022-12-01 21:31:25,610] {processor.py:654} INFO - DAG(s) dict_keys(['example_external_task_marker_parent', 'example_external_task_marker_child']) retrieved from /home/airflow/.local/lib/python3.7/site-packages/airflow/example_dags/example_external_task_marker_dag.py
[2022-12-01 21:31:25,624] {logging_mixin.py:109} INFO - [2022-12-01 21:31:25,624] {dag.py:2398} INFO - Sync 2 DAGs
[2022-12-01 21:31:25,638] {logging_mixin.py:109} INFO - [2022-12-01 21:31:25,638] {dag.py:2937} INFO - Setting next_dagrun for example_external_task_marker_child to None
[2022-12-01 21:31:25,639] {logging_mixin.py:109} INFO - [2022-12-01 21:31:25,639] {dag.py:2937} INFO - Setting next_dagrun for example_external_task_marker_parent to None
[2022-12-01 21:31:25,647] {processor.py:171} INFO - Processing /home/airflow/.local/lib/python3.7/site-packages/airflow/example_dags/example_external_task_marker_dag.py took 0.063 seconds
[2022-12-01 21:31:55,710] {processor.py:163} INFO - Started process (PID=1011) to work on /home/airflow/.local/lib/python3.7/site-packages/airflow/example_dags/example_external_task_marker_dag.py
[2022-12-01 21:31:55,711] {processor.py:642} INFO - Processing file /home/airflow/.local/lib/python3.7/site-packages/airflow/example_dags/example_external_task_marker_dag.py for tasks to queue
[2022-12-01 21:31:55,712] {logging_mixin.py:109} INFO - [2022-12-01 21:31:55,712] {dagbag.py:500} INFO - Filling up the DagBag from /home/airflow/.local/lib/python3.7/site-packages/airflow/example_dags/example_external_task_marker_dag.py
[2022-12-01 21:31:55,734] {processor.py:654} INFO - DAG(s) dict_keys(['example_external_task_marker_parent', 'example_external_task_marker_child']) retrieved from /home/airflow/.local/lib/python3.7/site-packages/airflow/example_dags/example_external_task_marker_dag.py
[2022-12-01 21:31:55,743] {logging_mixin.py:109} INFO - [2022-12-01 21:31:55,743] {dag.py:2398} INFO - Sync 2 DAGs
[2022-12-01 21:31:55,755] {logging_mixin.py:109} INFO - [2022-12-01 21:31:55,755] {dag.py:2937} INFO - Setting next_dagrun for example_external_task_marker_child to None
[2022-12-01 21:31:55,756] {logging_mixin.py:109} INFO - [2022-12-01 21:31:55,756] {dag.py:2937} INFO - Setting next_dagrun for example_external_task_marker_parent to None
[2022-12-01 21:31:55,769] {processor.py:171} INFO - Processing /home/airflow/.local/lib/python3.7/site-packages/airflow/example_dags/example_external_task_marker_dag.py took 0.061 seconds
[2022-12-01 21:32:26,072] {processor.py:163} INFO - Started process (PID=1073) to work on /home/airflow/.local/lib/python3.7/site-packages/airflow/example_dags/example_external_task_marker_dag.py
[2022-12-01 21:32:26,073] {processor.py:642} INFO - Processing file /home/airflow/.local/lib/python3.7/site-packages/airflow/example_dags/example_external_task_marker_dag.py for tasks to queue
[2022-12-01 21:32:26,074] {logging_mixin.py:109} INFO - [2022-12-01 21:32:26,074] {dagbag.py:500} INFO - Filling up the DagBag from /home/airflow/.local/lib/python3.7/site-packages/airflow/example_dags/example_external_task_marker_dag.py
[2022-12-01 21:32:26,098] {processor.py:654} INFO - DAG(s) dict_keys(['example_external_task_marker_parent', 'example_external_task_marker_child']) retrieved from /home/airflow/.local/lib/python3.7/site-packages/airflow/example_dags/example_external_task_marker_dag.py
[2022-12-01 21:32:26,107] {logging_mixin.py:109} INFO - [2022-12-01 21:32:26,107] {dag.py:2398} INFO - Sync 2 DAGs
[2022-12-01 21:32:26,118] {logging_mixin.py:109} INFO - [2022-12-01 21:32:26,118] {dag.py:2937} INFO - Setting next_dagrun for example_external_task_marker_child to None
[2022-12-01 21:32:26,118] {logging_mixin.py:109} INFO - [2022-12-01 21:32:26,118] {dag.py:2937} INFO - Setting next_dagrun for example_external_task_marker_parent to None
[2022-12-01 21:32:26,131] {processor.py:171} INFO - Processing /home/airflow/.local/lib/python3.7/site-packages/airflow/example_dags/example_external_task_marker_dag.py took 0.062 seconds
[2022-12-01 21:32:56,386] {processor.py:163} INFO - Started process (PID=1144) to work on /home/airflow/.local/lib/python3.7/site-packages/airflow/example_dags/example_external_task_marker_dag.py
[2022-12-01 21:32:56,387] {processor.py:642} INFO - Processing file /home/airflow/.local/lib/python3.7/site-packages/airflow/example_dags/example_external_task_marker_dag.py for tasks to queue
[2022-12-01 21:32:56,387] {logging_mixin.py:109} INFO - [2022-12-01 21:32:56,387] {dagbag.py:500} INFO - Filling up the DagBag from /home/airflow/.local/lib/python3.7/site-packages/airflow/example_dags/example_external_task_marker_dag.py
[2022-12-01 21:32:56,407] {processor.py:654} INFO - DAG(s) dict_keys(['example_external_task_marker_parent', 'example_external_task_marker_child']) retrieved from /home/airflow/.local/lib/python3.7/site-packages/airflow/example_dags/example_external_task_marker_dag.py
[2022-12-01 21:32:56,416] {logging_mixin.py:109} INFO - [2022-12-01 21:32:56,416] {dag.py:2398} INFO - Sync 2 DAGs
[2022-12-01 21:32:56,426] {logging_mixin.py:109} INFO - [2022-12-01 21:32:56,426] {dag.py:2937} INFO - Setting next_dagrun for example_external_task_marker_child to None
[2022-12-01 21:32:56,426] {logging_mixin.py:109} INFO - [2022-12-01 21:32:56,426] {dag.py:2937} INFO - Setting next_dagrun for example_external_task_marker_parent to None
[2022-12-01 21:32:56,439] {processor.py:171} INFO - Processing /home/airflow/.local/lib/python3.7/site-packages/airflow/example_dags/example_external_task_marker_dag.py took 0.055 seconds
[2022-12-01 21:33:26,809] {processor.py:163} INFO - Started process (PID=1207) to work on /home/airflow/.local/lib/python3.7/site-packages/airflow/example_dags/example_external_task_marker_dag.py
[2022-12-01 21:33:26,810] {processor.py:642} INFO - Processing file /home/airflow/.local/lib/python3.7/site-packages/airflow/example_dags/example_external_task_marker_dag.py for tasks to queue
[2022-12-01 21:33:26,810] {logging_mixin.py:109} INFO - [2022-12-01 21:33:26,810] {dagbag.py:500} INFO - Filling up the DagBag from /home/airflow/.local/lib/python3.7/site-packages/airflow/example_dags/example_external_task_marker_dag.py
[2022-12-01 21:33:26,835] {processor.py:654} INFO - DAG(s) dict_keys(['example_external_task_marker_parent', 'example_external_task_marker_child']) retrieved from /home/airflow/.local/lib/python3.7/site-packages/airflow/example_dags/example_external_task_marker_dag.py
[2022-12-01 21:33:26,844] {logging_mixin.py:109} INFO - [2022-12-01 21:33:26,844] {dag.py:2398} INFO - Sync 2 DAGs
[2022-12-01 21:33:26,855] {logging_mixin.py:109} INFO - [2022-12-01 21:33:26,854] {dag.py:2937} INFO - Setting next_dagrun for example_external_task_marker_child to None
[2022-12-01 21:33:26,855] {logging_mixin.py:109} INFO - [2022-12-01 21:33:26,855] {dag.py:2937} INFO - Setting next_dagrun for example_external_task_marker_parent to None
[2022-12-01 21:33:26,862] {processor.py:171} INFO - Processing /home/airflow/.local/lib/python3.7/site-packages/airflow/example_dags/example_external_task_marker_dag.py took 0.056 seconds
[2022-12-01 21:33:57,284] {processor.py:163} INFO - Started process (PID=1279) to work on /home/airflow/.local/lib/python3.7/site-packages/airflow/example_dags/example_external_task_marker_dag.py
[2022-12-01 21:33:57,285] {processor.py:642} INFO - Processing file /home/airflow/.local/lib/python3.7/site-packages/airflow/example_dags/example_external_task_marker_dag.py for tasks to queue
[2022-12-01 21:33:57,285] {logging_mixin.py:109} INFO - [2022-12-01 21:33:57,285] {dagbag.py:500} INFO - Filling up the DagBag from /home/airflow/.local/lib/python3.7/site-packages/airflow/example_dags/example_external_task_marker_dag.py
[2022-12-01 21:33:57,308] {processor.py:654} INFO - DAG(s) dict_keys(['example_external_task_marker_parent', 'example_external_task_marker_child']) retrieved from /home/airflow/.local/lib/python3.7/site-packages/airflow/example_dags/example_external_task_marker_dag.py
[2022-12-01 21:33:57,318] {logging_mixin.py:109} INFO - [2022-12-01 21:33:57,318] {dag.py:2398} INFO - Sync 2 DAGs
[2022-12-01 21:33:57,329] {logging_mixin.py:109} INFO - [2022-12-01 21:33:57,329] {dag.py:2937} INFO - Setting next_dagrun for example_external_task_marker_child to None
[2022-12-01 21:33:57,329] {logging_mixin.py:109} INFO - [2022-12-01 21:33:57,329] {dag.py:2937} INFO - Setting next_dagrun for example_external_task_marker_parent to None
[2022-12-01 21:33:57,351] {processor.py:171} INFO - Processing /home/airflow/.local/lib/python3.7/site-packages/airflow/example_dags/example_external_task_marker_dag.py took 0.069 seconds
[2022-12-01 21:34:27,577] {processor.py:163} INFO - Started process (PID=1341) to work on /home/airflow/.local/lib/python3.7/site-packages/airflow/example_dags/example_external_task_marker_dag.py
[2022-12-01 21:34:27,578] {processor.py:642} INFO - Processing file /home/airflow/.local/lib/python3.7/site-packages/airflow/example_dags/example_external_task_marker_dag.py for tasks to queue
[2022-12-01 21:34:27,579] {logging_mixin.py:109} INFO - [2022-12-01 21:34:27,579] {dagbag.py:500} INFO - Filling up the DagBag from /home/airflow/.local/lib/python3.7/site-packages/airflow/example_dags/example_external_task_marker_dag.py
[2022-12-01 21:34:27,607] {processor.py:654} INFO - DAG(s) dict_keys(['example_external_task_marker_parent', 'example_external_task_marker_child']) retrieved from /home/airflow/.local/lib/python3.7/site-packages/airflow/example_dags/example_external_task_marker_dag.py
[2022-12-01 21:34:27,617] {logging_mixin.py:109} INFO - [2022-12-01 21:34:27,617] {dag.py:2398} INFO - Sync 2 DAGs
[2022-12-01 21:34:27,627] {logging_mixin.py:109} INFO - [2022-12-01 21:34:27,627] {dag.py:2937} INFO - Setting next_dagrun for example_external_task_marker_child to None
[2022-12-01 21:34:27,628] {logging_mixin.py:109} INFO - [2022-12-01 21:34:27,628] {dag.py:2937} INFO - Setting next_dagrun for example_external_task_marker_parent to None
[2022-12-01 21:34:27,641] {processor.py:171} INFO - Processing /home/airflow/.local/lib/python3.7/site-packages/airflow/example_dags/example_external_task_marker_dag.py took 0.066 seconds
[2022-12-01 21:34:57,958] {processor.py:163} INFO - Started process (PID=1412) to work on /home/airflow/.local/lib/python3.7/site-packages/airflow/example_dags/example_external_task_marker_dag.py
[2022-12-01 21:34:57,958] {processor.py:642} INFO - Processing file /home/airflow/.local/lib/python3.7/site-packages/airflow/example_dags/example_external_task_marker_dag.py for tasks to queue
[2022-12-01 21:34:57,959] {logging_mixin.py:109} INFO - [2022-12-01 21:34:57,959] {dagbag.py:500} INFO - Filling up the DagBag from /home/airflow/.local/lib/python3.7/site-packages/airflow/example_dags/example_external_task_marker_dag.py
[2022-12-01 21:34:57,981] {processor.py:654} INFO - DAG(s) dict_keys(['example_external_task_marker_parent', 'example_external_task_marker_child']) retrieved from /home/airflow/.local/lib/python3.7/site-packages/airflow/example_dags/example_external_task_marker_dag.py
[2022-12-01 21:34:57,992] {logging_mixin.py:109} INFO - [2022-12-01 21:34:57,991] {dag.py:2398} INFO - Sync 2 DAGs
[2022-12-01 21:34:58,005] {logging_mixin.py:109} INFO - [2022-12-01 21:34:58,005] {dag.py:2937} INFO - Setting next_dagrun for example_external_task_marker_child to None
[2022-12-01 21:34:58,005] {logging_mixin.py:109} INFO - [2022-12-01 21:34:58,005] {dag.py:2937} INFO - Setting next_dagrun for example_external_task_marker_parent to None
[2022-12-01 21:34:58,021] {processor.py:171} INFO - Processing /home/airflow/.local/lib/python3.7/site-packages/airflow/example_dags/example_external_task_marker_dag.py took 0.066 seconds
[2022-12-01 21:35:28,260] {processor.py:163} INFO - Started process (PID=1474) to work on /home/airflow/.local/lib/python3.7/site-packages/airflow/example_dags/example_external_task_marker_dag.py
[2022-12-01 21:35:28,261] {processor.py:642} INFO - Processing file /home/airflow/.local/lib/python3.7/site-packages/airflow/example_dags/example_external_task_marker_dag.py for tasks to queue
[2022-12-01 21:35:28,262] {logging_mixin.py:109} INFO - [2022-12-01 21:35:28,262] {dagbag.py:500} INFO - Filling up the DagBag from /home/airflow/.local/lib/python3.7/site-packages/airflow/example_dags/example_external_task_marker_dag.py
[2022-12-01 21:35:28,285] {processor.py:654} INFO - DAG(s) dict_keys(['example_external_task_marker_parent', 'example_external_task_marker_child']) retrieved from /home/airflow/.local/lib/python3.7/site-packages/airflow/example_dags/example_external_task_marker_dag.py
[2022-12-01 21:35:28,294] {logging_mixin.py:109} INFO - [2022-12-01 21:35:28,294] {dag.py:2398} INFO - Sync 2 DAGs
[2022-12-01 21:35:28,306] {logging_mixin.py:109} INFO - [2022-12-01 21:35:28,306] {dag.py:2937} INFO - Setting next_dagrun for example_external_task_marker_child to None
[2022-12-01 21:35:28,306] {logging_mixin.py:109} INFO - [2022-12-01 21:35:28,306] {dag.py:2937} INFO - Setting next_dagrun for example_external_task_marker_parent to None
[2022-12-01 21:35:28,320] {processor.py:171} INFO - Processing /home/airflow/.local/lib/python3.7/site-packages/airflow/example_dags/example_external_task_marker_dag.py took 0.062 seconds
[2022-12-01 21:35:58,514] {processor.py:163} INFO - Started process (PID=1546) to work on /home/airflow/.local/lib/python3.7/site-packages/airflow/example_dags/example_external_task_marker_dag.py
[2022-12-01 21:35:58,515] {processor.py:642} INFO - Processing file /home/airflow/.local/lib/python3.7/site-packages/airflow/example_dags/example_external_task_marker_dag.py for tasks to queue
[2022-12-01 21:35:58,515] {logging_mixin.py:109} INFO - [2022-12-01 21:35:58,515] {dagbag.py:500} INFO - Filling up the DagBag from /home/airflow/.local/lib/python3.7/site-packages/airflow/example_dags/example_external_task_marker_dag.py
[2022-12-01 21:35:58,539] {processor.py:654} INFO - DAG(s) dict_keys(['example_external_task_marker_parent', 'example_external_task_marker_child']) retrieved from /home/airflow/.local/lib/python3.7/site-packages/airflow/example_dags/example_external_task_marker_dag.py
[2022-12-01 21:35:58,553] {logging_mixin.py:109} INFO - [2022-12-01 21:35:58,553] {dag.py:2398} INFO - Sync 2 DAGs
[2022-12-01 21:35:58,571] {logging_mixin.py:109} INFO - [2022-12-01 21:35:58,571] {dag.py:2937} INFO - Setting next_dagrun for example_external_task_marker_child to None
[2022-12-01 21:35:58,571] {logging_mixin.py:109} INFO - [2022-12-01 21:35:58,571] {dag.py:2937} INFO - Setting next_dagrun for example_external_task_marker_parent to None
[2022-12-01 21:35:58,588] {processor.py:171} INFO - Processing /home/airflow/.local/lib/python3.7/site-packages/airflow/example_dags/example_external_task_marker_dag.py took 0.076 seconds
[2022-12-01 21:36:28,861] {processor.py:163} INFO - Started process (PID=1608) to work on /home/airflow/.local/lib/python3.7/site-packages/airflow/example_dags/example_external_task_marker_dag.py
[2022-12-01 21:36:28,862] {processor.py:642} INFO - Processing file /home/airflow/.local/lib/python3.7/site-packages/airflow/example_dags/example_external_task_marker_dag.py for tasks to queue
[2022-12-01 21:36:28,863] {logging_mixin.py:109} INFO - [2022-12-01 21:36:28,862] {dagbag.py:500} INFO - Filling up the DagBag from /home/airflow/.local/lib/python3.7/site-packages/airflow/example_dags/example_external_task_marker_dag.py
[2022-12-01 21:36:28,887] {processor.py:654} INFO - DAG(s) dict_keys(['example_external_task_marker_parent', 'example_external_task_marker_child']) retrieved from /home/airflow/.local/lib/python3.7/site-packages/airflow/example_dags/example_external_task_marker_dag.py
[2022-12-01 21:36:28,896] {logging_mixin.py:109} INFO - [2022-12-01 21:36:28,896] {dag.py:2398} INFO - Sync 2 DAGs
[2022-12-01 21:36:28,908] {logging_mixin.py:109} INFO - [2022-12-01 21:36:28,908] {dag.py:2937} INFO - Setting next_dagrun for example_external_task_marker_child to None
[2022-12-01 21:36:28,908] {logging_mixin.py:109} INFO - [2022-12-01 21:36:28,908] {dag.py:2937} INFO - Setting next_dagrun for example_external_task_marker_parent to None
[2022-12-01 21:36:28,921] {processor.py:171} INFO - Processing /home/airflow/.local/lib/python3.7/site-packages/airflow/example_dags/example_external_task_marker_dag.py took 0.063 seconds
[2022-12-01 21:36:59,027] {processor.py:163} INFO - Started process (PID=1678) to work on /home/airflow/.local/lib/python3.7/site-packages/airflow/example_dags/example_external_task_marker_dag.py
[2022-12-01 21:36:59,028] {processor.py:642} INFO - Processing file /home/airflow/.local/lib/python3.7/site-packages/airflow/example_dags/example_external_task_marker_dag.py for tasks to queue
[2022-12-01 21:36:59,028] {logging_mixin.py:109} INFO - [2022-12-01 21:36:59,028] {dagbag.py:500} INFO - Filling up the DagBag from /home/airflow/.local/lib/python3.7/site-packages/airflow/example_dags/example_external_task_marker_dag.py
[2022-12-01 21:36:59,051] {processor.py:654} INFO - DAG(s) dict_keys(['example_external_task_marker_parent', 'example_external_task_marker_child']) retrieved from /home/airflow/.local/lib/python3.7/site-packages/airflow/example_dags/example_external_task_marker_dag.py
[2022-12-01 21:36:59,062] {logging_mixin.py:109} INFO - [2022-12-01 21:36:59,062] {dag.py:2398} INFO - Sync 2 DAGs
[2022-12-01 21:36:59,075] {logging_mixin.py:109} INFO - [2022-12-01 21:36:59,075] {dag.py:2937} INFO - Setting next_dagrun for example_external_task_marker_child to None
[2022-12-01 21:36:59,076] {logging_mixin.py:109} INFO - [2022-12-01 21:36:59,076] {dag.py:2937} INFO - Setting next_dagrun for example_external_task_marker_parent to None
[2022-12-01 21:36:59,091] {processor.py:171} INFO - Processing /home/airflow/.local/lib/python3.7/site-packages/airflow/example_dags/example_external_task_marker_dag.py took 0.067 seconds
[2022-12-01 21:37:29,381] {processor.py:163} INFO - Started process (PID=1741) to work on /home/airflow/.local/lib/python3.7/site-packages/airflow/example_dags/example_external_task_marker_dag.py
[2022-12-01 21:37:29,382] {processor.py:642} INFO - Processing file /home/airflow/.local/lib/python3.7/site-packages/airflow/example_dags/example_external_task_marker_dag.py for tasks to queue
[2022-12-01 21:37:29,382] {logging_mixin.py:109} INFO - [2022-12-01 21:37:29,382] {dagbag.py:500} INFO - Filling up the DagBag from /home/airflow/.local/lib/python3.7/site-packages/airflow/example_dags/example_external_task_marker_dag.py
[2022-12-01 21:37:29,402] {processor.py:654} INFO - DAG(s) dict_keys(['example_external_task_marker_parent', 'example_external_task_marker_child']) retrieved from /home/airflow/.local/lib/python3.7/site-packages/airflow/example_dags/example_external_task_marker_dag.py
[2022-12-01 21:37:29,410] {logging_mixin.py:109} INFO - [2022-12-01 21:37:29,410] {dag.py:2398} INFO - Sync 2 DAGs
[2022-12-01 21:37:29,420] {logging_mixin.py:109} INFO - [2022-12-01 21:37:29,420] {dag.py:2937} INFO - Setting next_dagrun for example_external_task_marker_child to None
[2022-12-01 21:37:29,420] {logging_mixin.py:109} INFO - [2022-12-01 21:37:29,420] {dag.py:2937} INFO - Setting next_dagrun for example_external_task_marker_parent to None
[2022-12-01 21:37:29,432] {processor.py:171} INFO - Processing /home/airflow/.local/lib/python3.7/site-packages/airflow/example_dags/example_external_task_marker_dag.py took 0.053 seconds
[2022-12-01 21:37:59,592] {processor.py:163} INFO - Started process (PID=1812) to work on /home/airflow/.local/lib/python3.7/site-packages/airflow/example_dags/example_external_task_marker_dag.py
[2022-12-01 21:37:59,593] {processor.py:642} INFO - Processing file /home/airflow/.local/lib/python3.7/site-packages/airflow/example_dags/example_external_task_marker_dag.py for tasks to queue
[2022-12-01 21:37:59,594] {logging_mixin.py:109} INFO - [2022-12-01 21:37:59,593] {dagbag.py:500} INFO - Filling up the DagBag from /home/airflow/.local/lib/python3.7/site-packages/airflow/example_dags/example_external_task_marker_dag.py
[2022-12-01 21:37:59,619] {processor.py:654} INFO - DAG(s) dict_keys(['example_external_task_marker_parent', 'example_external_task_marker_child']) retrieved from /home/airflow/.local/lib/python3.7/site-packages/airflow/example_dags/example_external_task_marker_dag.py
[2022-12-01 21:37:59,634] {logging_mixin.py:109} INFO - [2022-12-01 21:37:59,634] {dag.py:2398} INFO - Sync 2 DAGs
[2022-12-01 21:37:59,651] {logging_mixin.py:109} INFO - [2022-12-01 21:37:59,651] {dag.py:2937} INFO - Setting next_dagrun for example_external_task_marker_child to None
[2022-12-01 21:37:59,651] {logging_mixin.py:109} INFO - [2022-12-01 21:37:59,651] {dag.py:2937} INFO - Setting next_dagrun for example_external_task_marker_parent to None
[2022-12-01 21:37:59,668] {processor.py:171} INFO - Processing /home/airflow/.local/lib/python3.7/site-packages/airflow/example_dags/example_external_task_marker_dag.py took 0.078 seconds
[2022-12-01 21:38:29,908] {processor.py:163} INFO - Started process (PID=1874) to work on /home/airflow/.local/lib/python3.7/site-packages/airflow/example_dags/example_external_task_marker_dag.py
[2022-12-01 21:38:29,909] {processor.py:642} INFO - Processing file /home/airflow/.local/lib/python3.7/site-packages/airflow/example_dags/example_external_task_marker_dag.py for tasks to queue
[2022-12-01 21:38:29,909] {logging_mixin.py:109} INFO - [2022-12-01 21:38:29,909] {dagbag.py:500} INFO - Filling up the DagBag from /home/airflow/.local/lib/python3.7/site-packages/airflow/example_dags/example_external_task_marker_dag.py
[2022-12-01 21:38:29,930] {processor.py:654} INFO - DAG(s) dict_keys(['example_external_task_marker_parent', 'example_external_task_marker_child']) retrieved from /home/airflow/.local/lib/python3.7/site-packages/airflow/example_dags/example_external_task_marker_dag.py
[2022-12-01 21:38:29,941] {logging_mixin.py:109} INFO - [2022-12-01 21:38:29,941] {dag.py:2398} INFO - Sync 2 DAGs
[2022-12-01 21:38:29,953] {logging_mixin.py:109} INFO - [2022-12-01 21:38:29,953] {dag.py:2937} INFO - Setting next_dagrun for example_external_task_marker_child to None
[2022-12-01 21:38:29,953] {logging_mixin.py:109} INFO - [2022-12-01 21:38:29,953] {dag.py:2937} INFO - Setting next_dagrun for example_external_task_marker_parent to None
[2022-12-01 21:38:29,961] {processor.py:171} INFO - Processing /home/airflow/.local/lib/python3.7/site-packages/airflow/example_dags/example_external_task_marker_dag.py took 0.056 seconds
[2022-12-01 21:39:00,346] {processor.py:163} INFO - Started process (PID=1945) to work on /home/airflow/.local/lib/python3.7/site-packages/airflow/example_dags/example_external_task_marker_dag.py
[2022-12-01 21:39:00,347] {processor.py:642} INFO - Processing file /home/airflow/.local/lib/python3.7/site-packages/airflow/example_dags/example_external_task_marker_dag.py for tasks to queue
[2022-12-01 21:39:00,347] {logging_mixin.py:109} INFO - [2022-12-01 21:39:00,347] {dagbag.py:500} INFO - Filling up the DagBag from /home/airflow/.local/lib/python3.7/site-packages/airflow/example_dags/example_external_task_marker_dag.py
[2022-12-01 21:39:00,370] {processor.py:654} INFO - DAG(s) dict_keys(['example_external_task_marker_parent', 'example_external_task_marker_child']) retrieved from /home/airflow/.local/lib/python3.7/site-packages/airflow/example_dags/example_external_task_marker_dag.py
[2022-12-01 21:39:00,383] {logging_mixin.py:109} INFO - [2022-12-01 21:39:00,382] {dag.py:2398} INFO - Sync 2 DAGs
[2022-12-01 21:39:00,399] {logging_mixin.py:109} INFO - [2022-12-01 21:39:00,399] {dag.py:2937} INFO - Setting next_dagrun for example_external_task_marker_child to None
[2022-12-01 21:39:00,399] {logging_mixin.py:109} INFO - [2022-12-01 21:39:00,399] {dag.py:2937} INFO - Setting next_dagrun for example_external_task_marker_parent to None
[2022-12-01 21:39:00,421] {processor.py:171} INFO - Processing /home/airflow/.local/lib/python3.7/site-packages/airflow/example_dags/example_external_task_marker_dag.py took 0.077 seconds
[2022-12-01 21:39:30,644] {processor.py:163} INFO - Started process (PID=2007) to work on /home/airflow/.local/lib/python3.7/site-packages/airflow/example_dags/example_external_task_marker_dag.py
[2022-12-01 21:39:30,649] {processor.py:642} INFO - Processing file /home/airflow/.local/lib/python3.7/site-packages/airflow/example_dags/example_external_task_marker_dag.py for tasks to queue
[2022-12-01 21:39:30,649] {logging_mixin.py:109} INFO - [2022-12-01 21:39:30,649] {dagbag.py:500} INFO - Filling up the DagBag from /home/airflow/.local/lib/python3.7/site-packages/airflow/example_dags/example_external_task_marker_dag.py
[2022-12-01 21:39:30,671] {processor.py:654} INFO - DAG(s) dict_keys(['example_external_task_marker_parent', 'example_external_task_marker_child']) retrieved from /home/airflow/.local/lib/python3.7/site-packages/airflow/example_dags/example_external_task_marker_dag.py
[2022-12-01 21:39:30,681] {logging_mixin.py:109} INFO - [2022-12-01 21:39:30,681] {dag.py:2398} INFO - Sync 2 DAGs
[2022-12-01 21:39:30,692] {logging_mixin.py:109} INFO - [2022-12-01 21:39:30,692] {dag.py:2937} INFO - Setting next_dagrun for example_external_task_marker_child to None
[2022-12-01 21:39:30,692] {logging_mixin.py:109} INFO - [2022-12-01 21:39:30,692] {dag.py:2937} INFO - Setting next_dagrun for example_external_task_marker_parent to None
[2022-12-01 21:39:30,706] {processor.py:171} INFO - Processing /home/airflow/.local/lib/python3.7/site-packages/airflow/example_dags/example_external_task_marker_dag.py took 0.064 seconds
[2022-12-01 21:40:00,988] {processor.py:163} INFO - Started process (PID=2078) to work on /home/airflow/.local/lib/python3.7/site-packages/airflow/example_dags/example_external_task_marker_dag.py
[2022-12-01 21:40:00,989] {processor.py:642} INFO - Processing file /home/airflow/.local/lib/python3.7/site-packages/airflow/example_dags/example_external_task_marker_dag.py for tasks to queue
[2022-12-01 21:40:00,989] {logging_mixin.py:109} INFO - [2022-12-01 21:40:00,989] {dagbag.py:500} INFO - Filling up the DagBag from /home/airflow/.local/lib/python3.7/site-packages/airflow/example_dags/example_external_task_marker_dag.py
[2022-12-01 21:40:01,016] {processor.py:654} INFO - DAG(s) dict_keys(['example_external_task_marker_parent', 'example_external_task_marker_child']) retrieved from /home/airflow/.local/lib/python3.7/site-packages/airflow/example_dags/example_external_task_marker_dag.py
[2022-12-01 21:40:01,032] {logging_mixin.py:109} INFO - [2022-12-01 21:40:01,032] {dag.py:2398} INFO - Sync 2 DAGs
[2022-12-01 21:40:01,053] {logging_mixin.py:109} INFO - [2022-12-01 21:40:01,053] {dag.py:2937} INFO - Setting next_dagrun for example_external_task_marker_child to None
[2022-12-01 21:40:01,054] {logging_mixin.py:109} INFO - [2022-12-01 21:40:01,054] {dag.py:2937} INFO - Setting next_dagrun for example_external_task_marker_parent to None
[2022-12-01 21:40:01,074] {processor.py:171} INFO - Processing /home/airflow/.local/lib/python3.7/site-packages/airflow/example_dags/example_external_task_marker_dag.py took 0.089 seconds
[2022-12-01 21:40:31,361] {processor.py:163} INFO - Started process (PID=2140) to work on /home/airflow/.local/lib/python3.7/site-packages/airflow/example_dags/example_external_task_marker_dag.py
[2022-12-01 21:40:31,362] {processor.py:642} INFO - Processing file /home/airflow/.local/lib/python3.7/site-packages/airflow/example_dags/example_external_task_marker_dag.py for tasks to queue
[2022-12-01 21:40:31,362] {logging_mixin.py:109} INFO - [2022-12-01 21:40:31,362] {dagbag.py:500} INFO - Filling up the DagBag from /home/airflow/.local/lib/python3.7/site-packages/airflow/example_dags/example_external_task_marker_dag.py
[2022-12-01 21:40:31,385] {processor.py:654} INFO - DAG(s) dict_keys(['example_external_task_marker_parent', 'example_external_task_marker_child']) retrieved from /home/airflow/.local/lib/python3.7/site-packages/airflow/example_dags/example_external_task_marker_dag.py
[2022-12-01 21:40:31,397] {logging_mixin.py:109} INFO - [2022-12-01 21:40:31,396] {dag.py:2398} INFO - Sync 2 DAGs
[2022-12-01 21:40:31,413] {logging_mixin.py:109} INFO - [2022-12-01 21:40:31,413] {dag.py:2937} INFO - Setting next_dagrun for example_external_task_marker_child to None
[2022-12-01 21:40:31,413] {logging_mixin.py:109} INFO - [2022-12-01 21:40:31,413] {dag.py:2937} INFO - Setting next_dagrun for example_external_task_marker_parent to None
[2022-12-01 21:40:31,422] {processor.py:171} INFO - Processing /home/airflow/.local/lib/python3.7/site-packages/airflow/example_dags/example_external_task_marker_dag.py took 0.063 seconds
[2022-12-01 21:41:01,663] {processor.py:163} INFO - Started process (PID=2211) to work on /home/airflow/.local/lib/python3.7/site-packages/airflow/example_dags/example_external_task_marker_dag.py
[2022-12-01 21:41:01,664] {processor.py:642} INFO - Processing file /home/airflow/.local/lib/python3.7/site-packages/airflow/example_dags/example_external_task_marker_dag.py for tasks to queue
[2022-12-01 21:41:01,665] {logging_mixin.py:109} INFO - [2022-12-01 21:41:01,664] {dagbag.py:500} INFO - Filling up the DagBag from /home/airflow/.local/lib/python3.7/site-packages/airflow/example_dags/example_external_task_marker_dag.py
[2022-12-01 21:41:01,697] {processor.py:654} INFO - DAG(s) dict_keys(['example_external_task_marker_parent', 'example_external_task_marker_child']) retrieved from /home/airflow/.local/lib/python3.7/site-packages/airflow/example_dags/example_external_task_marker_dag.py
[2022-12-01 21:41:01,711] {logging_mixin.py:109} INFO - [2022-12-01 21:41:01,710] {dag.py:2398} INFO - Sync 2 DAGs
[2022-12-01 21:41:01,727] {logging_mixin.py:109} INFO - [2022-12-01 21:41:01,727] {dag.py:2937} INFO - Setting next_dagrun for example_external_task_marker_child to None
[2022-12-01 21:41:01,728] {logging_mixin.py:109} INFO - [2022-12-01 21:41:01,728] {dag.py:2937} INFO - Setting next_dagrun for example_external_task_marker_parent to None
[2022-12-01 21:41:01,751] {processor.py:171} INFO - Processing /home/airflow/.local/lib/python3.7/site-packages/airflow/example_dags/example_external_task_marker_dag.py took 0.092 seconds
[2022-12-01 21:41:32,012] {processor.py:163} INFO - Started process (PID=2273) to work on /home/airflow/.local/lib/python3.7/site-packages/airflow/example_dags/example_external_task_marker_dag.py
[2022-12-01 21:41:32,012] {processor.py:642} INFO - Processing file /home/airflow/.local/lib/python3.7/site-packages/airflow/example_dags/example_external_task_marker_dag.py for tasks to queue
[2022-12-01 21:41:32,013] {logging_mixin.py:109} INFO - [2022-12-01 21:41:32,013] {dagbag.py:500} INFO - Filling up the DagBag from /home/airflow/.local/lib/python3.7/site-packages/airflow/example_dags/example_external_task_marker_dag.py
[2022-12-01 21:41:32,034] {processor.py:654} INFO - DAG(s) dict_keys(['example_external_task_marker_parent', 'example_external_task_marker_child']) retrieved from /home/airflow/.local/lib/python3.7/site-packages/airflow/example_dags/example_external_task_marker_dag.py
[2022-12-01 21:41:32,046] {logging_mixin.py:109} INFO - [2022-12-01 21:41:32,045] {dag.py:2398} INFO - Sync 2 DAGs
[2022-12-01 21:41:32,056] {logging_mixin.py:109} INFO - [2022-12-01 21:41:32,056] {dag.py:2937} INFO - Setting next_dagrun for example_external_task_marker_child to None
[2022-12-01 21:41:32,056] {logging_mixin.py:109} INFO - [2022-12-01 21:41:32,056] {dag.py:2937} INFO - Setting next_dagrun for example_external_task_marker_parent to None
[2022-12-01 21:41:32,078] {processor.py:171} INFO - Processing /home/airflow/.local/lib/python3.7/site-packages/airflow/example_dags/example_external_task_marker_dag.py took 0.069 seconds
[2022-12-01 21:42:02,220] {processor.py:163} INFO - Started process (PID=2344) to work on /home/airflow/.local/lib/python3.7/site-packages/airflow/example_dags/example_external_task_marker_dag.py
[2022-12-01 21:42:02,221] {processor.py:642} INFO - Processing file /home/airflow/.local/lib/python3.7/site-packages/airflow/example_dags/example_external_task_marker_dag.py for tasks to queue
[2022-12-01 21:42:02,221] {logging_mixin.py:109} INFO - [2022-12-01 21:42:02,221] {dagbag.py:500} INFO - Filling up the DagBag from /home/airflow/.local/lib/python3.7/site-packages/airflow/example_dags/example_external_task_marker_dag.py
[2022-12-01 21:42:02,247] {processor.py:654} INFO - DAG(s) dict_keys(['example_external_task_marker_parent', 'example_external_task_marker_child']) retrieved from /home/airflow/.local/lib/python3.7/site-packages/airflow/example_dags/example_external_task_marker_dag.py
[2022-12-01 21:42:02,264] {logging_mixin.py:109} INFO - [2022-12-01 21:42:02,264] {dag.py:2398} INFO - Sync 2 DAGs
[2022-12-01 21:42:02,284] {logging_mixin.py:109} INFO - [2022-12-01 21:42:02,284] {dag.py:2937} INFO - Setting next_dagrun for example_external_task_marker_child to None
[2022-12-01 21:42:02,284] {logging_mixin.py:109} INFO - [2022-12-01 21:42:02,284] {dag.py:2937} INFO - Setting next_dagrun for example_external_task_marker_parent to None
[2022-12-01 21:42:02,307] {processor.py:171} INFO - Processing /home/airflow/.local/lib/python3.7/site-packages/airflow/example_dags/example_external_task_marker_dag.py took 0.090 seconds
[2022-12-01 21:42:32,345] {processor.py:163} INFO - Started process (PID=2406) to work on /home/airflow/.local/lib/python3.7/site-packages/airflow/example_dags/example_external_task_marker_dag.py
[2022-12-01 21:42:32,347] {processor.py:642} INFO - Processing file /home/airflow/.local/lib/python3.7/site-packages/airflow/example_dags/example_external_task_marker_dag.py for tasks to queue
[2022-12-01 21:42:32,347] {logging_mixin.py:109} INFO - [2022-12-01 21:42:32,347] {dagbag.py:500} INFO - Filling up the DagBag from /home/airflow/.local/lib/python3.7/site-packages/airflow/example_dags/example_external_task_marker_dag.py
[2022-12-01 21:42:32,372] {processor.py:654} INFO - DAG(s) dict_keys(['example_external_task_marker_parent', 'example_external_task_marker_child']) retrieved from /home/airflow/.local/lib/python3.7/site-packages/airflow/example_dags/example_external_task_marker_dag.py
[2022-12-01 21:42:32,380] {logging_mixin.py:109} INFO - [2022-12-01 21:42:32,380] {dag.py:2398} INFO - Sync 2 DAGs
[2022-12-01 21:42:32,396] {logging_mixin.py:109} INFO - [2022-12-01 21:42:32,396] {dag.py:2937} INFO - Setting next_dagrun for example_external_task_marker_child to None
[2022-12-01 21:42:32,396] {logging_mixin.py:109} INFO - [2022-12-01 21:42:32,396] {dag.py:2937} INFO - Setting next_dagrun for example_external_task_marker_parent to None
[2022-12-01 21:42:32,410] {processor.py:171} INFO - Processing /home/airflow/.local/lib/python3.7/site-packages/airflow/example_dags/example_external_task_marker_dag.py took 0.067 seconds
[2022-12-01 21:43:02,765] {processor.py:163} INFO - Started process (PID=2479) to work on /home/airflow/.local/lib/python3.7/site-packages/airflow/example_dags/example_external_task_marker_dag.py
[2022-12-01 21:43:02,765] {processor.py:642} INFO - Processing file /home/airflow/.local/lib/python3.7/site-packages/airflow/example_dags/example_external_task_marker_dag.py for tasks to queue
[2022-12-01 21:43:02,766] {logging_mixin.py:109} INFO - [2022-12-01 21:43:02,765] {dagbag.py:500} INFO - Filling up the DagBag from /home/airflow/.local/lib/python3.7/site-packages/airflow/example_dags/example_external_task_marker_dag.py
[2022-12-01 21:43:02,787] {processor.py:654} INFO - DAG(s) dict_keys(['example_external_task_marker_parent', 'example_external_task_marker_child']) retrieved from /home/airflow/.local/lib/python3.7/site-packages/airflow/example_dags/example_external_task_marker_dag.py
[2022-12-01 21:43:02,797] {logging_mixin.py:109} INFO - [2022-12-01 21:43:02,797] {dag.py:2398} INFO - Sync 2 DAGs
[2022-12-01 21:43:02,811] {logging_mixin.py:109} INFO - [2022-12-01 21:43:02,811] {dag.py:2937} INFO - Setting next_dagrun for example_external_task_marker_child to None
[2022-12-01 21:43:02,811] {logging_mixin.py:109} INFO - [2022-12-01 21:43:02,811] {dag.py:2937} INFO - Setting next_dagrun for example_external_task_marker_parent to None
[2022-12-01 21:43:02,826] {processor.py:171} INFO - Processing /home/airflow/.local/lib/python3.7/site-packages/airflow/example_dags/example_external_task_marker_dag.py took 0.064 seconds
[2022-12-01 21:43:33,169] {processor.py:163} INFO - Started process (PID=2542) to work on /home/airflow/.local/lib/python3.7/site-packages/airflow/example_dags/example_external_task_marker_dag.py
[2022-12-01 21:43:33,176] {processor.py:642} INFO - Processing file /home/airflow/.local/lib/python3.7/site-packages/airflow/example_dags/example_external_task_marker_dag.py for tasks to queue
[2022-12-01 21:43:33,177] {logging_mixin.py:109} INFO - [2022-12-01 21:43:33,177] {dagbag.py:500} INFO - Filling up the DagBag from /home/airflow/.local/lib/python3.7/site-packages/airflow/example_dags/example_external_task_marker_dag.py
[2022-12-01 21:43:33,199] {processor.py:654} INFO - DAG(s) dict_keys(['example_external_task_marker_parent', 'example_external_task_marker_child']) retrieved from /home/airflow/.local/lib/python3.7/site-packages/airflow/example_dags/example_external_task_marker_dag.py
[2022-12-01 21:43:33,207] {logging_mixin.py:109} INFO - [2022-12-01 21:43:33,207] {dag.py:2398} INFO - Sync 2 DAGs
[2022-12-01 21:43:33,217] {logging_mixin.py:109} INFO - [2022-12-01 21:43:33,217] {dag.py:2937} INFO - Setting next_dagrun for example_external_task_marker_child to None
[2022-12-01 21:43:33,217] {logging_mixin.py:109} INFO - [2022-12-01 21:43:33,217] {dag.py:2937} INFO - Setting next_dagrun for example_external_task_marker_parent to None
[2022-12-01 21:43:33,230] {processor.py:171} INFO - Processing /home/airflow/.local/lib/python3.7/site-packages/airflow/example_dags/example_external_task_marker_dag.py took 0.064 seconds
[2022-12-01 21:44:03,654] {processor.py:163} INFO - Started process (PID=2614) to work on /home/airflow/.local/lib/python3.7/site-packages/airflow/example_dags/example_external_task_marker_dag.py
[2022-12-01 21:44:03,656] {processor.py:642} INFO - Processing file /home/airflow/.local/lib/python3.7/site-packages/airflow/example_dags/example_external_task_marker_dag.py for tasks to queue
[2022-12-01 21:44:03,656] {logging_mixin.py:109} INFO - [2022-12-01 21:44:03,656] {dagbag.py:500} INFO - Filling up the DagBag from /home/airflow/.local/lib/python3.7/site-packages/airflow/example_dags/example_external_task_marker_dag.py
[2022-12-01 21:44:03,687] {processor.py:654} INFO - DAG(s) dict_keys(['example_external_task_marker_parent', 'example_external_task_marker_child']) retrieved from /home/airflow/.local/lib/python3.7/site-packages/airflow/example_dags/example_external_task_marker_dag.py
[2022-12-01 21:44:03,702] {logging_mixin.py:109} INFO - [2022-12-01 21:44:03,701] {dag.py:2398} INFO - Sync 2 DAGs
[2022-12-01 21:44:03,721] {logging_mixin.py:109} INFO - [2022-12-01 21:44:03,721] {dag.py:2937} INFO - Setting next_dagrun for example_external_task_marker_child to None
[2022-12-01 21:44:03,722] {logging_mixin.py:109} INFO - [2022-12-01 21:44:03,722] {dag.py:2937} INFO - Setting next_dagrun for example_external_task_marker_parent to None
[2022-12-01 21:44:03,738] {processor.py:171} INFO - Processing /home/airflow/.local/lib/python3.7/site-packages/airflow/example_dags/example_external_task_marker_dag.py took 0.087 seconds
