[2022-12-01 21:24:41,525] {processor.py:163} INFO - Started process (PID=62) to work on /home/airflow/.local/lib/python3.7/site-packages/airflow/example_dags/example_trigger_target_dag.py
[2022-12-01 21:24:41,526] {processor.py:642} INFO - Processing file /home/airflow/.local/lib/python3.7/site-packages/airflow/example_dags/example_trigger_target_dag.py for tasks to queue
[2022-12-01 21:24:41,526] {logging_mixin.py:109} INFO - [2022-12-01 21:24:41,526] {dagbag.py:500} INFO - Filling up the DagBag from /home/airflow/.local/lib/python3.7/site-packages/airflow/example_dags/example_trigger_target_dag.py
[2022-12-01 21:24:41,553] {processor.py:654} INFO - DAG(s) dict_keys(['example_trigger_target_dag']) retrieved from /home/airflow/.local/lib/python3.7/site-packages/airflow/example_dags/example_trigger_target_dag.py
[2022-12-01 21:24:41,561] {logging_mixin.py:109} INFO - [2022-12-01 21:24:41,561] {dag.py:2398} INFO - Sync 1 DAGs
[2022-12-01 21:24:41,574] {logging_mixin.py:109} INFO - [2022-12-01 21:24:41,574] {dag.py:2937} INFO - Setting next_dagrun for example_trigger_target_dag to None
[2022-12-01 21:24:41,588] {processor.py:171} INFO - Processing /home/airflow/.local/lib/python3.7/site-packages/airflow/example_dags/example_trigger_target_dag.py took 0.065 seconds
[2022-12-01 21:25:12,375] {processor.py:163} INFO - Started process (PID=132) to work on /home/airflow/.local/lib/python3.7/site-packages/airflow/example_dags/example_trigger_target_dag.py
[2022-12-01 21:25:12,376] {processor.py:642} INFO - Processing file /home/airflow/.local/lib/python3.7/site-packages/airflow/example_dags/example_trigger_target_dag.py for tasks to queue
[2022-12-01 21:25:12,377] {logging_mixin.py:109} INFO - [2022-12-01 21:25:12,377] {dagbag.py:500} INFO - Filling up the DagBag from /home/airflow/.local/lib/python3.7/site-packages/airflow/example_dags/example_trigger_target_dag.py
[2022-12-01 21:25:12,401] {processor.py:654} INFO - DAG(s) dict_keys(['example_trigger_target_dag']) retrieved from /home/airflow/.local/lib/python3.7/site-packages/airflow/example_dags/example_trigger_target_dag.py
[2022-12-01 21:25:12,410] {logging_mixin.py:109} INFO - [2022-12-01 21:25:12,409] {dag.py:2398} INFO - Sync 1 DAGs
[2022-12-01 21:25:12,426] {logging_mixin.py:109} INFO - [2022-12-01 21:25:12,426] {dag.py:2937} INFO - Setting next_dagrun for example_trigger_target_dag to None
[2022-12-01 21:25:12,436] {processor.py:171} INFO - Processing /home/airflow/.local/lib/python3.7/site-packages/airflow/example_dags/example_trigger_target_dag.py took 0.062 seconds
[2022-12-01 21:25:43,507] {processor.py:163} INFO - Started process (PID=194) to work on /home/airflow/.local/lib/python3.7/site-packages/airflow/example_dags/example_trigger_target_dag.py
[2022-12-01 21:25:43,508] {processor.py:642} INFO - Processing file /home/airflow/.local/lib/python3.7/site-packages/airflow/example_dags/example_trigger_target_dag.py for tasks to queue
[2022-12-01 21:25:43,508] {logging_mixin.py:109} INFO - [2022-12-01 21:25:43,508] {dagbag.py:500} INFO - Filling up the DagBag from /home/airflow/.local/lib/python3.7/site-packages/airflow/example_dags/example_trigger_target_dag.py
[2022-12-01 21:25:43,531] {processor.py:654} INFO - DAG(s) dict_keys(['example_trigger_target_dag']) retrieved from /home/airflow/.local/lib/python3.7/site-packages/airflow/example_dags/example_trigger_target_dag.py
[2022-12-01 21:25:43,537] {logging_mixin.py:109} INFO - [2022-12-01 21:25:43,537] {dag.py:2398} INFO - Sync 1 DAGs
[2022-12-01 21:25:43,548] {logging_mixin.py:109} INFO - [2022-12-01 21:25:43,548] {dag.py:2937} INFO - Setting next_dagrun for example_trigger_target_dag to None
[2022-12-01 21:25:43,562] {processor.py:171} INFO - Processing /home/airflow/.local/lib/python3.7/site-packages/airflow/example_dags/example_trigger_target_dag.py took 0.057 seconds
[2022-12-01 21:26:14,505] {processor.py:163} INFO - Started process (PID=265) to work on /home/airflow/.local/lib/python3.7/site-packages/airflow/example_dags/example_trigger_target_dag.py
[2022-12-01 21:26:14,506] {processor.py:642} INFO - Processing file /home/airflow/.local/lib/python3.7/site-packages/airflow/example_dags/example_trigger_target_dag.py for tasks to queue
[2022-12-01 21:26:14,506] {logging_mixin.py:109} INFO - [2022-12-01 21:26:14,506] {dagbag.py:500} INFO - Filling up the DagBag from /home/airflow/.local/lib/python3.7/site-packages/airflow/example_dags/example_trigger_target_dag.py
[2022-12-01 21:26:14,529] {processor.py:654} INFO - DAG(s) dict_keys(['example_trigger_target_dag']) retrieved from /home/airflow/.local/lib/python3.7/site-packages/airflow/example_dags/example_trigger_target_dag.py
[2022-12-01 21:26:14,535] {logging_mixin.py:109} INFO - [2022-12-01 21:26:14,535] {dag.py:2398} INFO - Sync 1 DAGs
[2022-12-01 21:26:14,546] {logging_mixin.py:109} INFO - [2022-12-01 21:26:14,546] {dag.py:2937} INFO - Setting next_dagrun for example_trigger_target_dag to None
[2022-12-01 21:26:14,554] {processor.py:171} INFO - Processing /home/airflow/.local/lib/python3.7/site-packages/airflow/example_dags/example_trigger_target_dag.py took 0.051 seconds
[2022-12-01 21:26:45,710] {processor.py:163} INFO - Started process (PID=327) to work on /home/airflow/.local/lib/python3.7/site-packages/airflow/example_dags/example_trigger_target_dag.py
[2022-12-01 21:26:45,711] {processor.py:642} INFO - Processing file /home/airflow/.local/lib/python3.7/site-packages/airflow/example_dags/example_trigger_target_dag.py for tasks to queue
[2022-12-01 21:26:45,711] {logging_mixin.py:109} INFO - [2022-12-01 21:26:45,711] {dagbag.py:500} INFO - Filling up the DagBag from /home/airflow/.local/lib/python3.7/site-packages/airflow/example_dags/example_trigger_target_dag.py
[2022-12-01 21:26:45,733] {processor.py:654} INFO - DAG(s) dict_keys(['example_trigger_target_dag']) retrieved from /home/airflow/.local/lib/python3.7/site-packages/airflow/example_dags/example_trigger_target_dag.py
[2022-12-01 21:26:45,739] {logging_mixin.py:109} INFO - [2022-12-01 21:26:45,739] {dag.py:2398} INFO - Sync 1 DAGs
[2022-12-01 21:26:45,749] {logging_mixin.py:109} INFO - [2022-12-01 21:26:45,749] {dag.py:2937} INFO - Setting next_dagrun for example_trigger_target_dag to None
[2022-12-01 21:26:45,761] {processor.py:171} INFO - Processing /home/airflow/.local/lib/python3.7/site-packages/airflow/example_dags/example_trigger_target_dag.py took 0.053 seconds
[2022-12-01 21:27:16,690] {processor.py:163} INFO - Started process (PID=398) to work on /home/airflow/.local/lib/python3.7/site-packages/airflow/example_dags/example_trigger_target_dag.py
[2022-12-01 21:27:16,691] {processor.py:642} INFO - Processing file /home/airflow/.local/lib/python3.7/site-packages/airflow/example_dags/example_trigger_target_dag.py for tasks to queue
[2022-12-01 21:27:16,691] {logging_mixin.py:109} INFO - [2022-12-01 21:27:16,691] {dagbag.py:500} INFO - Filling up the DagBag from /home/airflow/.local/lib/python3.7/site-packages/airflow/example_dags/example_trigger_target_dag.py
[2022-12-01 21:27:16,713] {processor.py:654} INFO - DAG(s) dict_keys(['example_trigger_target_dag']) retrieved from /home/airflow/.local/lib/python3.7/site-packages/airflow/example_dags/example_trigger_target_dag.py
[2022-12-01 21:27:16,719] {logging_mixin.py:109} INFO - [2022-12-01 21:27:16,719] {dag.py:2398} INFO - Sync 1 DAGs
[2022-12-01 21:27:16,730] {logging_mixin.py:109} INFO - [2022-12-01 21:27:16,729] {dag.py:2937} INFO - Setting next_dagrun for example_trigger_target_dag to None
[2022-12-01 21:27:16,743] {processor.py:171} INFO - Processing /home/airflow/.local/lib/python3.7/site-packages/airflow/example_dags/example_trigger_target_dag.py took 0.054 seconds
[2022-12-01 21:27:47,863] {processor.py:163} INFO - Started process (PID=460) to work on /home/airflow/.local/lib/python3.7/site-packages/airflow/example_dags/example_trigger_target_dag.py
[2022-12-01 21:27:47,864] {processor.py:642} INFO - Processing file /home/airflow/.local/lib/python3.7/site-packages/airflow/example_dags/example_trigger_target_dag.py for tasks to queue
[2022-12-01 21:27:47,864] {logging_mixin.py:109} INFO - [2022-12-01 21:27:47,864] {dagbag.py:500} INFO - Filling up the DagBag from /home/airflow/.local/lib/python3.7/site-packages/airflow/example_dags/example_trigger_target_dag.py
[2022-12-01 21:27:47,887] {processor.py:654} INFO - DAG(s) dict_keys(['example_trigger_target_dag']) retrieved from /home/airflow/.local/lib/python3.7/site-packages/airflow/example_dags/example_trigger_target_dag.py
[2022-12-01 21:27:47,893] {logging_mixin.py:109} INFO - [2022-12-01 21:27:47,893] {dag.py:2398} INFO - Sync 1 DAGs
[2022-12-01 21:27:47,903] {logging_mixin.py:109} INFO - [2022-12-01 21:27:47,903] {dag.py:2937} INFO - Setting next_dagrun for example_trigger_target_dag to None
[2022-12-01 21:27:47,918] {processor.py:171} INFO - Processing /home/airflow/.local/lib/python3.7/site-packages/airflow/example_dags/example_trigger_target_dag.py took 0.056 seconds
[2022-12-01 21:28:18,887] {processor.py:163} INFO - Started process (PID=531) to work on /home/airflow/.local/lib/python3.7/site-packages/airflow/example_dags/example_trigger_target_dag.py
[2022-12-01 21:28:18,888] {processor.py:642} INFO - Processing file /home/airflow/.local/lib/python3.7/site-packages/airflow/example_dags/example_trigger_target_dag.py for tasks to queue
[2022-12-01 21:28:18,888] {logging_mixin.py:109} INFO - [2022-12-01 21:28:18,888] {dagbag.py:500} INFO - Filling up the DagBag from /home/airflow/.local/lib/python3.7/site-packages/airflow/example_dags/example_trigger_target_dag.py
[2022-12-01 21:28:18,911] {processor.py:654} INFO - DAG(s) dict_keys(['example_trigger_target_dag']) retrieved from /home/airflow/.local/lib/python3.7/site-packages/airflow/example_dags/example_trigger_target_dag.py
[2022-12-01 21:28:18,917] {logging_mixin.py:109} INFO - [2022-12-01 21:28:18,917] {dag.py:2398} INFO - Sync 1 DAGs
[2022-12-01 21:28:18,927] {logging_mixin.py:109} INFO - [2022-12-01 21:28:18,927] {dag.py:2937} INFO - Setting next_dagrun for example_trigger_target_dag to None
[2022-12-01 21:28:18,935] {processor.py:171} INFO - Processing /home/airflow/.local/lib/python3.7/site-packages/airflow/example_dags/example_trigger_target_dag.py took 0.050 seconds
[2022-12-01 21:28:49,116] {processor.py:163} INFO - Started process (PID=594) to work on /home/airflow/.local/lib/python3.7/site-packages/airflow/example_dags/example_trigger_target_dag.py
[2022-12-01 21:28:49,117] {processor.py:642} INFO - Processing file /home/airflow/.local/lib/python3.7/site-packages/airflow/example_dags/example_trigger_target_dag.py for tasks to queue
[2022-12-01 21:28:49,117] {logging_mixin.py:109} INFO - [2022-12-01 21:28:49,117] {dagbag.py:500} INFO - Filling up the DagBag from /home/airflow/.local/lib/python3.7/site-packages/airflow/example_dags/example_trigger_target_dag.py
[2022-12-01 21:28:49,146] {processor.py:654} INFO - DAG(s) dict_keys(['example_trigger_target_dag']) retrieved from /home/airflow/.local/lib/python3.7/site-packages/airflow/example_dags/example_trigger_target_dag.py
[2022-12-01 21:28:49,157] {logging_mixin.py:109} INFO - [2022-12-01 21:28:49,157] {dag.py:2398} INFO - Sync 1 DAGs
[2022-12-01 21:28:49,176] {logging_mixin.py:109} INFO - [2022-12-01 21:28:49,176] {dag.py:2937} INFO - Setting next_dagrun for example_trigger_target_dag to None
[2022-12-01 21:28:49,187] {processor.py:171} INFO - Processing /home/airflow/.local/lib/python3.7/site-packages/airflow/example_dags/example_trigger_target_dag.py took 0.073 seconds
[2022-12-01 21:29:19,366] {processor.py:163} INFO - Started process (PID=658) to work on /home/airflow/.local/lib/python3.7/site-packages/airflow/example_dags/example_trigger_target_dag.py
[2022-12-01 21:29:19,367] {processor.py:642} INFO - Processing file /home/airflow/.local/lib/python3.7/site-packages/airflow/example_dags/example_trigger_target_dag.py for tasks to queue
[2022-12-01 21:29:19,367] {logging_mixin.py:109} INFO - [2022-12-01 21:29:19,367] {dagbag.py:500} INFO - Filling up the DagBag from /home/airflow/.local/lib/python3.7/site-packages/airflow/example_dags/example_trigger_target_dag.py
[2022-12-01 21:29:19,391] {processor.py:654} INFO - DAG(s) dict_keys(['example_trigger_target_dag']) retrieved from /home/airflow/.local/lib/python3.7/site-packages/airflow/example_dags/example_trigger_target_dag.py
[2022-12-01 21:29:19,397] {logging_mixin.py:109} INFO - [2022-12-01 21:29:19,397] {dag.py:2398} INFO - Sync 1 DAGs
[2022-12-01 21:29:19,407] {logging_mixin.py:109} INFO - [2022-12-01 21:29:19,407] {dag.py:2937} INFO - Setting next_dagrun for example_trigger_target_dag to None
[2022-12-01 21:29:19,420] {processor.py:171} INFO - Processing /home/airflow/.local/lib/python3.7/site-packages/airflow/example_dags/example_trigger_target_dag.py took 0.056 seconds
[2022-12-01 21:29:49,602] {processor.py:163} INFO - Started process (PID=720) to work on /home/airflow/.local/lib/python3.7/site-packages/airflow/example_dags/example_trigger_target_dag.py
[2022-12-01 21:29:49,604] {processor.py:642} INFO - Processing file /home/airflow/.local/lib/python3.7/site-packages/airflow/example_dags/example_trigger_target_dag.py for tasks to queue
[2022-12-01 21:29:49,604] {logging_mixin.py:109} INFO - [2022-12-01 21:29:49,604] {dagbag.py:500} INFO - Filling up the DagBag from /home/airflow/.local/lib/python3.7/site-packages/airflow/example_dags/example_trigger_target_dag.py
[2022-12-01 21:29:49,626] {processor.py:654} INFO - DAG(s) dict_keys(['example_trigger_target_dag']) retrieved from /home/airflow/.local/lib/python3.7/site-packages/airflow/example_dags/example_trigger_target_dag.py
[2022-12-01 21:29:49,632] {logging_mixin.py:109} INFO - [2022-12-01 21:29:49,632] {dag.py:2398} INFO - Sync 1 DAGs
[2022-12-01 21:29:49,643] {logging_mixin.py:109} INFO - [2022-12-01 21:29:49,643] {dag.py:2937} INFO - Setting next_dagrun for example_trigger_target_dag to None
[2022-12-01 21:29:49,657] {processor.py:171} INFO - Processing /home/airflow/.local/lib/python3.7/site-packages/airflow/example_dags/example_trigger_target_dag.py took 0.057 seconds
[2022-12-01 21:30:19,783] {processor.py:163} INFO - Started process (PID=791) to work on /home/airflow/.local/lib/python3.7/site-packages/airflow/example_dags/example_trigger_target_dag.py
[2022-12-01 21:30:19,784] {processor.py:642} INFO - Processing file /home/airflow/.local/lib/python3.7/site-packages/airflow/example_dags/example_trigger_target_dag.py for tasks to queue
[2022-12-01 21:30:19,784] {logging_mixin.py:109} INFO - [2022-12-01 21:30:19,784] {dagbag.py:500} INFO - Filling up the DagBag from /home/airflow/.local/lib/python3.7/site-packages/airflow/example_dags/example_trigger_target_dag.py
[2022-12-01 21:30:19,809] {processor.py:654} INFO - DAG(s) dict_keys(['example_trigger_target_dag']) retrieved from /home/airflow/.local/lib/python3.7/site-packages/airflow/example_dags/example_trigger_target_dag.py
[2022-12-01 21:30:19,815] {logging_mixin.py:109} INFO - [2022-12-01 21:30:19,815] {dag.py:2398} INFO - Sync 1 DAGs
[2022-12-01 21:30:19,826] {logging_mixin.py:109} INFO - [2022-12-01 21:30:19,826] {dag.py:2937} INFO - Setting next_dagrun for example_trigger_target_dag to None
[2022-12-01 21:30:19,867] {processor.py:171} INFO - Processing /home/airflow/.local/lib/python3.7/site-packages/airflow/example_dags/example_trigger_target_dag.py took 0.086 seconds
[2022-12-01 21:30:50,069] {processor.py:163} INFO - Started process (PID=853) to work on /home/airflow/.local/lib/python3.7/site-packages/airflow/example_dags/example_trigger_target_dag.py
[2022-12-01 21:30:50,072] {processor.py:642} INFO - Processing file /home/airflow/.local/lib/python3.7/site-packages/airflow/example_dags/example_trigger_target_dag.py for tasks to queue
[2022-12-01 21:30:50,072] {logging_mixin.py:109} INFO - [2022-12-01 21:30:50,072] {dagbag.py:500} INFO - Filling up the DagBag from /home/airflow/.local/lib/python3.7/site-packages/airflow/example_dags/example_trigger_target_dag.py
[2022-12-01 21:30:50,096] {processor.py:654} INFO - DAG(s) dict_keys(['example_trigger_target_dag']) retrieved from /home/airflow/.local/lib/python3.7/site-packages/airflow/example_dags/example_trigger_target_dag.py
[2022-12-01 21:30:50,103] {logging_mixin.py:109} INFO - [2022-12-01 21:30:50,102] {dag.py:2398} INFO - Sync 1 DAGs
[2022-12-01 21:30:50,114] {logging_mixin.py:109} INFO - [2022-12-01 21:30:50,114] {dag.py:2937} INFO - Setting next_dagrun for example_trigger_target_dag to None
[2022-12-01 21:30:50,137] {processor.py:171} INFO - Processing /home/airflow/.local/lib/python3.7/site-packages/airflow/example_dags/example_trigger_target_dag.py took 0.069 seconds
[2022-12-01 21:31:20,632] {processor.py:163} INFO - Started process (PID=925) to work on /home/airflow/.local/lib/python3.7/site-packages/airflow/example_dags/example_trigger_target_dag.py
[2022-12-01 21:31:20,633] {processor.py:642} INFO - Processing file /home/airflow/.local/lib/python3.7/site-packages/airflow/example_dags/example_trigger_target_dag.py for tasks to queue
[2022-12-01 21:31:20,633] {logging_mixin.py:109} INFO - [2022-12-01 21:31:20,633] {dagbag.py:500} INFO - Filling up the DagBag from /home/airflow/.local/lib/python3.7/site-packages/airflow/example_dags/example_trigger_target_dag.py
[2022-12-01 21:31:20,655] {processor.py:654} INFO - DAG(s) dict_keys(['example_trigger_target_dag']) retrieved from /home/airflow/.local/lib/python3.7/site-packages/airflow/example_dags/example_trigger_target_dag.py
[2022-12-01 21:31:20,661] {logging_mixin.py:109} INFO - [2022-12-01 21:31:20,661] {dag.py:2398} INFO - Sync 1 DAGs
[2022-12-01 21:31:20,673] {logging_mixin.py:109} INFO - [2022-12-01 21:31:20,673] {dag.py:2937} INFO - Setting next_dagrun for example_trigger_target_dag to None
[2022-12-01 21:31:20,685] {processor.py:171} INFO - Processing /home/airflow/.local/lib/python3.7/site-packages/airflow/example_dags/example_trigger_target_dag.py took 0.056 seconds
[2022-12-01 21:31:50,883] {processor.py:163} INFO - Started process (PID=987) to work on /home/airflow/.local/lib/python3.7/site-packages/airflow/example_dags/example_trigger_target_dag.py
[2022-12-01 21:31:50,884] {processor.py:642} INFO - Processing file /home/airflow/.local/lib/python3.7/site-packages/airflow/example_dags/example_trigger_target_dag.py for tasks to queue
[2022-12-01 21:31:50,884] {logging_mixin.py:109} INFO - [2022-12-01 21:31:50,884] {dagbag.py:500} INFO - Filling up the DagBag from /home/airflow/.local/lib/python3.7/site-packages/airflow/example_dags/example_trigger_target_dag.py
[2022-12-01 21:31:50,909] {processor.py:654} INFO - DAG(s) dict_keys(['example_trigger_target_dag']) retrieved from /home/airflow/.local/lib/python3.7/site-packages/airflow/example_dags/example_trigger_target_dag.py
[2022-12-01 21:31:50,915] {logging_mixin.py:109} INFO - [2022-12-01 21:31:50,915] {dag.py:2398} INFO - Sync 1 DAGs
[2022-12-01 21:31:50,928] {logging_mixin.py:109} INFO - [2022-12-01 21:31:50,928] {dag.py:2937} INFO - Setting next_dagrun for example_trigger_target_dag to None
[2022-12-01 21:31:50,941] {processor.py:171} INFO - Processing /home/airflow/.local/lib/python3.7/site-packages/airflow/example_dags/example_trigger_target_dag.py took 0.061 seconds
[2022-12-01 21:32:21,391] {processor.py:163} INFO - Started process (PID=1058) to work on /home/airflow/.local/lib/python3.7/site-packages/airflow/example_dags/example_trigger_target_dag.py
[2022-12-01 21:32:21,392] {processor.py:642} INFO - Processing file /home/airflow/.local/lib/python3.7/site-packages/airflow/example_dags/example_trigger_target_dag.py for tasks to queue
[2022-12-01 21:32:21,392] {logging_mixin.py:109} INFO - [2022-12-01 21:32:21,392] {dagbag.py:500} INFO - Filling up the DagBag from /home/airflow/.local/lib/python3.7/site-packages/airflow/example_dags/example_trigger_target_dag.py
[2022-12-01 21:32:21,415] {processor.py:654} INFO - DAG(s) dict_keys(['example_trigger_target_dag']) retrieved from /home/airflow/.local/lib/python3.7/site-packages/airflow/example_dags/example_trigger_target_dag.py
[2022-12-01 21:32:21,422] {logging_mixin.py:109} INFO - [2022-12-01 21:32:21,421] {dag.py:2398} INFO - Sync 1 DAGs
[2022-12-01 21:32:21,432] {logging_mixin.py:109} INFO - [2022-12-01 21:32:21,432] {dag.py:2937} INFO - Setting next_dagrun for example_trigger_target_dag to None
[2022-12-01 21:32:21,439] {processor.py:171} INFO - Processing /home/airflow/.local/lib/python3.7/site-packages/airflow/example_dags/example_trigger_target_dag.py took 0.050 seconds
[2022-12-01 21:32:51,659] {processor.py:163} INFO - Started process (PID=1120) to work on /home/airflow/.local/lib/python3.7/site-packages/airflow/example_dags/example_trigger_target_dag.py
[2022-12-01 21:32:51,659] {processor.py:642} INFO - Processing file /home/airflow/.local/lib/python3.7/site-packages/airflow/example_dags/example_trigger_target_dag.py for tasks to queue
[2022-12-01 21:32:51,660] {logging_mixin.py:109} INFO - [2022-12-01 21:32:51,660] {dagbag.py:500} INFO - Filling up the DagBag from /home/airflow/.local/lib/python3.7/site-packages/airflow/example_dags/example_trigger_target_dag.py
[2022-12-01 21:32:51,684] {processor.py:654} INFO - DAG(s) dict_keys(['example_trigger_target_dag']) retrieved from /home/airflow/.local/lib/python3.7/site-packages/airflow/example_dags/example_trigger_target_dag.py
[2022-12-01 21:32:51,690] {logging_mixin.py:109} INFO - [2022-12-01 21:32:51,690] {dag.py:2398} INFO - Sync 1 DAGs
[2022-12-01 21:32:51,700] {logging_mixin.py:109} INFO - [2022-12-01 21:32:51,700] {dag.py:2937} INFO - Setting next_dagrun for example_trigger_target_dag to None
[2022-12-01 21:32:51,713] {processor.py:171} INFO - Processing /home/airflow/.local/lib/python3.7/site-packages/airflow/example_dags/example_trigger_target_dag.py took 0.057 seconds
[2022-12-01 21:33:21,887] {processor.py:163} INFO - Started process (PID=1191) to work on /home/airflow/.local/lib/python3.7/site-packages/airflow/example_dags/example_trigger_target_dag.py
[2022-12-01 21:33:21,888] {processor.py:642} INFO - Processing file /home/airflow/.local/lib/python3.7/site-packages/airflow/example_dags/example_trigger_target_dag.py for tasks to queue
[2022-12-01 21:33:21,888] {logging_mixin.py:109} INFO - [2022-12-01 21:33:21,888] {dagbag.py:500} INFO - Filling up the DagBag from /home/airflow/.local/lib/python3.7/site-packages/airflow/example_dags/example_trigger_target_dag.py
[2022-12-01 21:33:21,912] {processor.py:654} INFO - DAG(s) dict_keys(['example_trigger_target_dag']) retrieved from /home/airflow/.local/lib/python3.7/site-packages/airflow/example_dags/example_trigger_target_dag.py
[2022-12-01 21:33:21,920] {logging_mixin.py:109} INFO - [2022-12-01 21:33:21,920] {dag.py:2398} INFO - Sync 1 DAGs
[2022-12-01 21:33:21,931] {logging_mixin.py:109} INFO - [2022-12-01 21:33:21,931] {dag.py:2937} INFO - Setting next_dagrun for example_trigger_target_dag to None
[2022-12-01 21:33:21,944] {processor.py:171} INFO - Processing /home/airflow/.local/lib/python3.7/site-packages/airflow/example_dags/example_trigger_target_dag.py took 0.060 seconds
[2022-12-01 21:33:52,475] {processor.py:163} INFO - Started process (PID=1255) to work on /home/airflow/.local/lib/python3.7/site-packages/airflow/example_dags/example_trigger_target_dag.py
[2022-12-01 21:33:52,475] {processor.py:642} INFO - Processing file /home/airflow/.local/lib/python3.7/site-packages/airflow/example_dags/example_trigger_target_dag.py for tasks to queue
[2022-12-01 21:33:52,476] {logging_mixin.py:109} INFO - [2022-12-01 21:33:52,476] {dagbag.py:500} INFO - Filling up the DagBag from /home/airflow/.local/lib/python3.7/site-packages/airflow/example_dags/example_trigger_target_dag.py
[2022-12-01 21:33:52,498] {processor.py:654} INFO - DAG(s) dict_keys(['example_trigger_target_dag']) retrieved from /home/airflow/.local/lib/python3.7/site-packages/airflow/example_dags/example_trigger_target_dag.py
[2022-12-01 21:33:52,505] {logging_mixin.py:109} INFO - [2022-12-01 21:33:52,505] {dag.py:2398} INFO - Sync 1 DAGs
[2022-12-01 21:33:52,515] {logging_mixin.py:109} INFO - [2022-12-01 21:33:52,515] {dag.py:2937} INFO - Setting next_dagrun for example_trigger_target_dag to None
[2022-12-01 21:33:52,528] {processor.py:171} INFO - Processing /home/airflow/.local/lib/python3.7/site-packages/airflow/example_dags/example_trigger_target_dag.py took 0.055 seconds
[2022-12-01 21:34:22,922] {processor.py:163} INFO - Started process (PID=1326) to work on /home/airflow/.local/lib/python3.7/site-packages/airflow/example_dags/example_trigger_target_dag.py
[2022-12-01 21:34:22,923] {processor.py:642} INFO - Processing file /home/airflow/.local/lib/python3.7/site-packages/airflow/example_dags/example_trigger_target_dag.py for tasks to queue
[2022-12-01 21:34:22,923] {logging_mixin.py:109} INFO - [2022-12-01 21:34:22,923] {dagbag.py:500} INFO - Filling up the DagBag from /home/airflow/.local/lib/python3.7/site-packages/airflow/example_dags/example_trigger_target_dag.py
[2022-12-01 21:34:22,946] {processor.py:654} INFO - DAG(s) dict_keys(['example_trigger_target_dag']) retrieved from /home/airflow/.local/lib/python3.7/site-packages/airflow/example_dags/example_trigger_target_dag.py
[2022-12-01 21:34:22,952] {logging_mixin.py:109} INFO - [2022-12-01 21:34:22,952] {dag.py:2398} INFO - Sync 1 DAGs
[2022-12-01 21:34:22,962] {logging_mixin.py:109} INFO - [2022-12-01 21:34:22,962] {dag.py:2937} INFO - Setting next_dagrun for example_trigger_target_dag to None
[2022-12-01 21:34:22,975] {processor.py:171} INFO - Processing /home/airflow/.local/lib/python3.7/site-packages/airflow/example_dags/example_trigger_target_dag.py took 0.055 seconds
[2022-12-01 21:34:53,289] {processor.py:163} INFO - Started process (PID=1388) to work on /home/airflow/.local/lib/python3.7/site-packages/airflow/example_dags/example_trigger_target_dag.py
[2022-12-01 21:34:53,290] {processor.py:642} INFO - Processing file /home/airflow/.local/lib/python3.7/site-packages/airflow/example_dags/example_trigger_target_dag.py for tasks to queue
[2022-12-01 21:34:53,290] {logging_mixin.py:109} INFO - [2022-12-01 21:34:53,290] {dagbag.py:500} INFO - Filling up the DagBag from /home/airflow/.local/lib/python3.7/site-packages/airflow/example_dags/example_trigger_target_dag.py
[2022-12-01 21:34:53,313] {processor.py:654} INFO - DAG(s) dict_keys(['example_trigger_target_dag']) retrieved from /home/airflow/.local/lib/python3.7/site-packages/airflow/example_dags/example_trigger_target_dag.py
[2022-12-01 21:34:53,319] {logging_mixin.py:109} INFO - [2022-12-01 21:34:53,319] {dag.py:2398} INFO - Sync 1 DAGs
[2022-12-01 21:34:53,329] {logging_mixin.py:109} INFO - [2022-12-01 21:34:53,329] {dag.py:2937} INFO - Setting next_dagrun for example_trigger_target_dag to None
[2022-12-01 21:34:53,337] {processor.py:171} INFO - Processing /home/airflow/.local/lib/python3.7/site-packages/airflow/example_dags/example_trigger_target_dag.py took 0.050 seconds
[2022-12-01 21:35:23,600] {processor.py:163} INFO - Started process (PID=1459) to work on /home/airflow/.local/lib/python3.7/site-packages/airflow/example_dags/example_trigger_target_dag.py
[2022-12-01 21:35:23,601] {processor.py:642} INFO - Processing file /home/airflow/.local/lib/python3.7/site-packages/airflow/example_dags/example_trigger_target_dag.py for tasks to queue
[2022-12-01 21:35:23,602] {logging_mixin.py:109} INFO - [2022-12-01 21:35:23,601] {dagbag.py:500} INFO - Filling up the DagBag from /home/airflow/.local/lib/python3.7/site-packages/airflow/example_dags/example_trigger_target_dag.py
[2022-12-01 21:35:23,625] {processor.py:654} INFO - DAG(s) dict_keys(['example_trigger_target_dag']) retrieved from /home/airflow/.local/lib/python3.7/site-packages/airflow/example_dags/example_trigger_target_dag.py
[2022-12-01 21:35:23,632] {logging_mixin.py:109} INFO - [2022-12-01 21:35:23,632] {dag.py:2398} INFO - Sync 1 DAGs
[2022-12-01 21:35:23,643] {logging_mixin.py:109} INFO - [2022-12-01 21:35:23,643] {dag.py:2937} INFO - Setting next_dagrun for example_trigger_target_dag to None
[2022-12-01 21:35:23,651] {processor.py:171} INFO - Processing /home/airflow/.local/lib/python3.7/site-packages/airflow/example_dags/example_trigger_target_dag.py took 0.053 seconds
[2022-12-01 21:35:53,829] {processor.py:163} INFO - Started process (PID=1522) to work on /home/airflow/.local/lib/python3.7/site-packages/airflow/example_dags/example_trigger_target_dag.py
[2022-12-01 21:35:53,830] {processor.py:642} INFO - Processing file /home/airflow/.local/lib/python3.7/site-packages/airflow/example_dags/example_trigger_target_dag.py for tasks to queue
[2022-12-01 21:35:53,830] {logging_mixin.py:109} INFO - [2022-12-01 21:35:53,830] {dagbag.py:500} INFO - Filling up the DagBag from /home/airflow/.local/lib/python3.7/site-packages/airflow/example_dags/example_trigger_target_dag.py
[2022-12-01 21:35:53,852] {processor.py:654} INFO - DAG(s) dict_keys(['example_trigger_target_dag']) retrieved from /home/airflow/.local/lib/python3.7/site-packages/airflow/example_dags/example_trigger_target_dag.py
[2022-12-01 21:35:53,860] {logging_mixin.py:109} INFO - [2022-12-01 21:35:53,860] {dag.py:2398} INFO - Sync 1 DAGs
[2022-12-01 21:35:53,871] {logging_mixin.py:109} INFO - [2022-12-01 21:35:53,870] {dag.py:2937} INFO - Setting next_dagrun for example_trigger_target_dag to None
[2022-12-01 21:35:53,883] {processor.py:171} INFO - Processing /home/airflow/.local/lib/python3.7/site-packages/airflow/example_dags/example_trigger_target_dag.py took 0.056 seconds
[2022-12-01 21:36:24,050] {processor.py:163} INFO - Started process (PID=1592) to work on /home/airflow/.local/lib/python3.7/site-packages/airflow/example_dags/example_trigger_target_dag.py
[2022-12-01 21:36:24,051] {processor.py:642} INFO - Processing file /home/airflow/.local/lib/python3.7/site-packages/airflow/example_dags/example_trigger_target_dag.py for tasks to queue
[2022-12-01 21:36:24,051] {logging_mixin.py:109} INFO - [2022-12-01 21:36:24,051] {dagbag.py:500} INFO - Filling up the DagBag from /home/airflow/.local/lib/python3.7/site-packages/airflow/example_dags/example_trigger_target_dag.py
[2022-12-01 21:36:24,073] {processor.py:654} INFO - DAG(s) dict_keys(['example_trigger_target_dag']) retrieved from /home/airflow/.local/lib/python3.7/site-packages/airflow/example_dags/example_trigger_target_dag.py
[2022-12-01 21:36:24,079] {logging_mixin.py:109} INFO - [2022-12-01 21:36:24,079] {dag.py:2398} INFO - Sync 1 DAGs
[2022-12-01 21:36:24,089] {logging_mixin.py:109} INFO - [2022-12-01 21:36:24,089] {dag.py:2937} INFO - Setting next_dagrun for example_trigger_target_dag to None
[2022-12-01 21:36:24,096] {processor.py:171} INFO - Processing /home/airflow/.local/lib/python3.7/site-packages/airflow/example_dags/example_trigger_target_dag.py took 0.048 seconds
[2022-12-01 21:36:54,318] {processor.py:163} INFO - Started process (PID=1654) to work on /home/airflow/.local/lib/python3.7/site-packages/airflow/example_dags/example_trigger_target_dag.py
[2022-12-01 21:36:54,319] {processor.py:642} INFO - Processing file /home/airflow/.local/lib/python3.7/site-packages/airflow/example_dags/example_trigger_target_dag.py for tasks to queue
[2022-12-01 21:36:54,319] {logging_mixin.py:109} INFO - [2022-12-01 21:36:54,319] {dagbag.py:500} INFO - Filling up the DagBag from /home/airflow/.local/lib/python3.7/site-packages/airflow/example_dags/example_trigger_target_dag.py
[2022-12-01 21:36:54,341] {processor.py:654} INFO - DAG(s) dict_keys(['example_trigger_target_dag']) retrieved from /home/airflow/.local/lib/python3.7/site-packages/airflow/example_dags/example_trigger_target_dag.py
[2022-12-01 21:36:54,347] {logging_mixin.py:109} INFO - [2022-12-01 21:36:54,347] {dag.py:2398} INFO - Sync 1 DAGs
[2022-12-01 21:36:54,357] {logging_mixin.py:109} INFO - [2022-12-01 21:36:54,357] {dag.py:2937} INFO - Setting next_dagrun for example_trigger_target_dag to None
[2022-12-01 21:36:54,374] {processor.py:171} INFO - Processing /home/airflow/.local/lib/python3.7/site-packages/airflow/example_dags/example_trigger_target_dag.py took 0.058 seconds
[2022-12-01 21:37:24,463] {processor.py:163} INFO - Started process (PID=1724) to work on /home/airflow/.local/lib/python3.7/site-packages/airflow/example_dags/example_trigger_target_dag.py
[2022-12-01 21:37:24,464] {processor.py:642} INFO - Processing file /home/airflow/.local/lib/python3.7/site-packages/airflow/example_dags/example_trigger_target_dag.py for tasks to queue
[2022-12-01 21:37:24,465] {logging_mixin.py:109} INFO - [2022-12-01 21:37:24,465] {dagbag.py:500} INFO - Filling up the DagBag from /home/airflow/.local/lib/python3.7/site-packages/airflow/example_dags/example_trigger_target_dag.py
[2022-12-01 21:37:24,489] {processor.py:654} INFO - DAG(s) dict_keys(['example_trigger_target_dag']) retrieved from /home/airflow/.local/lib/python3.7/site-packages/airflow/example_dags/example_trigger_target_dag.py
[2022-12-01 21:37:24,495] {logging_mixin.py:109} INFO - [2022-12-01 21:37:24,495] {dag.py:2398} INFO - Sync 1 DAGs
[2022-12-01 21:37:24,506] {logging_mixin.py:109} INFO - [2022-12-01 21:37:24,506] {dag.py:2937} INFO - Setting next_dagrun for example_trigger_target_dag to None
[2022-12-01 21:37:24,517] {processor.py:171} INFO - Processing /home/airflow/.local/lib/python3.7/site-packages/airflow/example_dags/example_trigger_target_dag.py took 0.056 seconds
[2022-12-01 21:37:54,871] {processor.py:163} INFO - Started process (PID=1787) to work on /home/airflow/.local/lib/python3.7/site-packages/airflow/example_dags/example_trigger_target_dag.py
[2022-12-01 21:37:54,872] {processor.py:642} INFO - Processing file /home/airflow/.local/lib/python3.7/site-packages/airflow/example_dags/example_trigger_target_dag.py for tasks to queue
[2022-12-01 21:37:54,872] {logging_mixin.py:109} INFO - [2022-12-01 21:37:54,872] {dagbag.py:500} INFO - Filling up the DagBag from /home/airflow/.local/lib/python3.7/site-packages/airflow/example_dags/example_trigger_target_dag.py
[2022-12-01 21:37:54,896] {processor.py:654} INFO - DAG(s) dict_keys(['example_trigger_target_dag']) retrieved from /home/airflow/.local/lib/python3.7/site-packages/airflow/example_dags/example_trigger_target_dag.py
[2022-12-01 21:37:54,902] {logging_mixin.py:109} INFO - [2022-12-01 21:37:54,902] {dag.py:2398} INFO - Sync 1 DAGs
[2022-12-01 21:37:54,912] {logging_mixin.py:109} INFO - [2022-12-01 21:37:54,912] {dag.py:2937} INFO - Setting next_dagrun for example_trigger_target_dag to None
[2022-12-01 21:37:54,925] {processor.py:171} INFO - Processing /home/airflow/.local/lib/python3.7/site-packages/airflow/example_dags/example_trigger_target_dag.py took 0.056 seconds
[2022-12-01 21:38:25,167] {processor.py:163} INFO - Started process (PID=1858) to work on /home/airflow/.local/lib/python3.7/site-packages/airflow/example_dags/example_trigger_target_dag.py
[2022-12-01 21:38:25,168] {processor.py:642} INFO - Processing file /home/airflow/.local/lib/python3.7/site-packages/airflow/example_dags/example_trigger_target_dag.py for tasks to queue
[2022-12-01 21:38:25,168] {logging_mixin.py:109} INFO - [2022-12-01 21:38:25,168] {dagbag.py:500} INFO - Filling up the DagBag from /home/airflow/.local/lib/python3.7/site-packages/airflow/example_dags/example_trigger_target_dag.py
[2022-12-01 21:38:25,190] {processor.py:654} INFO - DAG(s) dict_keys(['example_trigger_target_dag']) retrieved from /home/airflow/.local/lib/python3.7/site-packages/airflow/example_dags/example_trigger_target_dag.py
[2022-12-01 21:38:25,196] {logging_mixin.py:109} INFO - [2022-12-01 21:38:25,196] {dag.py:2398} INFO - Sync 1 DAGs
[2022-12-01 21:38:25,206] {logging_mixin.py:109} INFO - [2022-12-01 21:38:25,206] {dag.py:2937} INFO - Setting next_dagrun for example_trigger_target_dag to None
[2022-12-01 21:38:25,219] {processor.py:171} INFO - Processing /home/airflow/.local/lib/python3.7/site-packages/airflow/example_dags/example_trigger_target_dag.py took 0.054 seconds
[2022-12-01 21:38:55,311] {processor.py:163} INFO - Started process (PID=1920) to work on /home/airflow/.local/lib/python3.7/site-packages/airflow/example_dags/example_trigger_target_dag.py
[2022-12-01 21:38:55,312] {processor.py:642} INFO - Processing file /home/airflow/.local/lib/python3.7/site-packages/airflow/example_dags/example_trigger_target_dag.py for tasks to queue
[2022-12-01 21:38:55,312] {logging_mixin.py:109} INFO - [2022-12-01 21:38:55,312] {dagbag.py:500} INFO - Filling up the DagBag from /home/airflow/.local/lib/python3.7/site-packages/airflow/example_dags/example_trigger_target_dag.py
[2022-12-01 21:38:55,337] {processor.py:654} INFO - DAG(s) dict_keys(['example_trigger_target_dag']) retrieved from /home/airflow/.local/lib/python3.7/site-packages/airflow/example_dags/example_trigger_target_dag.py
[2022-12-01 21:38:55,346] {logging_mixin.py:109} INFO - [2022-12-01 21:38:55,346] {dag.py:2398} INFO - Sync 1 DAGs
[2022-12-01 21:38:55,360] {logging_mixin.py:109} INFO - [2022-12-01 21:38:55,360] {dag.py:2937} INFO - Setting next_dagrun for example_trigger_target_dag to None
[2022-12-01 21:38:55,383] {processor.py:171} INFO - Processing /home/airflow/.local/lib/python3.7/site-packages/airflow/example_dags/example_trigger_target_dag.py took 0.075 seconds
[2022-12-01 21:39:25,845] {processor.py:163} INFO - Started process (PID=1991) to work on /home/airflow/.local/lib/python3.7/site-packages/airflow/example_dags/example_trigger_target_dag.py
[2022-12-01 21:39:25,846] {processor.py:642} INFO - Processing file /home/airflow/.local/lib/python3.7/site-packages/airflow/example_dags/example_trigger_target_dag.py for tasks to queue
[2022-12-01 21:39:25,846] {logging_mixin.py:109} INFO - [2022-12-01 21:39:25,846] {dagbag.py:500} INFO - Filling up the DagBag from /home/airflow/.local/lib/python3.7/site-packages/airflow/example_dags/example_trigger_target_dag.py
[2022-12-01 21:39:25,868] {processor.py:654} INFO - DAG(s) dict_keys(['example_trigger_target_dag']) retrieved from /home/airflow/.local/lib/python3.7/site-packages/airflow/example_dags/example_trigger_target_dag.py
[2022-12-01 21:39:25,874] {logging_mixin.py:109} INFO - [2022-12-01 21:39:25,873] {dag.py:2398} INFO - Sync 1 DAGs
[2022-12-01 21:39:25,883] {logging_mixin.py:109} INFO - [2022-12-01 21:39:25,883] {dag.py:2937} INFO - Setting next_dagrun for example_trigger_target_dag to None
[2022-12-01 21:39:25,897] {processor.py:171} INFO - Processing /home/airflow/.local/lib/python3.7/site-packages/airflow/example_dags/example_trigger_target_dag.py took 0.054 seconds
[2022-12-01 21:39:56,093] {processor.py:163} INFO - Started process (PID=2053) to work on /home/airflow/.local/lib/python3.7/site-packages/airflow/example_dags/example_trigger_target_dag.py
[2022-12-01 21:39:56,094] {processor.py:642} INFO - Processing file /home/airflow/.local/lib/python3.7/site-packages/airflow/example_dags/example_trigger_target_dag.py for tasks to queue
[2022-12-01 21:39:56,094] {logging_mixin.py:109} INFO - [2022-12-01 21:39:56,094] {dagbag.py:500} INFO - Filling up the DagBag from /home/airflow/.local/lib/python3.7/site-packages/airflow/example_dags/example_trigger_target_dag.py
[2022-12-01 21:39:56,117] {processor.py:654} INFO - DAG(s) dict_keys(['example_trigger_target_dag']) retrieved from /home/airflow/.local/lib/python3.7/site-packages/airflow/example_dags/example_trigger_target_dag.py
[2022-12-01 21:39:56,124] {logging_mixin.py:109} INFO - [2022-12-01 21:39:56,124] {dag.py:2398} INFO - Sync 1 DAGs
[2022-12-01 21:39:56,134] {logging_mixin.py:109} INFO - [2022-12-01 21:39:56,134] {dag.py:2937} INFO - Setting next_dagrun for example_trigger_target_dag to None
[2022-12-01 21:39:56,148] {processor.py:171} INFO - Processing /home/airflow/.local/lib/python3.7/site-packages/airflow/example_dags/example_trigger_target_dag.py took 0.056 seconds
[2022-12-01 21:40:26,523] {processor.py:163} INFO - Started process (PID=2124) to work on /home/airflow/.local/lib/python3.7/site-packages/airflow/example_dags/example_trigger_target_dag.py
[2022-12-01 21:40:26,524] {processor.py:642} INFO - Processing file /home/airflow/.local/lib/python3.7/site-packages/airflow/example_dags/example_trigger_target_dag.py for tasks to queue
[2022-12-01 21:40:26,524] {logging_mixin.py:109} INFO - [2022-12-01 21:40:26,524] {dagbag.py:500} INFO - Filling up the DagBag from /home/airflow/.local/lib/python3.7/site-packages/airflow/example_dags/example_trigger_target_dag.py
[2022-12-01 21:40:26,546] {processor.py:654} INFO - DAG(s) dict_keys(['example_trigger_target_dag']) retrieved from /home/airflow/.local/lib/python3.7/site-packages/airflow/example_dags/example_trigger_target_dag.py
[2022-12-01 21:40:26,553] {logging_mixin.py:109} INFO - [2022-12-01 21:40:26,553] {dag.py:2398} INFO - Sync 1 DAGs
[2022-12-01 21:40:26,563] {logging_mixin.py:109} INFO - [2022-12-01 21:40:26,563] {dag.py:2937} INFO - Setting next_dagrun for example_trigger_target_dag to None
[2022-12-01 21:40:26,577] {processor.py:171} INFO - Processing /home/airflow/.local/lib/python3.7/site-packages/airflow/example_dags/example_trigger_target_dag.py took 0.056 seconds
[2022-12-01 21:40:56,902] {processor.py:163} INFO - Started process (PID=2186) to work on /home/airflow/.local/lib/python3.7/site-packages/airflow/example_dags/example_trigger_target_dag.py
[2022-12-01 21:40:56,903] {processor.py:642} INFO - Processing file /home/airflow/.local/lib/python3.7/site-packages/airflow/example_dags/example_trigger_target_dag.py for tasks to queue
[2022-12-01 21:40:56,904] {logging_mixin.py:109} INFO - [2022-12-01 21:40:56,904] {dagbag.py:500} INFO - Filling up the DagBag from /home/airflow/.local/lib/python3.7/site-packages/airflow/example_dags/example_trigger_target_dag.py
[2022-12-01 21:40:56,928] {processor.py:654} INFO - DAG(s) dict_keys(['example_trigger_target_dag']) retrieved from /home/airflow/.local/lib/python3.7/site-packages/airflow/example_dags/example_trigger_target_dag.py
[2022-12-01 21:40:56,934] {logging_mixin.py:109} INFO - [2022-12-01 21:40:56,934] {dag.py:2398} INFO - Sync 1 DAGs
[2022-12-01 21:40:56,945] {logging_mixin.py:109} INFO - [2022-12-01 21:40:56,945] {dag.py:2937} INFO - Setting next_dagrun for example_trigger_target_dag to None
[2022-12-01 21:40:56,952] {processor.py:171} INFO - Processing /home/airflow/.local/lib/python3.7/site-packages/airflow/example_dags/example_trigger_target_dag.py took 0.052 seconds
[2022-12-01 21:41:27,249] {processor.py:163} INFO - Started process (PID=2257) to work on /home/airflow/.local/lib/python3.7/site-packages/airflow/example_dags/example_trigger_target_dag.py
[2022-12-01 21:41:27,250] {processor.py:642} INFO - Processing file /home/airflow/.local/lib/python3.7/site-packages/airflow/example_dags/example_trigger_target_dag.py for tasks to queue
[2022-12-01 21:41:27,250] {logging_mixin.py:109} INFO - [2022-12-01 21:41:27,250] {dagbag.py:500} INFO - Filling up the DagBag from /home/airflow/.local/lib/python3.7/site-packages/airflow/example_dags/example_trigger_target_dag.py
[2022-12-01 21:41:27,275] {processor.py:654} INFO - DAG(s) dict_keys(['example_trigger_target_dag']) retrieved from /home/airflow/.local/lib/python3.7/site-packages/airflow/example_dags/example_trigger_target_dag.py
[2022-12-01 21:41:27,282] {logging_mixin.py:109} INFO - [2022-12-01 21:41:27,281] {dag.py:2398} INFO - Sync 1 DAGs
[2022-12-01 21:41:27,292] {logging_mixin.py:109} INFO - [2022-12-01 21:41:27,292] {dag.py:2937} INFO - Setting next_dagrun for example_trigger_target_dag to None
[2022-12-01 21:41:27,306] {processor.py:171} INFO - Processing /home/airflow/.local/lib/python3.7/site-packages/airflow/example_dags/example_trigger_target_dag.py took 0.059 seconds
[2022-12-01 21:41:57,561] {processor.py:163} INFO - Started process (PID=2320) to work on /home/airflow/.local/lib/python3.7/site-packages/airflow/example_dags/example_trigger_target_dag.py
[2022-12-01 21:41:57,562] {processor.py:642} INFO - Processing file /home/airflow/.local/lib/python3.7/site-packages/airflow/example_dags/example_trigger_target_dag.py for tasks to queue
[2022-12-01 21:41:57,562] {logging_mixin.py:109} INFO - [2022-12-01 21:41:57,562] {dagbag.py:500} INFO - Filling up the DagBag from /home/airflow/.local/lib/python3.7/site-packages/airflow/example_dags/example_trigger_target_dag.py
[2022-12-01 21:41:57,590] {processor.py:654} INFO - DAG(s) dict_keys(['example_trigger_target_dag']) retrieved from /home/airflow/.local/lib/python3.7/site-packages/airflow/example_dags/example_trigger_target_dag.py
[2022-12-01 21:41:57,598] {logging_mixin.py:109} INFO - [2022-12-01 21:41:57,598] {dag.py:2398} INFO - Sync 1 DAGs
[2022-12-01 21:41:57,611] {logging_mixin.py:109} INFO - [2022-12-01 21:41:57,610] {dag.py:2937} INFO - Setting next_dagrun for example_trigger_target_dag to None
[2022-12-01 21:41:57,626] {processor.py:171} INFO - Processing /home/airflow/.local/lib/python3.7/site-packages/airflow/example_dags/example_trigger_target_dag.py took 0.068 seconds
[2022-12-01 21:42:28,744] {processor.py:163} INFO - Started process (PID=2392) to work on /home/airflow/.local/lib/python3.7/site-packages/airflow/example_dags/example_trigger_target_dag.py
[2022-12-01 21:42:28,745] {processor.py:642} INFO - Processing file /home/airflow/.local/lib/python3.7/site-packages/airflow/example_dags/example_trigger_target_dag.py for tasks to queue
[2022-12-01 21:42:28,745] {logging_mixin.py:109} INFO - [2022-12-01 21:42:28,745] {dagbag.py:500} INFO - Filling up the DagBag from /home/airflow/.local/lib/python3.7/site-packages/airflow/example_dags/example_trigger_target_dag.py
[2022-12-01 21:42:28,767] {processor.py:654} INFO - DAG(s) dict_keys(['example_trigger_target_dag']) retrieved from /home/airflow/.local/lib/python3.7/site-packages/airflow/example_dags/example_trigger_target_dag.py
[2022-12-01 21:42:28,773] {logging_mixin.py:109} INFO - [2022-12-01 21:42:28,773] {dag.py:2398} INFO - Sync 1 DAGs
[2022-12-01 21:42:28,783] {logging_mixin.py:109} INFO - [2022-12-01 21:42:28,783] {dag.py:2937} INFO - Setting next_dagrun for example_trigger_target_dag to None
[2022-12-01 21:42:28,791] {processor.py:171} INFO - Processing /home/airflow/.local/lib/python3.7/site-packages/airflow/example_dags/example_trigger_target_dag.py took 0.048 seconds
[2022-12-01 21:42:59,201] {processor.py:163} INFO - Started process (PID=2456) to work on /home/airflow/.local/lib/python3.7/site-packages/airflow/example_dags/example_trigger_target_dag.py
[2022-12-01 21:42:59,202] {processor.py:642} INFO - Processing file /home/airflow/.local/lib/python3.7/site-packages/airflow/example_dags/example_trigger_target_dag.py for tasks to queue
[2022-12-01 21:42:59,202] {logging_mixin.py:109} INFO - [2022-12-01 21:42:59,202] {dagbag.py:500} INFO - Filling up the DagBag from /home/airflow/.local/lib/python3.7/site-packages/airflow/example_dags/example_trigger_target_dag.py
[2022-12-01 21:42:59,224] {processor.py:654} INFO - DAG(s) dict_keys(['example_trigger_target_dag']) retrieved from /home/airflow/.local/lib/python3.7/site-packages/airflow/example_dags/example_trigger_target_dag.py
[2022-12-01 21:42:59,230] {logging_mixin.py:109} INFO - [2022-12-01 21:42:59,230] {dag.py:2398} INFO - Sync 1 DAGs
[2022-12-01 21:42:59,240] {logging_mixin.py:109} INFO - [2022-12-01 21:42:59,240] {dag.py:2937} INFO - Setting next_dagrun for example_trigger_target_dag to None
[2022-12-01 21:42:59,255] {processor.py:171} INFO - Processing /home/airflow/.local/lib/python3.7/site-packages/airflow/example_dags/example_trigger_target_dag.py took 0.056 seconds
[2022-12-01 21:43:29,621] {processor.py:163} INFO - Started process (PID=2528) to work on /home/airflow/.local/lib/python3.7/site-packages/airflow/example_dags/example_trigger_target_dag.py
[2022-12-01 21:43:29,621] {processor.py:642} INFO - Processing file /home/airflow/.local/lib/python3.7/site-packages/airflow/example_dags/example_trigger_target_dag.py for tasks to queue
[2022-12-01 21:43:29,622] {logging_mixin.py:109} INFO - [2022-12-01 21:43:29,622] {dagbag.py:500} INFO - Filling up the DagBag from /home/airflow/.local/lib/python3.7/site-packages/airflow/example_dags/example_trigger_target_dag.py
[2022-12-01 21:43:29,643] {processor.py:654} INFO - DAG(s) dict_keys(['example_trigger_target_dag']) retrieved from /home/airflow/.local/lib/python3.7/site-packages/airflow/example_dags/example_trigger_target_dag.py
[2022-12-01 21:43:29,649] {logging_mixin.py:109} INFO - [2022-12-01 21:43:29,649] {dag.py:2398} INFO - Sync 1 DAGs
[2022-12-01 21:43:29,660] {logging_mixin.py:109} INFO - [2022-12-01 21:43:29,660] {dag.py:2937} INFO - Setting next_dagrun for example_trigger_target_dag to None
[2022-12-01 21:43:29,673] {processor.py:171} INFO - Processing /home/airflow/.local/lib/python3.7/site-packages/airflow/example_dags/example_trigger_target_dag.py took 0.054 seconds
[2022-12-01 21:43:59,863] {processor.py:163} INFO - Started process (PID=2591) to work on /home/airflow/.local/lib/python3.7/site-packages/airflow/example_dags/example_trigger_target_dag.py
[2022-12-01 21:43:59,864] {processor.py:642} INFO - Processing file /home/airflow/.local/lib/python3.7/site-packages/airflow/example_dags/example_trigger_target_dag.py for tasks to queue
[2022-12-01 21:43:59,864] {logging_mixin.py:109} INFO - [2022-12-01 21:43:59,864] {dagbag.py:500} INFO - Filling up the DagBag from /home/airflow/.local/lib/python3.7/site-packages/airflow/example_dags/example_trigger_target_dag.py
[2022-12-01 21:43:59,888] {processor.py:654} INFO - DAG(s) dict_keys(['example_trigger_target_dag']) retrieved from /home/airflow/.local/lib/python3.7/site-packages/airflow/example_dags/example_trigger_target_dag.py
[2022-12-01 21:43:59,893] {logging_mixin.py:109} INFO - [2022-12-01 21:43:59,893] {dag.py:2398} INFO - Sync 1 DAGs
[2022-12-01 21:43:59,904] {logging_mixin.py:109} INFO - [2022-12-01 21:43:59,904] {dag.py:2937} INFO - Setting next_dagrun for example_trigger_target_dag to None
[2022-12-01 21:43:59,924] {processor.py:171} INFO - Processing /home/airflow/.local/lib/python3.7/site-packages/airflow/example_dags/example_trigger_target_dag.py took 0.063 seconds
