[2022-12-01 21:24:41,779] {processor.py:163} INFO - Started process (PID=67) to work on /home/airflow/.local/lib/python3.7/site-packages/airflow/example_dags/example_short_circuit_operator.py
[2022-12-01 21:24:41,779] {processor.py:642} INFO - Processing file /home/airflow/.local/lib/python3.7/site-packages/airflow/example_dags/example_short_circuit_operator.py for tasks to queue
[2022-12-01 21:24:41,780] {logging_mixin.py:109} INFO - [2022-12-01 21:24:41,780] {dagbag.py:500} INFO - Filling up the DagBag from /home/airflow/.local/lib/python3.7/site-packages/airflow/example_dags/example_short_circuit_operator.py
[2022-12-01 21:24:41,805] {processor.py:654} INFO - DAG(s) dict_keys(['example_short_circuit_operator']) retrieved from /home/airflow/.local/lib/python3.7/site-packages/airflow/example_dags/example_short_circuit_operator.py
[2022-12-01 21:24:41,815] {logging_mixin.py:109} INFO - [2022-12-01 21:24:41,815] {dag.py:2398} INFO - Sync 1 DAGs
[2022-12-01 21:24:41,832] {logging_mixin.py:109} INFO - [2022-12-01 21:24:41,832] {dag.py:2937} INFO - Setting next_dagrun for example_short_circuit_operator to 2022-11-30T21:24:41.831975+00:00
[2022-12-01 21:24:41,843] {processor.py:171} INFO - Processing /home/airflow/.local/lib/python3.7/site-packages/airflow/example_dags/example_short_circuit_operator.py took 0.066 seconds
[2022-12-01 21:25:12,590] {processor.py:163} INFO - Started process (PID=138) to work on /home/airflow/.local/lib/python3.7/site-packages/airflow/example_dags/example_short_circuit_operator.py
[2022-12-01 21:25:12,591] {processor.py:642} INFO - Processing file /home/airflow/.local/lib/python3.7/site-packages/airflow/example_dags/example_short_circuit_operator.py for tasks to queue
[2022-12-01 21:25:12,591] {logging_mixin.py:109} INFO - [2022-12-01 21:25:12,591] {dagbag.py:500} INFO - Filling up the DagBag from /home/airflow/.local/lib/python3.7/site-packages/airflow/example_dags/example_short_circuit_operator.py
[2022-12-01 21:25:12,614] {processor.py:654} INFO - DAG(s) dict_keys(['example_short_circuit_operator']) retrieved from /home/airflow/.local/lib/python3.7/site-packages/airflow/example_dags/example_short_circuit_operator.py
[2022-12-01 21:25:12,621] {logging_mixin.py:109} INFO - [2022-12-01 21:25:12,621] {dag.py:2398} INFO - Sync 1 DAGs
[2022-12-01 21:25:12,632] {logging_mixin.py:109} INFO - [2022-12-01 21:25:12,632] {dag.py:2937} INFO - Setting next_dagrun for example_short_circuit_operator to 2022-11-30T21:25:12.632171+00:00
[2022-12-01 21:25:12,646] {processor.py:171} INFO - Processing /home/airflow/.local/lib/python3.7/site-packages/airflow/example_dags/example_short_circuit_operator.py took 0.058 seconds
[2022-12-01 21:25:43,705] {processor.py:163} INFO - Started process (PID=200) to work on /home/airflow/.local/lib/python3.7/site-packages/airflow/example_dags/example_short_circuit_operator.py
[2022-12-01 21:25:43,706] {processor.py:642} INFO - Processing file /home/airflow/.local/lib/python3.7/site-packages/airflow/example_dags/example_short_circuit_operator.py for tasks to queue
[2022-12-01 21:25:43,706] {logging_mixin.py:109} INFO - [2022-12-01 21:25:43,706] {dagbag.py:500} INFO - Filling up the DagBag from /home/airflow/.local/lib/python3.7/site-packages/airflow/example_dags/example_short_circuit_operator.py
[2022-12-01 21:25:43,728] {processor.py:654} INFO - DAG(s) dict_keys(['example_short_circuit_operator']) retrieved from /home/airflow/.local/lib/python3.7/site-packages/airflow/example_dags/example_short_circuit_operator.py
[2022-12-01 21:25:43,735] {logging_mixin.py:109} INFO - [2022-12-01 21:25:43,735] {dag.py:2398} INFO - Sync 1 DAGs
[2022-12-01 21:25:43,746] {logging_mixin.py:109} INFO - [2022-12-01 21:25:43,746] {dag.py:2937} INFO - Setting next_dagrun for example_short_circuit_operator to 2022-11-30T21:25:43.746049+00:00
[2022-12-01 21:25:43,760] {processor.py:171} INFO - Processing /home/airflow/.local/lib/python3.7/site-packages/airflow/example_dags/example_short_circuit_operator.py took 0.057 seconds
[2022-12-01 21:26:14,791] {processor.py:163} INFO - Started process (PID=271) to work on /home/airflow/.local/lib/python3.7/site-packages/airflow/example_dags/example_short_circuit_operator.py
[2022-12-01 21:26:14,792] {processor.py:642} INFO - Processing file /home/airflow/.local/lib/python3.7/site-packages/airflow/example_dags/example_short_circuit_operator.py for tasks to queue
[2022-12-01 21:26:14,792] {logging_mixin.py:109} INFO - [2022-12-01 21:26:14,792] {dagbag.py:500} INFO - Filling up the DagBag from /home/airflow/.local/lib/python3.7/site-packages/airflow/example_dags/example_short_circuit_operator.py
[2022-12-01 21:26:14,814] {processor.py:654} INFO - DAG(s) dict_keys(['example_short_circuit_operator']) retrieved from /home/airflow/.local/lib/python3.7/site-packages/airflow/example_dags/example_short_circuit_operator.py
[2022-12-01 21:26:14,822] {logging_mixin.py:109} INFO - [2022-12-01 21:26:14,822] {dag.py:2398} INFO - Sync 1 DAGs
[2022-12-01 21:26:14,834] {logging_mixin.py:109} INFO - [2022-12-01 21:26:14,834] {dag.py:2937} INFO - Setting next_dagrun for example_short_circuit_operator to 2022-11-30T21:26:14.834574+00:00
[2022-12-01 21:26:14,847] {processor.py:171} INFO - Processing /home/airflow/.local/lib/python3.7/site-packages/airflow/example_dags/example_short_circuit_operator.py took 0.058 seconds
[2022-12-01 21:26:45,934] {processor.py:163} INFO - Started process (PID=333) to work on /home/airflow/.local/lib/python3.7/site-packages/airflow/example_dags/example_short_circuit_operator.py
[2022-12-01 21:26:45,935] {processor.py:642} INFO - Processing file /home/airflow/.local/lib/python3.7/site-packages/airflow/example_dags/example_short_circuit_operator.py for tasks to queue
[2022-12-01 21:26:45,935] {logging_mixin.py:109} INFO - [2022-12-01 21:26:45,935] {dagbag.py:500} INFO - Filling up the DagBag from /home/airflow/.local/lib/python3.7/site-packages/airflow/example_dags/example_short_circuit_operator.py
[2022-12-01 21:26:45,956] {processor.py:654} INFO - DAG(s) dict_keys(['example_short_circuit_operator']) retrieved from /home/airflow/.local/lib/python3.7/site-packages/airflow/example_dags/example_short_circuit_operator.py
[2022-12-01 21:26:45,964] {logging_mixin.py:109} INFO - [2022-12-01 21:26:45,964] {dag.py:2398} INFO - Sync 1 DAGs
[2022-12-01 21:26:45,975] {logging_mixin.py:109} INFO - [2022-12-01 21:26:45,974] {dag.py:2937} INFO - Setting next_dagrun for example_short_circuit_operator to 2022-11-30T21:26:45.974730+00:00
[2022-12-01 21:26:45,988] {processor.py:171} INFO - Processing /home/airflow/.local/lib/python3.7/site-packages/airflow/example_dags/example_short_circuit_operator.py took 0.056 seconds
[2022-12-01 21:27:16,918] {processor.py:163} INFO - Started process (PID=404) to work on /home/airflow/.local/lib/python3.7/site-packages/airflow/example_dags/example_short_circuit_operator.py
[2022-12-01 21:27:16,919] {processor.py:642} INFO - Processing file /home/airflow/.local/lib/python3.7/site-packages/airflow/example_dags/example_short_circuit_operator.py for tasks to queue
[2022-12-01 21:27:16,919] {logging_mixin.py:109} INFO - [2022-12-01 21:27:16,919] {dagbag.py:500} INFO - Filling up the DagBag from /home/airflow/.local/lib/python3.7/site-packages/airflow/example_dags/example_short_circuit_operator.py
[2022-12-01 21:27:16,941] {processor.py:654} INFO - DAG(s) dict_keys(['example_short_circuit_operator']) retrieved from /home/airflow/.local/lib/python3.7/site-packages/airflow/example_dags/example_short_circuit_operator.py
[2022-12-01 21:27:16,947] {logging_mixin.py:109} INFO - [2022-12-01 21:27:16,947] {dag.py:2398} INFO - Sync 1 DAGs
[2022-12-01 21:27:16,958] {logging_mixin.py:109} INFO - [2022-12-01 21:27:16,958] {dag.py:2937} INFO - Setting next_dagrun for example_short_circuit_operator to 2022-11-30T21:27:16.958078+00:00
[2022-12-01 21:27:16,972] {processor.py:171} INFO - Processing /home/airflow/.local/lib/python3.7/site-packages/airflow/example_dags/example_short_circuit_operator.py took 0.056 seconds
[2022-12-01 21:27:48,066] {processor.py:163} INFO - Started process (PID=466) to work on /home/airflow/.local/lib/python3.7/site-packages/airflow/example_dags/example_short_circuit_operator.py
[2022-12-01 21:27:48,067] {processor.py:642} INFO - Processing file /home/airflow/.local/lib/python3.7/site-packages/airflow/example_dags/example_short_circuit_operator.py for tasks to queue
[2022-12-01 21:27:48,067] {logging_mixin.py:109} INFO - [2022-12-01 21:27:48,067] {dagbag.py:500} INFO - Filling up the DagBag from /home/airflow/.local/lib/python3.7/site-packages/airflow/example_dags/example_short_circuit_operator.py
[2022-12-01 21:27:48,088] {processor.py:654} INFO - DAG(s) dict_keys(['example_short_circuit_operator']) retrieved from /home/airflow/.local/lib/python3.7/site-packages/airflow/example_dags/example_short_circuit_operator.py
[2022-12-01 21:27:48,095] {logging_mixin.py:109} INFO - [2022-12-01 21:27:48,095] {dag.py:2398} INFO - Sync 1 DAGs
[2022-12-01 21:27:48,107] {logging_mixin.py:109} INFO - [2022-12-01 21:27:48,106] {dag.py:2937} INFO - Setting next_dagrun for example_short_circuit_operator to 2022-11-30T21:27:48.106717+00:00
[2022-12-01 21:27:48,120] {processor.py:171} INFO - Processing /home/airflow/.local/lib/python3.7/site-packages/airflow/example_dags/example_short_circuit_operator.py took 0.056 seconds
[2022-12-01 21:28:19,142] {processor.py:163} INFO - Started process (PID=537) to work on /home/airflow/.local/lib/python3.7/site-packages/airflow/example_dags/example_short_circuit_operator.py
[2022-12-01 21:28:19,142] {processor.py:642} INFO - Processing file /home/airflow/.local/lib/python3.7/site-packages/airflow/example_dags/example_short_circuit_operator.py for tasks to queue
[2022-12-01 21:28:19,143] {logging_mixin.py:109} INFO - [2022-12-01 21:28:19,142] {dagbag.py:500} INFO - Filling up the DagBag from /home/airflow/.local/lib/python3.7/site-packages/airflow/example_dags/example_short_circuit_operator.py
[2022-12-01 21:28:19,164] {processor.py:654} INFO - DAG(s) dict_keys(['example_short_circuit_operator']) retrieved from /home/airflow/.local/lib/python3.7/site-packages/airflow/example_dags/example_short_circuit_operator.py
[2022-12-01 21:28:19,171] {logging_mixin.py:109} INFO - [2022-12-01 21:28:19,171] {dag.py:2398} INFO - Sync 1 DAGs
[2022-12-01 21:28:19,181] {logging_mixin.py:109} INFO - [2022-12-01 21:28:19,181] {dag.py:2937} INFO - Setting next_dagrun for example_short_circuit_operator to 2022-11-30T21:28:19.181640+00:00
[2022-12-01 21:28:19,195] {processor.py:171} INFO - Processing /home/airflow/.local/lib/python3.7/site-packages/airflow/example_dags/example_short_circuit_operator.py took 0.055 seconds
[2022-12-01 21:28:49,476] {processor.py:163} INFO - Started process (PID=609) to work on /home/airflow/.local/lib/python3.7/site-packages/airflow/example_dags/example_short_circuit_operator.py
[2022-12-01 21:28:49,477] {processor.py:642} INFO - Processing file /home/airflow/.local/lib/python3.7/site-packages/airflow/example_dags/example_short_circuit_operator.py for tasks to queue
[2022-12-01 21:28:49,477] {logging_mixin.py:109} INFO - [2022-12-01 21:28:49,477] {dagbag.py:500} INFO - Filling up the DagBag from /home/airflow/.local/lib/python3.7/site-packages/airflow/example_dags/example_short_circuit_operator.py
[2022-12-01 21:28:49,499] {processor.py:654} INFO - DAG(s) dict_keys(['example_short_circuit_operator']) retrieved from /home/airflow/.local/lib/python3.7/site-packages/airflow/example_dags/example_short_circuit_operator.py
[2022-12-01 21:28:49,507] {logging_mixin.py:109} INFO - [2022-12-01 21:28:49,507] {dag.py:2398} INFO - Sync 1 DAGs
[2022-12-01 21:28:49,519] {logging_mixin.py:109} INFO - [2022-12-01 21:28:49,519] {dag.py:2937} INFO - Setting next_dagrun for example_short_circuit_operator to 2022-11-30T21:28:49.518810+00:00
[2022-12-01 21:28:49,526] {processor.py:171} INFO - Processing /home/airflow/.local/lib/python3.7/site-packages/airflow/example_dags/example_short_circuit_operator.py took 0.053 seconds
[2022-12-01 21:29:19,562] {processor.py:163} INFO - Started process (PID=663) to work on /home/airflow/.local/lib/python3.7/site-packages/airflow/example_dags/example_short_circuit_operator.py
[2022-12-01 21:29:19,563] {processor.py:642} INFO - Processing file /home/airflow/.local/lib/python3.7/site-packages/airflow/example_dags/example_short_circuit_operator.py for tasks to queue
[2022-12-01 21:29:19,563] {logging_mixin.py:109} INFO - [2022-12-01 21:29:19,563] {dagbag.py:500} INFO - Filling up the DagBag from /home/airflow/.local/lib/python3.7/site-packages/airflow/example_dags/example_short_circuit_operator.py
[2022-12-01 21:29:19,584] {processor.py:654} INFO - DAG(s) dict_keys(['example_short_circuit_operator']) retrieved from /home/airflow/.local/lib/python3.7/site-packages/airflow/example_dags/example_short_circuit_operator.py
[2022-12-01 21:29:19,591] {logging_mixin.py:109} INFO - [2022-12-01 21:29:19,591] {dag.py:2398} INFO - Sync 1 DAGs
[2022-12-01 21:29:19,601] {logging_mixin.py:109} INFO - [2022-12-01 21:29:19,601] {dag.py:2937} INFO - Setting next_dagrun for example_short_circuit_operator to 2022-11-30T21:29:19.601239+00:00
[2022-12-01 21:29:19,614] {processor.py:171} INFO - Processing /home/airflow/.local/lib/python3.7/site-packages/airflow/example_dags/example_short_circuit_operator.py took 0.054 seconds
[2022-12-01 21:29:49,764] {processor.py:163} INFO - Started process (PID=725) to work on /home/airflow/.local/lib/python3.7/site-packages/airflow/example_dags/example_short_circuit_operator.py
[2022-12-01 21:29:49,765] {processor.py:642} INFO - Processing file /home/airflow/.local/lib/python3.7/site-packages/airflow/example_dags/example_short_circuit_operator.py for tasks to queue
[2022-12-01 21:29:49,766] {logging_mixin.py:109} INFO - [2022-12-01 21:29:49,765] {dagbag.py:500} INFO - Filling up the DagBag from /home/airflow/.local/lib/python3.7/site-packages/airflow/example_dags/example_short_circuit_operator.py
[2022-12-01 21:29:49,814] {processor.py:654} INFO - DAG(s) dict_keys(['example_short_circuit_operator']) retrieved from /home/airflow/.local/lib/python3.7/site-packages/airflow/example_dags/example_short_circuit_operator.py
[2022-12-01 21:29:49,825] {logging_mixin.py:109} INFO - [2022-12-01 21:29:49,825] {dag.py:2398} INFO - Sync 1 DAGs
[2022-12-01 21:29:49,839] {logging_mixin.py:109} INFO - [2022-12-01 21:29:49,839] {dag.py:2937} INFO - Setting next_dagrun for example_short_circuit_operator to 2022-11-30T21:29:49.839080+00:00
[2022-12-01 21:29:49,854] {processor.py:171} INFO - Processing /home/airflow/.local/lib/python3.7/site-packages/airflow/example_dags/example_short_circuit_operator.py took 0.093 seconds
[2022-12-01 21:30:20,022] {processor.py:163} INFO - Started process (PID=796) to work on /home/airflow/.local/lib/python3.7/site-packages/airflow/example_dags/example_short_circuit_operator.py
[2022-12-01 21:30:20,022] {processor.py:642} INFO - Processing file /home/airflow/.local/lib/python3.7/site-packages/airflow/example_dags/example_short_circuit_operator.py for tasks to queue
[2022-12-01 21:30:20,023] {logging_mixin.py:109} INFO - [2022-12-01 21:30:20,022] {dagbag.py:500} INFO - Filling up the DagBag from /home/airflow/.local/lib/python3.7/site-packages/airflow/example_dags/example_short_circuit_operator.py
[2022-12-01 21:30:20,044] {processor.py:654} INFO - DAG(s) dict_keys(['example_short_circuit_operator']) retrieved from /home/airflow/.local/lib/python3.7/site-packages/airflow/example_dags/example_short_circuit_operator.py
[2022-12-01 21:30:20,051] {logging_mixin.py:109} INFO - [2022-12-01 21:30:20,051] {dag.py:2398} INFO - Sync 1 DAGs
[2022-12-01 21:30:20,062] {logging_mixin.py:109} INFO - [2022-12-01 21:30:20,062] {dag.py:2937} INFO - Setting next_dagrun for example_short_circuit_operator to 2022-11-30T21:30:20.062255+00:00
[2022-12-01 21:30:20,076] {processor.py:171} INFO - Processing /home/airflow/.local/lib/python3.7/site-packages/airflow/example_dags/example_short_circuit_operator.py took 0.057 seconds
[2022-12-01 21:30:50,407] {processor.py:163} INFO - Started process (PID=858) to work on /home/airflow/.local/lib/python3.7/site-packages/airflow/example_dags/example_short_circuit_operator.py
[2022-12-01 21:30:50,412] {processor.py:642} INFO - Processing file /home/airflow/.local/lib/python3.7/site-packages/airflow/example_dags/example_short_circuit_operator.py for tasks to queue
[2022-12-01 21:30:50,412] {logging_mixin.py:109} INFO - [2022-12-01 21:30:50,412] {dagbag.py:500} INFO - Filling up the DagBag from /home/airflow/.local/lib/python3.7/site-packages/airflow/example_dags/example_short_circuit_operator.py
[2022-12-01 21:30:50,437] {processor.py:654} INFO - DAG(s) dict_keys(['example_short_circuit_operator']) retrieved from /home/airflow/.local/lib/python3.7/site-packages/airflow/example_dags/example_short_circuit_operator.py
[2022-12-01 21:30:50,445] {logging_mixin.py:109} INFO - [2022-12-01 21:30:50,445] {dag.py:2398} INFO - Sync 1 DAGs
[2022-12-01 21:30:50,458] {logging_mixin.py:109} INFO - [2022-12-01 21:30:50,458] {dag.py:2937} INFO - Setting next_dagrun for example_short_circuit_operator to 2022-11-30T21:30:50.458102+00:00
[2022-12-01 21:30:50,488] {processor.py:171} INFO - Processing /home/airflow/.local/lib/python3.7/site-packages/airflow/example_dags/example_short_circuit_operator.py took 0.083 seconds
[2022-12-01 21:31:20,831] {processor.py:163} INFO - Started process (PID=930) to work on /home/airflow/.local/lib/python3.7/site-packages/airflow/example_dags/example_short_circuit_operator.py
[2022-12-01 21:31:20,832] {processor.py:642} INFO - Processing file /home/airflow/.local/lib/python3.7/site-packages/airflow/example_dags/example_short_circuit_operator.py for tasks to queue
[2022-12-01 21:31:20,832] {logging_mixin.py:109} INFO - [2022-12-01 21:31:20,832] {dagbag.py:500} INFO - Filling up the DagBag from /home/airflow/.local/lib/python3.7/site-packages/airflow/example_dags/example_short_circuit_operator.py
[2022-12-01 21:31:20,853] {processor.py:654} INFO - DAG(s) dict_keys(['example_short_circuit_operator']) retrieved from /home/airflow/.local/lib/python3.7/site-packages/airflow/example_dags/example_short_circuit_operator.py
[2022-12-01 21:31:20,859] {logging_mixin.py:109} INFO - [2022-12-01 21:31:20,859] {dag.py:2398} INFO - Sync 1 DAGs
[2022-12-01 21:31:20,870] {logging_mixin.py:109} INFO - [2022-12-01 21:31:20,870] {dag.py:2937} INFO - Setting next_dagrun for example_short_circuit_operator to 2022-11-30T21:31:20.870516+00:00
[2022-12-01 21:31:20,884] {processor.py:171} INFO - Processing /home/airflow/.local/lib/python3.7/site-packages/airflow/example_dags/example_short_circuit_operator.py took 0.055 seconds
[2022-12-01 21:31:51,258] {processor.py:163} INFO - Started process (PID=992) to work on /home/airflow/.local/lib/python3.7/site-packages/airflow/example_dags/example_short_circuit_operator.py
[2022-12-01 21:31:51,258] {processor.py:642} INFO - Processing file /home/airflow/.local/lib/python3.7/site-packages/airflow/example_dags/example_short_circuit_operator.py for tasks to queue
[2022-12-01 21:31:51,259] {logging_mixin.py:109} INFO - [2022-12-01 21:31:51,259] {dagbag.py:500} INFO - Filling up the DagBag from /home/airflow/.local/lib/python3.7/site-packages/airflow/example_dags/example_short_circuit_operator.py
[2022-12-01 21:31:51,281] {processor.py:654} INFO - DAG(s) dict_keys(['example_short_circuit_operator']) retrieved from /home/airflow/.local/lib/python3.7/site-packages/airflow/example_dags/example_short_circuit_operator.py
[2022-12-01 21:31:51,288] {logging_mixin.py:109} INFO - [2022-12-01 21:31:51,288] {dag.py:2398} INFO - Sync 1 DAGs
[2022-12-01 21:31:51,299] {logging_mixin.py:109} INFO - [2022-12-01 21:31:51,299] {dag.py:2937} INFO - Setting next_dagrun for example_short_circuit_operator to 2022-11-30T21:31:51.299626+00:00
[2022-12-01 21:31:51,307] {processor.py:171} INFO - Processing /home/airflow/.local/lib/python3.7/site-packages/airflow/example_dags/example_short_circuit_operator.py took 0.052 seconds
[2022-12-01 21:32:21,595] {processor.py:163} INFO - Started process (PID=1063) to work on /home/airflow/.local/lib/python3.7/site-packages/airflow/example_dags/example_short_circuit_operator.py
[2022-12-01 21:32:21,595] {processor.py:642} INFO - Processing file /home/airflow/.local/lib/python3.7/site-packages/airflow/example_dags/example_short_circuit_operator.py for tasks to queue
[2022-12-01 21:32:21,596] {logging_mixin.py:109} INFO - [2022-12-01 21:32:21,595] {dagbag.py:500} INFO - Filling up the DagBag from /home/airflow/.local/lib/python3.7/site-packages/airflow/example_dags/example_short_circuit_operator.py
[2022-12-01 21:32:21,617] {processor.py:654} INFO - DAG(s) dict_keys(['example_short_circuit_operator']) retrieved from /home/airflow/.local/lib/python3.7/site-packages/airflow/example_dags/example_short_circuit_operator.py
[2022-12-01 21:32:21,624] {logging_mixin.py:109} INFO - [2022-12-01 21:32:21,624] {dag.py:2398} INFO - Sync 1 DAGs
[2022-12-01 21:32:21,636] {logging_mixin.py:109} INFO - [2022-12-01 21:32:21,636] {dag.py:2937} INFO - Setting next_dagrun for example_short_circuit_operator to 2022-11-30T21:32:21.635988+00:00
[2022-12-01 21:32:21,644] {processor.py:171} INFO - Processing /home/airflow/.local/lib/python3.7/site-packages/airflow/example_dags/example_short_circuit_operator.py took 0.051 seconds
[2022-12-01 21:32:51,907] {processor.py:163} INFO - Started process (PID=1125) to work on /home/airflow/.local/lib/python3.7/site-packages/airflow/example_dags/example_short_circuit_operator.py
[2022-12-01 21:32:51,908] {processor.py:642} INFO - Processing file /home/airflow/.local/lib/python3.7/site-packages/airflow/example_dags/example_short_circuit_operator.py for tasks to queue
[2022-12-01 21:32:51,909] {logging_mixin.py:109} INFO - [2022-12-01 21:32:51,909] {dagbag.py:500} INFO - Filling up the DagBag from /home/airflow/.local/lib/python3.7/site-packages/airflow/example_dags/example_short_circuit_operator.py
[2022-12-01 21:32:51,931] {processor.py:654} INFO - DAG(s) dict_keys(['example_short_circuit_operator']) retrieved from /home/airflow/.local/lib/python3.7/site-packages/airflow/example_dags/example_short_circuit_operator.py
[2022-12-01 21:32:51,938] {logging_mixin.py:109} INFO - [2022-12-01 21:32:51,938] {dag.py:2398} INFO - Sync 1 DAGs
[2022-12-01 21:32:51,950] {logging_mixin.py:109} INFO - [2022-12-01 21:32:51,950] {dag.py:2937} INFO - Setting next_dagrun for example_short_circuit_operator to 2022-11-30T21:32:51.949827+00:00
[2022-12-01 21:32:51,963] {processor.py:171} INFO - Processing /home/airflow/.local/lib/python3.7/site-packages/airflow/example_dags/example_short_circuit_operator.py took 0.057 seconds
[2022-12-01 21:33:22,275] {processor.py:163} INFO - Started process (PID=1197) to work on /home/airflow/.local/lib/python3.7/site-packages/airflow/example_dags/example_short_circuit_operator.py
[2022-12-01 21:33:22,276] {processor.py:642} INFO - Processing file /home/airflow/.local/lib/python3.7/site-packages/airflow/example_dags/example_short_circuit_operator.py for tasks to queue
[2022-12-01 21:33:22,276] {logging_mixin.py:109} INFO - [2022-12-01 21:33:22,276] {dagbag.py:500} INFO - Filling up the DagBag from /home/airflow/.local/lib/python3.7/site-packages/airflow/example_dags/example_short_circuit_operator.py
[2022-12-01 21:33:22,296] {processor.py:654} INFO - DAG(s) dict_keys(['example_short_circuit_operator']) retrieved from /home/airflow/.local/lib/python3.7/site-packages/airflow/example_dags/example_short_circuit_operator.py
[2022-12-01 21:33:22,302] {logging_mixin.py:109} INFO - [2022-12-01 21:33:22,302] {dag.py:2398} INFO - Sync 1 DAGs
[2022-12-01 21:33:22,312] {logging_mixin.py:109} INFO - [2022-12-01 21:33:22,312] {dag.py:2937} INFO - Setting next_dagrun for example_short_circuit_operator to 2022-11-30T21:33:22.312535+00:00
[2022-12-01 21:33:22,325] {processor.py:171} INFO - Processing /home/airflow/.local/lib/python3.7/site-packages/airflow/example_dags/example_short_circuit_operator.py took 0.052 seconds
[2022-12-01 21:33:52,697] {processor.py:163} INFO - Started process (PID=1260) to work on /home/airflow/.local/lib/python3.7/site-packages/airflow/example_dags/example_short_circuit_operator.py
[2022-12-01 21:33:52,698] {processor.py:642} INFO - Processing file /home/airflow/.local/lib/python3.7/site-packages/airflow/example_dags/example_short_circuit_operator.py for tasks to queue
[2022-12-01 21:33:52,698] {logging_mixin.py:109} INFO - [2022-12-01 21:33:52,698] {dagbag.py:500} INFO - Filling up the DagBag from /home/airflow/.local/lib/python3.7/site-packages/airflow/example_dags/example_short_circuit_operator.py
[2022-12-01 21:33:52,719] {processor.py:654} INFO - DAG(s) dict_keys(['example_short_circuit_operator']) retrieved from /home/airflow/.local/lib/python3.7/site-packages/airflow/example_dags/example_short_circuit_operator.py
[2022-12-01 21:33:52,726] {logging_mixin.py:109} INFO - [2022-12-01 21:33:52,726] {dag.py:2398} INFO - Sync 1 DAGs
[2022-12-01 21:33:52,736] {logging_mixin.py:109} INFO - [2022-12-01 21:33:52,736] {dag.py:2937} INFO - Setting next_dagrun for example_short_circuit_operator to 2022-11-30T21:33:52.736568+00:00
[2022-12-01 21:33:52,750] {processor.py:171} INFO - Processing /home/airflow/.local/lib/python3.7/site-packages/airflow/example_dags/example_short_circuit_operator.py took 0.055 seconds
[2022-12-01 21:34:23,131] {processor.py:163} INFO - Started process (PID=1331) to work on /home/airflow/.local/lib/python3.7/site-packages/airflow/example_dags/example_short_circuit_operator.py
[2022-12-01 21:34:23,132] {processor.py:642} INFO - Processing file /home/airflow/.local/lib/python3.7/site-packages/airflow/example_dags/example_short_circuit_operator.py for tasks to queue
[2022-12-01 21:34:23,132] {logging_mixin.py:109} INFO - [2022-12-01 21:34:23,132] {dagbag.py:500} INFO - Filling up the DagBag from /home/airflow/.local/lib/python3.7/site-packages/airflow/example_dags/example_short_circuit_operator.py
[2022-12-01 21:34:23,154] {processor.py:654} INFO - DAG(s) dict_keys(['example_short_circuit_operator']) retrieved from /home/airflow/.local/lib/python3.7/site-packages/airflow/example_dags/example_short_circuit_operator.py
[2022-12-01 21:34:23,161] {logging_mixin.py:109} INFO - [2022-12-01 21:34:23,161] {dag.py:2398} INFO - Sync 1 DAGs
[2022-12-01 21:34:23,171] {logging_mixin.py:109} INFO - [2022-12-01 21:34:23,171] {dag.py:2937} INFO - Setting next_dagrun for example_short_circuit_operator to 2022-11-30T21:34:23.171568+00:00
[2022-12-01 21:34:23,185] {processor.py:171} INFO - Processing /home/airflow/.local/lib/python3.7/site-packages/airflow/example_dags/example_short_circuit_operator.py took 0.056 seconds
[2022-12-01 21:34:53,524] {processor.py:163} INFO - Started process (PID=1393) to work on /home/airflow/.local/lib/python3.7/site-packages/airflow/example_dags/example_short_circuit_operator.py
[2022-12-01 21:34:53,527] {processor.py:642} INFO - Processing file /home/airflow/.local/lib/python3.7/site-packages/airflow/example_dags/example_short_circuit_operator.py for tasks to queue
[2022-12-01 21:34:53,527] {logging_mixin.py:109} INFO - [2022-12-01 21:34:53,527] {dagbag.py:500} INFO - Filling up the DagBag from /home/airflow/.local/lib/python3.7/site-packages/airflow/example_dags/example_short_circuit_operator.py
[2022-12-01 21:34:53,549] {processor.py:654} INFO - DAG(s) dict_keys(['example_short_circuit_operator']) retrieved from /home/airflow/.local/lib/python3.7/site-packages/airflow/example_dags/example_short_circuit_operator.py
[2022-12-01 21:34:53,556] {logging_mixin.py:109} INFO - [2022-12-01 21:34:53,556] {dag.py:2398} INFO - Sync 1 DAGs
[2022-12-01 21:34:53,567] {logging_mixin.py:109} INFO - [2022-12-01 21:34:53,566] {dag.py:2937} INFO - Setting next_dagrun for example_short_circuit_operator to 2022-11-30T21:34:53.566808+00:00
[2022-12-01 21:34:53,574] {processor.py:171} INFO - Processing /home/airflow/.local/lib/python3.7/site-packages/airflow/example_dags/example_short_circuit_operator.py took 0.052 seconds
[2022-12-01 21:35:23,817] {processor.py:163} INFO - Started process (PID=1464) to work on /home/airflow/.local/lib/python3.7/site-packages/airflow/example_dags/example_short_circuit_operator.py
[2022-12-01 21:35:23,818] {processor.py:642} INFO - Processing file /home/airflow/.local/lib/python3.7/site-packages/airflow/example_dags/example_short_circuit_operator.py for tasks to queue
[2022-12-01 21:35:23,818] {logging_mixin.py:109} INFO - [2022-12-01 21:35:23,818] {dagbag.py:500} INFO - Filling up the DagBag from /home/airflow/.local/lib/python3.7/site-packages/airflow/example_dags/example_short_circuit_operator.py
[2022-12-01 21:35:23,841] {processor.py:654} INFO - DAG(s) dict_keys(['example_short_circuit_operator']) retrieved from /home/airflow/.local/lib/python3.7/site-packages/airflow/example_dags/example_short_circuit_operator.py
[2022-12-01 21:35:23,849] {logging_mixin.py:109} INFO - [2022-12-01 21:35:23,849] {dag.py:2398} INFO - Sync 1 DAGs
[2022-12-01 21:35:23,860] {logging_mixin.py:109} INFO - [2022-12-01 21:35:23,860] {dag.py:2937} INFO - Setting next_dagrun for example_short_circuit_operator to 2022-11-30T21:35:23.860353+00:00
[2022-12-01 21:35:23,868] {processor.py:171} INFO - Processing /home/airflow/.local/lib/python3.7/site-packages/airflow/example_dags/example_short_circuit_operator.py took 0.053 seconds
[2022-12-01 21:35:54,126] {processor.py:163} INFO - Started process (PID=1527) to work on /home/airflow/.local/lib/python3.7/site-packages/airflow/example_dags/example_short_circuit_operator.py
[2022-12-01 21:35:54,126] {processor.py:642} INFO - Processing file /home/airflow/.local/lib/python3.7/site-packages/airflow/example_dags/example_short_circuit_operator.py for tasks to queue
[2022-12-01 21:35:54,127] {logging_mixin.py:109} INFO - [2022-12-01 21:35:54,127] {dagbag.py:500} INFO - Filling up the DagBag from /home/airflow/.local/lib/python3.7/site-packages/airflow/example_dags/example_short_circuit_operator.py
[2022-12-01 21:35:54,146] {processor.py:654} INFO - DAG(s) dict_keys(['example_short_circuit_operator']) retrieved from /home/airflow/.local/lib/python3.7/site-packages/airflow/example_dags/example_short_circuit_operator.py
[2022-12-01 21:35:54,153] {logging_mixin.py:109} INFO - [2022-12-01 21:35:54,152] {dag.py:2398} INFO - Sync 1 DAGs
[2022-12-01 21:35:54,162] {logging_mixin.py:109} INFO - [2022-12-01 21:35:54,162] {dag.py:2937} INFO - Setting next_dagrun for example_short_circuit_operator to 2022-11-30T21:35:54.162656+00:00
[2022-12-01 21:35:54,175] {processor.py:171} INFO - Processing /home/airflow/.local/lib/python3.7/site-packages/airflow/example_dags/example_short_circuit_operator.py took 0.052 seconds
[2022-12-01 21:36:24,351] {processor.py:163} INFO - Started process (PID=1598) to work on /home/airflow/.local/lib/python3.7/site-packages/airflow/example_dags/example_short_circuit_operator.py
[2022-12-01 21:36:24,352] {processor.py:642} INFO - Processing file /home/airflow/.local/lib/python3.7/site-packages/airflow/example_dags/example_short_circuit_operator.py for tasks to queue
[2022-12-01 21:36:24,352] {logging_mixin.py:109} INFO - [2022-12-01 21:36:24,352] {dagbag.py:500} INFO - Filling up the DagBag from /home/airflow/.local/lib/python3.7/site-packages/airflow/example_dags/example_short_circuit_operator.py
[2022-12-01 21:36:24,378] {processor.py:654} INFO - DAG(s) dict_keys(['example_short_circuit_operator']) retrieved from /home/airflow/.local/lib/python3.7/site-packages/airflow/example_dags/example_short_circuit_operator.py
[2022-12-01 21:36:24,388] {logging_mixin.py:109} INFO - [2022-12-01 21:36:24,388] {dag.py:2398} INFO - Sync 1 DAGs
[2022-12-01 21:36:24,404] {logging_mixin.py:109} INFO - [2022-12-01 21:36:24,404] {dag.py:2937} INFO - Setting next_dagrun for example_short_circuit_operator to 2022-11-30T21:36:24.403989+00:00
[2022-12-01 21:36:24,420] {processor.py:171} INFO - Processing /home/airflow/.local/lib/python3.7/site-packages/airflow/example_dags/example_short_circuit_operator.py took 0.071 seconds
[2022-12-01 21:36:54,610] {processor.py:163} INFO - Started process (PID=1660) to work on /home/airflow/.local/lib/python3.7/site-packages/airflow/example_dags/example_short_circuit_operator.py
[2022-12-01 21:36:54,610] {processor.py:642} INFO - Processing file /home/airflow/.local/lib/python3.7/site-packages/airflow/example_dags/example_short_circuit_operator.py for tasks to queue
[2022-12-01 21:36:54,611] {logging_mixin.py:109} INFO - [2022-12-01 21:36:54,611] {dagbag.py:500} INFO - Filling up the DagBag from /home/airflow/.local/lib/python3.7/site-packages/airflow/example_dags/example_short_circuit_operator.py
[2022-12-01 21:36:54,631] {processor.py:654} INFO - DAG(s) dict_keys(['example_short_circuit_operator']) retrieved from /home/airflow/.local/lib/python3.7/site-packages/airflow/example_dags/example_short_circuit_operator.py
[2022-12-01 21:36:54,639] {logging_mixin.py:109} INFO - [2022-12-01 21:36:54,638] {dag.py:2398} INFO - Sync 1 DAGs
[2022-12-01 21:36:54,653] {logging_mixin.py:109} INFO - [2022-12-01 21:36:54,653] {dag.py:2937} INFO - Setting next_dagrun for example_short_circuit_operator to 2022-11-30T21:36:54.653074+00:00
[2022-12-01 21:36:54,661] {processor.py:171} INFO - Processing /home/airflow/.local/lib/python3.7/site-packages/airflow/example_dags/example_short_circuit_operator.py took 0.053 seconds
[2022-12-01 21:37:24,865] {processor.py:163} INFO - Started process (PID=1731) to work on /home/airflow/.local/lib/python3.7/site-packages/airflow/example_dags/example_short_circuit_operator.py
[2022-12-01 21:37:24,866] {processor.py:642} INFO - Processing file /home/airflow/.local/lib/python3.7/site-packages/airflow/example_dags/example_short_circuit_operator.py for tasks to queue
[2022-12-01 21:37:24,866] {logging_mixin.py:109} INFO - [2022-12-01 21:37:24,866] {dagbag.py:500} INFO - Filling up the DagBag from /home/airflow/.local/lib/python3.7/site-packages/airflow/example_dags/example_short_circuit_operator.py
[2022-12-01 21:37:24,888] {processor.py:654} INFO - DAG(s) dict_keys(['example_short_circuit_operator']) retrieved from /home/airflow/.local/lib/python3.7/site-packages/airflow/example_dags/example_short_circuit_operator.py
[2022-12-01 21:37:24,895] {logging_mixin.py:109} INFO - [2022-12-01 21:37:24,895] {dag.py:2398} INFO - Sync 1 DAGs
[2022-12-01 21:37:24,905] {logging_mixin.py:109} INFO - [2022-12-01 21:37:24,905] {dag.py:2937} INFO - Setting next_dagrun for example_short_circuit_operator to 2022-11-30T21:37:24.905296+00:00
[2022-12-01 21:37:24,921] {processor.py:171} INFO - Processing /home/airflow/.local/lib/python3.7/site-packages/airflow/example_dags/example_short_circuit_operator.py took 0.058 seconds
[2022-12-01 21:37:55,170] {processor.py:163} INFO - Started process (PID=1793) to work on /home/airflow/.local/lib/python3.7/site-packages/airflow/example_dags/example_short_circuit_operator.py
[2022-12-01 21:37:55,170] {processor.py:642} INFO - Processing file /home/airflow/.local/lib/python3.7/site-packages/airflow/example_dags/example_short_circuit_operator.py for tasks to queue
[2022-12-01 21:37:55,171] {logging_mixin.py:109} INFO - [2022-12-01 21:37:55,171] {dagbag.py:500} INFO - Filling up the DagBag from /home/airflow/.local/lib/python3.7/site-packages/airflow/example_dags/example_short_circuit_operator.py
[2022-12-01 21:37:55,191] {processor.py:654} INFO - DAG(s) dict_keys(['example_short_circuit_operator']) retrieved from /home/airflow/.local/lib/python3.7/site-packages/airflow/example_dags/example_short_circuit_operator.py
[2022-12-01 21:37:55,198] {logging_mixin.py:109} INFO - [2022-12-01 21:37:55,198] {dag.py:2398} INFO - Sync 1 DAGs
[2022-12-01 21:37:55,209] {logging_mixin.py:109} INFO - [2022-12-01 21:37:55,209] {dag.py:2937} INFO - Setting next_dagrun for example_short_circuit_operator to 2022-11-30T21:37:55.208937+00:00
[2022-12-01 21:37:55,217] {processor.py:171} INFO - Processing /home/airflow/.local/lib/python3.7/site-packages/airflow/example_dags/example_short_circuit_operator.py took 0.049 seconds
[2022-12-01 21:38:25,444] {processor.py:163} INFO - Started process (PID=1864) to work on /home/airflow/.local/lib/python3.7/site-packages/airflow/example_dags/example_short_circuit_operator.py
[2022-12-01 21:38:25,445] {processor.py:642} INFO - Processing file /home/airflow/.local/lib/python3.7/site-packages/airflow/example_dags/example_short_circuit_operator.py for tasks to queue
[2022-12-01 21:38:25,445] {logging_mixin.py:109} INFO - [2022-12-01 21:38:25,445] {dagbag.py:500} INFO - Filling up the DagBag from /home/airflow/.local/lib/python3.7/site-packages/airflow/example_dags/example_short_circuit_operator.py
[2022-12-01 21:38:25,467] {processor.py:654} INFO - DAG(s) dict_keys(['example_short_circuit_operator']) retrieved from /home/airflow/.local/lib/python3.7/site-packages/airflow/example_dags/example_short_circuit_operator.py
[2022-12-01 21:38:25,474] {logging_mixin.py:109} INFO - [2022-12-01 21:38:25,474] {dag.py:2398} INFO - Sync 1 DAGs
[2022-12-01 21:38:25,491] {logging_mixin.py:109} INFO - [2022-12-01 21:38:25,491] {dag.py:2937} INFO - Setting next_dagrun for example_short_circuit_operator to 2022-11-30T21:38:25.491163+00:00
[2022-12-01 21:38:25,509] {processor.py:171} INFO - Processing /home/airflow/.local/lib/python3.7/site-packages/airflow/example_dags/example_short_circuit_operator.py took 0.067 seconds
[2022-12-01 21:38:55,797] {processor.py:163} INFO - Started process (PID=1926) to work on /home/airflow/.local/lib/python3.7/site-packages/airflow/example_dags/example_short_circuit_operator.py
[2022-12-01 21:38:55,798] {processor.py:642} INFO - Processing file /home/airflow/.local/lib/python3.7/site-packages/airflow/example_dags/example_short_circuit_operator.py for tasks to queue
[2022-12-01 21:38:55,799] {logging_mixin.py:109} INFO - [2022-12-01 21:38:55,799] {dagbag.py:500} INFO - Filling up the DagBag from /home/airflow/.local/lib/python3.7/site-packages/airflow/example_dags/example_short_circuit_operator.py
[2022-12-01 21:38:55,819] {processor.py:654} INFO - DAG(s) dict_keys(['example_short_circuit_operator']) retrieved from /home/airflow/.local/lib/python3.7/site-packages/airflow/example_dags/example_short_circuit_operator.py
[2022-12-01 21:38:55,826] {logging_mixin.py:109} INFO - [2022-12-01 21:38:55,826] {dag.py:2398} INFO - Sync 1 DAGs
[2022-12-01 21:38:55,836] {logging_mixin.py:109} INFO - [2022-12-01 21:38:55,836] {dag.py:2937} INFO - Setting next_dagrun for example_short_circuit_operator to 2022-11-30T21:38:55.836576+00:00
[2022-12-01 21:38:55,850] {processor.py:171} INFO - Processing /home/airflow/.local/lib/python3.7/site-packages/airflow/example_dags/example_short_circuit_operator.py took 0.054 seconds
[2022-12-01 21:39:26,122] {processor.py:163} INFO - Started process (PID=1997) to work on /home/airflow/.local/lib/python3.7/site-packages/airflow/example_dags/example_short_circuit_operator.py
[2022-12-01 21:39:26,123] {processor.py:642} INFO - Processing file /home/airflow/.local/lib/python3.7/site-packages/airflow/example_dags/example_short_circuit_operator.py for tasks to queue
[2022-12-01 21:39:26,123] {logging_mixin.py:109} INFO - [2022-12-01 21:39:26,123] {dagbag.py:500} INFO - Filling up the DagBag from /home/airflow/.local/lib/python3.7/site-packages/airflow/example_dags/example_short_circuit_operator.py
[2022-12-01 21:39:26,143] {processor.py:654} INFO - DAG(s) dict_keys(['example_short_circuit_operator']) retrieved from /home/airflow/.local/lib/python3.7/site-packages/airflow/example_dags/example_short_circuit_operator.py
[2022-12-01 21:39:26,150] {logging_mixin.py:109} INFO - [2022-12-01 21:39:26,150] {dag.py:2398} INFO - Sync 1 DAGs
[2022-12-01 21:39:26,160] {logging_mixin.py:109} INFO - [2022-12-01 21:39:26,160] {dag.py:2937} INFO - Setting next_dagrun for example_short_circuit_operator to 2022-11-30T21:39:26.160519+00:00
[2022-12-01 21:39:26,168] {processor.py:171} INFO - Processing /home/airflow/.local/lib/python3.7/site-packages/airflow/example_dags/example_short_circuit_operator.py took 0.049 seconds
[2022-12-01 21:39:56,356] {processor.py:163} INFO - Started process (PID=2059) to work on /home/airflow/.local/lib/python3.7/site-packages/airflow/example_dags/example_short_circuit_operator.py
[2022-12-01 21:39:56,357] {processor.py:642} INFO - Processing file /home/airflow/.local/lib/python3.7/site-packages/airflow/example_dags/example_short_circuit_operator.py for tasks to queue
[2022-12-01 21:39:56,357] {logging_mixin.py:109} INFO - [2022-12-01 21:39:56,357] {dagbag.py:500} INFO - Filling up the DagBag from /home/airflow/.local/lib/python3.7/site-packages/airflow/example_dags/example_short_circuit_operator.py
[2022-12-01 21:39:56,377] {processor.py:654} INFO - DAG(s) dict_keys(['example_short_circuit_operator']) retrieved from /home/airflow/.local/lib/python3.7/site-packages/airflow/example_dags/example_short_circuit_operator.py
[2022-12-01 21:39:56,383] {logging_mixin.py:109} INFO - [2022-12-01 21:39:56,383] {dag.py:2398} INFO - Sync 1 DAGs
[2022-12-01 21:39:56,393] {logging_mixin.py:109} INFO - [2022-12-01 21:39:56,393] {dag.py:2937} INFO - Setting next_dagrun for example_short_circuit_operator to 2022-11-30T21:39:56.393472+00:00
[2022-12-01 21:39:56,401] {processor.py:171} INFO - Processing /home/airflow/.local/lib/python3.7/site-packages/airflow/example_dags/example_short_circuit_operator.py took 0.047 seconds
[2022-12-01 21:40:26,782] {processor.py:163} INFO - Started process (PID=2130) to work on /home/airflow/.local/lib/python3.7/site-packages/airflow/example_dags/example_short_circuit_operator.py
[2022-12-01 21:40:26,782] {processor.py:642} INFO - Processing file /home/airflow/.local/lib/python3.7/site-packages/airflow/example_dags/example_short_circuit_operator.py for tasks to queue
[2022-12-01 21:40:26,783] {logging_mixin.py:109} INFO - [2022-12-01 21:40:26,783] {dagbag.py:500} INFO - Filling up the DagBag from /home/airflow/.local/lib/python3.7/site-packages/airflow/example_dags/example_short_circuit_operator.py
[2022-12-01 21:40:26,803] {processor.py:654} INFO - DAG(s) dict_keys(['example_short_circuit_operator']) retrieved from /home/airflow/.local/lib/python3.7/site-packages/airflow/example_dags/example_short_circuit_operator.py
[2022-12-01 21:40:26,810] {logging_mixin.py:109} INFO - [2022-12-01 21:40:26,809] {dag.py:2398} INFO - Sync 1 DAGs
[2022-12-01 21:40:26,820] {logging_mixin.py:109} INFO - [2022-12-01 21:40:26,820] {dag.py:2937} INFO - Setting next_dagrun for example_short_circuit_operator to 2022-11-30T21:40:26.820074+00:00
[2022-12-01 21:40:26,833] {processor.py:171} INFO - Processing /home/airflow/.local/lib/python3.7/site-packages/airflow/example_dags/example_short_circuit_operator.py took 0.053 seconds
[2022-12-01 21:40:57,172] {processor.py:163} INFO - Started process (PID=2192) to work on /home/airflow/.local/lib/python3.7/site-packages/airflow/example_dags/example_short_circuit_operator.py
[2022-12-01 21:40:57,172] {processor.py:642} INFO - Processing file /home/airflow/.local/lib/python3.7/site-packages/airflow/example_dags/example_short_circuit_operator.py for tasks to queue
[2022-12-01 21:40:57,173] {logging_mixin.py:109} INFO - [2022-12-01 21:40:57,173] {dagbag.py:500} INFO - Filling up the DagBag from /home/airflow/.local/lib/python3.7/site-packages/airflow/example_dags/example_short_circuit_operator.py
[2022-12-01 21:40:57,194] {processor.py:654} INFO - DAG(s) dict_keys(['example_short_circuit_operator']) retrieved from /home/airflow/.local/lib/python3.7/site-packages/airflow/example_dags/example_short_circuit_operator.py
[2022-12-01 21:40:57,201] {logging_mixin.py:109} INFO - [2022-12-01 21:40:57,201] {dag.py:2398} INFO - Sync 1 DAGs
[2022-12-01 21:40:57,211] {logging_mixin.py:109} INFO - [2022-12-01 21:40:57,211] {dag.py:2937} INFO - Setting next_dagrun for example_short_circuit_operator to 2022-11-30T21:40:57.211541+00:00
[2022-12-01 21:40:57,225] {processor.py:171} INFO - Processing /home/airflow/.local/lib/python3.7/site-packages/airflow/example_dags/example_short_circuit_operator.py took 0.055 seconds
[2022-12-01 21:41:27,641] {processor.py:163} INFO - Started process (PID=2263) to work on /home/airflow/.local/lib/python3.7/site-packages/airflow/example_dags/example_short_circuit_operator.py
[2022-12-01 21:41:27,642] {processor.py:642} INFO - Processing file /home/airflow/.local/lib/python3.7/site-packages/airflow/example_dags/example_short_circuit_operator.py for tasks to queue
[2022-12-01 21:41:27,643] {logging_mixin.py:109} INFO - [2022-12-01 21:41:27,642] {dagbag.py:500} INFO - Filling up the DagBag from /home/airflow/.local/lib/python3.7/site-packages/airflow/example_dags/example_short_circuit_operator.py
[2022-12-01 21:41:27,665] {processor.py:654} INFO - DAG(s) dict_keys(['example_short_circuit_operator']) retrieved from /home/airflow/.local/lib/python3.7/site-packages/airflow/example_dags/example_short_circuit_operator.py
[2022-12-01 21:41:27,673] {logging_mixin.py:109} INFO - [2022-12-01 21:41:27,672] {dag.py:2398} INFO - Sync 1 DAGs
[2022-12-01 21:41:27,683] {logging_mixin.py:109} INFO - [2022-12-01 21:41:27,683] {dag.py:2937} INFO - Setting next_dagrun for example_short_circuit_operator to 2022-11-30T21:41:27.683013+00:00
[2022-12-01 21:41:27,695] {processor.py:171} INFO - Processing /home/airflow/.local/lib/python3.7/site-packages/airflow/example_dags/example_short_circuit_operator.py took 0.056 seconds
[2022-12-01 21:41:57,852] {processor.py:163} INFO - Started process (PID=2326) to work on /home/airflow/.local/lib/python3.7/site-packages/airflow/example_dags/example_short_circuit_operator.py
[2022-12-01 21:41:57,853] {processor.py:642} INFO - Processing file /home/airflow/.local/lib/python3.7/site-packages/airflow/example_dags/example_short_circuit_operator.py for tasks to queue
[2022-12-01 21:41:57,853] {logging_mixin.py:109} INFO - [2022-12-01 21:41:57,853] {dagbag.py:500} INFO - Filling up the DagBag from /home/airflow/.local/lib/python3.7/site-packages/airflow/example_dags/example_short_circuit_operator.py
[2022-12-01 21:41:57,877] {processor.py:654} INFO - DAG(s) dict_keys(['example_short_circuit_operator']) retrieved from /home/airflow/.local/lib/python3.7/site-packages/airflow/example_dags/example_short_circuit_operator.py
[2022-12-01 21:41:57,885] {logging_mixin.py:109} INFO - [2022-12-01 21:41:57,885] {dag.py:2398} INFO - Sync 1 DAGs
[2022-12-01 21:41:57,897] {logging_mixin.py:109} INFO - [2022-12-01 21:41:57,897] {dag.py:2937} INFO - Setting next_dagrun for example_short_circuit_operator to 2022-11-30T21:41:57.897521+00:00
[2022-12-01 21:41:57,912] {processor.py:171} INFO - Processing /home/airflow/.local/lib/python3.7/site-packages/airflow/example_dags/example_short_circuit_operator.py took 0.061 seconds
[2022-12-01 21:42:28,991] {processor.py:163} INFO - Started process (PID=2397) to work on /home/airflow/.local/lib/python3.7/site-packages/airflow/example_dags/example_short_circuit_operator.py
[2022-12-01 21:42:28,992] {processor.py:642} INFO - Processing file /home/airflow/.local/lib/python3.7/site-packages/airflow/example_dags/example_short_circuit_operator.py for tasks to queue
[2022-12-01 21:42:28,992] {logging_mixin.py:109} INFO - [2022-12-01 21:42:28,992] {dagbag.py:500} INFO - Filling up the DagBag from /home/airflow/.local/lib/python3.7/site-packages/airflow/example_dags/example_short_circuit_operator.py
[2022-12-01 21:42:29,018] {processor.py:654} INFO - DAG(s) dict_keys(['example_short_circuit_operator']) retrieved from /home/airflow/.local/lib/python3.7/site-packages/airflow/example_dags/example_short_circuit_operator.py
[2022-12-01 21:42:29,028] {logging_mixin.py:109} INFO - [2022-12-01 21:42:29,027] {dag.py:2398} INFO - Sync 1 DAGs
[2022-12-01 21:42:29,039] {logging_mixin.py:109} INFO - [2022-12-01 21:42:29,038] {dag.py:2937} INFO - Setting next_dagrun for example_short_circuit_operator to 2022-11-30T21:42:29.038637+00:00
[2022-12-01 21:42:29,053] {processor.py:171} INFO - Processing /home/airflow/.local/lib/python3.7/site-packages/airflow/example_dags/example_short_circuit_operator.py took 0.064 seconds
[2022-12-01 21:42:59,394] {processor.py:163} INFO - Started process (PID=2461) to work on /home/airflow/.local/lib/python3.7/site-packages/airflow/example_dags/example_short_circuit_operator.py
[2022-12-01 21:42:59,395] {processor.py:642} INFO - Processing file /home/airflow/.local/lib/python3.7/site-packages/airflow/example_dags/example_short_circuit_operator.py for tasks to queue
[2022-12-01 21:42:59,396] {logging_mixin.py:109} INFO - [2022-12-01 21:42:59,395] {dagbag.py:500} INFO - Filling up the DagBag from /home/airflow/.local/lib/python3.7/site-packages/airflow/example_dags/example_short_circuit_operator.py
[2022-12-01 21:42:59,419] {processor.py:654} INFO - DAG(s) dict_keys(['example_short_circuit_operator']) retrieved from /home/airflow/.local/lib/python3.7/site-packages/airflow/example_dags/example_short_circuit_operator.py
[2022-12-01 21:42:59,427] {logging_mixin.py:109} INFO - [2022-12-01 21:42:59,427] {dag.py:2398} INFO - Sync 1 DAGs
[2022-12-01 21:42:59,443] {logging_mixin.py:109} INFO - [2022-12-01 21:42:59,443] {dag.py:2937} INFO - Setting next_dagrun for example_short_circuit_operator to 2022-11-30T21:42:59.443297+00:00
[2022-12-01 21:42:59,458] {processor.py:171} INFO - Processing /home/airflow/.local/lib/python3.7/site-packages/airflow/example_dags/example_short_circuit_operator.py took 0.065 seconds
[2022-12-01 21:43:29,816] {processor.py:163} INFO - Started process (PID=2533) to work on /home/airflow/.local/lib/python3.7/site-packages/airflow/example_dags/example_short_circuit_operator.py
[2022-12-01 21:43:29,818] {processor.py:642} INFO - Processing file /home/airflow/.local/lib/python3.7/site-packages/airflow/example_dags/example_short_circuit_operator.py for tasks to queue
[2022-12-01 21:43:29,819] {logging_mixin.py:109} INFO - [2022-12-01 21:43:29,819] {dagbag.py:500} INFO - Filling up the DagBag from /home/airflow/.local/lib/python3.7/site-packages/airflow/example_dags/example_short_circuit_operator.py
[2022-12-01 21:43:29,840] {processor.py:654} INFO - DAG(s) dict_keys(['example_short_circuit_operator']) retrieved from /home/airflow/.local/lib/python3.7/site-packages/airflow/example_dags/example_short_circuit_operator.py
[2022-12-01 21:43:29,847] {logging_mixin.py:109} INFO - [2022-12-01 21:43:29,847] {dag.py:2398} INFO - Sync 1 DAGs
[2022-12-01 21:43:29,859] {logging_mixin.py:109} INFO - [2022-12-01 21:43:29,858] {dag.py:2937} INFO - Setting next_dagrun for example_short_circuit_operator to 2022-11-30T21:43:29.858726+00:00
[2022-12-01 21:43:29,873] {processor.py:171} INFO - Processing /home/airflow/.local/lib/python3.7/site-packages/airflow/example_dags/example_short_circuit_operator.py took 0.059 seconds
[2022-12-01 21:44:00,194] {processor.py:163} INFO - Started process (PID=2596) to work on /home/airflow/.local/lib/python3.7/site-packages/airflow/example_dags/example_short_circuit_operator.py
[2022-12-01 21:44:00,195] {processor.py:642} INFO - Processing file /home/airflow/.local/lib/python3.7/site-packages/airflow/example_dags/example_short_circuit_operator.py for tasks to queue
[2022-12-01 21:44:00,196] {logging_mixin.py:109} INFO - [2022-12-01 21:44:00,196] {dagbag.py:500} INFO - Filling up the DagBag from /home/airflow/.local/lib/python3.7/site-packages/airflow/example_dags/example_short_circuit_operator.py
[2022-12-01 21:44:00,220] {processor.py:654} INFO - DAG(s) dict_keys(['example_short_circuit_operator']) retrieved from /home/airflow/.local/lib/python3.7/site-packages/airflow/example_dags/example_short_circuit_operator.py
[2022-12-01 21:44:00,231] {logging_mixin.py:109} INFO - [2022-12-01 21:44:00,230] {dag.py:2398} INFO - Sync 1 DAGs
[2022-12-01 21:44:00,242] {logging_mixin.py:109} INFO - [2022-12-01 21:44:00,242] {dag.py:2937} INFO - Setting next_dagrun for example_short_circuit_operator to 2022-11-30T21:44:00.242204+00:00
[2022-12-01 21:44:00,257] {processor.py:171} INFO - Processing /home/airflow/.local/lib/python3.7/site-packages/airflow/example_dags/example_short_circuit_operator.py took 0.065 seconds
