[2022-12-01 21:24:42,027] {processor.py:163} INFO - Started process (PID=71) to work on /home/airflow/.local/lib/python3.7/site-packages/airflow/example_dags/example_subdag_operator.py
[2022-12-01 21:24:42,028] {processor.py:642} INFO - Processing file /home/airflow/.local/lib/python3.7/site-packages/airflow/example_dags/example_subdag_operator.py for tasks to queue
[2022-12-01 21:24:42,029] {logging_mixin.py:109} INFO - [2022-12-01 21:24:42,029] {dagbag.py:500} INFO - Filling up the DagBag from /home/airflow/.local/lib/python3.7/site-packages/airflow/example_dags/example_subdag_operator.py
[2022-12-01 21:24:42,067] {processor.py:654} INFO - DAG(s) dict_keys(['example_subdag_operator.section-1', 'example_subdag_operator.section-2', 'example_subdag_operator']) retrieved from /home/airflow/.local/lib/python3.7/site-packages/airflow/example_dags/example_subdag_operator.py
[2022-12-01 21:24:42,276] {logging_mixin.py:109} INFO - [2022-12-01 21:24:42,276] {dag.py:2398} INFO - Sync 3 DAGs
[2022-12-01 21:24:42,293] {logging_mixin.py:109} INFO - [2022-12-01 21:24:42,293] {dag.py:2937} INFO - Setting next_dagrun for example_subdag_operator to 2022-11-29T00:00:00+00:00
[2022-12-01 21:24:42,294] {logging_mixin.py:109} INFO - [2022-12-01 21:24:42,294] {dag.py:2937} INFO - Setting next_dagrun for example_subdag_operator.section-1 to None
[2022-12-01 21:24:42,294] {logging_mixin.py:109} INFO - [2022-12-01 21:24:42,294] {dag.py:2937} INFO - Setting next_dagrun for example_subdag_operator.section-2 to None
[2022-12-01 21:24:42,303] {logging_mixin.py:109} INFO - [2022-12-01 21:24:42,303] {dag.py:2398} INFO - Sync 2 DAGs
[2022-12-01 21:24:42,314] {logging_mixin.py:109} INFO - [2022-12-01 21:24:42,314] {dag.py:2937} INFO - Setting next_dagrun for example_subdag_operator.section-1 to None
[2022-12-01 21:24:42,314] {logging_mixin.py:109} INFO - [2022-12-01 21:24:42,314] {dag.py:2937} INFO - Setting next_dagrun for example_subdag_operator.section-2 to None
[2022-12-01 21:24:42,327] {processor.py:171} INFO - Processing /home/airflow/.local/lib/python3.7/site-packages/airflow/example_dags/example_subdag_operator.py took 0.303 seconds
[2022-12-01 21:25:12,776] {processor.py:163} INFO - Started process (PID=142) to work on /home/airflow/.local/lib/python3.7/site-packages/airflow/example_dags/example_subdag_operator.py
[2022-12-01 21:25:12,776] {processor.py:642} INFO - Processing file /home/airflow/.local/lib/python3.7/site-packages/airflow/example_dags/example_subdag_operator.py for tasks to queue
[2022-12-01 21:25:12,777] {logging_mixin.py:109} INFO - [2022-12-01 21:25:12,777] {dagbag.py:500} INFO - Filling up the DagBag from /home/airflow/.local/lib/python3.7/site-packages/airflow/example_dags/example_subdag_operator.py
[2022-12-01 21:25:12,801] {processor.py:654} INFO - DAG(s) dict_keys(['example_subdag_operator.section-1', 'example_subdag_operator.section-2', 'example_subdag_operator']) retrieved from /home/airflow/.local/lib/python3.7/site-packages/airflow/example_dags/example_subdag_operator.py
[2022-12-01 21:25:12,809] {logging_mixin.py:109} INFO - [2022-12-01 21:25:12,809] {dag.py:2398} INFO - Sync 3 DAGs
[2022-12-01 21:25:12,819] {logging_mixin.py:109} INFO - [2022-12-01 21:25:12,819] {dag.py:2937} INFO - Setting next_dagrun for example_subdag_operator to 2022-11-29T00:00:00+00:00
[2022-12-01 21:25:12,820] {logging_mixin.py:109} INFO - [2022-12-01 21:25:12,820] {dag.py:2937} INFO - Setting next_dagrun for example_subdag_operator.section-1 to None
[2022-12-01 21:25:12,820] {logging_mixin.py:109} INFO - [2022-12-01 21:25:12,820] {dag.py:2937} INFO - Setting next_dagrun for example_subdag_operator.section-2 to None
[2022-12-01 21:25:12,824] {logging_mixin.py:109} INFO - [2022-12-01 21:25:12,824] {dag.py:2398} INFO - Sync 2 DAGs
[2022-12-01 21:25:12,829] {logging_mixin.py:109} INFO - [2022-12-01 21:25:12,829] {dag.py:2937} INFO - Setting next_dagrun for example_subdag_operator.section-1 to None
[2022-12-01 21:25:12,829] {logging_mixin.py:109} INFO - [2022-12-01 21:25:12,829] {dag.py:2937} INFO - Setting next_dagrun for example_subdag_operator.section-2 to None
[2022-12-01 21:25:12,848] {processor.py:171} INFO - Processing /home/airflow/.local/lib/python3.7/site-packages/airflow/example_dags/example_subdag_operator.py took 0.074 seconds
[2022-12-01 21:25:43,896] {processor.py:163} INFO - Started process (PID=204) to work on /home/airflow/.local/lib/python3.7/site-packages/airflow/example_dags/example_subdag_operator.py
[2022-12-01 21:25:43,896] {processor.py:642} INFO - Processing file /home/airflow/.local/lib/python3.7/site-packages/airflow/example_dags/example_subdag_operator.py for tasks to queue
[2022-12-01 21:25:43,897] {logging_mixin.py:109} INFO - [2022-12-01 21:25:43,897] {dagbag.py:500} INFO - Filling up the DagBag from /home/airflow/.local/lib/python3.7/site-packages/airflow/example_dags/example_subdag_operator.py
[2022-12-01 21:25:43,922] {processor.py:654} INFO - DAG(s) dict_keys(['example_subdag_operator.section-1', 'example_subdag_operator.section-2', 'example_subdag_operator']) retrieved from /home/airflow/.local/lib/python3.7/site-packages/airflow/example_dags/example_subdag_operator.py
[2022-12-01 21:25:43,930] {logging_mixin.py:109} INFO - [2022-12-01 21:25:43,930] {dag.py:2398} INFO - Sync 3 DAGs
[2022-12-01 21:25:43,942] {logging_mixin.py:109} INFO - [2022-12-01 21:25:43,942] {dag.py:2937} INFO - Setting next_dagrun for example_subdag_operator to 2022-11-29T00:00:00+00:00
[2022-12-01 21:25:43,942] {logging_mixin.py:109} INFO - [2022-12-01 21:25:43,942] {dag.py:2937} INFO - Setting next_dagrun for example_subdag_operator.section-1 to None
[2022-12-01 21:25:43,942] {logging_mixin.py:109} INFO - [2022-12-01 21:25:43,942] {dag.py:2937} INFO - Setting next_dagrun for example_subdag_operator.section-2 to None
[2022-12-01 21:25:43,946] {logging_mixin.py:109} INFO - [2022-12-01 21:25:43,946] {dag.py:2398} INFO - Sync 2 DAGs
[2022-12-01 21:25:43,952] {logging_mixin.py:109} INFO - [2022-12-01 21:25:43,952] {dag.py:2937} INFO - Setting next_dagrun for example_subdag_operator.section-1 to None
[2022-12-01 21:25:43,952] {logging_mixin.py:109} INFO - [2022-12-01 21:25:43,952] {dag.py:2937} INFO - Setting next_dagrun for example_subdag_operator.section-2 to None
[2022-12-01 21:25:43,964] {processor.py:171} INFO - Processing /home/airflow/.local/lib/python3.7/site-packages/airflow/example_dags/example_subdag_operator.py took 0.070 seconds
[2022-12-01 21:26:15,141] {processor.py:163} INFO - Started process (PID=275) to work on /home/airflow/.local/lib/python3.7/site-packages/airflow/example_dags/example_subdag_operator.py
[2022-12-01 21:26:15,142] {processor.py:642} INFO - Processing file /home/airflow/.local/lib/python3.7/site-packages/airflow/example_dags/example_subdag_operator.py for tasks to queue
[2022-12-01 21:26:15,142] {logging_mixin.py:109} INFO - [2022-12-01 21:26:15,142] {dagbag.py:500} INFO - Filling up the DagBag from /home/airflow/.local/lib/python3.7/site-packages/airflow/example_dags/example_subdag_operator.py
[2022-12-01 21:26:15,170] {processor.py:654} INFO - DAG(s) dict_keys(['example_subdag_operator.section-1', 'example_subdag_operator.section-2', 'example_subdag_operator']) retrieved from /home/airflow/.local/lib/python3.7/site-packages/airflow/example_dags/example_subdag_operator.py
[2022-12-01 21:26:15,178] {logging_mixin.py:109} INFO - [2022-12-01 21:26:15,178] {dag.py:2398} INFO - Sync 3 DAGs
[2022-12-01 21:26:15,190] {logging_mixin.py:109} INFO - [2022-12-01 21:26:15,189] {dag.py:2937} INFO - Setting next_dagrun for example_subdag_operator to 2022-11-29T00:00:00+00:00
[2022-12-01 21:26:15,190] {logging_mixin.py:109} INFO - [2022-12-01 21:26:15,190] {dag.py:2937} INFO - Setting next_dagrun for example_subdag_operator.section-1 to None
[2022-12-01 21:26:15,190] {logging_mixin.py:109} INFO - [2022-12-01 21:26:15,190] {dag.py:2937} INFO - Setting next_dagrun for example_subdag_operator.section-2 to None
[2022-12-01 21:26:15,194] {logging_mixin.py:109} INFO - [2022-12-01 21:26:15,194] {dag.py:2398} INFO - Sync 2 DAGs
[2022-12-01 21:26:15,200] {logging_mixin.py:109} INFO - [2022-12-01 21:26:15,200] {dag.py:2937} INFO - Setting next_dagrun for example_subdag_operator.section-1 to None
[2022-12-01 21:26:15,201] {logging_mixin.py:109} INFO - [2022-12-01 21:26:15,201] {dag.py:2937} INFO - Setting next_dagrun for example_subdag_operator.section-2 to None
[2022-12-01 21:26:15,220] {processor.py:171} INFO - Processing /home/airflow/.local/lib/python3.7/site-packages/airflow/example_dags/example_subdag_operator.py took 0.081 seconds
[2022-12-01 21:26:46,058] {processor.py:163} INFO - Started process (PID=337) to work on /home/airflow/.local/lib/python3.7/site-packages/airflow/example_dags/example_subdag_operator.py
[2022-12-01 21:26:46,059] {processor.py:642} INFO - Processing file /home/airflow/.local/lib/python3.7/site-packages/airflow/example_dags/example_subdag_operator.py for tasks to queue
[2022-12-01 21:26:46,059] {logging_mixin.py:109} INFO - [2022-12-01 21:26:46,059] {dagbag.py:500} INFO - Filling up the DagBag from /home/airflow/.local/lib/python3.7/site-packages/airflow/example_dags/example_subdag_operator.py
[2022-12-01 21:26:46,085] {processor.py:654} INFO - DAG(s) dict_keys(['example_subdag_operator.section-1', 'example_subdag_operator.section-2', 'example_subdag_operator']) retrieved from /home/airflow/.local/lib/python3.7/site-packages/airflow/example_dags/example_subdag_operator.py
[2022-12-01 21:26:46,092] {logging_mixin.py:109} INFO - [2022-12-01 21:26:46,092] {dag.py:2398} INFO - Sync 3 DAGs
[2022-12-01 21:26:46,102] {logging_mixin.py:109} INFO - [2022-12-01 21:26:46,102] {dag.py:2937} INFO - Setting next_dagrun for example_subdag_operator to 2022-11-29T00:00:00+00:00
[2022-12-01 21:26:46,102] {logging_mixin.py:109} INFO - [2022-12-01 21:26:46,102] {dag.py:2937} INFO - Setting next_dagrun for example_subdag_operator.section-1 to None
[2022-12-01 21:26:46,102] {logging_mixin.py:109} INFO - [2022-12-01 21:26:46,102] {dag.py:2937} INFO - Setting next_dagrun for example_subdag_operator.section-2 to None
[2022-12-01 21:26:46,106] {logging_mixin.py:109} INFO - [2022-12-01 21:26:46,106] {dag.py:2398} INFO - Sync 2 DAGs
[2022-12-01 21:26:46,111] {logging_mixin.py:109} INFO - [2022-12-01 21:26:46,111] {dag.py:2937} INFO - Setting next_dagrun for example_subdag_operator.section-1 to None
[2022-12-01 21:26:46,111] {logging_mixin.py:109} INFO - [2022-12-01 21:26:46,111] {dag.py:2937} INFO - Setting next_dagrun for example_subdag_operator.section-2 to None
[2022-12-01 21:26:46,124] {processor.py:171} INFO - Processing /home/airflow/.local/lib/python3.7/site-packages/airflow/example_dags/example_subdag_operator.py took 0.068 seconds
[2022-12-01 21:27:17,041] {processor.py:163} INFO - Started process (PID=408) to work on /home/airflow/.local/lib/python3.7/site-packages/airflow/example_dags/example_subdag_operator.py
[2022-12-01 21:27:17,041] {processor.py:642} INFO - Processing file /home/airflow/.local/lib/python3.7/site-packages/airflow/example_dags/example_subdag_operator.py for tasks to queue
[2022-12-01 21:27:17,042] {logging_mixin.py:109} INFO - [2022-12-01 21:27:17,041] {dagbag.py:500} INFO - Filling up the DagBag from /home/airflow/.local/lib/python3.7/site-packages/airflow/example_dags/example_subdag_operator.py
[2022-12-01 21:27:17,067] {processor.py:654} INFO - DAG(s) dict_keys(['example_subdag_operator.section-1', 'example_subdag_operator.section-2', 'example_subdag_operator']) retrieved from /home/airflow/.local/lib/python3.7/site-packages/airflow/example_dags/example_subdag_operator.py
[2022-12-01 21:27:17,074] {logging_mixin.py:109} INFO - [2022-12-01 21:27:17,074] {dag.py:2398} INFO - Sync 3 DAGs
[2022-12-01 21:27:17,084] {logging_mixin.py:109} INFO - [2022-12-01 21:27:17,084] {dag.py:2937} INFO - Setting next_dagrun for example_subdag_operator to 2022-11-29T00:00:00+00:00
[2022-12-01 21:27:17,084] {logging_mixin.py:109} INFO - [2022-12-01 21:27:17,084] {dag.py:2937} INFO - Setting next_dagrun for example_subdag_operator.section-1 to None
[2022-12-01 21:27:17,084] {logging_mixin.py:109} INFO - [2022-12-01 21:27:17,084] {dag.py:2937} INFO - Setting next_dagrun for example_subdag_operator.section-2 to None
[2022-12-01 21:27:17,088] {logging_mixin.py:109} INFO - [2022-12-01 21:27:17,088] {dag.py:2398} INFO - Sync 2 DAGs
[2022-12-01 21:27:17,093] {logging_mixin.py:109} INFO - [2022-12-01 21:27:17,093] {dag.py:2937} INFO - Setting next_dagrun for example_subdag_operator.section-1 to None
[2022-12-01 21:27:17,093] {logging_mixin.py:109} INFO - [2022-12-01 21:27:17,093] {dag.py:2937} INFO - Setting next_dagrun for example_subdag_operator.section-2 to None
[2022-12-01 21:27:17,105] {processor.py:171} INFO - Processing /home/airflow/.local/lib/python3.7/site-packages/airflow/example_dags/example_subdag_operator.py took 0.066 seconds
[2022-12-01 21:27:48,167] {processor.py:163} INFO - Started process (PID=469) to work on /home/airflow/.local/lib/python3.7/site-packages/airflow/example_dags/example_subdag_operator.py
[2022-12-01 21:27:48,168] {processor.py:642} INFO - Processing file /home/airflow/.local/lib/python3.7/site-packages/airflow/example_dags/example_subdag_operator.py for tasks to queue
[2022-12-01 21:27:48,169] {logging_mixin.py:109} INFO - [2022-12-01 21:27:48,169] {dagbag.py:500} INFO - Filling up the DagBag from /home/airflow/.local/lib/python3.7/site-packages/airflow/example_dags/example_subdag_operator.py
[2022-12-01 21:27:48,195] {processor.py:654} INFO - DAG(s) dict_keys(['example_subdag_operator.section-1', 'example_subdag_operator.section-2', 'example_subdag_operator']) retrieved from /home/airflow/.local/lib/python3.7/site-packages/airflow/example_dags/example_subdag_operator.py
[2022-12-01 21:27:48,202] {logging_mixin.py:109} INFO - [2022-12-01 21:27:48,202] {dag.py:2398} INFO - Sync 3 DAGs
[2022-12-01 21:27:48,213] {logging_mixin.py:109} INFO - [2022-12-01 21:27:48,213] {dag.py:2937} INFO - Setting next_dagrun for example_subdag_operator to 2022-11-29T00:00:00+00:00
[2022-12-01 21:27:48,213] {logging_mixin.py:109} INFO - [2022-12-01 21:27:48,213] {dag.py:2937} INFO - Setting next_dagrun for example_subdag_operator.section-1 to None
[2022-12-01 21:27:48,213] {logging_mixin.py:109} INFO - [2022-12-01 21:27:48,213] {dag.py:2937} INFO - Setting next_dagrun for example_subdag_operator.section-2 to None
[2022-12-01 21:27:48,217] {logging_mixin.py:109} INFO - [2022-12-01 21:27:48,217] {dag.py:2398} INFO - Sync 2 DAGs
[2022-12-01 21:27:48,222] {logging_mixin.py:109} INFO - [2022-12-01 21:27:48,222] {dag.py:2937} INFO - Setting next_dagrun for example_subdag_operator.section-1 to None
[2022-12-01 21:27:48,223] {logging_mixin.py:109} INFO - [2022-12-01 21:27:48,223] {dag.py:2937} INFO - Setting next_dagrun for example_subdag_operator.section-2 to None
[2022-12-01 21:27:48,234] {processor.py:171} INFO - Processing /home/airflow/.local/lib/python3.7/site-packages/airflow/example_dags/example_subdag_operator.py took 0.069 seconds
[2022-12-01 21:28:19,213] {processor.py:163} INFO - Started process (PID=540) to work on /home/airflow/.local/lib/python3.7/site-packages/airflow/example_dags/example_subdag_operator.py
[2022-12-01 21:28:19,214] {processor.py:642} INFO - Processing file /home/airflow/.local/lib/python3.7/site-packages/airflow/example_dags/example_subdag_operator.py for tasks to queue
[2022-12-01 21:28:19,214] {logging_mixin.py:109} INFO - [2022-12-01 21:28:19,214] {dagbag.py:500} INFO - Filling up the DagBag from /home/airflow/.local/lib/python3.7/site-packages/airflow/example_dags/example_subdag_operator.py
[2022-12-01 21:28:19,240] {processor.py:654} INFO - DAG(s) dict_keys(['example_subdag_operator.section-1', 'example_subdag_operator.section-2', 'example_subdag_operator']) retrieved from /home/airflow/.local/lib/python3.7/site-packages/airflow/example_dags/example_subdag_operator.py
[2022-12-01 21:28:19,247] {logging_mixin.py:109} INFO - [2022-12-01 21:28:19,247] {dag.py:2398} INFO - Sync 3 DAGs
[2022-12-01 21:28:19,257] {logging_mixin.py:109} INFO - [2022-12-01 21:28:19,257] {dag.py:2937} INFO - Setting next_dagrun for example_subdag_operator to 2022-11-29T00:00:00+00:00
[2022-12-01 21:28:19,258] {logging_mixin.py:109} INFO - [2022-12-01 21:28:19,258] {dag.py:2937} INFO - Setting next_dagrun for example_subdag_operator.section-1 to None
[2022-12-01 21:28:19,258] {logging_mixin.py:109} INFO - [2022-12-01 21:28:19,258] {dag.py:2937} INFO - Setting next_dagrun for example_subdag_operator.section-2 to None
[2022-12-01 21:28:19,262] {logging_mixin.py:109} INFO - [2022-12-01 21:28:19,262] {dag.py:2398} INFO - Sync 2 DAGs
[2022-12-01 21:28:19,268] {logging_mixin.py:109} INFO - [2022-12-01 21:28:19,267] {dag.py:2937} INFO - Setting next_dagrun for example_subdag_operator.section-1 to None
[2022-12-01 21:28:19,268] {logging_mixin.py:109} INFO - [2022-12-01 21:28:19,268] {dag.py:2937} INFO - Setting next_dagrun for example_subdag_operator.section-2 to None
[2022-12-01 21:28:19,280] {processor.py:171} INFO - Processing /home/airflow/.local/lib/python3.7/site-packages/airflow/example_dags/example_subdag_operator.py took 0.069 seconds
[2022-12-01 21:28:49,695] {processor.py:163} INFO - Started process (PID=612) to work on /home/airflow/.local/lib/python3.7/site-packages/airflow/example_dags/example_subdag_operator.py
[2022-12-01 21:28:49,696] {processor.py:642} INFO - Processing file /home/airflow/.local/lib/python3.7/site-packages/airflow/example_dags/example_subdag_operator.py for tasks to queue
[2022-12-01 21:28:49,696] {logging_mixin.py:109} INFO - [2022-12-01 21:28:49,696] {dagbag.py:500} INFO - Filling up the DagBag from /home/airflow/.local/lib/python3.7/site-packages/airflow/example_dags/example_subdag_operator.py
[2022-12-01 21:28:49,733] {processor.py:654} INFO - DAG(s) dict_keys(['example_subdag_operator.section-1', 'example_subdag_operator.section-2', 'example_subdag_operator']) retrieved from /home/airflow/.local/lib/python3.7/site-packages/airflow/example_dags/example_subdag_operator.py
[2022-12-01 21:28:49,746] {logging_mixin.py:109} INFO - [2022-12-01 21:28:49,746] {dag.py:2398} INFO - Sync 3 DAGs
[2022-12-01 21:28:49,764] {logging_mixin.py:109} INFO - [2022-12-01 21:28:49,764] {dag.py:2937} INFO - Setting next_dagrun for example_subdag_operator to 2022-11-29T00:00:00+00:00
[2022-12-01 21:28:49,764] {logging_mixin.py:109} INFO - [2022-12-01 21:28:49,764] {dag.py:2937} INFO - Setting next_dagrun for example_subdag_operator.section-1 to None
[2022-12-01 21:28:49,764] {logging_mixin.py:109} INFO - [2022-12-01 21:28:49,764] {dag.py:2937} INFO - Setting next_dagrun for example_subdag_operator.section-2 to None
[2022-12-01 21:28:49,770] {logging_mixin.py:109} INFO - [2022-12-01 21:28:49,770] {dag.py:2398} INFO - Sync 2 DAGs
[2022-12-01 21:28:49,780] {logging_mixin.py:109} INFO - [2022-12-01 21:28:49,780] {dag.py:2937} INFO - Setting next_dagrun for example_subdag_operator.section-1 to None
[2022-12-01 21:28:49,780] {logging_mixin.py:109} INFO - [2022-12-01 21:28:49,780] {dag.py:2937} INFO - Setting next_dagrun for example_subdag_operator.section-2 to None
[2022-12-01 21:28:49,788] {processor.py:171} INFO - Processing /home/airflow/.local/lib/python3.7/site-packages/airflow/example_dags/example_subdag_operator.py took 0.096 seconds
[2022-12-01 21:29:20,974] {processor.py:163} INFO - Started process (PID=676) to work on /home/airflow/.local/lib/python3.7/site-packages/airflow/example_dags/example_subdag_operator.py
[2022-12-01 21:29:20,975] {processor.py:642} INFO - Processing file /home/airflow/.local/lib/python3.7/site-packages/airflow/example_dags/example_subdag_operator.py for tasks to queue
[2022-12-01 21:29:20,975] {logging_mixin.py:109} INFO - [2022-12-01 21:29:20,975] {dagbag.py:500} INFO - Filling up the DagBag from /home/airflow/.local/lib/python3.7/site-packages/airflow/example_dags/example_subdag_operator.py
[2022-12-01 21:29:20,999] {processor.py:654} INFO - DAG(s) dict_keys(['example_subdag_operator.section-1', 'example_subdag_operator.section-2', 'example_subdag_operator']) retrieved from /home/airflow/.local/lib/python3.7/site-packages/airflow/example_dags/example_subdag_operator.py
[2022-12-01 21:29:21,007] {logging_mixin.py:109} INFO - [2022-12-01 21:29:21,007] {dag.py:2398} INFO - Sync 3 DAGs
[2022-12-01 21:29:21,017] {logging_mixin.py:109} INFO - [2022-12-01 21:29:21,017] {dag.py:2937} INFO - Setting next_dagrun for example_subdag_operator to 2022-11-29T00:00:00+00:00
[2022-12-01 21:29:21,017] {logging_mixin.py:109} INFO - [2022-12-01 21:29:21,017] {dag.py:2937} INFO - Setting next_dagrun for example_subdag_operator.section-1 to None
[2022-12-01 21:29:21,017] {logging_mixin.py:109} INFO - [2022-12-01 21:29:21,017] {dag.py:2937} INFO - Setting next_dagrun for example_subdag_operator.section-2 to None
[2022-12-01 21:29:21,021] {logging_mixin.py:109} INFO - [2022-12-01 21:29:21,021] {dag.py:2398} INFO - Sync 2 DAGs
[2022-12-01 21:29:21,026] {logging_mixin.py:109} INFO - [2022-12-01 21:29:21,026] {dag.py:2937} INFO - Setting next_dagrun for example_subdag_operator.section-1 to None
[2022-12-01 21:29:21,026] {logging_mixin.py:109} INFO - [2022-12-01 21:29:21,026] {dag.py:2937} INFO - Setting next_dagrun for example_subdag_operator.section-2 to None
[2022-12-01 21:29:21,038] {processor.py:171} INFO - Processing /home/airflow/.local/lib/python3.7/site-packages/airflow/example_dags/example_subdag_operator.py took 0.066 seconds
[2022-12-01 21:29:52,152] {processor.py:163} INFO - Started process (PID=747) to work on /home/airflow/.local/lib/python3.7/site-packages/airflow/example_dags/example_subdag_operator.py
[2022-12-01 21:29:52,153] {processor.py:642} INFO - Processing file /home/airflow/.local/lib/python3.7/site-packages/airflow/example_dags/example_subdag_operator.py for tasks to queue
[2022-12-01 21:29:52,154] {logging_mixin.py:109} INFO - [2022-12-01 21:29:52,154] {dagbag.py:500} INFO - Filling up the DagBag from /home/airflow/.local/lib/python3.7/site-packages/airflow/example_dags/example_subdag_operator.py
[2022-12-01 21:29:52,179] {processor.py:654} INFO - DAG(s) dict_keys(['example_subdag_operator.section-1', 'example_subdag_operator.section-2', 'example_subdag_operator']) retrieved from /home/airflow/.local/lib/python3.7/site-packages/airflow/example_dags/example_subdag_operator.py
[2022-12-01 21:29:52,186] {logging_mixin.py:109} INFO - [2022-12-01 21:29:52,186] {dag.py:2398} INFO - Sync 3 DAGs
[2022-12-01 21:29:52,196] {logging_mixin.py:109} INFO - [2022-12-01 21:29:52,196] {dag.py:2937} INFO - Setting next_dagrun for example_subdag_operator to 2022-11-29T00:00:00+00:00
[2022-12-01 21:29:52,196] {logging_mixin.py:109} INFO - [2022-12-01 21:29:52,196] {dag.py:2937} INFO - Setting next_dagrun for example_subdag_operator.section-1 to None
[2022-12-01 21:29:52,197] {logging_mixin.py:109} INFO - [2022-12-01 21:29:52,197] {dag.py:2937} INFO - Setting next_dagrun for example_subdag_operator.section-2 to None
[2022-12-01 21:29:52,201] {logging_mixin.py:109} INFO - [2022-12-01 21:29:52,201] {dag.py:2398} INFO - Sync 2 DAGs
[2022-12-01 21:29:52,206] {logging_mixin.py:109} INFO - [2022-12-01 21:29:52,206] {dag.py:2937} INFO - Setting next_dagrun for example_subdag_operator.section-1 to None
[2022-12-01 21:29:52,206] {logging_mixin.py:109} INFO - [2022-12-01 21:29:52,206] {dag.py:2937} INFO - Setting next_dagrun for example_subdag_operator.section-2 to None
[2022-12-01 21:29:52,218] {processor.py:171} INFO - Processing /home/airflow/.local/lib/python3.7/site-packages/airflow/example_dags/example_subdag_operator.py took 0.068 seconds
[2022-12-01 21:30:23,387] {processor.py:163} INFO - Started process (PID=809) to work on /home/airflow/.local/lib/python3.7/site-packages/airflow/example_dags/example_subdag_operator.py
[2022-12-01 21:30:23,387] {processor.py:642} INFO - Processing file /home/airflow/.local/lib/python3.7/site-packages/airflow/example_dags/example_subdag_operator.py for tasks to queue
[2022-12-01 21:30:23,388] {logging_mixin.py:109} INFO - [2022-12-01 21:30:23,388] {dagbag.py:500} INFO - Filling up the DagBag from /home/airflow/.local/lib/python3.7/site-packages/airflow/example_dags/example_subdag_operator.py
[2022-12-01 21:30:23,414] {processor.py:654} INFO - DAG(s) dict_keys(['example_subdag_operator.section-1', 'example_subdag_operator.section-2', 'example_subdag_operator']) retrieved from /home/airflow/.local/lib/python3.7/site-packages/airflow/example_dags/example_subdag_operator.py
[2022-12-01 21:30:23,421] {logging_mixin.py:109} INFO - [2022-12-01 21:30:23,421] {dag.py:2398} INFO - Sync 3 DAGs
[2022-12-01 21:30:23,433] {logging_mixin.py:109} INFO - [2022-12-01 21:30:23,433] {dag.py:2937} INFO - Setting next_dagrun for example_subdag_operator to 2022-11-29T00:00:00+00:00
[2022-12-01 21:30:23,433] {logging_mixin.py:109} INFO - [2022-12-01 21:30:23,433] {dag.py:2937} INFO - Setting next_dagrun for example_subdag_operator.section-1 to None
[2022-12-01 21:30:23,433] {logging_mixin.py:109} INFO - [2022-12-01 21:30:23,433] {dag.py:2937} INFO - Setting next_dagrun for example_subdag_operator.section-2 to None
[2022-12-01 21:30:23,438] {logging_mixin.py:109} INFO - [2022-12-01 21:30:23,438] {dag.py:2398} INFO - Sync 2 DAGs
[2022-12-01 21:30:23,443] {logging_mixin.py:109} INFO - [2022-12-01 21:30:23,443] {dag.py:2937} INFO - Setting next_dagrun for example_subdag_operator.section-1 to None
[2022-12-01 21:30:23,444] {logging_mixin.py:109} INFO - [2022-12-01 21:30:23,444] {dag.py:2937} INFO - Setting next_dagrun for example_subdag_operator.section-2 to None
[2022-12-01 21:30:23,450] {processor.py:171} INFO - Processing /home/airflow/.local/lib/python3.7/site-packages/airflow/example_dags/example_subdag_operator.py took 0.065 seconds
[2022-12-01 21:30:53,557] {processor.py:163} INFO - Started process (PID=871) to work on /home/airflow/.local/lib/python3.7/site-packages/airflow/example_dags/example_subdag_operator.py
[2022-12-01 21:30:53,560] {processor.py:642} INFO - Processing file /home/airflow/.local/lib/python3.7/site-packages/airflow/example_dags/example_subdag_operator.py for tasks to queue
[2022-12-01 21:30:53,560] {logging_mixin.py:109} INFO - [2022-12-01 21:30:53,560] {dagbag.py:500} INFO - Filling up the DagBag from /home/airflow/.local/lib/python3.7/site-packages/airflow/example_dags/example_subdag_operator.py
[2022-12-01 21:30:53,596] {processor.py:654} INFO - DAG(s) dict_keys(['example_subdag_operator.section-1', 'example_subdag_operator.section-2', 'example_subdag_operator']) retrieved from /home/airflow/.local/lib/python3.7/site-packages/airflow/example_dags/example_subdag_operator.py
[2022-12-01 21:30:53,609] {logging_mixin.py:109} INFO - [2022-12-01 21:30:53,609] {dag.py:2398} INFO - Sync 3 DAGs
[2022-12-01 21:30:53,625] {logging_mixin.py:109} INFO - [2022-12-01 21:30:53,625] {dag.py:2937} INFO - Setting next_dagrun for example_subdag_operator to 2022-11-29T00:00:00+00:00
[2022-12-01 21:30:53,625] {logging_mixin.py:109} INFO - [2022-12-01 21:30:53,625] {dag.py:2937} INFO - Setting next_dagrun for example_subdag_operator.section-1 to None
[2022-12-01 21:30:53,625] {logging_mixin.py:109} INFO - [2022-12-01 21:30:53,625] {dag.py:2937} INFO - Setting next_dagrun for example_subdag_operator.section-2 to None
[2022-12-01 21:30:53,630] {logging_mixin.py:109} INFO - [2022-12-01 21:30:53,630] {dag.py:2398} INFO - Sync 2 DAGs
[2022-12-01 21:30:53,637] {logging_mixin.py:109} INFO - [2022-12-01 21:30:53,636] {dag.py:2937} INFO - Setting next_dagrun for example_subdag_operator.section-1 to None
[2022-12-01 21:30:53,637] {logging_mixin.py:109} INFO - [2022-12-01 21:30:53,637] {dag.py:2937} INFO - Setting next_dagrun for example_subdag_operator.section-2 to None
[2022-12-01 21:30:53,649] {processor.py:171} INFO - Processing /home/airflow/.local/lib/python3.7/site-packages/airflow/example_dags/example_subdag_operator.py took 0.095 seconds
[2022-12-01 21:31:23,956] {processor.py:163} INFO - Started process (PID=934) to work on /home/airflow/.local/lib/python3.7/site-packages/airflow/example_dags/example_subdag_operator.py
[2022-12-01 21:31:23,957] {processor.py:642} INFO - Processing file /home/airflow/.local/lib/python3.7/site-packages/airflow/example_dags/example_subdag_operator.py for tasks to queue
[2022-12-01 21:31:23,957] {logging_mixin.py:109} INFO - [2022-12-01 21:31:23,957] {dagbag.py:500} INFO - Filling up the DagBag from /home/airflow/.local/lib/python3.7/site-packages/airflow/example_dags/example_subdag_operator.py
[2022-12-01 21:31:23,986] {processor.py:654} INFO - DAG(s) dict_keys(['example_subdag_operator.section-1', 'example_subdag_operator.section-2', 'example_subdag_operator']) retrieved from /home/airflow/.local/lib/python3.7/site-packages/airflow/example_dags/example_subdag_operator.py
[2022-12-01 21:31:23,996] {logging_mixin.py:109} INFO - [2022-12-01 21:31:23,996] {dag.py:2398} INFO - Sync 3 DAGs
[2022-12-01 21:31:24,008] {logging_mixin.py:109} INFO - [2022-12-01 21:31:24,008] {dag.py:2937} INFO - Setting next_dagrun for example_subdag_operator to 2022-11-29T00:00:00+00:00
[2022-12-01 21:31:24,008] {logging_mixin.py:109} INFO - [2022-12-01 21:31:24,008] {dag.py:2937} INFO - Setting next_dagrun for example_subdag_operator.section-1 to None
[2022-12-01 21:31:24,008] {logging_mixin.py:109} INFO - [2022-12-01 21:31:24,008] {dag.py:2937} INFO - Setting next_dagrun for example_subdag_operator.section-2 to None
[2022-12-01 21:31:24,012] {logging_mixin.py:109} INFO - [2022-12-01 21:31:24,012] {dag.py:2398} INFO - Sync 2 DAGs
[2022-12-01 21:31:24,018] {logging_mixin.py:109} INFO - [2022-12-01 21:31:24,018] {dag.py:2937} INFO - Setting next_dagrun for example_subdag_operator.section-1 to None
[2022-12-01 21:31:24,018] {logging_mixin.py:109} INFO - [2022-12-01 21:31:24,018] {dag.py:2937} INFO - Setting next_dagrun for example_subdag_operator.section-2 to None
[2022-12-01 21:31:24,029] {processor.py:171} INFO - Processing /home/airflow/.local/lib/python3.7/site-packages/airflow/example_dags/example_subdag_operator.py took 0.075 seconds
[2022-12-01 21:31:54,348] {processor.py:163} INFO - Started process (PID=1005) to work on /home/airflow/.local/lib/python3.7/site-packages/airflow/example_dags/example_subdag_operator.py
[2022-12-01 21:31:54,350] {processor.py:642} INFO - Processing file /home/airflow/.local/lib/python3.7/site-packages/airflow/example_dags/example_subdag_operator.py for tasks to queue
[2022-12-01 21:31:54,351] {logging_mixin.py:109} INFO - [2022-12-01 21:31:54,351] {dagbag.py:500} INFO - Filling up the DagBag from /home/airflow/.local/lib/python3.7/site-packages/airflow/example_dags/example_subdag_operator.py
[2022-12-01 21:31:54,397] {processor.py:654} INFO - DAG(s) dict_keys(['example_subdag_operator.section-1', 'example_subdag_operator.section-2', 'example_subdag_operator']) retrieved from /home/airflow/.local/lib/python3.7/site-packages/airflow/example_dags/example_subdag_operator.py
[2022-12-01 21:31:54,409] {logging_mixin.py:109} INFO - [2022-12-01 21:31:54,409] {dag.py:2398} INFO - Sync 3 DAGs
[2022-12-01 21:31:54,423] {logging_mixin.py:109} INFO - [2022-12-01 21:31:54,423] {dag.py:2937} INFO - Setting next_dagrun for example_subdag_operator to 2022-11-29T00:00:00+00:00
[2022-12-01 21:31:54,423] {logging_mixin.py:109} INFO - [2022-12-01 21:31:54,423] {dag.py:2937} INFO - Setting next_dagrun for example_subdag_operator.section-1 to None
[2022-12-01 21:31:54,423] {logging_mixin.py:109} INFO - [2022-12-01 21:31:54,423] {dag.py:2937} INFO - Setting next_dagrun for example_subdag_operator.section-2 to None
[2022-12-01 21:31:54,427] {logging_mixin.py:109} INFO - [2022-12-01 21:31:54,427] {dag.py:2398} INFO - Sync 2 DAGs
[2022-12-01 21:31:54,434] {logging_mixin.py:109} INFO - [2022-12-01 21:31:54,434] {dag.py:2937} INFO - Setting next_dagrun for example_subdag_operator.section-1 to None
[2022-12-01 21:31:54,434] {logging_mixin.py:109} INFO - [2022-12-01 21:31:54,434] {dag.py:2937} INFO - Setting next_dagrun for example_subdag_operator.section-2 to None
[2022-12-01 21:31:54,458] {processor.py:171} INFO - Processing /home/airflow/.local/lib/python3.7/site-packages/airflow/example_dags/example_subdag_operator.py took 0.112 seconds
[2022-12-01 21:32:24,713] {processor.py:163} INFO - Started process (PID=1067) to work on /home/airflow/.local/lib/python3.7/site-packages/airflow/example_dags/example_subdag_operator.py
[2022-12-01 21:32:24,714] {processor.py:642} INFO - Processing file /home/airflow/.local/lib/python3.7/site-packages/airflow/example_dags/example_subdag_operator.py for tasks to queue
[2022-12-01 21:32:24,714] {logging_mixin.py:109} INFO - [2022-12-01 21:32:24,714] {dagbag.py:500} INFO - Filling up the DagBag from /home/airflow/.local/lib/python3.7/site-packages/airflow/example_dags/example_subdag_operator.py
[2022-12-01 21:32:24,781] {processor.py:654} INFO - DAG(s) dict_keys(['example_subdag_operator.section-1', 'example_subdag_operator.section-2', 'example_subdag_operator']) retrieved from /home/airflow/.local/lib/python3.7/site-packages/airflow/example_dags/example_subdag_operator.py
[2022-12-01 21:32:24,791] {logging_mixin.py:109} INFO - [2022-12-01 21:32:24,791] {dag.py:2398} INFO - Sync 3 DAGs
[2022-12-01 21:32:24,805] {logging_mixin.py:109} INFO - [2022-12-01 21:32:24,805] {dag.py:2937} INFO - Setting next_dagrun for example_subdag_operator to 2022-11-29T00:00:00+00:00
[2022-12-01 21:32:24,805] {logging_mixin.py:109} INFO - [2022-12-01 21:32:24,805] {dag.py:2937} INFO - Setting next_dagrun for example_subdag_operator.section-1 to None
[2022-12-01 21:32:24,806] {logging_mixin.py:109} INFO - [2022-12-01 21:32:24,806] {dag.py:2937} INFO - Setting next_dagrun for example_subdag_operator.section-2 to None
[2022-12-01 21:32:24,809] {logging_mixin.py:109} INFO - [2022-12-01 21:32:24,809] {dag.py:2398} INFO - Sync 2 DAGs
[2022-12-01 21:32:24,815] {logging_mixin.py:109} INFO - [2022-12-01 21:32:24,815] {dag.py:2937} INFO - Setting next_dagrun for example_subdag_operator.section-1 to None
[2022-12-01 21:32:24,815] {logging_mixin.py:109} INFO - [2022-12-01 21:32:24,815] {dag.py:2937} INFO - Setting next_dagrun for example_subdag_operator.section-2 to None
[2022-12-01 21:32:24,836] {processor.py:171} INFO - Processing /home/airflow/.local/lib/python3.7/site-packages/airflow/example_dags/example_subdag_operator.py took 0.124 seconds
[2022-12-01 21:32:54,992] {processor.py:163} INFO - Started process (PID=1137) to work on /home/airflow/.local/lib/python3.7/site-packages/airflow/example_dags/example_subdag_operator.py
[2022-12-01 21:32:54,994] {processor.py:642} INFO - Processing file /home/airflow/.local/lib/python3.7/site-packages/airflow/example_dags/example_subdag_operator.py for tasks to queue
[2022-12-01 21:32:54,995] {logging_mixin.py:109} INFO - [2022-12-01 21:32:54,995] {dagbag.py:500} INFO - Filling up the DagBag from /home/airflow/.local/lib/python3.7/site-packages/airflow/example_dags/example_subdag_operator.py
[2022-12-01 21:32:55,027] {processor.py:654} INFO - DAG(s) dict_keys(['example_subdag_operator.section-1', 'example_subdag_operator.section-2', 'example_subdag_operator']) retrieved from /home/airflow/.local/lib/python3.7/site-packages/airflow/example_dags/example_subdag_operator.py
[2022-12-01 21:32:55,041] {logging_mixin.py:109} INFO - [2022-12-01 21:32:55,041] {dag.py:2398} INFO - Sync 3 DAGs
[2022-12-01 21:32:55,054] {logging_mixin.py:109} INFO - [2022-12-01 21:32:55,054] {dag.py:2937} INFO - Setting next_dagrun for example_subdag_operator to 2022-11-29T00:00:00+00:00
[2022-12-01 21:32:55,054] {logging_mixin.py:109} INFO - [2022-12-01 21:32:55,054] {dag.py:2937} INFO - Setting next_dagrun for example_subdag_operator.section-1 to None
[2022-12-01 21:32:55,054] {logging_mixin.py:109} INFO - [2022-12-01 21:32:55,054] {dag.py:2937} INFO - Setting next_dagrun for example_subdag_operator.section-2 to None
[2022-12-01 21:32:55,059] {logging_mixin.py:109} INFO - [2022-12-01 21:32:55,059] {dag.py:2398} INFO - Sync 2 DAGs
[2022-12-01 21:32:55,066] {logging_mixin.py:109} INFO - [2022-12-01 21:32:55,066] {dag.py:2937} INFO - Setting next_dagrun for example_subdag_operator.section-1 to None
[2022-12-01 21:32:55,066] {logging_mixin.py:109} INFO - [2022-12-01 21:32:55,066] {dag.py:2937} INFO - Setting next_dagrun for example_subdag_operator.section-2 to None
[2022-12-01 21:32:55,083] {processor.py:171} INFO - Processing /home/airflow/.local/lib/python3.7/site-packages/airflow/example_dags/example_subdag_operator.py took 0.093 seconds
[2022-12-01 21:33:25,358] {processor.py:163} INFO - Started process (PID=1200) to work on /home/airflow/.local/lib/python3.7/site-packages/airflow/example_dags/example_subdag_operator.py
[2022-12-01 21:33:25,359] {processor.py:642} INFO - Processing file /home/airflow/.local/lib/python3.7/site-packages/airflow/example_dags/example_subdag_operator.py for tasks to queue
[2022-12-01 21:33:25,360] {logging_mixin.py:109} INFO - [2022-12-01 21:33:25,359] {dagbag.py:500} INFO - Filling up the DagBag from /home/airflow/.local/lib/python3.7/site-packages/airflow/example_dags/example_subdag_operator.py
[2022-12-01 21:33:25,389] {processor.py:654} INFO - DAG(s) dict_keys(['example_subdag_operator.section-1', 'example_subdag_operator.section-2', 'example_subdag_operator']) retrieved from /home/airflow/.local/lib/python3.7/site-packages/airflow/example_dags/example_subdag_operator.py
[2022-12-01 21:33:25,397] {logging_mixin.py:109} INFO - [2022-12-01 21:33:25,396] {dag.py:2398} INFO - Sync 3 DAGs
[2022-12-01 21:33:25,408] {logging_mixin.py:109} INFO - [2022-12-01 21:33:25,408] {dag.py:2937} INFO - Setting next_dagrun for example_subdag_operator to 2022-11-29T00:00:00+00:00
[2022-12-01 21:33:25,408] {logging_mixin.py:109} INFO - [2022-12-01 21:33:25,408] {dag.py:2937} INFO - Setting next_dagrun for example_subdag_operator.section-1 to None
[2022-12-01 21:33:25,408] {logging_mixin.py:109} INFO - [2022-12-01 21:33:25,408] {dag.py:2937} INFO - Setting next_dagrun for example_subdag_operator.section-2 to None
[2022-12-01 21:33:25,412] {logging_mixin.py:109} INFO - [2022-12-01 21:33:25,412] {dag.py:2398} INFO - Sync 2 DAGs
[2022-12-01 21:33:25,418] {logging_mixin.py:109} INFO - [2022-12-01 21:33:25,418] {dag.py:2937} INFO - Setting next_dagrun for example_subdag_operator.section-1 to None
[2022-12-01 21:33:25,418] {logging_mixin.py:109} INFO - [2022-12-01 21:33:25,418] {dag.py:2937} INFO - Setting next_dagrun for example_subdag_operator.section-2 to None
[2022-12-01 21:33:25,429] {processor.py:171} INFO - Processing /home/airflow/.local/lib/python3.7/site-packages/airflow/example_dags/example_subdag_operator.py took 0.074 seconds
[2022-12-01 21:33:55,834] {processor.py:163} INFO - Started process (PID=1273) to work on /home/airflow/.local/lib/python3.7/site-packages/airflow/example_dags/example_subdag_operator.py
[2022-12-01 21:33:55,835] {processor.py:642} INFO - Processing file /home/airflow/.local/lib/python3.7/site-packages/airflow/example_dags/example_subdag_operator.py for tasks to queue
[2022-12-01 21:33:55,835] {logging_mixin.py:109} INFO - [2022-12-01 21:33:55,835] {dagbag.py:500} INFO - Filling up the DagBag from /home/airflow/.local/lib/python3.7/site-packages/airflow/example_dags/example_subdag_operator.py
[2022-12-01 21:33:55,875] {processor.py:654} INFO - DAG(s) dict_keys(['example_subdag_operator.section-1', 'example_subdag_operator.section-2', 'example_subdag_operator']) retrieved from /home/airflow/.local/lib/python3.7/site-packages/airflow/example_dags/example_subdag_operator.py
[2022-12-01 21:33:55,887] {logging_mixin.py:109} INFO - [2022-12-01 21:33:55,887] {dag.py:2398} INFO - Sync 3 DAGs
[2022-12-01 21:33:55,905] {logging_mixin.py:109} INFO - [2022-12-01 21:33:55,905] {dag.py:2937} INFO - Setting next_dagrun for example_subdag_operator to 2022-11-29T00:00:00+00:00
[2022-12-01 21:33:55,905] {logging_mixin.py:109} INFO - [2022-12-01 21:33:55,905] {dag.py:2937} INFO - Setting next_dagrun for example_subdag_operator.section-1 to None
[2022-12-01 21:33:55,905] {logging_mixin.py:109} INFO - [2022-12-01 21:33:55,905] {dag.py:2937} INFO - Setting next_dagrun for example_subdag_operator.section-2 to None
[2022-12-01 21:33:55,911] {logging_mixin.py:109} INFO - [2022-12-01 21:33:55,911] {dag.py:2398} INFO - Sync 2 DAGs
[2022-12-01 21:33:55,921] {logging_mixin.py:109} INFO - [2022-12-01 21:33:55,921] {dag.py:2937} INFO - Setting next_dagrun for example_subdag_operator.section-1 to None
[2022-12-01 21:33:55,921] {logging_mixin.py:109} INFO - [2022-12-01 21:33:55,921] {dag.py:2937} INFO - Setting next_dagrun for example_subdag_operator.section-2 to None
[2022-12-01 21:33:55,929] {processor.py:171} INFO - Processing /home/airflow/.local/lib/python3.7/site-packages/airflow/example_dags/example_subdag_operator.py took 0.099 seconds
[2022-12-01 21:34:26,241] {processor.py:163} INFO - Started process (PID=1335) to work on /home/airflow/.local/lib/python3.7/site-packages/airflow/example_dags/example_subdag_operator.py
[2022-12-01 21:34:26,242] {processor.py:642} INFO - Processing file /home/airflow/.local/lib/python3.7/site-packages/airflow/example_dags/example_subdag_operator.py for tasks to queue
[2022-12-01 21:34:26,243] {logging_mixin.py:109} INFO - [2022-12-01 21:34:26,242] {dagbag.py:500} INFO - Filling up the DagBag from /home/airflow/.local/lib/python3.7/site-packages/airflow/example_dags/example_subdag_operator.py
[2022-12-01 21:34:26,273] {processor.py:654} INFO - DAG(s) dict_keys(['example_subdag_operator.section-1', 'example_subdag_operator.section-2', 'example_subdag_operator']) retrieved from /home/airflow/.local/lib/python3.7/site-packages/airflow/example_dags/example_subdag_operator.py
[2022-12-01 21:34:26,281] {logging_mixin.py:109} INFO - [2022-12-01 21:34:26,281] {dag.py:2398} INFO - Sync 3 DAGs
[2022-12-01 21:34:26,292] {logging_mixin.py:109} INFO - [2022-12-01 21:34:26,292] {dag.py:2937} INFO - Setting next_dagrun for example_subdag_operator to 2022-11-29T00:00:00+00:00
[2022-12-01 21:34:26,292] {logging_mixin.py:109} INFO - [2022-12-01 21:34:26,292] {dag.py:2937} INFO - Setting next_dagrun for example_subdag_operator.section-1 to None
[2022-12-01 21:34:26,292] {logging_mixin.py:109} INFO - [2022-12-01 21:34:26,292] {dag.py:2937} INFO - Setting next_dagrun for example_subdag_operator.section-2 to None
[2022-12-01 21:34:26,296] {logging_mixin.py:109} INFO - [2022-12-01 21:34:26,296] {dag.py:2398} INFO - Sync 2 DAGs
[2022-12-01 21:34:26,301] {logging_mixin.py:109} INFO - [2022-12-01 21:34:26,301] {dag.py:2937} INFO - Setting next_dagrun for example_subdag_operator.section-1 to None
[2022-12-01 21:34:26,301] {logging_mixin.py:109} INFO - [2022-12-01 21:34:26,301] {dag.py:2937} INFO - Setting next_dagrun for example_subdag_operator.section-2 to None
[2022-12-01 21:34:26,314] {processor.py:171} INFO - Processing /home/airflow/.local/lib/python3.7/site-packages/airflow/example_dags/example_subdag_operator.py took 0.076 seconds
[2022-12-01 21:34:56,617] {processor.py:163} INFO - Started process (PID=1406) to work on /home/airflow/.local/lib/python3.7/site-packages/airflow/example_dags/example_subdag_operator.py
[2022-12-01 21:34:56,618] {processor.py:642} INFO - Processing file /home/airflow/.local/lib/python3.7/site-packages/airflow/example_dags/example_subdag_operator.py for tasks to queue
[2022-12-01 21:34:56,618] {logging_mixin.py:109} INFO - [2022-12-01 21:34:56,618] {dagbag.py:500} INFO - Filling up the DagBag from /home/airflow/.local/lib/python3.7/site-packages/airflow/example_dags/example_subdag_operator.py
[2022-12-01 21:34:56,647] {processor.py:654} INFO - DAG(s) dict_keys(['example_subdag_operator.section-1', 'example_subdag_operator.section-2', 'example_subdag_operator']) retrieved from /home/airflow/.local/lib/python3.7/site-packages/airflow/example_dags/example_subdag_operator.py
[2022-12-01 21:34:56,656] {logging_mixin.py:109} INFO - [2022-12-01 21:34:56,656] {dag.py:2398} INFO - Sync 3 DAGs
[2022-12-01 21:34:56,668] {logging_mixin.py:109} INFO - [2022-12-01 21:34:56,668] {dag.py:2937} INFO - Setting next_dagrun for example_subdag_operator to 2022-11-29T00:00:00+00:00
[2022-12-01 21:34:56,668] {logging_mixin.py:109} INFO - [2022-12-01 21:34:56,668] {dag.py:2937} INFO - Setting next_dagrun for example_subdag_operator.section-1 to None
[2022-12-01 21:34:56,668] {logging_mixin.py:109} INFO - [2022-12-01 21:34:56,668] {dag.py:2937} INFO - Setting next_dagrun for example_subdag_operator.section-2 to None
[2022-12-01 21:34:56,673] {logging_mixin.py:109} INFO - [2022-12-01 21:34:56,673] {dag.py:2398} INFO - Sync 2 DAGs
[2022-12-01 21:34:56,680] {logging_mixin.py:109} INFO - [2022-12-01 21:34:56,680] {dag.py:2937} INFO - Setting next_dagrun for example_subdag_operator.section-1 to None
[2022-12-01 21:34:56,680] {logging_mixin.py:109} INFO - [2022-12-01 21:34:56,680] {dag.py:2937} INFO - Setting next_dagrun for example_subdag_operator.section-2 to None
[2022-12-01 21:34:56,687] {processor.py:171} INFO - Processing /home/airflow/.local/lib/python3.7/site-packages/airflow/example_dags/example_subdag_operator.py took 0.073 seconds
[2022-12-01 21:35:26,936] {processor.py:163} INFO - Started process (PID=1468) to work on /home/airflow/.local/lib/python3.7/site-packages/airflow/example_dags/example_subdag_operator.py
[2022-12-01 21:35:26,937] {processor.py:642} INFO - Processing file /home/airflow/.local/lib/python3.7/site-packages/airflow/example_dags/example_subdag_operator.py for tasks to queue
[2022-12-01 21:35:26,937] {logging_mixin.py:109} INFO - [2022-12-01 21:35:26,937] {dagbag.py:500} INFO - Filling up the DagBag from /home/airflow/.local/lib/python3.7/site-packages/airflow/example_dags/example_subdag_operator.py
[2022-12-01 21:35:26,967] {processor.py:654} INFO - DAG(s) dict_keys(['example_subdag_operator.section-1', 'example_subdag_operator.section-2', 'example_subdag_operator']) retrieved from /home/airflow/.local/lib/python3.7/site-packages/airflow/example_dags/example_subdag_operator.py
[2022-12-01 21:35:26,975] {logging_mixin.py:109} INFO - [2022-12-01 21:35:26,975] {dag.py:2398} INFO - Sync 3 DAGs
[2022-12-01 21:35:26,987] {logging_mixin.py:109} INFO - [2022-12-01 21:35:26,987] {dag.py:2937} INFO - Setting next_dagrun for example_subdag_operator to 2022-11-29T00:00:00+00:00
[2022-12-01 21:35:26,988] {logging_mixin.py:109} INFO - [2022-12-01 21:35:26,988] {dag.py:2937} INFO - Setting next_dagrun for example_subdag_operator.section-1 to None
[2022-12-01 21:35:26,988] {logging_mixin.py:109} INFO - [2022-12-01 21:35:26,988] {dag.py:2937} INFO - Setting next_dagrun for example_subdag_operator.section-2 to None
[2022-12-01 21:35:26,992] {logging_mixin.py:109} INFO - [2022-12-01 21:35:26,992] {dag.py:2398} INFO - Sync 2 DAGs
[2022-12-01 21:35:26,997] {logging_mixin.py:109} INFO - [2022-12-01 21:35:26,997] {dag.py:2937} INFO - Setting next_dagrun for example_subdag_operator.section-1 to None
[2022-12-01 21:35:26,997] {logging_mixin.py:109} INFO - [2022-12-01 21:35:26,997] {dag.py:2937} INFO - Setting next_dagrun for example_subdag_operator.section-2 to None
[2022-12-01 21:35:27,004] {processor.py:171} INFO - Processing /home/airflow/.local/lib/python3.7/site-packages/airflow/example_dags/example_subdag_operator.py took 0.071 seconds
[2022-12-01 21:35:57,206] {processor.py:163} INFO - Started process (PID=1540) to work on /home/airflow/.local/lib/python3.7/site-packages/airflow/example_dags/example_subdag_operator.py
[2022-12-01 21:35:57,207] {processor.py:642} INFO - Processing file /home/airflow/.local/lib/python3.7/site-packages/airflow/example_dags/example_subdag_operator.py for tasks to queue
[2022-12-01 21:35:57,207] {logging_mixin.py:109} INFO - [2022-12-01 21:35:57,207] {dagbag.py:500} INFO - Filling up the DagBag from /home/airflow/.local/lib/python3.7/site-packages/airflow/example_dags/example_subdag_operator.py
[2022-12-01 21:35:57,235] {processor.py:654} INFO - DAG(s) dict_keys(['example_subdag_operator.section-1', 'example_subdag_operator.section-2', 'example_subdag_operator']) retrieved from /home/airflow/.local/lib/python3.7/site-packages/airflow/example_dags/example_subdag_operator.py
[2022-12-01 21:35:57,243] {logging_mixin.py:109} INFO - [2022-12-01 21:35:57,243] {dag.py:2398} INFO - Sync 3 DAGs
[2022-12-01 21:35:57,255] {logging_mixin.py:109} INFO - [2022-12-01 21:35:57,255] {dag.py:2937} INFO - Setting next_dagrun for example_subdag_operator to 2022-11-29T00:00:00+00:00
[2022-12-01 21:35:57,256] {logging_mixin.py:109} INFO - [2022-12-01 21:35:57,256] {dag.py:2937} INFO - Setting next_dagrun for example_subdag_operator.section-1 to None
[2022-12-01 21:35:57,256] {logging_mixin.py:109} INFO - [2022-12-01 21:35:57,256] {dag.py:2937} INFO - Setting next_dagrun for example_subdag_operator.section-2 to None
[2022-12-01 21:35:57,260] {logging_mixin.py:109} INFO - [2022-12-01 21:35:57,260] {dag.py:2398} INFO - Sync 2 DAGs
[2022-12-01 21:35:57,266] {logging_mixin.py:109} INFO - [2022-12-01 21:35:57,266] {dag.py:2937} INFO - Setting next_dagrun for example_subdag_operator.section-1 to None
[2022-12-01 21:35:57,266] {logging_mixin.py:109} INFO - [2022-12-01 21:35:57,266] {dag.py:2937} INFO - Setting next_dagrun for example_subdag_operator.section-2 to None
[2022-12-01 21:35:57,278] {processor.py:171} INFO - Processing /home/airflow/.local/lib/python3.7/site-packages/airflow/example_dags/example_subdag_operator.py took 0.074 seconds
[2022-12-01 21:36:27,493] {processor.py:163} INFO - Started process (PID=1602) to work on /home/airflow/.local/lib/python3.7/site-packages/airflow/example_dags/example_subdag_operator.py
[2022-12-01 21:36:27,493] {processor.py:642} INFO - Processing file /home/airflow/.local/lib/python3.7/site-packages/airflow/example_dags/example_subdag_operator.py for tasks to queue
[2022-12-01 21:36:27,494] {logging_mixin.py:109} INFO - [2022-12-01 21:36:27,494] {dagbag.py:500} INFO - Filling up the DagBag from /home/airflow/.local/lib/python3.7/site-packages/airflow/example_dags/example_subdag_operator.py
[2022-12-01 21:36:27,522] {processor.py:654} INFO - DAG(s) dict_keys(['example_subdag_operator.section-1', 'example_subdag_operator.section-2', 'example_subdag_operator']) retrieved from /home/airflow/.local/lib/python3.7/site-packages/airflow/example_dags/example_subdag_operator.py
[2022-12-01 21:36:27,533] {logging_mixin.py:109} INFO - [2022-12-01 21:36:27,533] {dag.py:2398} INFO - Sync 3 DAGs
[2022-12-01 21:36:27,548] {logging_mixin.py:109} INFO - [2022-12-01 21:36:27,548] {dag.py:2937} INFO - Setting next_dagrun for example_subdag_operator to 2022-11-29T00:00:00+00:00
[2022-12-01 21:36:27,548] {logging_mixin.py:109} INFO - [2022-12-01 21:36:27,548] {dag.py:2937} INFO - Setting next_dagrun for example_subdag_operator.section-1 to None
[2022-12-01 21:36:27,548] {logging_mixin.py:109} INFO - [2022-12-01 21:36:27,548] {dag.py:2937} INFO - Setting next_dagrun for example_subdag_operator.section-2 to None
[2022-12-01 21:36:27,553] {logging_mixin.py:109} INFO - [2022-12-01 21:36:27,553] {dag.py:2398} INFO - Sync 2 DAGs
[2022-12-01 21:36:27,560] {logging_mixin.py:109} INFO - [2022-12-01 21:36:27,560] {dag.py:2937} INFO - Setting next_dagrun for example_subdag_operator.section-1 to None
[2022-12-01 21:36:27,560] {logging_mixin.py:109} INFO - [2022-12-01 21:36:27,560] {dag.py:2937} INFO - Setting next_dagrun for example_subdag_operator.section-2 to None
[2022-12-01 21:36:27,572] {processor.py:171} INFO - Processing /home/airflow/.local/lib/python3.7/site-packages/airflow/example_dags/example_subdag_operator.py took 0.081 seconds
[2022-12-01 21:36:57,735] {processor.py:163} INFO - Started process (PID=1673) to work on /home/airflow/.local/lib/python3.7/site-packages/airflow/example_dags/example_subdag_operator.py
[2022-12-01 21:36:57,736] {processor.py:642} INFO - Processing file /home/airflow/.local/lib/python3.7/site-packages/airflow/example_dags/example_subdag_operator.py for tasks to queue
[2022-12-01 21:36:57,736] {logging_mixin.py:109} INFO - [2022-12-01 21:36:57,736] {dagbag.py:500} INFO - Filling up the DagBag from /home/airflow/.local/lib/python3.7/site-packages/airflow/example_dags/example_subdag_operator.py
[2022-12-01 21:36:57,761] {processor.py:654} INFO - DAG(s) dict_keys(['example_subdag_operator.section-1', 'example_subdag_operator.section-2', 'example_subdag_operator']) retrieved from /home/airflow/.local/lib/python3.7/site-packages/airflow/example_dags/example_subdag_operator.py
[2022-12-01 21:36:57,769] {logging_mixin.py:109} INFO - [2022-12-01 21:36:57,769] {dag.py:2398} INFO - Sync 3 DAGs
[2022-12-01 21:36:57,781] {logging_mixin.py:109} INFO - [2022-12-01 21:36:57,781] {dag.py:2937} INFO - Setting next_dagrun for example_subdag_operator to 2022-11-29T00:00:00+00:00
[2022-12-01 21:36:57,781] {logging_mixin.py:109} INFO - [2022-12-01 21:36:57,781] {dag.py:2937} INFO - Setting next_dagrun for example_subdag_operator.section-1 to None
[2022-12-01 21:36:57,781] {logging_mixin.py:109} INFO - [2022-12-01 21:36:57,781] {dag.py:2937} INFO - Setting next_dagrun for example_subdag_operator.section-2 to None
[2022-12-01 21:36:57,785] {logging_mixin.py:109} INFO - [2022-12-01 21:36:57,785] {dag.py:2398} INFO - Sync 2 DAGs
[2022-12-01 21:36:57,791] {logging_mixin.py:109} INFO - [2022-12-01 21:36:57,790] {dag.py:2937} INFO - Setting next_dagrun for example_subdag_operator.section-1 to None
[2022-12-01 21:36:57,791] {logging_mixin.py:109} INFO - [2022-12-01 21:36:57,791] {dag.py:2937} INFO - Setting next_dagrun for example_subdag_operator.section-2 to None
[2022-12-01 21:36:57,797] {processor.py:171} INFO - Processing /home/airflow/.local/lib/python3.7/site-packages/airflow/example_dags/example_subdag_operator.py took 0.064 seconds
[2022-12-01 21:37:27,940] {processor.py:163} INFO - Started process (PID=1734) to work on /home/airflow/.local/lib/python3.7/site-packages/airflow/example_dags/example_subdag_operator.py
[2022-12-01 21:37:27,940] {processor.py:642} INFO - Processing file /home/airflow/.local/lib/python3.7/site-packages/airflow/example_dags/example_subdag_operator.py for tasks to queue
[2022-12-01 21:37:27,941] {logging_mixin.py:109} INFO - [2022-12-01 21:37:27,941] {dagbag.py:500} INFO - Filling up the DagBag from /home/airflow/.local/lib/python3.7/site-packages/airflow/example_dags/example_subdag_operator.py
[2022-12-01 21:37:27,970] {processor.py:654} INFO - DAG(s) dict_keys(['example_subdag_operator.section-1', 'example_subdag_operator.section-2', 'example_subdag_operator']) retrieved from /home/airflow/.local/lib/python3.7/site-packages/airflow/example_dags/example_subdag_operator.py
[2022-12-01 21:37:27,978] {logging_mixin.py:109} INFO - [2022-12-01 21:37:27,978] {dag.py:2398} INFO - Sync 3 DAGs
[2022-12-01 21:37:27,990] {logging_mixin.py:109} INFO - [2022-12-01 21:37:27,990] {dag.py:2937} INFO - Setting next_dagrun for example_subdag_operator to 2022-11-29T00:00:00+00:00
[2022-12-01 21:37:27,990] {logging_mixin.py:109} INFO - [2022-12-01 21:37:27,990] {dag.py:2937} INFO - Setting next_dagrun for example_subdag_operator.section-1 to None
[2022-12-01 21:37:27,990] {logging_mixin.py:109} INFO - [2022-12-01 21:37:27,990] {dag.py:2937} INFO - Setting next_dagrun for example_subdag_operator.section-2 to None
[2022-12-01 21:37:27,995] {logging_mixin.py:109} INFO - [2022-12-01 21:37:27,995] {dag.py:2398} INFO - Sync 2 DAGs
[2022-12-01 21:37:28,001] {logging_mixin.py:109} INFO - [2022-12-01 21:37:28,001] {dag.py:2937} INFO - Setting next_dagrun for example_subdag_operator.section-1 to None
[2022-12-01 21:37:28,001] {logging_mixin.py:109} INFO - [2022-12-01 21:37:28,001] {dag.py:2937} INFO - Setting next_dagrun for example_subdag_operator.section-2 to None
[2022-12-01 21:37:28,010] {processor.py:171} INFO - Processing /home/airflow/.local/lib/python3.7/site-packages/airflow/example_dags/example_subdag_operator.py took 0.072 seconds
[2022-12-01 21:37:58,274] {processor.py:163} INFO - Started process (PID=1804) to work on /home/airflow/.local/lib/python3.7/site-packages/airflow/example_dags/example_subdag_operator.py
[2022-12-01 21:37:58,275] {processor.py:642} INFO - Processing file /home/airflow/.local/lib/python3.7/site-packages/airflow/example_dags/example_subdag_operator.py for tasks to queue
[2022-12-01 21:37:58,275] {logging_mixin.py:109} INFO - [2022-12-01 21:37:58,275] {dagbag.py:500} INFO - Filling up the DagBag from /home/airflow/.local/lib/python3.7/site-packages/airflow/example_dags/example_subdag_operator.py
[2022-12-01 21:37:58,304] {processor.py:654} INFO - DAG(s) dict_keys(['example_subdag_operator.section-1', 'example_subdag_operator.section-2', 'example_subdag_operator']) retrieved from /home/airflow/.local/lib/python3.7/site-packages/airflow/example_dags/example_subdag_operator.py
[2022-12-01 21:37:58,312] {logging_mixin.py:109} INFO - [2022-12-01 21:37:58,312] {dag.py:2398} INFO - Sync 3 DAGs
[2022-12-01 21:37:58,327] {logging_mixin.py:109} INFO - [2022-12-01 21:37:58,326] {dag.py:2937} INFO - Setting next_dagrun for example_subdag_operator to 2022-11-29T00:00:00+00:00
[2022-12-01 21:37:58,327] {logging_mixin.py:109} INFO - [2022-12-01 21:37:58,327] {dag.py:2937} INFO - Setting next_dagrun for example_subdag_operator.section-1 to None
[2022-12-01 21:37:58,327] {logging_mixin.py:109} INFO - [2022-12-01 21:37:58,327] {dag.py:2937} INFO - Setting next_dagrun for example_subdag_operator.section-2 to None
[2022-12-01 21:37:58,331] {logging_mixin.py:109} INFO - [2022-12-01 21:37:58,331] {dag.py:2398} INFO - Sync 2 DAGs
[2022-12-01 21:37:58,337] {logging_mixin.py:109} INFO - [2022-12-01 21:37:58,337] {dag.py:2937} INFO - Setting next_dagrun for example_subdag_operator.section-1 to None
[2022-12-01 21:37:58,338] {logging_mixin.py:109} INFO - [2022-12-01 21:37:58,338] {dag.py:2937} INFO - Setting next_dagrun for example_subdag_operator.section-2 to None
[2022-12-01 21:37:58,344] {processor.py:171} INFO - Processing /home/airflow/.local/lib/python3.7/site-packages/airflow/example_dags/example_subdag_operator.py took 0.072 seconds
[2022-12-01 21:38:28,617] {processor.py:163} INFO - Started process (PID=1868) to work on /home/airflow/.local/lib/python3.7/site-packages/airflow/example_dags/example_subdag_operator.py
[2022-12-01 21:38:28,618] {processor.py:642} INFO - Processing file /home/airflow/.local/lib/python3.7/site-packages/airflow/example_dags/example_subdag_operator.py for tasks to queue
[2022-12-01 21:38:28,618] {logging_mixin.py:109} INFO - [2022-12-01 21:38:28,618] {dagbag.py:500} INFO - Filling up the DagBag from /home/airflow/.local/lib/python3.7/site-packages/airflow/example_dags/example_subdag_operator.py
[2022-12-01 21:38:28,648] {processor.py:654} INFO - DAG(s) dict_keys(['example_subdag_operator.section-1', 'example_subdag_operator.section-2', 'example_subdag_operator']) retrieved from /home/airflow/.local/lib/python3.7/site-packages/airflow/example_dags/example_subdag_operator.py
[2022-12-01 21:38:28,660] {logging_mixin.py:109} INFO - [2022-12-01 21:38:28,660] {dag.py:2398} INFO - Sync 3 DAGs
[2022-12-01 21:38:28,679] {logging_mixin.py:109} INFO - [2022-12-01 21:38:28,679] {dag.py:2937} INFO - Setting next_dagrun for example_subdag_operator to 2022-11-29T00:00:00+00:00
[2022-12-01 21:38:28,679] {logging_mixin.py:109} INFO - [2022-12-01 21:38:28,679] {dag.py:2937} INFO - Setting next_dagrun for example_subdag_operator.section-1 to None
[2022-12-01 21:38:28,679] {logging_mixin.py:109} INFO - [2022-12-01 21:38:28,679] {dag.py:2937} INFO - Setting next_dagrun for example_subdag_operator.section-2 to None
[2022-12-01 21:38:28,685] {logging_mixin.py:109} INFO - [2022-12-01 21:38:28,685] {dag.py:2398} INFO - Sync 2 DAGs
[2022-12-01 21:38:28,693] {logging_mixin.py:109} INFO - [2022-12-01 21:38:28,693] {dag.py:2937} INFO - Setting next_dagrun for example_subdag_operator.section-1 to None
[2022-12-01 21:38:28,694] {logging_mixin.py:109} INFO - [2022-12-01 21:38:28,694] {dag.py:2937} INFO - Setting next_dagrun for example_subdag_operator.section-2 to None
[2022-12-01 21:38:28,707] {processor.py:171} INFO - Processing /home/airflow/.local/lib/python3.7/site-packages/airflow/example_dags/example_subdag_operator.py took 0.092 seconds
[2022-12-01 21:38:58,883] {processor.py:163} INFO - Started process (PID=1937) to work on /home/airflow/.local/lib/python3.7/site-packages/airflow/example_dags/example_subdag_operator.py
[2022-12-01 21:38:58,884] {processor.py:642} INFO - Processing file /home/airflow/.local/lib/python3.7/site-packages/airflow/example_dags/example_subdag_operator.py for tasks to queue
[2022-12-01 21:38:58,885] {logging_mixin.py:109} INFO - [2022-12-01 21:38:58,885] {dagbag.py:500} INFO - Filling up the DagBag from /home/airflow/.local/lib/python3.7/site-packages/airflow/example_dags/example_subdag_operator.py
[2022-12-01 21:38:58,914] {processor.py:654} INFO - DAG(s) dict_keys(['example_subdag_operator.section-1', 'example_subdag_operator.section-2', 'example_subdag_operator']) retrieved from /home/airflow/.local/lib/python3.7/site-packages/airflow/example_dags/example_subdag_operator.py
[2022-12-01 21:38:58,925] {logging_mixin.py:109} INFO - [2022-12-01 21:38:58,925] {dag.py:2398} INFO - Sync 3 DAGs
[2022-12-01 21:38:58,942] {logging_mixin.py:109} INFO - [2022-12-01 21:38:58,942] {dag.py:2937} INFO - Setting next_dagrun for example_subdag_operator to 2022-11-29T00:00:00+00:00
[2022-12-01 21:38:58,942] {logging_mixin.py:109} INFO - [2022-12-01 21:38:58,942] {dag.py:2937} INFO - Setting next_dagrun for example_subdag_operator.section-1 to None
[2022-12-01 21:38:58,943] {logging_mixin.py:109} INFO - [2022-12-01 21:38:58,943] {dag.py:2937} INFO - Setting next_dagrun for example_subdag_operator.section-2 to None
[2022-12-01 21:38:58,949] {logging_mixin.py:109} INFO - [2022-12-01 21:38:58,948] {dag.py:2398} INFO - Sync 2 DAGs
[2022-12-01 21:38:58,957] {logging_mixin.py:109} INFO - [2022-12-01 21:38:58,957] {dag.py:2937} INFO - Setting next_dagrun for example_subdag_operator.section-1 to None
[2022-12-01 21:38:58,958] {logging_mixin.py:109} INFO - [2022-12-01 21:38:58,958] {dag.py:2937} INFO - Setting next_dagrun for example_subdag_operator.section-2 to None
[2022-12-01 21:38:58,971] {processor.py:171} INFO - Processing /home/airflow/.local/lib/python3.7/site-packages/airflow/example_dags/example_subdag_operator.py took 0.090 seconds
[2022-12-01 21:39:29,201] {processor.py:163} INFO - Started process (PID=2001) to work on /home/airflow/.local/lib/python3.7/site-packages/airflow/example_dags/example_subdag_operator.py
[2022-12-01 21:39:29,202] {processor.py:642} INFO - Processing file /home/airflow/.local/lib/python3.7/site-packages/airflow/example_dags/example_subdag_operator.py for tasks to queue
[2022-12-01 21:39:29,202] {logging_mixin.py:109} INFO - [2022-12-01 21:39:29,202] {dagbag.py:500} INFO - Filling up the DagBag from /home/airflow/.local/lib/python3.7/site-packages/airflow/example_dags/example_subdag_operator.py
[2022-12-01 21:39:29,233] {processor.py:654} INFO - DAG(s) dict_keys(['example_subdag_operator.section-1', 'example_subdag_operator.section-2', 'example_subdag_operator']) retrieved from /home/airflow/.local/lib/python3.7/site-packages/airflow/example_dags/example_subdag_operator.py
[2022-12-01 21:39:29,244] {logging_mixin.py:109} INFO - [2022-12-01 21:39:29,244] {dag.py:2398} INFO - Sync 3 DAGs
[2022-12-01 21:39:29,263] {logging_mixin.py:109} INFO - [2022-12-01 21:39:29,263] {dag.py:2937} INFO - Setting next_dagrun for example_subdag_operator to 2022-11-29T00:00:00+00:00
[2022-12-01 21:39:29,263] {logging_mixin.py:109} INFO - [2022-12-01 21:39:29,263] {dag.py:2937} INFO - Setting next_dagrun for example_subdag_operator.section-1 to None
[2022-12-01 21:39:29,263] {logging_mixin.py:109} INFO - [2022-12-01 21:39:29,263] {dag.py:2937} INFO - Setting next_dagrun for example_subdag_operator.section-2 to None
[2022-12-01 21:39:29,269] {logging_mixin.py:109} INFO - [2022-12-01 21:39:29,269] {dag.py:2398} INFO - Sync 2 DAGs
[2022-12-01 21:39:29,278] {logging_mixin.py:109} INFO - [2022-12-01 21:39:29,277] {dag.py:2937} INFO - Setting next_dagrun for example_subdag_operator.section-1 to None
[2022-12-01 21:39:29,278] {logging_mixin.py:109} INFO - [2022-12-01 21:39:29,278] {dag.py:2937} INFO - Setting next_dagrun for example_subdag_operator.section-2 to None
[2022-12-01 21:39:29,290] {processor.py:171} INFO - Processing /home/airflow/.local/lib/python3.7/site-packages/airflow/example_dags/example_subdag_operator.py took 0.092 seconds
[2022-12-01 21:39:59,530] {processor.py:163} INFO - Started process (PID=2072) to work on /home/airflow/.local/lib/python3.7/site-packages/airflow/example_dags/example_subdag_operator.py
[2022-12-01 21:39:59,531] {processor.py:642} INFO - Processing file /home/airflow/.local/lib/python3.7/site-packages/airflow/example_dags/example_subdag_operator.py for tasks to queue
[2022-12-01 21:39:59,532] {logging_mixin.py:109} INFO - [2022-12-01 21:39:59,532] {dagbag.py:500} INFO - Filling up the DagBag from /home/airflow/.local/lib/python3.7/site-packages/airflow/example_dags/example_subdag_operator.py
[2022-12-01 21:39:59,562] {processor.py:654} INFO - DAG(s) dict_keys(['example_subdag_operator.section-1', 'example_subdag_operator.section-2', 'example_subdag_operator']) retrieved from /home/airflow/.local/lib/python3.7/site-packages/airflow/example_dags/example_subdag_operator.py
[2022-12-01 21:39:59,575] {logging_mixin.py:109} INFO - [2022-12-01 21:39:59,575] {dag.py:2398} INFO - Sync 3 DAGs
[2022-12-01 21:39:59,593] {logging_mixin.py:109} INFO - [2022-12-01 21:39:59,593] {dag.py:2937} INFO - Setting next_dagrun for example_subdag_operator to 2022-11-29T00:00:00+00:00
[2022-12-01 21:39:59,594] {logging_mixin.py:109} INFO - [2022-12-01 21:39:59,594] {dag.py:2937} INFO - Setting next_dagrun for example_subdag_operator.section-1 to None
[2022-12-01 21:39:59,594] {logging_mixin.py:109} INFO - [2022-12-01 21:39:59,594] {dag.py:2937} INFO - Setting next_dagrun for example_subdag_operator.section-2 to None
[2022-12-01 21:39:59,601] {logging_mixin.py:109} INFO - [2022-12-01 21:39:59,601] {dag.py:2398} INFO - Sync 2 DAGs
[2022-12-01 21:39:59,610] {logging_mixin.py:109} INFO - [2022-12-01 21:39:59,610] {dag.py:2937} INFO - Setting next_dagrun for example_subdag_operator.section-1 to None
[2022-12-01 21:39:59,611] {logging_mixin.py:109} INFO - [2022-12-01 21:39:59,611] {dag.py:2937} INFO - Setting next_dagrun for example_subdag_operator.section-2 to None
[2022-12-01 21:39:59,624] {processor.py:171} INFO - Processing /home/airflow/.local/lib/python3.7/site-packages/airflow/example_dags/example_subdag_operator.py took 0.096 seconds
[2022-12-01 21:40:29,956] {processor.py:163} INFO - Started process (PID=2134) to work on /home/airflow/.local/lib/python3.7/site-packages/airflow/example_dags/example_subdag_operator.py
[2022-12-01 21:40:29,957] {processor.py:642} INFO - Processing file /home/airflow/.local/lib/python3.7/site-packages/airflow/example_dags/example_subdag_operator.py for tasks to queue
[2022-12-01 21:40:29,957] {logging_mixin.py:109} INFO - [2022-12-01 21:40:29,957] {dagbag.py:500} INFO - Filling up the DagBag from /home/airflow/.local/lib/python3.7/site-packages/airflow/example_dags/example_subdag_operator.py
[2022-12-01 21:40:29,985] {processor.py:654} INFO - DAG(s) dict_keys(['example_subdag_operator.section-1', 'example_subdag_operator.section-2', 'example_subdag_operator']) retrieved from /home/airflow/.local/lib/python3.7/site-packages/airflow/example_dags/example_subdag_operator.py
[2022-12-01 21:40:29,993] {logging_mixin.py:109} INFO - [2022-12-01 21:40:29,993] {dag.py:2398} INFO - Sync 3 DAGs
[2022-12-01 21:40:30,005] {logging_mixin.py:109} INFO - [2022-12-01 21:40:30,005] {dag.py:2937} INFO - Setting next_dagrun for example_subdag_operator to 2022-11-29T00:00:00+00:00
[2022-12-01 21:40:30,005] {logging_mixin.py:109} INFO - [2022-12-01 21:40:30,005] {dag.py:2937} INFO - Setting next_dagrun for example_subdag_operator.section-1 to None
[2022-12-01 21:40:30,005] {logging_mixin.py:109} INFO - [2022-12-01 21:40:30,005] {dag.py:2937} INFO - Setting next_dagrun for example_subdag_operator.section-2 to None
[2022-12-01 21:40:30,009] {logging_mixin.py:109} INFO - [2022-12-01 21:40:30,009] {dag.py:2398} INFO - Sync 2 DAGs
[2022-12-01 21:40:30,014] {logging_mixin.py:109} INFO - [2022-12-01 21:40:30,014] {dag.py:2937} INFO - Setting next_dagrun for example_subdag_operator.section-1 to None
[2022-12-01 21:40:30,014] {logging_mixin.py:109} INFO - [2022-12-01 21:40:30,014] {dag.py:2937} INFO - Setting next_dagrun for example_subdag_operator.section-2 to None
[2022-12-01 21:40:30,026] {processor.py:171} INFO - Processing /home/airflow/.local/lib/python3.7/site-packages/airflow/example_dags/example_subdag_operator.py took 0.072 seconds
[2022-12-01 21:41:00,345] {processor.py:163} INFO - Started process (PID=2205) to work on /home/airflow/.local/lib/python3.7/site-packages/airflow/example_dags/example_subdag_operator.py
[2022-12-01 21:41:00,346] {processor.py:642} INFO - Processing file /home/airflow/.local/lib/python3.7/site-packages/airflow/example_dags/example_subdag_operator.py for tasks to queue
[2022-12-01 21:41:00,346] {logging_mixin.py:109} INFO - [2022-12-01 21:41:00,346] {dagbag.py:500} INFO - Filling up the DagBag from /home/airflow/.local/lib/python3.7/site-packages/airflow/example_dags/example_subdag_operator.py
[2022-12-01 21:41:00,373] {processor.py:654} INFO - DAG(s) dict_keys(['example_subdag_operator.section-1', 'example_subdag_operator.section-2', 'example_subdag_operator']) retrieved from /home/airflow/.local/lib/python3.7/site-packages/airflow/example_dags/example_subdag_operator.py
[2022-12-01 21:41:00,380] {logging_mixin.py:109} INFO - [2022-12-01 21:41:00,380] {dag.py:2398} INFO - Sync 3 DAGs
[2022-12-01 21:41:00,391] {logging_mixin.py:109} INFO - [2022-12-01 21:41:00,391] {dag.py:2937} INFO - Setting next_dagrun for example_subdag_operator to 2022-11-29T00:00:00+00:00
[2022-12-01 21:41:00,391] {logging_mixin.py:109} INFO - [2022-12-01 21:41:00,391] {dag.py:2937} INFO - Setting next_dagrun for example_subdag_operator.section-1 to None
[2022-12-01 21:41:00,392] {logging_mixin.py:109} INFO - [2022-12-01 21:41:00,392] {dag.py:2937} INFO - Setting next_dagrun for example_subdag_operator.section-2 to None
[2022-12-01 21:41:00,396] {logging_mixin.py:109} INFO - [2022-12-01 21:41:00,396] {dag.py:2398} INFO - Sync 2 DAGs
[2022-12-01 21:41:00,401] {logging_mixin.py:109} INFO - [2022-12-01 21:41:00,401] {dag.py:2937} INFO - Setting next_dagrun for example_subdag_operator.section-1 to None
[2022-12-01 21:41:00,401] {logging_mixin.py:109} INFO - [2022-12-01 21:41:00,401] {dag.py:2937} INFO - Setting next_dagrun for example_subdag_operator.section-2 to None
[2022-12-01 21:41:00,414] {processor.py:171} INFO - Processing /home/airflow/.local/lib/python3.7/site-packages/airflow/example_dags/example_subdag_operator.py took 0.071 seconds
[2022-12-01 21:41:30,729] {processor.py:163} INFO - Started process (PID=2267) to work on /home/airflow/.local/lib/python3.7/site-packages/airflow/example_dags/example_subdag_operator.py
[2022-12-01 21:41:30,730] {processor.py:642} INFO - Processing file /home/airflow/.local/lib/python3.7/site-packages/airflow/example_dags/example_subdag_operator.py for tasks to queue
[2022-12-01 21:41:30,730] {logging_mixin.py:109} INFO - [2022-12-01 21:41:30,730] {dagbag.py:500} INFO - Filling up the DagBag from /home/airflow/.local/lib/python3.7/site-packages/airflow/example_dags/example_subdag_operator.py
[2022-12-01 21:41:30,756] {processor.py:654} INFO - DAG(s) dict_keys(['example_subdag_operator.section-1', 'example_subdag_operator.section-2', 'example_subdag_operator']) retrieved from /home/airflow/.local/lib/python3.7/site-packages/airflow/example_dags/example_subdag_operator.py
[2022-12-01 21:41:30,763] {logging_mixin.py:109} INFO - [2022-12-01 21:41:30,763] {dag.py:2398} INFO - Sync 3 DAGs
[2022-12-01 21:41:30,774] {logging_mixin.py:109} INFO - [2022-12-01 21:41:30,774] {dag.py:2937} INFO - Setting next_dagrun for example_subdag_operator to 2022-11-29T00:00:00+00:00
[2022-12-01 21:41:30,774] {logging_mixin.py:109} INFO - [2022-12-01 21:41:30,774] {dag.py:2937} INFO - Setting next_dagrun for example_subdag_operator.section-1 to None
[2022-12-01 21:41:30,774] {logging_mixin.py:109} INFO - [2022-12-01 21:41:30,774] {dag.py:2937} INFO - Setting next_dagrun for example_subdag_operator.section-2 to None
[2022-12-01 21:41:30,777] {logging_mixin.py:109} INFO - [2022-12-01 21:41:30,777] {dag.py:2398} INFO - Sync 2 DAGs
[2022-12-01 21:41:30,782] {logging_mixin.py:109} INFO - [2022-12-01 21:41:30,782] {dag.py:2937} INFO - Setting next_dagrun for example_subdag_operator.section-1 to None
[2022-12-01 21:41:30,783] {logging_mixin.py:109} INFO - [2022-12-01 21:41:30,782] {dag.py:2937} INFO - Setting next_dagrun for example_subdag_operator.section-2 to None
[2022-12-01 21:41:30,795] {processor.py:171} INFO - Processing /home/airflow/.local/lib/python3.7/site-packages/airflow/example_dags/example_subdag_operator.py took 0.068 seconds
[2022-12-01 21:42:00,944] {processor.py:163} INFO - Started process (PID=2339) to work on /home/airflow/.local/lib/python3.7/site-packages/airflow/example_dags/example_subdag_operator.py
[2022-12-01 21:42:00,945] {processor.py:642} INFO - Processing file /home/airflow/.local/lib/python3.7/site-packages/airflow/example_dags/example_subdag_operator.py for tasks to queue
[2022-12-01 21:42:00,945] {logging_mixin.py:109} INFO - [2022-12-01 21:42:00,945] {dagbag.py:500} INFO - Filling up the DagBag from /home/airflow/.local/lib/python3.7/site-packages/airflow/example_dags/example_subdag_operator.py
[2022-12-01 21:42:00,977] {processor.py:654} INFO - DAG(s) dict_keys(['example_subdag_operator.section-1', 'example_subdag_operator.section-2', 'example_subdag_operator']) retrieved from /home/airflow/.local/lib/python3.7/site-packages/airflow/example_dags/example_subdag_operator.py
[2022-12-01 21:42:00,989] {logging_mixin.py:109} INFO - [2022-12-01 21:42:00,989] {dag.py:2398} INFO - Sync 3 DAGs
[2022-12-01 21:42:01,002] {logging_mixin.py:109} INFO - [2022-12-01 21:42:01,002] {dag.py:2937} INFO - Setting next_dagrun for example_subdag_operator to 2022-11-29T00:00:00+00:00
[2022-12-01 21:42:01,002] {logging_mixin.py:109} INFO - [2022-12-01 21:42:01,002] {dag.py:2937} INFO - Setting next_dagrun for example_subdag_operator.section-1 to None
[2022-12-01 21:42:01,002] {logging_mixin.py:109} INFO - [2022-12-01 21:42:01,002] {dag.py:2937} INFO - Setting next_dagrun for example_subdag_operator.section-2 to None
[2022-12-01 21:42:01,006] {logging_mixin.py:109} INFO - [2022-12-01 21:42:01,006] {dag.py:2398} INFO - Sync 2 DAGs
[2022-12-01 21:42:01,013] {logging_mixin.py:109} INFO - [2022-12-01 21:42:01,013] {dag.py:2937} INFO - Setting next_dagrun for example_subdag_operator.section-1 to None
[2022-12-01 21:42:01,013] {logging_mixin.py:109} INFO - [2022-12-01 21:42:01,013] {dag.py:2937} INFO - Setting next_dagrun for example_subdag_operator.section-2 to None
[2022-12-01 21:42:01,025] {processor.py:171} INFO - Processing /home/airflow/.local/lib/python3.7/site-packages/airflow/example_dags/example_subdag_operator.py took 0.084 seconds
[2022-12-01 21:42:31,071] {processor.py:163} INFO - Started process (PID=2400) to work on /home/airflow/.local/lib/python3.7/site-packages/airflow/example_dags/example_subdag_operator.py
[2022-12-01 21:42:31,072] {processor.py:642} INFO - Processing file /home/airflow/.local/lib/python3.7/site-packages/airflow/example_dags/example_subdag_operator.py for tasks to queue
[2022-12-01 21:42:31,072] {logging_mixin.py:109} INFO - [2022-12-01 21:42:31,072] {dagbag.py:500} INFO - Filling up the DagBag from /home/airflow/.local/lib/python3.7/site-packages/airflow/example_dags/example_subdag_operator.py
[2022-12-01 21:42:31,097] {processor.py:654} INFO - DAG(s) dict_keys(['example_subdag_operator.section-1', 'example_subdag_operator.section-2', 'example_subdag_operator']) retrieved from /home/airflow/.local/lib/python3.7/site-packages/airflow/example_dags/example_subdag_operator.py
[2022-12-01 21:42:31,105] {logging_mixin.py:109} INFO - [2022-12-01 21:42:31,105] {dag.py:2398} INFO - Sync 3 DAGs
[2022-12-01 21:42:31,114] {logging_mixin.py:109} INFO - [2022-12-01 21:42:31,114] {dag.py:2937} INFO - Setting next_dagrun for example_subdag_operator to 2022-11-29T00:00:00+00:00
[2022-12-01 21:42:31,115] {logging_mixin.py:109} INFO - [2022-12-01 21:42:31,115] {dag.py:2937} INFO - Setting next_dagrun for example_subdag_operator.section-1 to None
[2022-12-01 21:42:31,115] {logging_mixin.py:109} INFO - [2022-12-01 21:42:31,115] {dag.py:2937} INFO - Setting next_dagrun for example_subdag_operator.section-2 to None
[2022-12-01 21:42:31,118] {logging_mixin.py:109} INFO - [2022-12-01 21:42:31,118] {dag.py:2398} INFO - Sync 2 DAGs
[2022-12-01 21:42:31,123] {logging_mixin.py:109} INFO - [2022-12-01 21:42:31,123] {dag.py:2937} INFO - Setting next_dagrun for example_subdag_operator.section-1 to None
[2022-12-01 21:42:31,123] {logging_mixin.py:109} INFO - [2022-12-01 21:42:31,123] {dag.py:2937} INFO - Setting next_dagrun for example_subdag_operator.section-2 to None
[2022-12-01 21:42:31,135] {processor.py:171} INFO - Processing /home/airflow/.local/lib/python3.7/site-packages/airflow/example_dags/example_subdag_operator.py took 0.066 seconds
[2022-12-01 21:43:01,499] {processor.py:163} INFO - Started process (PID=2474) to work on /home/airflow/.local/lib/python3.7/site-packages/airflow/example_dags/example_subdag_operator.py
[2022-12-01 21:43:01,500] {processor.py:642} INFO - Processing file /home/airflow/.local/lib/python3.7/site-packages/airflow/example_dags/example_subdag_operator.py for tasks to queue
[2022-12-01 21:43:01,501] {logging_mixin.py:109} INFO - [2022-12-01 21:43:01,501] {dagbag.py:500} INFO - Filling up the DagBag from /home/airflow/.local/lib/python3.7/site-packages/airflow/example_dags/example_subdag_operator.py
[2022-12-01 21:43:01,540] {processor.py:654} INFO - DAG(s) dict_keys(['example_subdag_operator.section-1', 'example_subdag_operator.section-2', 'example_subdag_operator']) retrieved from /home/airflow/.local/lib/python3.7/site-packages/airflow/example_dags/example_subdag_operator.py
[2022-12-01 21:43:01,554] {logging_mixin.py:109} INFO - [2022-12-01 21:43:01,554] {dag.py:2398} INFO - Sync 3 DAGs
[2022-12-01 21:43:01,573] {logging_mixin.py:109} INFO - [2022-12-01 21:43:01,573] {dag.py:2937} INFO - Setting next_dagrun for example_subdag_operator to 2022-11-29T00:00:00+00:00
[2022-12-01 21:43:01,573] {logging_mixin.py:109} INFO - [2022-12-01 21:43:01,573] {dag.py:2937} INFO - Setting next_dagrun for example_subdag_operator.section-1 to None
[2022-12-01 21:43:01,573] {logging_mixin.py:109} INFO - [2022-12-01 21:43:01,573] {dag.py:2937} INFO - Setting next_dagrun for example_subdag_operator.section-2 to None
[2022-12-01 21:43:01,580] {logging_mixin.py:109} INFO - [2022-12-01 21:43:01,580] {dag.py:2398} INFO - Sync 2 DAGs
[2022-12-01 21:43:01,589] {logging_mixin.py:109} INFO - [2022-12-01 21:43:01,589] {dag.py:2937} INFO - Setting next_dagrun for example_subdag_operator.section-1 to None
[2022-12-01 21:43:01,589] {logging_mixin.py:109} INFO - [2022-12-01 21:43:01,589] {dag.py:2937} INFO - Setting next_dagrun for example_subdag_operator.section-2 to None
[2022-12-01 21:43:01,603] {processor.py:171} INFO - Processing /home/airflow/.local/lib/python3.7/site-packages/airflow/example_dags/example_subdag_operator.py took 0.107 seconds
[2022-12-01 21:43:31,928] {processor.py:163} INFO - Started process (PID=2537) to work on /home/airflow/.local/lib/python3.7/site-packages/airflow/example_dags/example_subdag_operator.py
[2022-12-01 21:43:31,929] {processor.py:642} INFO - Processing file /home/airflow/.local/lib/python3.7/site-packages/airflow/example_dags/example_subdag_operator.py for tasks to queue
[2022-12-01 21:43:31,930] {logging_mixin.py:109} INFO - [2022-12-01 21:43:31,930] {dagbag.py:500} INFO - Filling up the DagBag from /home/airflow/.local/lib/python3.7/site-packages/airflow/example_dags/example_subdag_operator.py
[2022-12-01 21:43:31,962] {processor.py:654} INFO - DAG(s) dict_keys(['example_subdag_operator.section-1', 'example_subdag_operator.section-2', 'example_subdag_operator']) retrieved from /home/airflow/.local/lib/python3.7/site-packages/airflow/example_dags/example_subdag_operator.py
[2022-12-01 21:43:31,975] {logging_mixin.py:109} INFO - [2022-12-01 21:43:31,975] {dag.py:2398} INFO - Sync 3 DAGs
[2022-12-01 21:43:31,987] {logging_mixin.py:109} INFO - [2022-12-01 21:43:31,987] {dag.py:2937} INFO - Setting next_dagrun for example_subdag_operator to 2022-11-29T00:00:00+00:00
[2022-12-01 21:43:31,987] {logging_mixin.py:109} INFO - [2022-12-01 21:43:31,987] {dag.py:2937} INFO - Setting next_dagrun for example_subdag_operator.section-1 to None
[2022-12-01 21:43:31,987] {logging_mixin.py:109} INFO - [2022-12-01 21:43:31,987] {dag.py:2937} INFO - Setting next_dagrun for example_subdag_operator.section-2 to None
[2022-12-01 21:43:31,991] {logging_mixin.py:109} INFO - [2022-12-01 21:43:31,990] {dag.py:2398} INFO - Sync 2 DAGs
[2022-12-01 21:43:31,996] {logging_mixin.py:109} INFO - [2022-12-01 21:43:31,995] {dag.py:2937} INFO - Setting next_dagrun for example_subdag_operator.section-1 to None
[2022-12-01 21:43:31,996] {logging_mixin.py:109} INFO - [2022-12-01 21:43:31,996] {dag.py:2937} INFO - Setting next_dagrun for example_subdag_operator.section-2 to None
[2022-12-01 21:43:32,007] {processor.py:171} INFO - Processing /home/airflow/.local/lib/python3.7/site-packages/airflow/example_dags/example_subdag_operator.py took 0.081 seconds
[2022-12-01 21:44:02,313] {processor.py:163} INFO - Started process (PID=2607) to work on /home/airflow/.local/lib/python3.7/site-packages/airflow/example_dags/example_subdag_operator.py
[2022-12-01 21:44:02,314] {processor.py:642} INFO - Processing file /home/airflow/.local/lib/python3.7/site-packages/airflow/example_dags/example_subdag_operator.py for tasks to queue
[2022-12-01 21:44:02,315] {logging_mixin.py:109} INFO - [2022-12-01 21:44:02,315] {dagbag.py:500} INFO - Filling up the DagBag from /home/airflow/.local/lib/python3.7/site-packages/airflow/example_dags/example_subdag_operator.py
[2022-12-01 21:44:02,355] {processor.py:654} INFO - DAG(s) dict_keys(['example_subdag_operator.section-1', 'example_subdag_operator.section-2', 'example_subdag_operator']) retrieved from /home/airflow/.local/lib/python3.7/site-packages/airflow/example_dags/example_subdag_operator.py
[2022-12-01 21:44:02,369] {logging_mixin.py:109} INFO - [2022-12-01 21:44:02,369] {dag.py:2398} INFO - Sync 3 DAGs
[2022-12-01 21:44:02,387] {logging_mixin.py:109} INFO - [2022-12-01 21:44:02,387] {dag.py:2937} INFO - Setting next_dagrun for example_subdag_operator to 2022-11-29T00:00:00+00:00
[2022-12-01 21:44:02,387] {logging_mixin.py:109} INFO - [2022-12-01 21:44:02,387] {dag.py:2937} INFO - Setting next_dagrun for example_subdag_operator.section-1 to None
[2022-12-01 21:44:02,388] {logging_mixin.py:109} INFO - [2022-12-01 21:44:02,388] {dag.py:2937} INFO - Setting next_dagrun for example_subdag_operator.section-2 to None
[2022-12-01 21:44:02,393] {logging_mixin.py:109} INFO - [2022-12-01 21:44:02,393] {dag.py:2398} INFO - Sync 2 DAGs
[2022-12-01 21:44:02,403] {logging_mixin.py:109} INFO - [2022-12-01 21:44:02,403] {dag.py:2937} INFO - Setting next_dagrun for example_subdag_operator.section-1 to None
[2022-12-01 21:44:02,403] {logging_mixin.py:109} INFO - [2022-12-01 21:44:02,403] {dag.py:2937} INFO - Setting next_dagrun for example_subdag_operator.section-2 to None
[2022-12-01 21:44:02,417] {processor.py:171} INFO - Processing /home/airflow/.local/lib/python3.7/site-packages/airflow/example_dags/example_subdag_operator.py took 0.107 seconds
