[2022-12-01 21:24:42,237] {processor.py:163} INFO - Started process (PID=73) to work on /home/airflow/.local/lib/python3.7/site-packages/airflow/example_dags/tutorial_taskflow_api_etl.py
[2022-12-01 21:24:42,238] {processor.py:642} INFO - Processing file /home/airflow/.local/lib/python3.7/site-packages/airflow/example_dags/tutorial_taskflow_api_etl.py for tasks to queue
[2022-12-01 21:24:42,239] {logging_mixin.py:109} INFO - [2022-12-01 21:24:42,239] {dagbag.py:500} INFO - Filling up the DagBag from /home/airflow/.local/lib/python3.7/site-packages/airflow/example_dags/tutorial_taskflow_api_etl.py
[2022-12-01 21:24:42,274] {processor.py:654} INFO - DAG(s) dict_keys(['tutorial_taskflow_api_etl']) retrieved from /home/airflow/.local/lib/python3.7/site-packages/airflow/example_dags/tutorial_taskflow_api_etl.py
[2022-12-01 21:24:42,470] {logging_mixin.py:109} INFO - [2022-12-01 21:24:42,470] {dag.py:2398} INFO - Sync 1 DAGs
[2022-12-01 21:24:42,485] {logging_mixin.py:109} INFO - [2022-12-01 21:24:42,485] {dag.py:2937} INFO - Setting next_dagrun for tutorial_taskflow_api_etl to None
[2022-12-01 21:24:42,500] {processor.py:171} INFO - Processing /home/airflow/.local/lib/python3.7/site-packages/airflow/example_dags/tutorial_taskflow_api_etl.py took 0.266 seconds
[2022-12-01 21:25:12,918] {processor.py:163} INFO - Started process (PID=145) to work on /home/airflow/.local/lib/python3.7/site-packages/airflow/example_dags/tutorial_taskflow_api_etl.py
[2022-12-01 21:25:12,919] {processor.py:642} INFO - Processing file /home/airflow/.local/lib/python3.7/site-packages/airflow/example_dags/tutorial_taskflow_api_etl.py for tasks to queue
[2022-12-01 21:25:12,920] {logging_mixin.py:109} INFO - [2022-12-01 21:25:12,920] {dagbag.py:500} INFO - Filling up the DagBag from /home/airflow/.local/lib/python3.7/site-packages/airflow/example_dags/tutorial_taskflow_api_etl.py
[2022-12-01 21:25:12,954] {processor.py:654} INFO - DAG(s) dict_keys(['tutorial_taskflow_api_etl']) retrieved from /home/airflow/.local/lib/python3.7/site-packages/airflow/example_dags/tutorial_taskflow_api_etl.py
[2022-12-01 21:25:13,187] {logging_mixin.py:109} INFO - [2022-12-01 21:25:13,187] {dag.py:2398} INFO - Sync 1 DAGs
[2022-12-01 21:25:13,201] {logging_mixin.py:109} INFO - [2022-12-01 21:25:13,201] {dag.py:2937} INFO - Setting next_dagrun for tutorial_taskflow_api_etl to None
[2022-12-01 21:25:13,217] {processor.py:171} INFO - Processing /home/airflow/.local/lib/python3.7/site-packages/airflow/example_dags/tutorial_taskflow_api_etl.py took 0.301 seconds
[2022-12-01 21:25:43,974] {processor.py:163} INFO - Started process (PID=206) to work on /home/airflow/.local/lib/python3.7/site-packages/airflow/example_dags/tutorial_taskflow_api_etl.py
[2022-12-01 21:25:43,975] {processor.py:642} INFO - Processing file /home/airflow/.local/lib/python3.7/site-packages/airflow/example_dags/tutorial_taskflow_api_etl.py for tasks to queue
[2022-12-01 21:25:43,975] {logging_mixin.py:109} INFO - [2022-12-01 21:25:43,975] {dagbag.py:500} INFO - Filling up the DagBag from /home/airflow/.local/lib/python3.7/site-packages/airflow/example_dags/tutorial_taskflow_api_etl.py
[2022-12-01 21:25:44,005] {processor.py:654} INFO - DAG(s) dict_keys(['tutorial_taskflow_api_etl']) retrieved from /home/airflow/.local/lib/python3.7/site-packages/airflow/example_dags/tutorial_taskflow_api_etl.py
[2022-12-01 21:25:44,148] {logging_mixin.py:109} INFO - [2022-12-01 21:25:44,148] {dag.py:2398} INFO - Sync 1 DAGs
[2022-12-01 21:25:44,158] {logging_mixin.py:109} INFO - [2022-12-01 21:25:44,158] {dag.py:2937} INFO - Setting next_dagrun for tutorial_taskflow_api_etl to None
[2022-12-01 21:25:44,172] {processor.py:171} INFO - Processing /home/airflow/.local/lib/python3.7/site-packages/airflow/example_dags/tutorial_taskflow_api_etl.py took 0.200 seconds
[2022-12-01 21:26:15,225] {processor.py:163} INFO - Started process (PID=277) to work on /home/airflow/.local/lib/python3.7/site-packages/airflow/example_dags/tutorial_taskflow_api_etl.py
[2022-12-01 21:26:15,226] {processor.py:642} INFO - Processing file /home/airflow/.local/lib/python3.7/site-packages/airflow/example_dags/tutorial_taskflow_api_etl.py for tasks to queue
[2022-12-01 21:26:15,226] {logging_mixin.py:109} INFO - [2022-12-01 21:26:15,226] {dagbag.py:500} INFO - Filling up the DagBag from /home/airflow/.local/lib/python3.7/site-packages/airflow/example_dags/tutorial_taskflow_api_etl.py
[2022-12-01 21:26:15,249] {processor.py:654} INFO - DAG(s) dict_keys(['tutorial_taskflow_api_etl']) retrieved from /home/airflow/.local/lib/python3.7/site-packages/airflow/example_dags/tutorial_taskflow_api_etl.py
[2022-12-01 21:26:15,407] {logging_mixin.py:109} INFO - [2022-12-01 21:26:15,407] {dag.py:2398} INFO - Sync 1 DAGs
[2022-12-01 21:26:15,417] {logging_mixin.py:109} INFO - [2022-12-01 21:26:15,417] {dag.py:2937} INFO - Setting next_dagrun for tutorial_taskflow_api_etl to None
[2022-12-01 21:26:15,426] {processor.py:171} INFO - Processing /home/airflow/.local/lib/python3.7/site-packages/airflow/example_dags/tutorial_taskflow_api_etl.py took 0.203 seconds
[2022-12-01 21:26:46,199] {processor.py:163} INFO - Started process (PID=339) to work on /home/airflow/.local/lib/python3.7/site-packages/airflow/example_dags/tutorial_taskflow_api_etl.py
[2022-12-01 21:26:46,200] {processor.py:642} INFO - Processing file /home/airflow/.local/lib/python3.7/site-packages/airflow/example_dags/tutorial_taskflow_api_etl.py for tasks to queue
[2022-12-01 21:26:46,200] {logging_mixin.py:109} INFO - [2022-12-01 21:26:46,200] {dagbag.py:500} INFO - Filling up the DagBag from /home/airflow/.local/lib/python3.7/site-packages/airflow/example_dags/tutorial_taskflow_api_etl.py
[2022-12-01 21:26:46,224] {processor.py:654} INFO - DAG(s) dict_keys(['tutorial_taskflow_api_etl']) retrieved from /home/airflow/.local/lib/python3.7/site-packages/airflow/example_dags/tutorial_taskflow_api_etl.py
[2022-12-01 21:26:46,363] {logging_mixin.py:109} INFO - [2022-12-01 21:26:46,363] {dag.py:2398} INFO - Sync 1 DAGs
[2022-12-01 21:26:46,373] {logging_mixin.py:109} INFO - [2022-12-01 21:26:46,373] {dag.py:2937} INFO - Setting next_dagrun for tutorial_taskflow_api_etl to None
[2022-12-01 21:26:46,387] {processor.py:171} INFO - Processing /home/airflow/.local/lib/python3.7/site-packages/airflow/example_dags/tutorial_taskflow_api_etl.py took 0.190 seconds
[2022-12-01 21:27:17,181] {processor.py:163} INFO - Started process (PID=410) to work on /home/airflow/.local/lib/python3.7/site-packages/airflow/example_dags/tutorial_taskflow_api_etl.py
[2022-12-01 21:27:17,182] {processor.py:642} INFO - Processing file /home/airflow/.local/lib/python3.7/site-packages/airflow/example_dags/tutorial_taskflow_api_etl.py for tasks to queue
[2022-12-01 21:27:17,182] {logging_mixin.py:109} INFO - [2022-12-01 21:27:17,182] {dagbag.py:500} INFO - Filling up the DagBag from /home/airflow/.local/lib/python3.7/site-packages/airflow/example_dags/tutorial_taskflow_api_etl.py
[2022-12-01 21:27:17,205] {processor.py:654} INFO - DAG(s) dict_keys(['tutorial_taskflow_api_etl']) retrieved from /home/airflow/.local/lib/python3.7/site-packages/airflow/example_dags/tutorial_taskflow_api_etl.py
[2022-12-01 21:27:17,382] {logging_mixin.py:109} INFO - [2022-12-01 21:27:17,381] {dag.py:2398} INFO - Sync 1 DAGs
[2022-12-01 21:27:17,395] {logging_mixin.py:109} INFO - [2022-12-01 21:27:17,395] {dag.py:2937} INFO - Setting next_dagrun for tutorial_taskflow_api_etl to None
[2022-12-01 21:27:17,411] {processor.py:171} INFO - Processing /home/airflow/.local/lib/python3.7/site-packages/airflow/example_dags/tutorial_taskflow_api_etl.py took 0.233 seconds
[2022-12-01 21:27:48,261] {processor.py:163} INFO - Started process (PID=472) to work on /home/airflow/.local/lib/python3.7/site-packages/airflow/example_dags/tutorial_taskflow_api_etl.py
[2022-12-01 21:27:48,261] {processor.py:642} INFO - Processing file /home/airflow/.local/lib/python3.7/site-packages/airflow/example_dags/tutorial_taskflow_api_etl.py for tasks to queue
[2022-12-01 21:27:48,262] {logging_mixin.py:109} INFO - [2022-12-01 21:27:48,261] {dagbag.py:500} INFO - Filling up the DagBag from /home/airflow/.local/lib/python3.7/site-packages/airflow/example_dags/tutorial_taskflow_api_etl.py
[2022-12-01 21:27:48,285] {processor.py:654} INFO - DAG(s) dict_keys(['tutorial_taskflow_api_etl']) retrieved from /home/airflow/.local/lib/python3.7/site-packages/airflow/example_dags/tutorial_taskflow_api_etl.py
[2022-12-01 21:27:48,423] {logging_mixin.py:109} INFO - [2022-12-01 21:27:48,423] {dag.py:2398} INFO - Sync 1 DAGs
[2022-12-01 21:27:48,433] {logging_mixin.py:109} INFO - [2022-12-01 21:27:48,433] {dag.py:2937} INFO - Setting next_dagrun for tutorial_taskflow_api_etl to None
[2022-12-01 21:27:48,441] {processor.py:171} INFO - Processing /home/airflow/.local/lib/python3.7/site-packages/airflow/example_dags/tutorial_taskflow_api_etl.py took 0.183 seconds
[2022-12-01 21:28:19,346] {processor.py:163} INFO - Started process (PID=543) to work on /home/airflow/.local/lib/python3.7/site-packages/airflow/example_dags/tutorial_taskflow_api_etl.py
[2022-12-01 21:28:19,347] {processor.py:642} INFO - Processing file /home/airflow/.local/lib/python3.7/site-packages/airflow/example_dags/tutorial_taskflow_api_etl.py for tasks to queue
[2022-12-01 21:28:19,347] {logging_mixin.py:109} INFO - [2022-12-01 21:28:19,347] {dagbag.py:500} INFO - Filling up the DagBag from /home/airflow/.local/lib/python3.7/site-packages/airflow/example_dags/tutorial_taskflow_api_etl.py
[2022-12-01 21:28:19,369] {processor.py:654} INFO - DAG(s) dict_keys(['tutorial_taskflow_api_etl']) retrieved from /home/airflow/.local/lib/python3.7/site-packages/airflow/example_dags/tutorial_taskflow_api_etl.py
[2022-12-01 21:28:19,509] {logging_mixin.py:109} INFO - [2022-12-01 21:28:19,509] {dag.py:2398} INFO - Sync 1 DAGs
[2022-12-01 21:28:19,518] {logging_mixin.py:109} INFO - [2022-12-01 21:28:19,518] {dag.py:2937} INFO - Setting next_dagrun for tutorial_taskflow_api_etl to None
[2022-12-01 21:28:19,532] {processor.py:171} INFO - Processing /home/airflow/.local/lib/python3.7/site-packages/airflow/example_dags/tutorial_taskflow_api_etl.py took 0.189 seconds
[2022-12-01 21:28:49,974] {processor.py:163} INFO - Started process (PID=616) to work on /home/airflow/.local/lib/python3.7/site-packages/airflow/example_dags/tutorial_taskflow_api_etl.py
[2022-12-01 21:28:49,975] {processor.py:642} INFO - Processing file /home/airflow/.local/lib/python3.7/site-packages/airflow/example_dags/tutorial_taskflow_api_etl.py for tasks to queue
[2022-12-01 21:28:49,975] {logging_mixin.py:109} INFO - [2022-12-01 21:28:49,975] {dagbag.py:500} INFO - Filling up the DagBag from /home/airflow/.local/lib/python3.7/site-packages/airflow/example_dags/tutorial_taskflow_api_etl.py
[2022-12-01 21:28:49,998] {processor.py:654} INFO - DAG(s) dict_keys(['tutorial_taskflow_api_etl']) retrieved from /home/airflow/.local/lib/python3.7/site-packages/airflow/example_dags/tutorial_taskflow_api_etl.py
[2022-12-01 21:28:50,146] {logging_mixin.py:109} INFO - [2022-12-01 21:28:50,146] {dag.py:2398} INFO - Sync 1 DAGs
[2022-12-01 21:28:50,158] {logging_mixin.py:109} INFO - [2022-12-01 21:28:50,158] {dag.py:2937} INFO - Setting next_dagrun for tutorial_taskflow_api_etl to None
[2022-12-01 21:28:50,174] {processor.py:171} INFO - Processing /home/airflow/.local/lib/python3.7/site-packages/airflow/example_dags/tutorial_taskflow_api_etl.py took 0.202 seconds
[2022-12-01 21:29:21,121] {processor.py:163} INFO - Started process (PID=678) to work on /home/airflow/.local/lib/python3.7/site-packages/airflow/example_dags/tutorial_taskflow_api_etl.py
[2022-12-01 21:29:21,122] {processor.py:642} INFO - Processing file /home/airflow/.local/lib/python3.7/site-packages/airflow/example_dags/tutorial_taskflow_api_etl.py for tasks to queue
[2022-12-01 21:29:21,122] {logging_mixin.py:109} INFO - [2022-12-01 21:29:21,122] {dagbag.py:500} INFO - Filling up the DagBag from /home/airflow/.local/lib/python3.7/site-packages/airflow/example_dags/tutorial_taskflow_api_etl.py
[2022-12-01 21:29:21,144] {processor.py:654} INFO - DAG(s) dict_keys(['tutorial_taskflow_api_etl']) retrieved from /home/airflow/.local/lib/python3.7/site-packages/airflow/example_dags/tutorial_taskflow_api_etl.py
[2022-12-01 21:29:21,280] {logging_mixin.py:109} INFO - [2022-12-01 21:29:21,280] {dag.py:2398} INFO - Sync 1 DAGs
[2022-12-01 21:29:21,289] {logging_mixin.py:109} INFO - [2022-12-01 21:29:21,289] {dag.py:2937} INFO - Setting next_dagrun for tutorial_taskflow_api_etl to None
[2022-12-01 21:29:21,298] {processor.py:171} INFO - Processing /home/airflow/.local/lib/python3.7/site-packages/airflow/example_dags/tutorial_taskflow_api_etl.py took 0.178 seconds
[2022-12-01 21:29:52,299] {processor.py:163} INFO - Started process (PID=749) to work on /home/airflow/.local/lib/python3.7/site-packages/airflow/example_dags/tutorial_taskflow_api_etl.py
[2022-12-01 21:29:52,300] {processor.py:642} INFO - Processing file /home/airflow/.local/lib/python3.7/site-packages/airflow/example_dags/tutorial_taskflow_api_etl.py for tasks to queue
[2022-12-01 21:29:52,300] {logging_mixin.py:109} INFO - [2022-12-01 21:29:52,300] {dagbag.py:500} INFO - Filling up the DagBag from /home/airflow/.local/lib/python3.7/site-packages/airflow/example_dags/tutorial_taskflow_api_etl.py
[2022-12-01 21:29:52,324] {processor.py:654} INFO - DAG(s) dict_keys(['tutorial_taskflow_api_etl']) retrieved from /home/airflow/.local/lib/python3.7/site-packages/airflow/example_dags/tutorial_taskflow_api_etl.py
[2022-12-01 21:29:52,487] {logging_mixin.py:109} INFO - [2022-12-01 21:29:52,486] {dag.py:2398} INFO - Sync 1 DAGs
[2022-12-01 21:29:52,497] {logging_mixin.py:109} INFO - [2022-12-01 21:29:52,497] {dag.py:2937} INFO - Setting next_dagrun for tutorial_taskflow_api_etl to None
[2022-12-01 21:29:52,513] {processor.py:171} INFO - Processing /home/airflow/.local/lib/python3.7/site-packages/airflow/example_dags/tutorial_taskflow_api_etl.py took 0.217 seconds
[2022-12-01 21:30:23,541] {processor.py:163} INFO - Started process (PID=811) to work on /home/airflow/.local/lib/python3.7/site-packages/airflow/example_dags/tutorial_taskflow_api_etl.py
[2022-12-01 21:30:23,542] {processor.py:642} INFO - Processing file /home/airflow/.local/lib/python3.7/site-packages/airflow/example_dags/tutorial_taskflow_api_etl.py for tasks to queue
[2022-12-01 21:30:23,542] {logging_mixin.py:109} INFO - [2022-12-01 21:30:23,542] {dagbag.py:500} INFO - Filling up the DagBag from /home/airflow/.local/lib/python3.7/site-packages/airflow/example_dags/tutorial_taskflow_api_etl.py
[2022-12-01 21:30:23,566] {processor.py:654} INFO - DAG(s) dict_keys(['tutorial_taskflow_api_etl']) retrieved from /home/airflow/.local/lib/python3.7/site-packages/airflow/example_dags/tutorial_taskflow_api_etl.py
[2022-12-01 21:30:23,713] {logging_mixin.py:109} INFO - [2022-12-01 21:30:23,713] {dag.py:2398} INFO - Sync 1 DAGs
[2022-12-01 21:30:23,724] {logging_mixin.py:109} INFO - [2022-12-01 21:30:23,724] {dag.py:2937} INFO - Setting next_dagrun for tutorial_taskflow_api_etl to None
[2022-12-01 21:30:23,738] {processor.py:171} INFO - Processing /home/airflow/.local/lib/python3.7/site-packages/airflow/example_dags/tutorial_taskflow_api_etl.py took 0.200 seconds
[2022-12-01 21:30:53,847] {processor.py:163} INFO - Started process (PID=873) to work on /home/airflow/.local/lib/python3.7/site-packages/airflow/example_dags/tutorial_taskflow_api_etl.py
[2022-12-01 21:30:53,848] {processor.py:642} INFO - Processing file /home/airflow/.local/lib/python3.7/site-packages/airflow/example_dags/tutorial_taskflow_api_etl.py for tasks to queue
[2022-12-01 21:30:53,848] {logging_mixin.py:109} INFO - [2022-12-01 21:30:53,848] {dagbag.py:500} INFO - Filling up the DagBag from /home/airflow/.local/lib/python3.7/site-packages/airflow/example_dags/tutorial_taskflow_api_etl.py
[2022-12-01 21:30:53,873] {processor.py:654} INFO - DAG(s) dict_keys(['tutorial_taskflow_api_etl']) retrieved from /home/airflow/.local/lib/python3.7/site-packages/airflow/example_dags/tutorial_taskflow_api_etl.py
[2022-12-01 21:30:54,024] {logging_mixin.py:109} INFO - [2022-12-01 21:30:54,024] {dag.py:2398} INFO - Sync 1 DAGs
[2022-12-01 21:30:54,035] {logging_mixin.py:109} INFO - [2022-12-01 21:30:54,035] {dag.py:2937} INFO - Setting next_dagrun for tutorial_taskflow_api_etl to None
[2022-12-01 21:30:54,050] {processor.py:171} INFO - Processing /home/airflow/.local/lib/python3.7/site-packages/airflow/example_dags/tutorial_taskflow_api_etl.py took 0.205 seconds
[2022-12-01 21:31:24,178] {processor.py:163} INFO - Started process (PID=937) to work on /home/airflow/.local/lib/python3.7/site-packages/airflow/example_dags/tutorial_taskflow_api_etl.py
[2022-12-01 21:31:24,179] {processor.py:642} INFO - Processing file /home/airflow/.local/lib/python3.7/site-packages/airflow/example_dags/tutorial_taskflow_api_etl.py for tasks to queue
[2022-12-01 21:31:24,179] {logging_mixin.py:109} INFO - [2022-12-01 21:31:24,179] {dagbag.py:500} INFO - Filling up the DagBag from /home/airflow/.local/lib/python3.7/site-packages/airflow/example_dags/tutorial_taskflow_api_etl.py
[2022-12-01 21:31:24,202] {processor.py:654} INFO - DAG(s) dict_keys(['tutorial_taskflow_api_etl']) retrieved from /home/airflow/.local/lib/python3.7/site-packages/airflow/example_dags/tutorial_taskflow_api_etl.py
[2022-12-01 21:31:24,340] {logging_mixin.py:109} INFO - [2022-12-01 21:31:24,340] {dag.py:2398} INFO - Sync 1 DAGs
[2022-12-01 21:31:24,350] {logging_mixin.py:109} INFO - [2022-12-01 21:31:24,350] {dag.py:2937} INFO - Setting next_dagrun for tutorial_taskflow_api_etl to None
[2022-12-01 21:31:24,364] {processor.py:171} INFO - Processing /home/airflow/.local/lib/python3.7/site-packages/airflow/example_dags/tutorial_taskflow_api_etl.py took 0.188 seconds
[2022-12-01 21:31:54,665] {processor.py:163} INFO - Started process (PID=1009) to work on /home/airflow/.local/lib/python3.7/site-packages/airflow/example_dags/tutorial_taskflow_api_etl.py
[2022-12-01 21:31:54,666] {processor.py:642} INFO - Processing file /home/airflow/.local/lib/python3.7/site-packages/airflow/example_dags/tutorial_taskflow_api_etl.py for tasks to queue
[2022-12-01 21:31:54,667] {logging_mixin.py:109} INFO - [2022-12-01 21:31:54,666] {dagbag.py:500} INFO - Filling up the DagBag from /home/airflow/.local/lib/python3.7/site-packages/airflow/example_dags/tutorial_taskflow_api_etl.py
[2022-12-01 21:31:54,694] {processor.py:654} INFO - DAG(s) dict_keys(['tutorial_taskflow_api_etl']) retrieved from /home/airflow/.local/lib/python3.7/site-packages/airflow/example_dags/tutorial_taskflow_api_etl.py
[2022-12-01 21:31:54,839] {logging_mixin.py:109} INFO - [2022-12-01 21:31:54,838] {dag.py:2398} INFO - Sync 1 DAGs
[2022-12-01 21:31:54,849] {logging_mixin.py:109} INFO - [2022-12-01 21:31:54,849] {dag.py:2937} INFO - Setting next_dagrun for tutorial_taskflow_api_etl to None
[2022-12-01 21:31:54,863] {processor.py:171} INFO - Processing /home/airflow/.local/lib/python3.7/site-packages/airflow/example_dags/tutorial_taskflow_api_etl.py took 0.200 seconds
[2022-12-01 21:32:25,011] {processor.py:163} INFO - Started process (PID=1071) to work on /home/airflow/.local/lib/python3.7/site-packages/airflow/example_dags/tutorial_taskflow_api_etl.py
[2022-12-01 21:32:25,011] {processor.py:642} INFO - Processing file /home/airflow/.local/lib/python3.7/site-packages/airflow/example_dags/tutorial_taskflow_api_etl.py for tasks to queue
[2022-12-01 21:32:25,012] {logging_mixin.py:109} INFO - [2022-12-01 21:32:25,012] {dagbag.py:500} INFO - Filling up the DagBag from /home/airflow/.local/lib/python3.7/site-packages/airflow/example_dags/tutorial_taskflow_api_etl.py
[2022-12-01 21:32:25,034] {processor.py:654} INFO - DAG(s) dict_keys(['tutorial_taskflow_api_etl']) retrieved from /home/airflow/.local/lib/python3.7/site-packages/airflow/example_dags/tutorial_taskflow_api_etl.py
[2022-12-01 21:32:25,170] {logging_mixin.py:109} INFO - [2022-12-01 21:32:25,170] {dag.py:2398} INFO - Sync 1 DAGs
[2022-12-01 21:32:25,183] {logging_mixin.py:109} INFO - [2022-12-01 21:32:25,183] {dag.py:2937} INFO - Setting next_dagrun for tutorial_taskflow_api_etl to None
[2022-12-01 21:32:25,198] {processor.py:171} INFO - Processing /home/airflow/.local/lib/python3.7/site-packages/airflow/example_dags/tutorial_taskflow_api_etl.py took 0.189 seconds
[2022-12-01 21:32:55,290] {processor.py:163} INFO - Started process (PID=1142) to work on /home/airflow/.local/lib/python3.7/site-packages/airflow/example_dags/tutorial_taskflow_api_etl.py
[2022-12-01 21:32:55,291] {processor.py:642} INFO - Processing file /home/airflow/.local/lib/python3.7/site-packages/airflow/example_dags/tutorial_taskflow_api_etl.py for tasks to queue
[2022-12-01 21:32:55,292] {logging_mixin.py:109} INFO - [2022-12-01 21:32:55,292] {dagbag.py:500} INFO - Filling up the DagBag from /home/airflow/.local/lib/python3.7/site-packages/airflow/example_dags/tutorial_taskflow_api_etl.py
[2022-12-01 21:32:55,325] {processor.py:654} INFO - DAG(s) dict_keys(['tutorial_taskflow_api_etl']) retrieved from /home/airflow/.local/lib/python3.7/site-packages/airflow/example_dags/tutorial_taskflow_api_etl.py
[2022-12-01 21:32:55,481] {logging_mixin.py:109} INFO - [2022-12-01 21:32:55,481] {dag.py:2398} INFO - Sync 1 DAGs
[2022-12-01 21:32:55,493] {logging_mixin.py:109} INFO - [2022-12-01 21:32:55,493] {dag.py:2937} INFO - Setting next_dagrun for tutorial_taskflow_api_etl to None
[2022-12-01 21:32:55,508] {processor.py:171} INFO - Processing /home/airflow/.local/lib/python3.7/site-packages/airflow/example_dags/tutorial_taskflow_api_etl.py took 0.221 seconds
[2022-12-01 21:33:25,594] {processor.py:163} INFO - Started process (PID=1205) to work on /home/airflow/.local/lib/python3.7/site-packages/airflow/example_dags/tutorial_taskflow_api_etl.py
[2022-12-01 21:33:25,595] {processor.py:642} INFO - Processing file /home/airflow/.local/lib/python3.7/site-packages/airflow/example_dags/tutorial_taskflow_api_etl.py for tasks to queue
[2022-12-01 21:33:25,595] {logging_mixin.py:109} INFO - [2022-12-01 21:33:25,595] {dagbag.py:500} INFO - Filling up the DagBag from /home/airflow/.local/lib/python3.7/site-packages/airflow/example_dags/tutorial_taskflow_api_etl.py
[2022-12-01 21:33:25,622] {processor.py:654} INFO - DAG(s) dict_keys(['tutorial_taskflow_api_etl']) retrieved from /home/airflow/.local/lib/python3.7/site-packages/airflow/example_dags/tutorial_taskflow_api_etl.py
[2022-12-01 21:33:25,762] {logging_mixin.py:109} INFO - [2022-12-01 21:33:25,762] {dag.py:2398} INFO - Sync 1 DAGs
[2022-12-01 21:33:25,771] {logging_mixin.py:109} INFO - [2022-12-01 21:33:25,771] {dag.py:2937} INFO - Setting next_dagrun for tutorial_taskflow_api_etl to None
[2022-12-01 21:33:25,785] {processor.py:171} INFO - Processing /home/airflow/.local/lib/python3.7/site-packages/airflow/example_dags/tutorial_taskflow_api_etl.py took 0.194 seconds
[2022-12-01 21:33:56,053] {processor.py:163} INFO - Started process (PID=1275) to work on /home/airflow/.local/lib/python3.7/site-packages/airflow/example_dags/tutorial_taskflow_api_etl.py
[2022-12-01 21:33:56,054] {processor.py:642} INFO - Processing file /home/airflow/.local/lib/python3.7/site-packages/airflow/example_dags/tutorial_taskflow_api_etl.py for tasks to queue
[2022-12-01 21:33:56,055] {logging_mixin.py:109} INFO - [2022-12-01 21:33:56,055] {dagbag.py:500} INFO - Filling up the DagBag from /home/airflow/.local/lib/python3.7/site-packages/airflow/example_dags/tutorial_taskflow_api_etl.py
[2022-12-01 21:33:56,095] {processor.py:654} INFO - DAG(s) dict_keys(['tutorial_taskflow_api_etl']) retrieved from /home/airflow/.local/lib/python3.7/site-packages/airflow/example_dags/tutorial_taskflow_api_etl.py
[2022-12-01 21:33:56,278] {logging_mixin.py:109} INFO - [2022-12-01 21:33:56,277] {dag.py:2398} INFO - Sync 1 DAGs
[2022-12-01 21:33:56,289] {logging_mixin.py:109} INFO - [2022-12-01 21:33:56,289] {dag.py:2937} INFO - Setting next_dagrun for tutorial_taskflow_api_etl to None
[2022-12-01 21:33:56,304] {processor.py:171} INFO - Processing /home/airflow/.local/lib/python3.7/site-packages/airflow/example_dags/tutorial_taskflow_api_etl.py took 0.253 seconds
[2022-12-01 21:34:26,453] {processor.py:163} INFO - Started process (PID=1338) to work on /home/airflow/.local/lib/python3.7/site-packages/airflow/example_dags/tutorial_taskflow_api_etl.py
[2022-12-01 21:34:26,454] {processor.py:642} INFO - Processing file /home/airflow/.local/lib/python3.7/site-packages/airflow/example_dags/tutorial_taskflow_api_etl.py for tasks to queue
[2022-12-01 21:34:26,455] {logging_mixin.py:109} INFO - [2022-12-01 21:34:26,454] {dagbag.py:500} INFO - Filling up the DagBag from /home/airflow/.local/lib/python3.7/site-packages/airflow/example_dags/tutorial_taskflow_api_etl.py
[2022-12-01 21:34:26,482] {processor.py:654} INFO - DAG(s) dict_keys(['tutorial_taskflow_api_etl']) retrieved from /home/airflow/.local/lib/python3.7/site-packages/airflow/example_dags/tutorial_taskflow_api_etl.py
[2022-12-01 21:34:26,629] {logging_mixin.py:109} INFO - [2022-12-01 21:34:26,628] {dag.py:2398} INFO - Sync 1 DAGs
[2022-12-01 21:34:26,638] {logging_mixin.py:109} INFO - [2022-12-01 21:34:26,638] {dag.py:2937} INFO - Setting next_dagrun for tutorial_taskflow_api_etl to None
[2022-12-01 21:34:26,651] {processor.py:171} INFO - Processing /home/airflow/.local/lib/python3.7/site-packages/airflow/example_dags/tutorial_taskflow_api_etl.py took 0.200 seconds
[2022-12-01 21:34:56,949] {processor.py:163} INFO - Started process (PID=1410) to work on /home/airflow/.local/lib/python3.7/site-packages/airflow/example_dags/tutorial_taskflow_api_etl.py
[2022-12-01 21:34:56,949] {processor.py:642} INFO - Processing file /home/airflow/.local/lib/python3.7/site-packages/airflow/example_dags/tutorial_taskflow_api_etl.py for tasks to queue
[2022-12-01 21:34:56,950] {logging_mixin.py:109} INFO - [2022-12-01 21:34:56,950] {dagbag.py:500} INFO - Filling up the DagBag from /home/airflow/.local/lib/python3.7/site-packages/airflow/example_dags/tutorial_taskflow_api_etl.py
[2022-12-01 21:34:56,973] {processor.py:654} INFO - DAG(s) dict_keys(['tutorial_taskflow_api_etl']) retrieved from /home/airflow/.local/lib/python3.7/site-packages/airflow/example_dags/tutorial_taskflow_api_etl.py
[2022-12-01 21:34:57,146] {logging_mixin.py:109} INFO - [2022-12-01 21:34:57,146] {dag.py:2398} INFO - Sync 1 DAGs
[2022-12-01 21:34:57,155] {logging_mixin.py:109} INFO - [2022-12-01 21:34:57,155] {dag.py:2937} INFO - Setting next_dagrun for tutorial_taskflow_api_etl to None
[2022-12-01 21:34:57,169] {processor.py:171} INFO - Processing /home/airflow/.local/lib/python3.7/site-packages/airflow/example_dags/tutorial_taskflow_api_etl.py took 0.223 seconds
[2022-12-01 21:35:27,243] {processor.py:163} INFO - Started process (PID=1472) to work on /home/airflow/.local/lib/python3.7/site-packages/airflow/example_dags/tutorial_taskflow_api_etl.py
[2022-12-01 21:35:27,243] {processor.py:642} INFO - Processing file /home/airflow/.local/lib/python3.7/site-packages/airflow/example_dags/tutorial_taskflow_api_etl.py for tasks to queue
[2022-12-01 21:35:27,244] {logging_mixin.py:109} INFO - [2022-12-01 21:35:27,244] {dagbag.py:500} INFO - Filling up the DagBag from /home/airflow/.local/lib/python3.7/site-packages/airflow/example_dags/tutorial_taskflow_api_etl.py
[2022-12-01 21:35:27,268] {processor.py:654} INFO - DAG(s) dict_keys(['tutorial_taskflow_api_etl']) retrieved from /home/airflow/.local/lib/python3.7/site-packages/airflow/example_dags/tutorial_taskflow_api_etl.py
[2022-12-01 21:35:27,400] {logging_mixin.py:109} INFO - [2022-12-01 21:35:27,400] {dag.py:2398} INFO - Sync 1 DAGs
[2022-12-01 21:35:27,409] {logging_mixin.py:109} INFO - [2022-12-01 21:35:27,409] {dag.py:2937} INFO - Setting next_dagrun for tutorial_taskflow_api_etl to None
[2022-12-01 21:35:27,424] {processor.py:171} INFO - Processing /home/airflow/.local/lib/python3.7/site-packages/airflow/example_dags/tutorial_taskflow_api_etl.py took 0.183 seconds
[2022-12-01 21:35:57,448] {processor.py:163} INFO - Started process (PID=1544) to work on /home/airflow/.local/lib/python3.7/site-packages/airflow/example_dags/tutorial_taskflow_api_etl.py
[2022-12-01 21:35:57,449] {processor.py:642} INFO - Processing file /home/airflow/.local/lib/python3.7/site-packages/airflow/example_dags/tutorial_taskflow_api_etl.py for tasks to queue
[2022-12-01 21:35:57,449] {logging_mixin.py:109} INFO - [2022-12-01 21:35:57,449] {dagbag.py:500} INFO - Filling up the DagBag from /home/airflow/.local/lib/python3.7/site-packages/airflow/example_dags/tutorial_taskflow_api_etl.py
[2022-12-01 21:35:57,474] {processor.py:654} INFO - DAG(s) dict_keys(['tutorial_taskflow_api_etl']) retrieved from /home/airflow/.local/lib/python3.7/site-packages/airflow/example_dags/tutorial_taskflow_api_etl.py
[2022-12-01 21:35:57,649] {logging_mixin.py:109} INFO - [2022-12-01 21:35:57,649] {dag.py:2398} INFO - Sync 1 DAGs
[2022-12-01 21:35:57,662] {logging_mixin.py:109} INFO - [2022-12-01 21:35:57,662] {dag.py:2937} INFO - Setting next_dagrun for tutorial_taskflow_api_etl to None
[2022-12-01 21:35:57,672] {processor.py:171} INFO - Processing /home/airflow/.local/lib/python3.7/site-packages/airflow/example_dags/tutorial_taskflow_api_etl.py took 0.226 seconds
[2022-12-01 21:36:27,688] {processor.py:163} INFO - Started process (PID=1605) to work on /home/airflow/.local/lib/python3.7/site-packages/airflow/example_dags/tutorial_taskflow_api_etl.py
[2022-12-01 21:36:27,689] {processor.py:642} INFO - Processing file /home/airflow/.local/lib/python3.7/site-packages/airflow/example_dags/tutorial_taskflow_api_etl.py for tasks to queue
[2022-12-01 21:36:27,690] {logging_mixin.py:109} INFO - [2022-12-01 21:36:27,690] {dagbag.py:500} INFO - Filling up the DagBag from /home/airflow/.local/lib/python3.7/site-packages/airflow/example_dags/tutorial_taskflow_api_etl.py
[2022-12-01 21:36:27,715] {processor.py:654} INFO - DAG(s) dict_keys(['tutorial_taskflow_api_etl']) retrieved from /home/airflow/.local/lib/python3.7/site-packages/airflow/example_dags/tutorial_taskflow_api_etl.py
[2022-12-01 21:36:27,871] {logging_mixin.py:109} INFO - [2022-12-01 21:36:27,871] {dag.py:2398} INFO - Sync 1 DAGs
[2022-12-01 21:36:27,880] {logging_mixin.py:109} INFO - [2022-12-01 21:36:27,880] {dag.py:2937} INFO - Setting next_dagrun for tutorial_taskflow_api_etl to None
[2022-12-01 21:36:27,893] {processor.py:171} INFO - Processing /home/airflow/.local/lib/python3.7/site-packages/airflow/example_dags/tutorial_taskflow_api_etl.py took 0.207 seconds
[2022-12-01 21:36:57,967] {processor.py:163} INFO - Started process (PID=1677) to work on /home/airflow/.local/lib/python3.7/site-packages/airflow/example_dags/tutorial_taskflow_api_etl.py
[2022-12-01 21:36:57,967] {processor.py:642} INFO - Processing file /home/airflow/.local/lib/python3.7/site-packages/airflow/example_dags/tutorial_taskflow_api_etl.py for tasks to queue
[2022-12-01 21:36:57,968] {logging_mixin.py:109} INFO - [2022-12-01 21:36:57,967] {dagbag.py:500} INFO - Filling up the DagBag from /home/airflow/.local/lib/python3.7/site-packages/airflow/example_dags/tutorial_taskflow_api_etl.py
[2022-12-01 21:36:57,995] {processor.py:654} INFO - DAG(s) dict_keys(['tutorial_taskflow_api_etl']) retrieved from /home/airflow/.local/lib/python3.7/site-packages/airflow/example_dags/tutorial_taskflow_api_etl.py
[2022-12-01 21:36:58,151] {logging_mixin.py:109} INFO - [2022-12-01 21:36:58,151] {dag.py:2398} INFO - Sync 1 DAGs
[2022-12-01 21:36:58,162] {logging_mixin.py:109} INFO - [2022-12-01 21:36:58,162] {dag.py:2937} INFO - Setting next_dagrun for tutorial_taskflow_api_etl to None
[2022-12-01 21:36:58,177] {processor.py:171} INFO - Processing /home/airflow/.local/lib/python3.7/site-packages/airflow/example_dags/tutorial_taskflow_api_etl.py took 0.213 seconds
[2022-12-01 21:37:28,298] {processor.py:163} INFO - Started process (PID=1738) to work on /home/airflow/.local/lib/python3.7/site-packages/airflow/example_dags/tutorial_taskflow_api_etl.py
[2022-12-01 21:37:28,299] {processor.py:642} INFO - Processing file /home/airflow/.local/lib/python3.7/site-packages/airflow/example_dags/tutorial_taskflow_api_etl.py for tasks to queue
[2022-12-01 21:37:28,299] {logging_mixin.py:109} INFO - [2022-12-01 21:37:28,299] {dagbag.py:500} INFO - Filling up the DagBag from /home/airflow/.local/lib/python3.7/site-packages/airflow/example_dags/tutorial_taskflow_api_etl.py
[2022-12-01 21:37:28,323] {processor.py:654} INFO - DAG(s) dict_keys(['tutorial_taskflow_api_etl']) retrieved from /home/airflow/.local/lib/python3.7/site-packages/airflow/example_dags/tutorial_taskflow_api_etl.py
[2022-12-01 21:37:28,461] {logging_mixin.py:109} INFO - [2022-12-01 21:37:28,461] {dag.py:2398} INFO - Sync 1 DAGs
[2022-12-01 21:37:28,470] {logging_mixin.py:109} INFO - [2022-12-01 21:37:28,470] {dag.py:2937} INFO - Setting next_dagrun for tutorial_taskflow_api_etl to None
[2022-12-01 21:37:28,483] {processor.py:171} INFO - Processing /home/airflow/.local/lib/python3.7/site-packages/airflow/example_dags/tutorial_taskflow_api_etl.py took 0.187 seconds
[2022-12-01 21:37:58,584] {processor.py:163} INFO - Started process (PID=1810) to work on /home/airflow/.local/lib/python3.7/site-packages/airflow/example_dags/tutorial_taskflow_api_etl.py
[2022-12-01 21:37:58,585] {processor.py:642} INFO - Processing file /home/airflow/.local/lib/python3.7/site-packages/airflow/example_dags/tutorial_taskflow_api_etl.py for tasks to queue
[2022-12-01 21:37:58,585] {logging_mixin.py:109} INFO - [2022-12-01 21:37:58,585] {dagbag.py:500} INFO - Filling up the DagBag from /home/airflow/.local/lib/python3.7/site-packages/airflow/example_dags/tutorial_taskflow_api_etl.py
[2022-12-01 21:37:58,610] {processor.py:654} INFO - DAG(s) dict_keys(['tutorial_taskflow_api_etl']) retrieved from /home/airflow/.local/lib/python3.7/site-packages/airflow/example_dags/tutorial_taskflow_api_etl.py
[2022-12-01 21:37:58,758] {logging_mixin.py:109} INFO - [2022-12-01 21:37:58,758] {dag.py:2398} INFO - Sync 1 DAGs
[2022-12-01 21:37:58,768] {logging_mixin.py:109} INFO - [2022-12-01 21:37:58,768] {dag.py:2937} INFO - Setting next_dagrun for tutorial_taskflow_api_etl to None
[2022-12-01 21:37:58,777] {processor.py:171} INFO - Processing /home/airflow/.local/lib/python3.7/site-packages/airflow/example_dags/tutorial_taskflow_api_etl.py took 0.195 seconds
[2022-12-01 21:38:28,854] {processor.py:163} INFO - Started process (PID=1872) to work on /home/airflow/.local/lib/python3.7/site-packages/airflow/example_dags/tutorial_taskflow_api_etl.py
[2022-12-01 21:38:28,855] {processor.py:642} INFO - Processing file /home/airflow/.local/lib/python3.7/site-packages/airflow/example_dags/tutorial_taskflow_api_etl.py for tasks to queue
[2022-12-01 21:38:28,856] {logging_mixin.py:109} INFO - [2022-12-01 21:38:28,856] {dagbag.py:500} INFO - Filling up the DagBag from /home/airflow/.local/lib/python3.7/site-packages/airflow/example_dags/tutorial_taskflow_api_etl.py
[2022-12-01 21:38:28,880] {processor.py:654} INFO - DAG(s) dict_keys(['tutorial_taskflow_api_etl']) retrieved from /home/airflow/.local/lib/python3.7/site-packages/airflow/example_dags/tutorial_taskflow_api_etl.py
[2022-12-01 21:38:29,019] {logging_mixin.py:109} INFO - [2022-12-01 21:38:29,019] {dag.py:2398} INFO - Sync 1 DAGs
[2022-12-01 21:38:29,027] {logging_mixin.py:109} INFO - [2022-12-01 21:38:29,027] {dag.py:2937} INFO - Setting next_dagrun for tutorial_taskflow_api_etl to None
[2022-12-01 21:38:29,040] {processor.py:171} INFO - Processing /home/airflow/.local/lib/python3.7/site-packages/airflow/example_dags/tutorial_taskflow_api_etl.py took 0.188 seconds
[2022-12-01 21:38:59,134] {processor.py:163} INFO - Started process (PID=1942) to work on /home/airflow/.local/lib/python3.7/site-packages/airflow/example_dags/tutorial_taskflow_api_etl.py
[2022-12-01 21:38:59,135] {processor.py:642} INFO - Processing file /home/airflow/.local/lib/python3.7/site-packages/airflow/example_dags/tutorial_taskflow_api_etl.py for tasks to queue
[2022-12-01 21:38:59,135] {logging_mixin.py:109} INFO - [2022-12-01 21:38:59,135] {dagbag.py:500} INFO - Filling up the DagBag from /home/airflow/.local/lib/python3.7/site-packages/airflow/example_dags/tutorial_taskflow_api_etl.py
[2022-12-01 21:38:59,158] {processor.py:654} INFO - DAG(s) dict_keys(['tutorial_taskflow_api_etl']) retrieved from /home/airflow/.local/lib/python3.7/site-packages/airflow/example_dags/tutorial_taskflow_api_etl.py
[2022-12-01 21:38:59,302] {logging_mixin.py:109} INFO - [2022-12-01 21:38:59,302] {dag.py:2398} INFO - Sync 1 DAGs
[2022-12-01 21:38:59,313] {logging_mixin.py:109} INFO - [2022-12-01 21:38:59,312] {dag.py:2937} INFO - Setting next_dagrun for tutorial_taskflow_api_etl to None
[2022-12-01 21:38:59,327] {processor.py:171} INFO - Processing /home/airflow/.local/lib/python3.7/site-packages/airflow/example_dags/tutorial_taskflow_api_etl.py took 0.195 seconds
[2022-12-01 21:39:29,444] {processor.py:163} INFO - Started process (PID=2004) to work on /home/airflow/.local/lib/python3.7/site-packages/airflow/example_dags/tutorial_taskflow_api_etl.py
[2022-12-01 21:39:29,445] {processor.py:642} INFO - Processing file /home/airflow/.local/lib/python3.7/site-packages/airflow/example_dags/tutorial_taskflow_api_etl.py for tasks to queue
[2022-12-01 21:39:29,445] {logging_mixin.py:109} INFO - [2022-12-01 21:39:29,445] {dagbag.py:500} INFO - Filling up the DagBag from /home/airflow/.local/lib/python3.7/site-packages/airflow/example_dags/tutorial_taskflow_api_etl.py
[2022-12-01 21:39:29,468] {processor.py:654} INFO - DAG(s) dict_keys(['tutorial_taskflow_api_etl']) retrieved from /home/airflow/.local/lib/python3.7/site-packages/airflow/example_dags/tutorial_taskflow_api_etl.py
[2022-12-01 21:39:29,607] {logging_mixin.py:109} INFO - [2022-12-01 21:39:29,607] {dag.py:2398} INFO - Sync 1 DAGs
[2022-12-01 21:39:29,616] {logging_mixin.py:109} INFO - [2022-12-01 21:39:29,616] {dag.py:2937} INFO - Setting next_dagrun for tutorial_taskflow_api_etl to None
[2022-12-01 21:39:29,624] {processor.py:171} INFO - Processing /home/airflow/.local/lib/python3.7/site-packages/airflow/example_dags/tutorial_taskflow_api_etl.py took 0.182 seconds
[2022-12-01 21:39:59,776] {processor.py:163} INFO - Started process (PID=2075) to work on /home/airflow/.local/lib/python3.7/site-packages/airflow/example_dags/tutorial_taskflow_api_etl.py
[2022-12-01 21:39:59,776] {processor.py:642} INFO - Processing file /home/airflow/.local/lib/python3.7/site-packages/airflow/example_dags/tutorial_taskflow_api_etl.py for tasks to queue
[2022-12-01 21:39:59,777] {logging_mixin.py:109} INFO - [2022-12-01 21:39:59,777] {dagbag.py:500} INFO - Filling up the DagBag from /home/airflow/.local/lib/python3.7/site-packages/airflow/example_dags/tutorial_taskflow_api_etl.py
[2022-12-01 21:39:59,799] {processor.py:654} INFO - DAG(s) dict_keys(['tutorial_taskflow_api_etl']) retrieved from /home/airflow/.local/lib/python3.7/site-packages/airflow/example_dags/tutorial_taskflow_api_etl.py
[2022-12-01 21:39:59,942] {logging_mixin.py:109} INFO - [2022-12-01 21:39:59,942] {dag.py:2398} INFO - Sync 1 DAGs
[2022-12-01 21:39:59,952] {logging_mixin.py:109} INFO - [2022-12-01 21:39:59,952] {dag.py:2937} INFO - Setting next_dagrun for tutorial_taskflow_api_etl to None
[2022-12-01 21:39:59,967] {processor.py:171} INFO - Processing /home/airflow/.local/lib/python3.7/site-packages/airflow/example_dags/tutorial_taskflow_api_etl.py took 0.193 seconds
[2022-12-01 21:40:30,164] {processor.py:163} INFO - Started process (PID=2137) to work on /home/airflow/.local/lib/python3.7/site-packages/airflow/example_dags/tutorial_taskflow_api_etl.py
[2022-12-01 21:40:30,165] {processor.py:642} INFO - Processing file /home/airflow/.local/lib/python3.7/site-packages/airflow/example_dags/tutorial_taskflow_api_etl.py for tasks to queue
[2022-12-01 21:40:30,166] {logging_mixin.py:109} INFO - [2022-12-01 21:40:30,165] {dagbag.py:500} INFO - Filling up the DagBag from /home/airflow/.local/lib/python3.7/site-packages/airflow/example_dags/tutorial_taskflow_api_etl.py
[2022-12-01 21:40:30,187] {processor.py:654} INFO - DAG(s) dict_keys(['tutorial_taskflow_api_etl']) retrieved from /home/airflow/.local/lib/python3.7/site-packages/airflow/example_dags/tutorial_taskflow_api_etl.py
[2022-12-01 21:40:30,320] {logging_mixin.py:109} INFO - [2022-12-01 21:40:30,320] {dag.py:2398} INFO - Sync 1 DAGs
[2022-12-01 21:40:30,329] {logging_mixin.py:109} INFO - [2022-12-01 21:40:30,329] {dag.py:2937} INFO - Setting next_dagrun for tutorial_taskflow_api_etl to None
[2022-12-01 21:40:30,342] {processor.py:171} INFO - Processing /home/airflow/.local/lib/python3.7/site-packages/airflow/example_dags/tutorial_taskflow_api_etl.py took 0.180 seconds
[2022-12-01 21:41:00,575] {processor.py:163} INFO - Started process (PID=2208) to work on /home/airflow/.local/lib/python3.7/site-packages/airflow/example_dags/tutorial_taskflow_api_etl.py
[2022-12-01 21:41:00,576] {processor.py:642} INFO - Processing file /home/airflow/.local/lib/python3.7/site-packages/airflow/example_dags/tutorial_taskflow_api_etl.py for tasks to queue
[2022-12-01 21:41:00,576] {logging_mixin.py:109} INFO - [2022-12-01 21:41:00,576] {dagbag.py:500} INFO - Filling up the DagBag from /home/airflow/.local/lib/python3.7/site-packages/airflow/example_dags/tutorial_taskflow_api_etl.py
[2022-12-01 21:41:00,601] {processor.py:654} INFO - DAG(s) dict_keys(['tutorial_taskflow_api_etl']) retrieved from /home/airflow/.local/lib/python3.7/site-packages/airflow/example_dags/tutorial_taskflow_api_etl.py
[2022-12-01 21:41:00,741] {logging_mixin.py:109} INFO - [2022-12-01 21:41:00,741] {dag.py:2398} INFO - Sync 1 DAGs
[2022-12-01 21:41:00,751] {logging_mixin.py:109} INFO - [2022-12-01 21:41:00,750] {dag.py:2937} INFO - Setting next_dagrun for tutorial_taskflow_api_etl to None
[2022-12-01 21:41:00,765] {processor.py:171} INFO - Processing /home/airflow/.local/lib/python3.7/site-packages/airflow/example_dags/tutorial_taskflow_api_etl.py took 0.191 seconds
[2022-12-01 21:41:30,988] {processor.py:163} INFO - Started process (PID=2271) to work on /home/airflow/.local/lib/python3.7/site-packages/airflow/example_dags/tutorial_taskflow_api_etl.py
[2022-12-01 21:41:30,989] {processor.py:642} INFO - Processing file /home/airflow/.local/lib/python3.7/site-packages/airflow/example_dags/tutorial_taskflow_api_etl.py for tasks to queue
[2022-12-01 21:41:30,989] {logging_mixin.py:109} INFO - [2022-12-01 21:41:30,989] {dagbag.py:500} INFO - Filling up the DagBag from /home/airflow/.local/lib/python3.7/site-packages/airflow/example_dags/tutorial_taskflow_api_etl.py
[2022-12-01 21:41:31,012] {processor.py:654} INFO - DAG(s) dict_keys(['tutorial_taskflow_api_etl']) retrieved from /home/airflow/.local/lib/python3.7/site-packages/airflow/example_dags/tutorial_taskflow_api_etl.py
[2022-12-01 21:41:31,148] {logging_mixin.py:109} INFO - [2022-12-01 21:41:31,148] {dag.py:2398} INFO - Sync 1 DAGs
[2022-12-01 21:41:31,157] {logging_mixin.py:109} INFO - [2022-12-01 21:41:31,157] {dag.py:2937} INFO - Setting next_dagrun for tutorial_taskflow_api_etl to None
[2022-12-01 21:41:31,171] {processor.py:171} INFO - Processing /home/airflow/.local/lib/python3.7/site-packages/airflow/example_dags/tutorial_taskflow_api_etl.py took 0.186 seconds
[2022-12-01 21:42:01,192] {processor.py:163} INFO - Started process (PID=2343) to work on /home/airflow/.local/lib/python3.7/site-packages/airflow/example_dags/tutorial_taskflow_api_etl.py
[2022-12-01 21:42:01,193] {processor.py:642} INFO - Processing file /home/airflow/.local/lib/python3.7/site-packages/airflow/example_dags/tutorial_taskflow_api_etl.py for tasks to queue
[2022-12-01 21:42:01,193] {logging_mixin.py:109} INFO - [2022-12-01 21:42:01,193] {dagbag.py:500} INFO - Filling up the DagBag from /home/airflow/.local/lib/python3.7/site-packages/airflow/example_dags/tutorial_taskflow_api_etl.py
[2022-12-01 21:42:01,218] {processor.py:654} INFO - DAG(s) dict_keys(['tutorial_taskflow_api_etl']) retrieved from /home/airflow/.local/lib/python3.7/site-packages/airflow/example_dags/tutorial_taskflow_api_etl.py
[2022-12-01 21:42:01,358] {logging_mixin.py:109} INFO - [2022-12-01 21:42:01,358] {dag.py:2398} INFO - Sync 1 DAGs
[2022-12-01 21:42:01,370] {logging_mixin.py:109} INFO - [2022-12-01 21:42:01,370] {dag.py:2937} INFO - Setting next_dagrun for tutorial_taskflow_api_etl to None
[2022-12-01 21:42:01,386] {processor.py:171} INFO - Processing /home/airflow/.local/lib/python3.7/site-packages/airflow/example_dags/tutorial_taskflow_api_etl.py took 0.197 seconds
[2022-12-01 21:42:32,342] {processor.py:163} INFO - Started process (PID=2405) to work on /home/airflow/.local/lib/python3.7/site-packages/airflow/example_dags/tutorial_taskflow_api_etl.py
[2022-12-01 21:42:32,344] {processor.py:642} INFO - Processing file /home/airflow/.local/lib/python3.7/site-packages/airflow/example_dags/tutorial_taskflow_api_etl.py for tasks to queue
[2022-12-01 21:42:32,344] {logging_mixin.py:109} INFO - [2022-12-01 21:42:32,344] {dagbag.py:500} INFO - Filling up the DagBag from /home/airflow/.local/lib/python3.7/site-packages/airflow/example_dags/tutorial_taskflow_api_etl.py
[2022-12-01 21:42:32,372] {processor.py:654} INFO - DAG(s) dict_keys(['tutorial_taskflow_api_etl']) retrieved from /home/airflow/.local/lib/python3.7/site-packages/airflow/example_dags/tutorial_taskflow_api_etl.py
[2022-12-01 21:42:32,533] {logging_mixin.py:109} INFO - [2022-12-01 21:42:32,533] {dag.py:2398} INFO - Sync 1 DAGs
[2022-12-01 21:42:32,543] {logging_mixin.py:109} INFO - [2022-12-01 21:42:32,542] {dag.py:2937} INFO - Setting next_dagrun for tutorial_taskflow_api_etl to None
[2022-12-01 21:42:32,557] {processor.py:171} INFO - Processing /home/airflow/.local/lib/python3.7/site-packages/airflow/example_dags/tutorial_taskflow_api_etl.py took 0.218 seconds
[2022-12-01 21:43:02,761] {processor.py:163} INFO - Started process (PID=2478) to work on /home/airflow/.local/lib/python3.7/site-packages/airflow/example_dags/tutorial_taskflow_api_etl.py
[2022-12-01 21:43:02,762] {processor.py:642} INFO - Processing file /home/airflow/.local/lib/python3.7/site-packages/airflow/example_dags/tutorial_taskflow_api_etl.py for tasks to queue
[2022-12-01 21:43:02,762] {logging_mixin.py:109} INFO - [2022-12-01 21:43:02,762] {dagbag.py:500} INFO - Filling up the DagBag from /home/airflow/.local/lib/python3.7/site-packages/airflow/example_dags/tutorial_taskflow_api_etl.py
[2022-12-01 21:43:02,788] {processor.py:654} INFO - DAG(s) dict_keys(['tutorial_taskflow_api_etl']) retrieved from /home/airflow/.local/lib/python3.7/site-packages/airflow/example_dags/tutorial_taskflow_api_etl.py
[2022-12-01 21:43:02,968] {logging_mixin.py:109} INFO - [2022-12-01 21:43:02,968] {dag.py:2398} INFO - Sync 1 DAGs
[2022-12-01 21:43:02,979] {logging_mixin.py:109} INFO - [2022-12-01 21:43:02,979] {dag.py:2937} INFO - Setting next_dagrun for tutorial_taskflow_api_etl to None
[2022-12-01 21:43:02,995] {processor.py:171} INFO - Processing /home/airflow/.local/lib/python3.7/site-packages/airflow/example_dags/tutorial_taskflow_api_etl.py took 0.236 seconds
[2022-12-01 21:43:33,166] {processor.py:163} INFO - Started process (PID=2541) to work on /home/airflow/.local/lib/python3.7/site-packages/airflow/example_dags/tutorial_taskflow_api_etl.py
[2022-12-01 21:43:33,168] {processor.py:642} INFO - Processing file /home/airflow/.local/lib/python3.7/site-packages/airflow/example_dags/tutorial_taskflow_api_etl.py for tasks to queue
[2022-12-01 21:43:33,169] {logging_mixin.py:109} INFO - [2022-12-01 21:43:33,169] {dagbag.py:500} INFO - Filling up the DagBag from /home/airflow/.local/lib/python3.7/site-packages/airflow/example_dags/tutorial_taskflow_api_etl.py
[2022-12-01 21:43:33,195] {processor.py:654} INFO - DAG(s) dict_keys(['tutorial_taskflow_api_etl']) retrieved from /home/airflow/.local/lib/python3.7/site-packages/airflow/example_dags/tutorial_taskflow_api_etl.py
[2022-12-01 21:43:33,336] {logging_mixin.py:109} INFO - [2022-12-01 21:43:33,335] {dag.py:2398} INFO - Sync 1 DAGs
[2022-12-01 21:43:33,345] {logging_mixin.py:109} INFO - [2022-12-01 21:43:33,345] {dag.py:2937} INFO - Setting next_dagrun for tutorial_taskflow_api_etl to None
[2022-12-01 21:43:33,366] {processor.py:171} INFO - Processing /home/airflow/.local/lib/python3.7/site-packages/airflow/example_dags/tutorial_taskflow_api_etl.py took 0.203 seconds
[2022-12-01 21:44:03,650] {processor.py:163} INFO - Started process (PID=2613) to work on /home/airflow/.local/lib/python3.7/site-packages/airflow/example_dags/tutorial_taskflow_api_etl.py
[2022-12-01 21:44:03,651] {processor.py:642} INFO - Processing file /home/airflow/.local/lib/python3.7/site-packages/airflow/example_dags/tutorial_taskflow_api_etl.py for tasks to queue
[2022-12-01 21:44:03,652] {logging_mixin.py:109} INFO - [2022-12-01 21:44:03,652] {dagbag.py:500} INFO - Filling up the DagBag from /home/airflow/.local/lib/python3.7/site-packages/airflow/example_dags/tutorial_taskflow_api_etl.py
[2022-12-01 21:44:03,688] {processor.py:654} INFO - DAG(s) dict_keys(['tutorial_taskflow_api_etl']) retrieved from /home/airflow/.local/lib/python3.7/site-packages/airflow/example_dags/tutorial_taskflow_api_etl.py
[2022-12-01 21:44:03,941] {logging_mixin.py:109} INFO - [2022-12-01 21:44:03,940] {dag.py:2398} INFO - Sync 1 DAGs
[2022-12-01 21:44:03,958] {logging_mixin.py:109} INFO - [2022-12-01 21:44:03,958] {dag.py:2937} INFO - Setting next_dagrun for tutorial_taskflow_api_etl to None
[2022-12-01 21:44:03,981] {processor.py:171} INFO - Processing /home/airflow/.local/lib/python3.7/site-packages/airflow/example_dags/tutorial_taskflow_api_etl.py took 0.333 seconds
