[2022-10-16 06:43:19,877] {processor.py:163} INFO - Started process (PID=40) to work on /opt/airflow/dags/load_snowflake.py
[2022-10-16 06:43:19,878] {processor.py:642} INFO - Processing file /opt/airflow/dags/load_snowflake.py for tasks to queue
[2022-10-16 06:43:19,879] {logging_mixin.py:109} INFO - [2022-10-16 06:43:19,879] {dagbag.py:500} INFO - Filling up the DagBag from /opt/airflow/dags/load_snowflake.py
[2022-10-16 06:43:21,669] {logging_mixin.py:109} WARNING - /home/airflow/.local/lib/python3.7/site-packages/snowflake/connector/options.py:97 UserWarning: You have an incompatible version of 'pyarrow' installed (6.0.1), please install a version that adheres to: 'pyarrow<3.1.0,>=3.0.0; extra == "pandas"'
[2022-10-16 06:43:22,787] {processor.py:654} INFO - DAG(s) dict_keys(['example_snowflake']) retrieved from /opt/airflow/dags/load_snowflake.py
[2022-10-16 06:43:22,793] {logging_mixin.py:109} INFO - [2022-10-16 06:43:22,793] {dag.py:2398} INFO - Sync 1 DAGs
[2022-10-16 06:43:22,807] {logging_mixin.py:109} INFO - [2022-10-16 06:43:22,807] {dag.py:2937} INFO - Setting next_dagrun for example_snowflake to 2022-10-16T06:43:19.899144+00:00
[2022-10-16 06:43:22,870] {processor.py:171} INFO - Processing /opt/airflow/dags/load_snowflake.py took 2.996 seconds
[2022-10-16 06:43:52,957] {processor.py:163} INFO - Started process (PID=115) to work on /opt/airflow/dags/load_snowflake.py
[2022-10-16 06:43:52,958] {processor.py:642} INFO - Processing file /opt/airflow/dags/load_snowflake.py for tasks to queue
[2022-10-16 06:43:52,959] {logging_mixin.py:109} INFO - [2022-10-16 06:43:52,958] {dagbag.py:500} INFO - Filling up the DagBag from /opt/airflow/dags/load_snowflake.py
[2022-10-16 06:43:53,455] {logging_mixin.py:109} WARNING - /home/airflow/.local/lib/python3.7/site-packages/snowflake/connector/options.py:97 UserWarning: You have an incompatible version of 'pyarrow' installed (6.0.1), please install a version that adheres to: 'pyarrow<3.1.0,>=3.0.0; extra == "pandas"'
[2022-10-16 06:43:53,683] {processor.py:654} INFO - DAG(s) dict_keys(['example_snowflake']) retrieved from /opt/airflow/dags/load_snowflake.py
[2022-10-16 06:43:53,688] {logging_mixin.py:109} INFO - [2022-10-16 06:43:53,687] {dag.py:2398} INFO - Sync 1 DAGs
[2022-10-16 06:43:53,696] {logging_mixin.py:109} INFO - [2022-10-16 06:43:53,696] {dag.py:2937} INFO - Setting next_dagrun for example_snowflake to 2022-10-16T06:43:30.110258+00:00
[2022-10-16 06:43:53,709] {processor.py:171} INFO - Processing /opt/airflow/dags/load_snowflake.py took 0.753 seconds
[2022-10-16 06:44:24,436] {processor.py:163} INFO - Started process (PID=186) to work on /opt/airflow/dags/load_snowflake.py
[2022-10-16 06:44:24,438] {processor.py:642} INFO - Processing file /opt/airflow/dags/load_snowflake.py for tasks to queue
[2022-10-16 06:44:24,438] {logging_mixin.py:109} INFO - [2022-10-16 06:44:24,438] {dagbag.py:500} INFO - Filling up the DagBag from /opt/airflow/dags/load_snowflake.py
[2022-10-16 06:44:24,920] {logging_mixin.py:109} WARNING - /home/airflow/.local/lib/python3.7/site-packages/snowflake/connector/options.py:97 UserWarning: You have an incompatible version of 'pyarrow' installed (6.0.1), please install a version that adheres to: 'pyarrow<3.1.0,>=3.0.0; extra == "pandas"'
[2022-10-16 06:44:25,134] {processor.py:654} INFO - DAG(s) dict_keys(['example_snowflake']) retrieved from /opt/airflow/dags/load_snowflake.py
[2022-10-16 06:44:25,140] {logging_mixin.py:109} INFO - [2022-10-16 06:44:25,140] {dag.py:2398} INFO - Sync 1 DAGs
[2022-10-16 06:44:25,149] {logging_mixin.py:109} INFO - [2022-10-16 06:44:25,149] {dag.py:2937} INFO - Setting next_dagrun for example_snowflake to 2022-10-16T06:43:30.110258+00:00
[2022-10-16 06:44:25,162] {processor.py:171} INFO - Processing /opt/airflow/dags/load_snowflake.py took 0.729 seconds
[2022-10-16 06:44:55,789] {processor.py:163} INFO - Started process (PID=261) to work on /opt/airflow/dags/load_snowflake.py
[2022-10-16 06:44:55,790] {processor.py:642} INFO - Processing file /opt/airflow/dags/load_snowflake.py for tasks to queue
[2022-10-16 06:44:55,791] {logging_mixin.py:109} INFO - [2022-10-16 06:44:55,791] {dagbag.py:500} INFO - Filling up the DagBag from /opt/airflow/dags/load_snowflake.py
[2022-10-16 06:44:56,296] {logging_mixin.py:109} WARNING - /home/airflow/.local/lib/python3.7/site-packages/snowflake/connector/options.py:97 UserWarning: You have an incompatible version of 'pyarrow' installed (6.0.1), please install a version that adheres to: 'pyarrow<3.1.0,>=3.0.0; extra == "pandas"'
[2022-10-16 06:44:56,544] {processor.py:654} INFO - DAG(s) dict_keys(['example_snowflake']) retrieved from /opt/airflow/dags/load_snowflake.py
[2022-10-16 06:44:56,552] {logging_mixin.py:109} INFO - [2022-10-16 06:44:56,552] {dag.py:2398} INFO - Sync 1 DAGs
[2022-10-16 06:44:56,568] {logging_mixin.py:109} INFO - [2022-10-16 06:44:56,568] {dag.py:2937} INFO - Setting next_dagrun for example_snowflake to 2022-10-16T06:43:30.110258+00:00
[2022-10-16 06:44:56,585] {processor.py:171} INFO - Processing /opt/airflow/dags/load_snowflake.py took 0.798 seconds
[2022-10-16 06:45:26,809] {processor.py:163} INFO - Started process (PID=323) to work on /opt/airflow/dags/load_snowflake.py
[2022-10-16 06:45:26,810] {processor.py:642} INFO - Processing file /opt/airflow/dags/load_snowflake.py for tasks to queue
[2022-10-16 06:45:26,811] {logging_mixin.py:109} INFO - [2022-10-16 06:45:26,811] {dagbag.py:500} INFO - Filling up the DagBag from /opt/airflow/dags/load_snowflake.py
[2022-10-16 06:45:27,270] {logging_mixin.py:109} WARNING - /home/airflow/.local/lib/python3.7/site-packages/snowflake/connector/options.py:97 UserWarning: You have an incompatible version of 'pyarrow' installed (6.0.1), please install a version that adheres to: 'pyarrow<3.1.0,>=3.0.0; extra == "pandas"'
[2022-10-16 06:45:27,478] {processor.py:654} INFO - DAG(s) dict_keys(['example_snowflake']) retrieved from /opt/airflow/dags/load_snowflake.py
[2022-10-16 06:45:27,483] {logging_mixin.py:109} INFO - [2022-10-16 06:45:27,483] {dag.py:2398} INFO - Sync 1 DAGs
[2022-10-16 06:45:27,492] {logging_mixin.py:109} INFO - [2022-10-16 06:45:27,492] {dag.py:2937} INFO - Setting next_dagrun for example_snowflake to 2022-10-16T06:43:30.110258+00:00
[2022-10-16 06:45:27,506] {processor.py:171} INFO - Processing /opt/airflow/dags/load_snowflake.py took 0.700 seconds
[2022-10-16 06:45:57,911] {processor.py:163} INFO - Started process (PID=394) to work on /opt/airflow/dags/load_snowflake.py
[2022-10-16 06:45:57,913] {processor.py:642} INFO - Processing file /opt/airflow/dags/load_snowflake.py for tasks to queue
[2022-10-16 06:45:57,913] {logging_mixin.py:109} INFO - [2022-10-16 06:45:57,913] {dagbag.py:500} INFO - Filling up the DagBag from /opt/airflow/dags/load_snowflake.py
[2022-10-16 06:45:58,381] {logging_mixin.py:109} WARNING - /home/airflow/.local/lib/python3.7/site-packages/snowflake/connector/options.py:97 UserWarning: You have an incompatible version of 'pyarrow' installed (6.0.1), please install a version that adheres to: 'pyarrow<3.1.0,>=3.0.0; extra == "pandas"'
[2022-10-16 06:45:58,607] {processor.py:654} INFO - DAG(s) dict_keys(['example_snowflake']) retrieved from /opt/airflow/dags/load_snowflake.py
[2022-10-16 06:45:58,613] {logging_mixin.py:109} INFO - [2022-10-16 06:45:58,612] {dag.py:2398} INFO - Sync 1 DAGs
[2022-10-16 06:45:58,622] {logging_mixin.py:109} INFO - [2022-10-16 06:45:58,622] {dag.py:2937} INFO - Setting next_dagrun for example_snowflake to 2022-10-16T06:43:30.110258+00:00
[2022-10-16 06:45:58,635] {processor.py:171} INFO - Processing /opt/airflow/dags/load_snowflake.py took 0.727 seconds
[2022-10-16 06:46:29,073] {processor.py:163} INFO - Started process (PID=456) to work on /opt/airflow/dags/load_snowflake.py
[2022-10-16 06:46:29,074] {processor.py:642} INFO - Processing file /opt/airflow/dags/load_snowflake.py for tasks to queue
[2022-10-16 06:46:29,074] {logging_mixin.py:109} INFO - [2022-10-16 06:46:29,074] {dagbag.py:500} INFO - Filling up the DagBag from /opt/airflow/dags/load_snowflake.py
[2022-10-16 06:46:29,540] {logging_mixin.py:109} WARNING - /home/airflow/.local/lib/python3.7/site-packages/snowflake/connector/options.py:97 UserWarning: You have an incompatible version of 'pyarrow' installed (6.0.1), please install a version that adheres to: 'pyarrow<3.1.0,>=3.0.0; extra == "pandas"'
[2022-10-16 06:46:29,749] {processor.py:654} INFO - DAG(s) dict_keys(['example_snowflake']) retrieved from /opt/airflow/dags/load_snowflake.py
[2022-10-16 06:46:29,754] {logging_mixin.py:109} INFO - [2022-10-16 06:46:29,754] {dag.py:2398} INFO - Sync 1 DAGs
[2022-10-16 06:46:29,763] {logging_mixin.py:109} INFO - [2022-10-16 06:46:29,763] {dag.py:2937} INFO - Setting next_dagrun for example_snowflake to 2022-10-16T06:43:30.110258+00:00
[2022-10-16 06:46:29,771] {processor.py:171} INFO - Processing /opt/airflow/dags/load_snowflake.py took 0.699 seconds
[2022-10-16 06:47:00,181] {processor.py:163} INFO - Started process (PID=527) to work on /opt/airflow/dags/load_snowflake.py
[2022-10-16 06:47:00,182] {processor.py:642} INFO - Processing file /opt/airflow/dags/load_snowflake.py for tasks to queue
[2022-10-16 06:47:00,183] {logging_mixin.py:109} INFO - [2022-10-16 06:47:00,183] {dagbag.py:500} INFO - Filling up the DagBag from /opt/airflow/dags/load_snowflake.py
[2022-10-16 06:47:00,651] {logging_mixin.py:109} WARNING - /home/airflow/.local/lib/python3.7/site-packages/snowflake/connector/options.py:97 UserWarning: You have an incompatible version of 'pyarrow' installed (6.0.1), please install a version that adheres to: 'pyarrow<3.1.0,>=3.0.0; extra == "pandas"'
[2022-10-16 06:47:00,858] {processor.py:654} INFO - DAG(s) dict_keys(['example_snowflake']) retrieved from /opt/airflow/dags/load_snowflake.py
[2022-10-16 06:47:00,863] {logging_mixin.py:109} INFO - [2022-10-16 06:47:00,863] {dag.py:2398} INFO - Sync 1 DAGs
[2022-10-16 06:47:00,873] {logging_mixin.py:109} INFO - [2022-10-16 06:47:00,872] {dag.py:2937} INFO - Setting next_dagrun for example_snowflake to 2022-10-16T06:43:30.110258+00:00
[2022-10-16 06:47:00,880] {processor.py:171} INFO - Processing /opt/airflow/dags/load_snowflake.py took 0.701 seconds
[2022-10-16 06:47:31,023] {processor.py:163} INFO - Started process (PID=590) to work on /opt/airflow/dags/load_snowflake.py
[2022-10-16 06:47:31,024] {processor.py:642} INFO - Processing file /opt/airflow/dags/load_snowflake.py for tasks to queue
[2022-10-16 06:47:31,025] {logging_mixin.py:109} INFO - [2022-10-16 06:47:31,025] {dagbag.py:500} INFO - Filling up the DagBag from /opt/airflow/dags/load_snowflake.py
[2022-10-16 06:47:31,489] {logging_mixin.py:109} WARNING - /home/airflow/.local/lib/python3.7/site-packages/snowflake/connector/options.py:97 UserWarning: You have an incompatible version of 'pyarrow' installed (6.0.1), please install a version that adheres to: 'pyarrow<3.1.0,>=3.0.0; extra == "pandas"'
[2022-10-16 06:47:31,696] {processor.py:654} INFO - DAG(s) dict_keys(['example_snowflake']) retrieved from /opt/airflow/dags/load_snowflake.py
[2022-10-16 06:47:31,701] {logging_mixin.py:109} INFO - [2022-10-16 06:47:31,701] {dag.py:2398} INFO - Sync 1 DAGs
[2022-10-16 06:47:31,710] {logging_mixin.py:109} INFO - [2022-10-16 06:47:31,710] {dag.py:2937} INFO - Setting next_dagrun for example_snowflake to 2022-10-16T06:43:30.110258+00:00
[2022-10-16 06:47:31,723] {processor.py:171} INFO - Processing /opt/airflow/dags/load_snowflake.py took 0.702 seconds
[2022-10-16 06:48:02,616] {processor.py:163} INFO - Started process (PID=666) to work on /opt/airflow/dags/load_snowflake.py
[2022-10-16 06:48:02,617] {processor.py:642} INFO - Processing file /opt/airflow/dags/load_snowflake.py for tasks to queue
[2022-10-16 06:48:02,617] {logging_mixin.py:109} INFO - [2022-10-16 06:48:02,617] {dagbag.py:500} INFO - Filling up the DagBag from /opt/airflow/dags/load_snowflake.py
[2022-10-16 06:48:03,082] {logging_mixin.py:109} WARNING - /home/airflow/.local/lib/python3.7/site-packages/snowflake/connector/options.py:97 UserWarning: You have an incompatible version of 'pyarrow' installed (6.0.1), please install a version that adheres to: 'pyarrow<3.1.0,>=3.0.0; extra == "pandas"'
[2022-10-16 06:48:03,293] {processor.py:654} INFO - DAG(s) dict_keys(['example_snowflake']) retrieved from /opt/airflow/dags/load_snowflake.py
[2022-10-16 06:48:03,298] {logging_mixin.py:109} INFO - [2022-10-16 06:48:03,298] {dag.py:2398} INFO - Sync 1 DAGs
[2022-10-16 06:48:03,307] {logging_mixin.py:109} INFO - [2022-10-16 06:48:03,307] {dag.py:2937} INFO - Setting next_dagrun for example_snowflake to 2022-10-16T06:43:30.110258+00:00
[2022-10-16 06:48:03,319] {processor.py:171} INFO - Processing /opt/airflow/dags/load_snowflake.py took 0.705 seconds
[2022-10-16 06:48:33,685] {processor.py:163} INFO - Started process (PID=737) to work on /opt/airflow/dags/load_snowflake.py
[2022-10-16 06:48:33,686] {processor.py:642} INFO - Processing file /opt/airflow/dags/load_snowflake.py for tasks to queue
[2022-10-16 06:48:33,686] {logging_mixin.py:109} INFO - [2022-10-16 06:48:33,686] {dagbag.py:500} INFO - Filling up the DagBag from /opt/airflow/dags/load_snowflake.py
[2022-10-16 06:48:34,199] {logging_mixin.py:109} WARNING - /home/airflow/.local/lib/python3.7/site-packages/snowflake/connector/options.py:97 UserWarning: You have an incompatible version of 'pyarrow' installed (6.0.1), please install a version that adheres to: 'pyarrow<3.1.0,>=3.0.0; extra == "pandas"'
[2022-10-16 06:48:34,540] {processor.py:654} INFO - DAG(s) dict_keys(['example_snowflake']) retrieved from /opt/airflow/dags/load_snowflake.py
[2022-10-16 06:48:34,546] {logging_mixin.py:109} INFO - [2022-10-16 06:48:34,546] {dag.py:2398} INFO - Sync 1 DAGs
[2022-10-16 06:48:34,557] {logging_mixin.py:109} INFO - [2022-10-16 06:48:34,556] {dag.py:2937} INFO - Setting next_dagrun for example_snowflake to 2022-10-16T06:43:30.110258+00:00
[2022-10-16 06:48:34,578] {processor.py:171} INFO - Processing /opt/airflow/dags/load_snowflake.py took 0.895 seconds
[2022-10-16 06:49:05,107] {processor.py:163} INFO - Started process (PID=801) to work on /opt/airflow/dags/load_snowflake.py
[2022-10-16 06:49:05,108] {processor.py:642} INFO - Processing file /opt/airflow/dags/load_snowflake.py for tasks to queue
[2022-10-16 06:49:05,108] {logging_mixin.py:109} INFO - [2022-10-16 06:49:05,108] {dagbag.py:500} INFO - Filling up the DagBag from /opt/airflow/dags/load_snowflake.py
[2022-10-16 06:49:05,590] {logging_mixin.py:109} WARNING - /home/airflow/.local/lib/python3.7/site-packages/snowflake/connector/options.py:97 UserWarning: You have an incompatible version of 'pyarrow' installed (6.0.1), please install a version that adheres to: 'pyarrow<3.1.0,>=3.0.0; extra == "pandas"'
[2022-10-16 06:49:05,803] {processor.py:654} INFO - DAG(s) dict_keys(['example_snowflake']) retrieved from /opt/airflow/dags/load_snowflake.py
[2022-10-16 06:49:05,809] {logging_mixin.py:109} INFO - [2022-10-16 06:49:05,809] {dag.py:2398} INFO - Sync 1 DAGs
[2022-10-16 06:49:05,819] {logging_mixin.py:109} INFO - [2022-10-16 06:49:05,819] {dag.py:2937} INFO - Setting next_dagrun for example_snowflake to 2022-10-16T06:43:30.110258+00:00
[2022-10-16 06:49:05,832] {processor.py:171} INFO - Processing /opt/airflow/dags/load_snowflake.py took 0.728 seconds
[2022-10-16 06:49:36,731] {processor.py:163} INFO - Started process (PID=880) to work on /opt/airflow/dags/load_snowflake.py
[2022-10-16 06:49:36,732] {processor.py:642} INFO - Processing file /opt/airflow/dags/load_snowflake.py for tasks to queue
[2022-10-16 06:49:36,733] {logging_mixin.py:109} INFO - [2022-10-16 06:49:36,733] {dagbag.py:500} INFO - Filling up the DagBag from /opt/airflow/dags/load_snowflake.py
[2022-10-16 06:49:37,188] {logging_mixin.py:109} WARNING - /home/airflow/.local/lib/python3.7/site-packages/snowflake/connector/options.py:97 UserWarning: You have an incompatible version of 'pyarrow' installed (6.0.1), please install a version that adheres to: 'pyarrow<3.1.0,>=3.0.0; extra == "pandas"'
[2022-10-16 06:49:37,387] {processor.py:654} INFO - DAG(s) dict_keys(['example_snowflake']) retrieved from /opt/airflow/dags/load_snowflake.py
[2022-10-16 06:49:37,392] {logging_mixin.py:109} INFO - [2022-10-16 06:49:37,391] {dag.py:2398} INFO - Sync 1 DAGs
[2022-10-16 06:49:37,400] {logging_mixin.py:109} INFO - [2022-10-16 06:49:37,400] {dag.py:2937} INFO - Setting next_dagrun for example_snowflake to 2022-10-16T06:43:30.110258+00:00
[2022-10-16 06:49:37,413] {processor.py:171} INFO - Processing /opt/airflow/dags/load_snowflake.py took 0.684 seconds
[2022-10-16 06:50:07,508] {processor.py:163} INFO - Started process (PID=944) to work on /opt/airflow/dags/load_snowflake.py
[2022-10-16 06:50:07,509] {processor.py:642} INFO - Processing file /opt/airflow/dags/load_snowflake.py for tasks to queue
[2022-10-16 06:50:07,510] {logging_mixin.py:109} INFO - [2022-10-16 06:50:07,510] {dagbag.py:500} INFO - Filling up the DagBag from /opt/airflow/dags/load_snowflake.py
[2022-10-16 06:50:07,948] {logging_mixin.py:109} WARNING - /home/airflow/.local/lib/python3.7/site-packages/snowflake/connector/options.py:97 UserWarning: You have an incompatible version of 'pyarrow' installed (6.0.1), please install a version that adheres to: 'pyarrow<3.1.0,>=3.0.0; extra == "pandas"'
[2022-10-16 06:50:08,148] {processor.py:654} INFO - DAG(s) dict_keys(['example_snowflake']) retrieved from /opt/airflow/dags/load_snowflake.py
[2022-10-16 06:50:08,153] {logging_mixin.py:109} INFO - [2022-10-16 06:50:08,153] {dag.py:2398} INFO - Sync 1 DAGs
[2022-10-16 06:50:08,162] {logging_mixin.py:109} INFO - [2022-10-16 06:50:08,162] {dag.py:2937} INFO - Setting next_dagrun for example_snowflake to 2022-10-16T06:43:30.110258+00:00
[2022-10-16 06:50:08,178] {processor.py:171} INFO - Processing /opt/airflow/dags/load_snowflake.py took 0.673 seconds
[2022-10-16 06:50:38,969] {processor.py:163} INFO - Started process (PID=1018) to work on /opt/airflow/dags/load_snowflake.py
[2022-10-16 06:50:38,970] {processor.py:642} INFO - Processing file /opt/airflow/dags/load_snowflake.py for tasks to queue
[2022-10-16 06:50:38,970] {logging_mixin.py:109} INFO - [2022-10-16 06:50:38,970] {dagbag.py:500} INFO - Filling up the DagBag from /opt/airflow/dags/load_snowflake.py
[2022-10-16 06:50:39,401] {logging_mixin.py:109} WARNING - /home/airflow/.local/lib/python3.7/site-packages/snowflake/connector/options.py:97 UserWarning: You have an incompatible version of 'pyarrow' installed (6.0.1), please install a version that adheres to: 'pyarrow<3.1.0,>=3.0.0; extra == "pandas"'
[2022-10-16 06:50:39,599] {processor.py:654} INFO - DAG(s) dict_keys(['example_snowflake']) retrieved from /opt/airflow/dags/load_snowflake.py
[2022-10-16 06:50:39,604] {logging_mixin.py:109} INFO - [2022-10-16 06:50:39,604] {dag.py:2398} INFO - Sync 1 DAGs
[2022-10-16 06:50:39,613] {logging_mixin.py:109} INFO - [2022-10-16 06:50:39,613] {dag.py:2937} INFO - Setting next_dagrun for example_snowflake to 2022-10-16T06:43:30.110258+00:00
[2022-10-16 06:50:39,620] {processor.py:171} INFO - Processing /opt/airflow/dags/load_snowflake.py took 0.653 seconds
[2022-10-16 06:51:10,128] {processor.py:163} INFO - Started process (PID=1082) to work on /opt/airflow/dags/load_snowflake.py
[2022-10-16 06:51:10,129] {processor.py:642} INFO - Processing file /opt/airflow/dags/load_snowflake.py for tasks to queue
[2022-10-16 06:51:10,130] {logging_mixin.py:109} INFO - [2022-10-16 06:51:10,129] {dagbag.py:500} INFO - Filling up the DagBag from /opt/airflow/dags/load_snowflake.py
[2022-10-16 06:51:10,557] {logging_mixin.py:109} WARNING - /home/airflow/.local/lib/python3.7/site-packages/snowflake/connector/options.py:97 UserWarning: You have an incompatible version of 'pyarrow' installed (6.0.1), please install a version that adheres to: 'pyarrow<3.1.0,>=3.0.0; extra == "pandas"'
[2022-10-16 06:51:10,802] {processor.py:654} INFO - DAG(s) dict_keys(['example_snowflake']) retrieved from /opt/airflow/dags/load_snowflake.py
[2022-10-16 06:51:10,807] {logging_mixin.py:109} INFO - [2022-10-16 06:51:10,807] {dag.py:2398} INFO - Sync 1 DAGs
[2022-10-16 06:51:10,817] {logging_mixin.py:109} INFO - [2022-10-16 06:51:10,817] {dag.py:2937} INFO - Setting next_dagrun for example_snowflake to 2022-10-16T06:43:30.110258+00:00
[2022-10-16 06:51:10,825] {processor.py:171} INFO - Processing /opt/airflow/dags/load_snowflake.py took 0.699 seconds
[2022-10-16 06:51:41,580] {processor.py:163} INFO - Started process (PID=1154) to work on /opt/airflow/dags/load_snowflake.py
[2022-10-16 06:51:41,581] {processor.py:642} INFO - Processing file /opt/airflow/dags/load_snowflake.py for tasks to queue
[2022-10-16 06:51:41,581] {logging_mixin.py:109} INFO - [2022-10-16 06:51:41,581] {dagbag.py:500} INFO - Filling up the DagBag from /opt/airflow/dags/load_snowflake.py
[2022-10-16 06:51:42,011] {logging_mixin.py:109} WARNING - /home/airflow/.local/lib/python3.7/site-packages/snowflake/connector/options.py:97 UserWarning: You have an incompatible version of 'pyarrow' installed (6.0.1), please install a version that adheres to: 'pyarrow<3.1.0,>=3.0.0; extra == "pandas"'
[2022-10-16 06:51:42,210] {processor.py:654} INFO - DAG(s) dict_keys(['example_snowflake']) retrieved from /opt/airflow/dags/load_snowflake.py
[2022-10-16 06:51:42,215] {logging_mixin.py:109} INFO - [2022-10-16 06:51:42,215] {dag.py:2398} INFO - Sync 1 DAGs
[2022-10-16 06:51:42,224] {logging_mixin.py:109} INFO - [2022-10-16 06:51:42,224] {dag.py:2937} INFO - Setting next_dagrun for example_snowflake to 2022-10-16T06:43:30.110258+00:00
[2022-10-16 06:51:42,237] {processor.py:171} INFO - Processing /opt/airflow/dags/load_snowflake.py took 0.659 seconds
[2022-10-16 06:52:12,893] {processor.py:163} INFO - Started process (PID=1225) to work on /opt/airflow/dags/load_snowflake.py
[2022-10-16 06:52:12,894] {processor.py:642} INFO - Processing file /opt/airflow/dags/load_snowflake.py for tasks to queue
[2022-10-16 06:52:12,895] {logging_mixin.py:109} INFO - [2022-10-16 06:52:12,895] {dagbag.py:500} INFO - Filling up the DagBag from /opt/airflow/dags/load_snowflake.py
[2022-10-16 06:52:13,442] {logging_mixin.py:109} WARNING - /home/airflow/.local/lib/python3.7/site-packages/snowflake/connector/options.py:97 UserWarning: You have an incompatible version of 'pyarrow' installed (6.0.1), please install a version that adheres to: 'pyarrow<3.1.0,>=3.0.0; extra == "pandas"'
[2022-10-16 06:52:13,725] {processor.py:654} INFO - DAG(s) dict_keys(['example_snowflake']) retrieved from /opt/airflow/dags/load_snowflake.py
[2022-10-16 06:52:13,731] {logging_mixin.py:109} INFO - [2022-10-16 06:52:13,731] {dag.py:2398} INFO - Sync 1 DAGs
[2022-10-16 06:52:13,742] {logging_mixin.py:109} INFO - [2022-10-16 06:52:13,741] {dag.py:2937} INFO - Setting next_dagrun for example_snowflake to 2022-10-16T06:43:30.110258+00:00
[2022-10-16 06:52:13,760] {processor.py:171} INFO - Processing /opt/airflow/dags/load_snowflake.py took 0.869 seconds
[2022-10-16 06:52:44,281] {processor.py:163} INFO - Started process (PID=1287) to work on /opt/airflow/dags/load_snowflake.py
[2022-10-16 06:52:44,283] {processor.py:642} INFO - Processing file /opt/airflow/dags/load_snowflake.py for tasks to queue
[2022-10-16 06:52:44,283] {logging_mixin.py:109} INFO - [2022-10-16 06:52:44,283] {dagbag.py:500} INFO - Filling up the DagBag from /opt/airflow/dags/load_snowflake.py
[2022-10-16 06:52:44,726] {logging_mixin.py:109} WARNING - /home/airflow/.local/lib/python3.7/site-packages/snowflake/connector/options.py:97 UserWarning: You have an incompatible version of 'pyarrow' installed (6.0.1), please install a version that adheres to: 'pyarrow<3.1.0,>=3.0.0; extra == "pandas"'
[2022-10-16 06:52:44,924] {processor.py:654} INFO - DAG(s) dict_keys(['example_snowflake']) retrieved from /opt/airflow/dags/load_snowflake.py
[2022-10-16 06:52:44,929] {logging_mixin.py:109} INFO - [2022-10-16 06:52:44,929] {dag.py:2398} INFO - Sync 1 DAGs
[2022-10-16 06:52:44,938] {logging_mixin.py:109} INFO - [2022-10-16 06:52:44,938] {dag.py:2937} INFO - Setting next_dagrun for example_snowflake to 2022-10-16T06:43:30.110258+00:00
[2022-10-16 06:52:44,951] {processor.py:171} INFO - Processing /opt/airflow/dags/load_snowflake.py took 0.672 seconds
[2022-10-16 06:53:15,594] {processor.py:163} INFO - Started process (PID=1358) to work on /opt/airflow/dags/load_snowflake.py
[2022-10-16 06:53:15,594] {processor.py:642} INFO - Processing file /opt/airflow/dags/load_snowflake.py for tasks to queue
[2022-10-16 06:53:15,595] {logging_mixin.py:109} INFO - [2022-10-16 06:53:15,595] {dagbag.py:500} INFO - Filling up the DagBag from /opt/airflow/dags/load_snowflake.py
[2022-10-16 06:53:16,096] {logging_mixin.py:109} WARNING - /home/airflow/.local/lib/python3.7/site-packages/snowflake/connector/options.py:97 UserWarning: You have an incompatible version of 'pyarrow' installed (6.0.1), please install a version that adheres to: 'pyarrow<3.1.0,>=3.0.0; extra == "pandas"'
[2022-10-16 06:53:16,310] {processor.py:654} INFO - DAG(s) dict_keys(['example_snowflake']) retrieved from /opt/airflow/dags/load_snowflake.py
[2022-10-16 06:53:16,316] {logging_mixin.py:109} INFO - [2022-10-16 06:53:16,316] {dag.py:2398} INFO - Sync 1 DAGs
[2022-10-16 06:53:16,325] {logging_mixin.py:109} INFO - [2022-10-16 06:53:16,325] {dag.py:2937} INFO - Setting next_dagrun for example_snowflake to 2022-10-16T06:43:30.110258+00:00
[2022-10-16 06:53:16,339] {processor.py:171} INFO - Processing /opt/airflow/dags/load_snowflake.py took 0.747 seconds
[2022-10-16 06:53:47,074] {processor.py:163} INFO - Started process (PID=1420) to work on /opt/airflow/dags/load_snowflake.py
[2022-10-16 06:53:47,075] {processor.py:642} INFO - Processing file /opt/airflow/dags/load_snowflake.py for tasks to queue
[2022-10-16 06:53:47,075] {logging_mixin.py:109} INFO - [2022-10-16 06:53:47,075] {dagbag.py:500} INFO - Filling up the DagBag from /opt/airflow/dags/load_snowflake.py
[2022-10-16 06:53:47,546] {logging_mixin.py:109} WARNING - /home/airflow/.local/lib/python3.7/site-packages/snowflake/connector/options.py:97 UserWarning: You have an incompatible version of 'pyarrow' installed (6.0.1), please install a version that adheres to: 'pyarrow<3.1.0,>=3.0.0; extra == "pandas"'
[2022-10-16 06:53:47,746] {processor.py:654} INFO - DAG(s) dict_keys(['example_snowflake']) retrieved from /opt/airflow/dags/load_snowflake.py
[2022-10-16 06:53:47,751] {logging_mixin.py:109} INFO - [2022-10-16 06:53:47,751] {dag.py:2398} INFO - Sync 1 DAGs
[2022-10-16 06:53:47,761] {logging_mixin.py:109} INFO - [2022-10-16 06:53:47,761] {dag.py:2937} INFO - Setting next_dagrun for example_snowflake to 2022-10-16T06:43:30.110258+00:00
[2022-10-16 06:53:47,774] {processor.py:171} INFO - Processing /opt/airflow/dags/load_snowflake.py took 0.702 seconds
[2022-10-16 06:54:18,388] {processor.py:163} INFO - Started process (PID=1493) to work on /opt/airflow/dags/load_snowflake.py
[2022-10-16 06:54:18,389] {processor.py:642} INFO - Processing file /opt/airflow/dags/load_snowflake.py for tasks to queue
[2022-10-16 06:54:18,389] {logging_mixin.py:109} INFO - [2022-10-16 06:54:18,389] {dagbag.py:500} INFO - Filling up the DagBag from /opt/airflow/dags/load_snowflake.py
[2022-10-16 06:54:18,839] {logging_mixin.py:109} WARNING - /home/airflow/.local/lib/python3.7/site-packages/snowflake/connector/options.py:97 UserWarning: You have an incompatible version of 'pyarrow' installed (6.0.1), please install a version that adheres to: 'pyarrow<3.1.0,>=3.0.0; extra == "pandas"'
[2022-10-16 06:54:19,048] {processor.py:654} INFO - DAG(s) dict_keys(['example_snowflake']) retrieved from /opt/airflow/dags/load_snowflake.py
[2022-10-16 06:54:19,054] {logging_mixin.py:109} INFO - [2022-10-16 06:54:19,054] {dag.py:2398} INFO - Sync 1 DAGs
[2022-10-16 06:54:19,063] {logging_mixin.py:109} INFO - [2022-10-16 06:54:19,063] {dag.py:2937} INFO - Setting next_dagrun for example_snowflake to 2022-10-16T06:43:30.110258+00:00
[2022-10-16 06:54:19,076] {processor.py:171} INFO - Processing /opt/airflow/dags/load_snowflake.py took 0.690 seconds
[2022-10-16 06:54:49,671] {processor.py:163} INFO - Started process (PID=1557) to work on /opt/airflow/dags/load_snowflake.py
[2022-10-16 06:54:49,672] {processor.py:642} INFO - Processing file /opt/airflow/dags/load_snowflake.py for tasks to queue
[2022-10-16 06:54:49,672] {logging_mixin.py:109} INFO - [2022-10-16 06:54:49,672] {dagbag.py:500} INFO - Filling up the DagBag from /opt/airflow/dags/load_snowflake.py
[2022-10-16 06:54:50,096] {logging_mixin.py:109} WARNING - /home/airflow/.local/lib/python3.7/site-packages/snowflake/connector/options.py:97 UserWarning: You have an incompatible version of 'pyarrow' installed (6.0.1), please install a version that adheres to: 'pyarrow<3.1.0,>=3.0.0; extra == "pandas"'
[2022-10-16 06:54:50,298] {processor.py:654} INFO - DAG(s) dict_keys(['example_snowflake']) retrieved from /opt/airflow/dags/load_snowflake.py
[2022-10-16 06:54:50,304] {logging_mixin.py:109} INFO - [2022-10-16 06:54:50,304] {dag.py:2398} INFO - Sync 1 DAGs
[2022-10-16 06:54:50,313] {logging_mixin.py:109} INFO - [2022-10-16 06:54:50,313] {dag.py:2937} INFO - Setting next_dagrun for example_snowflake to 2022-10-16T06:43:30.110258+00:00
[2022-10-16 06:54:50,326] {processor.py:171} INFO - Processing /opt/airflow/dags/load_snowflake.py took 0.657 seconds
[2022-10-16 06:55:20,763] {processor.py:163} INFO - Started process (PID=1628) to work on /opt/airflow/dags/load_snowflake.py
[2022-10-16 06:55:20,764] {processor.py:642} INFO - Processing file /opt/airflow/dags/load_snowflake.py for tasks to queue
[2022-10-16 06:55:20,764] {logging_mixin.py:109} INFO - [2022-10-16 06:55:20,764] {dagbag.py:500} INFO - Filling up the DagBag from /opt/airflow/dags/load_snowflake.py
[2022-10-16 06:55:21,230] {logging_mixin.py:109} WARNING - /home/airflow/.local/lib/python3.7/site-packages/snowflake/connector/options.py:97 UserWarning: You have an incompatible version of 'pyarrow' installed (6.0.1), please install a version that adheres to: 'pyarrow<3.1.0,>=3.0.0; extra == "pandas"'
[2022-10-16 06:55:21,435] {processor.py:654} INFO - DAG(s) dict_keys(['example_snowflake']) retrieved from /opt/airflow/dags/load_snowflake.py
[2022-10-16 06:55:21,440] {logging_mixin.py:109} INFO - [2022-10-16 06:55:21,440] {dag.py:2398} INFO - Sync 1 DAGs
[2022-10-16 06:55:21,450] {logging_mixin.py:109} INFO - [2022-10-16 06:55:21,449] {dag.py:2937} INFO - Setting next_dagrun for example_snowflake to 2022-10-16T06:43:30.110258+00:00
[2022-10-16 06:55:21,462] {processor.py:171} INFO - Processing /opt/airflow/dags/load_snowflake.py took 0.702 seconds
[2022-10-16 06:55:52,110] {processor.py:163} INFO - Started process (PID=1701) to work on /opt/airflow/dags/load_snowflake.py
[2022-10-16 06:55:52,111] {processor.py:642} INFO - Processing file /opt/airflow/dags/load_snowflake.py for tasks to queue
[2022-10-16 06:55:52,111] {logging_mixin.py:109} INFO - [2022-10-16 06:55:52,111] {dagbag.py:500} INFO - Filling up the DagBag from /opt/airflow/dags/load_snowflake.py
[2022-10-16 06:55:52,578] {logging_mixin.py:109} WARNING - /home/airflow/.local/lib/python3.7/site-packages/snowflake/connector/options.py:97 UserWarning: You have an incompatible version of 'pyarrow' installed (6.0.1), please install a version that adheres to: 'pyarrow<3.1.0,>=3.0.0; extra == "pandas"'
[2022-10-16 06:55:52,787] {processor.py:654} INFO - DAG(s) dict_keys(['example_snowflake']) retrieved from /opt/airflow/dags/load_snowflake.py
[2022-10-16 06:55:52,792] {logging_mixin.py:109} INFO - [2022-10-16 06:55:52,792] {dag.py:2398} INFO - Sync 1 DAGs
[2022-10-16 06:55:52,801] {logging_mixin.py:109} INFO - [2022-10-16 06:55:52,801] {dag.py:2937} INFO - Setting next_dagrun for example_snowflake to 2022-10-16T06:43:30.110258+00:00
[2022-10-16 06:55:52,815] {processor.py:171} INFO - Processing /opt/airflow/dags/load_snowflake.py took 0.708 seconds
[2022-10-16 06:56:23,458] {processor.py:163} INFO - Started process (PID=1763) to work on /opt/airflow/dags/load_snowflake.py
[2022-10-16 06:56:23,459] {processor.py:642} INFO - Processing file /opt/airflow/dags/load_snowflake.py for tasks to queue
[2022-10-16 06:56:23,459] {logging_mixin.py:109} INFO - [2022-10-16 06:56:23,459] {dagbag.py:500} INFO - Filling up the DagBag from /opt/airflow/dags/load_snowflake.py
[2022-10-16 06:56:23,918] {logging_mixin.py:109} WARNING - /home/airflow/.local/lib/python3.7/site-packages/snowflake/connector/options.py:97 UserWarning: You have an incompatible version of 'pyarrow' installed (6.0.1), please install a version that adheres to: 'pyarrow<3.1.0,>=3.0.0; extra == "pandas"'
[2022-10-16 06:56:24,128] {processor.py:654} INFO - DAG(s) dict_keys(['example_snowflake']) retrieved from /opt/airflow/dags/load_snowflake.py
[2022-10-16 06:56:24,133] {logging_mixin.py:109} INFO - [2022-10-16 06:56:24,132] {dag.py:2398} INFO - Sync 1 DAGs
[2022-10-16 06:56:24,141] {logging_mixin.py:109} INFO - [2022-10-16 06:56:24,141] {dag.py:2937} INFO - Setting next_dagrun for example_snowflake to 2022-10-16T06:43:30.110258+00:00
[2022-10-16 06:56:24,149] {processor.py:171} INFO - Processing /opt/airflow/dags/load_snowflake.py took 0.692 seconds
[2022-10-16 06:56:54,895] {processor.py:163} INFO - Started process (PID=1837) to work on /opt/airflow/dags/load_snowflake.py
[2022-10-16 06:56:54,896] {processor.py:642} INFO - Processing file /opt/airflow/dags/load_snowflake.py for tasks to queue
[2022-10-16 06:56:54,897] {logging_mixin.py:109} INFO - [2022-10-16 06:56:54,897] {dagbag.py:500} INFO - Filling up the DagBag from /opt/airflow/dags/load_snowflake.py
[2022-10-16 06:56:55,325] {logging_mixin.py:109} WARNING - /home/airflow/.local/lib/python3.7/site-packages/snowflake/connector/options.py:97 UserWarning: You have an incompatible version of 'pyarrow' installed (6.0.1), please install a version that adheres to: 'pyarrow<3.1.0,>=3.0.0; extra == "pandas"'
[2022-10-16 06:56:55,523] {processor.py:654} INFO - DAG(s) dict_keys(['example_snowflake']) retrieved from /opt/airflow/dags/load_snowflake.py
[2022-10-16 06:56:55,528] {logging_mixin.py:109} INFO - [2022-10-16 06:56:55,527] {dag.py:2398} INFO - Sync 1 DAGs
[2022-10-16 06:56:55,536] {logging_mixin.py:109} INFO - [2022-10-16 06:56:55,536] {dag.py:2937} INFO - Setting next_dagrun for example_snowflake to 2022-10-16T06:43:30.110258+00:00
[2022-10-16 06:56:55,552] {processor.py:171} INFO - Processing /opt/airflow/dags/load_snowflake.py took 0.660 seconds
[2022-10-16 06:57:26,195] {processor.py:163} INFO - Started process (PID=1899) to work on /opt/airflow/dags/load_snowflake.py
[2022-10-16 06:57:26,195] {processor.py:642} INFO - Processing file /opt/airflow/dags/load_snowflake.py for tasks to queue
[2022-10-16 06:57:26,196] {logging_mixin.py:109} INFO - [2022-10-16 06:57:26,196] {dagbag.py:500} INFO - Filling up the DagBag from /opt/airflow/dags/load_snowflake.py
[2022-10-16 06:57:26,631] {logging_mixin.py:109} WARNING - /home/airflow/.local/lib/python3.7/site-packages/snowflake/connector/options.py:97 UserWarning: You have an incompatible version of 'pyarrow' installed (6.0.1), please install a version that adheres to: 'pyarrow<3.1.0,>=3.0.0; extra == "pandas"'
[2022-10-16 06:57:26,829] {processor.py:654} INFO - DAG(s) dict_keys(['example_snowflake']) retrieved from /opt/airflow/dags/load_snowflake.py
[2022-10-16 06:57:26,834] {logging_mixin.py:109} INFO - [2022-10-16 06:57:26,834] {dag.py:2398} INFO - Sync 1 DAGs
[2022-10-16 06:57:26,843] {logging_mixin.py:109} INFO - [2022-10-16 06:57:26,843] {dag.py:2937} INFO - Setting next_dagrun for example_snowflake to 2022-10-16T06:43:30.110258+00:00
[2022-10-16 06:57:26,850] {processor.py:171} INFO - Processing /opt/airflow/dags/load_snowflake.py took 0.657 seconds
[2022-10-16 06:57:57,438] {processor.py:163} INFO - Started process (PID=1976) to work on /opt/airflow/dags/load_snowflake.py
[2022-10-16 06:57:57,439] {processor.py:642} INFO - Processing file /opt/airflow/dags/load_snowflake.py for tasks to queue
[2022-10-16 06:57:57,439] {logging_mixin.py:109} INFO - [2022-10-16 06:57:57,439] {dagbag.py:500} INFO - Filling up the DagBag from /opt/airflow/dags/load_snowflake.py
[2022-10-16 06:57:57,863] {logging_mixin.py:109} WARNING - /home/airflow/.local/lib/python3.7/site-packages/snowflake/connector/options.py:97 UserWarning: You have an incompatible version of 'pyarrow' installed (6.0.1), please install a version that adheres to: 'pyarrow<3.1.0,>=3.0.0; extra == "pandas"'
[2022-10-16 06:57:58,101] {processor.py:654} INFO - DAG(s) dict_keys(['example_snowflake']) retrieved from /opt/airflow/dags/load_snowflake.py
[2022-10-16 06:57:58,106] {logging_mixin.py:109} INFO - [2022-10-16 06:57:58,106] {dag.py:2398} INFO - Sync 1 DAGs
[2022-10-16 06:57:58,115] {logging_mixin.py:109} INFO - [2022-10-16 06:57:58,115] {dag.py:2937} INFO - Setting next_dagrun for example_snowflake to 2022-10-16T06:43:30.110258+00:00
[2022-10-16 06:57:58,128] {processor.py:171} INFO - Processing /opt/airflow/dags/load_snowflake.py took 0.692 seconds
[2022-10-16 06:58:28,747] {processor.py:163} INFO - Started process (PID=2038) to work on /opt/airflow/dags/load_snowflake.py
[2022-10-16 06:58:28,748] {processor.py:642} INFO - Processing file /opt/airflow/dags/load_snowflake.py for tasks to queue
[2022-10-16 06:58:28,748] {logging_mixin.py:109} INFO - [2022-10-16 06:58:28,748] {dagbag.py:500} INFO - Filling up the DagBag from /opt/airflow/dags/load_snowflake.py
[2022-10-16 06:58:29,187] {logging_mixin.py:109} WARNING - /home/airflow/.local/lib/python3.7/site-packages/snowflake/connector/options.py:97 UserWarning: You have an incompatible version of 'pyarrow' installed (6.0.1), please install a version that adheres to: 'pyarrow<3.1.0,>=3.0.0; extra == "pandas"'
[2022-10-16 06:58:29,395] {processor.py:654} INFO - DAG(s) dict_keys(['example_snowflake']) retrieved from /opt/airflow/dags/load_snowflake.py
[2022-10-16 06:58:29,401] {logging_mixin.py:109} INFO - [2022-10-16 06:58:29,401] {dag.py:2398} INFO - Sync 1 DAGs
[2022-10-16 06:58:29,410] {logging_mixin.py:109} INFO - [2022-10-16 06:58:29,410] {dag.py:2937} INFO - Setting next_dagrun for example_snowflake to 2022-10-16T06:43:30.110258+00:00
[2022-10-16 06:58:29,423] {processor.py:171} INFO - Processing /opt/airflow/dags/load_snowflake.py took 0.678 seconds
[2022-10-16 06:58:59,966] {processor.py:163} INFO - Started process (PID=2109) to work on /opt/airflow/dags/load_snowflake.py
[2022-10-16 06:58:59,968] {processor.py:642} INFO - Processing file /opt/airflow/dags/load_snowflake.py for tasks to queue
[2022-10-16 06:58:59,968] {logging_mixin.py:109} INFO - [2022-10-16 06:58:59,968] {dagbag.py:500} INFO - Filling up the DagBag from /opt/airflow/dags/load_snowflake.py
[2022-10-16 06:59:00,387] {logging_mixin.py:109} WARNING - /home/airflow/.local/lib/python3.7/site-packages/snowflake/connector/options.py:97 UserWarning: You have an incompatible version of 'pyarrow' installed (6.0.1), please install a version that adheres to: 'pyarrow<3.1.0,>=3.0.0; extra == "pandas"'
[2022-10-16 06:59:00,587] {processor.py:654} INFO - DAG(s) dict_keys(['example_snowflake']) retrieved from /opt/airflow/dags/load_snowflake.py
[2022-10-16 06:59:00,592] {logging_mixin.py:109} INFO - [2022-10-16 06:59:00,592] {dag.py:2398} INFO - Sync 1 DAGs
[2022-10-16 06:59:00,601] {logging_mixin.py:109} INFO - [2022-10-16 06:59:00,601] {dag.py:2937} INFO - Setting next_dagrun for example_snowflake to 2022-10-16T06:43:30.110258+00:00
[2022-10-16 06:59:00,614] {processor.py:171} INFO - Processing /opt/airflow/dags/load_snowflake.py took 0.650 seconds
[2022-10-16 06:59:31,170] {processor.py:163} INFO - Started process (PID=2180) to work on /opt/airflow/dags/load_snowflake.py
[2022-10-16 06:59:31,172] {processor.py:642} INFO - Processing file /opt/airflow/dags/load_snowflake.py for tasks to queue
[2022-10-16 06:59:31,172] {logging_mixin.py:109} INFO - [2022-10-16 06:59:31,172] {dagbag.py:500} INFO - Filling up the DagBag from /opt/airflow/dags/load_snowflake.py
[2022-10-16 06:59:31,617] {logging_mixin.py:109} WARNING - /home/airflow/.local/lib/python3.7/site-packages/snowflake/connector/options.py:97 UserWarning: You have an incompatible version of 'pyarrow' installed (6.0.1), please install a version that adheres to: 'pyarrow<3.1.0,>=3.0.0; extra == "pandas"'
[2022-10-16 06:59:31,823] {processor.py:654} INFO - DAG(s) dict_keys(['example_snowflake']) retrieved from /opt/airflow/dags/load_snowflake.py
[2022-10-16 06:59:31,829] {logging_mixin.py:109} INFO - [2022-10-16 06:59:31,829] {dag.py:2398} INFO - Sync 1 DAGs
[2022-10-16 06:59:31,839] {logging_mixin.py:109} INFO - [2022-10-16 06:59:31,838] {dag.py:2937} INFO - Setting next_dagrun for example_snowflake to 2022-10-16T06:43:30.110258+00:00
[2022-10-16 06:59:31,847] {processor.py:171} INFO - Processing /opt/airflow/dags/load_snowflake.py took 0.678 seconds
[2022-10-16 07:00:02,481] {processor.py:163} INFO - Started process (PID=2243) to work on /opt/airflow/dags/load_snowflake.py
[2022-10-16 07:00:02,482] {processor.py:642} INFO - Processing file /opt/airflow/dags/load_snowflake.py for tasks to queue
[2022-10-16 07:00:02,483] {logging_mixin.py:109} INFO - [2022-10-16 07:00:02,483] {dagbag.py:500} INFO - Filling up the DagBag from /opt/airflow/dags/load_snowflake.py
[2022-10-16 07:00:02,955] {logging_mixin.py:109} WARNING - /home/airflow/.local/lib/python3.7/site-packages/snowflake/connector/options.py:97 UserWarning: You have an incompatible version of 'pyarrow' installed (6.0.1), please install a version that adheres to: 'pyarrow<3.1.0,>=3.0.0; extra == "pandas"'
[2022-10-16 07:00:03,156] {processor.py:654} INFO - DAG(s) dict_keys(['example_snowflake']) retrieved from /opt/airflow/dags/load_snowflake.py
[2022-10-16 07:00:03,161] {logging_mixin.py:109} INFO - [2022-10-16 07:00:03,161] {dag.py:2398} INFO - Sync 1 DAGs
[2022-10-16 07:00:03,171] {logging_mixin.py:109} INFO - [2022-10-16 07:00:03,171] {dag.py:2937} INFO - Setting next_dagrun for example_snowflake to 2022-10-16T06:43:30.110258+00:00
[2022-10-16 07:00:03,184] {processor.py:171} INFO - Processing /opt/airflow/dags/load_snowflake.py took 0.705 seconds
[2022-10-16 07:00:33,280] {processor.py:163} INFO - Started process (PID=2316) to work on /opt/airflow/dags/load_snowflake.py
[2022-10-16 07:00:33,281] {processor.py:642} INFO - Processing file /opt/airflow/dags/load_snowflake.py for tasks to queue
[2022-10-16 07:00:33,282] {logging_mixin.py:109} INFO - [2022-10-16 07:00:33,282] {dagbag.py:500} INFO - Filling up the DagBag from /opt/airflow/dags/load_snowflake.py
[2022-10-16 07:00:33,806] {logging_mixin.py:109} WARNING - /home/airflow/.local/lib/python3.7/site-packages/snowflake/connector/options.py:97 UserWarning: You have an incompatible version of 'pyarrow' installed (6.0.1), please install a version that adheres to: 'pyarrow<3.1.0,>=3.0.0; extra == "pandas"'
[2022-10-16 07:00:34,006] {processor.py:654} INFO - DAG(s) dict_keys(['example_snowflake']) retrieved from /opt/airflow/dags/load_snowflake.py
[2022-10-16 07:00:34,011] {logging_mixin.py:109} INFO - [2022-10-16 07:00:34,011] {dag.py:2398} INFO - Sync 1 DAGs
[2022-10-16 07:00:34,020] {logging_mixin.py:109} INFO - [2022-10-16 07:00:34,019] {dag.py:2937} INFO - Setting next_dagrun for example_snowflake to 2022-10-16T06:43:30.110258+00:00
[2022-10-16 07:00:34,033] {processor.py:171} INFO - Processing /opt/airflow/dags/load_snowflake.py took 0.756 seconds
[2022-10-16 07:01:04,796] {processor.py:163} INFO - Started process (PID=2383) to work on /opt/airflow/dags/load_snowflake.py
[2022-10-16 07:01:04,797] {processor.py:642} INFO - Processing file /opt/airflow/dags/load_snowflake.py for tasks to queue
[2022-10-16 07:01:04,798] {logging_mixin.py:109} INFO - [2022-10-16 07:01:04,798] {dagbag.py:500} INFO - Filling up the DagBag from /opt/airflow/dags/load_snowflake.py
[2022-10-16 07:01:05,239] {logging_mixin.py:109} WARNING - /home/airflow/.local/lib/python3.7/site-packages/snowflake/connector/options.py:97 UserWarning: You have an incompatible version of 'pyarrow' installed (6.0.1), please install a version that adheres to: 'pyarrow<3.1.0,>=3.0.0; extra == "pandas"'
[2022-10-16 07:01:05,440] {processor.py:654} INFO - DAG(s) dict_keys(['example_snowflake']) retrieved from /opt/airflow/dags/load_snowflake.py
[2022-10-16 07:01:05,445] {logging_mixin.py:109} INFO - [2022-10-16 07:01:05,445] {dag.py:2398} INFO - Sync 1 DAGs
[2022-10-16 07:01:05,454] {logging_mixin.py:109} INFO - [2022-10-16 07:01:05,454] {dag.py:2937} INFO - Setting next_dagrun for example_snowflake to 2022-10-16T06:43:30.110258+00:00
[2022-10-16 07:01:05,466] {processor.py:171} INFO - Processing /opt/airflow/dags/load_snowflake.py took 0.672 seconds
[2022-10-16 07:01:35,989] {processor.py:163} INFO - Started process (PID=2455) to work on /opt/airflow/dags/load_snowflake.py
[2022-10-16 07:01:35,989] {processor.py:642} INFO - Processing file /opt/airflow/dags/load_snowflake.py for tasks to queue
[2022-10-16 07:01:35,990] {logging_mixin.py:109} INFO - [2022-10-16 07:01:35,990] {dagbag.py:500} INFO - Filling up the DagBag from /opt/airflow/dags/load_snowflake.py
[2022-10-16 07:01:36,418] {logging_mixin.py:109} WARNING - /home/airflow/.local/lib/python3.7/site-packages/snowflake/connector/options.py:97 UserWarning: You have an incompatible version of 'pyarrow' installed (6.0.1), please install a version that adheres to: 'pyarrow<3.1.0,>=3.0.0; extra == "pandas"'
[2022-10-16 07:01:36,616] {processor.py:654} INFO - DAG(s) dict_keys(['example_snowflake']) retrieved from /opt/airflow/dags/load_snowflake.py
[2022-10-16 07:01:36,621] {logging_mixin.py:109} INFO - [2022-10-16 07:01:36,620] {dag.py:2398} INFO - Sync 1 DAGs
[2022-10-16 07:01:36,629] {logging_mixin.py:109} INFO - [2022-10-16 07:01:36,629] {dag.py:2937} INFO - Setting next_dagrun for example_snowflake to 2022-10-16T06:43:30.110258+00:00
[2022-10-16 07:01:36,636] {processor.py:171} INFO - Processing /opt/airflow/dags/load_snowflake.py took 0.650 seconds
[2022-10-16 07:02:06,717] {processor.py:163} INFO - Started process (PID=2519) to work on /opt/airflow/dags/load_snowflake.py
[2022-10-16 07:02:06,719] {processor.py:642} INFO - Processing file /opt/airflow/dags/load_snowflake.py for tasks to queue
[2022-10-16 07:02:06,719] {logging_mixin.py:109} INFO - [2022-10-16 07:02:06,719] {dagbag.py:500} INFO - Filling up the DagBag from /opt/airflow/dags/load_snowflake.py
[2022-10-16 07:02:07,145] {logging_mixin.py:109} WARNING - /home/airflow/.local/lib/python3.7/site-packages/snowflake/connector/options.py:97 UserWarning: You have an incompatible version of 'pyarrow' installed (6.0.1), please install a version that adheres to: 'pyarrow<3.1.0,>=3.0.0; extra == "pandas"'
[2022-10-16 07:02:07,347] {processor.py:654} INFO - DAG(s) dict_keys(['example_snowflake']) retrieved from /opt/airflow/dags/load_snowflake.py
[2022-10-16 07:02:07,352] {logging_mixin.py:109} INFO - [2022-10-16 07:02:07,351] {dag.py:2398} INFO - Sync 1 DAGs
[2022-10-16 07:02:07,360] {logging_mixin.py:109} INFO - [2022-10-16 07:02:07,360] {dag.py:2937} INFO - Setting next_dagrun for example_snowflake to 2022-10-16T06:43:30.110258+00:00
[2022-10-16 07:02:07,373] {processor.py:171} INFO - Processing /opt/airflow/dags/load_snowflake.py took 0.658 seconds
[2022-10-16 07:02:38,064] {processor.py:163} INFO - Started process (PID=2593) to work on /opt/airflow/dags/load_snowflake.py
[2022-10-16 07:02:38,066] {processor.py:642} INFO - Processing file /opt/airflow/dags/load_snowflake.py for tasks to queue
[2022-10-16 07:02:38,066] {logging_mixin.py:109} INFO - [2022-10-16 07:02:38,066] {dagbag.py:500} INFO - Filling up the DagBag from /opt/airflow/dags/load_snowflake.py
[2022-10-16 07:02:38,493] {logging_mixin.py:109} WARNING - /home/airflow/.local/lib/python3.7/site-packages/snowflake/connector/options.py:97 UserWarning: You have an incompatible version of 'pyarrow' installed (6.0.1), please install a version that adheres to: 'pyarrow<3.1.0,>=3.0.0; extra == "pandas"'
[2022-10-16 07:02:38,689] {processor.py:654} INFO - DAG(s) dict_keys(['example_snowflake']) retrieved from /opt/airflow/dags/load_snowflake.py
[2022-10-16 07:02:38,695] {logging_mixin.py:109} INFO - [2022-10-16 07:02:38,694] {dag.py:2398} INFO - Sync 1 DAGs
[2022-10-16 07:02:38,707] {logging_mixin.py:109} INFO - [2022-10-16 07:02:38,707] {dag.py:2937} INFO - Setting next_dagrun for example_snowflake to 2022-10-16T06:43:30.110258+00:00
[2022-10-16 07:02:38,721] {processor.py:171} INFO - Processing /opt/airflow/dags/load_snowflake.py took 0.658 seconds
[2022-10-16 07:03:09,213] {processor.py:163} INFO - Started process (PID=2656) to work on /opt/airflow/dags/load_snowflake.py
[2022-10-16 07:03:09,214] {processor.py:642} INFO - Processing file /opt/airflow/dags/load_snowflake.py for tasks to queue
[2022-10-16 07:03:09,215] {logging_mixin.py:109} INFO - [2022-10-16 07:03:09,215] {dagbag.py:500} INFO - Filling up the DagBag from /opt/airflow/dags/load_snowflake.py
[2022-10-16 07:03:09,646] {logging_mixin.py:109} WARNING - /home/airflow/.local/lib/python3.7/site-packages/snowflake/connector/options.py:97 UserWarning: You have an incompatible version of 'pyarrow' installed (6.0.1), please install a version that adheres to: 'pyarrow<3.1.0,>=3.0.0; extra == "pandas"'
[2022-10-16 07:03:09,843] {processor.py:654} INFO - DAG(s) dict_keys(['example_snowflake']) retrieved from /opt/airflow/dags/load_snowflake.py
[2022-10-16 07:03:09,848] {logging_mixin.py:109} INFO - [2022-10-16 07:03:09,847] {dag.py:2398} INFO - Sync 1 DAGs
[2022-10-16 07:03:09,856] {logging_mixin.py:109} INFO - [2022-10-16 07:03:09,856] {dag.py:2937} INFO - Setting next_dagrun for example_snowflake to 2022-10-16T06:43:30.110258+00:00
[2022-10-16 07:03:09,864] {processor.py:171} INFO - Processing /opt/airflow/dags/load_snowflake.py took 0.654 seconds
[2022-10-16 07:03:39,942] {processor.py:163} INFO - Started process (PID=2728) to work on /opt/airflow/dags/load_snowflake.py
[2022-10-16 07:03:39,943] {processor.py:642} INFO - Processing file /opt/airflow/dags/load_snowflake.py for tasks to queue
[2022-10-16 07:03:39,944] {logging_mixin.py:109} INFO - [2022-10-16 07:03:39,943] {dagbag.py:500} INFO - Filling up the DagBag from /opt/airflow/dags/load_snowflake.py
[2022-10-16 07:03:40,373] {logging_mixin.py:109} WARNING - /home/airflow/.local/lib/python3.7/site-packages/snowflake/connector/options.py:97 UserWarning: You have an incompatible version of 'pyarrow' installed (6.0.1), please install a version that adheres to: 'pyarrow<3.1.0,>=3.0.0; extra == "pandas"'
[2022-10-16 07:03:40,574] {processor.py:654} INFO - DAG(s) dict_keys(['example_snowflake']) retrieved from /opt/airflow/dags/load_snowflake.py
[2022-10-16 07:03:40,579] {logging_mixin.py:109} INFO - [2022-10-16 07:03:40,578] {dag.py:2398} INFO - Sync 1 DAGs
[2022-10-16 07:03:40,587] {logging_mixin.py:109} INFO - [2022-10-16 07:03:40,587] {dag.py:2937} INFO - Setting next_dagrun for example_snowflake to 2022-10-16T06:43:30.110258+00:00
[2022-10-16 07:03:40,600] {processor.py:171} INFO - Processing /opt/airflow/dags/load_snowflake.py took 0.660 seconds
[2022-10-16 07:04:11,249] {processor.py:163} INFO - Started process (PID=2799) to work on /opt/airflow/dags/load_snowflake.py
[2022-10-16 07:04:11,251] {processor.py:642} INFO - Processing file /opt/airflow/dags/load_snowflake.py for tasks to queue
[2022-10-16 07:04:11,251] {logging_mixin.py:109} INFO - [2022-10-16 07:04:11,251] {dagbag.py:500} INFO - Filling up the DagBag from /opt/airflow/dags/load_snowflake.py
[2022-10-16 07:04:11,709] {logging_mixin.py:109} WARNING - /home/airflow/.local/lib/python3.7/site-packages/snowflake/connector/options.py:97 UserWarning: You have an incompatible version of 'pyarrow' installed (6.0.1), please install a version that adheres to: 'pyarrow<3.1.0,>=3.0.0; extra == "pandas"'
[2022-10-16 07:04:11,946] {processor.py:654} INFO - DAG(s) dict_keys(['example_snowflake']) retrieved from /opt/airflow/dags/load_snowflake.py
[2022-10-16 07:04:11,954] {logging_mixin.py:109} INFO - [2022-10-16 07:04:11,954] {dag.py:2398} INFO - Sync 1 DAGs
[2022-10-16 07:04:11,969] {logging_mixin.py:109} INFO - [2022-10-16 07:04:11,969] {dag.py:2937} INFO - Setting next_dagrun for example_snowflake to 2022-10-16T06:43:30.110258+00:00
[2022-10-16 07:04:11,979] {processor.py:171} INFO - Processing /opt/airflow/dags/load_snowflake.py took 0.731 seconds
[2022-10-16 07:04:42,531] {processor.py:163} INFO - Started process (PID=2862) to work on /opt/airflow/dags/load_snowflake.py
[2022-10-16 07:04:42,532] {processor.py:642} INFO - Processing file /opt/airflow/dags/load_snowflake.py for tasks to queue
[2022-10-16 07:04:42,533] {logging_mixin.py:109} INFO - [2022-10-16 07:04:42,533] {dagbag.py:500} INFO - Filling up the DagBag from /opt/airflow/dags/load_snowflake.py
[2022-10-16 07:04:42,974] {logging_mixin.py:109} WARNING - /home/airflow/.local/lib/python3.7/site-packages/snowflake/connector/options.py:97 UserWarning: You have an incompatible version of 'pyarrow' installed (6.0.1), please install a version that adheres to: 'pyarrow<3.1.0,>=3.0.0; extra == "pandas"'
[2022-10-16 07:04:43,183] {processor.py:654} INFO - DAG(s) dict_keys(['example_snowflake']) retrieved from /opt/airflow/dags/load_snowflake.py
[2022-10-16 07:04:43,190] {logging_mixin.py:109} INFO - [2022-10-16 07:04:43,190] {dag.py:2398} INFO - Sync 1 DAGs
[2022-10-16 07:04:43,201] {logging_mixin.py:109} INFO - [2022-10-16 07:04:43,201] {dag.py:2937} INFO - Setting next_dagrun for example_snowflake to 2022-10-16T06:43:30.110258+00:00
[2022-10-16 07:04:43,214] {processor.py:171} INFO - Processing /opt/airflow/dags/load_snowflake.py took 0.684 seconds
[2022-10-16 07:05:13,747] {processor.py:163} INFO - Started process (PID=2937) to work on /opt/airflow/dags/load_snowflake.py
[2022-10-16 07:05:13,748] {processor.py:642} INFO - Processing file /opt/airflow/dags/load_snowflake.py for tasks to queue
[2022-10-16 07:05:13,749] {logging_mixin.py:109} INFO - [2022-10-16 07:05:13,749] {dagbag.py:500} INFO - Filling up the DagBag from /opt/airflow/dags/load_snowflake.py
[2022-10-16 07:05:14,154] {logging_mixin.py:109} WARNING - /home/airflow/.local/lib/python3.7/site-packages/snowflake/connector/options.py:97 UserWarning: You have an incompatible version of 'pyarrow' installed (6.0.1), please install a version that adheres to: 'pyarrow<3.1.0,>=3.0.0; extra == "pandas"'
[2022-10-16 07:05:14,355] {processor.py:654} INFO - DAG(s) dict_keys(['example_snowflake']) retrieved from /opt/airflow/dags/load_snowflake.py
[2022-10-16 07:05:14,360] {logging_mixin.py:109} INFO - [2022-10-16 07:05:14,360] {dag.py:2398} INFO - Sync 1 DAGs
[2022-10-16 07:05:14,369] {logging_mixin.py:109} INFO - [2022-10-16 07:05:14,369] {dag.py:2937} INFO - Setting next_dagrun for example_snowflake to 2022-10-16T06:43:30.110258+00:00
[2022-10-16 07:05:14,382] {processor.py:171} INFO - Processing /opt/airflow/dags/load_snowflake.py took 0.636 seconds
[2022-10-16 07:05:45,382] {processor.py:163} INFO - Started process (PID=2999) to work on /opt/airflow/dags/load_snowflake.py
[2022-10-16 07:05:45,384] {processor.py:642} INFO - Processing file /opt/airflow/dags/load_snowflake.py for tasks to queue
[2022-10-16 07:05:45,384] {logging_mixin.py:109} INFO - [2022-10-16 07:05:45,384] {dagbag.py:500} INFO - Filling up the DagBag from /opt/airflow/dags/load_snowflake.py
[2022-10-16 07:05:45,827] {logging_mixin.py:109} WARNING - /home/airflow/.local/lib/python3.7/site-packages/snowflake/connector/options.py:97 UserWarning: You have an incompatible version of 'pyarrow' installed (6.0.1), please install a version that adheres to: 'pyarrow<3.1.0,>=3.0.0; extra == "pandas"'
[2022-10-16 07:05:46,043] {processor.py:654} INFO - DAG(s) dict_keys(['example_snowflake']) retrieved from /opt/airflow/dags/load_snowflake.py
[2022-10-16 07:05:46,048] {logging_mixin.py:109} INFO - [2022-10-16 07:05:46,048] {dag.py:2398} INFO - Sync 1 DAGs
[2022-10-16 07:05:46,058] {logging_mixin.py:109} INFO - [2022-10-16 07:05:46,057] {dag.py:2937} INFO - Setting next_dagrun for example_snowflake to 2022-10-16T06:43:30.110258+00:00
[2022-10-16 07:05:46,076] {processor.py:171} INFO - Processing /opt/airflow/dags/load_snowflake.py took 0.696 seconds
[2022-10-16 07:06:16,509] {processor.py:163} INFO - Started process (PID=3070) to work on /opt/airflow/dags/load_snowflake.py
[2022-10-16 07:06:16,510] {processor.py:642} INFO - Processing file /opt/airflow/dags/load_snowflake.py for tasks to queue
[2022-10-16 07:06:16,510] {logging_mixin.py:109} INFO - [2022-10-16 07:06:16,510] {dagbag.py:500} INFO - Filling up the DagBag from /opt/airflow/dags/load_snowflake.py
[2022-10-16 07:06:16,944] {logging_mixin.py:109} WARNING - /home/airflow/.local/lib/python3.7/site-packages/snowflake/connector/options.py:97 UserWarning: You have an incompatible version of 'pyarrow' installed (6.0.1), please install a version that adheres to: 'pyarrow<3.1.0,>=3.0.0; extra == "pandas"'
[2022-10-16 07:06:17,157] {processor.py:654} INFO - DAG(s) dict_keys(['example_snowflake']) retrieved from /opt/airflow/dags/load_snowflake.py
[2022-10-16 07:06:17,163] {logging_mixin.py:109} INFO - [2022-10-16 07:06:17,163] {dag.py:2398} INFO - Sync 1 DAGs
[2022-10-16 07:06:17,172] {logging_mixin.py:109} INFO - [2022-10-16 07:06:17,172] {dag.py:2937} INFO - Setting next_dagrun for example_snowflake to 2022-10-16T06:43:30.110258+00:00
[2022-10-16 07:06:17,181] {processor.py:171} INFO - Processing /opt/airflow/dags/load_snowflake.py took 0.674 seconds
[2022-10-16 07:06:47,664] {processor.py:163} INFO - Started process (PID=3132) to work on /opt/airflow/dags/load_snowflake.py
[2022-10-16 07:06:47,665] {processor.py:642} INFO - Processing file /opt/airflow/dags/load_snowflake.py for tasks to queue
[2022-10-16 07:06:47,666] {logging_mixin.py:109} INFO - [2022-10-16 07:06:47,666] {dagbag.py:500} INFO - Filling up the DagBag from /opt/airflow/dags/load_snowflake.py
[2022-10-16 07:06:48,106] {logging_mixin.py:109} WARNING - /home/airflow/.local/lib/python3.7/site-packages/snowflake/connector/options.py:97 UserWarning: You have an incompatible version of 'pyarrow' installed (6.0.1), please install a version that adheres to: 'pyarrow<3.1.0,>=3.0.0; extra == "pandas"'
[2022-10-16 07:06:48,325] {processor.py:654} INFO - DAG(s) dict_keys(['example_snowflake']) retrieved from /opt/airflow/dags/load_snowflake.py
[2022-10-16 07:06:48,330] {logging_mixin.py:109} INFO - [2022-10-16 07:06:48,330] {dag.py:2398} INFO - Sync 1 DAGs
[2022-10-16 07:06:48,340] {logging_mixin.py:109} INFO - [2022-10-16 07:06:48,340] {dag.py:2937} INFO - Setting next_dagrun for example_snowflake to 2022-10-16T06:43:30.110258+00:00
[2022-10-16 07:06:48,355] {processor.py:171} INFO - Processing /opt/airflow/dags/load_snowflake.py took 0.694 seconds
[2022-10-16 07:07:18,915] {processor.py:163} INFO - Started process (PID=3203) to work on /opt/airflow/dags/load_snowflake.py
[2022-10-16 07:07:18,916] {processor.py:642} INFO - Processing file /opt/airflow/dags/load_snowflake.py for tasks to queue
[2022-10-16 07:07:18,916] {logging_mixin.py:109} INFO - [2022-10-16 07:07:18,916] {dagbag.py:500} INFO - Filling up the DagBag from /opt/airflow/dags/load_snowflake.py
[2022-10-16 07:07:19,395] {logging_mixin.py:109} WARNING - /home/airflow/.local/lib/python3.7/site-packages/snowflake/connector/options.py:97 UserWarning: You have an incompatible version of 'pyarrow' installed (6.0.1), please install a version that adheres to: 'pyarrow<3.1.0,>=3.0.0; extra == "pandas"'
[2022-10-16 07:07:19,660] {processor.py:654} INFO - DAG(s) dict_keys(['example_snowflake']) retrieved from /opt/airflow/dags/load_snowflake.py
[2022-10-16 07:07:19,666] {logging_mixin.py:109} INFO - [2022-10-16 07:07:19,665] {dag.py:2398} INFO - Sync 1 DAGs
[2022-10-16 07:07:19,677] {logging_mixin.py:109} INFO - [2022-10-16 07:07:19,676] {dag.py:2937} INFO - Setting next_dagrun for example_snowflake to 2022-10-16T06:43:30.110258+00:00
[2022-10-16 07:07:19,692] {processor.py:171} INFO - Processing /opt/airflow/dags/load_snowflake.py took 0.779 seconds
[2022-10-16 07:07:50,119] {processor.py:163} INFO - Started process (PID=3274) to work on /opt/airflow/dags/load_snowflake.py
[2022-10-16 07:07:50,121] {processor.py:642} INFO - Processing file /opt/airflow/dags/load_snowflake.py for tasks to queue
[2022-10-16 07:07:50,122] {logging_mixin.py:109} INFO - [2022-10-16 07:07:50,122] {dagbag.py:500} INFO - Filling up the DagBag from /opt/airflow/dags/load_snowflake.py
[2022-10-16 07:07:50,666] {logging_mixin.py:109} WARNING - /home/airflow/.local/lib/python3.7/site-packages/snowflake/connector/options.py:97 UserWarning: You have an incompatible version of 'pyarrow' installed (6.0.1), please install a version that adheres to: 'pyarrow<3.1.0,>=3.0.0; extra == "pandas"'
[2022-10-16 07:07:50,890] {processor.py:654} INFO - DAG(s) dict_keys(['example_snowflake']) retrieved from /opt/airflow/dags/load_snowflake.py
[2022-10-16 07:07:50,900] {logging_mixin.py:109} INFO - [2022-10-16 07:07:50,899] {dag.py:2398} INFO - Sync 1 DAGs
[2022-10-16 07:07:50,919] {logging_mixin.py:109} INFO - [2022-10-16 07:07:50,919] {dag.py:2937} INFO - Setting next_dagrun for example_snowflake to 2022-10-16T06:43:30.110258+00:00
[2022-10-16 07:07:50,936] {processor.py:171} INFO - Processing /opt/airflow/dags/load_snowflake.py took 0.820 seconds
[2022-10-16 07:08:21,443] {processor.py:163} INFO - Started process (PID=3338) to work on /opt/airflow/dags/load_snowflake.py
[2022-10-16 07:08:21,444] {processor.py:642} INFO - Processing file /opt/airflow/dags/load_snowflake.py for tasks to queue
[2022-10-16 07:08:21,444] {logging_mixin.py:109} INFO - [2022-10-16 07:08:21,444] {dagbag.py:500} INFO - Filling up the DagBag from /opt/airflow/dags/load_snowflake.py
[2022-10-16 07:08:21,892] {logging_mixin.py:109} WARNING - /home/airflow/.local/lib/python3.7/site-packages/snowflake/connector/options.py:97 UserWarning: You have an incompatible version of 'pyarrow' installed (6.0.1), please install a version that adheres to: 'pyarrow<3.1.0,>=3.0.0; extra == "pandas"'
[2022-10-16 07:08:22,128] {processor.py:654} INFO - DAG(s) dict_keys(['example_snowflake']) retrieved from /opt/airflow/dags/load_snowflake.py
[2022-10-16 07:08:22,135] {logging_mixin.py:109} INFO - [2022-10-16 07:08:22,135] {dag.py:2398} INFO - Sync 1 DAGs
[2022-10-16 07:08:22,151] {logging_mixin.py:109} INFO - [2022-10-16 07:08:22,151] {dag.py:2937} INFO - Setting next_dagrun for example_snowflake to 2022-10-16T06:43:30.110258+00:00
[2022-10-16 07:08:22,159] {processor.py:171} INFO - Processing /opt/airflow/dags/load_snowflake.py took 0.718 seconds
[2022-10-16 07:08:52,648] {processor.py:163} INFO - Started process (PID=3411) to work on /opt/airflow/dags/load_snowflake.py
[2022-10-16 07:08:52,650] {processor.py:642} INFO - Processing file /opt/airflow/dags/load_snowflake.py for tasks to queue
[2022-10-16 07:08:52,650] {logging_mixin.py:109} INFO - [2022-10-16 07:08:52,650] {dagbag.py:500} INFO - Filling up the DagBag from /opt/airflow/dags/load_snowflake.py
[2022-10-16 07:08:53,088] {logging_mixin.py:109} WARNING - /home/airflow/.local/lib/python3.7/site-packages/snowflake/connector/options.py:97 UserWarning: You have an incompatible version of 'pyarrow' installed (6.0.1), please install a version that adheres to: 'pyarrow<3.1.0,>=3.0.0; extra == "pandas"'
[2022-10-16 07:08:53,344] {processor.py:654} INFO - DAG(s) dict_keys(['example_snowflake']) retrieved from /opt/airflow/dags/load_snowflake.py
[2022-10-16 07:08:53,352] {logging_mixin.py:109} INFO - [2022-10-16 07:08:53,351] {dag.py:2398} INFO - Sync 1 DAGs
[2022-10-16 07:08:53,362] {logging_mixin.py:109} INFO - [2022-10-16 07:08:53,361] {dag.py:2937} INFO - Setting next_dagrun for example_snowflake to 2022-10-16T06:43:30.110258+00:00
[2022-10-16 07:08:53,378] {processor.py:171} INFO - Processing /opt/airflow/dags/load_snowflake.py took 0.732 seconds
[2022-10-16 07:09:23,673] {processor.py:163} INFO - Started process (PID=3474) to work on /opt/airflow/dags/load_snowflake.py
[2022-10-16 07:09:23,673] {processor.py:642} INFO - Processing file /opt/airflow/dags/load_snowflake.py for tasks to queue
[2022-10-16 07:09:23,674] {logging_mixin.py:109} INFO - [2022-10-16 07:09:23,674] {dagbag.py:500} INFO - Filling up the DagBag from /opt/airflow/dags/load_snowflake.py
[2022-10-16 07:09:24,149] {logging_mixin.py:109} WARNING - /home/airflow/.local/lib/python3.7/site-packages/snowflake/connector/options.py:97 UserWarning: You have an incompatible version of 'pyarrow' installed (6.0.1), please install a version that adheres to: 'pyarrow<3.1.0,>=3.0.0; extra == "pandas"'
[2022-10-16 07:09:24,375] {processor.py:654} INFO - DAG(s) dict_keys(['example_snowflake']) retrieved from /opt/airflow/dags/load_snowflake.py
[2022-10-16 07:09:24,383] {logging_mixin.py:109} INFO - [2022-10-16 07:09:24,383] {dag.py:2398} INFO - Sync 1 DAGs
[2022-10-16 07:09:24,394] {logging_mixin.py:109} INFO - [2022-10-16 07:09:24,394] {dag.py:2937} INFO - Setting next_dagrun for example_snowflake to 2022-10-16T06:43:30.110258+00:00
[2022-10-16 07:09:24,402] {processor.py:171} INFO - Processing /opt/airflow/dags/load_snowflake.py took 0.731 seconds
[2022-10-16 07:09:54,644] {processor.py:163} INFO - Started process (PID=3547) to work on /opt/airflow/dags/load_snowflake.py
[2022-10-16 07:09:54,645] {processor.py:642} INFO - Processing file /opt/airflow/dags/load_snowflake.py for tasks to queue
[2022-10-16 07:09:54,645] {logging_mixin.py:109} INFO - [2022-10-16 07:09:54,645] {dagbag.py:500} INFO - Filling up the DagBag from /opt/airflow/dags/load_snowflake.py
[2022-10-16 07:09:55,115] {logging_mixin.py:109} WARNING - /home/airflow/.local/lib/python3.7/site-packages/snowflake/connector/options.py:97 UserWarning: You have an incompatible version of 'pyarrow' installed (6.0.1), please install a version that adheres to: 'pyarrow<3.1.0,>=3.0.0; extra == "pandas"'
[2022-10-16 07:09:55,336] {processor.py:654} INFO - DAG(s) dict_keys(['example_snowflake']) retrieved from /opt/airflow/dags/load_snowflake.py
[2022-10-16 07:09:55,342] {logging_mixin.py:109} INFO - [2022-10-16 07:09:55,341] {dag.py:2398} INFO - Sync 1 DAGs
[2022-10-16 07:09:55,352] {logging_mixin.py:109} INFO - [2022-10-16 07:09:55,352] {dag.py:2937} INFO - Setting next_dagrun for example_snowflake to 2022-10-16T06:43:30.110258+00:00
[2022-10-16 07:09:55,365] {processor.py:171} INFO - Processing /opt/airflow/dags/load_snowflake.py took 0.724 seconds
[2022-10-16 07:10:25,867] {processor.py:163} INFO - Started process (PID=3610) to work on /opt/airflow/dags/load_snowflake.py
[2022-10-16 07:10:25,868] {processor.py:642} INFO - Processing file /opt/airflow/dags/load_snowflake.py for tasks to queue
[2022-10-16 07:10:25,868] {logging_mixin.py:109} INFO - [2022-10-16 07:10:25,868] {dagbag.py:500} INFO - Filling up the DagBag from /opt/airflow/dags/load_snowflake.py
[2022-10-16 07:10:26,369] {logging_mixin.py:109} WARNING - /home/airflow/.local/lib/python3.7/site-packages/snowflake/connector/options.py:97 UserWarning: You have an incompatible version of 'pyarrow' installed (6.0.1), please install a version that adheres to: 'pyarrow<3.1.0,>=3.0.0; extra == "pandas"'
[2022-10-16 07:10:26,606] {processor.py:654} INFO - DAG(s) dict_keys(['example_snowflake']) retrieved from /opt/airflow/dags/load_snowflake.py
[2022-10-16 07:10:26,612] {logging_mixin.py:109} INFO - [2022-10-16 07:10:26,612] {dag.py:2398} INFO - Sync 1 DAGs
[2022-10-16 07:10:26,622] {logging_mixin.py:109} INFO - [2022-10-16 07:10:26,622] {dag.py:2937} INFO - Setting next_dagrun for example_snowflake to 2022-10-16T06:43:30.110258+00:00
[2022-10-16 07:10:26,629] {processor.py:171} INFO - Processing /opt/airflow/dags/load_snowflake.py took 0.764 seconds
[2022-10-16 07:10:56,651] {processor.py:163} INFO - Started process (PID=3690) to work on /opt/airflow/dags/load_snowflake.py
[2022-10-16 07:10:56,651] {processor.py:642} INFO - Processing file /opt/airflow/dags/load_snowflake.py for tasks to queue
[2022-10-16 07:10:56,652] {logging_mixin.py:109} INFO - [2022-10-16 07:10:56,652] {dagbag.py:500} INFO - Filling up the DagBag from /opt/airflow/dags/load_snowflake.py
[2022-10-16 07:10:57,148] {logging_mixin.py:109} WARNING - /home/airflow/.local/lib/python3.7/site-packages/snowflake/connector/options.py:97 UserWarning: You have an incompatible version of 'pyarrow' installed (6.0.1), please install a version that adheres to: 'pyarrow<3.1.0,>=3.0.0; extra == "pandas"'
[2022-10-16 07:10:57,366] {processor.py:654} INFO - DAG(s) dict_keys(['example_snowflake']) retrieved from /opt/airflow/dags/load_snowflake.py
[2022-10-16 07:10:57,372] {logging_mixin.py:109} INFO - [2022-10-16 07:10:57,372] {dag.py:2398} INFO - Sync 1 DAGs
[2022-10-16 07:10:57,382] {logging_mixin.py:109} INFO - [2022-10-16 07:10:57,381] {dag.py:2937} INFO - Setting next_dagrun for example_snowflake to 2022-10-16T06:43:30.110258+00:00
[2022-10-16 07:10:57,395] {processor.py:171} INFO - Processing /opt/airflow/dags/load_snowflake.py took 0.746 seconds
[2022-10-16 07:11:27,994] {processor.py:163} INFO - Started process (PID=3760) to work on /opt/airflow/dags/load_snowflake.py
[2022-10-16 07:11:27,995] {processor.py:642} INFO - Processing file /opt/airflow/dags/load_snowflake.py for tasks to queue
[2022-10-16 07:11:27,995] {logging_mixin.py:109} INFO - [2022-10-16 07:11:27,995] {dagbag.py:500} INFO - Filling up the DagBag from /opt/airflow/dags/load_snowflake.py
[2022-10-16 07:11:28,474] {logging_mixin.py:109} WARNING - /home/airflow/.local/lib/python3.7/site-packages/snowflake/connector/options.py:97 UserWarning: You have an incompatible version of 'pyarrow' installed (6.0.1), please install a version that adheres to: 'pyarrow<3.1.0,>=3.0.0; extra == "pandas"'
[2022-10-16 07:11:28,728] {processor.py:654} INFO - DAG(s) dict_keys(['example_snowflake']) retrieved from /opt/airflow/dags/load_snowflake.py
[2022-10-16 07:11:28,734] {logging_mixin.py:109} INFO - [2022-10-16 07:11:28,734] {dag.py:2398} INFO - Sync 1 DAGs
[2022-10-16 07:11:28,745] {logging_mixin.py:109} INFO - [2022-10-16 07:11:28,745] {dag.py:2937} INFO - Setting next_dagrun for example_snowflake to 2022-10-16T06:43:30.110258+00:00
[2022-10-16 07:11:28,759] {processor.py:171} INFO - Processing /opt/airflow/dags/load_snowflake.py took 0.768 seconds
[2022-10-16 07:11:59,099] {processor.py:163} INFO - Started process (PID=3832) to work on /opt/airflow/dags/load_snowflake.py
[2022-10-16 07:11:59,100] {processor.py:642} INFO - Processing file /opt/airflow/dags/load_snowflake.py for tasks to queue
[2022-10-16 07:11:59,101] {logging_mixin.py:109} INFO - [2022-10-16 07:11:59,101] {dagbag.py:500} INFO - Filling up the DagBag from /opt/airflow/dags/load_snowflake.py
[2022-10-16 07:11:59,590] {logging_mixin.py:109} WARNING - /home/airflow/.local/lib/python3.7/site-packages/snowflake/connector/options.py:97 UserWarning: You have an incompatible version of 'pyarrow' installed (6.0.1), please install a version that adheres to: 'pyarrow<3.1.0,>=3.0.0; extra == "pandas"'
[2022-10-16 07:11:59,801] {processor.py:654} INFO - DAG(s) dict_keys(['example_snowflake']) retrieved from /opt/airflow/dags/load_snowflake.py
[2022-10-16 07:11:59,806] {logging_mixin.py:109} INFO - [2022-10-16 07:11:59,806] {dag.py:2398} INFO - Sync 1 DAGs
[2022-10-16 07:11:59,816] {logging_mixin.py:109} INFO - [2022-10-16 07:11:59,815] {dag.py:2937} INFO - Setting next_dagrun for example_snowflake to 2022-10-16T06:43:30.110258+00:00
[2022-10-16 07:11:59,833] {processor.py:171} INFO - Processing /opt/airflow/dags/load_snowflake.py took 0.735 seconds
[2022-10-16 07:12:30,279] {processor.py:163} INFO - Started process (PID=3901) to work on /opt/airflow/dags/load_snowflake.py
[2022-10-16 07:12:30,280] {processor.py:642} INFO - Processing file /opt/airflow/dags/load_snowflake.py for tasks to queue
[2022-10-16 07:12:30,281] {logging_mixin.py:109} INFO - [2022-10-16 07:12:30,280] {dagbag.py:500} INFO - Filling up the DagBag from /opt/airflow/dags/load_snowflake.py
[2022-10-16 07:12:30,767] {logging_mixin.py:109} WARNING - /home/airflow/.local/lib/python3.7/site-packages/snowflake/connector/options.py:97 UserWarning: You have an incompatible version of 'pyarrow' installed (6.0.1), please install a version that adheres to: 'pyarrow<3.1.0,>=3.0.0; extra == "pandas"'
[2022-10-16 07:12:31,005] {processor.py:654} INFO - DAG(s) dict_keys(['example_snowflake']) retrieved from /opt/airflow/dags/load_snowflake.py
[2022-10-16 07:12:31,013] {logging_mixin.py:109} INFO - [2022-10-16 07:12:31,013] {dag.py:2398} INFO - Sync 1 DAGs
[2022-10-16 07:12:31,029] {logging_mixin.py:109} INFO - [2022-10-16 07:12:31,029] {dag.py:2937} INFO - Setting next_dagrun for example_snowflake to 2022-10-16T06:43:30.110258+00:00
[2022-10-16 07:12:31,050] {processor.py:171} INFO - Processing /opt/airflow/dags/load_snowflake.py took 0.774 seconds
[2022-10-16 07:13:01,402] {processor.py:163} INFO - Started process (PID=3965) to work on /opt/airflow/dags/load_snowflake.py
[2022-10-16 07:13:01,404] {processor.py:642} INFO - Processing file /opt/airflow/dags/load_snowflake.py for tasks to queue
[2022-10-16 07:13:01,404] {logging_mixin.py:109} INFO - [2022-10-16 07:13:01,404] {dagbag.py:500} INFO - Filling up the DagBag from /opt/airflow/dags/load_snowflake.py
[2022-10-16 07:13:01,927] {logging_mixin.py:109} WARNING - /home/airflow/.local/lib/python3.7/site-packages/snowflake/connector/options.py:97 UserWarning: You have an incompatible version of 'pyarrow' installed (6.0.1), please install a version that adheres to: 'pyarrow<3.1.0,>=3.0.0; extra == "pandas"'
[2022-10-16 07:13:02,145] {processor.py:654} INFO - DAG(s) dict_keys(['example_snowflake']) retrieved from /opt/airflow/dags/load_snowflake.py
[2022-10-16 07:13:02,151] {logging_mixin.py:109} INFO - [2022-10-16 07:13:02,151] {dag.py:2398} INFO - Sync 1 DAGs
[2022-10-16 07:13:02,161] {logging_mixin.py:109} INFO - [2022-10-16 07:13:02,161] {dag.py:2937} INFO - Setting next_dagrun for example_snowflake to 2022-10-16T06:43:30.110258+00:00
[2022-10-16 07:13:02,177] {processor.py:171} INFO - Processing /opt/airflow/dags/load_snowflake.py took 0.777 seconds
[2022-10-16 07:13:32,659] {processor.py:163} INFO - Started process (PID=4037) to work on /opt/airflow/dags/load_snowflake.py
[2022-10-16 07:13:32,659] {processor.py:642} INFO - Processing file /opt/airflow/dags/load_snowflake.py for tasks to queue
[2022-10-16 07:13:32,660] {logging_mixin.py:109} INFO - [2022-10-16 07:13:32,660] {dagbag.py:500} INFO - Filling up the DagBag from /opt/airflow/dags/load_snowflake.py
[2022-10-16 07:13:33,253] {logging_mixin.py:109} WARNING - /home/airflow/.local/lib/python3.7/site-packages/snowflake/connector/options.py:97 UserWarning: You have an incompatible version of 'pyarrow' installed (6.0.1), please install a version that adheres to: 'pyarrow<3.1.0,>=3.0.0; extra == "pandas"'
[2022-10-16 07:13:33,535] {processor.py:654} INFO - DAG(s) dict_keys(['example_snowflake']) retrieved from /opt/airflow/dags/load_snowflake.py
[2022-10-16 07:13:33,544] {logging_mixin.py:109} INFO - [2022-10-16 07:13:33,543] {dag.py:2398} INFO - Sync 1 DAGs
[2022-10-16 07:13:33,560] {logging_mixin.py:109} INFO - [2022-10-16 07:13:33,559] {dag.py:2937} INFO - Setting next_dagrun for example_snowflake to 2022-10-16T06:43:30.110258+00:00
[2022-10-16 07:13:33,575] {processor.py:171} INFO - Processing /opt/airflow/dags/load_snowflake.py took 0.919 seconds
[2022-10-16 07:14:04,411] {processor.py:163} INFO - Started process (PID=4105) to work on /opt/airflow/dags/load_snowflake.py
[2022-10-16 07:14:04,416] {processor.py:642} INFO - Processing file /opt/airflow/dags/load_snowflake.py for tasks to queue
[2022-10-16 07:14:04,417] {logging_mixin.py:109} INFO - [2022-10-16 07:14:04,416] {dagbag.py:500} INFO - Filling up the DagBag from /opt/airflow/dags/load_snowflake.py
[2022-10-16 07:14:04,916] {logging_mixin.py:109} WARNING - /home/airflow/.local/lib/python3.7/site-packages/snowflake/connector/options.py:97 UserWarning: You have an incompatible version of 'pyarrow' installed (6.0.1), please install a version that adheres to: 'pyarrow<3.1.0,>=3.0.0; extra == "pandas"'
[2022-10-16 07:14:05,136] {processor.py:654} INFO - DAG(s) dict_keys(['example_snowflake']) retrieved from /opt/airflow/dags/load_snowflake.py
[2022-10-16 07:14:05,142] {logging_mixin.py:109} INFO - [2022-10-16 07:14:05,141] {dag.py:2398} INFO - Sync 1 DAGs
[2022-10-16 07:14:05,156] {logging_mixin.py:109} INFO - [2022-10-16 07:14:05,155] {dag.py:2937} INFO - Setting next_dagrun for example_snowflake to 2022-10-16T06:43:30.110258+00:00
[2022-10-16 07:14:05,173] {processor.py:171} INFO - Processing /opt/airflow/dags/load_snowflake.py took 0.764 seconds
[2022-10-16 07:14:35,293] {processor.py:163} INFO - Started process (PID=4183) to work on /opt/airflow/dags/load_snowflake.py
[2022-10-16 07:14:35,294] {processor.py:642} INFO - Processing file /opt/airflow/dags/load_snowflake.py for tasks to queue
[2022-10-16 07:14:35,295] {logging_mixin.py:109} INFO - [2022-10-16 07:14:35,294] {dagbag.py:500} INFO - Filling up the DagBag from /opt/airflow/dags/load_snowflake.py
[2022-10-16 07:14:35,822] {logging_mixin.py:109} WARNING - /home/airflow/.local/lib/python3.7/site-packages/snowflake/connector/options.py:97 UserWarning: You have an incompatible version of 'pyarrow' installed (6.0.1), please install a version that adheres to: 'pyarrow<3.1.0,>=3.0.0; extra == "pandas"'
[2022-10-16 07:14:36,038] {processor.py:654} INFO - DAG(s) dict_keys(['example_snowflake']) retrieved from /opt/airflow/dags/load_snowflake.py
[2022-10-16 07:14:36,044] {logging_mixin.py:109} INFO - [2022-10-16 07:14:36,043] {dag.py:2398} INFO - Sync 1 DAGs
[2022-10-16 07:14:36,056] {logging_mixin.py:109} INFO - [2022-10-16 07:14:36,056] {dag.py:2937} INFO - Setting next_dagrun for example_snowflake to 2022-10-16T06:43:30.110258+00:00
[2022-10-16 07:14:36,070] {processor.py:171} INFO - Processing /opt/airflow/dags/load_snowflake.py took 0.779 seconds
[2022-10-16 07:15:06,523] {processor.py:163} INFO - Started process (PID=4247) to work on /opt/airflow/dags/load_snowflake.py
[2022-10-16 07:15:06,524] {processor.py:642} INFO - Processing file /opt/airflow/dags/load_snowflake.py for tasks to queue
[2022-10-16 07:15:06,524] {logging_mixin.py:109} INFO - [2022-10-16 07:15:06,524] {dagbag.py:500} INFO - Filling up the DagBag from /opt/airflow/dags/load_snowflake.py
[2022-10-16 07:15:07,155] {logging_mixin.py:109} WARNING - /home/airflow/.local/lib/python3.7/site-packages/snowflake/connector/options.py:97 UserWarning: You have an incompatible version of 'pyarrow' installed (6.0.1), please install a version that adheres to: 'pyarrow<3.1.0,>=3.0.0; extra == "pandas"'
