[2022-10-16 06:43:19,872] {processor.py:163} INFO - Started process (PID=39) to work on /opt/airflow/dags/transform_and_analysis.py
[2022-10-16 06:43:19,873] {processor.py:642} INFO - Processing file /opt/airflow/dags/transform_and_analysis.py for tasks to queue
[2022-10-16 06:43:19,873] {logging_mixin.py:109} INFO - [2022-10-16 06:43:19,873] {dagbag.py:500} INFO - Filling up the DagBag from /opt/airflow/dags/transform_and_analysis.py
[2022-10-16 06:43:19,940] {processor.py:654} INFO - DAG(s) dict_keys(['2_daily_transformation_analysis']) retrieved from /opt/airflow/dags/transform_and_analysis.py
[2022-10-16 06:43:20,724] {logging_mixin.py:109} INFO - [2022-10-16 06:43:20,724] {dag.py:2398} INFO - Sync 1 DAGs
[2022-10-16 06:43:20,742] {logging_mixin.py:109} INFO - [2022-10-16 06:43:20,742] {dag.py:2937} INFO - Setting next_dagrun for 2_daily_transformation_analysis to None
[2022-10-16 06:43:20,763] {processor.py:171} INFO - Processing /opt/airflow/dags/transform_and_analysis.py took 0.894 seconds
[2022-10-16 06:43:51,111] {processor.py:163} INFO - Started process (PID=103) to work on /opt/airflow/dags/transform_and_analysis.py
[2022-10-16 06:43:51,113] {processor.py:642} INFO - Processing file /opt/airflow/dags/transform_and_analysis.py for tasks to queue
[2022-10-16 06:43:51,114] {logging_mixin.py:109} INFO - [2022-10-16 06:43:51,114] {dagbag.py:500} INFO - Filling up the DagBag from /opt/airflow/dags/transform_and_analysis.py
[2022-10-16 06:43:51,147] {processor.py:654} INFO - DAG(s) dict_keys(['2_daily_transformation_analysis']) retrieved from /opt/airflow/dags/transform_and_analysis.py
[2022-10-16 06:43:51,157] {logging_mixin.py:109} INFO - [2022-10-16 06:43:51,157] {dag.py:2398} INFO - Sync 1 DAGs
[2022-10-16 06:43:51,173] {logging_mixin.py:109} INFO - [2022-10-16 06:43:51,173] {dag.py:2937} INFO - Setting next_dagrun for 2_daily_transformation_analysis to None
[2022-10-16 06:43:51,182] {processor.py:171} INFO - Processing /opt/airflow/dags/transform_and_analysis.py took 0.073 seconds
[2022-10-16 06:44:21,822] {processor.py:163} INFO - Started process (PID=174) to work on /opt/airflow/dags/transform_and_analysis.py
[2022-10-16 06:44:21,823] {processor.py:642} INFO - Processing file /opt/airflow/dags/transform_and_analysis.py for tasks to queue
[2022-10-16 06:44:21,823] {logging_mixin.py:109} INFO - [2022-10-16 06:44:21,823] {dagbag.py:500} INFO - Filling up the DagBag from /opt/airflow/dags/transform_and_analysis.py
[2022-10-16 06:44:21,846] {processor.py:654} INFO - DAG(s) dict_keys(['2_daily_transformation_analysis']) retrieved from /opt/airflow/dags/transform_and_analysis.py
[2022-10-16 06:44:21,852] {logging_mixin.py:109} INFO - [2022-10-16 06:44:21,852] {dag.py:2398} INFO - Sync 1 DAGs
[2022-10-16 06:44:21,862] {logging_mixin.py:109} INFO - [2022-10-16 06:44:21,862] {dag.py:2937} INFO - Setting next_dagrun for 2_daily_transformation_analysis to None
[2022-10-16 06:44:21,874] {processor.py:171} INFO - Processing /opt/airflow/dags/transform_and_analysis.py took 0.054 seconds
[2022-10-16 06:44:51,951] {processor.py:163} INFO - Started process (PID=236) to work on /opt/airflow/dags/transform_and_analysis.py
[2022-10-16 06:44:51,953] {processor.py:642} INFO - Processing file /opt/airflow/dags/transform_and_analysis.py for tasks to queue
[2022-10-16 06:44:51,953] {logging_mixin.py:109} INFO - [2022-10-16 06:44:51,953] {dagbag.py:500} INFO - Filling up the DagBag from /opt/airflow/dags/transform_and_analysis.py
[2022-10-16 06:44:51,976] {processor.py:654} INFO - DAG(s) dict_keys(['2_daily_transformation_analysis']) retrieved from /opt/airflow/dags/transform_and_analysis.py
[2022-10-16 06:44:51,982] {logging_mixin.py:109} INFO - [2022-10-16 06:44:51,982] {dag.py:2398} INFO - Sync 1 DAGs
[2022-10-16 06:44:51,992] {logging_mixin.py:109} INFO - [2022-10-16 06:44:51,992] {dag.py:2937} INFO - Setting next_dagrun for 2_daily_transformation_analysis to None
[2022-10-16 06:44:52,004] {processor.py:171} INFO - Processing /opt/airflow/dags/transform_and_analysis.py took 0.055 seconds
[2022-10-16 06:45:22,179] {processor.py:163} INFO - Started process (PID=307) to work on /opt/airflow/dags/transform_and_analysis.py
[2022-10-16 06:45:22,180] {processor.py:642} INFO - Processing file /opt/airflow/dags/transform_and_analysis.py for tasks to queue
[2022-10-16 06:45:22,181] {logging_mixin.py:109} INFO - [2022-10-16 06:45:22,181] {dagbag.py:500} INFO - Filling up the DagBag from /opt/airflow/dags/transform_and_analysis.py
[2022-10-16 06:45:22,203] {processor.py:654} INFO - DAG(s) dict_keys(['2_daily_transformation_analysis']) retrieved from /opt/airflow/dags/transform_and_analysis.py
[2022-10-16 06:45:22,209] {logging_mixin.py:109} INFO - [2022-10-16 06:45:22,209] {dag.py:2398} INFO - Sync 1 DAGs
[2022-10-16 06:45:22,219] {logging_mixin.py:109} INFO - [2022-10-16 06:45:22,219] {dag.py:2937} INFO - Setting next_dagrun for 2_daily_transformation_analysis to None
[2022-10-16 06:45:22,226] {processor.py:171} INFO - Processing /opt/airflow/dags/transform_and_analysis.py took 0.049 seconds
[2022-10-16 06:45:53,117] {processor.py:163} INFO - Started process (PID=369) to work on /opt/airflow/dags/transform_and_analysis.py
[2022-10-16 06:45:53,119] {processor.py:642} INFO - Processing file /opt/airflow/dags/transform_and_analysis.py for tasks to queue
[2022-10-16 06:45:53,119] {logging_mixin.py:109} INFO - [2022-10-16 06:45:53,119] {dagbag.py:500} INFO - Filling up the DagBag from /opt/airflow/dags/transform_and_analysis.py
[2022-10-16 06:45:53,143] {processor.py:654} INFO - DAG(s) dict_keys(['2_daily_transformation_analysis']) retrieved from /opt/airflow/dags/transform_and_analysis.py
[2022-10-16 06:45:53,149] {logging_mixin.py:109} INFO - [2022-10-16 06:45:53,149] {dag.py:2398} INFO - Sync 1 DAGs
[2022-10-16 06:45:53,159] {logging_mixin.py:109} INFO - [2022-10-16 06:45:53,159] {dag.py:2937} INFO - Setting next_dagrun for 2_daily_transformation_analysis to None
[2022-10-16 06:45:53,171] {processor.py:171} INFO - Processing /opt/airflow/dags/transform_and_analysis.py took 0.057 seconds
[2022-10-16 06:46:23,293] {processor.py:163} INFO - Started process (PID=440) to work on /opt/airflow/dags/transform_and_analysis.py
[2022-10-16 06:46:23,295] {processor.py:642} INFO - Processing file /opt/airflow/dags/transform_and_analysis.py for tasks to queue
[2022-10-16 06:46:23,295] {logging_mixin.py:109} INFO - [2022-10-16 06:46:23,295] {dagbag.py:500} INFO - Filling up the DagBag from /opt/airflow/dags/transform_and_analysis.py
[2022-10-16 06:46:23,320] {processor.py:654} INFO - DAG(s) dict_keys(['2_daily_transformation_analysis']) retrieved from /opt/airflow/dags/transform_and_analysis.py
[2022-10-16 06:46:23,326] {logging_mixin.py:109} INFO - [2022-10-16 06:46:23,326] {dag.py:2398} INFO - Sync 1 DAGs
[2022-10-16 06:46:23,337] {logging_mixin.py:109} INFO - [2022-10-16 06:46:23,337] {dag.py:2937} INFO - Setting next_dagrun for 2_daily_transformation_analysis to None
[2022-10-16 06:46:23,349] {processor.py:171} INFO - Processing /opt/airflow/dags/transform_and_analysis.py took 0.058 seconds
[2022-10-16 06:46:53,452] {processor.py:163} INFO - Started process (PID=502) to work on /opt/airflow/dags/transform_and_analysis.py
[2022-10-16 06:46:53,453] {processor.py:642} INFO - Processing file /opt/airflow/dags/transform_and_analysis.py for tasks to queue
[2022-10-16 06:46:53,454] {logging_mixin.py:109} INFO - [2022-10-16 06:46:53,453] {dagbag.py:500} INFO - Filling up the DagBag from /opt/airflow/dags/transform_and_analysis.py
[2022-10-16 06:46:53,477] {processor.py:654} INFO - DAG(s) dict_keys(['2_daily_transformation_analysis']) retrieved from /opt/airflow/dags/transform_and_analysis.py
[2022-10-16 06:46:53,483] {logging_mixin.py:109} INFO - [2022-10-16 06:46:53,483] {dag.py:2398} INFO - Sync 1 DAGs
[2022-10-16 06:46:53,493] {logging_mixin.py:109} INFO - [2022-10-16 06:46:53,493] {dag.py:2937} INFO - Setting next_dagrun for 2_daily_transformation_analysis to None
[2022-10-16 06:46:53,500] {processor.py:171} INFO - Processing /opt/airflow/dags/transform_and_analysis.py took 0.050 seconds
[2022-10-16 06:47:24,430] {processor.py:163} INFO - Started process (PID=574) to work on /opt/airflow/dags/transform_and_analysis.py
[2022-10-16 06:47:24,430] {processor.py:642} INFO - Processing file /opt/airflow/dags/transform_and_analysis.py for tasks to queue
[2022-10-16 06:47:24,431] {logging_mixin.py:109} INFO - [2022-10-16 06:47:24,431] {dagbag.py:500} INFO - Filling up the DagBag from /opt/airflow/dags/transform_and_analysis.py
[2022-10-16 06:47:24,454] {processor.py:654} INFO - DAG(s) dict_keys(['2_daily_transformation_analysis']) retrieved from /opt/airflow/dags/transform_and_analysis.py
[2022-10-16 06:47:24,460] {logging_mixin.py:109} INFO - [2022-10-16 06:47:24,460] {dag.py:2398} INFO - Sync 1 DAGs
[2022-10-16 06:47:24,471] {logging_mixin.py:109} INFO - [2022-10-16 06:47:24,471] {dag.py:2937} INFO - Setting next_dagrun for 2_daily_transformation_analysis to None
[2022-10-16 06:47:24,485] {processor.py:171} INFO - Processing /opt/airflow/dags/transform_and_analysis.py took 0.057 seconds
[2022-10-16 06:47:54,553] {processor.py:163} INFO - Started process (PID=636) to work on /opt/airflow/dags/transform_and_analysis.py
[2022-10-16 06:47:54,554] {processor.py:642} INFO - Processing file /opt/airflow/dags/transform_and_analysis.py for tasks to queue
[2022-10-16 06:47:54,555] {logging_mixin.py:109} INFO - [2022-10-16 06:47:54,555] {dagbag.py:500} INFO - Filling up the DagBag from /opt/airflow/dags/transform_and_analysis.py
[2022-10-16 06:47:54,578] {processor.py:654} INFO - DAG(s) dict_keys(['2_daily_transformation_analysis']) retrieved from /opt/airflow/dags/transform_and_analysis.py
[2022-10-16 06:47:54,585] {logging_mixin.py:109} INFO - [2022-10-16 06:47:54,585] {dag.py:2398} INFO - Sync 1 DAGs
[2022-10-16 06:47:54,596] {logging_mixin.py:109} INFO - [2022-10-16 06:47:54,596] {dag.py:2937} INFO - Setting next_dagrun for 2_daily_transformation_analysis to None
[2022-10-16 06:47:54,616] {processor.py:171} INFO - Processing /opt/airflow/dags/transform_and_analysis.py took 0.065 seconds
[2022-10-16 06:48:24,708] {processor.py:163} INFO - Started process (PID=707) to work on /opt/airflow/dags/transform_and_analysis.py
[2022-10-16 06:48:24,709] {processor.py:642} INFO - Processing file /opt/airflow/dags/transform_and_analysis.py for tasks to queue
[2022-10-16 06:48:24,709] {logging_mixin.py:109} INFO - [2022-10-16 06:48:24,709] {dagbag.py:500} INFO - Filling up the DagBag from /opt/airflow/dags/transform_and_analysis.py
[2022-10-16 06:48:24,734] {processor.py:654} INFO - DAG(s) dict_keys(['2_daily_transformation_analysis']) retrieved from /opt/airflow/dags/transform_and_analysis.py
[2022-10-16 06:48:24,744] {logging_mixin.py:109} INFO - [2022-10-16 06:48:24,744] {dag.py:2398} INFO - Sync 1 DAGs
[2022-10-16 06:48:24,759] {logging_mixin.py:109} INFO - [2022-10-16 06:48:24,759] {dag.py:2937} INFO - Setting next_dagrun for 2_daily_transformation_analysis to None
[2022-10-16 06:48:24,773] {processor.py:171} INFO - Processing /opt/airflow/dags/transform_and_analysis.py took 0.067 seconds
[2022-10-16 06:48:54,938] {processor.py:163} INFO - Started process (PID=769) to work on /opt/airflow/dags/transform_and_analysis.py
[2022-10-16 06:48:54,939] {processor.py:642} INFO - Processing file /opt/airflow/dags/transform_and_analysis.py for tasks to queue
[2022-10-16 06:48:54,939] {logging_mixin.py:109} INFO - [2022-10-16 06:48:54,939] {dagbag.py:500} INFO - Filling up the DagBag from /opt/airflow/dags/transform_and_analysis.py
[2022-10-16 06:48:54,963] {processor.py:654} INFO - DAG(s) dict_keys(['2_daily_transformation_analysis']) retrieved from /opt/airflow/dags/transform_and_analysis.py
[2022-10-16 06:48:54,972] {logging_mixin.py:109} INFO - [2022-10-16 06:48:54,972] {dag.py:2398} INFO - Sync 1 DAGs
[2022-10-16 06:48:54,987] {logging_mixin.py:109} INFO - [2022-10-16 06:48:54,987] {dag.py:2937} INFO - Setting next_dagrun for 2_daily_transformation_analysis to None
[2022-10-16 06:48:55,000] {processor.py:171} INFO - Processing /opt/airflow/dags/transform_and_analysis.py took 0.064 seconds
[2022-10-16 06:49:25,970] {processor.py:163} INFO - Started process (PID=840) to work on /opt/airflow/dags/transform_and_analysis.py
[2022-10-16 06:49:25,973] {processor.py:642} INFO - Processing file /opt/airflow/dags/transform_and_analysis.py for tasks to queue
[2022-10-16 06:49:25,973] {logging_mixin.py:109} INFO - [2022-10-16 06:49:25,973] {dagbag.py:500} INFO - Filling up the DagBag from /opt/airflow/dags/transform_and_analysis.py
[2022-10-16 06:49:25,996] {processor.py:654} INFO - DAG(s) dict_keys(['2_daily_transformation_analysis']) retrieved from /opt/airflow/dags/transform_and_analysis.py
[2022-10-16 06:49:26,007] {logging_mixin.py:109} INFO - [2022-10-16 06:49:26,007] {dag.py:2398} INFO - Sync 1 DAGs
[2022-10-16 06:49:26,018] {logging_mixin.py:109} INFO - [2022-10-16 06:49:26,018] {dag.py:2937} INFO - Setting next_dagrun for 2_daily_transformation_analysis to None
[2022-10-16 06:49:26,030] {processor.py:171} INFO - Processing /opt/airflow/dags/transform_and_analysis.py took 0.063 seconds
[2022-10-16 06:49:56,125] {processor.py:163} INFO - Started process (PID=903) to work on /opt/airflow/dags/transform_and_analysis.py
[2022-10-16 06:49:56,126] {processor.py:642} INFO - Processing file /opt/airflow/dags/transform_and_analysis.py for tasks to queue
[2022-10-16 06:49:56,127] {logging_mixin.py:109} INFO - [2022-10-16 06:49:56,127] {dagbag.py:500} INFO - Filling up the DagBag from /opt/airflow/dags/transform_and_analysis.py
[2022-10-16 06:49:56,152] {processor.py:654} INFO - DAG(s) dict_keys(['2_daily_transformation_analysis']) retrieved from /opt/airflow/dags/transform_and_analysis.py
[2022-10-16 06:49:56,161] {logging_mixin.py:109} INFO - [2022-10-16 06:49:56,161] {dag.py:2398} INFO - Sync 1 DAGs
[2022-10-16 06:49:56,175] {logging_mixin.py:109} INFO - [2022-10-16 06:49:56,175] {dag.py:2937} INFO - Setting next_dagrun for 2_daily_transformation_analysis to None
[2022-10-16 06:49:56,199] {processor.py:171} INFO - Processing /opt/airflow/dags/transform_and_analysis.py took 0.075 seconds
[2022-10-16 06:50:26,254] {processor.py:163} INFO - Started process (PID=975) to work on /opt/airflow/dags/transform_and_analysis.py
[2022-10-16 06:50:26,254] {processor.py:642} INFO - Processing file /opt/airflow/dags/transform_and_analysis.py for tasks to queue
[2022-10-16 06:50:26,255] {logging_mixin.py:109} INFO - [2022-10-16 06:50:26,255] {dagbag.py:500} INFO - Filling up the DagBag from /opt/airflow/dags/transform_and_analysis.py
[2022-10-16 06:50:26,278] {processor.py:654} INFO - DAG(s) dict_keys(['2_daily_transformation_analysis']) retrieved from /opt/airflow/dags/transform_and_analysis.py
[2022-10-16 06:50:26,284] {logging_mixin.py:109} INFO - [2022-10-16 06:50:26,284] {dag.py:2398} INFO - Sync 1 DAGs
[2022-10-16 06:50:26,295] {logging_mixin.py:109} INFO - [2022-10-16 06:50:26,295] {dag.py:2937} INFO - Setting next_dagrun for 2_daily_transformation_analysis to None
[2022-10-16 06:50:26,302] {processor.py:171} INFO - Processing /opt/airflow/dags/transform_and_analysis.py took 0.050 seconds
[2022-10-16 06:50:56,717] {processor.py:163} INFO - Started process (PID=1038) to work on /opt/airflow/dags/transform_and_analysis.py
[2022-10-16 06:50:56,718] {processor.py:642} INFO - Processing file /opt/airflow/dags/transform_and_analysis.py for tasks to queue
[2022-10-16 06:50:56,719] {logging_mixin.py:109} INFO - [2022-10-16 06:50:56,718] {dagbag.py:500} INFO - Filling up the DagBag from /opt/airflow/dags/transform_and_analysis.py
[2022-10-16 06:50:56,743] {processor.py:654} INFO - DAG(s) dict_keys(['2_daily_transformation_analysis']) retrieved from /opt/airflow/dags/transform_and_analysis.py
[2022-10-16 06:50:56,749] {logging_mixin.py:109} INFO - [2022-10-16 06:50:56,749] {dag.py:2398} INFO - Sync 1 DAGs
[2022-10-16 06:50:56,760] {logging_mixin.py:109} INFO - [2022-10-16 06:50:56,760] {dag.py:2937} INFO - Setting next_dagrun for 2_daily_transformation_analysis to None
[2022-10-16 06:50:56,781] {processor.py:171} INFO - Processing /opt/airflow/dags/transform_and_analysis.py took 0.067 seconds
[2022-10-16 06:51:26,909] {processor.py:163} INFO - Started process (PID=1111) to work on /opt/airflow/dags/transform_and_analysis.py
[2022-10-16 06:51:26,910] {processor.py:642} INFO - Processing file /opt/airflow/dags/transform_and_analysis.py for tasks to queue
[2022-10-16 06:51:26,911] {logging_mixin.py:109} INFO - [2022-10-16 06:51:26,911] {dagbag.py:500} INFO - Filling up the DagBag from /opt/airflow/dags/transform_and_analysis.py
[2022-10-16 06:51:26,936] {processor.py:654} INFO - DAG(s) dict_keys(['2_daily_transformation_analysis']) retrieved from /opt/airflow/dags/transform_and_analysis.py
[2022-10-16 06:51:26,943] {logging_mixin.py:109} INFO - [2022-10-16 06:51:26,943] {dag.py:2398} INFO - Sync 1 DAGs
[2022-10-16 06:51:26,955] {logging_mixin.py:109} INFO - [2022-10-16 06:51:26,955] {dag.py:2937} INFO - Setting next_dagrun for 2_daily_transformation_analysis to None
[2022-10-16 06:51:26,978] {processor.py:171} INFO - Processing /opt/airflow/dags/transform_and_analysis.py took 0.072 seconds
[2022-10-16 06:51:57,308] {processor.py:163} INFO - Started process (PID=1173) to work on /opt/airflow/dags/transform_and_analysis.py
[2022-10-16 06:51:57,309] {processor.py:642} INFO - Processing file /opt/airflow/dags/transform_and_analysis.py for tasks to queue
[2022-10-16 06:51:57,310] {logging_mixin.py:109} INFO - [2022-10-16 06:51:57,310] {dagbag.py:500} INFO - Filling up the DagBag from /opt/airflow/dags/transform_and_analysis.py
[2022-10-16 06:51:57,338] {processor.py:654} INFO - DAG(s) dict_keys(['2_daily_transformation_analysis']) retrieved from /opt/airflow/dags/transform_and_analysis.py
[2022-10-16 06:51:57,345] {logging_mixin.py:109} INFO - [2022-10-16 06:51:57,345] {dag.py:2398} INFO - Sync 1 DAGs
[2022-10-16 06:51:57,361] {logging_mixin.py:109} INFO - [2022-10-16 06:51:57,361] {dag.py:2937} INFO - Setting next_dagrun for 2_daily_transformation_analysis to None
[2022-10-16 06:51:57,389] {processor.py:171} INFO - Processing /opt/airflow/dags/transform_and_analysis.py took 0.083 seconds
[2022-10-16 06:52:27,825] {processor.py:163} INFO - Started process (PID=1244) to work on /opt/airflow/dags/transform_and_analysis.py
[2022-10-16 06:52:27,826] {processor.py:642} INFO - Processing file /opt/airflow/dags/transform_and_analysis.py for tasks to queue
[2022-10-16 06:52:27,827] {logging_mixin.py:109} INFO - [2022-10-16 06:52:27,827] {dagbag.py:500} INFO - Filling up the DagBag from /opt/airflow/dags/transform_and_analysis.py
[2022-10-16 06:52:27,851] {processor.py:654} INFO - DAG(s) dict_keys(['2_daily_transformation_analysis']) retrieved from /opt/airflow/dags/transform_and_analysis.py
[2022-10-16 06:52:27,858] {logging_mixin.py:109} INFO - [2022-10-16 06:52:27,857] {dag.py:2398} INFO - Sync 1 DAGs
[2022-10-16 06:52:27,870] {logging_mixin.py:109} INFO - [2022-10-16 06:52:27,870] {dag.py:2937} INFO - Setting next_dagrun for 2_daily_transformation_analysis to None
[2022-10-16 06:52:27,879] {processor.py:171} INFO - Processing /opt/airflow/dags/transform_and_analysis.py took 0.056 seconds
[2022-10-16 06:52:58,028] {processor.py:163} INFO - Started process (PID=1306) to work on /opt/airflow/dags/transform_and_analysis.py
[2022-10-16 06:52:58,029] {processor.py:642} INFO - Processing file /opt/airflow/dags/transform_and_analysis.py for tasks to queue
[2022-10-16 06:52:58,029] {logging_mixin.py:109} INFO - [2022-10-16 06:52:58,029] {dagbag.py:500} INFO - Filling up the DagBag from /opt/airflow/dags/transform_and_analysis.py
[2022-10-16 06:52:58,054] {processor.py:654} INFO - DAG(s) dict_keys(['2_daily_transformation_analysis']) retrieved from /opt/airflow/dags/transform_and_analysis.py
[2022-10-16 06:52:58,061] {logging_mixin.py:109} INFO - [2022-10-16 06:52:58,061] {dag.py:2398} INFO - Sync 1 DAGs
[2022-10-16 06:52:58,072] {logging_mixin.py:109} INFO - [2022-10-16 06:52:58,072] {dag.py:2937} INFO - Setting next_dagrun for 2_daily_transformation_analysis to None
[2022-10-16 06:52:58,085] {processor.py:171} INFO - Processing /opt/airflow/dags/transform_and_analysis.py took 0.059 seconds
[2022-10-16 06:53:28,400] {processor.py:163} INFO - Started process (PID=1377) to work on /opt/airflow/dags/transform_and_analysis.py
[2022-10-16 06:53:28,401] {processor.py:642} INFO - Processing file /opt/airflow/dags/transform_and_analysis.py for tasks to queue
[2022-10-16 06:53:28,401] {logging_mixin.py:109} INFO - [2022-10-16 06:53:28,401] {dagbag.py:500} INFO - Filling up the DagBag from /opt/airflow/dags/transform_and_analysis.py
[2022-10-16 06:53:28,426] {processor.py:654} INFO - DAG(s) dict_keys(['2_daily_transformation_analysis']) retrieved from /opt/airflow/dags/transform_and_analysis.py
[2022-10-16 06:53:28,436] {logging_mixin.py:109} INFO - [2022-10-16 06:53:28,436] {dag.py:2398} INFO - Sync 1 DAGs
[2022-10-16 06:53:28,452] {logging_mixin.py:109} INFO - [2022-10-16 06:53:28,452] {dag.py:2937} INFO - Setting next_dagrun for 2_daily_transformation_analysis to None
[2022-10-16 06:53:28,465] {processor.py:171} INFO - Processing /opt/airflow/dags/transform_and_analysis.py took 0.068 seconds
[2022-10-16 06:53:58,837] {processor.py:163} INFO - Started process (PID=1441) to work on /opt/airflow/dags/transform_and_analysis.py
[2022-10-16 06:53:58,838] {processor.py:642} INFO - Processing file /opt/airflow/dags/transform_and_analysis.py for tasks to queue
[2022-10-16 06:53:58,838] {logging_mixin.py:109} INFO - [2022-10-16 06:53:58,838] {dagbag.py:500} INFO - Filling up the DagBag from /opt/airflow/dags/transform_and_analysis.py
[2022-10-16 06:53:58,860] {processor.py:654} INFO - DAG(s) dict_keys(['2_daily_transformation_analysis']) retrieved from /opt/airflow/dags/transform_and_analysis.py
[2022-10-16 06:53:58,866] {logging_mixin.py:109} INFO - [2022-10-16 06:53:58,866] {dag.py:2398} INFO - Sync 1 DAGs
[2022-10-16 06:53:58,877] {logging_mixin.py:109} INFO - [2022-10-16 06:53:58,876] {dag.py:2937} INFO - Setting next_dagrun for 2_daily_transformation_analysis to None
[2022-10-16 06:53:58,897] {processor.py:171} INFO - Processing /opt/airflow/dags/transform_and_analysis.py took 0.062 seconds
[2022-10-16 06:54:29,136] {processor.py:163} INFO - Started process (PID=1513) to work on /opt/airflow/dags/transform_and_analysis.py
[2022-10-16 06:54:29,138] {processor.py:642} INFO - Processing file /opt/airflow/dags/transform_and_analysis.py for tasks to queue
[2022-10-16 06:54:29,138] {logging_mixin.py:109} INFO - [2022-10-16 06:54:29,138] {dagbag.py:500} INFO - Filling up the DagBag from /opt/airflow/dags/transform_and_analysis.py
[2022-10-16 06:54:29,163] {processor.py:654} INFO - DAG(s) dict_keys(['2_daily_transformation_analysis']) retrieved from /opt/airflow/dags/transform_and_analysis.py
[2022-10-16 06:54:29,169] {logging_mixin.py:109} INFO - [2022-10-16 06:54:29,169] {dag.py:2398} INFO - Sync 1 DAGs
[2022-10-16 06:54:29,179] {logging_mixin.py:109} INFO - [2022-10-16 06:54:29,179] {dag.py:2937} INFO - Setting next_dagrun for 2_daily_transformation_analysis to None
[2022-10-16 06:54:29,196] {processor.py:171} INFO - Processing /opt/airflow/dags/transform_and_analysis.py took 0.062 seconds
[2022-10-16 06:54:59,367] {processor.py:163} INFO - Started process (PID=1576) to work on /opt/airflow/dags/transform_and_analysis.py
[2022-10-16 06:54:59,367] {processor.py:642} INFO - Processing file /opt/airflow/dags/transform_and_analysis.py for tasks to queue
[2022-10-16 06:54:59,368] {logging_mixin.py:109} INFO - [2022-10-16 06:54:59,368] {dagbag.py:500} INFO - Filling up the DagBag from /opt/airflow/dags/transform_and_analysis.py
[2022-10-16 06:54:59,395] {processor.py:654} INFO - DAG(s) dict_keys(['2_daily_transformation_analysis']) retrieved from /opt/airflow/dags/transform_and_analysis.py
[2022-10-16 06:54:59,404] {logging_mixin.py:109} INFO - [2022-10-16 06:54:59,403] {dag.py:2398} INFO - Sync 1 DAGs
[2022-10-16 06:54:59,419] {logging_mixin.py:109} INFO - [2022-10-16 06:54:59,419] {dag.py:2937} INFO - Setting next_dagrun for 2_daily_transformation_analysis to None
[2022-10-16 06:54:59,441] {processor.py:171} INFO - Processing /opt/airflow/dags/transform_and_analysis.py took 0.076 seconds
[2022-10-16 06:55:29,503] {processor.py:163} INFO - Started process (PID=1649) to work on /opt/airflow/dags/transform_and_analysis.py
[2022-10-16 06:55:29,505] {processor.py:642} INFO - Processing file /opt/airflow/dags/transform_and_analysis.py for tasks to queue
[2022-10-16 06:55:29,506] {logging_mixin.py:109} INFO - [2022-10-16 06:55:29,505] {dagbag.py:500} INFO - Filling up the DagBag from /opt/airflow/dags/transform_and_analysis.py
[2022-10-16 06:55:29,536] {processor.py:654} INFO - DAG(s) dict_keys(['2_daily_transformation_analysis']) retrieved from /opt/airflow/dags/transform_and_analysis.py
[2022-10-16 06:55:29,543] {logging_mixin.py:109} INFO - [2022-10-16 06:55:29,543] {dag.py:2398} INFO - Sync 1 DAGs
[2022-10-16 06:55:29,557] {logging_mixin.py:109} INFO - [2022-10-16 06:55:29,557] {dag.py:2937} INFO - Setting next_dagrun for 2_daily_transformation_analysis to None
[2022-10-16 06:55:29,580] {processor.py:171} INFO - Processing /opt/airflow/dags/transform_and_analysis.py took 0.080 seconds
[2022-10-16 06:55:59,856] {processor.py:163} INFO - Started process (PID=1711) to work on /opt/airflow/dags/transform_and_analysis.py
[2022-10-16 06:55:59,857] {processor.py:642} INFO - Processing file /opt/airflow/dags/transform_and_analysis.py for tasks to queue
[2022-10-16 06:55:59,857] {logging_mixin.py:109} INFO - [2022-10-16 06:55:59,857] {dagbag.py:500} INFO - Filling up the DagBag from /opt/airflow/dags/transform_and_analysis.py
[2022-10-16 06:55:59,880] {processor.py:654} INFO - DAG(s) dict_keys(['2_daily_transformation_analysis']) retrieved from /opt/airflow/dags/transform_and_analysis.py
[2022-10-16 06:55:59,887] {logging_mixin.py:109} INFO - [2022-10-16 06:55:59,886] {dag.py:2398} INFO - Sync 1 DAGs
[2022-10-16 06:55:59,897] {logging_mixin.py:109} INFO - [2022-10-16 06:55:59,897] {dag.py:2937} INFO - Setting next_dagrun for 2_daily_transformation_analysis to None
[2022-10-16 06:55:59,916] {processor.py:171} INFO - Processing /opt/airflow/dags/transform_and_analysis.py took 0.062 seconds
[2022-10-16 06:56:30,182] {processor.py:163} INFO - Started process (PID=1783) to work on /opt/airflow/dags/transform_and_analysis.py
[2022-10-16 06:56:30,184] {processor.py:642} INFO - Processing file /opt/airflow/dags/transform_and_analysis.py for tasks to queue
[2022-10-16 06:56:30,184] {logging_mixin.py:109} INFO - [2022-10-16 06:56:30,184] {dagbag.py:500} INFO - Filling up the DagBag from /opt/airflow/dags/transform_and_analysis.py
[2022-10-16 06:56:30,214] {processor.py:654} INFO - DAG(s) dict_keys(['2_daily_transformation_analysis']) retrieved from /opt/airflow/dags/transform_and_analysis.py
[2022-10-16 06:56:30,222] {logging_mixin.py:109} INFO - [2022-10-16 06:56:30,222] {dag.py:2398} INFO - Sync 1 DAGs
[2022-10-16 06:56:30,235] {logging_mixin.py:109} INFO - [2022-10-16 06:56:30,235] {dag.py:2937} INFO - Setting next_dagrun for 2_daily_transformation_analysis to None
[2022-10-16 06:56:30,249] {processor.py:171} INFO - Processing /opt/airflow/dags/transform_and_analysis.py took 0.069 seconds
[2022-10-16 06:57:00,584] {processor.py:163} INFO - Started process (PID=1847) to work on /opt/airflow/dags/transform_and_analysis.py
[2022-10-16 06:57:00,585] {processor.py:642} INFO - Processing file /opt/airflow/dags/transform_and_analysis.py for tasks to queue
[2022-10-16 06:57:00,585] {logging_mixin.py:109} INFO - [2022-10-16 06:57:00,585] {dagbag.py:500} INFO - Filling up the DagBag from /opt/airflow/dags/transform_and_analysis.py
[2022-10-16 06:57:00,610] {processor.py:654} INFO - DAG(s) dict_keys(['2_daily_transformation_analysis']) retrieved from /opt/airflow/dags/transform_and_analysis.py
[2022-10-16 06:57:00,619] {logging_mixin.py:109} INFO - [2022-10-16 06:57:00,619] {dag.py:2398} INFO - Sync 1 DAGs
[2022-10-16 06:57:00,634] {logging_mixin.py:109} INFO - [2022-10-16 06:57:00,634] {dag.py:2937} INFO - Setting next_dagrun for 2_daily_transformation_analysis to None
[2022-10-16 06:57:00,649] {processor.py:171} INFO - Processing /opt/airflow/dags/transform_and_analysis.py took 0.067 seconds
[2022-10-16 06:57:30,883] {processor.py:163} INFO - Started process (PID=1918) to work on /opt/airflow/dags/transform_and_analysis.py
[2022-10-16 06:57:30,885] {processor.py:642} INFO - Processing file /opt/airflow/dags/transform_and_analysis.py for tasks to queue
[2022-10-16 06:57:30,885] {logging_mixin.py:109} INFO - [2022-10-16 06:57:30,885] {dagbag.py:500} INFO - Filling up the DagBag from /opt/airflow/dags/transform_and_analysis.py
[2022-10-16 06:57:30,911] {processor.py:654} INFO - DAG(s) dict_keys(['2_daily_transformation_analysis']) retrieved from /opt/airflow/dags/transform_and_analysis.py
[2022-10-16 06:57:30,920] {logging_mixin.py:109} INFO - [2022-10-16 06:57:30,920] {dag.py:2398} INFO - Sync 1 DAGs
[2022-10-16 06:57:30,936] {logging_mixin.py:109} INFO - [2022-10-16 06:57:30,936] {dag.py:2937} INFO - Setting next_dagrun for 2_daily_transformation_analysis to None
[2022-10-16 06:57:30,951] {processor.py:171} INFO - Processing /opt/airflow/dags/transform_and_analysis.py took 0.070 seconds
[2022-10-16 06:58:01,154] {processor.py:163} INFO - Started process (PID=1986) to work on /opt/airflow/dags/transform_and_analysis.py
[2022-10-16 06:58:01,155] {processor.py:642} INFO - Processing file /opt/airflow/dags/transform_and_analysis.py for tasks to queue
[2022-10-16 06:58:01,156] {logging_mixin.py:109} INFO - [2022-10-16 06:58:01,156] {dagbag.py:500} INFO - Filling up the DagBag from /opt/airflow/dags/transform_and_analysis.py
[2022-10-16 06:58:01,179] {processor.py:654} INFO - DAG(s) dict_keys(['2_daily_transformation_analysis']) retrieved from /opt/airflow/dags/transform_and_analysis.py
[2022-10-16 06:58:01,186] {logging_mixin.py:109} INFO - [2022-10-16 06:58:01,186] {dag.py:2398} INFO - Sync 1 DAGs
[2022-10-16 06:58:01,197] {logging_mixin.py:109} INFO - [2022-10-16 06:58:01,197] {dag.py:2937} INFO - Setting next_dagrun for 2_daily_transformation_analysis to None
[2022-10-16 06:58:01,210] {processor.py:171} INFO - Processing /opt/airflow/dags/transform_and_analysis.py took 0.058 seconds
[2022-10-16 06:58:31,446] {processor.py:163} INFO - Started process (PID=2057) to work on /opt/airflow/dags/transform_and_analysis.py
[2022-10-16 06:58:31,447] {processor.py:642} INFO - Processing file /opt/airflow/dags/transform_and_analysis.py for tasks to queue
[2022-10-16 06:58:31,448] {logging_mixin.py:109} INFO - [2022-10-16 06:58:31,448] {dagbag.py:500} INFO - Filling up the DagBag from /opt/airflow/dags/transform_and_analysis.py
[2022-10-16 06:58:31,472] {processor.py:654} INFO - DAG(s) dict_keys(['2_daily_transformation_analysis']) retrieved from /opt/airflow/dags/transform_and_analysis.py
[2022-10-16 06:58:31,478] {logging_mixin.py:109} INFO - [2022-10-16 06:58:31,478] {dag.py:2398} INFO - Sync 1 DAGs
[2022-10-16 06:58:31,490] {logging_mixin.py:109} INFO - [2022-10-16 06:58:31,490] {dag.py:2937} INFO - Setting next_dagrun for 2_daily_transformation_analysis to None
[2022-10-16 06:58:31,503] {processor.py:171} INFO - Processing /opt/airflow/dags/transform_and_analysis.py took 0.059 seconds
[2022-10-16 06:59:01,633] {processor.py:163} INFO - Started process (PID=2119) to work on /opt/airflow/dags/transform_and_analysis.py
[2022-10-16 06:59:01,634] {processor.py:642} INFO - Processing file /opt/airflow/dags/transform_and_analysis.py for tasks to queue
[2022-10-16 06:59:01,635] {logging_mixin.py:109} INFO - [2022-10-16 06:59:01,635] {dagbag.py:500} INFO - Filling up the DagBag from /opt/airflow/dags/transform_and_analysis.py
[2022-10-16 06:59:01,658] {processor.py:654} INFO - DAG(s) dict_keys(['2_daily_transformation_analysis']) retrieved from /opt/airflow/dags/transform_and_analysis.py
[2022-10-16 06:59:01,664] {logging_mixin.py:109} INFO - [2022-10-16 06:59:01,664] {dag.py:2398} INFO - Sync 1 DAGs
[2022-10-16 06:59:01,675] {logging_mixin.py:109} INFO - [2022-10-16 06:59:01,675] {dag.py:2937} INFO - Setting next_dagrun for 2_daily_transformation_analysis to None
[2022-10-16 06:59:01,690] {processor.py:171} INFO - Processing /opt/airflow/dags/transform_and_analysis.py took 0.059 seconds
[2022-10-16 06:59:31,864] {processor.py:163} INFO - Started process (PID=2190) to work on /opt/airflow/dags/transform_and_analysis.py
[2022-10-16 06:59:31,864] {processor.py:642} INFO - Processing file /opt/airflow/dags/transform_and_analysis.py for tasks to queue
[2022-10-16 06:59:31,865] {logging_mixin.py:109} INFO - [2022-10-16 06:59:31,864] {dagbag.py:500} INFO - Filling up the DagBag from /opt/airflow/dags/transform_and_analysis.py
[2022-10-16 06:59:31,888] {processor.py:654} INFO - DAG(s) dict_keys(['2_daily_transformation_analysis']) retrieved from /opt/airflow/dags/transform_and_analysis.py
[2022-10-16 06:59:31,895] {logging_mixin.py:109} INFO - [2022-10-16 06:59:31,895] {dag.py:2398} INFO - Sync 1 DAGs
[2022-10-16 06:59:31,906] {logging_mixin.py:109} INFO - [2022-10-16 06:59:31,906] {dag.py:2937} INFO - Setting next_dagrun for 2_daily_transformation_analysis to None
[2022-10-16 06:59:31,919] {processor.py:171} INFO - Processing /opt/airflow/dags/transform_and_analysis.py took 0.058 seconds
[2022-10-16 07:00:02,478] {processor.py:163} INFO - Started process (PID=2242) to work on /opt/airflow/dags/transform_and_analysis.py
[2022-10-16 07:00:02,480] {processor.py:642} INFO - Processing file /opt/airflow/dags/transform_and_analysis.py for tasks to queue
[2022-10-16 07:00:02,480] {logging_mixin.py:109} INFO - [2022-10-16 07:00:02,480] {dagbag.py:500} INFO - Filling up the DagBag from /opt/airflow/dags/transform_and_analysis.py
[2022-10-16 07:00:02,504] {processor.py:654} INFO - DAG(s) dict_keys(['2_daily_transformation_analysis']) retrieved from /opt/airflow/dags/transform_and_analysis.py
[2022-10-16 07:00:02,515] {logging_mixin.py:109} INFO - [2022-10-16 07:00:02,515] {dag.py:2398} INFO - Sync 1 DAGs
[2022-10-16 07:00:02,534] {logging_mixin.py:109} INFO - [2022-10-16 07:00:02,534] {dag.py:2937} INFO - Setting next_dagrun for 2_daily_transformation_analysis to None
[2022-10-16 07:00:02,549] {processor.py:171} INFO - Processing /opt/airflow/dags/transform_and_analysis.py took 0.073 seconds
[2022-10-16 07:00:33,274] {processor.py:163} INFO - Started process (PID=2315) to work on /opt/airflow/dags/transform_and_analysis.py
[2022-10-16 07:00:33,275] {processor.py:642} INFO - Processing file /opt/airflow/dags/transform_and_analysis.py for tasks to queue
[2022-10-16 07:00:33,275] {logging_mixin.py:109} INFO - [2022-10-16 07:00:33,275] {dagbag.py:500} INFO - Filling up the DagBag from /opt/airflow/dags/transform_and_analysis.py
[2022-10-16 07:00:33,308] {processor.py:654} INFO - DAG(s) dict_keys(['2_daily_transformation_analysis']) retrieved from /opt/airflow/dags/transform_and_analysis.py
[2022-10-16 07:00:33,320] {logging_mixin.py:109} INFO - [2022-10-16 07:00:33,320] {dag.py:2398} INFO - Sync 1 DAGs
[2022-10-16 07:00:33,338] {logging_mixin.py:109} INFO - [2022-10-16 07:00:33,338] {dag.py:2937} INFO - Setting next_dagrun for 2_daily_transformation_analysis to None
[2022-10-16 07:00:33,348] {processor.py:171} INFO - Processing /opt/airflow/dags/transform_and_analysis.py took 0.077 seconds
[2022-10-16 07:01:03,467] {processor.py:163} INFO - Started process (PID=2377) to work on /opt/airflow/dags/transform_and_analysis.py
[2022-10-16 07:01:03,469] {processor.py:642} INFO - Processing file /opt/airflow/dags/transform_and_analysis.py for tasks to queue
[2022-10-16 07:01:03,469] {logging_mixin.py:109} INFO - [2022-10-16 07:01:03,469] {dagbag.py:500} INFO - Filling up the DagBag from /opt/airflow/dags/transform_and_analysis.py
[2022-10-16 07:01:03,492] {processor.py:654} INFO - DAG(s) dict_keys(['2_daily_transformation_analysis']) retrieved from /opt/airflow/dags/transform_and_analysis.py
[2022-10-16 07:01:03,498] {logging_mixin.py:109} INFO - [2022-10-16 07:01:03,498] {dag.py:2398} INFO - Sync 1 DAGs
[2022-10-16 07:01:03,508] {logging_mixin.py:109} INFO - [2022-10-16 07:01:03,508] {dag.py:2937} INFO - Setting next_dagrun for 2_daily_transformation_analysis to None
[2022-10-16 07:01:03,521] {processor.py:171} INFO - Processing /opt/airflow/dags/transform_and_analysis.py took 0.056 seconds
[2022-10-16 07:01:33,721] {processor.py:163} INFO - Started process (PID=2447) to work on /opt/airflow/dags/transform_and_analysis.py
[2022-10-16 07:01:33,722] {processor.py:642} INFO - Processing file /opt/airflow/dags/transform_and_analysis.py for tasks to queue
[2022-10-16 07:01:33,723] {logging_mixin.py:109} INFO - [2022-10-16 07:01:33,723] {dagbag.py:500} INFO - Filling up the DagBag from /opt/airflow/dags/transform_and_analysis.py
[2022-10-16 07:01:33,758] {processor.py:654} INFO - DAG(s) dict_keys(['2_daily_transformation_analysis']) retrieved from /opt/airflow/dags/transform_and_analysis.py
[2022-10-16 07:01:33,767] {logging_mixin.py:109} INFO - [2022-10-16 07:01:33,767] {dag.py:2398} INFO - Sync 1 DAGs
[2022-10-16 07:01:33,787] {logging_mixin.py:109} INFO - [2022-10-16 07:01:33,787] {dag.py:2937} INFO - Setting next_dagrun for 2_daily_transformation_analysis to None
[2022-10-16 07:01:33,798] {processor.py:171} INFO - Processing /opt/airflow/dags/transform_and_analysis.py took 0.079 seconds
[2022-10-16 07:02:04,455] {processor.py:163} INFO - Started process (PID=2511) to work on /opt/airflow/dags/transform_and_analysis.py
[2022-10-16 07:02:04,456] {processor.py:642} INFO - Processing file /opt/airflow/dags/transform_and_analysis.py for tasks to queue
[2022-10-16 07:02:04,457] {logging_mixin.py:109} INFO - [2022-10-16 07:02:04,457] {dagbag.py:500} INFO - Filling up the DagBag from /opt/airflow/dags/transform_and_analysis.py
[2022-10-16 07:02:04,480] {processor.py:654} INFO - DAG(s) dict_keys(['2_daily_transformation_analysis']) retrieved from /opt/airflow/dags/transform_and_analysis.py
[2022-10-16 07:02:04,486] {logging_mixin.py:109} INFO - [2022-10-16 07:02:04,486] {dag.py:2398} INFO - Sync 1 DAGs
[2022-10-16 07:02:04,497] {logging_mixin.py:109} INFO - [2022-10-16 07:02:04,497] {dag.py:2937} INFO - Setting next_dagrun for 2_daily_transformation_analysis to None
[2022-10-16 07:02:04,504] {processor.py:171} INFO - Processing /opt/airflow/dags/transform_and_analysis.py took 0.051 seconds
[2022-10-16 07:02:34,705] {processor.py:163} INFO - Started process (PID=2585) to work on /opt/airflow/dags/transform_and_analysis.py
[2022-10-16 07:02:34,706] {processor.py:642} INFO - Processing file /opt/airflow/dags/transform_and_analysis.py for tasks to queue
[2022-10-16 07:02:34,707] {logging_mixin.py:109} INFO - [2022-10-16 07:02:34,707] {dagbag.py:500} INFO - Filling up the DagBag from /opt/airflow/dags/transform_and_analysis.py
[2022-10-16 07:02:34,737] {processor.py:654} INFO - DAG(s) dict_keys(['2_daily_transformation_analysis']) retrieved from /opt/airflow/dags/transform_and_analysis.py
[2022-10-16 07:02:34,747] {logging_mixin.py:109} INFO - [2022-10-16 07:02:34,747] {dag.py:2398} INFO - Sync 1 DAGs
[2022-10-16 07:02:34,768] {logging_mixin.py:109} INFO - [2022-10-16 07:02:34,768] {dag.py:2937} INFO - Setting next_dagrun for 2_daily_transformation_analysis to None
[2022-10-16 07:02:34,786] {processor.py:171} INFO - Processing /opt/airflow/dags/transform_and_analysis.py took 0.084 seconds
[2022-10-16 07:03:04,915] {processor.py:163} INFO - Started process (PID=2648) to work on /opt/airflow/dags/transform_and_analysis.py
[2022-10-16 07:03:04,916] {processor.py:642} INFO - Processing file /opt/airflow/dags/transform_and_analysis.py for tasks to queue
[2022-10-16 07:03:04,917] {logging_mixin.py:109} INFO - [2022-10-16 07:03:04,917] {dagbag.py:500} INFO - Filling up the DagBag from /opt/airflow/dags/transform_and_analysis.py
[2022-10-16 07:03:04,940] {processor.py:654} INFO - DAG(s) dict_keys(['2_daily_transformation_analysis']) retrieved from /opt/airflow/dags/transform_and_analysis.py
[2022-10-16 07:03:04,947] {logging_mixin.py:109} INFO - [2022-10-16 07:03:04,947] {dag.py:2398} INFO - Sync 1 DAGs
[2022-10-16 07:03:04,957] {logging_mixin.py:109} INFO - [2022-10-16 07:03:04,957] {dag.py:2937} INFO - Setting next_dagrun for 2_daily_transformation_analysis to None
[2022-10-16 07:03:04,971] {processor.py:171} INFO - Processing /opt/airflow/dags/transform_and_analysis.py took 0.059 seconds
[2022-10-16 07:03:35,619] {processor.py:163} INFO - Started process (PID=2720) to work on /opt/airflow/dags/transform_and_analysis.py
[2022-10-16 07:03:35,621] {processor.py:642} INFO - Processing file /opt/airflow/dags/transform_and_analysis.py for tasks to queue
[2022-10-16 07:03:35,622] {logging_mixin.py:109} INFO - [2022-10-16 07:03:35,621] {dagbag.py:500} INFO - Filling up the DagBag from /opt/airflow/dags/transform_and_analysis.py
[2022-10-16 07:03:35,645] {processor.py:654} INFO - DAG(s) dict_keys(['2_daily_transformation_analysis']) retrieved from /opt/airflow/dags/transform_and_analysis.py
[2022-10-16 07:03:35,652] {logging_mixin.py:109} INFO - [2022-10-16 07:03:35,652] {dag.py:2398} INFO - Sync 1 DAGs
[2022-10-16 07:03:35,665] {logging_mixin.py:109} INFO - [2022-10-16 07:03:35,665] {dag.py:2937} INFO - Setting next_dagrun for 2_daily_transformation_analysis to None
[2022-10-16 07:03:35,678] {processor.py:171} INFO - Processing /opt/airflow/dags/transform_and_analysis.py took 0.061 seconds
[2022-10-16 07:04:05,970] {processor.py:163} INFO - Started process (PID=2782) to work on /opt/airflow/dags/transform_and_analysis.py
[2022-10-16 07:04:05,971] {processor.py:642} INFO - Processing file /opt/airflow/dags/transform_and_analysis.py for tasks to queue
[2022-10-16 07:04:05,972] {logging_mixin.py:109} INFO - [2022-10-16 07:04:05,971] {dagbag.py:500} INFO - Filling up the DagBag from /opt/airflow/dags/transform_and_analysis.py
[2022-10-16 07:04:05,997] {processor.py:654} INFO - DAG(s) dict_keys(['2_daily_transformation_analysis']) retrieved from /opt/airflow/dags/transform_and_analysis.py
[2022-10-16 07:04:06,003] {logging_mixin.py:109} INFO - [2022-10-16 07:04:06,003] {dag.py:2398} INFO - Sync 1 DAGs
[2022-10-16 07:04:06,013] {logging_mixin.py:109} INFO - [2022-10-16 07:04:06,013] {dag.py:2937} INFO - Setting next_dagrun for 2_daily_transformation_analysis to None
[2022-10-16 07:04:06,025] {processor.py:171} INFO - Processing /opt/airflow/dags/transform_and_analysis.py took 0.057 seconds
[2022-10-16 07:04:36,214] {processor.py:163} INFO - Started process (PID=2854) to work on /opt/airflow/dags/transform_and_analysis.py
[2022-10-16 07:04:36,215] {processor.py:642} INFO - Processing file /opt/airflow/dags/transform_and_analysis.py for tasks to queue
[2022-10-16 07:04:36,216] {logging_mixin.py:109} INFO - [2022-10-16 07:04:36,216] {dagbag.py:500} INFO - Filling up the DagBag from /opt/airflow/dags/transform_and_analysis.py
[2022-10-16 07:04:36,242] {processor.py:654} INFO - DAG(s) dict_keys(['2_daily_transformation_analysis']) retrieved from /opt/airflow/dags/transform_and_analysis.py
[2022-10-16 07:04:36,251] {logging_mixin.py:109} INFO - [2022-10-16 07:04:36,251] {dag.py:2398} INFO - Sync 1 DAGs
[2022-10-16 07:04:36,267] {logging_mixin.py:109} INFO - [2022-10-16 07:04:36,267] {dag.py:2937} INFO - Setting next_dagrun for 2_daily_transformation_analysis to None
[2022-10-16 07:04:36,281] {processor.py:171} INFO - Processing /opt/airflow/dags/transform_and_analysis.py took 0.069 seconds
[2022-10-16 07:05:06,465] {processor.py:163} INFO - Started process (PID=2920) to work on /opt/airflow/dags/transform_and_analysis.py
[2022-10-16 07:05:06,466] {processor.py:642} INFO - Processing file /opt/airflow/dags/transform_and_analysis.py for tasks to queue
[2022-10-16 07:05:06,466] {logging_mixin.py:109} INFO - [2022-10-16 07:05:06,466] {dagbag.py:500} INFO - Filling up the DagBag from /opt/airflow/dags/transform_and_analysis.py
[2022-10-16 07:05:06,489] {processor.py:654} INFO - DAG(s) dict_keys(['2_daily_transformation_analysis']) retrieved from /opt/airflow/dags/transform_and_analysis.py
[2022-10-16 07:05:06,495] {logging_mixin.py:109} INFO - [2022-10-16 07:05:06,494] {dag.py:2398} INFO - Sync 1 DAGs
[2022-10-16 07:05:06,506] {logging_mixin.py:109} INFO - [2022-10-16 07:05:06,506] {dag.py:2937} INFO - Setting next_dagrun for 2_daily_transformation_analysis to None
[2022-10-16 07:05:06,518] {processor.py:171} INFO - Processing /opt/airflow/dags/transform_and_analysis.py took 0.056 seconds
[2022-10-16 07:05:37,054] {processor.py:163} INFO - Started process (PID=2991) to work on /opt/airflow/dags/transform_and_analysis.py
[2022-10-16 07:05:37,055] {processor.py:642} INFO - Processing file /opt/airflow/dags/transform_and_analysis.py for tasks to queue
[2022-10-16 07:05:37,056] {logging_mixin.py:109} INFO - [2022-10-16 07:05:37,055] {dagbag.py:500} INFO - Filling up the DagBag from /opt/airflow/dags/transform_and_analysis.py
[2022-10-16 07:05:37,081] {processor.py:654} INFO - DAG(s) dict_keys(['2_daily_transformation_analysis']) retrieved from /opt/airflow/dags/transform_and_analysis.py
[2022-10-16 07:05:37,088] {logging_mixin.py:109} INFO - [2022-10-16 07:05:37,088] {dag.py:2398} INFO - Sync 1 DAGs
[2022-10-16 07:05:37,099] {logging_mixin.py:109} INFO - [2022-10-16 07:05:37,099] {dag.py:2937} INFO - Setting next_dagrun for 2_daily_transformation_analysis to None
[2022-10-16 07:05:37,112] {processor.py:171} INFO - Processing /opt/airflow/dags/transform_and_analysis.py took 0.061 seconds
[2022-10-16 07:06:07,153] {processor.py:163} INFO - Started process (PID=3053) to work on /opt/airflow/dags/transform_and_analysis.py
[2022-10-16 07:06:07,154] {processor.py:642} INFO - Processing file /opt/airflow/dags/transform_and_analysis.py for tasks to queue
[2022-10-16 07:06:07,155] {logging_mixin.py:109} INFO - [2022-10-16 07:06:07,154] {dagbag.py:500} INFO - Filling up the DagBag from /opt/airflow/dags/transform_and_analysis.py
[2022-10-16 07:06:07,198] {processor.py:654} INFO - DAG(s) dict_keys(['2_daily_transformation_analysis']) retrieved from /opt/airflow/dags/transform_and_analysis.py
[2022-10-16 07:06:07,205] {logging_mixin.py:109} INFO - [2022-10-16 07:06:07,205] {dag.py:2398} INFO - Sync 1 DAGs
[2022-10-16 07:06:07,216] {logging_mixin.py:109} INFO - [2022-10-16 07:06:07,216] {dag.py:2937} INFO - Setting next_dagrun for 2_daily_transformation_analysis to None
[2022-10-16 07:06:07,232] {processor.py:171} INFO - Processing /opt/airflow/dags/transform_and_analysis.py took 0.081 seconds
[2022-10-16 07:06:37,336] {processor.py:163} INFO - Started process (PID=3124) to work on /opt/airflow/dags/transform_and_analysis.py
[2022-10-16 07:06:37,337] {processor.py:642} INFO - Processing file /opt/airflow/dags/transform_and_analysis.py for tasks to queue
[2022-10-16 07:06:37,338] {logging_mixin.py:109} INFO - [2022-10-16 07:06:37,338] {dagbag.py:500} INFO - Filling up the DagBag from /opt/airflow/dags/transform_and_analysis.py
[2022-10-16 07:06:37,364] {processor.py:654} INFO - DAG(s) dict_keys(['2_daily_transformation_analysis']) retrieved from /opt/airflow/dags/transform_and_analysis.py
[2022-10-16 07:06:37,372] {logging_mixin.py:109} INFO - [2022-10-16 07:06:37,372] {dag.py:2398} INFO - Sync 1 DAGs
[2022-10-16 07:06:37,388] {logging_mixin.py:109} INFO - [2022-10-16 07:06:37,388] {dag.py:2937} INFO - Setting next_dagrun for 2_daily_transformation_analysis to None
[2022-10-16 07:06:37,403] {processor.py:171} INFO - Processing /opt/airflow/dags/transform_and_analysis.py took 0.069 seconds
[2022-10-16 07:07:07,516] {processor.py:163} INFO - Started process (PID=3186) to work on /opt/airflow/dags/transform_and_analysis.py
[2022-10-16 07:07:07,517] {processor.py:642} INFO - Processing file /opt/airflow/dags/transform_and_analysis.py for tasks to queue
[2022-10-16 07:07:07,517] {logging_mixin.py:109} INFO - [2022-10-16 07:07:07,517] {dagbag.py:500} INFO - Filling up the DagBag from /opt/airflow/dags/transform_and_analysis.py
[2022-10-16 07:07:07,541] {processor.py:654} INFO - DAG(s) dict_keys(['2_daily_transformation_analysis']) retrieved from /opt/airflow/dags/transform_and_analysis.py
[2022-10-16 07:07:07,549] {logging_mixin.py:109} INFO - [2022-10-16 07:07:07,548] {dag.py:2398} INFO - Sync 1 DAGs
[2022-10-16 07:07:07,561] {logging_mixin.py:109} INFO - [2022-10-16 07:07:07,561] {dag.py:2937} INFO - Setting next_dagrun for 2_daily_transformation_analysis to None
[2022-10-16 07:07:07,572] {processor.py:171} INFO - Processing /opt/airflow/dags/transform_and_analysis.py took 0.059 seconds
[2022-10-16 07:07:37,759] {processor.py:163} INFO - Started process (PID=3257) to work on /opt/airflow/dags/transform_and_analysis.py
[2022-10-16 07:07:37,760] {processor.py:642} INFO - Processing file /opt/airflow/dags/transform_and_analysis.py for tasks to queue
[2022-10-16 07:07:37,761] {logging_mixin.py:109} INFO - [2022-10-16 07:07:37,761] {dagbag.py:500} INFO - Filling up the DagBag from /opt/airflow/dags/transform_and_analysis.py
[2022-10-16 07:07:37,784] {processor.py:654} INFO - DAG(s) dict_keys(['2_daily_transformation_analysis']) retrieved from /opt/airflow/dags/transform_and_analysis.py
[2022-10-16 07:07:37,790] {logging_mixin.py:109} INFO - [2022-10-16 07:07:37,790] {dag.py:2398} INFO - Sync 1 DAGs
[2022-10-16 07:07:37,801] {logging_mixin.py:109} INFO - [2022-10-16 07:07:37,801] {dag.py:2937} INFO - Setting next_dagrun for 2_daily_transformation_analysis to None
[2022-10-16 07:07:37,821] {processor.py:171} INFO - Processing /opt/airflow/dags/transform_and_analysis.py took 0.064 seconds
[2022-10-16 07:08:08,133] {processor.py:163} INFO - Started process (PID=3321) to work on /opt/airflow/dags/transform_and_analysis.py
[2022-10-16 07:08:08,134] {processor.py:642} INFO - Processing file /opt/airflow/dags/transform_and_analysis.py for tasks to queue
[2022-10-16 07:08:08,135] {logging_mixin.py:109} INFO - [2022-10-16 07:08:08,134] {dagbag.py:500} INFO - Filling up the DagBag from /opt/airflow/dags/transform_and_analysis.py
[2022-10-16 07:08:08,159] {processor.py:654} INFO - DAG(s) dict_keys(['2_daily_transformation_analysis']) retrieved from /opt/airflow/dags/transform_and_analysis.py
[2022-10-16 07:08:08,167] {logging_mixin.py:109} INFO - [2022-10-16 07:08:08,167] {dag.py:2398} INFO - Sync 1 DAGs
[2022-10-16 07:08:08,182] {logging_mixin.py:109} INFO - [2022-10-16 07:08:08,182] {dag.py:2937} INFO - Setting next_dagrun for 2_daily_transformation_analysis to None
[2022-10-16 07:08:08,190] {processor.py:171} INFO - Processing /opt/airflow/dags/transform_and_analysis.py took 0.060 seconds
[2022-10-16 07:08:38,291] {processor.py:163} INFO - Started process (PID=3383) to work on /opt/airflow/dags/transform_and_analysis.py
[2022-10-16 07:08:38,292] {processor.py:642} INFO - Processing file /opt/airflow/dags/transform_and_analysis.py for tasks to queue
[2022-10-16 07:08:38,292] {logging_mixin.py:109} INFO - [2022-10-16 07:08:38,292] {dagbag.py:500} INFO - Filling up the DagBag from /opt/airflow/dags/transform_and_analysis.py
[2022-10-16 07:08:38,318] {processor.py:654} INFO - DAG(s) dict_keys(['2_daily_transformation_analysis']) retrieved from /opt/airflow/dags/transform_and_analysis.py
[2022-10-16 07:08:38,324] {logging_mixin.py:109} INFO - [2022-10-16 07:08:38,324] {dag.py:2398} INFO - Sync 1 DAGs
[2022-10-16 07:08:38,335] {logging_mixin.py:109} INFO - [2022-10-16 07:08:38,335] {dag.py:2937} INFO - Setting next_dagrun for 2_daily_transformation_analysis to None
[2022-10-16 07:08:38,348] {processor.py:171} INFO - Processing /opt/airflow/dags/transform_and_analysis.py took 0.059 seconds
[2022-10-16 07:09:08,473] {processor.py:163} INFO - Started process (PID=3457) to work on /opt/airflow/dags/transform_and_analysis.py
[2022-10-16 07:09:08,474] {processor.py:642} INFO - Processing file /opt/airflow/dags/transform_and_analysis.py for tasks to queue
[2022-10-16 07:09:08,475] {logging_mixin.py:109} INFO - [2022-10-16 07:09:08,475] {dagbag.py:500} INFO - Filling up the DagBag from /opt/airflow/dags/transform_and_analysis.py
[2022-10-16 07:09:08,498] {processor.py:654} INFO - DAG(s) dict_keys(['2_daily_transformation_analysis']) retrieved from /opt/airflow/dags/transform_and_analysis.py
[2022-10-16 07:09:08,504] {logging_mixin.py:109} INFO - [2022-10-16 07:09:08,504] {dag.py:2398} INFO - Sync 1 DAGs
[2022-10-16 07:09:08,514] {logging_mixin.py:109} INFO - [2022-10-16 07:09:08,514] {dag.py:2937} INFO - Setting next_dagrun for 2_daily_transformation_analysis to None
[2022-10-16 07:09:08,527] {processor.py:171} INFO - Processing /opt/airflow/dags/transform_and_analysis.py took 0.057 seconds
[2022-10-16 07:09:39,342] {processor.py:163} INFO - Started process (PID=3530) to work on /opt/airflow/dags/transform_and_analysis.py
[2022-10-16 07:09:39,343] {processor.py:642} INFO - Processing file /opt/airflow/dags/transform_and_analysis.py for tasks to queue
[2022-10-16 07:09:39,343] {logging_mixin.py:109} INFO - [2022-10-16 07:09:39,343] {dagbag.py:500} INFO - Filling up the DagBag from /opt/airflow/dags/transform_and_analysis.py
[2022-10-16 07:09:39,368] {processor.py:654} INFO - DAG(s) dict_keys(['2_daily_transformation_analysis']) retrieved from /opt/airflow/dags/transform_and_analysis.py
[2022-10-16 07:09:39,376] {logging_mixin.py:109} INFO - [2022-10-16 07:09:39,376] {dag.py:2398} INFO - Sync 1 DAGs
[2022-10-16 07:09:39,389] {logging_mixin.py:109} INFO - [2022-10-16 07:09:39,388] {dag.py:2937} INFO - Setting next_dagrun for 2_daily_transformation_analysis to None
[2022-10-16 07:09:39,396] {processor.py:171} INFO - Processing /opt/airflow/dags/transform_and_analysis.py took 0.056 seconds
[2022-10-16 07:10:09,494] {processor.py:163} INFO - Started process (PID=3592) to work on /opt/airflow/dags/transform_and_analysis.py
[2022-10-16 07:10:09,498] {processor.py:642} INFO - Processing file /opt/airflow/dags/transform_and_analysis.py for tasks to queue
[2022-10-16 07:10:09,498] {logging_mixin.py:109} INFO - [2022-10-16 07:10:09,498] {dagbag.py:500} INFO - Filling up the DagBag from /opt/airflow/dags/transform_and_analysis.py
[2022-10-16 07:10:09,520] {processor.py:654} INFO - DAG(s) dict_keys(['2_daily_transformation_analysis']) retrieved from /opt/airflow/dags/transform_and_analysis.py
[2022-10-16 07:10:09,526] {logging_mixin.py:109} INFO - [2022-10-16 07:10:09,526] {dag.py:2398} INFO - Sync 1 DAGs
[2022-10-16 07:10:09,537] {logging_mixin.py:109} INFO - [2022-10-16 07:10:09,537] {dag.py:2937} INFO - Setting next_dagrun for 2_daily_transformation_analysis to None
[2022-10-16 07:10:09,550] {processor.py:171} INFO - Processing /opt/airflow/dags/transform_and_analysis.py took 0.058 seconds
[2022-10-16 07:10:39,712] {processor.py:163} INFO - Started process (PID=3655) to work on /opt/airflow/dags/transform_and_analysis.py
[2022-10-16 07:10:39,713] {processor.py:642} INFO - Processing file /opt/airflow/dags/transform_and_analysis.py for tasks to queue
[2022-10-16 07:10:39,714] {logging_mixin.py:109} INFO - [2022-10-16 07:10:39,713] {dagbag.py:500} INFO - Filling up the DagBag from /opt/airflow/dags/transform_and_analysis.py
[2022-10-16 07:10:39,736] {processor.py:654} INFO - DAG(s) dict_keys(['2_daily_transformation_analysis']) retrieved from /opt/airflow/dags/transform_and_analysis.py
[2022-10-16 07:10:39,742] {logging_mixin.py:109} INFO - [2022-10-16 07:10:39,742] {dag.py:2398} INFO - Sync 1 DAGs
[2022-10-16 07:10:39,752] {logging_mixin.py:109} INFO - [2022-10-16 07:10:39,752] {dag.py:2937} INFO - Setting next_dagrun for 2_daily_transformation_analysis to None
[2022-10-16 07:10:39,759] {processor.py:171} INFO - Processing /opt/airflow/dags/transform_and_analysis.py took 0.049 seconds
[2022-10-16 07:11:10,135] {processor.py:163} INFO - Started process (PID=3733) to work on /opt/airflow/dags/transform_and_analysis.py
[2022-10-16 07:11:10,136] {processor.py:642} INFO - Processing file /opt/airflow/dags/transform_and_analysis.py for tasks to queue
[2022-10-16 07:11:10,136] {logging_mixin.py:109} INFO - [2022-10-16 07:11:10,136] {dagbag.py:500} INFO - Filling up the DagBag from /opt/airflow/dags/transform_and_analysis.py
[2022-10-16 07:11:10,160] {processor.py:654} INFO - DAG(s) dict_keys(['2_daily_transformation_analysis']) retrieved from /opt/airflow/dags/transform_and_analysis.py
[2022-10-16 07:11:10,167] {logging_mixin.py:109} INFO - [2022-10-16 07:11:10,167] {dag.py:2398} INFO - Sync 1 DAGs
[2022-10-16 07:11:10,177] {logging_mixin.py:109} INFO - [2022-10-16 07:11:10,177] {dag.py:2937} INFO - Setting next_dagrun for 2_daily_transformation_analysis to None
[2022-10-16 07:11:10,190] {processor.py:171} INFO - Processing /opt/airflow/dags/transform_and_analysis.py took 0.058 seconds
[2022-10-16 07:11:40,324] {processor.py:163} INFO - Started process (PID=3797) to work on /opt/airflow/dags/transform_and_analysis.py
[2022-10-16 07:11:40,324] {processor.py:642} INFO - Processing file /opt/airflow/dags/transform_and_analysis.py for tasks to queue
[2022-10-16 07:11:40,325] {logging_mixin.py:109} INFO - [2022-10-16 07:11:40,325] {dagbag.py:500} INFO - Filling up the DagBag from /opt/airflow/dags/transform_and_analysis.py
[2022-10-16 07:11:40,350] {processor.py:654} INFO - DAG(s) dict_keys(['2_daily_transformation_analysis']) retrieved from /opt/airflow/dags/transform_and_analysis.py
[2022-10-16 07:11:40,357] {logging_mixin.py:109} INFO - [2022-10-16 07:11:40,356] {dag.py:2398} INFO - Sync 1 DAGs
[2022-10-16 07:11:40,367] {logging_mixin.py:109} INFO - [2022-10-16 07:11:40,367] {dag.py:2937} INFO - Setting next_dagrun for 2_daily_transformation_analysis to None
[2022-10-16 07:11:40,380] {processor.py:171} INFO - Processing /opt/airflow/dags/transform_and_analysis.py took 0.058 seconds
[2022-10-16 07:12:10,492] {processor.py:163} INFO - Started process (PID=3869) to work on /opt/airflow/dags/transform_and_analysis.py
[2022-10-16 07:12:10,494] {processor.py:642} INFO - Processing file /opt/airflow/dags/transform_and_analysis.py for tasks to queue
[2022-10-16 07:12:10,494] {logging_mixin.py:109} INFO - [2022-10-16 07:12:10,494] {dagbag.py:500} INFO - Filling up the DagBag from /opt/airflow/dags/transform_and_analysis.py
[2022-10-16 07:12:10,517] {processor.py:654} INFO - DAG(s) dict_keys(['2_daily_transformation_analysis']) retrieved from /opt/airflow/dags/transform_and_analysis.py
[2022-10-16 07:12:10,523] {logging_mixin.py:109} INFO - [2022-10-16 07:12:10,523] {dag.py:2398} INFO - Sync 1 DAGs
[2022-10-16 07:12:10,533] {logging_mixin.py:109} INFO - [2022-10-16 07:12:10,533] {dag.py:2937} INFO - Setting next_dagrun for 2_daily_transformation_analysis to None
[2022-10-16 07:12:10,540] {processor.py:171} INFO - Processing /opt/airflow/dags/transform_and_analysis.py took 0.050 seconds
[2022-10-16 07:12:40,663] {processor.py:163} INFO - Started process (PID=3931) to work on /opt/airflow/dags/transform_and_analysis.py
[2022-10-16 07:12:40,664] {processor.py:642} INFO - Processing file /opt/airflow/dags/transform_and_analysis.py for tasks to queue
[2022-10-16 07:12:40,664] {logging_mixin.py:109} INFO - [2022-10-16 07:12:40,664] {dagbag.py:500} INFO - Filling up the DagBag from /opt/airflow/dags/transform_and_analysis.py
[2022-10-16 07:12:40,689] {processor.py:654} INFO - DAG(s) dict_keys(['2_daily_transformation_analysis']) retrieved from /opt/airflow/dags/transform_and_analysis.py
[2022-10-16 07:12:40,696] {logging_mixin.py:109} INFO - [2022-10-16 07:12:40,696] {dag.py:2398} INFO - Sync 1 DAGs
[2022-10-16 07:12:40,707] {logging_mixin.py:109} INFO - [2022-10-16 07:12:40,707] {dag.py:2937} INFO - Setting next_dagrun for 2_daily_transformation_analysis to None
[2022-10-16 07:12:40,720] {processor.py:171} INFO - Processing /opt/airflow/dags/transform_and_analysis.py took 0.060 seconds
[2022-10-16 07:13:10,744] {processor.py:163} INFO - Started process (PID=4002) to work on /opt/airflow/dags/transform_and_analysis.py
[2022-10-16 07:13:10,745] {processor.py:642} INFO - Processing file /opt/airflow/dags/transform_and_analysis.py for tasks to queue
[2022-10-16 07:13:10,746] {logging_mixin.py:109} INFO - [2022-10-16 07:13:10,746] {dagbag.py:500} INFO - Filling up the DagBag from /opt/airflow/dags/transform_and_analysis.py
[2022-10-16 07:13:10,771] {processor.py:654} INFO - DAG(s) dict_keys(['2_daily_transformation_analysis']) retrieved from /opt/airflow/dags/transform_and_analysis.py
[2022-10-16 07:13:10,780] {logging_mixin.py:109} INFO - [2022-10-16 07:13:10,780] {dag.py:2398} INFO - Sync 1 DAGs
[2022-10-16 07:13:10,795] {logging_mixin.py:109} INFO - [2022-10-16 07:13:10,795] {dag.py:2937} INFO - Setting next_dagrun for 2_daily_transformation_analysis to None
[2022-10-16 07:13:10,803] {processor.py:171} INFO - Processing /opt/airflow/dags/transform_and_analysis.py took 0.062 seconds
[2022-10-16 07:13:41,347] {processor.py:163} INFO - Started process (PID=4065) to work on /opt/airflow/dags/transform_and_analysis.py
[2022-10-16 07:13:41,348] {processor.py:642} INFO - Processing file /opt/airflow/dags/transform_and_analysis.py for tasks to queue
[2022-10-16 07:13:41,349] {logging_mixin.py:109} INFO - [2022-10-16 07:13:41,349] {dagbag.py:500} INFO - Filling up the DagBag from /opt/airflow/dags/transform_and_analysis.py
[2022-10-16 07:13:41,374] {processor.py:654} INFO - DAG(s) dict_keys(['2_daily_transformation_analysis']) retrieved from /opt/airflow/dags/transform_and_analysis.py
[2022-10-16 07:13:41,381] {logging_mixin.py:109} INFO - [2022-10-16 07:13:41,380] {dag.py:2398} INFO - Sync 1 DAGs
[2022-10-16 07:13:41,391] {logging_mixin.py:109} INFO - [2022-10-16 07:13:41,391] {dag.py:2937} INFO - Setting next_dagrun for 2_daily_transformation_analysis to None
[2022-10-16 07:13:41,406] {processor.py:171} INFO - Processing /opt/airflow/dags/transform_and_analysis.py took 0.061 seconds
[2022-10-16 07:14:11,559] {processor.py:163} INFO - Started process (PID=4137) to work on /opt/airflow/dags/transform_and_analysis.py
[2022-10-16 07:14:11,560] {processor.py:642} INFO - Processing file /opt/airflow/dags/transform_and_analysis.py for tasks to queue
[2022-10-16 07:14:11,561] {logging_mixin.py:109} INFO - [2022-10-16 07:14:11,561] {dagbag.py:500} INFO - Filling up the DagBag from /opt/airflow/dags/transform_and_analysis.py
[2022-10-16 07:14:11,584] {processor.py:654} INFO - DAG(s) dict_keys(['2_daily_transformation_analysis']) retrieved from /opt/airflow/dags/transform_and_analysis.py
[2022-10-16 07:14:11,591] {logging_mixin.py:109} INFO - [2022-10-16 07:14:11,591] {dag.py:2398} INFO - Sync 1 DAGs
[2022-10-16 07:14:11,603] {logging_mixin.py:109} INFO - [2022-10-16 07:14:11,603] {dag.py:2937} INFO - Setting next_dagrun for 2_daily_transformation_analysis to None
[2022-10-16 07:14:11,616] {processor.py:171} INFO - Processing /opt/airflow/dags/transform_and_analysis.py took 0.059 seconds
[2022-10-16 07:14:41,992] {processor.py:163} INFO - Started process (PID=4200) to work on /opt/airflow/dags/transform_and_analysis.py
[2022-10-16 07:14:41,993] {processor.py:642} INFO - Processing file /opt/airflow/dags/transform_and_analysis.py for tasks to queue
[2022-10-16 07:14:41,993] {logging_mixin.py:109} INFO - [2022-10-16 07:14:41,993] {dagbag.py:500} INFO - Filling up the DagBag from /opt/airflow/dags/transform_and_analysis.py
[2022-10-16 07:14:42,019] {processor.py:654} INFO - DAG(s) dict_keys(['2_daily_transformation_analysis']) retrieved from /opt/airflow/dags/transform_and_analysis.py
[2022-10-16 07:14:42,027] {logging_mixin.py:109} INFO - [2022-10-16 07:14:42,027] {dag.py:2398} INFO - Sync 1 DAGs
[2022-10-16 07:14:42,040] {logging_mixin.py:109} INFO - [2022-10-16 07:14:42,039] {dag.py:2937} INFO - Setting next_dagrun for 2_daily_transformation_analysis to None
[2022-10-16 07:14:42,047] {processor.py:171} INFO - Processing /opt/airflow/dags/transform_and_analysis.py took 0.057 seconds
