[2022-12-02 09:13:49,509] {taskinstance.py:1037} INFO - Dependencies all met for <TaskInstance: 1_init_once_seed_data.load_seed_data_once manual__2022-12-02T09:13:48.336851+00:00 [queued]>
[2022-12-02 09:13:49,517] {taskinstance.py:1037} INFO - Dependencies all met for <TaskInstance: 1_init_once_seed_data.load_seed_data_once manual__2022-12-02T09:13:48.336851+00:00 [queued]>
[2022-12-02 09:13:49,517] {taskinstance.py:1243} INFO - 
--------------------------------------------------------------------------------
[2022-12-02 09:13:49,517] {taskinstance.py:1244} INFO - Starting attempt 1 of 1
[2022-12-02 09:13:49,517] {taskinstance.py:1245} INFO - 
--------------------------------------------------------------------------------
[2022-12-02 09:13:49,534] {taskinstance.py:1264} INFO - Executing <Task(BashOperator): load_seed_data_once> on 2022-12-02 09:13:48.336851+00:00
[2022-12-02 09:13:49,537] {standard_task_runner.py:52} INFO - Started process 161 to run task
[2022-12-02 09:13:49,540] {standard_task_runner.py:76} INFO - Running: ['***', 'tasks', 'run', '1_init_once_seed_data', 'load_seed_data_once', 'manual__2022-12-02T09:13:48.336851+00:00', '--job-id', '108', '--raw', '--subdir', 'DAGS_FOLDER/init.py', '--cfg-path', '/tmp/tmpnc1g6y0f', '--error-file', '/tmp/tmp9s8lvpf6']
[2022-12-02 09:13:49,540] {standard_task_runner.py:77} INFO - Job 108: Subtask load_seed_data_once
[2022-12-02 09:13:49,593] {logging_mixin.py:109} INFO - Running <TaskInstance: 1_init_once_seed_data.load_seed_data_once manual__2022-12-02T09:13:48.336851+00:00 [running]> on host cb8b9ecbc5ce
[2022-12-02 09:13:49,689] {taskinstance.py:1431} INFO - Exporting the following env vars:
AIRFLOW_CTX_DAG_OWNER=***
AIRFLOW_CTX_DAG_ID=1_init_once_seed_data
AIRFLOW_CTX_TASK_ID=load_seed_data_once
AIRFLOW_CTX_EXECUTION_DATE=2022-12-02T09:13:48.336851+00:00
AIRFLOW_CTX_DAG_RUN_ID=manual__2022-12-02T09:13:48.336851+00:00
[2022-12-02 09:13:49,690] {subprocess.py:62} INFO - Tmp dir root location: 
 /tmp
[2022-12-02 09:13:49,690] {subprocess.py:74} INFO - Running command: ['bash', '-c', 'cd /dbt && dbt seed --no-version-check --profiles-dir .']
[2022-12-02 09:13:49,700] {subprocess.py:85} INFO - Output:
[2022-12-02 09:13:52,275] {subprocess.py:89} INFO - Running with dbt=0.21.1
[2022-12-02 09:13:53,484] {subprocess.py:89} INFO - Found 5 models, 0 tests, 0 snapshots, 0 analyses, 374 macros, 0 operations, 3 seed files, 0 sources, 0 exposures
[2022-12-02 09:13:53,485] {subprocess.py:89} INFO - 
[2022-12-02 09:13:56,096] {subprocess.py:89} INFO - 09:13:56 | Concurrency: 4 threads (target='staging')
[2022-12-02 09:13:56,096] {subprocess.py:89} INFO - 09:13:56 |
[2022-12-02 09:13:56,108] {subprocess.py:89} INFO - 09:13:56 | 1 of 3 START seed file default.bookings_1............................ [RUN]
[2022-12-02 09:13:56,108] {subprocess.py:89} INFO - 09:13:56 | 2 of 3 START seed file default.bookings_2............................ [RUN]
[2022-12-02 09:13:56,109] {subprocess.py:89} INFO - 09:13:56 | 3 of 3 START seed file default.customers............................. [RUN]
[2022-12-02 09:13:56,198] {subprocess.py:89} INFO - * Deprecation Warning: The quote_columns parameter was not set for seeds, so the
[2022-12-02 09:13:56,198] {subprocess.py:89} INFO - default value of False was chosen. The default will change to True in a future
[2022-12-02 09:13:56,198] {subprocess.py:89} INFO - release.
[2022-12-02 09:13:56,198] {subprocess.py:89} INFO - 
[2022-12-02 09:13:56,198] {subprocess.py:89} INFO - For more information, see:
[2022-12-02 09:13:56,198] {subprocess.py:89} INFO - https://docs.getdbt.com/v0.15/docs/seeds#section-specify-column-quoting
[2022-12-02 09:13:56,199] {subprocess.py:89} INFO - * Deprecation Warning: The quote_columns parameter was not set for seeds, so the
[2022-12-02 09:13:56,199] {subprocess.py:89} INFO - default value of False was chosen. The default will change to True in a future
[2022-12-02 09:13:56,199] {subprocess.py:89} INFO - release.
[2022-12-02 09:13:56,199] {subprocess.py:89} INFO - 
[2022-12-02 09:13:56,199] {subprocess.py:89} INFO - For more information, see:
[2022-12-02 09:13:56,199] {subprocess.py:89} INFO - https://docs.getdbt.com/v0.15/docs/seeds#section-specify-column-quoting
[2022-12-02 09:13:56,199] {subprocess.py:89} INFO - * Deprecation Warning: The quote_columns parameter was not set for seeds, so the
[2022-12-02 09:13:56,199] {subprocess.py:89} INFO - default value of False was chosen. The default will change to True in a future
[2022-12-02 09:13:56,199] {subprocess.py:89} INFO - release.
[2022-12-02 09:13:56,199] {subprocess.py:89} INFO - 
[2022-12-02 09:13:56,199] {subprocess.py:89} INFO - For more information, see:
[2022-12-02 09:13:56,200] {subprocess.py:89} INFO - https://docs.getdbt.com/v0.15/docs/seeds#section-specify-column-quoting
[2022-12-02 09:14:20,997] {subprocess.py:89} INFO - 09:14:20 | 2 of 3 OK loaded seed file default.bookings_2........................ [[32mCREATE 7[0m in 24.89s]
[2022-12-02 09:14:21,006] {subprocess.py:89} INFO - 09:14:21 | 3 of 3 OK loaded seed file default.customers......................... [[32mCREATE 2[0m in 24.89s]
[2022-12-02 09:14:21,007] {subprocess.py:89} INFO - 09:14:21 | 1 of 3 OK loaded seed file default.bookings_1........................ [[32mCREATE 7[0m in 24.90s]
[2022-12-02 09:14:21,148] {subprocess.py:89} INFO - 09:14:21 |
[2022-12-02 09:14:21,149] {subprocess.py:89} INFO - 09:14:21 | Finished running 3 seeds in 27.66s.
[2022-12-02 09:14:21,619] {subprocess.py:89} INFO - 
[2022-12-02 09:14:21,619] {subprocess.py:89} INFO - [32mCompleted successfully[0m
[2022-12-02 09:14:21,620] {subprocess.py:89} INFO - 
[2022-12-02 09:14:21,620] {subprocess.py:89} INFO - Done. PASS=3 WARN=0 ERROR=0 SKIP=0 TOTAL=3
[2022-12-02 09:14:22,743] {subprocess.py:93} INFO - Command exited with return code 0
[2022-12-02 09:14:22,770] {taskinstance.py:1282} INFO - Marking task as SUCCESS. dag_id=1_init_once_seed_data, task_id=load_seed_data_once, execution_date=20221202T091348, start_date=20221202T091349, end_date=20221202T091422
[2022-12-02 09:14:22,794] {local_task_job.py:154} INFO - Task exited with return code 0
[2022-12-02 09:14:22,814] {local_task_job.py:264} INFO - 0 downstream tasks scheduled from follow-on schedule check
