[2022-12-02 09:19:13,577] {taskinstance.py:1037} INFO - Dependencies all met for <TaskInstance: 2_daily_transformation_analysis.daily_transform manual__2022-12-02T09:19:12.859688+00:00 [queued]>
[2022-12-02 09:19:13,586] {taskinstance.py:1037} INFO - Dependencies all met for <TaskInstance: 2_daily_transformation_analysis.daily_transform manual__2022-12-02T09:19:12.859688+00:00 [queued]>
[2022-12-02 09:19:13,586] {taskinstance.py:1243} INFO - 
--------------------------------------------------------------------------------
[2022-12-02 09:19:13,586] {taskinstance.py:1244} INFO - Starting attempt 1 of 1
[2022-12-02 09:19:13,587] {taskinstance.py:1245} INFO - 
--------------------------------------------------------------------------------
[2022-12-02 09:19:13,608] {taskinstance.py:1264} INFO - Executing <Task(BashOperator): daily_transform> on 2022-12-02 09:19:12.859688+00:00
[2022-12-02 09:19:13,611] {standard_task_runner.py:52} INFO - Started process 78 to run task
[2022-12-02 09:19:13,614] {standard_task_runner.py:76} INFO - Running: ['***', 'tasks', 'run', '2_daily_transformation_analysis', 'daily_transform', 'manual__2022-12-02T09:19:12.859688+00:00', '--job-id', '116', '--raw', '--subdir', 'DAGS_FOLDER/transform_and_analysis.py', '--cfg-path', '/tmp/tmpefsva8sn', '--error-file', '/tmp/tmp030if0aq']
[2022-12-02 09:19:13,614] {standard_task_runner.py:77} INFO - Job 116: Subtask daily_transform
[2022-12-02 09:19:13,664] {logging_mixin.py:109} INFO - Running <TaskInstance: 2_daily_transformation_analysis.daily_transform manual__2022-12-02T09:19:12.859688+00:00 [running]> on host 0027536f38bc
[2022-12-02 09:19:13,758] {taskinstance.py:1431} INFO - Exporting the following env vars:
AIRFLOW_CTX_DAG_OWNER=***
AIRFLOW_CTX_DAG_ID=2_daily_transformation_analysis
AIRFLOW_CTX_TASK_ID=daily_transform
AIRFLOW_CTX_EXECUTION_DATE=2022-12-02T09:19:12.859688+00:00
AIRFLOW_CTX_DAG_RUN_ID=manual__2022-12-02T09:19:12.859688+00:00
[2022-12-02 09:19:13,759] {subprocess.py:62} INFO - Tmp dir root location: 
 /tmp
[2022-12-02 09:19:13,759] {subprocess.py:74} INFO - Running command: ['bash', '-c', 'cd /dbt && dbt run --no-version-check --models transform --profiles-dir .']
[2022-12-02 09:19:13,769] {subprocess.py:85} INFO - Output:
[2022-12-02 09:19:16,658] {subprocess.py:89} INFO - Running with dbt=0.21.1
[2022-12-02 09:19:17,955] {subprocess.py:89} INFO - Found 5 models, 0 tests, 0 snapshots, 0 analyses, 374 macros, 0 operations, 3 seed files, 0 sources, 0 exposures
[2022-12-02 09:19:17,956] {subprocess.py:89} INFO - 
[2022-12-02 09:19:20,001] {subprocess.py:89} INFO - 09:19:19 | Concurrency: 4 threads (target='staging')
[2022-12-02 09:19:20,002] {subprocess.py:89} INFO - 09:19:19 |
[2022-12-02 09:19:20,008] {subprocess.py:89} INFO - 09:19:20 | 1 of 3 START view model transform.combined_bookings.................. [RUN]
[2022-12-02 09:19:20,009] {subprocess.py:89} INFO - 09:19:20 | 2 of 3 START view model transform.customer........................... [RUN]
[2022-12-02 09:19:21,860] {subprocess.py:89} INFO - 09:19:21 | 2 of 3 OK created view model transform.customer...................... [[32mOK[0m in 1.84s]
[2022-12-02 09:19:21,875] {subprocess.py:89} INFO - 09:19:21 | 1 of 3 OK created view model transform.combined_bookings............. [[32mOK[0m in 1.87s]
[2022-12-02 09:19:21,877] {subprocess.py:89} INFO - 09:19:21 | 3 of 3 START view model transform.prepped_data....................... [RUN]
[2022-12-02 09:19:23,806] {subprocess.py:89} INFO - 09:19:23 | 3 of 3 OK created view model transform.prepped_data.................. [[32mOK[0m in 1.93s]
[2022-12-02 09:19:23,907] {subprocess.py:89} INFO - 09:19:23 |
[2022-12-02 09:19:23,907] {subprocess.py:89} INFO - 09:19:23 | Finished running 3 view models in 5.95s.
[2022-12-02 09:19:24,042] {subprocess.py:89} INFO - 
[2022-12-02 09:19:24,042] {subprocess.py:89} INFO - [32mCompleted successfully[0m
[2022-12-02 09:19:24,042] {subprocess.py:89} INFO - 
[2022-12-02 09:19:24,042] {subprocess.py:89} INFO - Done. PASS=3 WARN=0 ERROR=0 SKIP=0 TOTAL=3
[2022-12-02 09:19:25,386] {subprocess.py:93} INFO - Command exited with return code 0
[2022-12-02 09:19:25,413] {taskinstance.py:1282} INFO - Marking task as SUCCESS. dag_id=2_daily_transformation_analysis, task_id=daily_transform, execution_date=20221202T091912, start_date=20221202T091913, end_date=20221202T091925
[2022-12-02 09:19:25,443] {local_task_job.py:154} INFO - Task exited with return code 0
[2022-12-02 09:19:25,476] {local_task_job.py:264} INFO - 1 downstream tasks scheduled from follow-on schedule check
