[2022-03-13 22:08:34,964] {taskinstance.py:1037} INFO - Dependencies all met for <TaskInstance: 2_daily_transformation_analysis.daily_transform manual__2022-03-13T22:08:33.882235+00:00 [queued]>
[2022-03-13 22:08:34,976] {taskinstance.py:1037} INFO - Dependencies all met for <TaskInstance: 2_daily_transformation_analysis.daily_transform manual__2022-03-13T22:08:33.882235+00:00 [queued]>
[2022-03-13 22:08:34,976] {taskinstance.py:1243} INFO - 
--------------------------------------------------------------------------------
[2022-03-13 22:08:34,976] {taskinstance.py:1244} INFO - Starting attempt 1 of 1
[2022-03-13 22:08:34,976] {taskinstance.py:1245} INFO - 
--------------------------------------------------------------------------------
[2022-03-13 22:08:34,996] {taskinstance.py:1264} INFO - Executing <Task(BashOperator): daily_transform> on 2022-03-13 22:08:33.882235+00:00
[2022-03-13 22:08:35,001] {standard_task_runner.py:52} INFO - Started process 391 to run task
[2022-03-13 22:08:35,004] {standard_task_runner.py:76} INFO - Running: ['***', 'tasks', 'run', '2_daily_transformation_analysis', 'daily_transform', 'manual__2022-03-13T22:08:33.882235+00:00', '--job-id', '43', '--raw', '--subdir', 'DAGS_FOLDER/transform_and_analysis.py', '--cfg-path', '/tmp/tmppk8541hz', '--error-file', '/tmp/tmpjki_2kzw']
[2022-03-13 22:08:35,004] {standard_task_runner.py:77} INFO - Job 43: Subtask daily_transform
[2022-03-13 22:08:35,062] {logging_mixin.py:109} INFO - Running <TaskInstance: 2_daily_transformation_analysis.daily_transform manual__2022-03-13T22:08:33.882235+00:00 [running]> on host e176062f3fa2
[2022-03-13 22:08:35,189] {taskinstance.py:1431} INFO - Exporting the following env vars:
AIRFLOW_CTX_DAG_OWNER=***
AIRFLOW_CTX_DAG_ID=2_daily_transformation_analysis
AIRFLOW_CTX_TASK_ID=daily_transform
AIRFLOW_CTX_EXECUTION_DATE=2022-03-13T22:08:33.882235+00:00
AIRFLOW_CTX_DAG_RUN_ID=manual__2022-03-13T22:08:33.882235+00:00
[2022-03-13 22:08:35,190] {subprocess.py:62} INFO - Tmp dir root location: 
 /tmp
[2022-03-13 22:08:35,190] {subprocess.py:74} INFO - Running command: ['bash', '-c', 'cd /dbt && dbt run --models transform --profiles-dir .']
[2022-03-13 22:08:35,200] {subprocess.py:85} INFO - Output:
[2022-03-13 22:08:38,122] {subprocess.py:89} INFO - Running with dbt=0.20.0
[2022-03-13 22:08:40,980] {subprocess.py:89} INFO - Found 5 models, 0 tests, 0 snapshots, 0 analyses, 338 macros, 0 operations, 3 seed files, 0 sources, 0 exposures
[2022-03-13 22:08:40,981] {subprocess.py:89} INFO - 
[2022-03-13 22:08:42,916] {subprocess.py:89} INFO - 22:08:42 | Concurrency: 200 threads (target='dev')
[2022-03-13 22:08:42,916] {subprocess.py:89} INFO - 22:08:42 |
[2022-03-13 22:08:42,933] {subprocess.py:89} INFO - 22:08:42 | 1 of 3 START view model transform.combined_bookings.................. [RUN]
[2022-03-13 22:08:42,934] {subprocess.py:89} INFO - 22:08:42 | 2 of 3 START view model transform.customer........................... [RUN]
[2022-03-13 22:08:44,023] {subprocess.py:89} INFO - 22:08:44 | 2 of 3 OK created view model transform.customer...................... [[32mSUCCESS 1[0m in 1.09s]
[2022-03-13 22:08:44,210] {subprocess.py:89} INFO - 22:08:44 | 1 of 3 OK created view model transform.combined_bookings............. [[32mSUCCESS 1[0m in 1.28s]
[2022-03-13 22:08:44,211] {subprocess.py:89} INFO - 22:08:44 | 3 of 3 START view model transform.prepped_data....................... [RUN]
[2022-03-13 22:08:45,016] {subprocess.py:89} INFO - 22:08:45 | 3 of 3 OK created view model transform.prepped_data.................. [[32mSUCCESS 1[0m in 0.80s]
[2022-03-13 22:08:45,610] {subprocess.py:89} INFO - 22:08:45 |
[2022-03-13 22:08:45,610] {subprocess.py:89} INFO - 22:08:45 | Finished running 3 view models in 4.63s.
[2022-03-13 22:08:45,619] {subprocess.py:89} INFO - 
[2022-03-13 22:08:45,619] {subprocess.py:89} INFO - [32mCompleted successfully[0m
[2022-03-13 22:08:45,620] {subprocess.py:89} INFO - 
[2022-03-13 22:08:45,620] {subprocess.py:89} INFO - Done. PASS=3 WARN=0 ERROR=0 SKIP=0 TOTAL=3
[2022-03-13 22:08:46,810] {subprocess.py:93} INFO - Command exited with return code 0
[2022-03-13 22:08:46,840] {taskinstance.py:1282} INFO - Marking task as SUCCESS. dag_id=2_daily_transformation_analysis, task_id=daily_transform, execution_date=20220313T220833, start_date=20220313T220834, end_date=20220313T220846
[2022-03-13 22:08:46,900] {local_task_job.py:154} INFO - Task exited with return code 0
[2022-03-13 22:08:46,935] {local_task_job.py:264} INFO - 1 downstream tasks scheduled from follow-on schedule check
