[2022-03-28 21:25:10,393] {taskinstance.py:1037} INFO - Dependencies all met for <TaskInstance: 2_daily_transformation_analysis.daily_transform manual__2022-03-28T21:25:09.262153+00:00 [queued]>
[2022-03-28 21:25:10,402] {taskinstance.py:1037} INFO - Dependencies all met for <TaskInstance: 2_daily_transformation_analysis.daily_transform manual__2022-03-28T21:25:09.262153+00:00 [queued]>
[2022-03-28 21:25:10,402] {taskinstance.py:1243} INFO - 
--------------------------------------------------------------------------------
[2022-03-28 21:25:10,403] {taskinstance.py:1244} INFO - Starting attempt 1 of 1
[2022-03-28 21:25:10,403] {taskinstance.py:1245} INFO - 
--------------------------------------------------------------------------------
[2022-03-28 21:25:10,417] {taskinstance.py:1264} INFO - Executing <Task(BashOperator): daily_transform> on 2022-03-28 21:25:09.262153+00:00
[2022-03-28 21:25:10,422] {standard_task_runner.py:52} INFO - Started process 623 to run task
[2022-03-28 21:25:10,425] {standard_task_runner.py:76} INFO - Running: ['***', 'tasks', 'run', '2_daily_transformation_analysis', 'daily_transform', 'manual__2022-03-28T21:25:09.262153+00:00', '--job-id', '73', '--raw', '--subdir', 'DAGS_FOLDER/transform_and_analysis.py', '--cfg-path', '/tmp/tmp8j2j8e5e', '--error-file', '/tmp/tmpv_y0netw']
[2022-03-28 21:25:10,425] {standard_task_runner.py:77} INFO - Job 73: Subtask daily_transform
[2022-03-28 21:25:10,480] {logging_mixin.py:109} INFO - Running <TaskInstance: 2_daily_transformation_analysis.daily_transform manual__2022-03-28T21:25:09.262153+00:00 [running]> on host 713dce2392ed
[2022-03-28 21:25:10,576] {taskinstance.py:1431} INFO - Exporting the following env vars:
AIRFLOW_CTX_DAG_OWNER=***
AIRFLOW_CTX_DAG_ID=2_daily_transformation_analysis
AIRFLOW_CTX_TASK_ID=daily_transform
AIRFLOW_CTX_EXECUTION_DATE=2022-03-28T21:25:09.262153+00:00
AIRFLOW_CTX_DAG_RUN_ID=manual__2022-03-28T21:25:09.262153+00:00
[2022-03-28 21:25:10,576] {subprocess.py:62} INFO - Tmp dir root location: 
 /tmp
[2022-03-28 21:25:10,577] {subprocess.py:74} INFO - Running command: ['bash', '-c', 'cd /dbt && dbt run --models transform --profiles-dir .']
[2022-03-28 21:25:10,586] {subprocess.py:85} INFO - Output:
[2022-03-28 21:25:13,579] {subprocess.py:89} INFO - Running with dbt=0.20.0
[2022-03-28 21:25:16,238] {subprocess.py:89} INFO - Found 5 models, 0 tests, 0 snapshots, 0 analyses, 338 macros, 0 operations, 3 seed files, 0 sources, 0 exposures
[2022-03-28 21:25:16,239] {subprocess.py:89} INFO - 
[2022-03-28 21:25:18,313] {subprocess.py:89} INFO - 21:25:18 | Concurrency: 200 threads (target='dev')
[2022-03-28 21:25:18,313] {subprocess.py:89} INFO - 21:25:18 |
[2022-03-28 21:25:18,333] {subprocess.py:89} INFO - 21:25:18 | 1 of 3 START view model transform.combined_bookings.................. [RUN]
[2022-03-28 21:25:18,333] {subprocess.py:89} INFO - 21:25:18 | 2 of 3 START view model transform.customer........................... [RUN]
[2022-03-28 21:25:19,522] {subprocess.py:89} INFO - 21:25:19 | 2 of 3 OK created view model transform.customer...................... [[32mSUCCESS 1[0m in 1.19s]
[2022-03-28 21:25:19,675] {subprocess.py:89} INFO - 21:25:19 | 1 of 3 OK created view model transform.combined_bookings............. [[32mSUCCESS 1[0m in 1.34s]
[2022-03-28 21:25:19,675] {subprocess.py:89} INFO - 21:25:19 | 3 of 3 START view model transform.prepped_data....................... [RUN]
[2022-03-28 21:25:20,559] {subprocess.py:89} INFO - 21:25:20 | 3 of 3 OK created view model transform.prepped_data.................. [[32mSUCCESS 1[0m in 0.88s]
[2022-03-28 21:25:21,866] {subprocess.py:89} INFO - 21:25:21 |
[2022-03-28 21:25:21,867] {subprocess.py:89} INFO - 21:25:21 | Finished running 3 view models in 5.63s.
[2022-03-28 21:25:21,875] {subprocess.py:89} INFO - 
[2022-03-28 21:25:21,875] {subprocess.py:89} INFO - [32mCompleted successfully[0m
[2022-03-28 21:25:21,876] {subprocess.py:89} INFO - 
[2022-03-28 21:25:21,876] {subprocess.py:89} INFO - Done. PASS=3 WARN=0 ERROR=0 SKIP=0 TOTAL=3
[2022-03-28 21:25:23,056] {subprocess.py:93} INFO - Command exited with return code 0
[2022-03-28 21:25:23,083] {taskinstance.py:1282} INFO - Marking task as SUCCESS. dag_id=2_daily_transformation_analysis, task_id=daily_transform, execution_date=20220328T212509, start_date=20220328T212510, end_date=20220328T212523
[2022-03-28 21:25:23,140] {local_task_job.py:154} INFO - Task exited with return code 0
[2022-03-28 21:25:23,176] {local_task_job.py:264} INFO - 1 downstream tasks scheduled from follow-on schedule check
