[2022-10-16 06:43:23,527] {processor.py:163} INFO - Started process (PID=72) to work on /home/airflow/.local/lib/python3.7/site-packages/airflow/example_dags/example_xcomargs.py
[2022-10-16 06:43:23,528] {processor.py:642} INFO - Processing file /home/airflow/.local/lib/python3.7/site-packages/airflow/example_dags/example_xcomargs.py for tasks to queue
[2022-10-16 06:43:23,528] {logging_mixin.py:109} INFO - [2022-10-16 06:43:23,528] {dagbag.py:500} INFO - Filling up the DagBag from /home/airflow/.local/lib/python3.7/site-packages/airflow/example_dags/example_xcomargs.py
[2022-10-16 06:43:23,553] {processor.py:654} INFO - DAG(s) dict_keys(['example_xcom_args', 'example_xcom_args_with_operators']) retrieved from /home/airflow/.local/lib/python3.7/site-packages/airflow/example_dags/example_xcomargs.py
[2022-10-16 06:43:23,707] {logging_mixin.py:109} INFO - [2022-10-16 06:43:23,706] {dag.py:2398} INFO - Sync 2 DAGs
[2022-10-16 06:43:23,720] {logging_mixin.py:109} INFO - [2022-10-16 06:43:23,720] {dag.py:2937} INFO - Setting next_dagrun for example_xcom_args to None
[2022-10-16 06:43:23,720] {logging_mixin.py:109} INFO - [2022-10-16 06:43:23,720] {dag.py:2937} INFO - Setting next_dagrun for example_xcom_args_with_operators to None
[2022-10-16 06:43:23,742] {processor.py:171} INFO - Processing /home/airflow/.local/lib/python3.7/site-packages/airflow/example_dags/example_xcomargs.py took 0.217 seconds
[2022-10-16 06:43:54,318] {processor.py:163} INFO - Started process (PID=147) to work on /home/airflow/.local/lib/python3.7/site-packages/airflow/example_dags/example_xcomargs.py
[2022-10-16 06:43:54,319] {processor.py:642} INFO - Processing file /home/airflow/.local/lib/python3.7/site-packages/airflow/example_dags/example_xcomargs.py for tasks to queue
[2022-10-16 06:43:54,320] {logging_mixin.py:109} INFO - [2022-10-16 06:43:54,320] {dagbag.py:500} INFO - Filling up the DagBag from /home/airflow/.local/lib/python3.7/site-packages/airflow/example_dags/example_xcomargs.py
[2022-10-16 06:43:54,347] {processor.py:654} INFO - DAG(s) dict_keys(['example_xcom_args', 'example_xcom_args_with_operators']) retrieved from /home/airflow/.local/lib/python3.7/site-packages/airflow/example_dags/example_xcomargs.py
[2022-10-16 06:43:54,498] {logging_mixin.py:109} INFO - [2022-10-16 06:43:54,498] {dag.py:2398} INFO - Sync 2 DAGs
[2022-10-16 06:43:54,510] {logging_mixin.py:109} INFO - [2022-10-16 06:43:54,510] {dag.py:2937} INFO - Setting next_dagrun for example_xcom_args to None
[2022-10-16 06:43:54,510] {logging_mixin.py:109} INFO - [2022-10-16 06:43:54,510] {dag.py:2937} INFO - Setting next_dagrun for example_xcom_args_with_operators to None
[2022-10-16 06:43:54,526] {processor.py:171} INFO - Processing /home/airflow/.local/lib/python3.7/site-packages/airflow/example_dags/example_xcomargs.py took 0.210 seconds
[2022-10-16 06:44:25,380] {processor.py:163} INFO - Started process (PID=209) to work on /home/airflow/.local/lib/python3.7/site-packages/airflow/example_dags/example_xcomargs.py
[2022-10-16 06:44:25,381] {processor.py:642} INFO - Processing file /home/airflow/.local/lib/python3.7/site-packages/airflow/example_dags/example_xcomargs.py for tasks to queue
[2022-10-16 06:44:25,382] {logging_mixin.py:109} INFO - [2022-10-16 06:44:25,381] {dagbag.py:500} INFO - Filling up the DagBag from /home/airflow/.local/lib/python3.7/site-packages/airflow/example_dags/example_xcomargs.py
[2022-10-16 06:44:25,408] {processor.py:654} INFO - DAG(s) dict_keys(['example_xcom_args', 'example_xcom_args_with_operators']) retrieved from /home/airflow/.local/lib/python3.7/site-packages/airflow/example_dags/example_xcomargs.py
[2022-10-16 06:44:25,557] {logging_mixin.py:109} INFO - [2022-10-16 06:44:25,557] {dag.py:2398} INFO - Sync 2 DAGs
[2022-10-16 06:44:25,566] {logging_mixin.py:109} INFO - [2022-10-16 06:44:25,566] {dag.py:2937} INFO - Setting next_dagrun for example_xcom_args to None
[2022-10-16 06:44:25,566] {logging_mixin.py:109} INFO - [2022-10-16 06:44:25,566] {dag.py:2937} INFO - Setting next_dagrun for example_xcom_args_with_operators to None
[2022-10-16 06:44:25,575] {processor.py:171} INFO - Processing /home/airflow/.local/lib/python3.7/site-packages/airflow/example_dags/example_xcomargs.py took 0.196 seconds
[2022-10-16 06:44:56,650] {processor.py:163} INFO - Started process (PID=278) to work on /home/airflow/.local/lib/python3.7/site-packages/airflow/example_dags/example_xcomargs.py
[2022-10-16 06:44:56,651] {processor.py:642} INFO - Processing file /home/airflow/.local/lib/python3.7/site-packages/airflow/example_dags/example_xcomargs.py for tasks to queue
[2022-10-16 06:44:56,652] {logging_mixin.py:109} INFO - [2022-10-16 06:44:56,652] {dagbag.py:500} INFO - Filling up the DagBag from /home/airflow/.local/lib/python3.7/site-packages/airflow/example_dags/example_xcomargs.py
[2022-10-16 06:44:56,682] {processor.py:654} INFO - DAG(s) dict_keys(['example_xcom_args', 'example_xcom_args_with_operators']) retrieved from /home/airflow/.local/lib/python3.7/site-packages/airflow/example_dags/example_xcomargs.py
[2022-10-16 06:44:56,841] {logging_mixin.py:109} INFO - [2022-10-16 06:44:56,841] {dag.py:2398} INFO - Sync 2 DAGs
[2022-10-16 06:44:56,853] {logging_mixin.py:109} INFO - [2022-10-16 06:44:56,853] {dag.py:2937} INFO - Setting next_dagrun for example_xcom_args to None
[2022-10-16 06:44:56,853] {logging_mixin.py:109} INFO - [2022-10-16 06:44:56,853] {dag.py:2937} INFO - Setting next_dagrun for example_xcom_args_with_operators to None
[2022-10-16 06:44:56,868] {processor.py:171} INFO - Processing /home/airflow/.local/lib/python3.7/site-packages/airflow/example_dags/example_xcomargs.py took 0.221 seconds
[2022-10-16 06:45:27,633] {processor.py:163} INFO - Started process (PID=341) to work on /home/airflow/.local/lib/python3.7/site-packages/airflow/example_dags/example_xcomargs.py
[2022-10-16 06:45:27,634] {processor.py:642} INFO - Processing file /home/airflow/.local/lib/python3.7/site-packages/airflow/example_dags/example_xcomargs.py for tasks to queue
[2022-10-16 06:45:27,635] {logging_mixin.py:109} INFO - [2022-10-16 06:45:27,635] {dagbag.py:500} INFO - Filling up the DagBag from /home/airflow/.local/lib/python3.7/site-packages/airflow/example_dags/example_xcomargs.py
[2022-10-16 06:45:27,659] {processor.py:654} INFO - DAG(s) dict_keys(['example_xcom_args', 'example_xcom_args_with_operators']) retrieved from /home/airflow/.local/lib/python3.7/site-packages/airflow/example_dags/example_xcomargs.py
[2022-10-16 06:45:27,814] {logging_mixin.py:109} INFO - [2022-10-16 06:45:27,814] {dag.py:2398} INFO - Sync 2 DAGs
[2022-10-16 06:45:27,824] {logging_mixin.py:109} INFO - [2022-10-16 06:45:27,823] {dag.py:2937} INFO - Setting next_dagrun for example_xcom_args to None
[2022-10-16 06:45:27,824] {logging_mixin.py:109} INFO - [2022-10-16 06:45:27,824] {dag.py:2937} INFO - Setting next_dagrun for example_xcom_args_with_operators to None
[2022-10-16 06:45:27,832] {processor.py:171} INFO - Processing /home/airflow/.local/lib/python3.7/site-packages/airflow/example_dags/example_xcomargs.py took 0.201 seconds
[2022-10-16 06:45:58,654] {processor.py:163} INFO - Started process (PID=411) to work on /home/airflow/.local/lib/python3.7/site-packages/airflow/example_dags/example_xcomargs.py
[2022-10-16 06:45:58,655] {processor.py:642} INFO - Processing file /home/airflow/.local/lib/python3.7/site-packages/airflow/example_dags/example_xcomargs.py for tasks to queue
[2022-10-16 06:45:58,655] {logging_mixin.py:109} INFO - [2022-10-16 06:45:58,655] {dagbag.py:500} INFO - Filling up the DagBag from /home/airflow/.local/lib/python3.7/site-packages/airflow/example_dags/example_xcomargs.py
[2022-10-16 06:45:58,680] {processor.py:654} INFO - DAG(s) dict_keys(['example_xcom_args', 'example_xcom_args_with_operators']) retrieved from /home/airflow/.local/lib/python3.7/site-packages/airflow/example_dags/example_xcomargs.py
[2022-10-16 06:45:58,828] {logging_mixin.py:109} INFO - [2022-10-16 06:45:58,828] {dag.py:2398} INFO - Sync 2 DAGs
[2022-10-16 06:45:58,838] {logging_mixin.py:109} INFO - [2022-10-16 06:45:58,838] {dag.py:2937} INFO - Setting next_dagrun for example_xcom_args to None
[2022-10-16 06:45:58,838] {logging_mixin.py:109} INFO - [2022-10-16 06:45:58,838] {dag.py:2937} INFO - Setting next_dagrun for example_xcom_args_with_operators to None
[2022-10-16 06:45:58,853] {processor.py:171} INFO - Processing /home/airflow/.local/lib/python3.7/site-packages/airflow/example_dags/example_xcomargs.py took 0.201 seconds
[2022-10-16 06:46:29,800] {processor.py:163} INFO - Started process (PID=473) to work on /home/airflow/.local/lib/python3.7/site-packages/airflow/example_dags/example_xcomargs.py
[2022-10-16 06:46:29,801] {processor.py:642} INFO - Processing file /home/airflow/.local/lib/python3.7/site-packages/airflow/example_dags/example_xcomargs.py for tasks to queue
[2022-10-16 06:46:29,801] {logging_mixin.py:109} INFO - [2022-10-16 06:46:29,801] {dagbag.py:500} INFO - Filling up the DagBag from /home/airflow/.local/lib/python3.7/site-packages/airflow/example_dags/example_xcomargs.py
[2022-10-16 06:46:29,827] {processor.py:654} INFO - DAG(s) dict_keys(['example_xcom_args', 'example_xcom_args_with_operators']) retrieved from /home/airflow/.local/lib/python3.7/site-packages/airflow/example_dags/example_xcomargs.py
[2022-10-16 06:46:29,969] {logging_mixin.py:109} INFO - [2022-10-16 06:46:29,969] {dag.py:2398} INFO - Sync 2 DAGs
[2022-10-16 06:46:29,981] {logging_mixin.py:109} INFO - [2022-10-16 06:46:29,981] {dag.py:2937} INFO - Setting next_dagrun for example_xcom_args to None
[2022-10-16 06:46:29,981] {logging_mixin.py:109} INFO - [2022-10-16 06:46:29,981] {dag.py:2937} INFO - Setting next_dagrun for example_xcom_args_with_operators to None
[2022-10-16 06:46:29,990] {processor.py:171} INFO - Processing /home/airflow/.local/lib/python3.7/site-packages/airflow/example_dags/example_xcomargs.py took 0.192 seconds
[2022-10-16 06:47:00,897] {processor.py:163} INFO - Started process (PID=544) to work on /home/airflow/.local/lib/python3.7/site-packages/airflow/example_dags/example_xcomargs.py
[2022-10-16 06:47:00,897] {processor.py:642} INFO - Processing file /home/airflow/.local/lib/python3.7/site-packages/airflow/example_dags/example_xcomargs.py for tasks to queue
[2022-10-16 06:47:00,898] {logging_mixin.py:109} INFO - [2022-10-16 06:47:00,898] {dagbag.py:500} INFO - Filling up the DagBag from /home/airflow/.local/lib/python3.7/site-packages/airflow/example_dags/example_xcomargs.py
[2022-10-16 06:47:00,923] {processor.py:654} INFO - DAG(s) dict_keys(['example_xcom_args', 'example_xcom_args_with_operators']) retrieved from /home/airflow/.local/lib/python3.7/site-packages/airflow/example_dags/example_xcomargs.py
[2022-10-16 06:47:01,070] {logging_mixin.py:109} INFO - [2022-10-16 06:47:01,070] {dag.py:2398} INFO - Sync 2 DAGs
[2022-10-16 06:47:01,081] {logging_mixin.py:109} INFO - [2022-10-16 06:47:01,081] {dag.py:2937} INFO - Setting next_dagrun for example_xcom_args to None
[2022-10-16 06:47:01,081] {logging_mixin.py:109} INFO - [2022-10-16 06:47:01,081] {dag.py:2937} INFO - Setting next_dagrun for example_xcom_args_with_operators to None
[2022-10-16 06:47:01,090] {processor.py:171} INFO - Processing /home/airflow/.local/lib/python3.7/site-packages/airflow/example_dags/example_xcomargs.py took 0.196 seconds
[2022-10-16 06:47:31,853] {processor.py:163} INFO - Started process (PID=608) to work on /home/airflow/.local/lib/python3.7/site-packages/airflow/example_dags/example_xcomargs.py
[2022-10-16 06:47:31,854] {processor.py:642} INFO - Processing file /home/airflow/.local/lib/python3.7/site-packages/airflow/example_dags/example_xcomargs.py for tasks to queue
[2022-10-16 06:47:31,854] {logging_mixin.py:109} INFO - [2022-10-16 06:47:31,854] {dagbag.py:500} INFO - Filling up the DagBag from /home/airflow/.local/lib/python3.7/site-packages/airflow/example_dags/example_xcomargs.py
[2022-10-16 06:47:31,878] {processor.py:654} INFO - DAG(s) dict_keys(['example_xcom_args', 'example_xcom_args_with_operators']) retrieved from /home/airflow/.local/lib/python3.7/site-packages/airflow/example_dags/example_xcomargs.py
[2022-10-16 06:47:32,036] {logging_mixin.py:109} INFO - [2022-10-16 06:47:32,036] {dag.py:2398} INFO - Sync 2 DAGs
[2022-10-16 06:47:32,053] {logging_mixin.py:109} INFO - [2022-10-16 06:47:32,053] {dag.py:2937} INFO - Setting next_dagrun for example_xcom_args to None
[2022-10-16 06:47:32,053] {logging_mixin.py:109} INFO - [2022-10-16 06:47:32,053] {dag.py:2937} INFO - Setting next_dagrun for example_xcom_args_with_operators to None
[2022-10-16 06:47:32,068] {processor.py:171} INFO - Processing /home/airflow/.local/lib/python3.7/site-packages/airflow/example_dags/example_xcomargs.py took 0.217 seconds
[2022-10-16 06:48:02,927] {processor.py:163} INFO - Started process (PID=677) to work on /home/airflow/.local/lib/python3.7/site-packages/airflow/example_dags/example_xcomargs.py
[2022-10-16 06:48:02,928] {processor.py:642} INFO - Processing file /home/airflow/.local/lib/python3.7/site-packages/airflow/example_dags/example_xcomargs.py for tasks to queue
[2022-10-16 06:48:02,928] {logging_mixin.py:109} INFO - [2022-10-16 06:48:02,928] {dagbag.py:500} INFO - Filling up the DagBag from /home/airflow/.local/lib/python3.7/site-packages/airflow/example_dags/example_xcomargs.py
[2022-10-16 06:48:02,955] {processor.py:654} INFO - DAG(s) dict_keys(['example_xcom_args', 'example_xcom_args_with_operators']) retrieved from /home/airflow/.local/lib/python3.7/site-packages/airflow/example_dags/example_xcomargs.py
[2022-10-16 06:48:03,097] {logging_mixin.py:109} INFO - [2022-10-16 06:48:03,097] {dag.py:2398} INFO - Sync 2 DAGs
[2022-10-16 06:48:03,108] {logging_mixin.py:109} INFO - [2022-10-16 06:48:03,108] {dag.py:2937} INFO - Setting next_dagrun for example_xcom_args to None
[2022-10-16 06:48:03,108] {logging_mixin.py:109} INFO - [2022-10-16 06:48:03,108] {dag.py:2937} INFO - Setting next_dagrun for example_xcom_args_with_operators to None
[2022-10-16 06:48:03,129] {processor.py:171} INFO - Processing /home/airflow/.local/lib/python3.7/site-packages/airflow/example_dags/example_xcomargs.py took 0.204 seconds
[2022-10-16 06:48:34,012] {processor.py:163} INFO - Started process (PID=748) to work on /home/airflow/.local/lib/python3.7/site-packages/airflow/example_dags/example_xcomargs.py
[2022-10-16 06:48:34,012] {processor.py:642} INFO - Processing file /home/airflow/.local/lib/python3.7/site-packages/airflow/example_dags/example_xcomargs.py for tasks to queue
[2022-10-16 06:48:34,013] {logging_mixin.py:109} INFO - [2022-10-16 06:48:34,013] {dagbag.py:500} INFO - Filling up the DagBag from /home/airflow/.local/lib/python3.7/site-packages/airflow/example_dags/example_xcomargs.py
[2022-10-16 06:48:34,042] {processor.py:654} INFO - DAG(s) dict_keys(['example_xcom_args', 'example_xcom_args_with_operators']) retrieved from /home/airflow/.local/lib/python3.7/site-packages/airflow/example_dags/example_xcomargs.py
[2022-10-16 06:48:34,302] {logging_mixin.py:109} INFO - [2022-10-16 06:48:34,301] {dag.py:2398} INFO - Sync 2 DAGs
[2022-10-16 06:48:34,320] {logging_mixin.py:109} INFO - [2022-10-16 06:48:34,320] {dag.py:2937} INFO - Setting next_dagrun for example_xcom_args to None
[2022-10-16 06:48:34,321] {logging_mixin.py:109} INFO - [2022-10-16 06:48:34,321] {dag.py:2937} INFO - Setting next_dagrun for example_xcom_args_with_operators to None
[2022-10-16 06:48:34,349] {processor.py:171} INFO - Processing /home/airflow/.local/lib/python3.7/site-packages/airflow/example_dags/example_xcomargs.py took 0.339 seconds
[2022-10-16 06:49:05,110] {processor.py:163} INFO - Started process (PID=802) to work on /home/airflow/.local/lib/python3.7/site-packages/airflow/example_dags/example_xcomargs.py
[2022-10-16 06:49:05,111] {processor.py:642} INFO - Processing file /home/airflow/.local/lib/python3.7/site-packages/airflow/example_dags/example_xcomargs.py for tasks to queue
[2022-10-16 06:49:05,111] {logging_mixin.py:109} INFO - [2022-10-16 06:49:05,111] {dagbag.py:500} INFO - Filling up the DagBag from /home/airflow/.local/lib/python3.7/site-packages/airflow/example_dags/example_xcomargs.py
[2022-10-16 06:49:05,144] {processor.py:654} INFO - DAG(s) dict_keys(['example_xcom_args', 'example_xcom_args_with_operators']) retrieved from /home/airflow/.local/lib/python3.7/site-packages/airflow/example_dags/example_xcomargs.py
[2022-10-16 06:49:05,159] {logging_mixin.py:109} INFO - [2022-10-16 06:49:05,159] {dag.py:2398} INFO - Sync 2 DAGs
[2022-10-16 06:49:05,178] {logging_mixin.py:109} INFO - [2022-10-16 06:49:05,178] {dag.py:2937} INFO - Setting next_dagrun for example_xcom_args to None
[2022-10-16 06:49:05,178] {logging_mixin.py:109} INFO - [2022-10-16 06:49:05,178] {dag.py:2937} INFO - Setting next_dagrun for example_xcom_args_with_operators to None
[2022-10-16 06:49:05,189] {processor.py:171} INFO - Processing /home/airflow/.local/lib/python3.7/site-packages/airflow/example_dags/example_xcomargs.py took 0.081 seconds
[2022-10-16 06:49:35,265] {processor.py:163} INFO - Started process (PID=872) to work on /home/airflow/.local/lib/python3.7/site-packages/airflow/example_dags/example_xcomargs.py
[2022-10-16 06:49:35,266] {processor.py:642} INFO - Processing file /home/airflow/.local/lib/python3.7/site-packages/airflow/example_dags/example_xcomargs.py for tasks to queue
[2022-10-16 06:49:35,266] {logging_mixin.py:109} INFO - [2022-10-16 06:49:35,266] {dagbag.py:500} INFO - Filling up the DagBag from /home/airflow/.local/lib/python3.7/site-packages/airflow/example_dags/example_xcomargs.py
[2022-10-16 06:49:35,294] {processor.py:654} INFO - DAG(s) dict_keys(['example_xcom_args', 'example_xcom_args_with_operators']) retrieved from /home/airflow/.local/lib/python3.7/site-packages/airflow/example_dags/example_xcomargs.py
[2022-10-16 06:49:35,440] {logging_mixin.py:109} INFO - [2022-10-16 06:49:35,440] {dag.py:2398} INFO - Sync 2 DAGs
[2022-10-16 06:49:35,451] {logging_mixin.py:109} INFO - [2022-10-16 06:49:35,451] {dag.py:2937} INFO - Setting next_dagrun for example_xcom_args to None
[2022-10-16 06:49:35,451] {logging_mixin.py:109} INFO - [2022-10-16 06:49:35,451] {dag.py:2937} INFO - Setting next_dagrun for example_xcom_args_with_operators to None
[2022-10-16 06:49:35,460] {processor.py:171} INFO - Processing /home/airflow/.local/lib/python3.7/site-packages/airflow/example_dags/example_xcomargs.py took 0.197 seconds
[2022-10-16 06:50:06,116] {processor.py:163} INFO - Started process (PID=936) to work on /home/airflow/.local/lib/python3.7/site-packages/airflow/example_dags/example_xcomargs.py
[2022-10-16 06:50:06,117] {processor.py:642} INFO - Processing file /home/airflow/.local/lib/python3.7/site-packages/airflow/example_dags/example_xcomargs.py for tasks to queue
[2022-10-16 06:50:06,117] {logging_mixin.py:109} INFO - [2022-10-16 06:50:06,117] {dagbag.py:500} INFO - Filling up the DagBag from /home/airflow/.local/lib/python3.7/site-packages/airflow/example_dags/example_xcomargs.py
[2022-10-16 06:50:06,143] {processor.py:654} INFO - DAG(s) dict_keys(['example_xcom_args', 'example_xcom_args_with_operators']) retrieved from /home/airflow/.local/lib/python3.7/site-packages/airflow/example_dags/example_xcomargs.py
[2022-10-16 06:50:06,286] {logging_mixin.py:109} INFO - [2022-10-16 06:50:06,286] {dag.py:2398} INFO - Sync 2 DAGs
[2022-10-16 06:50:06,296] {logging_mixin.py:109} INFO - [2022-10-16 06:50:06,296] {dag.py:2937} INFO - Setting next_dagrun for example_xcom_args to None
[2022-10-16 06:50:06,296] {logging_mixin.py:109} INFO - [2022-10-16 06:50:06,296] {dag.py:2937} INFO - Setting next_dagrun for example_xcom_args_with_operators to None
[2022-10-16 06:50:06,311] {processor.py:171} INFO - Processing /home/airflow/.local/lib/python3.7/site-packages/airflow/example_dags/example_xcomargs.py took 0.197 seconds
[2022-10-16 06:50:36,474] {processor.py:163} INFO - Started process (PID=1007) to work on /home/airflow/.local/lib/python3.7/site-packages/airflow/example_dags/example_xcomargs.py
[2022-10-16 06:50:36,475] {processor.py:642} INFO - Processing file /home/airflow/.local/lib/python3.7/site-packages/airflow/example_dags/example_xcomargs.py for tasks to queue
[2022-10-16 06:50:36,475] {logging_mixin.py:109} INFO - [2022-10-16 06:50:36,475] {dagbag.py:500} INFO - Filling up the DagBag from /home/airflow/.local/lib/python3.7/site-packages/airflow/example_dags/example_xcomargs.py
[2022-10-16 06:50:36,502] {processor.py:654} INFO - DAG(s) dict_keys(['example_xcom_args', 'example_xcom_args_with_operators']) retrieved from /home/airflow/.local/lib/python3.7/site-packages/airflow/example_dags/example_xcomargs.py
[2022-10-16 06:50:36,667] {logging_mixin.py:109} INFO - [2022-10-16 06:50:36,667] {dag.py:2398} INFO - Sync 2 DAGs
[2022-10-16 06:50:36,679] {logging_mixin.py:109} INFO - [2022-10-16 06:50:36,679] {dag.py:2937} INFO - Setting next_dagrun for example_xcom_args to None
[2022-10-16 06:50:36,680] {logging_mixin.py:109} INFO - [2022-10-16 06:50:36,680] {dag.py:2937} INFO - Setting next_dagrun for example_xcom_args_with_operators to None
[2022-10-16 06:50:36,695] {processor.py:171} INFO - Processing /home/airflow/.local/lib/python3.7/site-packages/airflow/example_dags/example_xcomargs.py took 0.223 seconds
[2022-10-16 06:51:06,751] {processor.py:163} INFO - Started process (PID=1072) to work on /home/airflow/.local/lib/python3.7/site-packages/airflow/example_dags/example_xcomargs.py
[2022-10-16 06:51:06,752] {processor.py:642} INFO - Processing file /home/airflow/.local/lib/python3.7/site-packages/airflow/example_dags/example_xcomargs.py for tasks to queue
[2022-10-16 06:51:06,752] {logging_mixin.py:109} INFO - [2022-10-16 06:51:06,752] {dagbag.py:500} INFO - Filling up the DagBag from /home/airflow/.local/lib/python3.7/site-packages/airflow/example_dags/example_xcomargs.py
[2022-10-16 06:51:06,778] {processor.py:654} INFO - DAG(s) dict_keys(['example_xcom_args', 'example_xcom_args_with_operators']) retrieved from /home/airflow/.local/lib/python3.7/site-packages/airflow/example_dags/example_xcomargs.py
[2022-10-16 06:51:06,927] {logging_mixin.py:109} INFO - [2022-10-16 06:51:06,927] {dag.py:2398} INFO - Sync 2 DAGs
[2022-10-16 06:51:06,937] {logging_mixin.py:109} INFO - [2022-10-16 06:51:06,937] {dag.py:2937} INFO - Setting next_dagrun for example_xcom_args to None
[2022-10-16 06:51:06,937] {logging_mixin.py:109} INFO - [2022-10-16 06:51:06,937] {dag.py:2937} INFO - Setting next_dagrun for example_xcom_args_with_operators to None
[2022-10-16 06:51:06,951] {processor.py:171} INFO - Processing /home/airflow/.local/lib/python3.7/site-packages/airflow/example_dags/example_xcomargs.py took 0.202 seconds
[2022-10-16 06:51:37,013] {processor.py:163} INFO - Started process (PID=1145) to work on /home/airflow/.local/lib/python3.7/site-packages/airflow/example_dags/example_xcomargs.py
[2022-10-16 06:51:37,014] {processor.py:642} INFO - Processing file /home/airflow/.local/lib/python3.7/site-packages/airflow/example_dags/example_xcomargs.py for tasks to queue
[2022-10-16 06:51:37,015] {logging_mixin.py:109} INFO - [2022-10-16 06:51:37,014] {dagbag.py:500} INFO - Filling up the DagBag from /home/airflow/.local/lib/python3.7/site-packages/airflow/example_dags/example_xcomargs.py
[2022-10-16 06:51:37,055] {processor.py:654} INFO - DAG(s) dict_keys(['example_xcom_args', 'example_xcom_args_with_operators']) retrieved from /home/airflow/.local/lib/python3.7/site-packages/airflow/example_dags/example_xcomargs.py
[2022-10-16 06:51:37,290] {logging_mixin.py:109} INFO - [2022-10-16 06:51:37,290] {dag.py:2398} INFO - Sync 2 DAGs
[2022-10-16 06:51:37,302] {logging_mixin.py:109} INFO - [2022-10-16 06:51:37,302] {dag.py:2937} INFO - Setting next_dagrun for example_xcom_args to None
[2022-10-16 06:51:37,302] {logging_mixin.py:109} INFO - [2022-10-16 06:51:37,302] {dag.py:2937} INFO - Setting next_dagrun for example_xcom_args_with_operators to None
[2022-10-16 06:51:37,322] {processor.py:171} INFO - Processing /home/airflow/.local/lib/python3.7/site-packages/airflow/example_dags/example_xcomargs.py took 0.312 seconds
[2022-10-16 06:52:07,542] {processor.py:163} INFO - Started process (PID=1207) to work on /home/airflow/.local/lib/python3.7/site-packages/airflow/example_dags/example_xcomargs.py
[2022-10-16 06:52:07,542] {processor.py:642} INFO - Processing file /home/airflow/.local/lib/python3.7/site-packages/airflow/example_dags/example_xcomargs.py for tasks to queue
[2022-10-16 06:52:07,543] {logging_mixin.py:109} INFO - [2022-10-16 06:52:07,543] {dagbag.py:500} INFO - Filling up the DagBag from /home/airflow/.local/lib/python3.7/site-packages/airflow/example_dags/example_xcomargs.py
[2022-10-16 06:52:07,569] {processor.py:654} INFO - DAG(s) dict_keys(['example_xcom_args', 'example_xcom_args_with_operators']) retrieved from /home/airflow/.local/lib/python3.7/site-packages/airflow/example_dags/example_xcomargs.py
[2022-10-16 06:52:07,733] {logging_mixin.py:109} INFO - [2022-10-16 06:52:07,732] {dag.py:2398} INFO - Sync 2 DAGs
[2022-10-16 06:52:07,743] {logging_mixin.py:109} INFO - [2022-10-16 06:52:07,743] {dag.py:2937} INFO - Setting next_dagrun for example_xcom_args to None
[2022-10-16 06:52:07,743] {logging_mixin.py:109} INFO - [2022-10-16 06:52:07,743] {dag.py:2937} INFO - Setting next_dagrun for example_xcom_args_with_operators to None
[2022-10-16 06:52:07,758] {processor.py:171} INFO - Processing /home/airflow/.local/lib/python3.7/site-packages/airflow/example_dags/example_xcomargs.py took 0.219 seconds
[2022-10-16 06:52:38,014] {processor.py:163} INFO - Started process (PID=1280) to work on /home/airflow/.local/lib/python3.7/site-packages/airflow/example_dags/example_xcomargs.py
[2022-10-16 06:52:38,015] {processor.py:642} INFO - Processing file /home/airflow/.local/lib/python3.7/site-packages/airflow/example_dags/example_xcomargs.py for tasks to queue
[2022-10-16 06:52:38,015] {logging_mixin.py:109} INFO - [2022-10-16 06:52:38,015] {dagbag.py:500} INFO - Filling up the DagBag from /home/airflow/.local/lib/python3.7/site-packages/airflow/example_dags/example_xcomargs.py
[2022-10-16 06:52:38,042] {processor.py:654} INFO - DAG(s) dict_keys(['example_xcom_args', 'example_xcom_args_with_operators']) retrieved from /home/airflow/.local/lib/python3.7/site-packages/airflow/example_dags/example_xcomargs.py
[2022-10-16 06:52:38,056] {logging_mixin.py:109} INFO - [2022-10-16 06:52:38,056] {dag.py:2398} INFO - Sync 2 DAGs
[2022-10-16 06:52:38,073] {logging_mixin.py:109} INFO - [2022-10-16 06:52:38,073] {dag.py:2937} INFO - Setting next_dagrun for example_xcom_args to None
[2022-10-16 06:52:38,074] {logging_mixin.py:109} INFO - [2022-10-16 06:52:38,074] {dag.py:2937} INFO - Setting next_dagrun for example_xcom_args_with_operators to None
[2022-10-16 06:52:38,082] {processor.py:171} INFO - Processing /home/airflow/.local/lib/python3.7/site-packages/airflow/example_dags/example_xcomargs.py took 0.070 seconds
[2022-10-16 06:53:08,253] {processor.py:163} INFO - Started process (PID=1340) to work on /home/airflow/.local/lib/python3.7/site-packages/airflow/example_dags/example_xcomargs.py
[2022-10-16 06:53:08,254] {processor.py:642} INFO - Processing file /home/airflow/.local/lib/python3.7/site-packages/airflow/example_dags/example_xcomargs.py for tasks to queue
[2022-10-16 06:53:08,254] {logging_mixin.py:109} INFO - [2022-10-16 06:53:08,254] {dagbag.py:500} INFO - Filling up the DagBag from /home/airflow/.local/lib/python3.7/site-packages/airflow/example_dags/example_xcomargs.py
[2022-10-16 06:53:08,279] {processor.py:654} INFO - DAG(s) dict_keys(['example_xcom_args', 'example_xcom_args_with_operators']) retrieved from /home/airflow/.local/lib/python3.7/site-packages/airflow/example_dags/example_xcomargs.py
[2022-10-16 06:53:08,428] {logging_mixin.py:109} INFO - [2022-10-16 06:53:08,427] {dag.py:2398} INFO - Sync 2 DAGs
[2022-10-16 06:53:08,437] {logging_mixin.py:109} INFO - [2022-10-16 06:53:08,437] {dag.py:2937} INFO - Setting next_dagrun for example_xcom_args to None
[2022-10-16 06:53:08,437] {logging_mixin.py:109} INFO - [2022-10-16 06:53:08,437] {dag.py:2937} INFO - Setting next_dagrun for example_xcom_args_with_operators to None
[2022-10-16 06:53:08,447] {processor.py:171} INFO - Processing /home/airflow/.local/lib/python3.7/site-packages/airflow/example_dags/example_xcomargs.py took 0.196 seconds
[2022-10-16 06:53:38,745] {processor.py:163} INFO - Started process (PID=1413) to work on /home/airflow/.local/lib/python3.7/site-packages/airflow/example_dags/example_xcomargs.py
[2022-10-16 06:53:38,745] {processor.py:642} INFO - Processing file /home/airflow/.local/lib/python3.7/site-packages/airflow/example_dags/example_xcomargs.py for tasks to queue
[2022-10-16 06:53:38,746] {logging_mixin.py:109} INFO - [2022-10-16 06:53:38,746] {dagbag.py:500} INFO - Filling up the DagBag from /home/airflow/.local/lib/python3.7/site-packages/airflow/example_dags/example_xcomargs.py
[2022-10-16 06:53:38,771] {processor.py:654} INFO - DAG(s) dict_keys(['example_xcom_args', 'example_xcom_args_with_operators']) retrieved from /home/airflow/.local/lib/python3.7/site-packages/airflow/example_dags/example_xcomargs.py
[2022-10-16 06:53:38,936] {logging_mixin.py:109} INFO - [2022-10-16 06:53:38,936] {dag.py:2398} INFO - Sync 2 DAGs
[2022-10-16 06:53:38,950] {logging_mixin.py:109} INFO - [2022-10-16 06:53:38,950] {dag.py:2937} INFO - Setting next_dagrun for example_xcom_args to None
[2022-10-16 06:53:38,951] {logging_mixin.py:109} INFO - [2022-10-16 06:53:38,951] {dag.py:2937} INFO - Setting next_dagrun for example_xcom_args_with_operators to None
[2022-10-16 06:53:38,966] {processor.py:171} INFO - Processing /home/airflow/.local/lib/python3.7/site-packages/airflow/example_dags/example_xcomargs.py took 0.223 seconds
[2022-10-16 06:54:09,123] {processor.py:163} INFO - Started process (PID=1478) to work on /home/airflow/.local/lib/python3.7/site-packages/airflow/example_dags/example_xcomargs.py
[2022-10-16 06:54:09,123] {processor.py:642} INFO - Processing file /home/airflow/.local/lib/python3.7/site-packages/airflow/example_dags/example_xcomargs.py for tasks to queue
[2022-10-16 06:54:09,124] {logging_mixin.py:109} INFO - [2022-10-16 06:54:09,124] {dagbag.py:500} INFO - Filling up the DagBag from /home/airflow/.local/lib/python3.7/site-packages/airflow/example_dags/example_xcomargs.py
[2022-10-16 06:54:09,150] {processor.py:654} INFO - DAG(s) dict_keys(['example_xcom_args', 'example_xcom_args_with_operators']) retrieved from /home/airflow/.local/lib/python3.7/site-packages/airflow/example_dags/example_xcomargs.py
[2022-10-16 06:54:09,299] {logging_mixin.py:109} INFO - [2022-10-16 06:54:09,299] {dag.py:2398} INFO - Sync 2 DAGs
[2022-10-16 06:54:09,308] {logging_mixin.py:109} INFO - [2022-10-16 06:54:09,308] {dag.py:2937} INFO - Setting next_dagrun for example_xcom_args to None
[2022-10-16 06:54:09,308] {logging_mixin.py:109} INFO - [2022-10-16 06:54:09,308] {dag.py:2937} INFO - Setting next_dagrun for example_xcom_args_with_operators to None
[2022-10-16 06:54:09,321] {processor.py:171} INFO - Processing /home/airflow/.local/lib/python3.7/site-packages/airflow/example_dags/example_xcomargs.py took 0.201 seconds
[2022-10-16 06:54:39,347] {processor.py:163} INFO - Started process (PID=1551) to work on /home/airflow/.local/lib/python3.7/site-packages/airflow/example_dags/example_xcomargs.py
[2022-10-16 06:54:39,348] {processor.py:642} INFO - Processing file /home/airflow/.local/lib/python3.7/site-packages/airflow/example_dags/example_xcomargs.py for tasks to queue
[2022-10-16 06:54:39,349] {logging_mixin.py:109} INFO - [2022-10-16 06:54:39,349] {dagbag.py:500} INFO - Filling up the DagBag from /home/airflow/.local/lib/python3.7/site-packages/airflow/example_dags/example_xcomargs.py
[2022-10-16 06:54:39,384] {processor.py:654} INFO - DAG(s) dict_keys(['example_xcom_args', 'example_xcom_args_with_operators']) retrieved from /home/airflow/.local/lib/python3.7/site-packages/airflow/example_dags/example_xcomargs.py
[2022-10-16 06:54:39,540] {logging_mixin.py:109} INFO - [2022-10-16 06:54:39,540] {dag.py:2398} INFO - Sync 2 DAGs
[2022-10-16 06:54:39,549] {logging_mixin.py:109} INFO - [2022-10-16 06:54:39,549] {dag.py:2937} INFO - Setting next_dagrun for example_xcom_args to None
[2022-10-16 06:54:39,550] {logging_mixin.py:109} INFO - [2022-10-16 06:54:39,550] {dag.py:2937} INFO - Setting next_dagrun for example_xcom_args_with_operators to None
[2022-10-16 06:54:39,558] {processor.py:171} INFO - Processing /home/airflow/.local/lib/python3.7/site-packages/airflow/example_dags/example_xcomargs.py took 0.213 seconds
[2022-10-16 06:55:09,614] {processor.py:163} INFO - Started process (PID=1614) to work on /home/airflow/.local/lib/python3.7/site-packages/airflow/example_dags/example_xcomargs.py
[2022-10-16 06:55:09,614] {processor.py:642} INFO - Processing file /home/airflow/.local/lib/python3.7/site-packages/airflow/example_dags/example_xcomargs.py for tasks to queue
[2022-10-16 06:55:09,615] {logging_mixin.py:109} INFO - [2022-10-16 06:55:09,615] {dagbag.py:500} INFO - Filling up the DagBag from /home/airflow/.local/lib/python3.7/site-packages/airflow/example_dags/example_xcomargs.py
[2022-10-16 06:55:09,644] {processor.py:654} INFO - DAG(s) dict_keys(['example_xcom_args', 'example_xcom_args_with_operators']) retrieved from /home/airflow/.local/lib/python3.7/site-packages/airflow/example_dags/example_xcomargs.py
[2022-10-16 06:55:09,794] {logging_mixin.py:109} INFO - [2022-10-16 06:55:09,793] {dag.py:2398} INFO - Sync 2 DAGs
[2022-10-16 06:55:09,804] {logging_mixin.py:109} INFO - [2022-10-16 06:55:09,804] {dag.py:2937} INFO - Setting next_dagrun for example_xcom_args to None
[2022-10-16 06:55:09,804] {logging_mixin.py:109} INFO - [2022-10-16 06:55:09,804] {dag.py:2937} INFO - Setting next_dagrun for example_xcom_args_with_operators to None
[2022-10-16 06:55:09,820] {processor.py:171} INFO - Processing /home/airflow/.local/lib/python3.7/site-packages/airflow/example_dags/example_xcomargs.py took 0.208 seconds
[2022-10-16 06:55:39,899] {processor.py:163} INFO - Started process (PID=1685) to work on /home/airflow/.local/lib/python3.7/site-packages/airflow/example_dags/example_xcomargs.py
[2022-10-16 06:55:39,900] {processor.py:642} INFO - Processing file /home/airflow/.local/lib/python3.7/site-packages/airflow/example_dags/example_xcomargs.py for tasks to queue
[2022-10-16 06:55:39,900] {logging_mixin.py:109} INFO - [2022-10-16 06:55:39,900] {dagbag.py:500} INFO - Filling up the DagBag from /home/airflow/.local/lib/python3.7/site-packages/airflow/example_dags/example_xcomargs.py
[2022-10-16 06:55:39,927] {processor.py:654} INFO - DAG(s) dict_keys(['example_xcom_args', 'example_xcom_args_with_operators']) retrieved from /home/airflow/.local/lib/python3.7/site-packages/airflow/example_dags/example_xcomargs.py
[2022-10-16 06:55:40,083] {logging_mixin.py:109} INFO - [2022-10-16 06:55:40,082] {dag.py:2398} INFO - Sync 2 DAGs
[2022-10-16 06:55:40,093] {logging_mixin.py:109} INFO - [2022-10-16 06:55:40,093] {dag.py:2937} INFO - Setting next_dagrun for example_xcom_args to None
[2022-10-16 06:55:40,093] {logging_mixin.py:109} INFO - [2022-10-16 06:55:40,093] {dag.py:2937} INFO - Setting next_dagrun for example_xcom_args_with_operators to None
[2022-10-16 06:55:40,102] {processor.py:171} INFO - Processing /home/airflow/.local/lib/python3.7/site-packages/airflow/example_dags/example_xcomargs.py took 0.205 seconds
[2022-10-16 06:56:10,365] {processor.py:163} INFO - Started process (PID=1750) to work on /home/airflow/.local/lib/python3.7/site-packages/airflow/example_dags/example_xcomargs.py
[2022-10-16 06:56:10,365] {processor.py:642} INFO - Processing file /home/airflow/.local/lib/python3.7/site-packages/airflow/example_dags/example_xcomargs.py for tasks to queue
[2022-10-16 06:56:10,366] {logging_mixin.py:109} INFO - [2022-10-16 06:56:10,366] {dagbag.py:500} INFO - Filling up the DagBag from /home/airflow/.local/lib/python3.7/site-packages/airflow/example_dags/example_xcomargs.py
[2022-10-16 06:56:10,393] {processor.py:654} INFO - DAG(s) dict_keys(['example_xcom_args', 'example_xcom_args_with_operators']) retrieved from /home/airflow/.local/lib/python3.7/site-packages/airflow/example_dags/example_xcomargs.py
[2022-10-16 06:56:10,558] {logging_mixin.py:109} INFO - [2022-10-16 06:56:10,558] {dag.py:2398} INFO - Sync 2 DAGs
[2022-10-16 06:56:10,568] {logging_mixin.py:109} INFO - [2022-10-16 06:56:10,568] {dag.py:2937} INFO - Setting next_dagrun for example_xcom_args to None
[2022-10-16 06:56:10,568] {logging_mixin.py:109} INFO - [2022-10-16 06:56:10,568] {dag.py:2937} INFO - Setting next_dagrun for example_xcom_args_with_operators to None
[2022-10-16 06:56:10,582] {processor.py:171} INFO - Processing /home/airflow/.local/lib/python3.7/site-packages/airflow/example_dags/example_xcomargs.py took 0.220 seconds
[2022-10-16 06:56:40,692] {processor.py:163} INFO - Started process (PID=1821) to work on /home/airflow/.local/lib/python3.7/site-packages/airflow/example_dags/example_xcomargs.py
[2022-10-16 06:56:40,692] {processor.py:642} INFO - Processing file /home/airflow/.local/lib/python3.7/site-packages/airflow/example_dags/example_xcomargs.py for tasks to queue
[2022-10-16 06:56:40,693] {logging_mixin.py:109} INFO - [2022-10-16 06:56:40,693] {dagbag.py:500} INFO - Filling up the DagBag from /home/airflow/.local/lib/python3.7/site-packages/airflow/example_dags/example_xcomargs.py
[2022-10-16 06:56:40,721] {processor.py:654} INFO - DAG(s) dict_keys(['example_xcom_args', 'example_xcom_args_with_operators']) retrieved from /home/airflow/.local/lib/python3.7/site-packages/airflow/example_dags/example_xcomargs.py
[2022-10-16 06:56:40,889] {logging_mixin.py:109} INFO - [2022-10-16 06:56:40,889] {dag.py:2398} INFO - Sync 2 DAGs
[2022-10-16 06:56:40,899] {logging_mixin.py:109} INFO - [2022-10-16 06:56:40,899] {dag.py:2937} INFO - Setting next_dagrun for example_xcom_args to None
[2022-10-16 06:56:40,900] {logging_mixin.py:109} INFO - [2022-10-16 06:56:40,900] {dag.py:2937} INFO - Setting next_dagrun for example_xcom_args_with_operators to None
[2022-10-16 06:56:40,914] {processor.py:171} INFO - Processing /home/airflow/.local/lib/python3.7/site-packages/airflow/example_dags/example_xcomargs.py took 0.225 seconds
[2022-10-16 06:57:11,091] {processor.py:163} INFO - Started process (PID=1886) to work on /home/airflow/.local/lib/python3.7/site-packages/airflow/example_dags/example_xcomargs.py
[2022-10-16 06:57:11,092] {processor.py:642} INFO - Processing file /home/airflow/.local/lib/python3.7/site-packages/airflow/example_dags/example_xcomargs.py for tasks to queue
[2022-10-16 06:57:11,092] {logging_mixin.py:109} INFO - [2022-10-16 06:57:11,092] {dagbag.py:500} INFO - Filling up the DagBag from /home/airflow/.local/lib/python3.7/site-packages/airflow/example_dags/example_xcomargs.py
[2022-10-16 06:57:11,117] {processor.py:654} INFO - DAG(s) dict_keys(['example_xcom_args', 'example_xcom_args_with_operators']) retrieved from /home/airflow/.local/lib/python3.7/site-packages/airflow/example_dags/example_xcomargs.py
[2022-10-16 06:57:11,273] {logging_mixin.py:109} INFO - [2022-10-16 06:57:11,273] {dag.py:2398} INFO - Sync 2 DAGs
[2022-10-16 06:57:11,282] {logging_mixin.py:109} INFO - [2022-10-16 06:57:11,282] {dag.py:2937} INFO - Setting next_dagrun for example_xcom_args to None
[2022-10-16 06:57:11,282] {logging_mixin.py:109} INFO - [2022-10-16 06:57:11,282] {dag.py:2937} INFO - Setting next_dagrun for example_xcom_args_with_operators to None
[2022-10-16 06:57:11,291] {processor.py:171} INFO - Processing /home/airflow/.local/lib/python3.7/site-packages/airflow/example_dags/example_xcomargs.py took 0.201 seconds
[2022-10-16 06:57:41,350] {processor.py:163} INFO - Started process (PID=1948) to work on /home/airflow/.local/lib/python3.7/site-packages/airflow/example_dags/example_xcomargs.py
[2022-10-16 06:57:41,351] {processor.py:642} INFO - Processing file /home/airflow/.local/lib/python3.7/site-packages/airflow/example_dags/example_xcomargs.py for tasks to queue
[2022-10-16 06:57:41,351] {logging_mixin.py:109} INFO - [2022-10-16 06:57:41,351] {dagbag.py:500} INFO - Filling up the DagBag from /home/airflow/.local/lib/python3.7/site-packages/airflow/example_dags/example_xcomargs.py
[2022-10-16 06:57:41,397] {processor.py:654} INFO - DAG(s) dict_keys(['example_xcom_args', 'example_xcom_args_with_operators']) retrieved from /home/airflow/.local/lib/python3.7/site-packages/airflow/example_dags/example_xcomargs.py
[2022-10-16 06:57:41,413] {logging_mixin.py:109} INFO - [2022-10-16 06:57:41,413] {dag.py:2398} INFO - Sync 2 DAGs
[2022-10-16 06:57:41,429] {logging_mixin.py:109} INFO - [2022-10-16 06:57:41,429] {dag.py:2937} INFO - Setting next_dagrun for example_xcom_args to None
[2022-10-16 06:57:41,430] {logging_mixin.py:109} INFO - [2022-10-16 06:57:41,430] {dag.py:2937} INFO - Setting next_dagrun for example_xcom_args_with_operators to None
[2022-10-16 06:57:41,442] {processor.py:171} INFO - Processing /home/airflow/.local/lib/python3.7/site-packages/airflow/example_dags/example_xcomargs.py took 0.094 seconds
[2022-10-16 06:58:11,468] {processor.py:163} INFO - Started process (PID=2025) to work on /home/airflow/.local/lib/python3.7/site-packages/airflow/example_dags/example_xcomargs.py
[2022-10-16 06:58:11,469] {processor.py:642} INFO - Processing file /home/airflow/.local/lib/python3.7/site-packages/airflow/example_dags/example_xcomargs.py for tasks to queue
[2022-10-16 06:58:11,469] {logging_mixin.py:109} INFO - [2022-10-16 06:58:11,469] {dagbag.py:500} INFO - Filling up the DagBag from /home/airflow/.local/lib/python3.7/site-packages/airflow/example_dags/example_xcomargs.py
[2022-10-16 06:58:11,494] {processor.py:654} INFO - DAG(s) dict_keys(['example_xcom_args', 'example_xcom_args_with_operators']) retrieved from /home/airflow/.local/lib/python3.7/site-packages/airflow/example_dags/example_xcomargs.py
[2022-10-16 06:58:11,631] {logging_mixin.py:109} INFO - [2022-10-16 06:58:11,630] {dag.py:2398} INFO - Sync 2 DAGs
[2022-10-16 06:58:11,640] {logging_mixin.py:109} INFO - [2022-10-16 06:58:11,640] {dag.py:2937} INFO - Setting next_dagrun for example_xcom_args to None
[2022-10-16 06:58:11,640] {logging_mixin.py:109} INFO - [2022-10-16 06:58:11,640] {dag.py:2937} INFO - Setting next_dagrun for example_xcom_args_with_operators to None
[2022-10-16 06:58:11,655] {processor.py:171} INFO - Processing /home/airflow/.local/lib/python3.7/site-packages/airflow/example_dags/example_xcomargs.py took 0.189 seconds
[2022-10-16 06:58:41,859] {processor.py:163} INFO - Started process (PID=2087) to work on /home/airflow/.local/lib/python3.7/site-packages/airflow/example_dags/example_xcomargs.py
[2022-10-16 06:58:41,859] {processor.py:642} INFO - Processing file /home/airflow/.local/lib/python3.7/site-packages/airflow/example_dags/example_xcomargs.py for tasks to queue
[2022-10-16 06:58:41,860] {logging_mixin.py:109} INFO - [2022-10-16 06:58:41,860] {dagbag.py:500} INFO - Filling up the DagBag from /home/airflow/.local/lib/python3.7/site-packages/airflow/example_dags/example_xcomargs.py
[2022-10-16 06:58:41,883] {processor.py:654} INFO - DAG(s) dict_keys(['example_xcom_args', 'example_xcom_args_with_operators']) retrieved from /home/airflow/.local/lib/python3.7/site-packages/airflow/example_dags/example_xcomargs.py
[2022-10-16 06:58:42,019] {logging_mixin.py:109} INFO - [2022-10-16 06:58:42,019] {dag.py:2398} INFO - Sync 2 DAGs
[2022-10-16 06:58:42,028] {logging_mixin.py:109} INFO - [2022-10-16 06:58:42,028] {dag.py:2937} INFO - Setting next_dagrun for example_xcom_args to None
[2022-10-16 06:58:42,028] {logging_mixin.py:109} INFO - [2022-10-16 06:58:42,028] {dag.py:2937} INFO - Setting next_dagrun for example_xcom_args_with_operators to None
[2022-10-16 06:58:42,036] {processor.py:171} INFO - Processing /home/airflow/.local/lib/python3.7/site-packages/airflow/example_dags/example_xcomargs.py took 0.179 seconds
[2022-10-16 06:59:12,070] {processor.py:163} INFO - Started process (PID=2158) to work on /home/airflow/.local/lib/python3.7/site-packages/airflow/example_dags/example_xcomargs.py
[2022-10-16 06:59:12,071] {processor.py:642} INFO - Processing file /home/airflow/.local/lib/python3.7/site-packages/airflow/example_dags/example_xcomargs.py for tasks to queue
[2022-10-16 06:59:12,071] {logging_mixin.py:109} INFO - [2022-10-16 06:59:12,071] {dagbag.py:500} INFO - Filling up the DagBag from /home/airflow/.local/lib/python3.7/site-packages/airflow/example_dags/example_xcomargs.py
[2022-10-16 06:59:12,095] {processor.py:654} INFO - DAG(s) dict_keys(['example_xcom_args', 'example_xcom_args_with_operators']) retrieved from /home/airflow/.local/lib/python3.7/site-packages/airflow/example_dags/example_xcomargs.py
[2022-10-16 06:59:12,231] {logging_mixin.py:109} INFO - [2022-10-16 06:59:12,230] {dag.py:2398} INFO - Sync 2 DAGs
[2022-10-16 06:59:12,240] {logging_mixin.py:109} INFO - [2022-10-16 06:59:12,240] {dag.py:2937} INFO - Setting next_dagrun for example_xcom_args to None
[2022-10-16 06:59:12,240] {logging_mixin.py:109} INFO - [2022-10-16 06:59:12,240] {dag.py:2937} INFO - Setting next_dagrun for example_xcom_args_with_operators to None
[2022-10-16 06:59:12,254] {processor.py:171} INFO - Processing /home/airflow/.local/lib/python3.7/site-packages/airflow/example_dags/example_xcomargs.py took 0.186 seconds
[2022-10-16 06:59:42,305] {processor.py:163} INFO - Started process (PID=2220) to work on /home/airflow/.local/lib/python3.7/site-packages/airflow/example_dags/example_xcomargs.py
[2022-10-16 06:59:42,305] {processor.py:642} INFO - Processing file /home/airflow/.local/lib/python3.7/site-packages/airflow/example_dags/example_xcomargs.py for tasks to queue
[2022-10-16 06:59:42,306] {logging_mixin.py:109} INFO - [2022-10-16 06:59:42,306] {dagbag.py:500} INFO - Filling up the DagBag from /home/airflow/.local/lib/python3.7/site-packages/airflow/example_dags/example_xcomargs.py
[2022-10-16 06:59:42,331] {processor.py:654} INFO - DAG(s) dict_keys(['example_xcom_args', 'example_xcom_args_with_operators']) retrieved from /home/airflow/.local/lib/python3.7/site-packages/airflow/example_dags/example_xcomargs.py
[2022-10-16 06:59:42,339] {logging_mixin.py:109} INFO - [2022-10-16 06:59:42,339] {dag.py:2398} INFO - Sync 2 DAGs
[2022-10-16 06:59:42,349] {logging_mixin.py:109} INFO - [2022-10-16 06:59:42,349] {dag.py:2937} INFO - Setting next_dagrun for example_xcom_args to None
[2022-10-16 06:59:42,349] {logging_mixin.py:109} INFO - [2022-10-16 06:59:42,349] {dag.py:2937} INFO - Setting next_dagrun for example_xcom_args_with_operators to None
[2022-10-16 06:59:42,358] {processor.py:171} INFO - Processing /home/airflow/.local/lib/python3.7/site-packages/airflow/example_dags/example_xcomargs.py took 0.055 seconds
[2022-10-16 07:00:12,703] {processor.py:163} INFO - Started process (PID=2285) to work on /home/airflow/.local/lib/python3.7/site-packages/airflow/example_dags/example_xcomargs.py
[2022-10-16 07:00:12,703] {processor.py:642} INFO - Processing file /home/airflow/.local/lib/python3.7/site-packages/airflow/example_dags/example_xcomargs.py for tasks to queue
[2022-10-16 07:00:12,704] {logging_mixin.py:109} INFO - [2022-10-16 07:00:12,704] {dagbag.py:500} INFO - Filling up the DagBag from /home/airflow/.local/lib/python3.7/site-packages/airflow/example_dags/example_xcomargs.py
[2022-10-16 07:00:12,728] {processor.py:654} INFO - DAG(s) dict_keys(['example_xcom_args', 'example_xcom_args_with_operators']) retrieved from /home/airflow/.local/lib/python3.7/site-packages/airflow/example_dags/example_xcomargs.py
[2022-10-16 07:00:12,867] {logging_mixin.py:109} INFO - [2022-10-16 07:00:12,867] {dag.py:2398} INFO - Sync 2 DAGs
[2022-10-16 07:00:12,877] {logging_mixin.py:109} INFO - [2022-10-16 07:00:12,877] {dag.py:2937} INFO - Setting next_dagrun for example_xcom_args to None
[2022-10-16 07:00:12,877] {logging_mixin.py:109} INFO - [2022-10-16 07:00:12,877] {dag.py:2937} INFO - Setting next_dagrun for example_xcom_args_with_operators to None
[2022-10-16 07:00:12,888] {processor.py:171} INFO - Processing /home/airflow/.local/lib/python3.7/site-packages/airflow/example_dags/example_xcomargs.py took 0.187 seconds
[2022-10-16 07:00:42,928] {processor.py:163} INFO - Started process (PID=2348) to work on /home/airflow/.local/lib/python3.7/site-packages/airflow/example_dags/example_xcomargs.py
[2022-10-16 07:00:42,929] {processor.py:642} INFO - Processing file /home/airflow/.local/lib/python3.7/site-packages/airflow/example_dags/example_xcomargs.py for tasks to queue
[2022-10-16 07:00:42,929] {logging_mixin.py:109} INFO - [2022-10-16 07:00:42,929] {dagbag.py:500} INFO - Filling up the DagBag from /home/airflow/.local/lib/python3.7/site-packages/airflow/example_dags/example_xcomargs.py
[2022-10-16 07:00:42,955] {processor.py:654} INFO - DAG(s) dict_keys(['example_xcom_args', 'example_xcom_args_with_operators']) retrieved from /home/airflow/.local/lib/python3.7/site-packages/airflow/example_dags/example_xcomargs.py
[2022-10-16 07:00:43,103] {logging_mixin.py:109} INFO - [2022-10-16 07:00:43,103] {dag.py:2398} INFO - Sync 2 DAGs
[2022-10-16 07:00:43,115] {logging_mixin.py:109} INFO - [2022-10-16 07:00:43,115] {dag.py:2937} INFO - Setting next_dagrun for example_xcom_args to None
[2022-10-16 07:00:43,115] {logging_mixin.py:109} INFO - [2022-10-16 07:00:43,115] {dag.py:2937} INFO - Setting next_dagrun for example_xcom_args_with_operators to None
[2022-10-16 07:00:43,125] {processor.py:171} INFO - Processing /home/airflow/.local/lib/python3.7/site-packages/airflow/example_dags/example_xcomargs.py took 0.199 seconds
[2022-10-16 07:01:13,237] {processor.py:163} INFO - Started process (PID=2419) to work on /home/airflow/.local/lib/python3.7/site-packages/airflow/example_dags/example_xcomargs.py
[2022-10-16 07:01:13,238] {processor.py:642} INFO - Processing file /home/airflow/.local/lib/python3.7/site-packages/airflow/example_dags/example_xcomargs.py for tasks to queue
[2022-10-16 07:01:13,238] {logging_mixin.py:109} INFO - [2022-10-16 07:01:13,238] {dagbag.py:500} INFO - Filling up the DagBag from /home/airflow/.local/lib/python3.7/site-packages/airflow/example_dags/example_xcomargs.py
[2022-10-16 07:01:13,265] {processor.py:654} INFO - DAG(s) dict_keys(['example_xcom_args', 'example_xcom_args_with_operators']) retrieved from /home/airflow/.local/lib/python3.7/site-packages/airflow/example_dags/example_xcomargs.py
[2022-10-16 07:01:13,410] {logging_mixin.py:109} INFO - [2022-10-16 07:01:13,410] {dag.py:2398} INFO - Sync 2 DAGs
[2022-10-16 07:01:13,422] {logging_mixin.py:109} INFO - [2022-10-16 07:01:13,421] {dag.py:2937} INFO - Setting next_dagrun for example_xcom_args to None
[2022-10-16 07:01:13,422] {logging_mixin.py:109} INFO - [2022-10-16 07:01:13,422] {dag.py:2937} INFO - Setting next_dagrun for example_xcom_args_with_operators to None
[2022-10-16 07:01:13,437] {processor.py:171} INFO - Processing /home/airflow/.local/lib/python3.7/site-packages/airflow/example_dags/example_xcomargs.py took 0.202 seconds
[2022-10-16 07:01:43,907] {processor.py:163} INFO - Started process (PID=2480) to work on /home/airflow/.local/lib/python3.7/site-packages/airflow/example_dags/example_xcomargs.py
[2022-10-16 07:01:43,908] {processor.py:642} INFO - Processing file /home/airflow/.local/lib/python3.7/site-packages/airflow/example_dags/example_xcomargs.py for tasks to queue
[2022-10-16 07:01:43,909] {logging_mixin.py:109} INFO - [2022-10-16 07:01:43,909] {dagbag.py:500} INFO - Filling up the DagBag from /home/airflow/.local/lib/python3.7/site-packages/airflow/example_dags/example_xcomargs.py
[2022-10-16 07:01:43,939] {processor.py:654} INFO - DAG(s) dict_keys(['example_xcom_args', 'example_xcom_args_with_operators']) retrieved from /home/airflow/.local/lib/python3.7/site-packages/airflow/example_dags/example_xcomargs.py
[2022-10-16 07:01:44,088] {logging_mixin.py:109} INFO - [2022-10-16 07:01:44,088] {dag.py:2398} INFO - Sync 2 DAGs
[2022-10-16 07:01:44,100] {logging_mixin.py:109} INFO - [2022-10-16 07:01:44,100] {dag.py:2937} INFO - Setting next_dagrun for example_xcom_args to None
[2022-10-16 07:01:44,100] {logging_mixin.py:109} INFO - [2022-10-16 07:01:44,100] {dag.py:2937} INFO - Setting next_dagrun for example_xcom_args_with_operators to None
[2022-10-16 07:01:44,115] {processor.py:171} INFO - Processing /home/airflow/.local/lib/python3.7/site-packages/airflow/example_dags/example_xcomargs.py took 0.210 seconds
[2022-10-16 07:02:14,268] {processor.py:163} INFO - Started process (PID=2553) to work on /home/airflow/.local/lib/python3.7/site-packages/airflow/example_dags/example_xcomargs.py
[2022-10-16 07:02:14,269] {processor.py:642} INFO - Processing file /home/airflow/.local/lib/python3.7/site-packages/airflow/example_dags/example_xcomargs.py for tasks to queue
[2022-10-16 07:02:14,269] {logging_mixin.py:109} INFO - [2022-10-16 07:02:14,269] {dagbag.py:500} INFO - Filling up the DagBag from /home/airflow/.local/lib/python3.7/site-packages/airflow/example_dags/example_xcomargs.py
[2022-10-16 07:02:14,294] {processor.py:654} INFO - DAG(s) dict_keys(['example_xcom_args', 'example_xcom_args_with_operators']) retrieved from /home/airflow/.local/lib/python3.7/site-packages/airflow/example_dags/example_xcomargs.py
[2022-10-16 07:02:14,442] {logging_mixin.py:109} INFO - [2022-10-16 07:02:14,442] {dag.py:2398} INFO - Sync 2 DAGs
[2022-10-16 07:02:14,453] {logging_mixin.py:109} INFO - [2022-10-16 07:02:14,453] {dag.py:2937} INFO - Setting next_dagrun for example_xcom_args to None
[2022-10-16 07:02:14,453] {logging_mixin.py:109} INFO - [2022-10-16 07:02:14,453] {dag.py:2937} INFO - Setting next_dagrun for example_xcom_args_with_operators to None
[2022-10-16 07:02:14,462] {processor.py:171} INFO - Processing /home/airflow/.local/lib/python3.7/site-packages/airflow/example_dags/example_xcomargs.py took 0.197 seconds
[2022-10-16 07:02:44,553] {processor.py:163} INFO - Started process (PID=2621) to work on /home/airflow/.local/lib/python3.7/site-packages/airflow/example_dags/example_xcomargs.py
[2022-10-16 07:02:44,554] {processor.py:642} INFO - Processing file /home/airflow/.local/lib/python3.7/site-packages/airflow/example_dags/example_xcomargs.py for tasks to queue
[2022-10-16 07:02:44,554] {logging_mixin.py:109} INFO - [2022-10-16 07:02:44,554] {dagbag.py:500} INFO - Filling up the DagBag from /home/airflow/.local/lib/python3.7/site-packages/airflow/example_dags/example_xcomargs.py
[2022-10-16 07:02:44,580] {processor.py:654} INFO - DAG(s) dict_keys(['example_xcom_args', 'example_xcom_args_with_operators']) retrieved from /home/airflow/.local/lib/python3.7/site-packages/airflow/example_dags/example_xcomargs.py
[2022-10-16 07:02:44,736] {logging_mixin.py:109} INFO - [2022-10-16 07:02:44,736] {dag.py:2398} INFO - Sync 2 DAGs
[2022-10-16 07:02:44,751] {logging_mixin.py:109} INFO - [2022-10-16 07:02:44,750] {dag.py:2937} INFO - Setting next_dagrun for example_xcom_args to None
[2022-10-16 07:02:44,751] {logging_mixin.py:109} INFO - [2022-10-16 07:02:44,751] {dag.py:2937} INFO - Setting next_dagrun for example_xcom_args_with_operators to None
[2022-10-16 07:02:44,771] {processor.py:171} INFO - Processing /home/airflow/.local/lib/python3.7/site-packages/airflow/example_dags/example_xcomargs.py took 0.220 seconds
[2022-10-16 07:03:15,076] {processor.py:163} INFO - Started process (PID=2690) to work on /home/airflow/.local/lib/python3.7/site-packages/airflow/example_dags/example_xcomargs.py
[2022-10-16 07:03:15,077] {processor.py:642} INFO - Processing file /home/airflow/.local/lib/python3.7/site-packages/airflow/example_dags/example_xcomargs.py for tasks to queue
[2022-10-16 07:03:15,077] {logging_mixin.py:109} INFO - [2022-10-16 07:03:15,077] {dagbag.py:500} INFO - Filling up the DagBag from /home/airflow/.local/lib/python3.7/site-packages/airflow/example_dags/example_xcomargs.py
[2022-10-16 07:03:15,104] {processor.py:654} INFO - DAG(s) dict_keys(['example_xcom_args', 'example_xcom_args_with_operators']) retrieved from /home/airflow/.local/lib/python3.7/site-packages/airflow/example_dags/example_xcomargs.py
[2022-10-16 07:03:15,253] {logging_mixin.py:109} INFO - [2022-10-16 07:03:15,253] {dag.py:2398} INFO - Sync 2 DAGs
[2022-10-16 07:03:15,263] {logging_mixin.py:109} INFO - [2022-10-16 07:03:15,262] {dag.py:2937} INFO - Setting next_dagrun for example_xcom_args to None
[2022-10-16 07:03:15,263] {logging_mixin.py:109} INFO - [2022-10-16 07:03:15,263] {dag.py:2937} INFO - Setting next_dagrun for example_xcom_args_with_operators to None
[2022-10-16 07:03:15,278] {processor.py:171} INFO - Processing /home/airflow/.local/lib/python3.7/site-packages/airflow/example_dags/example_xcomargs.py took 0.203 seconds
[2022-10-16 07:03:45,470] {processor.py:163} INFO - Started process (PID=2753) to work on /home/airflow/.local/lib/python3.7/site-packages/airflow/example_dags/example_xcomargs.py
[2022-10-16 07:03:45,471] {processor.py:642} INFO - Processing file /home/airflow/.local/lib/python3.7/site-packages/airflow/example_dags/example_xcomargs.py for tasks to queue
[2022-10-16 07:03:45,471] {logging_mixin.py:109} INFO - [2022-10-16 07:03:45,471] {dagbag.py:500} INFO - Filling up the DagBag from /home/airflow/.local/lib/python3.7/site-packages/airflow/example_dags/example_xcomargs.py
[2022-10-16 07:03:45,497] {processor.py:654} INFO - DAG(s) dict_keys(['example_xcom_args', 'example_xcom_args_with_operators']) retrieved from /home/airflow/.local/lib/python3.7/site-packages/airflow/example_dags/example_xcomargs.py
[2022-10-16 07:03:45,643] {logging_mixin.py:109} INFO - [2022-10-16 07:03:45,643] {dag.py:2398} INFO - Sync 2 DAGs
[2022-10-16 07:03:45,652] {logging_mixin.py:109} INFO - [2022-10-16 07:03:45,652] {dag.py:2937} INFO - Setting next_dagrun for example_xcom_args to None
[2022-10-16 07:03:45,652] {logging_mixin.py:109} INFO - [2022-10-16 07:03:45,652] {dag.py:2937} INFO - Setting next_dagrun for example_xcom_args_with_operators to None
[2022-10-16 07:03:45,666] {processor.py:171} INFO - Processing /home/airflow/.local/lib/python3.7/site-packages/airflow/example_dags/example_xcomargs.py took 0.199 seconds
[2022-10-16 07:04:15,760] {processor.py:163} INFO - Started process (PID=2824) to work on /home/airflow/.local/lib/python3.7/site-packages/airflow/example_dags/example_xcomargs.py
[2022-10-16 07:04:15,761] {processor.py:642} INFO - Processing file /home/airflow/.local/lib/python3.7/site-packages/airflow/example_dags/example_xcomargs.py for tasks to queue
[2022-10-16 07:04:15,761] {logging_mixin.py:109} INFO - [2022-10-16 07:04:15,761] {dagbag.py:500} INFO - Filling up the DagBag from /home/airflow/.local/lib/python3.7/site-packages/airflow/example_dags/example_xcomargs.py
[2022-10-16 07:04:15,788] {processor.py:654} INFO - DAG(s) dict_keys(['example_xcom_args', 'example_xcom_args_with_operators']) retrieved from /home/airflow/.local/lib/python3.7/site-packages/airflow/example_dags/example_xcomargs.py
[2022-10-16 07:04:15,801] {logging_mixin.py:109} INFO - [2022-10-16 07:04:15,801] {dag.py:2398} INFO - Sync 2 DAGs
[2022-10-16 07:04:15,814] {logging_mixin.py:109} INFO - [2022-10-16 07:04:15,814] {dag.py:2937} INFO - Setting next_dagrun for example_xcom_args to None
[2022-10-16 07:04:15,814] {logging_mixin.py:109} INFO - [2022-10-16 07:04:15,814] {dag.py:2937} INFO - Setting next_dagrun for example_xcom_args_with_operators to None
[2022-10-16 07:04:15,830] {processor.py:171} INFO - Processing /home/airflow/.local/lib/python3.7/site-packages/airflow/example_dags/example_xcomargs.py took 0.072 seconds
[2022-10-16 07:04:45,902] {processor.py:163} INFO - Started process (PID=2886) to work on /home/airflow/.local/lib/python3.7/site-packages/airflow/example_dags/example_xcomargs.py
[2022-10-16 07:04:45,903] {processor.py:642} INFO - Processing file /home/airflow/.local/lib/python3.7/site-packages/airflow/example_dags/example_xcomargs.py for tasks to queue
[2022-10-16 07:04:45,903] {logging_mixin.py:109} INFO - [2022-10-16 07:04:45,903] {dagbag.py:500} INFO - Filling up the DagBag from /home/airflow/.local/lib/python3.7/site-packages/airflow/example_dags/example_xcomargs.py
[2022-10-16 07:04:45,931] {processor.py:654} INFO - DAG(s) dict_keys(['example_xcom_args', 'example_xcom_args_with_operators']) retrieved from /home/airflow/.local/lib/python3.7/site-packages/airflow/example_dags/example_xcomargs.py
[2022-10-16 07:04:46,073] {logging_mixin.py:109} INFO - [2022-10-16 07:04:46,073] {dag.py:2398} INFO - Sync 2 DAGs
[2022-10-16 07:04:46,083] {logging_mixin.py:109} INFO - [2022-10-16 07:04:46,083] {dag.py:2937} INFO - Setting next_dagrun for example_xcom_args to None
[2022-10-16 07:04:46,083] {logging_mixin.py:109} INFO - [2022-10-16 07:04:46,083] {dag.py:2937} INFO - Setting next_dagrun for example_xcom_args_with_operators to None
[2022-10-16 07:04:46,092] {processor.py:171} INFO - Processing /home/airflow/.local/lib/python3.7/site-packages/airflow/example_dags/example_xcomargs.py took 0.192 seconds
[2022-10-16 07:05:16,541] {processor.py:163} INFO - Started process (PID=2962) to work on /home/airflow/.local/lib/python3.7/site-packages/airflow/example_dags/example_xcomargs.py
[2022-10-16 07:05:16,542] {processor.py:642} INFO - Processing file /home/airflow/.local/lib/python3.7/site-packages/airflow/example_dags/example_xcomargs.py for tasks to queue
[2022-10-16 07:05:16,542] {logging_mixin.py:109} INFO - [2022-10-16 07:05:16,542] {dagbag.py:500} INFO - Filling up the DagBag from /home/airflow/.local/lib/python3.7/site-packages/airflow/example_dags/example_xcomargs.py
[2022-10-16 07:05:16,567] {processor.py:654} INFO - DAG(s) dict_keys(['example_xcom_args', 'example_xcom_args_with_operators']) retrieved from /home/airflow/.local/lib/python3.7/site-packages/airflow/example_dags/example_xcomargs.py
[2022-10-16 07:05:16,716] {logging_mixin.py:109} INFO - [2022-10-16 07:05:16,716] {dag.py:2398} INFO - Sync 2 DAGs
[2022-10-16 07:05:16,727] {logging_mixin.py:109} INFO - [2022-10-16 07:05:16,727] {dag.py:2937} INFO - Setting next_dagrun for example_xcom_args to None
[2022-10-16 07:05:16,727] {logging_mixin.py:109} INFO - [2022-10-16 07:05:16,727] {dag.py:2937} INFO - Setting next_dagrun for example_xcom_args_with_operators to None
[2022-10-16 07:05:16,738] {processor.py:171} INFO - Processing /home/airflow/.local/lib/python3.7/site-packages/airflow/example_dags/example_xcomargs.py took 0.199 seconds
[2022-10-16 07:05:47,478] {processor.py:163} INFO - Started process (PID=3024) to work on /home/airflow/.local/lib/python3.7/site-packages/airflow/example_dags/example_xcomargs.py
[2022-10-16 07:05:47,479] {processor.py:642} INFO - Processing file /home/airflow/.local/lib/python3.7/site-packages/airflow/example_dags/example_xcomargs.py for tasks to queue
[2022-10-16 07:05:47,479] {logging_mixin.py:109} INFO - [2022-10-16 07:05:47,479] {dagbag.py:500} INFO - Filling up the DagBag from /home/airflow/.local/lib/python3.7/site-packages/airflow/example_dags/example_xcomargs.py
[2022-10-16 07:05:47,506] {processor.py:654} INFO - DAG(s) dict_keys(['example_xcom_args', 'example_xcom_args_with_operators']) retrieved from /home/airflow/.local/lib/python3.7/site-packages/airflow/example_dags/example_xcomargs.py
[2022-10-16 07:05:47,658] {logging_mixin.py:109} INFO - [2022-10-16 07:05:47,658] {dag.py:2398} INFO - Sync 2 DAGs
[2022-10-16 07:05:47,670] {logging_mixin.py:109} INFO - [2022-10-16 07:05:47,669] {dag.py:2937} INFO - Setting next_dagrun for example_xcom_args to None
[2022-10-16 07:05:47,670] {logging_mixin.py:109} INFO - [2022-10-16 07:05:47,670] {dag.py:2937} INFO - Setting next_dagrun for example_xcom_args_with_operators to None
[2022-10-16 07:05:47,679] {processor.py:171} INFO - Processing /home/airflow/.local/lib/python3.7/site-packages/airflow/example_dags/example_xcomargs.py took 0.203 seconds
[2022-10-16 07:06:17,836] {processor.py:163} INFO - Started process (PID=3095) to work on /home/airflow/.local/lib/python3.7/site-packages/airflow/example_dags/example_xcomargs.py
[2022-10-16 07:06:17,837] {processor.py:642} INFO - Processing file /home/airflow/.local/lib/python3.7/site-packages/airflow/example_dags/example_xcomargs.py for tasks to queue
[2022-10-16 07:06:17,837] {logging_mixin.py:109} INFO - [2022-10-16 07:06:17,837] {dagbag.py:500} INFO - Filling up the DagBag from /home/airflow/.local/lib/python3.7/site-packages/airflow/example_dags/example_xcomargs.py
[2022-10-16 07:06:17,863] {processor.py:654} INFO - DAG(s) dict_keys(['example_xcom_args', 'example_xcom_args_with_operators']) retrieved from /home/airflow/.local/lib/python3.7/site-packages/airflow/example_dags/example_xcomargs.py
[2022-10-16 07:06:18,014] {logging_mixin.py:109} INFO - [2022-10-16 07:06:18,014] {dag.py:2398} INFO - Sync 2 DAGs
[2022-10-16 07:06:18,025] {logging_mixin.py:109} INFO - [2022-10-16 07:06:18,025] {dag.py:2937} INFO - Setting next_dagrun for example_xcom_args to None
[2022-10-16 07:06:18,025] {logging_mixin.py:109} INFO - [2022-10-16 07:06:18,025] {dag.py:2937} INFO - Setting next_dagrun for example_xcom_args_with_operators to None
[2022-10-16 07:06:18,051] {processor.py:171} INFO - Processing /home/airflow/.local/lib/python3.7/site-packages/airflow/example_dags/example_xcomargs.py took 0.217 seconds
[2022-10-16 07:06:49,013] {processor.py:163} INFO - Started process (PID=3166) to work on /home/airflow/.local/lib/python3.7/site-packages/airflow/example_dags/example_xcomargs.py
[2022-10-16 07:06:49,014] {processor.py:642} INFO - Processing file /home/airflow/.local/lib/python3.7/site-packages/airflow/example_dags/example_xcomargs.py for tasks to queue
[2022-10-16 07:06:49,014] {logging_mixin.py:109} INFO - [2022-10-16 07:06:49,014] {dagbag.py:500} INFO - Filling up the DagBag from /home/airflow/.local/lib/python3.7/site-packages/airflow/example_dags/example_xcomargs.py
[2022-10-16 07:06:49,044] {processor.py:654} INFO - DAG(s) dict_keys(['example_xcom_args', 'example_xcom_args_with_operators']) retrieved from /home/airflow/.local/lib/python3.7/site-packages/airflow/example_dags/example_xcomargs.py
[2022-10-16 07:06:49,213] {logging_mixin.py:109} INFO - [2022-10-16 07:06:49,213] {dag.py:2398} INFO - Sync 2 DAGs
[2022-10-16 07:06:49,226] {logging_mixin.py:109} INFO - [2022-10-16 07:06:49,226] {dag.py:2937} INFO - Setting next_dagrun for example_xcom_args to None
[2022-10-16 07:06:49,226] {logging_mixin.py:109} INFO - [2022-10-16 07:06:49,226] {dag.py:2937} INFO - Setting next_dagrun for example_xcom_args_with_operators to None
[2022-10-16 07:06:49,245] {processor.py:171} INFO - Processing /home/airflow/.local/lib/python3.7/site-packages/airflow/example_dags/example_xcomargs.py took 0.234 seconds
[2022-10-16 07:07:20,161] {processor.py:163} INFO - Started process (PID=3228) to work on /home/airflow/.local/lib/python3.7/site-packages/airflow/example_dags/example_xcomargs.py
[2022-10-16 07:07:20,161] {processor.py:642} INFO - Processing file /home/airflow/.local/lib/python3.7/site-packages/airflow/example_dags/example_xcomargs.py for tasks to queue
[2022-10-16 07:07:20,162] {logging_mixin.py:109} INFO - [2022-10-16 07:07:20,162] {dagbag.py:500} INFO - Filling up the DagBag from /home/airflow/.local/lib/python3.7/site-packages/airflow/example_dags/example_xcomargs.py
[2022-10-16 07:07:20,187] {processor.py:654} INFO - DAG(s) dict_keys(['example_xcom_args', 'example_xcom_args_with_operators']) retrieved from /home/airflow/.local/lib/python3.7/site-packages/airflow/example_dags/example_xcomargs.py
[2022-10-16 07:07:20,354] {logging_mixin.py:109} INFO - [2022-10-16 07:07:20,354] {dag.py:2398} INFO - Sync 2 DAGs
[2022-10-16 07:07:20,367] {logging_mixin.py:109} INFO - [2022-10-16 07:07:20,367] {dag.py:2937} INFO - Setting next_dagrun for example_xcom_args to None
[2022-10-16 07:07:20,368] {logging_mixin.py:109} INFO - [2022-10-16 07:07:20,368] {dag.py:2937} INFO - Setting next_dagrun for example_xcom_args_with_operators to None
[2022-10-16 07:07:20,383] {processor.py:171} INFO - Processing /home/airflow/.local/lib/python3.7/site-packages/airflow/example_dags/example_xcomargs.py took 0.225 seconds
[2022-10-16 07:07:51,509] {processor.py:163} INFO - Started process (PID=3299) to work on /home/airflow/.local/lib/python3.7/site-packages/airflow/example_dags/example_xcomargs.py
[2022-10-16 07:07:51,510] {processor.py:642} INFO - Processing file /home/airflow/.local/lib/python3.7/site-packages/airflow/example_dags/example_xcomargs.py for tasks to queue
[2022-10-16 07:07:51,510] {logging_mixin.py:109} INFO - [2022-10-16 07:07:51,510] {dagbag.py:500} INFO - Filling up the DagBag from /home/airflow/.local/lib/python3.7/site-packages/airflow/example_dags/example_xcomargs.py
[2022-10-16 07:07:51,537] {processor.py:654} INFO - DAG(s) dict_keys(['example_xcom_args', 'example_xcom_args_with_operators']) retrieved from /home/airflow/.local/lib/python3.7/site-packages/airflow/example_dags/example_xcomargs.py
[2022-10-16 07:07:51,744] {logging_mixin.py:109} INFO - [2022-10-16 07:07:51,744] {dag.py:2398} INFO - Sync 2 DAGs
[2022-10-16 07:07:51,756] {logging_mixin.py:109} INFO - [2022-10-16 07:07:51,756] {dag.py:2937} INFO - Setting next_dagrun for example_xcom_args to None
[2022-10-16 07:07:51,756] {logging_mixin.py:109} INFO - [2022-10-16 07:07:51,756] {dag.py:2937} INFO - Setting next_dagrun for example_xcom_args_with_operators to None
[2022-10-16 07:07:51,773] {processor.py:171} INFO - Processing /home/airflow/.local/lib/python3.7/site-packages/airflow/example_dags/example_xcomargs.py took 0.266 seconds
[2022-10-16 07:08:22,643] {processor.py:163} INFO - Started process (PID=3363) to work on /home/airflow/.local/lib/python3.7/site-packages/airflow/example_dags/example_xcomargs.py
[2022-10-16 07:08:22,644] {processor.py:642} INFO - Processing file /home/airflow/.local/lib/python3.7/site-packages/airflow/example_dags/example_xcomargs.py for tasks to queue
[2022-10-16 07:08:22,645] {logging_mixin.py:109} INFO - [2022-10-16 07:08:22,644] {dagbag.py:500} INFO - Filling up the DagBag from /home/airflow/.local/lib/python3.7/site-packages/airflow/example_dags/example_xcomargs.py
[2022-10-16 07:08:22,674] {processor.py:654} INFO - DAG(s) dict_keys(['example_xcom_args', 'example_xcom_args_with_operators']) retrieved from /home/airflow/.local/lib/python3.7/site-packages/airflow/example_dags/example_xcomargs.py
[2022-10-16 07:08:22,827] {logging_mixin.py:109} INFO - [2022-10-16 07:08:22,827] {dag.py:2398} INFO - Sync 2 DAGs
[2022-10-16 07:08:22,837] {logging_mixin.py:109} INFO - [2022-10-16 07:08:22,836] {dag.py:2937} INFO - Setting next_dagrun for example_xcom_args to None
[2022-10-16 07:08:22,837] {logging_mixin.py:109} INFO - [2022-10-16 07:08:22,837] {dag.py:2937} INFO - Setting next_dagrun for example_xcom_args_with_operators to None
[2022-10-16 07:08:22,846] {processor.py:171} INFO - Processing /home/airflow/.local/lib/python3.7/site-packages/airflow/example_dags/example_xcomargs.py took 0.204 seconds
[2022-10-16 07:08:53,800] {processor.py:163} INFO - Started process (PID=3436) to work on /home/airflow/.local/lib/python3.7/site-packages/airflow/example_dags/example_xcomargs.py
[2022-10-16 07:08:53,801] {processor.py:642} INFO - Processing file /home/airflow/.local/lib/python3.7/site-packages/airflow/example_dags/example_xcomargs.py for tasks to queue
[2022-10-16 07:08:53,801] {logging_mixin.py:109} INFO - [2022-10-16 07:08:53,801] {dagbag.py:500} INFO - Filling up the DagBag from /home/airflow/.local/lib/python3.7/site-packages/airflow/example_dags/example_xcomargs.py
[2022-10-16 07:08:53,826] {processor.py:654} INFO - DAG(s) dict_keys(['example_xcom_args', 'example_xcom_args_with_operators']) retrieved from /home/airflow/.local/lib/python3.7/site-packages/airflow/example_dags/example_xcomargs.py
[2022-10-16 07:08:53,964] {logging_mixin.py:109} INFO - [2022-10-16 07:08:53,964] {dag.py:2398} INFO - Sync 2 DAGs
[2022-10-16 07:08:53,973] {logging_mixin.py:109} INFO - [2022-10-16 07:08:53,973] {dag.py:2937} INFO - Setting next_dagrun for example_xcom_args to None
[2022-10-16 07:08:53,973] {logging_mixin.py:109} INFO - [2022-10-16 07:08:53,973] {dag.py:2937} INFO - Setting next_dagrun for example_xcom_args_with_operators to None
[2022-10-16 07:08:53,982] {processor.py:171} INFO - Processing /home/airflow/.local/lib/python3.7/site-packages/airflow/example_dags/example_xcomargs.py took 0.184 seconds
[2022-10-16 07:09:24,844] {processor.py:163} INFO - Started process (PID=3499) to work on /home/airflow/.local/lib/python3.7/site-packages/airflow/example_dags/example_xcomargs.py
[2022-10-16 07:09:24,845] {processor.py:642} INFO - Processing file /home/airflow/.local/lib/python3.7/site-packages/airflow/example_dags/example_xcomargs.py for tasks to queue
[2022-10-16 07:09:24,846] {logging_mixin.py:109} INFO - [2022-10-16 07:09:24,846] {dagbag.py:500} INFO - Filling up the DagBag from /home/airflow/.local/lib/python3.7/site-packages/airflow/example_dags/example_xcomargs.py
[2022-10-16 07:09:24,870] {processor.py:654} INFO - DAG(s) dict_keys(['example_xcom_args', 'example_xcom_args_with_operators']) retrieved from /home/airflow/.local/lib/python3.7/site-packages/airflow/example_dags/example_xcomargs.py
[2022-10-16 07:09:25,018] {logging_mixin.py:109} INFO - [2022-10-16 07:09:25,017] {dag.py:2398} INFO - Sync 2 DAGs
[2022-10-16 07:09:25,028] {logging_mixin.py:109} INFO - [2022-10-16 07:09:25,028] {dag.py:2937} INFO - Setting next_dagrun for example_xcom_args to None
[2022-10-16 07:09:25,028] {logging_mixin.py:109} INFO - [2022-10-16 07:09:25,028] {dag.py:2937} INFO - Setting next_dagrun for example_xcom_args_with_operators to None
[2022-10-16 07:09:25,036] {processor.py:171} INFO - Processing /home/airflow/.local/lib/python3.7/site-packages/airflow/example_dags/example_xcomargs.py took 0.194 seconds
[2022-10-16 07:09:55,792] {processor.py:163} INFO - Started process (PID=3572) to work on /home/airflow/.local/lib/python3.7/site-packages/airflow/example_dags/example_xcomargs.py
[2022-10-16 07:09:55,793] {processor.py:642} INFO - Processing file /home/airflow/.local/lib/python3.7/site-packages/airflow/example_dags/example_xcomargs.py for tasks to queue
[2022-10-16 07:09:55,793] {logging_mixin.py:109} INFO - [2022-10-16 07:09:55,793] {dagbag.py:500} INFO - Filling up the DagBag from /home/airflow/.local/lib/python3.7/site-packages/airflow/example_dags/example_xcomargs.py
[2022-10-16 07:09:55,817] {processor.py:654} INFO - DAG(s) dict_keys(['example_xcom_args', 'example_xcom_args_with_operators']) retrieved from /home/airflow/.local/lib/python3.7/site-packages/airflow/example_dags/example_xcomargs.py
[2022-10-16 07:09:55,960] {logging_mixin.py:109} INFO - [2022-10-16 07:09:55,959] {dag.py:2398} INFO - Sync 2 DAGs
[2022-10-16 07:09:55,970] {logging_mixin.py:109} INFO - [2022-10-16 07:09:55,969] {dag.py:2937} INFO - Setting next_dagrun for example_xcom_args to None
[2022-10-16 07:09:55,970] {logging_mixin.py:109} INFO - [2022-10-16 07:09:55,970] {dag.py:2937} INFO - Setting next_dagrun for example_xcom_args_with_operators to None
[2022-10-16 07:09:55,979] {processor.py:171} INFO - Processing /home/airflow/.local/lib/python3.7/site-packages/airflow/example_dags/example_xcomargs.py took 0.189 seconds
[2022-10-16 07:10:26,996] {processor.py:163} INFO - Started process (PID=3635) to work on /home/airflow/.local/lib/python3.7/site-packages/airflow/example_dags/example_xcomargs.py
[2022-10-16 07:10:26,997] {processor.py:642} INFO - Processing file /home/airflow/.local/lib/python3.7/site-packages/airflow/example_dags/example_xcomargs.py for tasks to queue
[2022-10-16 07:10:26,997] {logging_mixin.py:109} INFO - [2022-10-16 07:10:26,997] {dagbag.py:500} INFO - Filling up the DagBag from /home/airflow/.local/lib/python3.7/site-packages/airflow/example_dags/example_xcomargs.py
[2022-10-16 07:10:27,024] {processor.py:654} INFO - DAG(s) dict_keys(['example_xcom_args', 'example_xcom_args_with_operators']) retrieved from /home/airflow/.local/lib/python3.7/site-packages/airflow/example_dags/example_xcomargs.py
[2022-10-16 07:10:27,167] {logging_mixin.py:109} INFO - [2022-10-16 07:10:27,167] {dag.py:2398} INFO - Sync 2 DAGs
[2022-10-16 07:10:27,177] {logging_mixin.py:109} INFO - [2022-10-16 07:10:27,177] {dag.py:2937} INFO - Setting next_dagrun for example_xcom_args to None
[2022-10-16 07:10:27,177] {logging_mixin.py:109} INFO - [2022-10-16 07:10:27,177] {dag.py:2937} INFO - Setting next_dagrun for example_xcom_args_with_operators to None
[2022-10-16 07:10:27,186] {processor.py:171} INFO - Processing /home/airflow/.local/lib/python3.7/site-packages/airflow/example_dags/example_xcomargs.py took 0.192 seconds
[2022-10-16 07:10:57,485] {processor.py:163} INFO - Started process (PID=3710) to work on /home/airflow/.local/lib/python3.7/site-packages/airflow/example_dags/example_xcomargs.py
[2022-10-16 07:10:57,486] {processor.py:642} INFO - Processing file /home/airflow/.local/lib/python3.7/site-packages/airflow/example_dags/example_xcomargs.py for tasks to queue
[2022-10-16 07:10:57,486] {logging_mixin.py:109} INFO - [2022-10-16 07:10:57,486] {dagbag.py:500} INFO - Filling up the DagBag from /home/airflow/.local/lib/python3.7/site-packages/airflow/example_dags/example_xcomargs.py
[2022-10-16 07:10:57,512] {processor.py:654} INFO - DAG(s) dict_keys(['example_xcom_args', 'example_xcom_args_with_operators']) retrieved from /home/airflow/.local/lib/python3.7/site-packages/airflow/example_dags/example_xcomargs.py
[2022-10-16 07:10:57,657] {logging_mixin.py:109} INFO - [2022-10-16 07:10:57,657] {dag.py:2398} INFO - Sync 2 DAGs
[2022-10-16 07:10:57,667] {logging_mixin.py:109} INFO - [2022-10-16 07:10:57,667] {dag.py:2937} INFO - Setting next_dagrun for example_xcom_args to None
[2022-10-16 07:10:57,667] {logging_mixin.py:109} INFO - [2022-10-16 07:10:57,667] {dag.py:2937} INFO - Setting next_dagrun for example_xcom_args_with_operators to None
[2022-10-16 07:10:57,686] {processor.py:171} INFO - Processing /home/airflow/.local/lib/python3.7/site-packages/airflow/example_dags/example_xcomargs.py took 0.203 seconds
[2022-10-16 07:11:28,783] {processor.py:163} INFO - Started process (PID=3777) to work on /home/airflow/.local/lib/python3.7/site-packages/airflow/example_dags/example_xcomargs.py
[2022-10-16 07:11:28,784] {processor.py:642} INFO - Processing file /home/airflow/.local/lib/python3.7/site-packages/airflow/example_dags/example_xcomargs.py for tasks to queue
[2022-10-16 07:11:28,784] {logging_mixin.py:109} INFO - [2022-10-16 07:11:28,784] {dagbag.py:500} INFO - Filling up the DagBag from /home/airflow/.local/lib/python3.7/site-packages/airflow/example_dags/example_xcomargs.py
[2022-10-16 07:11:28,814] {processor.py:654} INFO - DAG(s) dict_keys(['example_xcom_args', 'example_xcom_args_with_operators']) retrieved from /home/airflow/.local/lib/python3.7/site-packages/airflow/example_dags/example_xcomargs.py
[2022-10-16 07:11:29,010] {logging_mixin.py:109} INFO - [2022-10-16 07:11:29,009] {dag.py:2398} INFO - Sync 2 DAGs
[2022-10-16 07:11:29,022] {logging_mixin.py:109} INFO - [2022-10-16 07:11:29,022] {dag.py:2937} INFO - Setting next_dagrun for example_xcom_args to None
[2022-10-16 07:11:29,023] {logging_mixin.py:109} INFO - [2022-10-16 07:11:29,023] {dag.py:2937} INFO - Setting next_dagrun for example_xcom_args_with_operators to None
[2022-10-16 07:11:29,039] {processor.py:171} INFO - Processing /home/airflow/.local/lib/python3.7/site-packages/airflow/example_dags/example_xcomargs.py took 0.258 seconds
[2022-10-16 07:11:59,850] {processor.py:163} INFO - Started process (PID=3849) to work on /home/airflow/.local/lib/python3.7/site-packages/airflow/example_dags/example_xcomargs.py
[2022-10-16 07:11:59,850] {processor.py:642} INFO - Processing file /home/airflow/.local/lib/python3.7/site-packages/airflow/example_dags/example_xcomargs.py for tasks to queue
[2022-10-16 07:11:59,851] {logging_mixin.py:109} INFO - [2022-10-16 07:11:59,851] {dagbag.py:500} INFO - Filling up the DagBag from /home/airflow/.local/lib/python3.7/site-packages/airflow/example_dags/example_xcomargs.py
[2022-10-16 07:11:59,877] {processor.py:654} INFO - DAG(s) dict_keys(['example_xcom_args', 'example_xcom_args_with_operators']) retrieved from /home/airflow/.local/lib/python3.7/site-packages/airflow/example_dags/example_xcomargs.py
[2022-10-16 07:12:00,025] {logging_mixin.py:109} INFO - [2022-10-16 07:12:00,025] {dag.py:2398} INFO - Sync 2 DAGs
[2022-10-16 07:12:00,036] {logging_mixin.py:109} INFO - [2022-10-16 07:12:00,036] {dag.py:2937} INFO - Setting next_dagrun for example_xcom_args to None
[2022-10-16 07:12:00,036] {logging_mixin.py:109} INFO - [2022-10-16 07:12:00,036] {dag.py:2937} INFO - Setting next_dagrun for example_xcom_args_with_operators to None
[2022-10-16 07:12:00,047] {processor.py:171} INFO - Processing /home/airflow/.local/lib/python3.7/site-packages/airflow/example_dags/example_xcomargs.py took 0.199 seconds
[2022-10-16 07:12:31,150] {processor.py:163} INFO - Started process (PID=3920) to work on /home/airflow/.local/lib/python3.7/site-packages/airflow/example_dags/example_xcomargs.py
[2022-10-16 07:12:31,151] {processor.py:642} INFO - Processing file /home/airflow/.local/lib/python3.7/site-packages/airflow/example_dags/example_xcomargs.py for tasks to queue
[2022-10-16 07:12:31,152] {logging_mixin.py:109} INFO - [2022-10-16 07:12:31,151] {dagbag.py:500} INFO - Filling up the DagBag from /home/airflow/.local/lib/python3.7/site-packages/airflow/example_dags/example_xcomargs.py
[2022-10-16 07:12:31,180] {processor.py:654} INFO - DAG(s) dict_keys(['example_xcom_args', 'example_xcom_args_with_operators']) retrieved from /home/airflow/.local/lib/python3.7/site-packages/airflow/example_dags/example_xcomargs.py
[2022-10-16 07:12:31,333] {logging_mixin.py:109} INFO - [2022-10-16 07:12:31,332] {dag.py:2398} INFO - Sync 2 DAGs
[2022-10-16 07:12:31,343] {logging_mixin.py:109} INFO - [2022-10-16 07:12:31,343] {dag.py:2937} INFO - Setting next_dagrun for example_xcom_args to None
[2022-10-16 07:12:31,343] {logging_mixin.py:109} INFO - [2022-10-16 07:12:31,343] {dag.py:2937} INFO - Setting next_dagrun for example_xcom_args_with_operators to None
[2022-10-16 07:12:31,357] {processor.py:171} INFO - Processing /home/airflow/.local/lib/python3.7/site-packages/airflow/example_dags/example_xcomargs.py took 0.210 seconds
[2022-10-16 07:13:02,196] {processor.py:163} INFO - Started process (PID=3982) to work on /home/airflow/.local/lib/python3.7/site-packages/airflow/example_dags/example_xcomargs.py
[2022-10-16 07:13:02,197] {processor.py:642} INFO - Processing file /home/airflow/.local/lib/python3.7/site-packages/airflow/example_dags/example_xcomargs.py for tasks to queue
[2022-10-16 07:13:02,197] {logging_mixin.py:109} INFO - [2022-10-16 07:13:02,197] {dagbag.py:500} INFO - Filling up the DagBag from /home/airflow/.local/lib/python3.7/site-packages/airflow/example_dags/example_xcomargs.py
[2022-10-16 07:13:02,224] {processor.py:654} INFO - DAG(s) dict_keys(['example_xcom_args', 'example_xcom_args_with_operators']) retrieved from /home/airflow/.local/lib/python3.7/site-packages/airflow/example_dags/example_xcomargs.py
[2022-10-16 07:13:02,383] {logging_mixin.py:109} INFO - [2022-10-16 07:13:02,383] {dag.py:2398} INFO - Sync 2 DAGs
[2022-10-16 07:13:02,393] {logging_mixin.py:109} INFO - [2022-10-16 07:13:02,393] {dag.py:2937} INFO - Setting next_dagrun for example_xcom_args to None
[2022-10-16 07:13:02,394] {logging_mixin.py:109} INFO - [2022-10-16 07:13:02,393] {dag.py:2937} INFO - Setting next_dagrun for example_xcom_args_with_operators to None
[2022-10-16 07:13:02,413] {processor.py:171} INFO - Processing /home/airflow/.local/lib/python3.7/site-packages/airflow/example_dags/example_xcomargs.py took 0.220 seconds
[2022-10-16 07:13:33,651] {processor.py:163} INFO - Started process (PID=4054) to work on /home/airflow/.local/lib/python3.7/site-packages/airflow/example_dags/example_xcomargs.py
[2022-10-16 07:13:33,653] {processor.py:642} INFO - Processing file /home/airflow/.local/lib/python3.7/site-packages/airflow/example_dags/example_xcomargs.py for tasks to queue
[2022-10-16 07:13:33,653] {logging_mixin.py:109} INFO - [2022-10-16 07:13:33,653] {dagbag.py:500} INFO - Filling up the DagBag from /home/airflow/.local/lib/python3.7/site-packages/airflow/example_dags/example_xcomargs.py
[2022-10-16 07:13:33,685] {processor.py:654} INFO - DAG(s) dict_keys(['example_xcom_args', 'example_xcom_args_with_operators']) retrieved from /home/airflow/.local/lib/python3.7/site-packages/airflow/example_dags/example_xcomargs.py
[2022-10-16 07:13:33,870] {logging_mixin.py:109} INFO - [2022-10-16 07:13:33,870] {dag.py:2398} INFO - Sync 2 DAGs
[2022-10-16 07:13:33,889] {logging_mixin.py:109} INFO - [2022-10-16 07:13:33,889] {dag.py:2937} INFO - Setting next_dagrun for example_xcom_args to None
[2022-10-16 07:13:33,889] {logging_mixin.py:109} INFO - [2022-10-16 07:13:33,889] {dag.py:2937} INFO - Setting next_dagrun for example_xcom_args_with_operators to None
[2022-10-16 07:13:33,907] {processor.py:171} INFO - Processing /home/airflow/.local/lib/python3.7/site-packages/airflow/example_dags/example_xcomargs.py took 0.258 seconds
[2022-10-16 07:14:04,728] {processor.py:163} INFO - Started process (PID=4116) to work on /home/airflow/.local/lib/python3.7/site-packages/airflow/example_dags/example_xcomargs.py
[2022-10-16 07:14:04,729] {processor.py:642} INFO - Processing file /home/airflow/.local/lib/python3.7/site-packages/airflow/example_dags/example_xcomargs.py for tasks to queue
[2022-10-16 07:14:04,729] {logging_mixin.py:109} INFO - [2022-10-16 07:14:04,729] {dagbag.py:500} INFO - Filling up the DagBag from /home/airflow/.local/lib/python3.7/site-packages/airflow/example_dags/example_xcomargs.py
[2022-10-16 07:14:04,757] {processor.py:654} INFO - DAG(s) dict_keys(['example_xcom_args', 'example_xcom_args_with_operators']) retrieved from /home/airflow/.local/lib/python3.7/site-packages/airflow/example_dags/example_xcomargs.py
[2022-10-16 07:14:04,904] {logging_mixin.py:109} INFO - [2022-10-16 07:14:04,903] {dag.py:2398} INFO - Sync 2 DAGs
[2022-10-16 07:14:04,913] {logging_mixin.py:109} INFO - [2022-10-16 07:14:04,913] {dag.py:2937} INFO - Setting next_dagrun for example_xcom_args to None
[2022-10-16 07:14:04,914] {logging_mixin.py:109} INFO - [2022-10-16 07:14:04,914] {dag.py:2937} INFO - Setting next_dagrun for example_xcom_args_with_operators to None
[2022-10-16 07:14:04,929] {processor.py:171} INFO - Processing /home/airflow/.local/lib/python3.7/site-packages/airflow/example_dags/example_xcomargs.py took 0.203 seconds
[2022-10-16 07:14:34,978] {processor.py:163} INFO - Started process (PID=4179) to work on /home/airflow/.local/lib/python3.7/site-packages/airflow/example_dags/example_xcomargs.py
[2022-10-16 07:14:34,979] {processor.py:642} INFO - Processing file /home/airflow/.local/lib/python3.7/site-packages/airflow/example_dags/example_xcomargs.py for tasks to queue
[2022-10-16 07:14:34,979] {logging_mixin.py:109} INFO - [2022-10-16 07:14:34,979] {dagbag.py:500} INFO - Filling up the DagBag from /home/airflow/.local/lib/python3.7/site-packages/airflow/example_dags/example_xcomargs.py
[2022-10-16 07:14:35,005] {processor.py:654} INFO - DAG(s) dict_keys(['example_xcom_args', 'example_xcom_args_with_operators']) retrieved from /home/airflow/.local/lib/python3.7/site-packages/airflow/example_dags/example_xcomargs.py
[2022-10-16 07:14:35,149] {logging_mixin.py:109} INFO - [2022-10-16 07:14:35,149] {dag.py:2398} INFO - Sync 2 DAGs
[2022-10-16 07:14:35,162] {logging_mixin.py:109} INFO - [2022-10-16 07:14:35,162] {dag.py:2937} INFO - Setting next_dagrun for example_xcom_args to None
[2022-10-16 07:14:35,163] {logging_mixin.py:109} INFO - [2022-10-16 07:14:35,163] {dag.py:2937} INFO - Setting next_dagrun for example_xcom_args_with_operators to None
[2022-10-16 07:14:35,178] {processor.py:171} INFO - Processing /home/airflow/.local/lib/python3.7/site-packages/airflow/example_dags/example_xcomargs.py took 0.202 seconds
[2022-10-16 07:15:05,240] {processor.py:163} INFO - Started process (PID=4242) to work on /home/airflow/.local/lib/python3.7/site-packages/airflow/example_dags/example_xcomargs.py
[2022-10-16 07:15:05,240] {processor.py:642} INFO - Processing file /home/airflow/.local/lib/python3.7/site-packages/airflow/example_dags/example_xcomargs.py for tasks to queue
[2022-10-16 07:15:05,241] {logging_mixin.py:109} INFO - [2022-10-16 07:15:05,241] {dagbag.py:500} INFO - Filling up the DagBag from /home/airflow/.local/lib/python3.7/site-packages/airflow/example_dags/example_xcomargs.py
[2022-10-16 07:15:05,266] {processor.py:654} INFO - DAG(s) dict_keys(['example_xcom_args', 'example_xcom_args_with_operators']) retrieved from /home/airflow/.local/lib/python3.7/site-packages/airflow/example_dags/example_xcomargs.py
[2022-10-16 07:15:05,409] {logging_mixin.py:109} INFO - [2022-10-16 07:15:05,409] {dag.py:2398} INFO - Sync 2 DAGs
[2022-10-16 07:15:05,420] {logging_mixin.py:109} INFO - [2022-10-16 07:15:05,419] {dag.py:2937} INFO - Setting next_dagrun for example_xcom_args to None
[2022-10-16 07:15:05,420] {logging_mixin.py:109} INFO - [2022-10-16 07:15:05,420] {dag.py:2937} INFO - Setting next_dagrun for example_xcom_args_with_operators to None
[2022-10-16 07:15:05,435] {processor.py:171} INFO - Processing /home/airflow/.local/lib/python3.7/site-packages/airflow/example_dags/example_xcomargs.py took 0.197 seconds
