[2022-10-16 06:43:21,374] {processor.py:163} INFO - Started process (PID=54) to work on /home/airflow/.local/lib/python3.7/site-packages/airflow/example_dags/example_task_group_decorator.py
[2022-10-16 06:43:21,375] {processor.py:642} INFO - Processing file /home/airflow/.local/lib/python3.7/site-packages/airflow/example_dags/example_task_group_decorator.py for tasks to queue
[2022-10-16 06:43:21,376] {logging_mixin.py:109} INFO - [2022-10-16 06:43:21,375] {dagbag.py:500} INFO - Filling up the DagBag from /home/airflow/.local/lib/python3.7/site-packages/airflow/example_dags/example_task_group_decorator.py
[2022-10-16 06:43:21,424] {processor.py:654} INFO - DAG(s) dict_keys(['example_task_group_decorator']) retrieved from /home/airflow/.local/lib/python3.7/site-packages/airflow/example_dags/example_task_group_decorator.py
[2022-10-16 06:43:21,671] {logging_mixin.py:109} INFO - [2022-10-16 06:43:21,671] {dag.py:2398} INFO - Sync 1 DAGs
[2022-10-16 06:43:21,695] {logging_mixin.py:109} INFO - [2022-10-16 06:43:21,695] {dag.py:2937} INFO - Setting next_dagrun for example_task_group_decorator to 2022-10-15T06:43:21.695216+00:00
[2022-10-16 06:43:21,727] {processor.py:171} INFO - Processing /home/airflow/.local/lib/python3.7/site-packages/airflow/example_dags/example_task_group_decorator.py took 0.357 seconds
[2022-10-16 06:43:52,398] {processor.py:163} INFO - Started process (PID=109) to work on /home/airflow/.local/lib/python3.7/site-packages/airflow/example_dags/example_task_group_decorator.py
[2022-10-16 06:43:52,399] {processor.py:642} INFO - Processing file /home/airflow/.local/lib/python3.7/site-packages/airflow/example_dags/example_task_group_decorator.py for tasks to queue
[2022-10-16 06:43:52,399] {logging_mixin.py:109} INFO - [2022-10-16 06:43:52,399] {dagbag.py:500} INFO - Filling up the DagBag from /home/airflow/.local/lib/python3.7/site-packages/airflow/example_dags/example_task_group_decorator.py
[2022-10-16 06:43:52,430] {processor.py:654} INFO - DAG(s) dict_keys(['example_task_group_decorator']) retrieved from /home/airflow/.local/lib/python3.7/site-packages/airflow/example_dags/example_task_group_decorator.py
[2022-10-16 06:43:52,597] {logging_mixin.py:109} INFO - [2022-10-16 06:43:52,597] {dag.py:2398} INFO - Sync 1 DAGs
[2022-10-16 06:43:52,607] {logging_mixin.py:109} INFO - [2022-10-16 06:43:52,607] {dag.py:2937} INFO - Setting next_dagrun for example_task_group_decorator to 2022-10-15T06:43:52.607031+00:00
[2022-10-16 06:43:52,622] {processor.py:171} INFO - Processing /home/airflow/.local/lib/python3.7/site-packages/airflow/example_dags/example_task_group_decorator.py took 0.226 seconds
[2022-10-16 06:44:23,053] {processor.py:163} INFO - Started process (PID=180) to work on /home/airflow/.local/lib/python3.7/site-packages/airflow/example_dags/example_task_group_decorator.py
[2022-10-16 06:44:23,054] {processor.py:642} INFO - Processing file /home/airflow/.local/lib/python3.7/site-packages/airflow/example_dags/example_task_group_decorator.py for tasks to queue
[2022-10-16 06:44:23,055] {logging_mixin.py:109} INFO - [2022-10-16 06:44:23,054] {dagbag.py:500} INFO - Filling up the DagBag from /home/airflow/.local/lib/python3.7/site-packages/airflow/example_dags/example_task_group_decorator.py
[2022-10-16 06:44:23,086] {processor.py:654} INFO - DAG(s) dict_keys(['example_task_group_decorator']) retrieved from /home/airflow/.local/lib/python3.7/site-packages/airflow/example_dags/example_task_group_decorator.py
[2022-10-16 06:44:23,235] {logging_mixin.py:109} INFO - [2022-10-16 06:44:23,235] {dag.py:2398} INFO - Sync 1 DAGs
[2022-10-16 06:44:23,245] {logging_mixin.py:109} INFO - [2022-10-16 06:44:23,245] {dag.py:2937} INFO - Setting next_dagrun for example_task_group_decorator to 2022-10-15T06:44:23.245116+00:00
[2022-10-16 06:44:23,259] {processor.py:171} INFO - Processing /home/airflow/.local/lib/python3.7/site-packages/airflow/example_dags/example_task_group_decorator.py took 0.208 seconds
[2022-10-16 06:44:53,282] {processor.py:163} INFO - Started process (PID=244) to work on /home/airflow/.local/lib/python3.7/site-packages/airflow/example_dags/example_task_group_decorator.py
[2022-10-16 06:44:53,283] {processor.py:642} INFO - Processing file /home/airflow/.local/lib/python3.7/site-packages/airflow/example_dags/example_task_group_decorator.py for tasks to queue
[2022-10-16 06:44:53,283] {logging_mixin.py:109} INFO - [2022-10-16 06:44:53,283] {dagbag.py:500} INFO - Filling up the DagBag from /home/airflow/.local/lib/python3.7/site-packages/airflow/example_dags/example_task_group_decorator.py
[2022-10-16 06:44:53,321] {processor.py:654} INFO - DAG(s) dict_keys(['example_task_group_decorator']) retrieved from /home/airflow/.local/lib/python3.7/site-packages/airflow/example_dags/example_task_group_decorator.py
[2022-10-16 06:44:53,457] {logging_mixin.py:109} INFO - [2022-10-16 06:44:53,457] {dag.py:2398} INFO - Sync 1 DAGs
[2022-10-16 06:44:53,467] {logging_mixin.py:109} INFO - [2022-10-16 06:44:53,467] {dag.py:2937} INFO - Setting next_dagrun for example_task_group_decorator to 2022-10-15T06:44:53.467382+00:00
[2022-10-16 06:44:53,482] {processor.py:171} INFO - Processing /home/airflow/.local/lib/python3.7/site-packages/airflow/example_dags/example_task_group_decorator.py took 0.203 seconds
[2022-10-16 06:45:24,383] {processor.py:163} INFO - Started process (PID=315) to work on /home/airflow/.local/lib/python3.7/site-packages/airflow/example_dags/example_task_group_decorator.py
[2022-10-16 06:45:24,384] {processor.py:642} INFO - Processing file /home/airflow/.local/lib/python3.7/site-packages/airflow/example_dags/example_task_group_decorator.py for tasks to queue
[2022-10-16 06:45:24,385] {logging_mixin.py:109} INFO - [2022-10-16 06:45:24,384] {dagbag.py:500} INFO - Filling up the DagBag from /home/airflow/.local/lib/python3.7/site-packages/airflow/example_dags/example_task_group_decorator.py
[2022-10-16 06:45:24,414] {processor.py:654} INFO - DAG(s) dict_keys(['example_task_group_decorator']) retrieved from /home/airflow/.local/lib/python3.7/site-packages/airflow/example_dags/example_task_group_decorator.py
[2022-10-16 06:45:24,554] {logging_mixin.py:109} INFO - [2022-10-16 06:45:24,554] {dag.py:2398} INFO - Sync 1 DAGs
[2022-10-16 06:45:24,565] {logging_mixin.py:109} INFO - [2022-10-16 06:45:24,565] {dag.py:2937} INFO - Setting next_dagrun for example_task_group_decorator to 2022-10-15T06:45:24.565025+00:00
[2022-10-16 06:45:24,580] {processor.py:171} INFO - Processing /home/airflow/.local/lib/python3.7/site-packages/airflow/example_dags/example_task_group_decorator.py took 0.199 seconds
[2022-10-16 06:45:55,386] {processor.py:163} INFO - Started process (PID=386) to work on /home/airflow/.local/lib/python3.7/site-packages/airflow/example_dags/example_task_group_decorator.py
[2022-10-16 06:45:55,388] {processor.py:642} INFO - Processing file /home/airflow/.local/lib/python3.7/site-packages/airflow/example_dags/example_task_group_decorator.py for tasks to queue
[2022-10-16 06:45:55,388] {logging_mixin.py:109} INFO - [2022-10-16 06:45:55,388] {dagbag.py:500} INFO - Filling up the DagBag from /home/airflow/.local/lib/python3.7/site-packages/airflow/example_dags/example_task_group_decorator.py
[2022-10-16 06:45:55,421] {processor.py:654} INFO - DAG(s) dict_keys(['example_task_group_decorator']) retrieved from /home/airflow/.local/lib/python3.7/site-packages/airflow/example_dags/example_task_group_decorator.py
[2022-10-16 06:45:55,592] {logging_mixin.py:109} INFO - [2022-10-16 06:45:55,592] {dag.py:2398} INFO - Sync 1 DAGs
[2022-10-16 06:45:55,604] {logging_mixin.py:109} INFO - [2022-10-16 06:45:55,604] {dag.py:2937} INFO - Setting next_dagrun for example_task_group_decorator to 2022-10-15T06:45:55.604534+00:00
[2022-10-16 06:45:55,621] {processor.py:171} INFO - Processing /home/airflow/.local/lib/python3.7/site-packages/airflow/example_dags/example_task_group_decorator.py took 0.236 seconds
[2022-10-16 06:46:26,577] {processor.py:163} INFO - Started process (PID=448) to work on /home/airflow/.local/lib/python3.7/site-packages/airflow/example_dags/example_task_group_decorator.py
[2022-10-16 06:46:26,578] {processor.py:642} INFO - Processing file /home/airflow/.local/lib/python3.7/site-packages/airflow/example_dags/example_task_group_decorator.py for tasks to queue
[2022-10-16 06:46:26,579] {logging_mixin.py:109} INFO - [2022-10-16 06:46:26,578] {dagbag.py:500} INFO - Filling up the DagBag from /home/airflow/.local/lib/python3.7/site-packages/airflow/example_dags/example_task_group_decorator.py
[2022-10-16 06:46:26,612] {processor.py:654} INFO - DAG(s) dict_keys(['example_task_group_decorator']) retrieved from /home/airflow/.local/lib/python3.7/site-packages/airflow/example_dags/example_task_group_decorator.py
[2022-10-16 06:46:26,751] {logging_mixin.py:109} INFO - [2022-10-16 06:46:26,751] {dag.py:2398} INFO - Sync 1 DAGs
[2022-10-16 06:46:26,763] {logging_mixin.py:109} INFO - [2022-10-16 06:46:26,763] {dag.py:2937} INFO - Setting next_dagrun for example_task_group_decorator to 2022-10-15T06:46:26.763415+00:00
[2022-10-16 06:46:26,772] {processor.py:171} INFO - Processing /home/airflow/.local/lib/python3.7/site-packages/airflow/example_dags/example_task_group_decorator.py took 0.197 seconds
[2022-10-16 06:46:57,726] {processor.py:163} INFO - Started process (PID=519) to work on /home/airflow/.local/lib/python3.7/site-packages/airflow/example_dags/example_task_group_decorator.py
[2022-10-16 06:46:57,726] {processor.py:642} INFO - Processing file /home/airflow/.local/lib/python3.7/site-packages/airflow/example_dags/example_task_group_decorator.py for tasks to queue
[2022-10-16 06:46:57,727] {logging_mixin.py:109} INFO - [2022-10-16 06:46:57,727] {dagbag.py:500} INFO - Filling up the DagBag from /home/airflow/.local/lib/python3.7/site-packages/airflow/example_dags/example_task_group_decorator.py
[2022-10-16 06:46:57,757] {processor.py:654} INFO - DAG(s) dict_keys(['example_task_group_decorator']) retrieved from /home/airflow/.local/lib/python3.7/site-packages/airflow/example_dags/example_task_group_decorator.py
[2022-10-16 06:46:57,941] {logging_mixin.py:109} INFO - [2022-10-16 06:46:57,941] {dag.py:2398} INFO - Sync 1 DAGs
[2022-10-16 06:46:57,954] {logging_mixin.py:109} INFO - [2022-10-16 06:46:57,953] {dag.py:2937} INFO - Setting next_dagrun for example_task_group_decorator to 2022-10-15T06:46:57.953728+00:00
[2022-10-16 06:46:57,968] {processor.py:171} INFO - Processing /home/airflow/.local/lib/python3.7/site-packages/airflow/example_dags/example_task_group_decorator.py took 0.244 seconds
[2022-10-16 06:47:28,596] {processor.py:163} INFO - Started process (PID=582) to work on /home/airflow/.local/lib/python3.7/site-packages/airflow/example_dags/example_task_group_decorator.py
[2022-10-16 06:47:28,597] {processor.py:642} INFO - Processing file /home/airflow/.local/lib/python3.7/site-packages/airflow/example_dags/example_task_group_decorator.py for tasks to queue
[2022-10-16 06:47:28,598] {logging_mixin.py:109} INFO - [2022-10-16 06:47:28,598] {dagbag.py:500} INFO - Filling up the DagBag from /home/airflow/.local/lib/python3.7/site-packages/airflow/example_dags/example_task_group_decorator.py
[2022-10-16 06:47:28,627] {processor.py:654} INFO - DAG(s) dict_keys(['example_task_group_decorator']) retrieved from /home/airflow/.local/lib/python3.7/site-packages/airflow/example_dags/example_task_group_decorator.py
[2022-10-16 06:47:28,767] {logging_mixin.py:109} INFO - [2022-10-16 06:47:28,766] {dag.py:2398} INFO - Sync 1 DAGs
[2022-10-16 06:47:28,778] {logging_mixin.py:109} INFO - [2022-10-16 06:47:28,777] {dag.py:2937} INFO - Setting next_dagrun for example_task_group_decorator to 2022-10-15T06:47:28.777745+00:00
[2022-10-16 06:47:28,794] {processor.py:171} INFO - Processing /home/airflow/.local/lib/python3.7/site-packages/airflow/example_dags/example_task_group_decorator.py took 0.201 seconds
[2022-10-16 06:47:58,836] {processor.py:163} INFO - Started process (PID=653) to work on /home/airflow/.local/lib/python3.7/site-packages/airflow/example_dags/example_task_group_decorator.py
[2022-10-16 06:47:58,837] {processor.py:642} INFO - Processing file /home/airflow/.local/lib/python3.7/site-packages/airflow/example_dags/example_task_group_decorator.py for tasks to queue
[2022-10-16 06:47:58,837] {logging_mixin.py:109} INFO - [2022-10-16 06:47:58,837] {dagbag.py:500} INFO - Filling up the DagBag from /home/airflow/.local/lib/python3.7/site-packages/airflow/example_dags/example_task_group_decorator.py
[2022-10-16 06:47:58,871] {processor.py:654} INFO - DAG(s) dict_keys(['example_task_group_decorator']) retrieved from /home/airflow/.local/lib/python3.7/site-packages/airflow/example_dags/example_task_group_decorator.py
[2022-10-16 06:47:59,029] {logging_mixin.py:109} INFO - [2022-10-16 06:47:59,029] {dag.py:2398} INFO - Sync 1 DAGs
[2022-10-16 06:47:59,040] {logging_mixin.py:109} INFO - [2022-10-16 06:47:59,040] {dag.py:2937} INFO - Setting next_dagrun for example_task_group_decorator to 2022-10-15T06:47:59.040221+00:00
[2022-10-16 06:47:59,049] {processor.py:171} INFO - Processing /home/airflow/.local/lib/python3.7/site-packages/airflow/example_dags/example_task_group_decorator.py took 0.216 seconds
[2022-10-16 06:48:30,004] {processor.py:163} INFO - Started process (PID=715) to work on /home/airflow/.local/lib/python3.7/site-packages/airflow/example_dags/example_task_group_decorator.py
[2022-10-16 06:48:30,005] {processor.py:642} INFO - Processing file /home/airflow/.local/lib/python3.7/site-packages/airflow/example_dags/example_task_group_decorator.py for tasks to queue
[2022-10-16 06:48:30,005] {logging_mixin.py:109} INFO - [2022-10-16 06:48:30,005] {dagbag.py:500} INFO - Filling up the DagBag from /home/airflow/.local/lib/python3.7/site-packages/airflow/example_dags/example_task_group_decorator.py
[2022-10-16 06:48:30,046] {processor.py:654} INFO - DAG(s) dict_keys(['example_task_group_decorator']) retrieved from /home/airflow/.local/lib/python3.7/site-packages/airflow/example_dags/example_task_group_decorator.py
[2022-10-16 06:48:30,208] {logging_mixin.py:109} INFO - [2022-10-16 06:48:30,208] {dag.py:2398} INFO - Sync 1 DAGs
[2022-10-16 06:48:30,218] {logging_mixin.py:109} INFO - [2022-10-16 06:48:30,218] {dag.py:2937} INFO - Setting next_dagrun for example_task_group_decorator to 2022-10-15T06:48:30.218050+00:00
[2022-10-16 06:48:30,233] {processor.py:171} INFO - Processing /home/airflow/.local/lib/python3.7/site-packages/airflow/example_dags/example_task_group_decorator.py took 0.233 seconds
[2022-10-16 06:49:00,463] {processor.py:163} INFO - Started process (PID=787) to work on /home/airflow/.local/lib/python3.7/site-packages/airflow/example_dags/example_task_group_decorator.py
[2022-10-16 06:49:00,464] {processor.py:642} INFO - Processing file /home/airflow/.local/lib/python3.7/site-packages/airflow/example_dags/example_task_group_decorator.py for tasks to queue
[2022-10-16 06:49:00,464] {logging_mixin.py:109} INFO - [2022-10-16 06:49:00,464] {dagbag.py:500} INFO - Filling up the DagBag from /home/airflow/.local/lib/python3.7/site-packages/airflow/example_dags/example_task_group_decorator.py
[2022-10-16 06:49:00,496] {processor.py:654} INFO - DAG(s) dict_keys(['example_task_group_decorator']) retrieved from /home/airflow/.local/lib/python3.7/site-packages/airflow/example_dags/example_task_group_decorator.py
[2022-10-16 06:49:00,651] {logging_mixin.py:109} INFO - [2022-10-16 06:49:00,651] {dag.py:2398} INFO - Sync 1 DAGs
[2022-10-16 06:49:00,664] {logging_mixin.py:109} INFO - [2022-10-16 06:49:00,664] {dag.py:2937} INFO - Setting next_dagrun for example_task_group_decorator to 2022-10-15T06:49:00.664500+00:00
[2022-10-16 06:49:00,680] {processor.py:171} INFO - Processing /home/airflow/.local/lib/python3.7/site-packages/airflow/example_dags/example_task_group_decorator.py took 0.219 seconds
[2022-10-16 06:49:31,257] {processor.py:163} INFO - Started process (PID=848) to work on /home/airflow/.local/lib/python3.7/site-packages/airflow/example_dags/example_task_group_decorator.py
[2022-10-16 06:49:31,257] {processor.py:642} INFO - Processing file /home/airflow/.local/lib/python3.7/site-packages/airflow/example_dags/example_task_group_decorator.py for tasks to queue
[2022-10-16 06:49:31,258] {logging_mixin.py:109} INFO - [2022-10-16 06:49:31,258] {dagbag.py:500} INFO - Filling up the DagBag from /home/airflow/.local/lib/python3.7/site-packages/airflow/example_dags/example_task_group_decorator.py
[2022-10-16 06:49:31,292] {processor.py:654} INFO - DAG(s) dict_keys(['example_task_group_decorator']) retrieved from /home/airflow/.local/lib/python3.7/site-packages/airflow/example_dags/example_task_group_decorator.py
[2022-10-16 06:49:31,461] {logging_mixin.py:109} INFO - [2022-10-16 06:49:31,461] {dag.py:2398} INFO - Sync 1 DAGs
[2022-10-16 06:49:31,472] {logging_mixin.py:109} INFO - [2022-10-16 06:49:31,472] {dag.py:2937} INFO - Setting next_dagrun for example_task_group_decorator to 2022-10-15T06:49:31.472168+00:00
[2022-10-16 06:49:31,482] {processor.py:171} INFO - Processing /home/airflow/.local/lib/python3.7/site-packages/airflow/example_dags/example_task_group_decorator.py took 0.228 seconds
[2022-10-16 06:50:02,437] {processor.py:163} INFO - Started process (PID=921) to work on /home/airflow/.local/lib/python3.7/site-packages/airflow/example_dags/example_task_group_decorator.py
[2022-10-16 06:50:02,438] {processor.py:642} INFO - Processing file /home/airflow/.local/lib/python3.7/site-packages/airflow/example_dags/example_task_group_decorator.py for tasks to queue
[2022-10-16 06:50:02,439] {logging_mixin.py:109} INFO - [2022-10-16 06:50:02,439] {dagbag.py:500} INFO - Filling up the DagBag from /home/airflow/.local/lib/python3.7/site-packages/airflow/example_dags/example_task_group_decorator.py
[2022-10-16 06:50:02,469] {processor.py:654} INFO - DAG(s) dict_keys(['example_task_group_decorator']) retrieved from /home/airflow/.local/lib/python3.7/site-packages/airflow/example_dags/example_task_group_decorator.py
[2022-10-16 06:50:02,610] {logging_mixin.py:109} INFO - [2022-10-16 06:50:02,610] {dag.py:2398} INFO - Sync 1 DAGs
[2022-10-16 06:50:02,619] {logging_mixin.py:109} INFO - [2022-10-16 06:50:02,619] {dag.py:2937} INFO - Setting next_dagrun for example_task_group_decorator to 2022-10-15T06:50:02.619631+00:00
[2022-10-16 06:50:02,633] {processor.py:171} INFO - Processing /home/airflow/.local/lib/python3.7/site-packages/airflow/example_dags/example_task_group_decorator.py took 0.199 seconds
[2022-10-16 06:50:32,720] {processor.py:163} INFO - Started process (PID=984) to work on /home/airflow/.local/lib/python3.7/site-packages/airflow/example_dags/example_task_group_decorator.py
[2022-10-16 06:50:32,721] {processor.py:642} INFO - Processing file /home/airflow/.local/lib/python3.7/site-packages/airflow/example_dags/example_task_group_decorator.py for tasks to queue
[2022-10-16 06:50:32,721] {logging_mixin.py:109} INFO - [2022-10-16 06:50:32,721] {dagbag.py:500} INFO - Filling up the DagBag from /home/airflow/.local/lib/python3.7/site-packages/airflow/example_dags/example_task_group_decorator.py
[2022-10-16 06:50:32,752] {processor.py:654} INFO - DAG(s) dict_keys(['example_task_group_decorator']) retrieved from /home/airflow/.local/lib/python3.7/site-packages/airflow/example_dags/example_task_group_decorator.py
[2022-10-16 06:50:32,895] {logging_mixin.py:109} INFO - [2022-10-16 06:50:32,895] {dag.py:2398} INFO - Sync 1 DAGs
[2022-10-16 06:50:32,905] {logging_mixin.py:109} INFO - [2022-10-16 06:50:32,905] {dag.py:2937} INFO - Setting next_dagrun for example_task_group_decorator to 2022-10-15T06:50:32.904908+00:00
[2022-10-16 06:50:32,914] {processor.py:171} INFO - Processing /home/airflow/.local/lib/python3.7/site-packages/airflow/example_dags/example_task_group_decorator.py took 0.195 seconds
[2022-10-16 06:51:02,990] {processor.py:163} INFO - Started process (PID=1056) to work on /home/airflow/.local/lib/python3.7/site-packages/airflow/example_dags/example_task_group_decorator.py
[2022-10-16 06:51:02,991] {processor.py:642} INFO - Processing file /home/airflow/.local/lib/python3.7/site-packages/airflow/example_dags/example_task_group_decorator.py for tasks to queue
[2022-10-16 06:51:02,991] {logging_mixin.py:109} INFO - [2022-10-16 06:51:02,991] {dagbag.py:500} INFO - Filling up the DagBag from /home/airflow/.local/lib/python3.7/site-packages/airflow/example_dags/example_task_group_decorator.py
[2022-10-16 06:51:03,024] {processor.py:654} INFO - DAG(s) dict_keys(['example_task_group_decorator']) retrieved from /home/airflow/.local/lib/python3.7/site-packages/airflow/example_dags/example_task_group_decorator.py
[2022-10-16 06:51:03,165] {logging_mixin.py:109} INFO - [2022-10-16 06:51:03,165] {dag.py:2398} INFO - Sync 1 DAGs
[2022-10-16 06:51:03,175] {logging_mixin.py:109} INFO - [2022-10-16 06:51:03,174] {dag.py:2937} INFO - Setting next_dagrun for example_task_group_decorator to 2022-10-15T06:51:03.174743+00:00
[2022-10-16 06:51:03,189] {processor.py:171} INFO - Processing /home/airflow/.local/lib/python3.7/site-packages/airflow/example_dags/example_task_group_decorator.py took 0.202 seconds
[2022-10-16 06:51:33,205] {processor.py:163} INFO - Started process (PID=1120) to work on /home/airflow/.local/lib/python3.7/site-packages/airflow/example_dags/example_task_group_decorator.py
[2022-10-16 06:51:33,206] {processor.py:642} INFO - Processing file /home/airflow/.local/lib/python3.7/site-packages/airflow/example_dags/example_task_group_decorator.py for tasks to queue
[2022-10-16 06:51:33,207] {logging_mixin.py:109} INFO - [2022-10-16 06:51:33,207] {dagbag.py:500} INFO - Filling up the DagBag from /home/airflow/.local/lib/python3.7/site-packages/airflow/example_dags/example_task_group_decorator.py
[2022-10-16 06:51:33,237] {processor.py:654} INFO - DAG(s) dict_keys(['example_task_group_decorator']) retrieved from /home/airflow/.local/lib/python3.7/site-packages/airflow/example_dags/example_task_group_decorator.py
[2022-10-16 06:51:33,377] {logging_mixin.py:109} INFO - [2022-10-16 06:51:33,377] {dag.py:2398} INFO - Sync 1 DAGs
[2022-10-16 06:51:33,387] {logging_mixin.py:109} INFO - [2022-10-16 06:51:33,386] {dag.py:2937} INFO - Setting next_dagrun for example_task_group_decorator to 2022-10-15T06:51:33.386737+00:00
[2022-10-16 06:51:33,395] {processor.py:171} INFO - Processing /home/airflow/.local/lib/python3.7/site-packages/airflow/example_dags/example_task_group_decorator.py took 0.192 seconds
[2022-10-16 06:52:03,667] {processor.py:163} INFO - Started process (PID=1190) to work on /home/airflow/.local/lib/python3.7/site-packages/airflow/example_dags/example_task_group_decorator.py
[2022-10-16 06:52:03,668] {processor.py:642} INFO - Processing file /home/airflow/.local/lib/python3.7/site-packages/airflow/example_dags/example_task_group_decorator.py for tasks to queue
[2022-10-16 06:52:03,668] {logging_mixin.py:109} INFO - [2022-10-16 06:52:03,668] {dagbag.py:500} INFO - Filling up the DagBag from /home/airflow/.local/lib/python3.7/site-packages/airflow/example_dags/example_task_group_decorator.py
[2022-10-16 06:52:03,702] {processor.py:654} INFO - DAG(s) dict_keys(['example_task_group_decorator']) retrieved from /home/airflow/.local/lib/python3.7/site-packages/airflow/example_dags/example_task_group_decorator.py
[2022-10-16 06:52:03,841] {logging_mixin.py:109} INFO - [2022-10-16 06:52:03,841] {dag.py:2398} INFO - Sync 1 DAGs
[2022-10-16 06:52:03,850] {logging_mixin.py:109} INFO - [2022-10-16 06:52:03,850] {dag.py:2937} INFO - Setting next_dagrun for example_task_group_decorator to 2022-10-15T06:52:03.850612+00:00
[2022-10-16 06:52:03,865] {processor.py:171} INFO - Processing /home/airflow/.local/lib/python3.7/site-packages/airflow/example_dags/example_task_group_decorator.py took 0.201 seconds
[2022-10-16 06:52:34,093] {processor.py:163} INFO - Started process (PID=1252) to work on /home/airflow/.local/lib/python3.7/site-packages/airflow/example_dags/example_task_group_decorator.py
[2022-10-16 06:52:34,093] {processor.py:642} INFO - Processing file /home/airflow/.local/lib/python3.7/site-packages/airflow/example_dags/example_task_group_decorator.py for tasks to queue
[2022-10-16 06:52:34,094] {logging_mixin.py:109} INFO - [2022-10-16 06:52:34,094] {dagbag.py:500} INFO - Filling up the DagBag from /home/airflow/.local/lib/python3.7/site-packages/airflow/example_dags/example_task_group_decorator.py
[2022-10-16 06:52:34,124] {processor.py:654} INFO - DAG(s) dict_keys(['example_task_group_decorator']) retrieved from /home/airflow/.local/lib/python3.7/site-packages/airflow/example_dags/example_task_group_decorator.py
[2022-10-16 06:52:34,277] {logging_mixin.py:109} INFO - [2022-10-16 06:52:34,277] {dag.py:2398} INFO - Sync 1 DAGs
[2022-10-16 06:52:34,286] {logging_mixin.py:109} INFO - [2022-10-16 06:52:34,286] {dag.py:2937} INFO - Setting next_dagrun for example_task_group_decorator to 2022-10-15T06:52:34.286639+00:00
[2022-10-16 06:52:34,302] {processor.py:171} INFO - Processing /home/airflow/.local/lib/python3.7/site-packages/airflow/example_dags/example_task_group_decorator.py took 0.212 seconds
[2022-10-16 06:53:05,264] {processor.py:163} INFO - Started process (PID=1323) to work on /home/airflow/.local/lib/python3.7/site-packages/airflow/example_dags/example_task_group_decorator.py
[2022-10-16 06:53:05,264] {processor.py:642} INFO - Processing file /home/airflow/.local/lib/python3.7/site-packages/airflow/example_dags/example_task_group_decorator.py for tasks to queue
[2022-10-16 06:53:05,265] {logging_mixin.py:109} INFO - [2022-10-16 06:53:05,265] {dagbag.py:500} INFO - Filling up the DagBag from /home/airflow/.local/lib/python3.7/site-packages/airflow/example_dags/example_task_group_decorator.py
[2022-10-16 06:53:05,299] {processor.py:654} INFO - DAG(s) dict_keys(['example_task_group_decorator']) retrieved from /home/airflow/.local/lib/python3.7/site-packages/airflow/example_dags/example_task_group_decorator.py
[2022-10-16 06:53:05,444] {logging_mixin.py:109} INFO - [2022-10-16 06:53:05,444] {dag.py:2398} INFO - Sync 1 DAGs
[2022-10-16 06:53:05,456] {logging_mixin.py:109} INFO - [2022-10-16 06:53:05,456] {dag.py:2937} INFO - Setting next_dagrun for example_task_group_decorator to 2022-10-15T06:53:05.455809+00:00
[2022-10-16 06:53:05,472] {processor.py:171} INFO - Processing /home/airflow/.local/lib/python3.7/site-packages/airflow/example_dags/example_task_group_decorator.py took 0.210 seconds
[2022-10-16 06:53:35,712] {processor.py:163} INFO - Started process (PID=1385) to work on /home/airflow/.local/lib/python3.7/site-packages/airflow/example_dags/example_task_group_decorator.py
[2022-10-16 06:53:35,713] {processor.py:642} INFO - Processing file /home/airflow/.local/lib/python3.7/site-packages/airflow/example_dags/example_task_group_decorator.py for tasks to queue
[2022-10-16 06:53:35,714] {logging_mixin.py:109} INFO - [2022-10-16 06:53:35,714] {dagbag.py:500} INFO - Filling up the DagBag from /home/airflow/.local/lib/python3.7/site-packages/airflow/example_dags/example_task_group_decorator.py
[2022-10-16 06:53:35,747] {processor.py:654} INFO - DAG(s) dict_keys(['example_task_group_decorator']) retrieved from /home/airflow/.local/lib/python3.7/site-packages/airflow/example_dags/example_task_group_decorator.py
[2022-10-16 06:53:35,909] {logging_mixin.py:109} INFO - [2022-10-16 06:53:35,909] {dag.py:2398} INFO - Sync 1 DAGs
[2022-10-16 06:53:35,920] {logging_mixin.py:109} INFO - [2022-10-16 06:53:35,920] {dag.py:2937} INFO - Setting next_dagrun for example_task_group_decorator to 2022-10-15T06:53:35.920470+00:00
[2022-10-16 06:53:35,935] {processor.py:171} INFO - Processing /home/airflow/.local/lib/python3.7/site-packages/airflow/example_dags/example_task_group_decorator.py took 0.225 seconds
[2022-10-16 06:54:06,080] {processor.py:163} INFO - Started process (PID=1458) to work on /home/airflow/.local/lib/python3.7/site-packages/airflow/example_dags/example_task_group_decorator.py
[2022-10-16 06:54:06,081] {processor.py:642} INFO - Processing file /home/airflow/.local/lib/python3.7/site-packages/airflow/example_dags/example_task_group_decorator.py for tasks to queue
[2022-10-16 06:54:06,081] {logging_mixin.py:109} INFO - [2022-10-16 06:54:06,081] {dagbag.py:500} INFO - Filling up the DagBag from /home/airflow/.local/lib/python3.7/site-packages/airflow/example_dags/example_task_group_decorator.py
[2022-10-16 06:54:06,111] {processor.py:654} INFO - DAG(s) dict_keys(['example_task_group_decorator']) retrieved from /home/airflow/.local/lib/python3.7/site-packages/airflow/example_dags/example_task_group_decorator.py
[2022-10-16 06:54:06,258] {logging_mixin.py:109} INFO - [2022-10-16 06:54:06,258] {dag.py:2398} INFO - Sync 1 DAGs
[2022-10-16 06:54:06,268] {logging_mixin.py:109} INFO - [2022-10-16 06:54:06,268] {dag.py:2937} INFO - Setting next_dagrun for example_task_group_decorator to 2022-10-15T06:54:06.268457+00:00
[2022-10-16 06:54:06,280] {processor.py:171} INFO - Processing /home/airflow/.local/lib/python3.7/site-packages/airflow/example_dags/example_task_group_decorator.py took 0.202 seconds
[2022-10-16 06:54:36,373] {processor.py:163} INFO - Started process (PID=1521) to work on /home/airflow/.local/lib/python3.7/site-packages/airflow/example_dags/example_task_group_decorator.py
[2022-10-16 06:54:36,374] {processor.py:642} INFO - Processing file /home/airflow/.local/lib/python3.7/site-packages/airflow/example_dags/example_task_group_decorator.py for tasks to queue
[2022-10-16 06:54:36,375] {logging_mixin.py:109} INFO - [2022-10-16 06:54:36,375] {dagbag.py:500} INFO - Filling up the DagBag from /home/airflow/.local/lib/python3.7/site-packages/airflow/example_dags/example_task_group_decorator.py
[2022-10-16 06:54:36,405] {processor.py:654} INFO - DAG(s) dict_keys(['example_task_group_decorator']) retrieved from /home/airflow/.local/lib/python3.7/site-packages/airflow/example_dags/example_task_group_decorator.py
[2022-10-16 06:54:36,543] {logging_mixin.py:109} INFO - [2022-10-16 06:54:36,543] {dag.py:2398} INFO - Sync 1 DAGs
[2022-10-16 06:54:36,552] {logging_mixin.py:109} INFO - [2022-10-16 06:54:36,552] {dag.py:2937} INFO - Setting next_dagrun for example_task_group_decorator to 2022-10-15T06:54:36.552476+00:00
[2022-10-16 06:54:36,571] {processor.py:171} INFO - Processing /home/airflow/.local/lib/python3.7/site-packages/airflow/example_dags/example_task_group_decorator.py took 0.200 seconds
[2022-10-16 06:55:06,619] {processor.py:163} INFO - Started process (PID=1593) to work on /home/airflow/.local/lib/python3.7/site-packages/airflow/example_dags/example_task_group_decorator.py
[2022-10-16 06:55:06,620] {processor.py:642} INFO - Processing file /home/airflow/.local/lib/python3.7/site-packages/airflow/example_dags/example_task_group_decorator.py for tasks to queue
[2022-10-16 06:55:06,620] {logging_mixin.py:109} INFO - [2022-10-16 06:55:06,620] {dagbag.py:500} INFO - Filling up the DagBag from /home/airflow/.local/lib/python3.7/site-packages/airflow/example_dags/example_task_group_decorator.py
[2022-10-16 06:55:06,652] {processor.py:654} INFO - DAG(s) dict_keys(['example_task_group_decorator']) retrieved from /home/airflow/.local/lib/python3.7/site-packages/airflow/example_dags/example_task_group_decorator.py
[2022-10-16 06:55:06,787] {logging_mixin.py:109} INFO - [2022-10-16 06:55:06,787] {dag.py:2398} INFO - Sync 1 DAGs
[2022-10-16 06:55:06,797] {logging_mixin.py:109} INFO - [2022-10-16 06:55:06,797] {dag.py:2937} INFO - Setting next_dagrun for example_task_group_decorator to 2022-10-15T06:55:06.797117+00:00
[2022-10-16 06:55:06,814] {processor.py:171} INFO - Processing /home/airflow/.local/lib/python3.7/site-packages/airflow/example_dags/example_task_group_decorator.py took 0.197 seconds
[2022-10-16 06:55:36,841] {processor.py:163} INFO - Started process (PID=1657) to work on /home/airflow/.local/lib/python3.7/site-packages/airflow/example_dags/example_task_group_decorator.py
[2022-10-16 06:55:36,843] {processor.py:642} INFO - Processing file /home/airflow/.local/lib/python3.7/site-packages/airflow/example_dags/example_task_group_decorator.py for tasks to queue
[2022-10-16 06:55:36,843] {logging_mixin.py:109} INFO - [2022-10-16 06:55:36,843] {dagbag.py:500} INFO - Filling up the DagBag from /home/airflow/.local/lib/python3.7/site-packages/airflow/example_dags/example_task_group_decorator.py
[2022-10-16 06:55:36,872] {processor.py:654} INFO - DAG(s) dict_keys(['example_task_group_decorator']) retrieved from /home/airflow/.local/lib/python3.7/site-packages/airflow/example_dags/example_task_group_decorator.py
[2022-10-16 06:55:37,009] {logging_mixin.py:109} INFO - [2022-10-16 06:55:37,009] {dag.py:2398} INFO - Sync 1 DAGs
[2022-10-16 06:55:37,019] {logging_mixin.py:109} INFO - [2022-10-16 06:55:37,019] {dag.py:2937} INFO - Setting next_dagrun for example_task_group_decorator to 2022-10-15T06:55:37.019187+00:00
[2022-10-16 06:55:37,033] {processor.py:171} INFO - Processing /home/airflow/.local/lib/python3.7/site-packages/airflow/example_dags/example_task_group_decorator.py took 0.194 seconds
[2022-10-16 06:56:07,208] {processor.py:163} INFO - Started process (PID=1728) to work on /home/airflow/.local/lib/python3.7/site-packages/airflow/example_dags/example_task_group_decorator.py
[2022-10-16 06:56:07,209] {processor.py:642} INFO - Processing file /home/airflow/.local/lib/python3.7/site-packages/airflow/example_dags/example_task_group_decorator.py for tasks to queue
[2022-10-16 06:56:07,209] {logging_mixin.py:109} INFO - [2022-10-16 06:56:07,209] {dagbag.py:500} INFO - Filling up the DagBag from /home/airflow/.local/lib/python3.7/site-packages/airflow/example_dags/example_task_group_decorator.py
[2022-10-16 06:56:07,241] {processor.py:654} INFO - DAG(s) dict_keys(['example_task_group_decorator']) retrieved from /home/airflow/.local/lib/python3.7/site-packages/airflow/example_dags/example_task_group_decorator.py
[2022-10-16 06:56:07,380] {logging_mixin.py:109} INFO - [2022-10-16 06:56:07,380] {dag.py:2398} INFO - Sync 1 DAGs
[2022-10-16 06:56:07,389] {logging_mixin.py:109} INFO - [2022-10-16 06:56:07,389] {dag.py:2937} INFO - Setting next_dagrun for example_task_group_decorator to 2022-10-15T06:56:07.389578+00:00
[2022-10-16 06:56:07,402] {processor.py:171} INFO - Processing /home/airflow/.local/lib/python3.7/site-packages/airflow/example_dags/example_task_group_decorator.py took 0.196 seconds
[2022-10-16 06:56:37,556] {processor.py:163} INFO - Started process (PID=1791) to work on /home/airflow/.local/lib/python3.7/site-packages/airflow/example_dags/example_task_group_decorator.py
[2022-10-16 06:56:37,558] {processor.py:642} INFO - Processing file /home/airflow/.local/lib/python3.7/site-packages/airflow/example_dags/example_task_group_decorator.py for tasks to queue
[2022-10-16 06:56:37,558] {logging_mixin.py:109} INFO - [2022-10-16 06:56:37,558] {dagbag.py:500} INFO - Filling up the DagBag from /home/airflow/.local/lib/python3.7/site-packages/airflow/example_dags/example_task_group_decorator.py
[2022-10-16 06:56:37,589] {processor.py:654} INFO - DAG(s) dict_keys(['example_task_group_decorator']) retrieved from /home/airflow/.local/lib/python3.7/site-packages/airflow/example_dags/example_task_group_decorator.py
[2022-10-16 06:56:37,725] {logging_mixin.py:109} INFO - [2022-10-16 06:56:37,725] {dag.py:2398} INFO - Sync 1 DAGs
[2022-10-16 06:56:37,735] {logging_mixin.py:109} INFO - [2022-10-16 06:56:37,735] {dag.py:2937} INFO - Setting next_dagrun for example_task_group_decorator to 2022-10-15T06:56:37.735442+00:00
[2022-10-16 06:56:37,747] {processor.py:171} INFO - Processing /home/airflow/.local/lib/python3.7/site-packages/airflow/example_dags/example_task_group_decorator.py took 0.193 seconds
[2022-10-16 06:57:07,901] {processor.py:163} INFO - Started process (PID=1864) to work on /home/airflow/.local/lib/python3.7/site-packages/airflow/example_dags/example_task_group_decorator.py
[2022-10-16 06:57:07,901] {processor.py:642} INFO - Processing file /home/airflow/.local/lib/python3.7/site-packages/airflow/example_dags/example_task_group_decorator.py for tasks to queue
[2022-10-16 06:57:07,902] {logging_mixin.py:109} INFO - [2022-10-16 06:57:07,902] {dagbag.py:500} INFO - Filling up the DagBag from /home/airflow/.local/lib/python3.7/site-packages/airflow/example_dags/example_task_group_decorator.py
[2022-10-16 06:57:07,930] {processor.py:654} INFO - DAG(s) dict_keys(['example_task_group_decorator']) retrieved from /home/airflow/.local/lib/python3.7/site-packages/airflow/example_dags/example_task_group_decorator.py
[2022-10-16 06:57:08,077] {logging_mixin.py:109} INFO - [2022-10-16 06:57:08,077] {dag.py:2398} INFO - Sync 1 DAGs
[2022-10-16 06:57:08,087] {logging_mixin.py:109} INFO - [2022-10-16 06:57:08,087] {dag.py:2937} INFO - Setting next_dagrun for example_task_group_decorator to 2022-10-15T06:57:08.087368+00:00
[2022-10-16 06:57:08,102] {processor.py:171} INFO - Processing /home/airflow/.local/lib/python3.7/site-packages/airflow/example_dags/example_task_group_decorator.py took 0.203 seconds
[2022-10-16 06:57:38,216] {processor.py:163} INFO - Started process (PID=1926) to work on /home/airflow/.local/lib/python3.7/site-packages/airflow/example_dags/example_task_group_decorator.py
[2022-10-16 06:57:38,217] {processor.py:642} INFO - Processing file /home/airflow/.local/lib/python3.7/site-packages/airflow/example_dags/example_task_group_decorator.py for tasks to queue
[2022-10-16 06:57:38,218] {logging_mixin.py:109} INFO - [2022-10-16 06:57:38,218] {dagbag.py:500} INFO - Filling up the DagBag from /home/airflow/.local/lib/python3.7/site-packages/airflow/example_dags/example_task_group_decorator.py
[2022-10-16 06:57:38,251] {processor.py:654} INFO - DAG(s) dict_keys(['example_task_group_decorator']) retrieved from /home/airflow/.local/lib/python3.7/site-packages/airflow/example_dags/example_task_group_decorator.py
[2022-10-16 06:57:38,409] {logging_mixin.py:109} INFO - [2022-10-16 06:57:38,409] {dag.py:2398} INFO - Sync 1 DAGs
[2022-10-16 06:57:38,418] {logging_mixin.py:109} INFO - [2022-10-16 06:57:38,418] {dag.py:2937} INFO - Setting next_dagrun for example_task_group_decorator to 2022-10-15T06:57:38.418408+00:00
[2022-10-16 06:57:38,453] {processor.py:171} INFO - Processing /home/airflow/.local/lib/python3.7/site-packages/airflow/example_dags/example_task_group_decorator.py took 0.240 seconds
[2022-10-16 06:58:08,688] {processor.py:163} INFO - Started process (PID=2004) to work on /home/airflow/.local/lib/python3.7/site-packages/airflow/example_dags/example_task_group_decorator.py
[2022-10-16 06:58:08,689] {processor.py:642} INFO - Processing file /home/airflow/.local/lib/python3.7/site-packages/airflow/example_dags/example_task_group_decorator.py for tasks to queue
[2022-10-16 06:58:08,689] {logging_mixin.py:109} INFO - [2022-10-16 06:58:08,689] {dagbag.py:500} INFO - Filling up the DagBag from /home/airflow/.local/lib/python3.7/site-packages/airflow/example_dags/example_task_group_decorator.py
[2022-10-16 06:58:08,719] {processor.py:654} INFO - DAG(s) dict_keys(['example_task_group_decorator']) retrieved from /home/airflow/.local/lib/python3.7/site-packages/airflow/example_dags/example_task_group_decorator.py
[2022-10-16 06:58:08,861] {logging_mixin.py:109} INFO - [2022-10-16 06:58:08,861] {dag.py:2398} INFO - Sync 1 DAGs
[2022-10-16 06:58:08,870] {logging_mixin.py:109} INFO - [2022-10-16 06:58:08,870] {dag.py:2937} INFO - Setting next_dagrun for example_task_group_decorator to 2022-10-15T06:58:08.870527+00:00
[2022-10-16 06:58:08,880] {processor.py:171} INFO - Processing /home/airflow/.local/lib/python3.7/site-packages/airflow/example_dags/example_task_group_decorator.py took 0.194 seconds
[2022-10-16 06:58:38,914] {processor.py:163} INFO - Started process (PID=2068) to work on /home/airflow/.local/lib/python3.7/site-packages/airflow/example_dags/example_task_group_decorator.py
[2022-10-16 06:58:38,915] {processor.py:642} INFO - Processing file /home/airflow/.local/lib/python3.7/site-packages/airflow/example_dags/example_task_group_decorator.py for tasks to queue
[2022-10-16 06:58:38,915] {logging_mixin.py:109} INFO - [2022-10-16 06:58:38,915] {dagbag.py:500} INFO - Filling up the DagBag from /home/airflow/.local/lib/python3.7/site-packages/airflow/example_dags/example_task_group_decorator.py
[2022-10-16 06:58:38,948] {processor.py:654} INFO - DAG(s) dict_keys(['example_task_group_decorator']) retrieved from /home/airflow/.local/lib/python3.7/site-packages/airflow/example_dags/example_task_group_decorator.py
[2022-10-16 06:58:39,096] {logging_mixin.py:109} INFO - [2022-10-16 06:58:39,096] {dag.py:2398} INFO - Sync 1 DAGs
[2022-10-16 06:58:39,106] {logging_mixin.py:109} INFO - [2022-10-16 06:58:39,106] {dag.py:2937} INFO - Setting next_dagrun for example_task_group_decorator to 2022-10-15T06:58:39.106189+00:00
[2022-10-16 06:58:39,121] {processor.py:171} INFO - Processing /home/airflow/.local/lib/python3.7/site-packages/airflow/example_dags/example_task_group_decorator.py took 0.209 seconds
[2022-10-16 06:59:09,244] {processor.py:163} INFO - Started process (PID=2139) to work on /home/airflow/.local/lib/python3.7/site-packages/airflow/example_dags/example_task_group_decorator.py
[2022-10-16 06:59:09,245] {processor.py:642} INFO - Processing file /home/airflow/.local/lib/python3.7/site-packages/airflow/example_dags/example_task_group_decorator.py for tasks to queue
[2022-10-16 06:59:09,246] {logging_mixin.py:109} INFO - [2022-10-16 06:59:09,246] {dagbag.py:500} INFO - Filling up the DagBag from /home/airflow/.local/lib/python3.7/site-packages/airflow/example_dags/example_task_group_decorator.py
[2022-10-16 06:59:09,275] {processor.py:654} INFO - DAG(s) dict_keys(['example_task_group_decorator']) retrieved from /home/airflow/.local/lib/python3.7/site-packages/airflow/example_dags/example_task_group_decorator.py
[2022-10-16 06:59:09,420] {logging_mixin.py:109} INFO - [2022-10-16 06:59:09,420] {dag.py:2398} INFO - Sync 1 DAGs
[2022-10-16 06:59:09,431] {logging_mixin.py:109} INFO - [2022-10-16 06:59:09,431] {dag.py:2937} INFO - Setting next_dagrun for example_task_group_decorator to 2022-10-15T06:59:09.431525+00:00
[2022-10-16 06:59:09,441] {processor.py:171} INFO - Processing /home/airflow/.local/lib/python3.7/site-packages/airflow/example_dags/example_task_group_decorator.py took 0.198 seconds
[2022-10-16 06:59:39,480] {processor.py:163} INFO - Started process (PID=2201) to work on /home/airflow/.local/lib/python3.7/site-packages/airflow/example_dags/example_task_group_decorator.py
[2022-10-16 06:59:39,480] {processor.py:642} INFO - Processing file /home/airflow/.local/lib/python3.7/site-packages/airflow/example_dags/example_task_group_decorator.py for tasks to queue
[2022-10-16 06:59:39,481] {logging_mixin.py:109} INFO - [2022-10-16 06:59:39,481] {dagbag.py:500} INFO - Filling up the DagBag from /home/airflow/.local/lib/python3.7/site-packages/airflow/example_dags/example_task_group_decorator.py
[2022-10-16 06:59:39,511] {processor.py:654} INFO - DAG(s) dict_keys(['example_task_group_decorator']) retrieved from /home/airflow/.local/lib/python3.7/site-packages/airflow/example_dags/example_task_group_decorator.py
[2022-10-16 06:59:39,679] {logging_mixin.py:109} INFO - [2022-10-16 06:59:39,678] {dag.py:2398} INFO - Sync 1 DAGs
[2022-10-16 06:59:39,691] {logging_mixin.py:109} INFO - [2022-10-16 06:59:39,690] {dag.py:2937} INFO - Setting next_dagrun for example_task_group_decorator to 2022-10-15T06:59:39.690723+00:00
[2022-10-16 06:59:39,701] {processor.py:171} INFO - Processing /home/airflow/.local/lib/python3.7/site-packages/airflow/example_dags/example_task_group_decorator.py took 0.223 seconds
[2022-10-16 07:00:10,000] {processor.py:163} INFO - Started process (PID=2270) to work on /home/airflow/.local/lib/python3.7/site-packages/airflow/example_dags/example_task_group_decorator.py
[2022-10-16 07:00:10,001] {processor.py:642} INFO - Processing file /home/airflow/.local/lib/python3.7/site-packages/airflow/example_dags/example_task_group_decorator.py for tasks to queue
[2022-10-16 07:00:10,001] {logging_mixin.py:109} INFO - [2022-10-16 07:00:10,001] {dagbag.py:500} INFO - Filling up the DagBag from /home/airflow/.local/lib/python3.7/site-packages/airflow/example_dags/example_task_group_decorator.py
[2022-10-16 07:00:10,030] {processor.py:654} INFO - DAG(s) dict_keys(['example_task_group_decorator']) retrieved from /home/airflow/.local/lib/python3.7/site-packages/airflow/example_dags/example_task_group_decorator.py
[2022-10-16 07:00:10,166] {logging_mixin.py:109} INFO - [2022-10-16 07:00:10,166] {dag.py:2398} INFO - Sync 1 DAGs
[2022-10-16 07:00:10,177] {logging_mixin.py:109} INFO - [2022-10-16 07:00:10,177] {dag.py:2937} INFO - Setting next_dagrun for example_task_group_decorator to 2022-10-15T07:00:10.176822+00:00
[2022-10-16 07:00:10,192] {processor.py:171} INFO - Processing /home/airflow/.local/lib/python3.7/site-packages/airflow/example_dags/example_task_group_decorator.py took 0.194 seconds
[2022-10-16 07:00:41,139] {processor.py:163} INFO - Started process (PID=2333) to work on /home/airflow/.local/lib/python3.7/site-packages/airflow/example_dags/example_task_group_decorator.py
[2022-10-16 07:00:41,140] {processor.py:642} INFO - Processing file /home/airflow/.local/lib/python3.7/site-packages/airflow/example_dags/example_task_group_decorator.py for tasks to queue
[2022-10-16 07:00:41,140] {logging_mixin.py:109} INFO - [2022-10-16 07:00:41,140] {dagbag.py:500} INFO - Filling up the DagBag from /home/airflow/.local/lib/python3.7/site-packages/airflow/example_dags/example_task_group_decorator.py
[2022-10-16 07:00:41,170] {processor.py:654} INFO - DAG(s) dict_keys(['example_task_group_decorator']) retrieved from /home/airflow/.local/lib/python3.7/site-packages/airflow/example_dags/example_task_group_decorator.py
[2022-10-16 07:00:41,311] {logging_mixin.py:109} INFO - [2022-10-16 07:00:41,311] {dag.py:2398} INFO - Sync 1 DAGs
[2022-10-16 07:00:41,323] {logging_mixin.py:109} INFO - [2022-10-16 07:00:41,323] {dag.py:2937} INFO - Setting next_dagrun for example_task_group_decorator to 2022-10-15T07:00:41.323293+00:00
[2022-10-16 07:00:41,344] {processor.py:171} INFO - Processing /home/airflow/.local/lib/python3.7/site-packages/airflow/example_dags/example_task_group_decorator.py took 0.207 seconds
[2022-10-16 07:01:11,502] {processor.py:163} INFO - Started process (PID=2404) to work on /home/airflow/.local/lib/python3.7/site-packages/airflow/example_dags/example_task_group_decorator.py
[2022-10-16 07:01:11,503] {processor.py:642} INFO - Processing file /home/airflow/.local/lib/python3.7/site-packages/airflow/example_dags/example_task_group_decorator.py for tasks to queue
[2022-10-16 07:01:11,503] {logging_mixin.py:109} INFO - [2022-10-16 07:01:11,503] {dagbag.py:500} INFO - Filling up the DagBag from /home/airflow/.local/lib/python3.7/site-packages/airflow/example_dags/example_task_group_decorator.py
[2022-10-16 07:01:11,533] {processor.py:654} INFO - DAG(s) dict_keys(['example_task_group_decorator']) retrieved from /home/airflow/.local/lib/python3.7/site-packages/airflow/example_dags/example_task_group_decorator.py
[2022-10-16 07:01:11,669] {logging_mixin.py:109} INFO - [2022-10-16 07:01:11,669] {dag.py:2398} INFO - Sync 1 DAGs
[2022-10-16 07:01:11,680] {logging_mixin.py:109} INFO - [2022-10-16 07:01:11,680] {dag.py:2937} INFO - Setting next_dagrun for example_task_group_decorator to 2022-10-15T07:01:11.680264+00:00
[2022-10-16 07:01:11,692] {processor.py:171} INFO - Processing /home/airflow/.local/lib/python3.7/site-packages/airflow/example_dags/example_task_group_decorator.py took 0.193 seconds
[2022-10-16 07:01:42,083] {processor.py:163} INFO - Started process (PID=2465) to work on /home/airflow/.local/lib/python3.7/site-packages/airflow/example_dags/example_task_group_decorator.py
[2022-10-16 07:01:42,084] {processor.py:642} INFO - Processing file /home/airflow/.local/lib/python3.7/site-packages/airflow/example_dags/example_task_group_decorator.py for tasks to queue
[2022-10-16 07:01:42,084] {logging_mixin.py:109} INFO - [2022-10-16 07:01:42,084] {dagbag.py:500} INFO - Filling up the DagBag from /home/airflow/.local/lib/python3.7/site-packages/airflow/example_dags/example_task_group_decorator.py
[2022-10-16 07:01:42,113] {processor.py:654} INFO - DAG(s) dict_keys(['example_task_group_decorator']) retrieved from /home/airflow/.local/lib/python3.7/site-packages/airflow/example_dags/example_task_group_decorator.py
[2022-10-16 07:01:42,257] {logging_mixin.py:109} INFO - [2022-10-16 07:01:42,257] {dag.py:2398} INFO - Sync 1 DAGs
[2022-10-16 07:01:42,266] {logging_mixin.py:109} INFO - [2022-10-16 07:01:42,266] {dag.py:2937} INFO - Setting next_dagrun for example_task_group_decorator to 2022-10-15T07:01:42.266655+00:00
[2022-10-16 07:01:42,281] {processor.py:171} INFO - Processing /home/airflow/.local/lib/python3.7/site-packages/airflow/example_dags/example_task_group_decorator.py took 0.200 seconds
[2022-10-16 07:02:12,403] {processor.py:163} INFO - Started process (PID=2538) to work on /home/airflow/.local/lib/python3.7/site-packages/airflow/example_dags/example_task_group_decorator.py
[2022-10-16 07:02:12,404] {processor.py:642} INFO - Processing file /home/airflow/.local/lib/python3.7/site-packages/airflow/example_dags/example_task_group_decorator.py for tasks to queue
[2022-10-16 07:02:12,405] {logging_mixin.py:109} INFO - [2022-10-16 07:02:12,405] {dagbag.py:500} INFO - Filling up the DagBag from /home/airflow/.local/lib/python3.7/site-packages/airflow/example_dags/example_task_group_decorator.py
[2022-10-16 07:02:12,435] {processor.py:654} INFO - DAG(s) dict_keys(['example_task_group_decorator']) retrieved from /home/airflow/.local/lib/python3.7/site-packages/airflow/example_dags/example_task_group_decorator.py
[2022-10-16 07:02:12,575] {logging_mixin.py:109} INFO - [2022-10-16 07:02:12,575] {dag.py:2398} INFO - Sync 1 DAGs
[2022-10-16 07:02:12,585] {logging_mixin.py:109} INFO - [2022-10-16 07:02:12,585] {dag.py:2937} INFO - Setting next_dagrun for example_task_group_decorator to 2022-10-15T07:02:12.585078+00:00
[2022-10-16 07:02:12,601] {processor.py:171} INFO - Processing /home/airflow/.local/lib/python3.7/site-packages/airflow/example_dags/example_task_group_decorator.py took 0.200 seconds
[2022-10-16 07:02:42,753] {processor.py:163} INFO - Started process (PID=2603) to work on /home/airflow/.local/lib/python3.7/site-packages/airflow/example_dags/example_task_group_decorator.py
[2022-10-16 07:02:42,754] {processor.py:642} INFO - Processing file /home/airflow/.local/lib/python3.7/site-packages/airflow/example_dags/example_task_group_decorator.py for tasks to queue
[2022-10-16 07:02:42,755] {logging_mixin.py:109} INFO - [2022-10-16 07:02:42,755] {dagbag.py:500} INFO - Filling up the DagBag from /home/airflow/.local/lib/python3.7/site-packages/airflow/example_dags/example_task_group_decorator.py
[2022-10-16 07:02:42,788] {processor.py:654} INFO - DAG(s) dict_keys(['example_task_group_decorator']) retrieved from /home/airflow/.local/lib/python3.7/site-packages/airflow/example_dags/example_task_group_decorator.py
[2022-10-16 07:02:42,930] {logging_mixin.py:109} INFO - [2022-10-16 07:02:42,930] {dag.py:2398} INFO - Sync 1 DAGs
[2022-10-16 07:02:42,940] {logging_mixin.py:109} INFO - [2022-10-16 07:02:42,940] {dag.py:2937} INFO - Setting next_dagrun for example_task_group_decorator to 2022-10-15T07:02:42.939940+00:00
[2022-10-16 07:02:42,966] {processor.py:171} INFO - Processing /home/airflow/.local/lib/python3.7/site-packages/airflow/example_dags/example_task_group_decorator.py took 0.216 seconds
[2022-10-16 07:03:13,224] {processor.py:163} INFO - Started process (PID=2675) to work on /home/airflow/.local/lib/python3.7/site-packages/airflow/example_dags/example_task_group_decorator.py
[2022-10-16 07:03:13,225] {processor.py:642} INFO - Processing file /home/airflow/.local/lib/python3.7/site-packages/airflow/example_dags/example_task_group_decorator.py for tasks to queue
[2022-10-16 07:03:13,226] {logging_mixin.py:109} INFO - [2022-10-16 07:03:13,226] {dagbag.py:500} INFO - Filling up the DagBag from /home/airflow/.local/lib/python3.7/site-packages/airflow/example_dags/example_task_group_decorator.py
[2022-10-16 07:03:13,258] {processor.py:654} INFO - DAG(s) dict_keys(['example_task_group_decorator']) retrieved from /home/airflow/.local/lib/python3.7/site-packages/airflow/example_dags/example_task_group_decorator.py
[2022-10-16 07:03:13,407] {logging_mixin.py:109} INFO - [2022-10-16 07:03:13,407] {dag.py:2398} INFO - Sync 1 DAGs
[2022-10-16 07:03:13,418] {logging_mixin.py:109} INFO - [2022-10-16 07:03:13,418] {dag.py:2937} INFO - Setting next_dagrun for example_task_group_decorator to 2022-10-15T07:03:13.418302+00:00
[2022-10-16 07:03:13,434] {processor.py:171} INFO - Processing /home/airflow/.local/lib/python3.7/site-packages/airflow/example_dags/example_task_group_decorator.py took 0.211 seconds
[2022-10-16 07:03:43,621] {processor.py:163} INFO - Started process (PID=2738) to work on /home/airflow/.local/lib/python3.7/site-packages/airflow/example_dags/example_task_group_decorator.py
[2022-10-16 07:03:43,622] {processor.py:642} INFO - Processing file /home/airflow/.local/lib/python3.7/site-packages/airflow/example_dags/example_task_group_decorator.py for tasks to queue
[2022-10-16 07:03:43,623] {logging_mixin.py:109} INFO - [2022-10-16 07:03:43,623] {dagbag.py:500} INFO - Filling up the DagBag from /home/airflow/.local/lib/python3.7/site-packages/airflow/example_dags/example_task_group_decorator.py
[2022-10-16 07:03:43,656] {processor.py:654} INFO - DAG(s) dict_keys(['example_task_group_decorator']) retrieved from /home/airflow/.local/lib/python3.7/site-packages/airflow/example_dags/example_task_group_decorator.py
[2022-10-16 07:03:43,795] {logging_mixin.py:109} INFO - [2022-10-16 07:03:43,795] {dag.py:2398} INFO - Sync 1 DAGs
[2022-10-16 07:03:43,805] {logging_mixin.py:109} INFO - [2022-10-16 07:03:43,804] {dag.py:2937} INFO - Setting next_dagrun for example_task_group_decorator to 2022-10-15T07:03:43.804737+00:00
[2022-10-16 07:03:43,813] {processor.py:171} INFO - Processing /home/airflow/.local/lib/python3.7/site-packages/airflow/example_dags/example_task_group_decorator.py took 0.194 seconds
[2022-10-16 07:04:14,008] {processor.py:163} INFO - Started process (PID=2809) to work on /home/airflow/.local/lib/python3.7/site-packages/airflow/example_dags/example_task_group_decorator.py
[2022-10-16 07:04:14,009] {processor.py:642} INFO - Processing file /home/airflow/.local/lib/python3.7/site-packages/airflow/example_dags/example_task_group_decorator.py for tasks to queue
[2022-10-16 07:04:14,009] {logging_mixin.py:109} INFO - [2022-10-16 07:04:14,009] {dagbag.py:500} INFO - Filling up the DagBag from /home/airflow/.local/lib/python3.7/site-packages/airflow/example_dags/example_task_group_decorator.py
[2022-10-16 07:04:14,043] {processor.py:654} INFO - DAG(s) dict_keys(['example_task_group_decorator']) retrieved from /home/airflow/.local/lib/python3.7/site-packages/airflow/example_dags/example_task_group_decorator.py
[2022-10-16 07:04:14,186] {logging_mixin.py:109} INFO - [2022-10-16 07:04:14,186] {dag.py:2398} INFO - Sync 1 DAGs
[2022-10-16 07:04:14,197] {logging_mixin.py:109} INFO - [2022-10-16 07:04:14,197] {dag.py:2937} INFO - Setting next_dagrun for example_task_group_decorator to 2022-10-15T07:04:14.197311+00:00
[2022-10-16 07:04:14,213] {processor.py:171} INFO - Processing /home/airflow/.local/lib/python3.7/site-packages/airflow/example_dags/example_task_group_decorator.py took 0.207 seconds
[2022-10-16 07:04:44,234] {processor.py:163} INFO - Started process (PID=2872) to work on /home/airflow/.local/lib/python3.7/site-packages/airflow/example_dags/example_task_group_decorator.py
[2022-10-16 07:04:44,235] {processor.py:642} INFO - Processing file /home/airflow/.local/lib/python3.7/site-packages/airflow/example_dags/example_task_group_decorator.py for tasks to queue
[2022-10-16 07:04:44,236] {logging_mixin.py:109} INFO - [2022-10-16 07:04:44,236] {dagbag.py:500} INFO - Filling up the DagBag from /home/airflow/.local/lib/python3.7/site-packages/airflow/example_dags/example_task_group_decorator.py
[2022-10-16 07:04:44,266] {processor.py:654} INFO - DAG(s) dict_keys(['example_task_group_decorator']) retrieved from /home/airflow/.local/lib/python3.7/site-packages/airflow/example_dags/example_task_group_decorator.py
[2022-10-16 07:04:44,406] {logging_mixin.py:109} INFO - [2022-10-16 07:04:44,406] {dag.py:2398} INFO - Sync 1 DAGs
[2022-10-16 07:04:44,416] {logging_mixin.py:109} INFO - [2022-10-16 07:04:44,416] {dag.py:2937} INFO - Setting next_dagrun for example_task_group_decorator to 2022-10-15T07:04:44.415989+00:00
[2022-10-16 07:04:44,430] {processor.py:171} INFO - Processing /home/airflow/.local/lib/python3.7/site-packages/airflow/example_dags/example_task_group_decorator.py took 0.198 seconds
[2022-10-16 07:05:14,754] {processor.py:163} INFO - Started process (PID=2947) to work on /home/airflow/.local/lib/python3.7/site-packages/airflow/example_dags/example_task_group_decorator.py
[2022-10-16 07:05:14,755] {processor.py:642} INFO - Processing file /home/airflow/.local/lib/python3.7/site-packages/airflow/example_dags/example_task_group_decorator.py for tasks to queue
[2022-10-16 07:05:14,755] {logging_mixin.py:109} INFO - [2022-10-16 07:05:14,755] {dagbag.py:500} INFO - Filling up the DagBag from /home/airflow/.local/lib/python3.7/site-packages/airflow/example_dags/example_task_group_decorator.py
[2022-10-16 07:05:14,784] {processor.py:654} INFO - DAG(s) dict_keys(['example_task_group_decorator']) retrieved from /home/airflow/.local/lib/python3.7/site-packages/airflow/example_dags/example_task_group_decorator.py
[2022-10-16 07:05:14,926] {logging_mixin.py:109} INFO - [2022-10-16 07:05:14,926] {dag.py:2398} INFO - Sync 1 DAGs
[2022-10-16 07:05:14,936] {logging_mixin.py:109} INFO - [2022-10-16 07:05:14,936] {dag.py:2937} INFO - Setting next_dagrun for example_task_group_decorator to 2022-10-15T07:05:14.935962+00:00
[2022-10-16 07:05:14,945] {processor.py:171} INFO - Processing /home/airflow/.local/lib/python3.7/site-packages/airflow/example_dags/example_task_group_decorator.py took 0.193 seconds
[2022-10-16 07:05:45,386] {processor.py:163} INFO - Started process (PID=3000) to work on /home/airflow/.local/lib/python3.7/site-packages/airflow/example_dags/example_task_group_decorator.py
[2022-10-16 07:05:45,387] {processor.py:642} INFO - Processing file /home/airflow/.local/lib/python3.7/site-packages/airflow/example_dags/example_task_group_decorator.py for tasks to queue
[2022-10-16 07:05:45,387] {logging_mixin.py:109} INFO - [2022-10-16 07:05:45,387] {dagbag.py:500} INFO - Filling up the DagBag from /home/airflow/.local/lib/python3.7/site-packages/airflow/example_dags/example_task_group_decorator.py
[2022-10-16 07:05:45,426] {processor.py:654} INFO - DAG(s) dict_keys(['example_task_group_decorator']) retrieved from /home/airflow/.local/lib/python3.7/site-packages/airflow/example_dags/example_task_group_decorator.py
[2022-10-16 07:05:45,608] {logging_mixin.py:109} INFO - [2022-10-16 07:05:45,608] {dag.py:2398} INFO - Sync 1 DAGs
[2022-10-16 07:05:45,618] {logging_mixin.py:109} INFO - [2022-10-16 07:05:45,617] {dag.py:2937} INFO - Setting next_dagrun for example_task_group_decorator to 2022-10-15T07:05:45.617807+00:00
[2022-10-16 07:05:45,632] {processor.py:171} INFO - Processing /home/airflow/.local/lib/python3.7/site-packages/airflow/example_dags/example_task_group_decorator.py took 0.249 seconds
[2022-10-16 07:06:16,512] {processor.py:163} INFO - Started process (PID=3071) to work on /home/airflow/.local/lib/python3.7/site-packages/airflow/example_dags/example_task_group_decorator.py
[2022-10-16 07:06:16,512] {processor.py:642} INFO - Processing file /home/airflow/.local/lib/python3.7/site-packages/airflow/example_dags/example_task_group_decorator.py for tasks to queue
[2022-10-16 07:06:16,513] {logging_mixin.py:109} INFO - [2022-10-16 07:06:16,513] {dagbag.py:500} INFO - Filling up the DagBag from /home/airflow/.local/lib/python3.7/site-packages/airflow/example_dags/example_task_group_decorator.py
[2022-10-16 07:06:16,551] {processor.py:654} INFO - DAG(s) dict_keys(['example_task_group_decorator']) retrieved from /home/airflow/.local/lib/python3.7/site-packages/airflow/example_dags/example_task_group_decorator.py
[2022-10-16 07:06:16,732] {logging_mixin.py:109} INFO - [2022-10-16 07:06:16,732] {dag.py:2398} INFO - Sync 1 DAGs
[2022-10-16 07:06:16,741] {logging_mixin.py:109} INFO - [2022-10-16 07:06:16,741] {dag.py:2937} INFO - Setting next_dagrun for example_task_group_decorator to 2022-10-15T07:06:16.740919+00:00
[2022-10-16 07:06:16,755] {processor.py:171} INFO - Processing /home/airflow/.local/lib/python3.7/site-packages/airflow/example_dags/example_task_group_decorator.py took 0.246 seconds
[2022-10-16 07:06:47,667] {processor.py:163} INFO - Started process (PID=3133) to work on /home/airflow/.local/lib/python3.7/site-packages/airflow/example_dags/example_task_group_decorator.py
[2022-10-16 07:06:47,668] {processor.py:642} INFO - Processing file /home/airflow/.local/lib/python3.7/site-packages/airflow/example_dags/example_task_group_decorator.py for tasks to queue
[2022-10-16 07:06:47,669] {logging_mixin.py:109} INFO - [2022-10-16 07:06:47,669] {dagbag.py:500} INFO - Filling up the DagBag from /home/airflow/.local/lib/python3.7/site-packages/airflow/example_dags/example_task_group_decorator.py
[2022-10-16 07:06:47,709] {processor.py:654} INFO - DAG(s) dict_keys(['example_task_group_decorator']) retrieved from /home/airflow/.local/lib/python3.7/site-packages/airflow/example_dags/example_task_group_decorator.py
[2022-10-16 07:06:47,891] {logging_mixin.py:109} INFO - [2022-10-16 07:06:47,891] {dag.py:2398} INFO - Sync 1 DAGs
[2022-10-16 07:06:47,900] {logging_mixin.py:109} INFO - [2022-10-16 07:06:47,900] {dag.py:2937} INFO - Setting next_dagrun for example_task_group_decorator to 2022-10-15T07:06:47.900117+00:00
[2022-10-16 07:06:47,909] {processor.py:171} INFO - Processing /home/airflow/.local/lib/python3.7/site-packages/airflow/example_dags/example_task_group_decorator.py took 0.244 seconds
[2022-10-16 07:07:18,919] {processor.py:163} INFO - Started process (PID=3204) to work on /home/airflow/.local/lib/python3.7/site-packages/airflow/example_dags/example_task_group_decorator.py
[2022-10-16 07:07:18,920] {processor.py:642} INFO - Processing file /home/airflow/.local/lib/python3.7/site-packages/airflow/example_dags/example_task_group_decorator.py for tasks to queue
[2022-10-16 07:07:18,920] {logging_mixin.py:109} INFO - [2022-10-16 07:07:18,920] {dagbag.py:500} INFO - Filling up the DagBag from /home/airflow/.local/lib/python3.7/site-packages/airflow/example_dags/example_task_group_decorator.py
[2022-10-16 07:07:18,967] {processor.py:654} INFO - DAG(s) dict_keys(['example_task_group_decorator']) retrieved from /home/airflow/.local/lib/python3.7/site-packages/airflow/example_dags/example_task_group_decorator.py
[2022-10-16 07:07:19,148] {logging_mixin.py:109} INFO - [2022-10-16 07:07:19,147] {dag.py:2398} INFO - Sync 1 DAGs
[2022-10-16 07:07:19,158] {logging_mixin.py:109} INFO - [2022-10-16 07:07:19,158] {dag.py:2937} INFO - Setting next_dagrun for example_task_group_decorator to 2022-10-15T07:07:19.158022+00:00
[2022-10-16 07:07:19,173] {processor.py:171} INFO - Processing /home/airflow/.local/lib/python3.7/site-packages/airflow/example_dags/example_task_group_decorator.py took 0.256 seconds
[2022-10-16 07:07:50,124] {processor.py:163} INFO - Started process (PID=3275) to work on /home/airflow/.local/lib/python3.7/site-packages/airflow/example_dags/example_task_group_decorator.py
[2022-10-16 07:07:50,125] {processor.py:642} INFO - Processing file /home/airflow/.local/lib/python3.7/site-packages/airflow/example_dags/example_task_group_decorator.py for tasks to queue
[2022-10-16 07:07:50,125] {logging_mixin.py:109} INFO - [2022-10-16 07:07:50,125] {dagbag.py:500} INFO - Filling up the DagBag from /home/airflow/.local/lib/python3.7/site-packages/airflow/example_dags/example_task_group_decorator.py
[2022-10-16 07:07:50,168] {processor.py:654} INFO - DAG(s) dict_keys(['example_task_group_decorator']) retrieved from /home/airflow/.local/lib/python3.7/site-packages/airflow/example_dags/example_task_group_decorator.py
[2022-10-16 07:07:50,420] {logging_mixin.py:109} INFO - [2022-10-16 07:07:50,419] {dag.py:2398} INFO - Sync 1 DAGs
[2022-10-16 07:07:50,436] {logging_mixin.py:109} INFO - [2022-10-16 07:07:50,436] {dag.py:2937} INFO - Setting next_dagrun for example_task_group_decorator to 2022-10-15T07:07:50.435832+00:00
[2022-10-16 07:07:50,447] {processor.py:171} INFO - Processing /home/airflow/.local/lib/python3.7/site-packages/airflow/example_dags/example_task_group_decorator.py took 0.326 seconds
[2022-10-16 07:08:21,446] {processor.py:163} INFO - Started process (PID=3339) to work on /home/airflow/.local/lib/python3.7/site-packages/airflow/example_dags/example_task_group_decorator.py
[2022-10-16 07:08:21,447] {processor.py:642} INFO - Processing file /home/airflow/.local/lib/python3.7/site-packages/airflow/example_dags/example_task_group_decorator.py for tasks to queue
[2022-10-16 07:08:21,448] {logging_mixin.py:109} INFO - [2022-10-16 07:08:21,448] {dagbag.py:500} INFO - Filling up the DagBag from /home/airflow/.local/lib/python3.7/site-packages/airflow/example_dags/example_task_group_decorator.py
[2022-10-16 07:08:21,487] {processor.py:654} INFO - DAG(s) dict_keys(['example_task_group_decorator']) retrieved from /home/airflow/.local/lib/python3.7/site-packages/airflow/example_dags/example_task_group_decorator.py
[2022-10-16 07:08:21,661] {logging_mixin.py:109} INFO - [2022-10-16 07:08:21,661] {dag.py:2398} INFO - Sync 1 DAGs
[2022-10-16 07:08:21,672] {logging_mixin.py:109} INFO - [2022-10-16 07:08:21,672] {dag.py:2937} INFO - Setting next_dagrun for example_task_group_decorator to 2022-10-15T07:08:21.672040+00:00
[2022-10-16 07:08:21,681] {processor.py:171} INFO - Processing /home/airflow/.local/lib/python3.7/site-packages/airflow/example_dags/example_task_group_decorator.py took 0.237 seconds
[2022-10-16 07:08:52,651] {processor.py:163} INFO - Started process (PID=3412) to work on /home/airflow/.local/lib/python3.7/site-packages/airflow/example_dags/example_task_group_decorator.py
[2022-10-16 07:08:52,652] {processor.py:642} INFO - Processing file /home/airflow/.local/lib/python3.7/site-packages/airflow/example_dags/example_task_group_decorator.py for tasks to queue
[2022-10-16 07:08:52,652] {logging_mixin.py:109} INFO - [2022-10-16 07:08:52,652] {dagbag.py:500} INFO - Filling up the DagBag from /home/airflow/.local/lib/python3.7/site-packages/airflow/example_dags/example_task_group_decorator.py
[2022-10-16 07:08:52,688] {processor.py:654} INFO - DAG(s) dict_keys(['example_task_group_decorator']) retrieved from /home/airflow/.local/lib/python3.7/site-packages/airflow/example_dags/example_task_group_decorator.py
[2022-10-16 07:08:52,868] {logging_mixin.py:109} INFO - [2022-10-16 07:08:52,868] {dag.py:2398} INFO - Sync 1 DAGs
[2022-10-16 07:08:52,878] {logging_mixin.py:109} INFO - [2022-10-16 07:08:52,877] {dag.py:2937} INFO - Setting next_dagrun for example_task_group_decorator to 2022-10-15T07:08:52.877760+00:00
[2022-10-16 07:08:52,892] {processor.py:171} INFO - Processing /home/airflow/.local/lib/python3.7/site-packages/airflow/example_dags/example_task_group_decorator.py took 0.243 seconds
[2022-10-16 07:09:23,676] {processor.py:163} INFO - Started process (PID=3475) to work on /home/airflow/.local/lib/python3.7/site-packages/airflow/example_dags/example_task_group_decorator.py
[2022-10-16 07:09:23,676] {processor.py:642} INFO - Processing file /home/airflow/.local/lib/python3.7/site-packages/airflow/example_dags/example_task_group_decorator.py for tasks to queue
[2022-10-16 07:09:23,677] {logging_mixin.py:109} INFO - [2022-10-16 07:09:23,677] {dagbag.py:500} INFO - Filling up the DagBag from /home/airflow/.local/lib/python3.7/site-packages/airflow/example_dags/example_task_group_decorator.py
[2022-10-16 07:09:23,716] {processor.py:654} INFO - DAG(s) dict_keys(['example_task_group_decorator']) retrieved from /home/airflow/.local/lib/python3.7/site-packages/airflow/example_dags/example_task_group_decorator.py
[2022-10-16 07:09:23,884] {logging_mixin.py:109} INFO - [2022-10-16 07:09:23,884] {dag.py:2398} INFO - Sync 1 DAGs
[2022-10-16 07:09:23,894] {logging_mixin.py:109} INFO - [2022-10-16 07:09:23,894] {dag.py:2937} INFO - Setting next_dagrun for example_task_group_decorator to 2022-10-15T07:09:23.894690+00:00
[2022-10-16 07:09:23,919] {processor.py:171} INFO - Processing /home/airflow/.local/lib/python3.7/site-packages/airflow/example_dags/example_task_group_decorator.py took 0.245 seconds
[2022-10-16 07:09:54,646] {processor.py:163} INFO - Started process (PID=3548) to work on /home/airflow/.local/lib/python3.7/site-packages/airflow/example_dags/example_task_group_decorator.py
[2022-10-16 07:09:54,647] {processor.py:642} INFO - Processing file /home/airflow/.local/lib/python3.7/site-packages/airflow/example_dags/example_task_group_decorator.py for tasks to queue
[2022-10-16 07:09:54,647] {logging_mixin.py:109} INFO - [2022-10-16 07:09:54,647] {dagbag.py:500} INFO - Filling up the DagBag from /home/airflow/.local/lib/python3.7/site-packages/airflow/example_dags/example_task_group_decorator.py
[2022-10-16 07:09:54,686] {processor.py:654} INFO - DAG(s) dict_keys(['example_task_group_decorator']) retrieved from /home/airflow/.local/lib/python3.7/site-packages/airflow/example_dags/example_task_group_decorator.py
[2022-10-16 07:09:54,875] {logging_mixin.py:109} INFO - [2022-10-16 07:09:54,875] {dag.py:2398} INFO - Sync 1 DAGs
[2022-10-16 07:09:54,887] {logging_mixin.py:109} INFO - [2022-10-16 07:09:54,886] {dag.py:2937} INFO - Setting next_dagrun for example_task_group_decorator to 2022-10-15T07:09:54.886742+00:00
[2022-10-16 07:09:54,902] {processor.py:171} INFO - Processing /home/airflow/.local/lib/python3.7/site-packages/airflow/example_dags/example_task_group_decorator.py took 0.258 seconds
[2022-10-16 07:10:25,871] {processor.py:163} INFO - Started process (PID=3611) to work on /home/airflow/.local/lib/python3.7/site-packages/airflow/example_dags/example_task_group_decorator.py
[2022-10-16 07:10:25,872] {processor.py:642} INFO - Processing file /home/airflow/.local/lib/python3.7/site-packages/airflow/example_dags/example_task_group_decorator.py for tasks to queue
[2022-10-16 07:10:25,872] {logging_mixin.py:109} INFO - [2022-10-16 07:10:25,872] {dagbag.py:500} INFO - Filling up the DagBag from /home/airflow/.local/lib/python3.7/site-packages/airflow/example_dags/example_task_group_decorator.py
[2022-10-16 07:10:25,908] {processor.py:654} INFO - DAG(s) dict_keys(['example_task_group_decorator']) retrieved from /home/airflow/.local/lib/python3.7/site-packages/airflow/example_dags/example_task_group_decorator.py
[2022-10-16 07:10:26,081] {logging_mixin.py:109} INFO - [2022-10-16 07:10:26,081] {dag.py:2398} INFO - Sync 1 DAGs
[2022-10-16 07:10:26,092] {logging_mixin.py:109} INFO - [2022-10-16 07:10:26,092] {dag.py:2937} INFO - Setting next_dagrun for example_task_group_decorator to 2022-10-15T07:10:26.092583+00:00
[2022-10-16 07:10:26,108] {processor.py:171} INFO - Processing /home/airflow/.local/lib/python3.7/site-packages/airflow/example_dags/example_task_group_decorator.py took 0.239 seconds
[2022-10-16 07:10:56,140] {processor.py:163} INFO - Started process (PID=3685) to work on /home/airflow/.local/lib/python3.7/site-packages/airflow/example_dags/example_task_group_decorator.py
[2022-10-16 07:10:56,140] {processor.py:642} INFO - Processing file /home/airflow/.local/lib/python3.7/site-packages/airflow/example_dags/example_task_group_decorator.py for tasks to queue
[2022-10-16 07:10:56,141] {logging_mixin.py:109} INFO - [2022-10-16 07:10:56,141] {dagbag.py:500} INFO - Filling up the DagBag from /home/airflow/.local/lib/python3.7/site-packages/airflow/example_dags/example_task_group_decorator.py
[2022-10-16 07:10:56,170] {processor.py:654} INFO - DAG(s) dict_keys(['example_task_group_decorator']) retrieved from /home/airflow/.local/lib/python3.7/site-packages/airflow/example_dags/example_task_group_decorator.py
[2022-10-16 07:10:56,326] {logging_mixin.py:109} INFO - [2022-10-16 07:10:56,325] {dag.py:2398} INFO - Sync 1 DAGs
[2022-10-16 07:10:56,336] {logging_mixin.py:109} INFO - [2022-10-16 07:10:56,336] {dag.py:2937} INFO - Setting next_dagrun for example_task_group_decorator to 2022-10-15T07:10:56.335849+00:00
[2022-10-16 07:10:56,351] {processor.py:171} INFO - Processing /home/airflow/.local/lib/python3.7/site-packages/airflow/example_dags/example_task_group_decorator.py took 0.213 seconds
[2022-10-16 07:11:26,477] {processor.py:163} INFO - Started process (PID=3752) to work on /home/airflow/.local/lib/python3.7/site-packages/airflow/example_dags/example_task_group_decorator.py
[2022-10-16 07:11:26,479] {processor.py:642} INFO - Processing file /home/airflow/.local/lib/python3.7/site-packages/airflow/example_dags/example_task_group_decorator.py for tasks to queue
[2022-10-16 07:11:26,479] {logging_mixin.py:109} INFO - [2022-10-16 07:11:26,479] {dagbag.py:500} INFO - Filling up the DagBag from /home/airflow/.local/lib/python3.7/site-packages/airflow/example_dags/example_task_group_decorator.py
[2022-10-16 07:11:26,509] {processor.py:654} INFO - DAG(s) dict_keys(['example_task_group_decorator']) retrieved from /home/airflow/.local/lib/python3.7/site-packages/airflow/example_dags/example_task_group_decorator.py
[2022-10-16 07:11:26,646] {logging_mixin.py:109} INFO - [2022-10-16 07:11:26,646] {dag.py:2398} INFO - Sync 1 DAGs
[2022-10-16 07:11:26,655] {logging_mixin.py:109} INFO - [2022-10-16 07:11:26,655] {dag.py:2937} INFO - Setting next_dagrun for example_task_group_decorator to 2022-10-15T07:11:26.655299+00:00
[2022-10-16 07:11:26,669] {processor.py:171} INFO - Processing /home/airflow/.local/lib/python3.7/site-packages/airflow/example_dags/example_task_group_decorator.py took 0.194 seconds
[2022-10-16 07:11:57,661] {processor.py:163} INFO - Started process (PID=3824) to work on /home/airflow/.local/lib/python3.7/site-packages/airflow/example_dags/example_task_group_decorator.py
[2022-10-16 07:11:57,662] {processor.py:642} INFO - Processing file /home/airflow/.local/lib/python3.7/site-packages/airflow/example_dags/example_task_group_decorator.py for tasks to queue
[2022-10-16 07:11:57,662] {logging_mixin.py:109} INFO - [2022-10-16 07:11:57,662] {dagbag.py:500} INFO - Filling up the DagBag from /home/airflow/.local/lib/python3.7/site-packages/airflow/example_dags/example_task_group_decorator.py
[2022-10-16 07:11:57,694] {processor.py:654} INFO - DAG(s) dict_keys(['example_task_group_decorator']) retrieved from /home/airflow/.local/lib/python3.7/site-packages/airflow/example_dags/example_task_group_decorator.py
[2022-10-16 07:11:57,872] {logging_mixin.py:109} INFO - [2022-10-16 07:11:57,871] {dag.py:2398} INFO - Sync 1 DAGs
[2022-10-16 07:11:57,882] {logging_mixin.py:109} INFO - [2022-10-16 07:11:57,882] {dag.py:2937} INFO - Setting next_dagrun for example_task_group_decorator to 2022-10-15T07:11:57.882127+00:00
[2022-10-16 07:11:57,910] {processor.py:171} INFO - Processing /home/airflow/.local/lib/python3.7/site-packages/airflow/example_dags/example_task_group_decorator.py took 0.251 seconds
[2022-10-16 07:12:28,882] {processor.py:163} INFO - Started process (PID=3886) to work on /home/airflow/.local/lib/python3.7/site-packages/airflow/example_dags/example_task_group_decorator.py
[2022-10-16 07:12:28,884] {processor.py:642} INFO - Processing file /home/airflow/.local/lib/python3.7/site-packages/airflow/example_dags/example_task_group_decorator.py for tasks to queue
[2022-10-16 07:12:28,884] {logging_mixin.py:109} INFO - [2022-10-16 07:12:28,884] {dagbag.py:500} INFO - Filling up the DagBag from /home/airflow/.local/lib/python3.7/site-packages/airflow/example_dags/example_task_group_decorator.py
[2022-10-16 07:12:28,915] {processor.py:654} INFO - DAG(s) dict_keys(['example_task_group_decorator']) retrieved from /home/airflow/.local/lib/python3.7/site-packages/airflow/example_dags/example_task_group_decorator.py
[2022-10-16 07:12:29,054] {logging_mixin.py:109} INFO - [2022-10-16 07:12:29,054] {dag.py:2398} INFO - Sync 1 DAGs
[2022-10-16 07:12:29,064] {logging_mixin.py:109} INFO - [2022-10-16 07:12:29,064] {dag.py:2937} INFO - Setting next_dagrun for example_task_group_decorator to 2022-10-15T07:12:29.063932+00:00
[2022-10-16 07:12:29,085] {processor.py:171} INFO - Processing /home/airflow/.local/lib/python3.7/site-packages/airflow/example_dags/example_task_group_decorator.py took 0.205 seconds
[2022-10-16 07:12:59,989] {processor.py:163} INFO - Started process (PID=3957) to work on /home/airflow/.local/lib/python3.7/site-packages/airflow/example_dags/example_task_group_decorator.py
[2022-10-16 07:12:59,991] {processor.py:642} INFO - Processing file /home/airflow/.local/lib/python3.7/site-packages/airflow/example_dags/example_task_group_decorator.py for tasks to queue
[2022-10-16 07:12:59,991] {logging_mixin.py:109} INFO - [2022-10-16 07:12:59,991] {dagbag.py:500} INFO - Filling up the DagBag from /home/airflow/.local/lib/python3.7/site-packages/airflow/example_dags/example_task_group_decorator.py
[2022-10-16 07:13:00,021] {processor.py:654} INFO - DAG(s) dict_keys(['example_task_group_decorator']) retrieved from /home/airflow/.local/lib/python3.7/site-packages/airflow/example_dags/example_task_group_decorator.py
[2022-10-16 07:13:00,164] {logging_mixin.py:109} INFO - [2022-10-16 07:13:00,164] {dag.py:2398} INFO - Sync 1 DAGs
[2022-10-16 07:13:00,174] {logging_mixin.py:109} INFO - [2022-10-16 07:13:00,174] {dag.py:2937} INFO - Setting next_dagrun for example_task_group_decorator to 2022-10-15T07:13:00.174666+00:00
[2022-10-16 07:13:00,192] {processor.py:171} INFO - Processing /home/airflow/.local/lib/python3.7/site-packages/airflow/example_dags/example_task_group_decorator.py took 0.205 seconds
[2022-10-16 07:13:31,174] {processor.py:163} INFO - Started process (PID=4020) to work on /home/airflow/.local/lib/python3.7/site-packages/airflow/example_dags/example_task_group_decorator.py
[2022-10-16 07:13:31,175] {processor.py:642} INFO - Processing file /home/airflow/.local/lib/python3.7/site-packages/airflow/example_dags/example_task_group_decorator.py for tasks to queue
[2022-10-16 07:13:31,176] {logging_mixin.py:109} INFO - [2022-10-16 07:13:31,176] {dagbag.py:500} INFO - Filling up the DagBag from /home/airflow/.local/lib/python3.7/site-packages/airflow/example_dags/example_task_group_decorator.py
[2022-10-16 07:13:31,215] {processor.py:654} INFO - DAG(s) dict_keys(['example_task_group_decorator']) retrieved from /home/airflow/.local/lib/python3.7/site-packages/airflow/example_dags/example_task_group_decorator.py
[2022-10-16 07:13:31,373] {logging_mixin.py:109} INFO - [2022-10-16 07:13:31,372] {dag.py:2398} INFO - Sync 1 DAGs
[2022-10-16 07:13:31,383] {logging_mixin.py:109} INFO - [2022-10-16 07:13:31,383] {dag.py:2937} INFO - Setting next_dagrun for example_task_group_decorator to 2022-10-15T07:13:31.383473+00:00
[2022-10-16 07:13:31,404] {processor.py:171} INFO - Processing /home/airflow/.local/lib/python3.7/site-packages/airflow/example_dags/example_task_group_decorator.py took 0.232 seconds
[2022-10-16 07:14:01,669] {processor.py:163} INFO - Started process (PID=4092) to work on /home/airflow/.local/lib/python3.7/site-packages/airflow/example_dags/example_task_group_decorator.py
[2022-10-16 07:14:01,670] {processor.py:642} INFO - Processing file /home/airflow/.local/lib/python3.7/site-packages/airflow/example_dags/example_task_group_decorator.py for tasks to queue
[2022-10-16 07:14:01,671] {logging_mixin.py:109} INFO - [2022-10-16 07:14:01,671] {dagbag.py:500} INFO - Filling up the DagBag from /home/airflow/.local/lib/python3.7/site-packages/airflow/example_dags/example_task_group_decorator.py
[2022-10-16 07:14:01,701] {processor.py:654} INFO - DAG(s) dict_keys(['example_task_group_decorator']) retrieved from /home/airflow/.local/lib/python3.7/site-packages/airflow/example_dags/example_task_group_decorator.py
[2022-10-16 07:14:01,869] {logging_mixin.py:109} INFO - [2022-10-16 07:14:01,869] {dag.py:2398} INFO - Sync 1 DAGs
[2022-10-16 07:14:01,880] {logging_mixin.py:109} INFO - [2022-10-16 07:14:01,880] {dag.py:2937} INFO - Setting next_dagrun for example_task_group_decorator to 2022-10-15T07:14:01.880047+00:00
[2022-10-16 07:14:01,889] {processor.py:171} INFO - Processing /home/airflow/.local/lib/python3.7/site-packages/airflow/example_dags/example_task_group_decorator.py took 0.222 seconds
[2022-10-16 07:14:32,837] {processor.py:163} INFO - Started process (PID=4154) to work on /home/airflow/.local/lib/python3.7/site-packages/airflow/example_dags/example_task_group_decorator.py
[2022-10-16 07:14:32,838] {processor.py:642} INFO - Processing file /home/airflow/.local/lib/python3.7/site-packages/airflow/example_dags/example_task_group_decorator.py for tasks to queue
[2022-10-16 07:14:32,838] {logging_mixin.py:109} INFO - [2022-10-16 07:14:32,838] {dagbag.py:500} INFO - Filling up the DagBag from /home/airflow/.local/lib/python3.7/site-packages/airflow/example_dags/example_task_group_decorator.py
[2022-10-16 07:14:32,868] {processor.py:654} INFO - DAG(s) dict_keys(['example_task_group_decorator']) retrieved from /home/airflow/.local/lib/python3.7/site-packages/airflow/example_dags/example_task_group_decorator.py
[2022-10-16 07:14:33,007] {logging_mixin.py:109} INFO - [2022-10-16 07:14:33,007] {dag.py:2398} INFO - Sync 1 DAGs
[2022-10-16 07:14:33,018] {logging_mixin.py:109} INFO - [2022-10-16 07:14:33,018] {dag.py:2937} INFO - Setting next_dagrun for example_task_group_decorator to 2022-10-15T07:14:33.017859+00:00
[2022-10-16 07:14:33,027] {processor.py:171} INFO - Processing /home/airflow/.local/lib/python3.7/site-packages/airflow/example_dags/example_task_group_decorator.py took 0.193 seconds
[2022-10-16 07:15:03,337] {processor.py:163} INFO - Started process (PID=4227) to work on /home/airflow/.local/lib/python3.7/site-packages/airflow/example_dags/example_task_group_decorator.py
[2022-10-16 07:15:03,338] {processor.py:642} INFO - Processing file /home/airflow/.local/lib/python3.7/site-packages/airflow/example_dags/example_task_group_decorator.py for tasks to queue
[2022-10-16 07:15:03,339] {logging_mixin.py:109} INFO - [2022-10-16 07:15:03,339] {dagbag.py:500} INFO - Filling up the DagBag from /home/airflow/.local/lib/python3.7/site-packages/airflow/example_dags/example_task_group_decorator.py
[2022-10-16 07:15:03,369] {processor.py:654} INFO - DAG(s) dict_keys(['example_task_group_decorator']) retrieved from /home/airflow/.local/lib/python3.7/site-packages/airflow/example_dags/example_task_group_decorator.py
[2022-10-16 07:15:03,514] {logging_mixin.py:109} INFO - [2022-10-16 07:15:03,514] {dag.py:2398} INFO - Sync 1 DAGs
[2022-10-16 07:15:03,525] {logging_mixin.py:109} INFO - [2022-10-16 07:15:03,525] {dag.py:2937} INFO - Setting next_dagrun for example_task_group_decorator to 2022-10-15T07:15:03.525566+00:00
[2022-10-16 07:15:03,542] {processor.py:171} INFO - Processing /home/airflow/.local/lib/python3.7/site-packages/airflow/example_dags/example_task_group_decorator.py took 0.207 seconds
