[2022-10-16 06:43:22,878] {processor.py:163} INFO - Started process (PID=61) to work on /home/airflow/.local/lib/python3.7/site-packages/airflow/example_dags/example_branch_labels.py
[2022-10-16 06:43:22,879] {processor.py:642} INFO - Processing file /home/airflow/.local/lib/python3.7/site-packages/airflow/example_dags/example_branch_labels.py for tasks to queue
[2022-10-16 06:43:22,879] {logging_mixin.py:109} INFO - [2022-10-16 06:43:22,879] {dagbag.py:500} INFO - Filling up the DagBag from /home/airflow/.local/lib/python3.7/site-packages/airflow/example_dags/example_branch_labels.py
[2022-10-16 06:43:22,919] {processor.py:654} INFO - DAG(s) dict_keys(['example_branch_labels']) retrieved from /home/airflow/.local/lib/python3.7/site-packages/airflow/example_dags/example_branch_labels.py
[2022-10-16 06:43:22,927] {logging_mixin.py:109} INFO - [2022-10-16 06:43:22,927] {dag.py:2398} INFO - Sync 1 DAGs
[2022-10-16 06:43:22,941] {logging_mixin.py:109} INFO - [2022-10-16 06:43:22,941] {dag.py:2937} INFO - Setting next_dagrun for example_branch_labels to 2022-10-15 00:00:00+00:00
[2022-10-16 06:43:22,955] {processor.py:171} INFO - Processing /home/airflow/.local/lib/python3.7/site-packages/airflow/example_dags/example_branch_labels.py took 0.079 seconds
[2022-10-16 06:43:53,726] {processor.py:163} INFO - Started process (PID=125) to work on /home/airflow/.local/lib/python3.7/site-packages/airflow/example_dags/example_branch_labels.py
[2022-10-16 06:43:53,727] {processor.py:642} INFO - Processing file /home/airflow/.local/lib/python3.7/site-packages/airflow/example_dags/example_branch_labels.py for tasks to queue
[2022-10-16 06:43:53,728] {logging_mixin.py:109} INFO - [2022-10-16 06:43:53,727] {dagbag.py:500} INFO - Filling up the DagBag from /home/airflow/.local/lib/python3.7/site-packages/airflow/example_dags/example_branch_labels.py
[2022-10-16 06:43:53,748] {processor.py:654} INFO - DAG(s) dict_keys(['example_branch_labels']) retrieved from /home/airflow/.local/lib/python3.7/site-packages/airflow/example_dags/example_branch_labels.py
[2022-10-16 06:43:53,755] {logging_mixin.py:109} INFO - [2022-10-16 06:43:53,755] {dag.py:2398} INFO - Sync 1 DAGs
[2022-10-16 06:43:53,768] {logging_mixin.py:109} INFO - [2022-10-16 06:43:53,767] {dag.py:2937} INFO - Setting next_dagrun for example_branch_labels to 2022-10-15 00:00:00+00:00
[2022-10-16 06:43:53,774] {processor.py:171} INFO - Processing /home/airflow/.local/lib/python3.7/site-packages/airflow/example_dags/example_branch_labels.py took 0.050 seconds
[2022-10-16 06:44:24,439] {processor.py:163} INFO - Started process (PID=187) to work on /home/airflow/.local/lib/python3.7/site-packages/airflow/example_dags/example_branch_labels.py
[2022-10-16 06:44:24,440] {processor.py:642} INFO - Processing file /home/airflow/.local/lib/python3.7/site-packages/airflow/example_dags/example_branch_labels.py for tasks to queue
[2022-10-16 06:44:24,440] {logging_mixin.py:109} INFO - [2022-10-16 06:44:24,440] {dagbag.py:500} INFO - Filling up the DagBag from /home/airflow/.local/lib/python3.7/site-packages/airflow/example_dags/example_branch_labels.py
[2022-10-16 06:44:24,463] {processor.py:654} INFO - DAG(s) dict_keys(['example_branch_labels']) retrieved from /home/airflow/.local/lib/python3.7/site-packages/airflow/example_dags/example_branch_labels.py
[2022-10-16 06:44:24,474] {logging_mixin.py:109} INFO - [2022-10-16 06:44:24,474] {dag.py:2398} INFO - Sync 1 DAGs
[2022-10-16 06:44:24,497] {logging_mixin.py:109} INFO - [2022-10-16 06:44:24,497] {dag.py:2937} INFO - Setting next_dagrun for example_branch_labels to 2022-10-15 00:00:00+00:00
[2022-10-16 06:44:24,521] {processor.py:171} INFO - Processing /home/airflow/.local/lib/python3.7/site-packages/airflow/example_dags/example_branch_labels.py took 0.084 seconds
[2022-10-16 06:44:54,634] {processor.py:163} INFO - Started process (PID=255) to work on /home/airflow/.local/lib/python3.7/site-packages/airflow/example_dags/example_branch_labels.py
[2022-10-16 06:44:54,646] {processor.py:642} INFO - Processing file /home/airflow/.local/lib/python3.7/site-packages/airflow/example_dags/example_branch_labels.py for tasks to queue
[2022-10-16 06:44:54,647] {logging_mixin.py:109} INFO - [2022-10-16 06:44:54,647] {dagbag.py:500} INFO - Filling up the DagBag from /home/airflow/.local/lib/python3.7/site-packages/airflow/example_dags/example_branch_labels.py
[2022-10-16 06:44:54,671] {processor.py:654} INFO - DAG(s) dict_keys(['example_branch_labels']) retrieved from /home/airflow/.local/lib/python3.7/site-packages/airflow/example_dags/example_branch_labels.py
[2022-10-16 06:44:54,680] {logging_mixin.py:109} INFO - [2022-10-16 06:44:54,680] {dag.py:2398} INFO - Sync 1 DAGs
[2022-10-16 06:44:54,695] {logging_mixin.py:109} INFO - [2022-10-16 06:44:54,695] {dag.py:2937} INFO - Setting next_dagrun for example_branch_labels to 2022-10-15 00:00:00+00:00
[2022-10-16 06:44:54,709] {processor.py:171} INFO - Processing /home/airflow/.local/lib/python3.7/site-packages/airflow/example_dags/example_branch_labels.py took 0.078 seconds
[2022-10-16 06:45:25,657] {processor.py:163} INFO - Started process (PID=319) to work on /home/airflow/.local/lib/python3.7/site-packages/airflow/example_dags/example_branch_labels.py
[2022-10-16 06:45:25,658] {processor.py:642} INFO - Processing file /home/airflow/.local/lib/python3.7/site-packages/airflow/example_dags/example_branch_labels.py for tasks to queue
[2022-10-16 06:45:25,659] {logging_mixin.py:109} INFO - [2022-10-16 06:45:25,659] {dagbag.py:500} INFO - Filling up the DagBag from /home/airflow/.local/lib/python3.7/site-packages/airflow/example_dags/example_branch_labels.py
[2022-10-16 06:45:25,681] {processor.py:654} INFO - DAG(s) dict_keys(['example_branch_labels']) retrieved from /home/airflow/.local/lib/python3.7/site-packages/airflow/example_dags/example_branch_labels.py
[2022-10-16 06:45:25,691] {logging_mixin.py:109} INFO - [2022-10-16 06:45:25,690] {dag.py:2398} INFO - Sync 1 DAGs
[2022-10-16 06:45:25,709] {logging_mixin.py:109} INFO - [2022-10-16 06:45:25,709] {dag.py:2937} INFO - Setting next_dagrun for example_branch_labels to 2022-10-15 00:00:00+00:00
[2022-10-16 06:45:25,723] {processor.py:171} INFO - Processing /home/airflow/.local/lib/python3.7/site-packages/airflow/example_dags/example_branch_labels.py took 0.068 seconds
[2022-10-16 06:45:55,761] {processor.py:163} INFO - Started process (PID=390) to work on /home/airflow/.local/lib/python3.7/site-packages/airflow/example_dags/example_branch_labels.py
[2022-10-16 06:45:55,762] {processor.py:642} INFO - Processing file /home/airflow/.local/lib/python3.7/site-packages/airflow/example_dags/example_branch_labels.py for tasks to queue
[2022-10-16 06:45:55,762] {logging_mixin.py:109} INFO - [2022-10-16 06:45:55,762] {dagbag.py:500} INFO - Filling up the DagBag from /home/airflow/.local/lib/python3.7/site-packages/airflow/example_dags/example_branch_labels.py
[2022-10-16 06:45:55,785] {processor.py:654} INFO - DAG(s) dict_keys(['example_branch_labels']) retrieved from /home/airflow/.local/lib/python3.7/site-packages/airflow/example_dags/example_branch_labels.py
[2022-10-16 06:45:55,792] {logging_mixin.py:109} INFO - [2022-10-16 06:45:55,792] {dag.py:2398} INFO - Sync 1 DAGs
[2022-10-16 06:45:55,806] {logging_mixin.py:109} INFO - [2022-10-16 06:45:55,806] {dag.py:2937} INFO - Setting next_dagrun for example_branch_labels to 2022-10-15 00:00:00+00:00
[2022-10-16 06:45:55,814] {processor.py:171} INFO - Processing /home/airflow/.local/lib/python3.7/site-packages/airflow/example_dags/example_branch_labels.py took 0.055 seconds
[2022-10-16 06:46:26,942] {processor.py:163} INFO - Started process (PID=452) to work on /home/airflow/.local/lib/python3.7/site-packages/airflow/example_dags/example_branch_labels.py
[2022-10-16 06:46:26,942] {processor.py:642} INFO - Processing file /home/airflow/.local/lib/python3.7/site-packages/airflow/example_dags/example_branch_labels.py for tasks to queue
[2022-10-16 06:46:26,943] {logging_mixin.py:109} INFO - [2022-10-16 06:46:26,943] {dagbag.py:500} INFO - Filling up the DagBag from /home/airflow/.local/lib/python3.7/site-packages/airflow/example_dags/example_branch_labels.py
[2022-10-16 06:46:26,964] {processor.py:654} INFO - DAG(s) dict_keys(['example_branch_labels']) retrieved from /home/airflow/.local/lib/python3.7/site-packages/airflow/example_dags/example_branch_labels.py
[2022-10-16 06:46:26,971] {logging_mixin.py:109} INFO - [2022-10-16 06:46:26,971] {dag.py:2398} INFO - Sync 1 DAGs
[2022-10-16 06:46:26,983] {logging_mixin.py:109} INFO - [2022-10-16 06:46:26,983] {dag.py:2937} INFO - Setting next_dagrun for example_branch_labels to 2022-10-15 00:00:00+00:00
[2022-10-16 06:46:26,996] {processor.py:171} INFO - Processing /home/airflow/.local/lib/python3.7/site-packages/airflow/example_dags/example_branch_labels.py took 0.057 seconds
[2022-10-16 06:46:58,035] {processor.py:163} INFO - Started process (PID=523) to work on /home/airflow/.local/lib/python3.7/site-packages/airflow/example_dags/example_branch_labels.py
[2022-10-16 06:46:58,036] {processor.py:642} INFO - Processing file /home/airflow/.local/lib/python3.7/site-packages/airflow/example_dags/example_branch_labels.py for tasks to queue
[2022-10-16 06:46:58,036] {logging_mixin.py:109} INFO - [2022-10-16 06:46:58,036] {dagbag.py:500} INFO - Filling up the DagBag from /home/airflow/.local/lib/python3.7/site-packages/airflow/example_dags/example_branch_labels.py
[2022-10-16 06:46:58,058] {processor.py:654} INFO - DAG(s) dict_keys(['example_branch_labels']) retrieved from /home/airflow/.local/lib/python3.7/site-packages/airflow/example_dags/example_branch_labels.py
[2022-10-16 06:46:58,065] {logging_mixin.py:109} INFO - [2022-10-16 06:46:58,065] {dag.py:2398} INFO - Sync 1 DAGs
[2022-10-16 06:46:58,077] {logging_mixin.py:109} INFO - [2022-10-16 06:46:58,077] {dag.py:2937} INFO - Setting next_dagrun for example_branch_labels to 2022-10-15 00:00:00+00:00
[2022-10-16 06:46:58,086] {processor.py:171} INFO - Processing /home/airflow/.local/lib/python3.7/site-packages/airflow/example_dags/example_branch_labels.py took 0.053 seconds
[2022-10-16 06:47:28,871] {processor.py:163} INFO - Started process (PID=586) to work on /home/airflow/.local/lib/python3.7/site-packages/airflow/example_dags/example_branch_labels.py
[2022-10-16 06:47:28,872] {processor.py:642} INFO - Processing file /home/airflow/.local/lib/python3.7/site-packages/airflow/example_dags/example_branch_labels.py for tasks to queue
[2022-10-16 06:47:28,873] {logging_mixin.py:109} INFO - [2022-10-16 06:47:28,872] {dagbag.py:500} INFO - Filling up the DagBag from /home/airflow/.local/lib/python3.7/site-packages/airflow/example_dags/example_branch_labels.py
[2022-10-16 06:47:28,895] {processor.py:654} INFO - DAG(s) dict_keys(['example_branch_labels']) retrieved from /home/airflow/.local/lib/python3.7/site-packages/airflow/example_dags/example_branch_labels.py
[2022-10-16 06:47:28,905] {logging_mixin.py:109} INFO - [2022-10-16 06:47:28,905] {dag.py:2398} INFO - Sync 1 DAGs
[2022-10-16 06:47:28,924] {logging_mixin.py:109} INFO - [2022-10-16 06:47:28,923] {dag.py:2937} INFO - Setting next_dagrun for example_branch_labels to 2022-10-15 00:00:00+00:00
[2022-10-16 06:47:28,939] {processor.py:171} INFO - Processing /home/airflow/.local/lib/python3.7/site-packages/airflow/example_dags/example_branch_labels.py took 0.070 seconds
[2022-10-16 06:47:59,127] {processor.py:163} INFO - Started process (PID=657) to work on /home/airflow/.local/lib/python3.7/site-packages/airflow/example_dags/example_branch_labels.py
[2022-10-16 06:47:59,128] {processor.py:642} INFO - Processing file /home/airflow/.local/lib/python3.7/site-packages/airflow/example_dags/example_branch_labels.py for tasks to queue
[2022-10-16 06:47:59,128] {logging_mixin.py:109} INFO - [2022-10-16 06:47:59,128] {dagbag.py:500} INFO - Filling up the DagBag from /home/airflow/.local/lib/python3.7/site-packages/airflow/example_dags/example_branch_labels.py
[2022-10-16 06:47:59,150] {processor.py:654} INFO - DAG(s) dict_keys(['example_branch_labels']) retrieved from /home/airflow/.local/lib/python3.7/site-packages/airflow/example_dags/example_branch_labels.py
[2022-10-16 06:47:59,157] {logging_mixin.py:109} INFO - [2022-10-16 06:47:59,157] {dag.py:2398} INFO - Sync 1 DAGs
[2022-10-16 06:47:59,170] {logging_mixin.py:109} INFO - [2022-10-16 06:47:59,170] {dag.py:2937} INFO - Setting next_dagrun for example_branch_labels to 2022-10-15 00:00:00+00:00
[2022-10-16 06:47:59,183] {processor.py:171} INFO - Processing /home/airflow/.local/lib/python3.7/site-packages/airflow/example_dags/example_branch_labels.py took 0.058 seconds
[2022-10-16 06:48:30,308] {processor.py:163} INFO - Started process (PID=719) to work on /home/airflow/.local/lib/python3.7/site-packages/airflow/example_dags/example_branch_labels.py
[2022-10-16 06:48:30,309] {processor.py:642} INFO - Processing file /home/airflow/.local/lib/python3.7/site-packages/airflow/example_dags/example_branch_labels.py for tasks to queue
[2022-10-16 06:48:30,309] {logging_mixin.py:109} INFO - [2022-10-16 06:48:30,309] {dagbag.py:500} INFO - Filling up the DagBag from /home/airflow/.local/lib/python3.7/site-packages/airflow/example_dags/example_branch_labels.py
[2022-10-16 06:48:30,333] {processor.py:654} INFO - DAG(s) dict_keys(['example_branch_labels']) retrieved from /home/airflow/.local/lib/python3.7/site-packages/airflow/example_dags/example_branch_labels.py
[2022-10-16 06:48:30,341] {logging_mixin.py:109} INFO - [2022-10-16 06:48:30,341] {dag.py:2398} INFO - Sync 1 DAGs
[2022-10-16 06:48:30,358] {logging_mixin.py:109} INFO - [2022-10-16 06:48:30,358] {dag.py:2937} INFO - Setting next_dagrun for example_branch_labels to 2022-10-15 00:00:00+00:00
[2022-10-16 06:48:30,367] {processor.py:171} INFO - Processing /home/airflow/.local/lib/python3.7/site-packages/airflow/example_dags/example_branch_labels.py took 0.061 seconds
[2022-10-16 06:49:00,607] {processor.py:163} INFO - Started process (PID=790) to work on /home/airflow/.local/lib/python3.7/site-packages/airflow/example_dags/example_branch_labels.py
[2022-10-16 06:49:00,608] {processor.py:642} INFO - Processing file /home/airflow/.local/lib/python3.7/site-packages/airflow/example_dags/example_branch_labels.py for tasks to queue
[2022-10-16 06:49:00,608] {logging_mixin.py:109} INFO - [2022-10-16 06:49:00,608] {dagbag.py:500} INFO - Filling up the DagBag from /home/airflow/.local/lib/python3.7/site-packages/airflow/example_dags/example_branch_labels.py
[2022-10-16 06:49:00,629] {processor.py:654} INFO - DAG(s) dict_keys(['example_branch_labels']) retrieved from /home/airflow/.local/lib/python3.7/site-packages/airflow/example_dags/example_branch_labels.py
[2022-10-16 06:49:00,639] {logging_mixin.py:109} INFO - [2022-10-16 06:49:00,639] {dag.py:2398} INFO - Sync 1 DAGs
[2022-10-16 06:49:00,657] {logging_mixin.py:109} INFO - [2022-10-16 06:49:00,657] {dag.py:2937} INFO - Setting next_dagrun for example_branch_labels to 2022-10-15 00:00:00+00:00
[2022-10-16 06:49:00,665] {processor.py:171} INFO - Processing /home/airflow/.local/lib/python3.7/site-packages/airflow/example_dags/example_branch_labels.py took 0.060 seconds
[2022-10-16 06:49:31,552] {processor.py:163} INFO - Started process (PID=852) to work on /home/airflow/.local/lib/python3.7/site-packages/airflow/example_dags/example_branch_labels.py
[2022-10-16 06:49:31,553] {processor.py:642} INFO - Processing file /home/airflow/.local/lib/python3.7/site-packages/airflow/example_dags/example_branch_labels.py for tasks to queue
[2022-10-16 06:49:31,553] {logging_mixin.py:109} INFO - [2022-10-16 06:49:31,553] {dagbag.py:500} INFO - Filling up the DagBag from /home/airflow/.local/lib/python3.7/site-packages/airflow/example_dags/example_branch_labels.py
[2022-10-16 06:49:31,577] {processor.py:654} INFO - DAG(s) dict_keys(['example_branch_labels']) retrieved from /home/airflow/.local/lib/python3.7/site-packages/airflow/example_dags/example_branch_labels.py
[2022-10-16 06:49:31,585] {logging_mixin.py:109} INFO - [2022-10-16 06:49:31,585] {dag.py:2398} INFO - Sync 1 DAGs
[2022-10-16 06:49:31,599] {logging_mixin.py:109} INFO - [2022-10-16 06:49:31,599] {dag.py:2937} INFO - Setting next_dagrun for example_branch_labels to 2022-10-15 00:00:00+00:00
[2022-10-16 06:49:31,618] {processor.py:171} INFO - Processing /home/airflow/.local/lib/python3.7/site-packages/airflow/example_dags/example_branch_labels.py took 0.068 seconds
[2022-10-16 06:50:02,642] {processor.py:163} INFO - Started process (PID=925) to work on /home/airflow/.local/lib/python3.7/site-packages/airflow/example_dags/example_branch_labels.py
[2022-10-16 06:50:02,643] {processor.py:642} INFO - Processing file /home/airflow/.local/lib/python3.7/site-packages/airflow/example_dags/example_branch_labels.py for tasks to queue
[2022-10-16 06:50:02,643] {logging_mixin.py:109} INFO - [2022-10-16 06:50:02,643] {dagbag.py:500} INFO - Filling up the DagBag from /home/airflow/.local/lib/python3.7/site-packages/airflow/example_dags/example_branch_labels.py
[2022-10-16 06:50:02,663] {processor.py:654} INFO - DAG(s) dict_keys(['example_branch_labels']) retrieved from /home/airflow/.local/lib/python3.7/site-packages/airflow/example_dags/example_branch_labels.py
[2022-10-16 06:50:02,670] {logging_mixin.py:109} INFO - [2022-10-16 06:50:02,669] {dag.py:2398} INFO - Sync 1 DAGs
[2022-10-16 06:50:02,680] {logging_mixin.py:109} INFO - [2022-10-16 06:50:02,680] {dag.py:2937} INFO - Setting next_dagrun for example_branch_labels to 2022-10-15 00:00:00+00:00
[2022-10-16 06:50:02,693] {processor.py:171} INFO - Processing /home/airflow/.local/lib/python3.7/site-packages/airflow/example_dags/example_branch_labels.py took 0.052 seconds
[2022-10-16 06:50:32,853] {processor.py:163} INFO - Started process (PID=987) to work on /home/airflow/.local/lib/python3.7/site-packages/airflow/example_dags/example_branch_labels.py
[2022-10-16 06:50:32,854] {processor.py:642} INFO - Processing file /home/airflow/.local/lib/python3.7/site-packages/airflow/example_dags/example_branch_labels.py for tasks to queue
[2022-10-16 06:50:32,854] {logging_mixin.py:109} INFO - [2022-10-16 06:50:32,854] {dagbag.py:500} INFO - Filling up the DagBag from /home/airflow/.local/lib/python3.7/site-packages/airflow/example_dags/example_branch_labels.py
[2022-10-16 06:50:32,875] {processor.py:654} INFO - DAG(s) dict_keys(['example_branch_labels']) retrieved from /home/airflow/.local/lib/python3.7/site-packages/airflow/example_dags/example_branch_labels.py
[2022-10-16 06:50:32,881] {logging_mixin.py:109} INFO - [2022-10-16 06:50:32,881] {dag.py:2398} INFO - Sync 1 DAGs
[2022-10-16 06:50:32,892] {logging_mixin.py:109} INFO - [2022-10-16 06:50:32,892] {dag.py:2937} INFO - Setting next_dagrun for example_branch_labels to 2022-10-15 00:00:00+00:00
[2022-10-16 06:50:32,905] {processor.py:171} INFO - Processing /home/airflow/.local/lib/python3.7/site-packages/airflow/example_dags/example_branch_labels.py took 0.054 seconds
[2022-10-16 06:51:03,276] {processor.py:163} INFO - Started process (PID=1060) to work on /home/airflow/.local/lib/python3.7/site-packages/airflow/example_dags/example_branch_labels.py
[2022-10-16 06:51:03,276] {processor.py:642} INFO - Processing file /home/airflow/.local/lib/python3.7/site-packages/airflow/example_dags/example_branch_labels.py for tasks to queue
[2022-10-16 06:51:03,277] {logging_mixin.py:109} INFO - [2022-10-16 06:51:03,277] {dagbag.py:500} INFO - Filling up the DagBag from /home/airflow/.local/lib/python3.7/site-packages/airflow/example_dags/example_branch_labels.py
[2022-10-16 06:51:03,301] {processor.py:654} INFO - DAG(s) dict_keys(['example_branch_labels']) retrieved from /home/airflow/.local/lib/python3.7/site-packages/airflow/example_dags/example_branch_labels.py
[2022-10-16 06:51:03,308] {logging_mixin.py:109} INFO - [2022-10-16 06:51:03,308] {dag.py:2398} INFO - Sync 1 DAGs
[2022-10-16 06:51:03,322] {logging_mixin.py:109} INFO - [2022-10-16 06:51:03,321] {dag.py:2937} INFO - Setting next_dagrun for example_branch_labels to 2022-10-15 00:00:00+00:00
[2022-10-16 06:51:03,329] {processor.py:171} INFO - Processing /home/airflow/.local/lib/python3.7/site-packages/airflow/example_dags/example_branch_labels.py took 0.055 seconds
[2022-10-16 06:51:33,464] {processor.py:163} INFO - Started process (PID=1123) to work on /home/airflow/.local/lib/python3.7/site-packages/airflow/example_dags/example_branch_labels.py
[2022-10-16 06:51:33,468] {processor.py:642} INFO - Processing file /home/airflow/.local/lib/python3.7/site-packages/airflow/example_dags/example_branch_labels.py for tasks to queue
[2022-10-16 06:51:33,469] {logging_mixin.py:109} INFO - [2022-10-16 06:51:33,469] {dagbag.py:500} INFO - Filling up the DagBag from /home/airflow/.local/lib/python3.7/site-packages/airflow/example_dags/example_branch_labels.py
[2022-10-16 06:51:33,491] {processor.py:654} INFO - DAG(s) dict_keys(['example_branch_labels']) retrieved from /home/airflow/.local/lib/python3.7/site-packages/airflow/example_dags/example_branch_labels.py
[2022-10-16 06:51:33,497] {logging_mixin.py:109} INFO - [2022-10-16 06:51:33,497] {dag.py:2398} INFO - Sync 1 DAGs
[2022-10-16 06:51:33,510] {logging_mixin.py:109} INFO - [2022-10-16 06:51:33,510] {dag.py:2937} INFO - Setting next_dagrun for example_branch_labels to 2022-10-15 00:00:00+00:00
[2022-10-16 06:51:33,517] {processor.py:171} INFO - Processing /home/airflow/.local/lib/python3.7/site-packages/airflow/example_dags/example_branch_labels.py took 0.055 seconds
[2022-10-16 06:52:03,943] {processor.py:163} INFO - Started process (PID=1194) to work on /home/airflow/.local/lib/python3.7/site-packages/airflow/example_dags/example_branch_labels.py
[2022-10-16 06:52:03,944] {processor.py:642} INFO - Processing file /home/airflow/.local/lib/python3.7/site-packages/airflow/example_dags/example_branch_labels.py for tasks to queue
[2022-10-16 06:52:03,944] {logging_mixin.py:109} INFO - [2022-10-16 06:52:03,944] {dagbag.py:500} INFO - Filling up the DagBag from /home/airflow/.local/lib/python3.7/site-packages/airflow/example_dags/example_branch_labels.py
[2022-10-16 06:52:03,966] {processor.py:654} INFO - DAG(s) dict_keys(['example_branch_labels']) retrieved from /home/airflow/.local/lib/python3.7/site-packages/airflow/example_dags/example_branch_labels.py
[2022-10-16 06:52:03,973] {logging_mixin.py:109} INFO - [2022-10-16 06:52:03,973] {dag.py:2398} INFO - Sync 1 DAGs
[2022-10-16 06:52:03,986] {logging_mixin.py:109} INFO - [2022-10-16 06:52:03,986] {dag.py:2937} INFO - Setting next_dagrun for example_branch_labels to 2022-10-15 00:00:00+00:00
[2022-10-16 06:52:04,003] {processor.py:171} INFO - Processing /home/airflow/.local/lib/python3.7/site-packages/airflow/example_dags/example_branch_labels.py took 0.062 seconds
[2022-10-16 06:52:34,366] {processor.py:163} INFO - Started process (PID=1256) to work on /home/airflow/.local/lib/python3.7/site-packages/airflow/example_dags/example_branch_labels.py
[2022-10-16 06:52:34,366] {processor.py:642} INFO - Processing file /home/airflow/.local/lib/python3.7/site-packages/airflow/example_dags/example_branch_labels.py for tasks to queue
[2022-10-16 06:52:34,367] {logging_mixin.py:109} INFO - [2022-10-16 06:52:34,367] {dagbag.py:500} INFO - Filling up the DagBag from /home/airflow/.local/lib/python3.7/site-packages/airflow/example_dags/example_branch_labels.py
[2022-10-16 06:52:34,388] {processor.py:654} INFO - DAG(s) dict_keys(['example_branch_labels']) retrieved from /home/airflow/.local/lib/python3.7/site-packages/airflow/example_dags/example_branch_labels.py
[2022-10-16 06:52:34,395] {logging_mixin.py:109} INFO - [2022-10-16 06:52:34,395] {dag.py:2398} INFO - Sync 1 DAGs
[2022-10-16 06:52:34,407] {logging_mixin.py:109} INFO - [2022-10-16 06:52:34,407] {dag.py:2937} INFO - Setting next_dagrun for example_branch_labels to 2022-10-15 00:00:00+00:00
[2022-10-16 06:52:34,415] {processor.py:171} INFO - Processing /home/airflow/.local/lib/python3.7/site-packages/airflow/example_dags/example_branch_labels.py took 0.051 seconds
[2022-10-16 06:53:05,550] {processor.py:163} INFO - Started process (PID=1327) to work on /home/airflow/.local/lib/python3.7/site-packages/airflow/example_dags/example_branch_labels.py
[2022-10-16 06:53:05,551] {processor.py:642} INFO - Processing file /home/airflow/.local/lib/python3.7/site-packages/airflow/example_dags/example_branch_labels.py for tasks to queue
[2022-10-16 06:53:05,551] {logging_mixin.py:109} INFO - [2022-10-16 06:53:05,551] {dagbag.py:500} INFO - Filling up the DagBag from /home/airflow/.local/lib/python3.7/site-packages/airflow/example_dags/example_branch_labels.py
[2022-10-16 06:53:05,574] {processor.py:654} INFO - DAG(s) dict_keys(['example_branch_labels']) retrieved from /home/airflow/.local/lib/python3.7/site-packages/airflow/example_dags/example_branch_labels.py
[2022-10-16 06:53:05,581] {logging_mixin.py:109} INFO - [2022-10-16 06:53:05,581] {dag.py:2398} INFO - Sync 1 DAGs
[2022-10-16 06:53:05,594] {logging_mixin.py:109} INFO - [2022-10-16 06:53:05,594] {dag.py:2937} INFO - Setting next_dagrun for example_branch_labels to 2022-10-15 00:00:00+00:00
[2022-10-16 06:53:05,601] {processor.py:171} INFO - Processing /home/airflow/.local/lib/python3.7/site-packages/airflow/example_dags/example_branch_labels.py took 0.053 seconds
[2022-10-16 06:53:36,012] {processor.py:163} INFO - Started process (PID=1389) to work on /home/airflow/.local/lib/python3.7/site-packages/airflow/example_dags/example_branch_labels.py
[2022-10-16 06:53:36,013] {processor.py:642} INFO - Processing file /home/airflow/.local/lib/python3.7/site-packages/airflow/example_dags/example_branch_labels.py for tasks to queue
[2022-10-16 06:53:36,014] {logging_mixin.py:109} INFO - [2022-10-16 06:53:36,013] {dagbag.py:500} INFO - Filling up the DagBag from /home/airflow/.local/lib/python3.7/site-packages/airflow/example_dags/example_branch_labels.py
[2022-10-16 06:53:36,034] {processor.py:654} INFO - DAG(s) dict_keys(['example_branch_labels']) retrieved from /home/airflow/.local/lib/python3.7/site-packages/airflow/example_dags/example_branch_labels.py
[2022-10-16 06:53:36,040] {logging_mixin.py:109} INFO - [2022-10-16 06:53:36,040] {dag.py:2398} INFO - Sync 1 DAGs
[2022-10-16 06:53:36,053] {logging_mixin.py:109} INFO - [2022-10-16 06:53:36,053] {dag.py:2937} INFO - Setting next_dagrun for example_branch_labels to 2022-10-15 00:00:00+00:00
[2022-10-16 06:53:36,066] {processor.py:171} INFO - Processing /home/airflow/.local/lib/python3.7/site-packages/airflow/example_dags/example_branch_labels.py took 0.056 seconds
[2022-10-16 06:54:06,358] {processor.py:163} INFO - Started process (PID=1462) to work on /home/airflow/.local/lib/python3.7/site-packages/airflow/example_dags/example_branch_labels.py
[2022-10-16 06:54:06,359] {processor.py:642} INFO - Processing file /home/airflow/.local/lib/python3.7/site-packages/airflow/example_dags/example_branch_labels.py for tasks to queue
[2022-10-16 06:54:06,359] {logging_mixin.py:109} INFO - [2022-10-16 06:54:06,359] {dagbag.py:500} INFO - Filling up the DagBag from /home/airflow/.local/lib/python3.7/site-packages/airflow/example_dags/example_branch_labels.py
[2022-10-16 06:54:06,381] {processor.py:654} INFO - DAG(s) dict_keys(['example_branch_labels']) retrieved from /home/airflow/.local/lib/python3.7/site-packages/airflow/example_dags/example_branch_labels.py
[2022-10-16 06:54:06,389] {logging_mixin.py:109} INFO - [2022-10-16 06:54:06,388] {dag.py:2398} INFO - Sync 1 DAGs
[2022-10-16 06:54:06,402] {logging_mixin.py:109} INFO - [2022-10-16 06:54:06,401] {dag.py:2937} INFO - Setting next_dagrun for example_branch_labels to 2022-10-15 00:00:00+00:00
[2022-10-16 06:54:06,410] {processor.py:171} INFO - Processing /home/airflow/.local/lib/python3.7/site-packages/airflow/example_dags/example_branch_labels.py took 0.053 seconds
[2022-10-16 06:54:36,646] {processor.py:163} INFO - Started process (PID=1525) to work on /home/airflow/.local/lib/python3.7/site-packages/airflow/example_dags/example_branch_labels.py
[2022-10-16 06:54:36,646] {processor.py:642} INFO - Processing file /home/airflow/.local/lib/python3.7/site-packages/airflow/example_dags/example_branch_labels.py for tasks to queue
[2022-10-16 06:54:36,647] {logging_mixin.py:109} INFO - [2022-10-16 06:54:36,647] {dagbag.py:500} INFO - Filling up the DagBag from /home/airflow/.local/lib/python3.7/site-packages/airflow/example_dags/example_branch_labels.py
[2022-10-16 06:54:36,668] {processor.py:654} INFO - DAG(s) dict_keys(['example_branch_labels']) retrieved from /home/airflow/.local/lib/python3.7/site-packages/airflow/example_dags/example_branch_labels.py
[2022-10-16 06:54:36,675] {logging_mixin.py:109} INFO - [2022-10-16 06:54:36,675] {dag.py:2398} INFO - Sync 1 DAGs
[2022-10-16 06:54:36,687] {logging_mixin.py:109} INFO - [2022-10-16 06:54:36,687] {dag.py:2937} INFO - Setting next_dagrun for example_branch_labels to 2022-10-15 00:00:00+00:00
[2022-10-16 06:54:36,694] {processor.py:171} INFO - Processing /home/airflow/.local/lib/python3.7/site-packages/airflow/example_dags/example_branch_labels.py took 0.050 seconds
[2022-10-16 06:55:06,882] {processor.py:163} INFO - Started process (PID=1597) to work on /home/airflow/.local/lib/python3.7/site-packages/airflow/example_dags/example_branch_labels.py
[2022-10-16 06:55:06,882] {processor.py:642} INFO - Processing file /home/airflow/.local/lib/python3.7/site-packages/airflow/example_dags/example_branch_labels.py for tasks to queue
[2022-10-16 06:55:06,883] {logging_mixin.py:109} INFO - [2022-10-16 06:55:06,883] {dagbag.py:500} INFO - Filling up the DagBag from /home/airflow/.local/lib/python3.7/site-packages/airflow/example_dags/example_branch_labels.py
[2022-10-16 06:55:06,905] {processor.py:654} INFO - DAG(s) dict_keys(['example_branch_labels']) retrieved from /home/airflow/.local/lib/python3.7/site-packages/airflow/example_dags/example_branch_labels.py
[2022-10-16 06:55:06,912] {logging_mixin.py:109} INFO - [2022-10-16 06:55:06,912] {dag.py:2398} INFO - Sync 1 DAGs
[2022-10-16 06:55:06,924] {logging_mixin.py:109} INFO - [2022-10-16 06:55:06,924] {dag.py:2937} INFO - Setting next_dagrun for example_branch_labels to 2022-10-15 00:00:00+00:00
[2022-10-16 06:55:06,933] {processor.py:171} INFO - Processing /home/airflow/.local/lib/python3.7/site-packages/airflow/example_dags/example_branch_labels.py took 0.053 seconds
[2022-10-16 06:55:37,104] {processor.py:163} INFO - Started process (PID=1661) to work on /home/airflow/.local/lib/python3.7/site-packages/airflow/example_dags/example_branch_labels.py
[2022-10-16 06:55:37,119] {processor.py:642} INFO - Processing file /home/airflow/.local/lib/python3.7/site-packages/airflow/example_dags/example_branch_labels.py for tasks to queue
[2022-10-16 06:55:37,120] {logging_mixin.py:109} INFO - [2022-10-16 06:55:37,120] {dagbag.py:500} INFO - Filling up the DagBag from /home/airflow/.local/lib/python3.7/site-packages/airflow/example_dags/example_branch_labels.py
[2022-10-16 06:55:37,140] {processor.py:654} INFO - DAG(s) dict_keys(['example_branch_labels']) retrieved from /home/airflow/.local/lib/python3.7/site-packages/airflow/example_dags/example_branch_labels.py
[2022-10-16 06:55:37,146] {logging_mixin.py:109} INFO - [2022-10-16 06:55:37,146] {dag.py:2398} INFO - Sync 1 DAGs
[2022-10-16 06:55:37,158] {logging_mixin.py:109} INFO - [2022-10-16 06:55:37,158] {dag.py:2937} INFO - Setting next_dagrun for example_branch_labels to 2022-10-15 00:00:00+00:00
[2022-10-16 06:55:37,171] {processor.py:171} INFO - Processing /home/airflow/.local/lib/python3.7/site-packages/airflow/example_dags/example_branch_labels.py took 0.069 seconds
[2022-10-16 06:56:07,476] {processor.py:163} INFO - Started process (PID=1732) to work on /home/airflow/.local/lib/python3.7/site-packages/airflow/example_dags/example_branch_labels.py
[2022-10-16 06:56:07,477] {processor.py:642} INFO - Processing file /home/airflow/.local/lib/python3.7/site-packages/airflow/example_dags/example_branch_labels.py for tasks to queue
[2022-10-16 06:56:07,477] {logging_mixin.py:109} INFO - [2022-10-16 06:56:07,477] {dagbag.py:500} INFO - Filling up the DagBag from /home/airflow/.local/lib/python3.7/site-packages/airflow/example_dags/example_branch_labels.py
[2022-10-16 06:56:07,498] {processor.py:654} INFO - DAG(s) dict_keys(['example_branch_labels']) retrieved from /home/airflow/.local/lib/python3.7/site-packages/airflow/example_dags/example_branch_labels.py
[2022-10-16 06:56:07,505] {logging_mixin.py:109} INFO - [2022-10-16 06:56:07,505] {dag.py:2398} INFO - Sync 1 DAGs
[2022-10-16 06:56:07,516] {logging_mixin.py:109} INFO - [2022-10-16 06:56:07,516] {dag.py:2937} INFO - Setting next_dagrun for example_branch_labels to 2022-10-15 00:00:00+00:00
[2022-10-16 06:56:07,528] {processor.py:171} INFO - Processing /home/airflow/.local/lib/python3.7/site-packages/airflow/example_dags/example_branch_labels.py took 0.054 seconds
[2022-10-16 06:56:37,826] {processor.py:163} INFO - Started process (PID=1795) to work on /home/airflow/.local/lib/python3.7/site-packages/airflow/example_dags/example_branch_labels.py
[2022-10-16 06:56:37,827] {processor.py:642} INFO - Processing file /home/airflow/.local/lib/python3.7/site-packages/airflow/example_dags/example_branch_labels.py for tasks to queue
[2022-10-16 06:56:37,827] {logging_mixin.py:109} INFO - [2022-10-16 06:56:37,827] {dagbag.py:500} INFO - Filling up the DagBag from /home/airflow/.local/lib/python3.7/site-packages/airflow/example_dags/example_branch_labels.py
[2022-10-16 06:56:37,848] {processor.py:654} INFO - DAG(s) dict_keys(['example_branch_labels']) retrieved from /home/airflow/.local/lib/python3.7/site-packages/airflow/example_dags/example_branch_labels.py
[2022-10-16 06:56:37,854] {logging_mixin.py:109} INFO - [2022-10-16 06:56:37,854] {dag.py:2398} INFO - Sync 1 DAGs
[2022-10-16 06:56:37,866] {logging_mixin.py:109} INFO - [2022-10-16 06:56:37,866] {dag.py:2937} INFO - Setting next_dagrun for example_branch_labels to 2022-10-15 00:00:00+00:00
[2022-10-16 06:56:37,878] {processor.py:171} INFO - Processing /home/airflow/.local/lib/python3.7/site-packages/airflow/example_dags/example_branch_labels.py took 0.054 seconds
[2022-10-16 06:57:08,167] {processor.py:163} INFO - Started process (PID=1868) to work on /home/airflow/.local/lib/python3.7/site-packages/airflow/example_dags/example_branch_labels.py
[2022-10-16 06:57:08,168] {processor.py:642} INFO - Processing file /home/airflow/.local/lib/python3.7/site-packages/airflow/example_dags/example_branch_labels.py for tasks to queue
[2022-10-16 06:57:08,168] {logging_mixin.py:109} INFO - [2022-10-16 06:57:08,168] {dagbag.py:500} INFO - Filling up the DagBag from /home/airflow/.local/lib/python3.7/site-packages/airflow/example_dags/example_branch_labels.py
[2022-10-16 06:57:08,188] {processor.py:654} INFO - DAG(s) dict_keys(['example_branch_labels']) retrieved from /home/airflow/.local/lib/python3.7/site-packages/airflow/example_dags/example_branch_labels.py
[2022-10-16 06:57:08,195] {logging_mixin.py:109} INFO - [2022-10-16 06:57:08,195] {dag.py:2398} INFO - Sync 1 DAGs
[2022-10-16 06:57:08,207] {logging_mixin.py:109} INFO - [2022-10-16 06:57:08,207] {dag.py:2937} INFO - Setting next_dagrun for example_branch_labels to 2022-10-15 00:00:00+00:00
[2022-10-16 06:57:08,220] {processor.py:171} INFO - Processing /home/airflow/.local/lib/python3.7/site-packages/airflow/example_dags/example_branch_labels.py took 0.055 seconds
[2022-10-16 06:57:38,516] {processor.py:163} INFO - Started process (PID=1930) to work on /home/airflow/.local/lib/python3.7/site-packages/airflow/example_dags/example_branch_labels.py
[2022-10-16 06:57:38,516] {processor.py:642} INFO - Processing file /home/airflow/.local/lib/python3.7/site-packages/airflow/example_dags/example_branch_labels.py for tasks to queue
[2022-10-16 06:57:38,517] {logging_mixin.py:109} INFO - [2022-10-16 06:57:38,517] {dagbag.py:500} INFO - Filling up the DagBag from /home/airflow/.local/lib/python3.7/site-packages/airflow/example_dags/example_branch_labels.py
[2022-10-16 06:57:38,537] {processor.py:654} INFO - DAG(s) dict_keys(['example_branch_labels']) retrieved from /home/airflow/.local/lib/python3.7/site-packages/airflow/example_dags/example_branch_labels.py
[2022-10-16 06:57:38,544] {logging_mixin.py:109} INFO - [2022-10-16 06:57:38,544] {dag.py:2398} INFO - Sync 1 DAGs
[2022-10-16 06:57:38,556] {logging_mixin.py:109} INFO - [2022-10-16 06:57:38,556] {dag.py:2937} INFO - Setting next_dagrun for example_branch_labels to 2022-10-15 00:00:00+00:00
[2022-10-16 06:57:38,572] {processor.py:171} INFO - Processing /home/airflow/.local/lib/python3.7/site-packages/airflow/example_dags/example_branch_labels.py took 0.058 seconds
[2022-10-16 06:58:08,818] {processor.py:163} INFO - Started process (PID=2007) to work on /home/airflow/.local/lib/python3.7/site-packages/airflow/example_dags/example_branch_labels.py
[2022-10-16 06:58:08,819] {processor.py:642} INFO - Processing file /home/airflow/.local/lib/python3.7/site-packages/airflow/example_dags/example_branch_labels.py for tasks to queue
[2022-10-16 06:58:08,819] {logging_mixin.py:109} INFO - [2022-10-16 06:58:08,819] {dagbag.py:500} INFO - Filling up the DagBag from /home/airflow/.local/lib/python3.7/site-packages/airflow/example_dags/example_branch_labels.py
[2022-10-16 06:58:08,839] {processor.py:654} INFO - DAG(s) dict_keys(['example_branch_labels']) retrieved from /home/airflow/.local/lib/python3.7/site-packages/airflow/example_dags/example_branch_labels.py
[2022-10-16 06:58:08,846] {logging_mixin.py:109} INFO - [2022-10-16 06:58:08,846] {dag.py:2398} INFO - Sync 1 DAGs
[2022-10-16 06:58:08,857] {logging_mixin.py:109} INFO - [2022-10-16 06:58:08,857] {dag.py:2937} INFO - Setting next_dagrun for example_branch_labels to 2022-10-15 00:00:00+00:00
[2022-10-16 06:58:08,870] {processor.py:171} INFO - Processing /home/airflow/.local/lib/python3.7/site-packages/airflow/example_dags/example_branch_labels.py took 0.054 seconds
[2022-10-16 06:58:39,042] {processor.py:163} INFO - Started process (PID=2069) to work on /home/airflow/.local/lib/python3.7/site-packages/airflow/example_dags/example_branch_labels.py
[2022-10-16 06:58:39,043] {processor.py:642} INFO - Processing file /home/airflow/.local/lib/python3.7/site-packages/airflow/example_dags/example_branch_labels.py for tasks to queue
[2022-10-16 06:58:39,043] {logging_mixin.py:109} INFO - [2022-10-16 06:58:39,043] {dagbag.py:500} INFO - Filling up the DagBag from /home/airflow/.local/lib/python3.7/site-packages/airflow/example_dags/example_branch_labels.py
[2022-10-16 06:58:39,065] {processor.py:654} INFO - DAG(s) dict_keys(['example_branch_labels']) retrieved from /home/airflow/.local/lib/python3.7/site-packages/airflow/example_dags/example_branch_labels.py
[2022-10-16 06:58:39,075] {logging_mixin.py:109} INFO - [2022-10-16 06:58:39,075] {dag.py:2398} INFO - Sync 1 DAGs
[2022-10-16 06:58:39,093] {logging_mixin.py:109} INFO - [2022-10-16 06:58:39,092] {dag.py:2937} INFO - Setting next_dagrun for example_branch_labels to 2022-10-15 00:00:00+00:00
[2022-10-16 06:58:39,101] {processor.py:171} INFO - Processing /home/airflow/.local/lib/python3.7/site-packages/airflow/example_dags/example_branch_labels.py took 0.061 seconds
[2022-10-16 06:59:09,246] {processor.py:163} INFO - Started process (PID=2140) to work on /home/airflow/.local/lib/python3.7/site-packages/airflow/example_dags/example_branch_labels.py
[2022-10-16 06:59:09,247] {processor.py:642} INFO - Processing file /home/airflow/.local/lib/python3.7/site-packages/airflow/example_dags/example_branch_labels.py for tasks to queue
[2022-10-16 06:59:09,248] {logging_mixin.py:109} INFO - [2022-10-16 06:59:09,248] {dagbag.py:500} INFO - Filling up the DagBag from /home/airflow/.local/lib/python3.7/site-packages/airflow/example_dags/example_branch_labels.py
[2022-10-16 06:59:09,268] {processor.py:654} INFO - DAG(s) dict_keys(['example_branch_labels']) retrieved from /home/airflow/.local/lib/python3.7/site-packages/airflow/example_dags/example_branch_labels.py
[2022-10-16 06:59:09,275] {logging_mixin.py:109} INFO - [2022-10-16 06:59:09,275] {dag.py:2398} INFO - Sync 1 DAGs
[2022-10-16 06:59:09,287] {logging_mixin.py:109} INFO - [2022-10-16 06:59:09,286] {dag.py:2937} INFO - Setting next_dagrun for example_branch_labels to 2022-10-15 00:00:00+00:00
[2022-10-16 06:59:09,294] {processor.py:171} INFO - Processing /home/airflow/.local/lib/python3.7/site-packages/airflow/example_dags/example_branch_labels.py took 0.049 seconds
[2022-10-16 06:59:39,482] {processor.py:163} INFO - Started process (PID=2202) to work on /home/airflow/.local/lib/python3.7/site-packages/airflow/example_dags/example_branch_labels.py
[2022-10-16 06:59:39,483] {processor.py:642} INFO - Processing file /home/airflow/.local/lib/python3.7/site-packages/airflow/example_dags/example_branch_labels.py for tasks to queue
[2022-10-16 06:59:39,483] {logging_mixin.py:109} INFO - [2022-10-16 06:59:39,483] {dagbag.py:500} INFO - Filling up the DagBag from /home/airflow/.local/lib/python3.7/site-packages/airflow/example_dags/example_branch_labels.py
[2022-10-16 06:59:39,504] {processor.py:654} INFO - DAG(s) dict_keys(['example_branch_labels']) retrieved from /home/airflow/.local/lib/python3.7/site-packages/airflow/example_dags/example_branch_labels.py
[2022-10-16 06:59:39,511] {logging_mixin.py:109} INFO - [2022-10-16 06:59:39,511] {dag.py:2398} INFO - Sync 1 DAGs
[2022-10-16 06:59:39,523] {logging_mixin.py:109} INFO - [2022-10-16 06:59:39,522] {dag.py:2937} INFO - Setting next_dagrun for example_branch_labels to 2022-10-15 00:00:00+00:00
[2022-10-16 06:59:39,535] {processor.py:171} INFO - Processing /home/airflow/.local/lib/python3.7/site-packages/airflow/example_dags/example_branch_labels.py took 0.055 seconds
[2022-10-16 07:00:10,273] {processor.py:163} INFO - Started process (PID=2274) to work on /home/airflow/.local/lib/python3.7/site-packages/airflow/example_dags/example_branch_labels.py
[2022-10-16 07:00:10,274] {processor.py:642} INFO - Processing file /home/airflow/.local/lib/python3.7/site-packages/airflow/example_dags/example_branch_labels.py for tasks to queue
[2022-10-16 07:00:10,275] {logging_mixin.py:109} INFO - [2022-10-16 07:00:10,275] {dagbag.py:500} INFO - Filling up the DagBag from /home/airflow/.local/lib/python3.7/site-packages/airflow/example_dags/example_branch_labels.py
[2022-10-16 07:00:10,296] {processor.py:654} INFO - DAG(s) dict_keys(['example_branch_labels']) retrieved from /home/airflow/.local/lib/python3.7/site-packages/airflow/example_dags/example_branch_labels.py
[2022-10-16 07:00:10,303] {logging_mixin.py:109} INFO - [2022-10-16 07:00:10,303] {dag.py:2398} INFO - Sync 1 DAGs
[2022-10-16 07:00:10,317] {logging_mixin.py:109} INFO - [2022-10-16 07:00:10,317] {dag.py:2937} INFO - Setting next_dagrun for example_branch_labels to 2022-10-15 00:00:00+00:00
[2022-10-16 07:00:10,324] {processor.py:171} INFO - Processing /home/airflow/.local/lib/python3.7/site-packages/airflow/example_dags/example_branch_labels.py took 0.053 seconds
[2022-10-16 07:00:41,455] {processor.py:163} INFO - Started process (PID=2337) to work on /home/airflow/.local/lib/python3.7/site-packages/airflow/example_dags/example_branch_labels.py
[2022-10-16 07:00:41,456] {processor.py:642} INFO - Processing file /home/airflow/.local/lib/python3.7/site-packages/airflow/example_dags/example_branch_labels.py for tasks to queue
[2022-10-16 07:00:41,456] {logging_mixin.py:109} INFO - [2022-10-16 07:00:41,456] {dagbag.py:500} INFO - Filling up the DagBag from /home/airflow/.local/lib/python3.7/site-packages/airflow/example_dags/example_branch_labels.py
[2022-10-16 07:00:41,479] {processor.py:654} INFO - DAG(s) dict_keys(['example_branch_labels']) retrieved from /home/airflow/.local/lib/python3.7/site-packages/airflow/example_dags/example_branch_labels.py
[2022-10-16 07:00:41,486] {logging_mixin.py:109} INFO - [2022-10-16 07:00:41,486] {dag.py:2398} INFO - Sync 1 DAGs
[2022-10-16 07:00:41,499] {logging_mixin.py:109} INFO - [2022-10-16 07:00:41,498] {dag.py:2937} INFO - Setting next_dagrun for example_branch_labels to 2022-10-15 00:00:00+00:00
[2022-10-16 07:00:41,512] {processor.py:171} INFO - Processing /home/airflow/.local/lib/python3.7/site-packages/airflow/example_dags/example_branch_labels.py took 0.059 seconds
[2022-10-16 07:01:11,833] {processor.py:163} INFO - Started process (PID=2408) to work on /home/airflow/.local/lib/python3.7/site-packages/airflow/example_dags/example_branch_labels.py
[2022-10-16 07:01:11,834] {processor.py:642} INFO - Processing file /home/airflow/.local/lib/python3.7/site-packages/airflow/example_dags/example_branch_labels.py for tasks to queue
[2022-10-16 07:01:11,834] {logging_mixin.py:109} INFO - [2022-10-16 07:01:11,834] {dagbag.py:500} INFO - Filling up the DagBag from /home/airflow/.local/lib/python3.7/site-packages/airflow/example_dags/example_branch_labels.py
[2022-10-16 07:01:11,854] {processor.py:654} INFO - DAG(s) dict_keys(['example_branch_labels']) retrieved from /home/airflow/.local/lib/python3.7/site-packages/airflow/example_dags/example_branch_labels.py
[2022-10-16 07:01:11,861] {logging_mixin.py:109} INFO - [2022-10-16 07:01:11,861] {dag.py:2398} INFO - Sync 1 DAGs
[2022-10-16 07:01:11,873] {logging_mixin.py:109} INFO - [2022-10-16 07:01:11,873] {dag.py:2937} INFO - Setting next_dagrun for example_branch_labels to 2022-10-15 00:00:00+00:00
[2022-10-16 07:01:11,880] {processor.py:171} INFO - Processing /home/airflow/.local/lib/python3.7/site-packages/airflow/example_dags/example_branch_labels.py took 0.050 seconds
[2022-10-16 07:01:42,358] {processor.py:163} INFO - Started process (PID=2469) to work on /home/airflow/.local/lib/python3.7/site-packages/airflow/example_dags/example_branch_labels.py
[2022-10-16 07:01:42,358] {processor.py:642} INFO - Processing file /home/airflow/.local/lib/python3.7/site-packages/airflow/example_dags/example_branch_labels.py for tasks to queue
[2022-10-16 07:01:42,359] {logging_mixin.py:109} INFO - [2022-10-16 07:01:42,359] {dagbag.py:500} INFO - Filling up the DagBag from /home/airflow/.local/lib/python3.7/site-packages/airflow/example_dags/example_branch_labels.py
[2022-10-16 07:01:42,380] {processor.py:654} INFO - DAG(s) dict_keys(['example_branch_labels']) retrieved from /home/airflow/.local/lib/python3.7/site-packages/airflow/example_dags/example_branch_labels.py
[2022-10-16 07:01:42,387] {logging_mixin.py:109} INFO - [2022-10-16 07:01:42,387] {dag.py:2398} INFO - Sync 1 DAGs
[2022-10-16 07:01:42,400] {logging_mixin.py:109} INFO - [2022-10-16 07:01:42,400] {dag.py:2937} INFO - Setting next_dagrun for example_branch_labels to 2022-10-15 00:00:00+00:00
[2022-10-16 07:01:42,417] {processor.py:171} INFO - Processing /home/airflow/.local/lib/python3.7/site-packages/airflow/example_dags/example_branch_labels.py took 0.061 seconds
[2022-10-16 07:02:12,667] {processor.py:163} INFO - Started process (PID=2542) to work on /home/airflow/.local/lib/python3.7/site-packages/airflow/example_dags/example_branch_labels.py
[2022-10-16 07:02:12,675] {processor.py:642} INFO - Processing file /home/airflow/.local/lib/python3.7/site-packages/airflow/example_dags/example_branch_labels.py for tasks to queue
[2022-10-16 07:02:12,675] {logging_mixin.py:109} INFO - [2022-10-16 07:02:12,675] {dagbag.py:500} INFO - Filling up the DagBag from /home/airflow/.local/lib/python3.7/site-packages/airflow/example_dags/example_branch_labels.py
[2022-10-16 07:02:12,696] {processor.py:654} INFO - DAG(s) dict_keys(['example_branch_labels']) retrieved from /home/airflow/.local/lib/python3.7/site-packages/airflow/example_dags/example_branch_labels.py
[2022-10-16 07:02:12,702] {logging_mixin.py:109} INFO - [2022-10-16 07:02:12,702] {dag.py:2398} INFO - Sync 1 DAGs
[2022-10-16 07:02:12,715] {logging_mixin.py:109} INFO - [2022-10-16 07:02:12,715] {dag.py:2937} INFO - Setting next_dagrun for example_branch_labels to 2022-10-15 00:00:00+00:00
[2022-10-16 07:02:12,722] {processor.py:171} INFO - Processing /home/airflow/.local/lib/python3.7/site-packages/airflow/example_dags/example_branch_labels.py took 0.057 seconds
[2022-10-16 07:02:43,040] {processor.py:163} INFO - Started process (PID=2607) to work on /home/airflow/.local/lib/python3.7/site-packages/airflow/example_dags/example_branch_labels.py
[2022-10-16 07:02:43,041] {processor.py:642} INFO - Processing file /home/airflow/.local/lib/python3.7/site-packages/airflow/example_dags/example_branch_labels.py for tasks to queue
[2022-10-16 07:02:43,041] {logging_mixin.py:109} INFO - [2022-10-16 07:02:43,041] {dagbag.py:500} INFO - Filling up the DagBag from /home/airflow/.local/lib/python3.7/site-packages/airflow/example_dags/example_branch_labels.py
[2022-10-16 07:02:43,062] {processor.py:654} INFO - DAG(s) dict_keys(['example_branch_labels']) retrieved from /home/airflow/.local/lib/python3.7/site-packages/airflow/example_dags/example_branch_labels.py
[2022-10-16 07:02:43,068] {logging_mixin.py:109} INFO - [2022-10-16 07:02:43,068] {dag.py:2398} INFO - Sync 1 DAGs
[2022-10-16 07:02:43,081] {logging_mixin.py:109} INFO - [2022-10-16 07:02:43,081] {dag.py:2937} INFO - Setting next_dagrun for example_branch_labels to 2022-10-15 00:00:00+00:00
[2022-10-16 07:02:43,089] {processor.py:171} INFO - Processing /home/airflow/.local/lib/python3.7/site-packages/airflow/example_dags/example_branch_labels.py took 0.051 seconds
[2022-10-16 07:03:13,503] {processor.py:163} INFO - Started process (PID=2679) to work on /home/airflow/.local/lib/python3.7/site-packages/airflow/example_dags/example_branch_labels.py
[2022-10-16 07:03:13,511] {processor.py:642} INFO - Processing file /home/airflow/.local/lib/python3.7/site-packages/airflow/example_dags/example_branch_labels.py for tasks to queue
[2022-10-16 07:03:13,511] {logging_mixin.py:109} INFO - [2022-10-16 07:03:13,511] {dagbag.py:500} INFO - Filling up the DagBag from /home/airflow/.local/lib/python3.7/site-packages/airflow/example_dags/example_branch_labels.py
[2022-10-16 07:03:13,533] {processor.py:654} INFO - DAG(s) dict_keys(['example_branch_labels']) retrieved from /home/airflow/.local/lib/python3.7/site-packages/airflow/example_dags/example_branch_labels.py
[2022-10-16 07:03:13,540] {logging_mixin.py:109} INFO - [2022-10-16 07:03:13,540] {dag.py:2398} INFO - Sync 1 DAGs
[2022-10-16 07:03:13,556] {logging_mixin.py:109} INFO - [2022-10-16 07:03:13,556] {dag.py:2937} INFO - Setting next_dagrun for example_branch_labels to 2022-10-15 00:00:00+00:00
[2022-10-16 07:03:13,578] {processor.py:171} INFO - Processing /home/airflow/.local/lib/python3.7/site-packages/airflow/example_dags/example_branch_labels.py took 0.077 seconds
[2022-10-16 07:03:43,882] {processor.py:163} INFO - Started process (PID=2742) to work on /home/airflow/.local/lib/python3.7/site-packages/airflow/example_dags/example_branch_labels.py
[2022-10-16 07:03:43,883] {processor.py:642} INFO - Processing file /home/airflow/.local/lib/python3.7/site-packages/airflow/example_dags/example_branch_labels.py for tasks to queue
[2022-10-16 07:03:43,884] {logging_mixin.py:109} INFO - [2022-10-16 07:03:43,883] {dagbag.py:500} INFO - Filling up the DagBag from /home/airflow/.local/lib/python3.7/site-packages/airflow/example_dags/example_branch_labels.py
[2022-10-16 07:03:43,905] {processor.py:654} INFO - DAG(s) dict_keys(['example_branch_labels']) retrieved from /home/airflow/.local/lib/python3.7/site-packages/airflow/example_dags/example_branch_labels.py
[2022-10-16 07:03:43,912] {logging_mixin.py:109} INFO - [2022-10-16 07:03:43,912] {dag.py:2398} INFO - Sync 1 DAGs
[2022-10-16 07:03:43,923] {logging_mixin.py:109} INFO - [2022-10-16 07:03:43,923] {dag.py:2937} INFO - Setting next_dagrun for example_branch_labels to 2022-10-15 00:00:00+00:00
[2022-10-16 07:03:43,935] {processor.py:171} INFO - Processing /home/airflow/.local/lib/python3.7/site-packages/airflow/example_dags/example_branch_labels.py took 0.055 seconds
[2022-10-16 07:04:14,295] {processor.py:163} INFO - Started process (PID=2813) to work on /home/airflow/.local/lib/python3.7/site-packages/airflow/example_dags/example_branch_labels.py
[2022-10-16 07:04:14,296] {processor.py:642} INFO - Processing file /home/airflow/.local/lib/python3.7/site-packages/airflow/example_dags/example_branch_labels.py for tasks to queue
[2022-10-16 07:04:14,296] {logging_mixin.py:109} INFO - [2022-10-16 07:04:14,296] {dagbag.py:500} INFO - Filling up the DagBag from /home/airflow/.local/lib/python3.7/site-packages/airflow/example_dags/example_branch_labels.py
[2022-10-16 07:04:14,321] {processor.py:654} INFO - DAG(s) dict_keys(['example_branch_labels']) retrieved from /home/airflow/.local/lib/python3.7/site-packages/airflow/example_dags/example_branch_labels.py
[2022-10-16 07:04:14,328] {logging_mixin.py:109} INFO - [2022-10-16 07:04:14,328] {dag.py:2398} INFO - Sync 1 DAGs
[2022-10-16 07:04:14,342] {logging_mixin.py:109} INFO - [2022-10-16 07:04:14,342] {dag.py:2937} INFO - Setting next_dagrun for example_branch_labels to 2022-10-15 00:00:00+00:00
[2022-10-16 07:04:14,355] {processor.py:171} INFO - Processing /home/airflow/.local/lib/python3.7/site-packages/airflow/example_dags/example_branch_labels.py took 0.063 seconds
[2022-10-16 07:04:44,497] {processor.py:163} INFO - Started process (PID=2876) to work on /home/airflow/.local/lib/python3.7/site-packages/airflow/example_dags/example_branch_labels.py
[2022-10-16 07:04:44,498] {processor.py:642} INFO - Processing file /home/airflow/.local/lib/python3.7/site-packages/airflow/example_dags/example_branch_labels.py for tasks to queue
[2022-10-16 07:04:44,498] {logging_mixin.py:109} INFO - [2022-10-16 07:04:44,498] {dagbag.py:500} INFO - Filling up the DagBag from /home/airflow/.local/lib/python3.7/site-packages/airflow/example_dags/example_branch_labels.py
[2022-10-16 07:04:44,520] {processor.py:654} INFO - DAG(s) dict_keys(['example_branch_labels']) retrieved from /home/airflow/.local/lib/python3.7/site-packages/airflow/example_dags/example_branch_labels.py
[2022-10-16 07:04:44,526] {logging_mixin.py:109} INFO - [2022-10-16 07:04:44,526] {dag.py:2398} INFO - Sync 1 DAGs
[2022-10-16 07:04:44,539] {logging_mixin.py:109} INFO - [2022-10-16 07:04:44,539] {dag.py:2937} INFO - Setting next_dagrun for example_branch_labels to 2022-10-15 00:00:00+00:00
[2022-10-16 07:04:44,552] {processor.py:171} INFO - Processing /home/airflow/.local/lib/python3.7/site-packages/airflow/example_dags/example_branch_labels.py took 0.057 seconds
[2022-10-16 07:05:15,019] {processor.py:163} INFO - Started process (PID=2951) to work on /home/airflow/.local/lib/python3.7/site-packages/airflow/example_dags/example_branch_labels.py
[2022-10-16 07:05:15,020] {processor.py:642} INFO - Processing file /home/airflow/.local/lib/python3.7/site-packages/airflow/example_dags/example_branch_labels.py for tasks to queue
[2022-10-16 07:05:15,020] {logging_mixin.py:109} INFO - [2022-10-16 07:05:15,020] {dagbag.py:500} INFO - Filling up the DagBag from /home/airflow/.local/lib/python3.7/site-packages/airflow/example_dags/example_branch_labels.py
[2022-10-16 07:05:15,041] {processor.py:654} INFO - DAG(s) dict_keys(['example_branch_labels']) retrieved from /home/airflow/.local/lib/python3.7/site-packages/airflow/example_dags/example_branch_labels.py
[2022-10-16 07:05:15,048] {logging_mixin.py:109} INFO - [2022-10-16 07:05:15,048] {dag.py:2398} INFO - Sync 1 DAGs
[2022-10-16 07:05:15,059] {logging_mixin.py:109} INFO - [2022-10-16 07:05:15,059] {dag.py:2937} INFO - Setting next_dagrun for example_branch_labels to 2022-10-15 00:00:00+00:00
[2022-10-16 07:05:15,066] {processor.py:171} INFO - Processing /home/airflow/.local/lib/python3.7/site-packages/airflow/example_dags/example_branch_labels.py took 0.049 seconds
[2022-10-16 07:05:45,975] {processor.py:163} INFO - Started process (PID=3012) to work on /home/airflow/.local/lib/python3.7/site-packages/airflow/example_dags/example_branch_labels.py
[2022-10-16 07:05:45,975] {processor.py:642} INFO - Processing file /home/airflow/.local/lib/python3.7/site-packages/airflow/example_dags/example_branch_labels.py for tasks to queue
[2022-10-16 07:05:45,976] {logging_mixin.py:109} INFO - [2022-10-16 07:05:45,976] {dagbag.py:500} INFO - Filling up the DagBag from /home/airflow/.local/lib/python3.7/site-packages/airflow/example_dags/example_branch_labels.py
[2022-10-16 07:05:45,996] {processor.py:654} INFO - DAG(s) dict_keys(['example_branch_labels']) retrieved from /home/airflow/.local/lib/python3.7/site-packages/airflow/example_dags/example_branch_labels.py
[2022-10-16 07:05:46,004] {logging_mixin.py:109} INFO - [2022-10-16 07:05:46,004] {dag.py:2398} INFO - Sync 1 DAGs
[2022-10-16 07:05:46,016] {logging_mixin.py:109} INFO - [2022-10-16 07:05:46,016] {dag.py:2937} INFO - Setting next_dagrun for example_branch_labels to 2022-10-15 00:00:00+00:00
[2022-10-16 07:05:46,030] {processor.py:171} INFO - Processing /home/airflow/.local/lib/python3.7/site-packages/airflow/example_dags/example_branch_labels.py took 0.057 seconds
[2022-10-16 07:06:17,095] {processor.py:163} INFO - Started process (PID=3083) to work on /home/airflow/.local/lib/python3.7/site-packages/airflow/example_dags/example_branch_labels.py
[2022-10-16 07:06:17,095] {processor.py:642} INFO - Processing file /home/airflow/.local/lib/python3.7/site-packages/airflow/example_dags/example_branch_labels.py for tasks to queue
[2022-10-16 07:06:17,096] {logging_mixin.py:109} INFO - [2022-10-16 07:06:17,096] {dagbag.py:500} INFO - Filling up the DagBag from /home/airflow/.local/lib/python3.7/site-packages/airflow/example_dags/example_branch_labels.py
[2022-10-16 07:06:17,116] {processor.py:654} INFO - DAG(s) dict_keys(['example_branch_labels']) retrieved from /home/airflow/.local/lib/python3.7/site-packages/airflow/example_dags/example_branch_labels.py
[2022-10-16 07:06:17,122] {logging_mixin.py:109} INFO - [2022-10-16 07:06:17,122] {dag.py:2398} INFO - Sync 1 DAGs
[2022-10-16 07:06:17,134] {logging_mixin.py:109} INFO - [2022-10-16 07:06:17,134] {dag.py:2937} INFO - Setting next_dagrun for example_branch_labels to 2022-10-15 00:00:00+00:00
[2022-10-16 07:06:17,147] {processor.py:171} INFO - Processing /home/airflow/.local/lib/python3.7/site-packages/airflow/example_dags/example_branch_labels.py took 0.054 seconds
[2022-10-16 07:06:48,259] {processor.py:163} INFO - Started process (PID=3145) to work on /home/airflow/.local/lib/python3.7/site-packages/airflow/example_dags/example_branch_labels.py
[2022-10-16 07:06:48,260] {processor.py:642} INFO - Processing file /home/airflow/.local/lib/python3.7/site-packages/airflow/example_dags/example_branch_labels.py for tasks to queue
[2022-10-16 07:06:48,260] {logging_mixin.py:109} INFO - [2022-10-16 07:06:48,260] {dagbag.py:500} INFO - Filling up the DagBag from /home/airflow/.local/lib/python3.7/site-packages/airflow/example_dags/example_branch_labels.py
[2022-10-16 07:06:48,281] {processor.py:654} INFO - DAG(s) dict_keys(['example_branch_labels']) retrieved from /home/airflow/.local/lib/python3.7/site-packages/airflow/example_dags/example_branch_labels.py
[2022-10-16 07:06:48,288] {logging_mixin.py:109} INFO - [2022-10-16 07:06:48,287] {dag.py:2398} INFO - Sync 1 DAGs
[2022-10-16 07:06:48,301] {logging_mixin.py:109} INFO - [2022-10-16 07:06:48,301] {dag.py:2937} INFO - Setting next_dagrun for example_branch_labels to 2022-10-15 00:00:00+00:00
[2022-10-16 07:06:48,315] {processor.py:171} INFO - Processing /home/airflow/.local/lib/python3.7/site-packages/airflow/example_dags/example_branch_labels.py took 0.058 seconds
[2022-10-16 07:07:19,585] {processor.py:163} INFO - Started process (PID=3216) to work on /home/airflow/.local/lib/python3.7/site-packages/airflow/example_dags/example_branch_labels.py
[2022-10-16 07:07:19,586] {processor.py:642} INFO - Processing file /home/airflow/.local/lib/python3.7/site-packages/airflow/example_dags/example_branch_labels.py for tasks to queue
[2022-10-16 07:07:19,587] {logging_mixin.py:109} INFO - [2022-10-16 07:07:19,587] {dagbag.py:500} INFO - Filling up the DagBag from /home/airflow/.local/lib/python3.7/site-packages/airflow/example_dags/example_branch_labels.py
[2022-10-16 07:07:19,609] {processor.py:654} INFO - DAG(s) dict_keys(['example_branch_labels']) retrieved from /home/airflow/.local/lib/python3.7/site-packages/airflow/example_dags/example_branch_labels.py
[2022-10-16 07:07:19,616] {logging_mixin.py:109} INFO - [2022-10-16 07:07:19,616] {dag.py:2398} INFO - Sync 1 DAGs
[2022-10-16 07:07:19,629] {logging_mixin.py:109} INFO - [2022-10-16 07:07:19,629] {dag.py:2937} INFO - Setting next_dagrun for example_branch_labels to 2022-10-15 00:00:00+00:00
[2022-10-16 07:07:19,643] {processor.py:171} INFO - Processing /home/airflow/.local/lib/python3.7/site-packages/airflow/example_dags/example_branch_labels.py took 0.060 seconds
[2022-10-16 07:07:50,828] {processor.py:163} INFO - Started process (PID=3287) to work on /home/airflow/.local/lib/python3.7/site-packages/airflow/example_dags/example_branch_labels.py
[2022-10-16 07:07:50,829] {processor.py:642} INFO - Processing file /home/airflow/.local/lib/python3.7/site-packages/airflow/example_dags/example_branch_labels.py for tasks to queue
[2022-10-16 07:07:50,829] {logging_mixin.py:109} INFO - [2022-10-16 07:07:50,829] {dagbag.py:500} INFO - Filling up the DagBag from /home/airflow/.local/lib/python3.7/site-packages/airflow/example_dags/example_branch_labels.py
[2022-10-16 07:07:50,852] {processor.py:654} INFO - DAG(s) dict_keys(['example_branch_labels']) retrieved from /home/airflow/.local/lib/python3.7/site-packages/airflow/example_dags/example_branch_labels.py
[2022-10-16 07:07:50,859] {logging_mixin.py:109} INFO - [2022-10-16 07:07:50,859] {dag.py:2398} INFO - Sync 1 DAGs
[2022-10-16 07:07:50,873] {logging_mixin.py:109} INFO - [2022-10-16 07:07:50,873] {dag.py:2937} INFO - Setting next_dagrun for example_branch_labels to 2022-10-15 00:00:00+00:00
[2022-10-16 07:07:50,886] {processor.py:171} INFO - Processing /home/airflow/.local/lib/python3.7/site-packages/airflow/example_dags/example_branch_labels.py took 0.060 seconds
[2022-10-16 07:08:22,079] {processor.py:163} INFO - Started process (PID=3351) to work on /home/airflow/.local/lib/python3.7/site-packages/airflow/example_dags/example_branch_labels.py
[2022-10-16 07:08:22,080] {processor.py:642} INFO - Processing file /home/airflow/.local/lib/python3.7/site-packages/airflow/example_dags/example_branch_labels.py for tasks to queue
[2022-10-16 07:08:22,080] {logging_mixin.py:109} INFO - [2022-10-16 07:08:22,080] {dagbag.py:500} INFO - Filling up the DagBag from /home/airflow/.local/lib/python3.7/site-packages/airflow/example_dags/example_branch_labels.py
[2022-10-16 07:08:22,102] {processor.py:654} INFO - DAG(s) dict_keys(['example_branch_labels']) retrieved from /home/airflow/.local/lib/python3.7/site-packages/airflow/example_dags/example_branch_labels.py
[2022-10-16 07:08:22,109] {logging_mixin.py:109} INFO - [2022-10-16 07:08:22,109] {dag.py:2398} INFO - Sync 1 DAGs
[2022-10-16 07:08:22,124] {logging_mixin.py:109} INFO - [2022-10-16 07:08:22,124] {dag.py:2937} INFO - Setting next_dagrun for example_branch_labels to 2022-10-15 00:00:00+00:00
[2022-10-16 07:08:22,133] {processor.py:171} INFO - Processing /home/airflow/.local/lib/python3.7/site-packages/airflow/example_dags/example_branch_labels.py took 0.057 seconds
[2022-10-16 07:08:53,241] {processor.py:163} INFO - Started process (PID=3424) to work on /home/airflow/.local/lib/python3.7/site-packages/airflow/example_dags/example_branch_labels.py
[2022-10-16 07:08:53,242] {processor.py:642} INFO - Processing file /home/airflow/.local/lib/python3.7/site-packages/airflow/example_dags/example_branch_labels.py for tasks to queue
[2022-10-16 07:08:53,242] {logging_mixin.py:109} INFO - [2022-10-16 07:08:53,242] {dagbag.py:500} INFO - Filling up the DagBag from /home/airflow/.local/lib/python3.7/site-packages/airflow/example_dags/example_branch_labels.py
[2022-10-16 07:08:53,263] {processor.py:654} INFO - DAG(s) dict_keys(['example_branch_labels']) retrieved from /home/airflow/.local/lib/python3.7/site-packages/airflow/example_dags/example_branch_labels.py
[2022-10-16 07:08:53,269] {logging_mixin.py:109} INFO - [2022-10-16 07:08:53,269] {dag.py:2398} INFO - Sync 1 DAGs
[2022-10-16 07:08:53,281] {logging_mixin.py:109} INFO - [2022-10-16 07:08:53,281] {dag.py:2937} INFO - Setting next_dagrun for example_branch_labels to 2022-10-15 00:00:00+00:00
[2022-10-16 07:08:53,296] {processor.py:171} INFO - Processing /home/airflow/.local/lib/python3.7/site-packages/airflow/example_dags/example_branch_labels.py took 0.057 seconds
[2022-10-16 07:09:24,338] {processor.py:163} INFO - Started process (PID=3487) to work on /home/airflow/.local/lib/python3.7/site-packages/airflow/example_dags/example_branch_labels.py
[2022-10-16 07:09:24,339] {processor.py:642} INFO - Processing file /home/airflow/.local/lib/python3.7/site-packages/airflow/example_dags/example_branch_labels.py for tasks to queue
[2022-10-16 07:09:24,339] {logging_mixin.py:109} INFO - [2022-10-16 07:09:24,339] {dagbag.py:500} INFO - Filling up the DagBag from /home/airflow/.local/lib/python3.7/site-packages/airflow/example_dags/example_branch_labels.py
[2022-10-16 07:09:24,361] {processor.py:654} INFO - DAG(s) dict_keys(['example_branch_labels']) retrieved from /home/airflow/.local/lib/python3.7/site-packages/airflow/example_dags/example_branch_labels.py
[2022-10-16 07:09:24,368] {logging_mixin.py:109} INFO - [2022-10-16 07:09:24,368] {dag.py:2398} INFO - Sync 1 DAGs
[2022-10-16 07:09:24,385] {logging_mixin.py:109} INFO - [2022-10-16 07:09:24,385] {dag.py:2937} INFO - Setting next_dagrun for example_branch_labels to 2022-10-15 00:00:00+00:00
[2022-10-16 07:09:24,399] {processor.py:171} INFO - Processing /home/airflow/.local/lib/python3.7/site-packages/airflow/example_dags/example_branch_labels.py took 0.063 seconds
[2022-10-16 07:09:55,258] {processor.py:163} INFO - Started process (PID=3560) to work on /home/airflow/.local/lib/python3.7/site-packages/airflow/example_dags/example_branch_labels.py
[2022-10-16 07:09:55,258] {processor.py:642} INFO - Processing file /home/airflow/.local/lib/python3.7/site-packages/airflow/example_dags/example_branch_labels.py for tasks to queue
[2022-10-16 07:09:55,259] {logging_mixin.py:109} INFO - [2022-10-16 07:09:55,259] {dagbag.py:500} INFO - Filling up the DagBag from /home/airflow/.local/lib/python3.7/site-packages/airflow/example_dags/example_branch_labels.py
[2022-10-16 07:09:55,278] {processor.py:654} INFO - DAG(s) dict_keys(['example_branch_labels']) retrieved from /home/airflow/.local/lib/python3.7/site-packages/airflow/example_dags/example_branch_labels.py
[2022-10-16 07:09:55,285] {logging_mixin.py:109} INFO - [2022-10-16 07:09:55,285] {dag.py:2398} INFO - Sync 1 DAGs
[2022-10-16 07:09:55,298] {logging_mixin.py:109} INFO - [2022-10-16 07:09:55,298] {dag.py:2937} INFO - Setting next_dagrun for example_branch_labels to 2022-10-15 00:00:00+00:00
[2022-10-16 07:09:55,307] {processor.py:171} INFO - Processing /home/airflow/.local/lib/python3.7/site-packages/airflow/example_dags/example_branch_labels.py took 0.051 seconds
[2022-10-16 07:10:26,473] {processor.py:163} INFO - Started process (PID=3623) to work on /home/airflow/.local/lib/python3.7/site-packages/airflow/example_dags/example_branch_labels.py
[2022-10-16 07:10:26,474] {processor.py:642} INFO - Processing file /home/airflow/.local/lib/python3.7/site-packages/airflow/example_dags/example_branch_labels.py for tasks to queue
[2022-10-16 07:10:26,474] {logging_mixin.py:109} INFO - [2022-10-16 07:10:26,474] {dagbag.py:500} INFO - Filling up the DagBag from /home/airflow/.local/lib/python3.7/site-packages/airflow/example_dags/example_branch_labels.py
[2022-10-16 07:10:26,497] {processor.py:654} INFO - DAG(s) dict_keys(['example_branch_labels']) retrieved from /home/airflow/.local/lib/python3.7/site-packages/airflow/example_dags/example_branch_labels.py
[2022-10-16 07:10:26,506] {logging_mixin.py:109} INFO - [2022-10-16 07:10:26,506] {dag.py:2398} INFO - Sync 1 DAGs
[2022-10-16 07:10:26,519] {logging_mixin.py:109} INFO - [2022-10-16 07:10:26,519] {dag.py:2937} INFO - Setting next_dagrun for example_branch_labels to 2022-10-15 00:00:00+00:00
[2022-10-16 07:10:26,527] {processor.py:171} INFO - Processing /home/airflow/.local/lib/python3.7/site-packages/airflow/example_dags/example_branch_labels.py took 0.056 seconds
[2022-10-16 07:10:56,642] {processor.py:163} INFO - Started process (PID=3689) to work on /home/airflow/.local/lib/python3.7/site-packages/airflow/example_dags/example_branch_labels.py
[2022-10-16 07:10:56,643] {processor.py:642} INFO - Processing file /home/airflow/.local/lib/python3.7/site-packages/airflow/example_dags/example_branch_labels.py for tasks to queue
[2022-10-16 07:10:56,643] {logging_mixin.py:109} INFO - [2022-10-16 07:10:56,643] {dagbag.py:500} INFO - Filling up the DagBag from /home/airflow/.local/lib/python3.7/site-packages/airflow/example_dags/example_branch_labels.py
[2022-10-16 07:10:56,665] {processor.py:654} INFO - DAG(s) dict_keys(['example_branch_labels']) retrieved from /home/airflow/.local/lib/python3.7/site-packages/airflow/example_dags/example_branch_labels.py
[2022-10-16 07:10:56,673] {logging_mixin.py:109} INFO - [2022-10-16 07:10:56,673] {dag.py:2398} INFO - Sync 1 DAGs
[2022-10-16 07:10:56,710] {logging_mixin.py:109} INFO - [2022-10-16 07:10:56,708] {dag.py:2937} INFO - Setting next_dagrun for example_branch_labels to 2022-10-15 00:00:00+00:00
[2022-10-16 07:10:56,747] {processor.py:171} INFO - Processing /home/airflow/.local/lib/python3.7/site-packages/airflow/example_dags/example_branch_labels.py took 0.108 seconds
[2022-10-16 07:11:26,859] {processor.py:163} INFO - Started process (PID=3756) to work on /home/airflow/.local/lib/python3.7/site-packages/airflow/example_dags/example_branch_labels.py
[2022-10-16 07:11:26,860] {processor.py:642} INFO - Processing file /home/airflow/.local/lib/python3.7/site-packages/airflow/example_dags/example_branch_labels.py for tasks to queue
[2022-10-16 07:11:26,860] {logging_mixin.py:109} INFO - [2022-10-16 07:11:26,860] {dagbag.py:500} INFO - Filling up the DagBag from /home/airflow/.local/lib/python3.7/site-packages/airflow/example_dags/example_branch_labels.py
[2022-10-16 07:11:26,881] {processor.py:654} INFO - DAG(s) dict_keys(['example_branch_labels']) retrieved from /home/airflow/.local/lib/python3.7/site-packages/airflow/example_dags/example_branch_labels.py
[2022-10-16 07:11:26,887] {logging_mixin.py:109} INFO - [2022-10-16 07:11:26,887] {dag.py:2398} INFO - Sync 1 DAGs
[2022-10-16 07:11:26,899] {logging_mixin.py:109} INFO - [2022-10-16 07:11:26,899] {dag.py:2937} INFO - Setting next_dagrun for example_branch_labels to 2022-10-15 00:00:00+00:00
[2022-10-16 07:11:26,907] {processor.py:171} INFO - Processing /home/airflow/.local/lib/python3.7/site-packages/airflow/example_dags/example_branch_labels.py took 0.050 seconds
[2022-10-16 07:11:57,970] {processor.py:163} INFO - Started process (PID=3828) to work on /home/airflow/.local/lib/python3.7/site-packages/airflow/example_dags/example_branch_labels.py
[2022-10-16 07:11:57,971] {processor.py:642} INFO - Processing file /home/airflow/.local/lib/python3.7/site-packages/airflow/example_dags/example_branch_labels.py for tasks to queue
[2022-10-16 07:11:57,971] {logging_mixin.py:109} INFO - [2022-10-16 07:11:57,971] {dagbag.py:500} INFO - Filling up the DagBag from /home/airflow/.local/lib/python3.7/site-packages/airflow/example_dags/example_branch_labels.py
[2022-10-16 07:11:57,993] {processor.py:654} INFO - DAG(s) dict_keys(['example_branch_labels']) retrieved from /home/airflow/.local/lib/python3.7/site-packages/airflow/example_dags/example_branch_labels.py
[2022-10-16 07:11:58,000] {logging_mixin.py:109} INFO - [2022-10-16 07:11:58,000] {dag.py:2398} INFO - Sync 1 DAGs
[2022-10-16 07:11:58,012] {logging_mixin.py:109} INFO - [2022-10-16 07:11:58,012] {dag.py:2937} INFO - Setting next_dagrun for example_branch_labels to 2022-10-15 00:00:00+00:00
[2022-10-16 07:11:58,025] {processor.py:171} INFO - Processing /home/airflow/.local/lib/python3.7/site-packages/airflow/example_dags/example_branch_labels.py took 0.057 seconds
[2022-10-16 07:12:29,154] {processor.py:163} INFO - Started process (PID=3890) to work on /home/airflow/.local/lib/python3.7/site-packages/airflow/example_dags/example_branch_labels.py
[2022-10-16 07:12:29,155] {processor.py:642} INFO - Processing file /home/airflow/.local/lib/python3.7/site-packages/airflow/example_dags/example_branch_labels.py for tasks to queue
[2022-10-16 07:12:29,155] {logging_mixin.py:109} INFO - [2022-10-16 07:12:29,155] {dagbag.py:500} INFO - Filling up the DagBag from /home/airflow/.local/lib/python3.7/site-packages/airflow/example_dags/example_branch_labels.py
[2022-10-16 07:12:29,176] {processor.py:654} INFO - DAG(s) dict_keys(['example_branch_labels']) retrieved from /home/airflow/.local/lib/python3.7/site-packages/airflow/example_dags/example_branch_labels.py
[2022-10-16 07:12:29,183] {logging_mixin.py:109} INFO - [2022-10-16 07:12:29,183] {dag.py:2398} INFO - Sync 1 DAGs
[2022-10-16 07:12:29,195] {logging_mixin.py:109} INFO - [2022-10-16 07:12:29,195] {dag.py:2937} INFO - Setting next_dagrun for example_branch_labels to 2022-10-15 00:00:00+00:00
[2022-10-16 07:12:29,202] {processor.py:171} INFO - Processing /home/airflow/.local/lib/python3.7/site-packages/airflow/example_dags/example_branch_labels.py took 0.051 seconds
[2022-10-16 07:13:00,264] {processor.py:163} INFO - Started process (PID=3961) to work on /home/airflow/.local/lib/python3.7/site-packages/airflow/example_dags/example_branch_labels.py
[2022-10-16 07:13:00,265] {processor.py:642} INFO - Processing file /home/airflow/.local/lib/python3.7/site-packages/airflow/example_dags/example_branch_labels.py for tasks to queue
[2022-10-16 07:13:00,265] {logging_mixin.py:109} INFO - [2022-10-16 07:13:00,265] {dagbag.py:500} INFO - Filling up the DagBag from /home/airflow/.local/lib/python3.7/site-packages/airflow/example_dags/example_branch_labels.py
[2022-10-16 07:13:00,287] {processor.py:654} INFO - DAG(s) dict_keys(['example_branch_labels']) retrieved from /home/airflow/.local/lib/python3.7/site-packages/airflow/example_dags/example_branch_labels.py
[2022-10-16 07:13:00,293] {logging_mixin.py:109} INFO - [2022-10-16 07:13:00,293] {dag.py:2398} INFO - Sync 1 DAGs
[2022-10-16 07:13:00,306] {logging_mixin.py:109} INFO - [2022-10-16 07:13:00,305] {dag.py:2937} INFO - Setting next_dagrun for example_branch_labels to 2022-10-15 00:00:00+00:00
[2022-10-16 07:13:00,319] {processor.py:171} INFO - Processing /home/airflow/.local/lib/python3.7/site-packages/airflow/example_dags/example_branch_labels.py took 0.057 seconds
[2022-10-16 07:13:31,491] {processor.py:163} INFO - Started process (PID=4024) to work on /home/airflow/.local/lib/python3.7/site-packages/airflow/example_dags/example_branch_labels.py
[2022-10-16 07:13:31,497] {processor.py:642} INFO - Processing file /home/airflow/.local/lib/python3.7/site-packages/airflow/example_dags/example_branch_labels.py for tasks to queue
[2022-10-16 07:13:31,498] {logging_mixin.py:109} INFO - [2022-10-16 07:13:31,498] {dagbag.py:500} INFO - Filling up the DagBag from /home/airflow/.local/lib/python3.7/site-packages/airflow/example_dags/example_branch_labels.py
[2022-10-16 07:13:31,523] {processor.py:654} INFO - DAG(s) dict_keys(['example_branch_labels']) retrieved from /home/airflow/.local/lib/python3.7/site-packages/airflow/example_dags/example_branch_labels.py
[2022-10-16 07:13:31,531] {logging_mixin.py:109} INFO - [2022-10-16 07:13:31,531] {dag.py:2398} INFO - Sync 1 DAGs
[2022-10-16 07:13:31,546] {logging_mixin.py:109} INFO - [2022-10-16 07:13:31,546] {dag.py:2937} INFO - Setting next_dagrun for example_branch_labels to 2022-10-15 00:00:00+00:00
[2022-10-16 07:13:31,562] {processor.py:171} INFO - Processing /home/airflow/.local/lib/python3.7/site-packages/airflow/example_dags/example_branch_labels.py took 0.074 seconds
[2022-10-16 07:14:01,965] {processor.py:163} INFO - Started process (PID=4096) to work on /home/airflow/.local/lib/python3.7/site-packages/airflow/example_dags/example_branch_labels.py
[2022-10-16 07:14:01,965] {processor.py:642} INFO - Processing file /home/airflow/.local/lib/python3.7/site-packages/airflow/example_dags/example_branch_labels.py for tasks to queue
[2022-10-16 07:14:01,966] {logging_mixin.py:109} INFO - [2022-10-16 07:14:01,966] {dagbag.py:500} INFO - Filling up the DagBag from /home/airflow/.local/lib/python3.7/site-packages/airflow/example_dags/example_branch_labels.py
[2022-10-16 07:14:01,987] {processor.py:654} INFO - DAG(s) dict_keys(['example_branch_labels']) retrieved from /home/airflow/.local/lib/python3.7/site-packages/airflow/example_dags/example_branch_labels.py
[2022-10-16 07:14:01,994] {logging_mixin.py:109} INFO - [2022-10-16 07:14:01,994] {dag.py:2398} INFO - Sync 1 DAGs
[2022-10-16 07:14:02,006] {logging_mixin.py:109} INFO - [2022-10-16 07:14:02,006] {dag.py:2937} INFO - Setting next_dagrun for example_branch_labels to 2022-10-15 00:00:00+00:00
[2022-10-16 07:14:02,014] {processor.py:171} INFO - Processing /home/airflow/.local/lib/python3.7/site-packages/airflow/example_dags/example_branch_labels.py took 0.051 seconds
[2022-10-16 07:14:33,103] {processor.py:163} INFO - Started process (PID=4158) to work on /home/airflow/.local/lib/python3.7/site-packages/airflow/example_dags/example_branch_labels.py
[2022-10-16 07:14:33,103] {processor.py:642} INFO - Processing file /home/airflow/.local/lib/python3.7/site-packages/airflow/example_dags/example_branch_labels.py for tasks to queue
[2022-10-16 07:14:33,104] {logging_mixin.py:109} INFO - [2022-10-16 07:14:33,104] {dagbag.py:500} INFO - Filling up the DagBag from /home/airflow/.local/lib/python3.7/site-packages/airflow/example_dags/example_branch_labels.py
[2022-10-16 07:14:33,125] {processor.py:654} INFO - DAG(s) dict_keys(['example_branch_labels']) retrieved from /home/airflow/.local/lib/python3.7/site-packages/airflow/example_dags/example_branch_labels.py
[2022-10-16 07:14:33,132] {logging_mixin.py:109} INFO - [2022-10-16 07:14:33,132] {dag.py:2398} INFO - Sync 1 DAGs
[2022-10-16 07:14:33,147] {logging_mixin.py:109} INFO - [2022-10-16 07:14:33,146] {dag.py:2937} INFO - Setting next_dagrun for example_branch_labels to 2022-10-15 00:00:00+00:00
[2022-10-16 07:14:33,159] {processor.py:171} INFO - Processing /home/airflow/.local/lib/python3.7/site-packages/airflow/example_dags/example_branch_labels.py took 0.059 seconds
[2022-10-16 07:15:03,668] {processor.py:163} INFO - Started process (PID=4231) to work on /home/airflow/.local/lib/python3.7/site-packages/airflow/example_dags/example_branch_labels.py
[2022-10-16 07:15:03,669] {processor.py:642} INFO - Processing file /home/airflow/.local/lib/python3.7/site-packages/airflow/example_dags/example_branch_labels.py for tasks to queue
[2022-10-16 07:15:03,669] {logging_mixin.py:109} INFO - [2022-10-16 07:15:03,669] {dagbag.py:500} INFO - Filling up the DagBag from /home/airflow/.local/lib/python3.7/site-packages/airflow/example_dags/example_branch_labels.py
[2022-10-16 07:15:03,699] {processor.py:654} INFO - DAG(s) dict_keys(['example_branch_labels']) retrieved from /home/airflow/.local/lib/python3.7/site-packages/airflow/example_dags/example_branch_labels.py
[2022-10-16 07:15:03,709] {logging_mixin.py:109} INFO - [2022-10-16 07:15:03,709] {dag.py:2398} INFO - Sync 1 DAGs
[2022-10-16 07:15:03,730] {logging_mixin.py:109} INFO - [2022-10-16 07:15:03,730] {dag.py:2937} INFO - Setting next_dagrun for example_branch_labels to 2022-10-15 00:00:00+00:00
[2022-10-16 07:15:03,753] {processor.py:171} INFO - Processing /home/airflow/.local/lib/python3.7/site-packages/airflow/example_dags/example_branch_labels.py took 0.087 seconds
