[2022-10-16 06:43:23,785] {processor.py:163} INFO - Started process (PID=77) to work on /home/airflow/.local/lib/python3.7/site-packages/airflow/example_dags/example_bash_operator.py
[2022-10-16 06:43:23,786] {processor.py:642} INFO - Processing file /home/airflow/.local/lib/python3.7/site-packages/airflow/example_dags/example_bash_operator.py for tasks to queue
[2022-10-16 06:43:23,786] {logging_mixin.py:109} INFO - [2022-10-16 06:43:23,786] {dagbag.py:500} INFO - Filling up the DagBag from /home/airflow/.local/lib/python3.7/site-packages/airflow/example_dags/example_bash_operator.py
[2022-10-16 06:43:23,809] {processor.py:654} INFO - DAG(s) dict_keys(['example_bash_operator']) retrieved from /home/airflow/.local/lib/python3.7/site-packages/airflow/example_dags/example_bash_operator.py
[2022-10-16 06:43:23,816] {logging_mixin.py:109} INFO - [2022-10-16 06:43:23,816] {dag.py:2398} INFO - Sync 1 DAGs
[2022-10-16 06:43:23,829] {logging_mixin.py:109} INFO - [2022-10-16 06:43:23,829] {dag.py:2937} INFO - Setting next_dagrun for example_bash_operator to 2022-10-15 00:00:00+00:00
[2022-10-16 06:43:23,838] {processor.py:171} INFO - Processing /home/airflow/.local/lib/python3.7/site-packages/airflow/example_dags/example_bash_operator.py took 0.055 seconds
[2022-10-16 06:43:54,506] {processor.py:163} INFO - Started process (PID=150) to work on /home/airflow/.local/lib/python3.7/site-packages/airflow/example_dags/example_bash_operator.py
[2022-10-16 06:43:54,507] {processor.py:642} INFO - Processing file /home/airflow/.local/lib/python3.7/site-packages/airflow/example_dags/example_bash_operator.py for tasks to queue
[2022-10-16 06:43:54,508] {logging_mixin.py:109} INFO - [2022-10-16 06:43:54,508] {dagbag.py:500} INFO - Filling up the DagBag from /home/airflow/.local/lib/python3.7/site-packages/airflow/example_dags/example_bash_operator.py
[2022-10-16 06:43:54,532] {processor.py:654} INFO - DAG(s) dict_keys(['example_bash_operator']) retrieved from /home/airflow/.local/lib/python3.7/site-packages/airflow/example_dags/example_bash_operator.py
[2022-10-16 06:43:54,540] {logging_mixin.py:109} INFO - [2022-10-16 06:43:54,540] {dag.py:2398} INFO - Sync 1 DAGs
[2022-10-16 06:43:54,553] {logging_mixin.py:109} INFO - [2022-10-16 06:43:54,553] {dag.py:2937} INFO - Setting next_dagrun for example_bash_operator to 2022-10-15 00:00:00+00:00
[2022-10-16 06:43:54,562] {processor.py:171} INFO - Processing /home/airflow/.local/lib/python3.7/site-packages/airflow/example_dags/example_bash_operator.py took 0.058 seconds
[2022-10-16 06:44:25,516] {processor.py:163} INFO - Started process (PID=212) to work on /home/airflow/.local/lib/python3.7/site-packages/airflow/example_dags/example_bash_operator.py
[2022-10-16 06:44:25,517] {processor.py:642} INFO - Processing file /home/airflow/.local/lib/python3.7/site-packages/airflow/example_dags/example_bash_operator.py for tasks to queue
[2022-10-16 06:44:25,517] {logging_mixin.py:109} INFO - [2022-10-16 06:44:25,517] {dagbag.py:500} INFO - Filling up the DagBag from /home/airflow/.local/lib/python3.7/site-packages/airflow/example_dags/example_bash_operator.py
[2022-10-16 06:44:25,540] {processor.py:654} INFO - DAG(s) dict_keys(['example_bash_operator']) retrieved from /home/airflow/.local/lib/python3.7/site-packages/airflow/example_dags/example_bash_operator.py
[2022-10-16 06:44:25,547] {logging_mixin.py:109} INFO - [2022-10-16 06:44:25,547] {dag.py:2398} INFO - Sync 1 DAGs
[2022-10-16 06:44:25,558] {logging_mixin.py:109} INFO - [2022-10-16 06:44:25,558] {dag.py:2937} INFO - Setting next_dagrun for example_bash_operator to 2022-10-15 00:00:00+00:00
[2022-10-16 06:44:25,571] {processor.py:171} INFO - Processing /home/airflow/.local/lib/python3.7/site-packages/airflow/example_dags/example_bash_operator.py took 0.057 seconds
[2022-10-16 06:44:56,898] {processor.py:163} INFO - Started process (PID=283) to work on /home/airflow/.local/lib/python3.7/site-packages/airflow/example_dags/example_bash_operator.py
[2022-10-16 06:44:56,898] {processor.py:642} INFO - Processing file /home/airflow/.local/lib/python3.7/site-packages/airflow/example_dags/example_bash_operator.py for tasks to queue
[2022-10-16 06:44:56,899] {logging_mixin.py:109} INFO - [2022-10-16 06:44:56,899] {dagbag.py:500} INFO - Filling up the DagBag from /home/airflow/.local/lib/python3.7/site-packages/airflow/example_dags/example_bash_operator.py
[2022-10-16 06:44:56,924] {processor.py:654} INFO - DAG(s) dict_keys(['example_bash_operator']) retrieved from /home/airflow/.local/lib/python3.7/site-packages/airflow/example_dags/example_bash_operator.py
[2022-10-16 06:44:56,931] {logging_mixin.py:109} INFO - [2022-10-16 06:44:56,931] {dag.py:2398} INFO - Sync 1 DAGs
[2022-10-16 06:44:56,945] {logging_mixin.py:109} INFO - [2022-10-16 06:44:56,945] {dag.py:2937} INFO - Setting next_dagrun for example_bash_operator to 2022-10-15 00:00:00+00:00
[2022-10-16 06:44:56,960] {processor.py:171} INFO - Processing /home/airflow/.local/lib/python3.7/site-packages/airflow/example_dags/example_bash_operator.py took 0.064 seconds
[2022-10-16 06:45:27,840] {processor.py:163} INFO - Started process (PID=345) to work on /home/airflow/.local/lib/python3.7/site-packages/airflow/example_dags/example_bash_operator.py
[2022-10-16 06:45:27,841] {processor.py:642} INFO - Processing file /home/airflow/.local/lib/python3.7/site-packages/airflow/example_dags/example_bash_operator.py for tasks to queue
[2022-10-16 06:45:27,841] {logging_mixin.py:109} INFO - [2022-10-16 06:45:27,841] {dagbag.py:500} INFO - Filling up the DagBag from /home/airflow/.local/lib/python3.7/site-packages/airflow/example_dags/example_bash_operator.py
[2022-10-16 06:45:27,865] {processor.py:654} INFO - DAG(s) dict_keys(['example_bash_operator']) retrieved from /home/airflow/.local/lib/python3.7/site-packages/airflow/example_dags/example_bash_operator.py
[2022-10-16 06:45:27,872] {logging_mixin.py:109} INFO - [2022-10-16 06:45:27,872] {dag.py:2398} INFO - Sync 1 DAGs
[2022-10-16 06:45:27,884] {logging_mixin.py:109} INFO - [2022-10-16 06:45:27,884] {dag.py:2937} INFO - Setting next_dagrun for example_bash_operator to 2022-10-15 00:00:00+00:00
[2022-10-16 06:45:27,896] {processor.py:171} INFO - Processing /home/airflow/.local/lib/python3.7/site-packages/airflow/example_dags/example_bash_operator.py took 0.059 seconds
[2022-10-16 06:45:58,892] {processor.py:163} INFO - Started process (PID=416) to work on /home/airflow/.local/lib/python3.7/site-packages/airflow/example_dags/example_bash_operator.py
[2022-10-16 06:45:58,893] {processor.py:642} INFO - Processing file /home/airflow/.local/lib/python3.7/site-packages/airflow/example_dags/example_bash_operator.py for tasks to queue
[2022-10-16 06:45:58,893] {logging_mixin.py:109} INFO - [2022-10-16 06:45:58,893] {dagbag.py:500} INFO - Filling up the DagBag from /home/airflow/.local/lib/python3.7/site-packages/airflow/example_dags/example_bash_operator.py
[2022-10-16 06:45:58,916] {processor.py:654} INFO - DAG(s) dict_keys(['example_bash_operator']) retrieved from /home/airflow/.local/lib/python3.7/site-packages/airflow/example_dags/example_bash_operator.py
[2022-10-16 06:45:58,923] {logging_mixin.py:109} INFO - [2022-10-16 06:45:58,923] {dag.py:2398} INFO - Sync 1 DAGs
[2022-10-16 06:45:58,935] {logging_mixin.py:109} INFO - [2022-10-16 06:45:58,935] {dag.py:2937} INFO - Setting next_dagrun for example_bash_operator to 2022-10-15 00:00:00+00:00
[2022-10-16 06:45:58,948] {processor.py:171} INFO - Processing /home/airflow/.local/lib/python3.7/site-packages/airflow/example_dags/example_bash_operator.py took 0.058 seconds
[2022-10-16 06:46:30,058] {processor.py:163} INFO - Started process (PID=478) to work on /home/airflow/.local/lib/python3.7/site-packages/airflow/example_dags/example_bash_operator.py
[2022-10-16 06:46:30,059] {processor.py:642} INFO - Processing file /home/airflow/.local/lib/python3.7/site-packages/airflow/example_dags/example_bash_operator.py for tasks to queue
[2022-10-16 06:46:30,059] {logging_mixin.py:109} INFO - [2022-10-16 06:46:30,059] {dagbag.py:500} INFO - Filling up the DagBag from /home/airflow/.local/lib/python3.7/site-packages/airflow/example_dags/example_bash_operator.py
[2022-10-16 06:46:30,084] {processor.py:654} INFO - DAG(s) dict_keys(['example_bash_operator']) retrieved from /home/airflow/.local/lib/python3.7/site-packages/airflow/example_dags/example_bash_operator.py
[2022-10-16 06:46:30,091] {logging_mixin.py:109} INFO - [2022-10-16 06:46:30,091] {dag.py:2398} INFO - Sync 1 DAGs
[2022-10-16 06:46:30,102] {logging_mixin.py:109} INFO - [2022-10-16 06:46:30,102] {dag.py:2937} INFO - Setting next_dagrun for example_bash_operator to 2022-10-15 00:00:00+00:00
[2022-10-16 06:46:30,124] {processor.py:171} INFO - Processing /home/airflow/.local/lib/python3.7/site-packages/airflow/example_dags/example_bash_operator.py took 0.068 seconds
[2022-10-16 06:47:01,135] {processor.py:163} INFO - Started process (PID=549) to work on /home/airflow/.local/lib/python3.7/site-packages/airflow/example_dags/example_bash_operator.py
[2022-10-16 06:47:01,136] {processor.py:642} INFO - Processing file /home/airflow/.local/lib/python3.7/site-packages/airflow/example_dags/example_bash_operator.py for tasks to queue
[2022-10-16 06:47:01,137] {logging_mixin.py:109} INFO - [2022-10-16 06:47:01,137] {dagbag.py:500} INFO - Filling up the DagBag from /home/airflow/.local/lib/python3.7/site-packages/airflow/example_dags/example_bash_operator.py
[2022-10-16 06:47:01,160] {processor.py:654} INFO - DAG(s) dict_keys(['example_bash_operator']) retrieved from /home/airflow/.local/lib/python3.7/site-packages/airflow/example_dags/example_bash_operator.py
[2022-10-16 06:47:01,167] {logging_mixin.py:109} INFO - [2022-10-16 06:47:01,167] {dag.py:2398} INFO - Sync 1 DAGs
[2022-10-16 06:47:01,179] {logging_mixin.py:109} INFO - [2022-10-16 06:47:01,179] {dag.py:2937} INFO - Setting next_dagrun for example_bash_operator to 2022-10-15 00:00:00+00:00
[2022-10-16 06:47:01,189] {processor.py:171} INFO - Processing /home/airflow/.local/lib/python3.7/site-packages/airflow/example_dags/example_bash_operator.py took 0.055 seconds
[2022-10-16 06:47:32,083] {processor.py:163} INFO - Started process (PID=619) to work on /home/airflow/.local/lib/python3.7/site-packages/airflow/example_dags/example_bash_operator.py
[2022-10-16 06:47:32,084] {processor.py:642} INFO - Processing file /home/airflow/.local/lib/python3.7/site-packages/airflow/example_dags/example_bash_operator.py for tasks to queue
[2022-10-16 06:47:32,084] {logging_mixin.py:109} INFO - [2022-10-16 06:47:32,084] {dagbag.py:500} INFO - Filling up the DagBag from /home/airflow/.local/lib/python3.7/site-packages/airflow/example_dags/example_bash_operator.py
[2022-10-16 06:47:32,109] {processor.py:654} INFO - DAG(s) dict_keys(['example_bash_operator']) retrieved from /home/airflow/.local/lib/python3.7/site-packages/airflow/example_dags/example_bash_operator.py
[2022-10-16 06:47:32,120] {logging_mixin.py:109} INFO - [2022-10-16 06:47:32,120] {dag.py:2398} INFO - Sync 1 DAGs
[2022-10-16 06:47:32,137] {logging_mixin.py:109} INFO - [2022-10-16 06:47:32,137] {dag.py:2937} INFO - Setting next_dagrun for example_bash_operator to 2022-10-15 00:00:00+00:00
[2022-10-16 06:47:32,154] {processor.py:171} INFO - Processing /home/airflow/.local/lib/python3.7/site-packages/airflow/example_dags/example_bash_operator.py took 0.073 seconds
[2022-10-16 06:48:03,387] {processor.py:163} INFO - Started process (PID=683) to work on /home/airflow/.local/lib/python3.7/site-packages/airflow/example_dags/example_bash_operator.py
[2022-10-16 06:48:03,388] {processor.py:642} INFO - Processing file /home/airflow/.local/lib/python3.7/site-packages/airflow/example_dags/example_bash_operator.py for tasks to queue
[2022-10-16 06:48:03,388] {logging_mixin.py:109} INFO - [2022-10-16 06:48:03,388] {dagbag.py:500} INFO - Filling up the DagBag from /home/airflow/.local/lib/python3.7/site-packages/airflow/example_dags/example_bash_operator.py
[2022-10-16 06:48:03,411] {processor.py:654} INFO - DAG(s) dict_keys(['example_bash_operator']) retrieved from /home/airflow/.local/lib/python3.7/site-packages/airflow/example_dags/example_bash_operator.py
[2022-10-16 06:48:03,418] {logging_mixin.py:109} INFO - [2022-10-16 06:48:03,418] {dag.py:2398} INFO - Sync 1 DAGs
[2022-10-16 06:48:03,430] {logging_mixin.py:109} INFO - [2022-10-16 06:48:03,430] {dag.py:2937} INFO - Setting next_dagrun for example_bash_operator to 2022-10-15 00:00:00+00:00
[2022-10-16 06:48:03,443] {processor.py:171} INFO - Processing /home/airflow/.local/lib/python3.7/site-packages/airflow/example_dags/example_bash_operator.py took 0.058 seconds
[2022-10-16 06:48:34,607] {processor.py:163} INFO - Started process (PID=754) to work on /home/airflow/.local/lib/python3.7/site-packages/airflow/example_dags/example_bash_operator.py
[2022-10-16 06:48:34,608] {processor.py:642} INFO - Processing file /home/airflow/.local/lib/python3.7/site-packages/airflow/example_dags/example_bash_operator.py for tasks to queue
[2022-10-16 06:48:34,608] {logging_mixin.py:109} INFO - [2022-10-16 06:48:34,608] {dagbag.py:500} INFO - Filling up the DagBag from /home/airflow/.local/lib/python3.7/site-packages/airflow/example_dags/example_bash_operator.py
[2022-10-16 06:48:34,637] {processor.py:654} INFO - DAG(s) dict_keys(['example_bash_operator']) retrieved from /home/airflow/.local/lib/python3.7/site-packages/airflow/example_dags/example_bash_operator.py
[2022-10-16 06:48:34,649] {logging_mixin.py:109} INFO - [2022-10-16 06:48:34,649] {dag.py:2398} INFO - Sync 1 DAGs
[2022-10-16 06:48:34,666] {logging_mixin.py:109} INFO - [2022-10-16 06:48:34,665] {dag.py:2937} INFO - Setting next_dagrun for example_bash_operator to 2022-10-15 00:00:00+00:00
[2022-10-16 06:48:34,676] {processor.py:171} INFO - Processing /home/airflow/.local/lib/python3.7/site-packages/airflow/example_dags/example_bash_operator.py took 0.071 seconds
[2022-10-16 06:49:05,490] {processor.py:163} INFO - Started process (PID=815) to work on /home/airflow/.local/lib/python3.7/site-packages/airflow/example_dags/example_bash_operator.py
[2022-10-16 06:49:05,491] {processor.py:642} INFO - Processing file /home/airflow/.local/lib/python3.7/site-packages/airflow/example_dags/example_bash_operator.py for tasks to queue
[2022-10-16 06:49:05,492] {logging_mixin.py:109} INFO - [2022-10-16 06:49:05,492] {dagbag.py:500} INFO - Filling up the DagBag from /home/airflow/.local/lib/python3.7/site-packages/airflow/example_dags/example_bash_operator.py
[2022-10-16 06:49:05,518] {processor.py:654} INFO - DAG(s) dict_keys(['example_bash_operator']) retrieved from /home/airflow/.local/lib/python3.7/site-packages/airflow/example_dags/example_bash_operator.py
[2022-10-16 06:49:05,525] {logging_mixin.py:109} INFO - [2022-10-16 06:49:05,525] {dag.py:2398} INFO - Sync 1 DAGs
[2022-10-16 06:49:05,537] {logging_mixin.py:109} INFO - [2022-10-16 06:49:05,537] {dag.py:2937} INFO - Setting next_dagrun for example_bash_operator to 2022-10-15 00:00:00+00:00
[2022-10-16 06:49:05,551] {processor.py:171} INFO - Processing /home/airflow/.local/lib/python3.7/site-packages/airflow/example_dags/example_bash_operator.py took 0.062 seconds
[2022-10-16 06:49:35,631] {processor.py:163} INFO - Started process (PID=877) to work on /home/airflow/.local/lib/python3.7/site-packages/airflow/example_dags/example_bash_operator.py
[2022-10-16 06:49:35,632] {processor.py:642} INFO - Processing file /home/airflow/.local/lib/python3.7/site-packages/airflow/example_dags/example_bash_operator.py for tasks to queue
[2022-10-16 06:49:35,632] {logging_mixin.py:109} INFO - [2022-10-16 06:49:35,632] {dagbag.py:500} INFO - Filling up the DagBag from /home/airflow/.local/lib/python3.7/site-packages/airflow/example_dags/example_bash_operator.py
[2022-10-16 06:49:35,660] {processor.py:654} INFO - DAG(s) dict_keys(['example_bash_operator']) retrieved from /home/airflow/.local/lib/python3.7/site-packages/airflow/example_dags/example_bash_operator.py
[2022-10-16 06:49:35,667] {logging_mixin.py:109} INFO - [2022-10-16 06:49:35,667] {dag.py:2398} INFO - Sync 1 DAGs
[2022-10-16 06:49:35,680] {logging_mixin.py:109} INFO - [2022-10-16 06:49:35,679] {dag.py:2937} INFO - Setting next_dagrun for example_bash_operator to 2022-10-15 00:00:00+00:00
[2022-10-16 06:49:35,694] {processor.py:171} INFO - Processing /home/airflow/.local/lib/python3.7/site-packages/airflow/example_dags/example_bash_operator.py took 0.065 seconds
[2022-10-16 06:50:06,399] {processor.py:163} INFO - Started process (PID=941) to work on /home/airflow/.local/lib/python3.7/site-packages/airflow/example_dags/example_bash_operator.py
[2022-10-16 06:50:06,400] {processor.py:642} INFO - Processing file /home/airflow/.local/lib/python3.7/site-packages/airflow/example_dags/example_bash_operator.py for tasks to queue
[2022-10-16 06:50:06,400] {logging_mixin.py:109} INFO - [2022-10-16 06:50:06,400] {dagbag.py:500} INFO - Filling up the DagBag from /home/airflow/.local/lib/python3.7/site-packages/airflow/example_dags/example_bash_operator.py
[2022-10-16 06:50:06,423] {processor.py:654} INFO - DAG(s) dict_keys(['example_bash_operator']) retrieved from /home/airflow/.local/lib/python3.7/site-packages/airflow/example_dags/example_bash_operator.py
[2022-10-16 06:50:06,430] {logging_mixin.py:109} INFO - [2022-10-16 06:50:06,430] {dag.py:2398} INFO - Sync 1 DAGs
[2022-10-16 06:50:06,442] {logging_mixin.py:109} INFO - [2022-10-16 06:50:06,442] {dag.py:2937} INFO - Setting next_dagrun for example_bash_operator to 2022-10-15 00:00:00+00:00
[2022-10-16 06:50:06,450] {processor.py:171} INFO - Processing /home/airflow/.local/lib/python3.7/site-packages/airflow/example_dags/example_bash_operator.py took 0.053 seconds
[2022-10-16 06:50:36,778] {processor.py:163} INFO - Started process (PID=1012) to work on /home/airflow/.local/lib/python3.7/site-packages/airflow/example_dags/example_bash_operator.py
[2022-10-16 06:50:36,779] {processor.py:642} INFO - Processing file /home/airflow/.local/lib/python3.7/site-packages/airflow/example_dags/example_bash_operator.py for tasks to queue
[2022-10-16 06:50:36,779] {logging_mixin.py:109} INFO - [2022-10-16 06:50:36,779] {dagbag.py:500} INFO - Filling up the DagBag from /home/airflow/.local/lib/python3.7/site-packages/airflow/example_dags/example_bash_operator.py
[2022-10-16 06:50:36,803] {processor.py:654} INFO - DAG(s) dict_keys(['example_bash_operator']) retrieved from /home/airflow/.local/lib/python3.7/site-packages/airflow/example_dags/example_bash_operator.py
[2022-10-16 06:50:36,809] {logging_mixin.py:109} INFO - [2022-10-16 06:50:36,809] {dag.py:2398} INFO - Sync 1 DAGs
[2022-10-16 06:50:36,821] {logging_mixin.py:109} INFO - [2022-10-16 06:50:36,820] {dag.py:2937} INFO - Setting next_dagrun for example_bash_operator to 2022-10-15 00:00:00+00:00
[2022-10-16 06:50:36,833] {processor.py:171} INFO - Processing /home/airflow/.local/lib/python3.7/site-packages/airflow/example_dags/example_bash_operator.py took 0.057 seconds
[2022-10-16 06:51:06,964] {processor.py:163} INFO - Started process (PID=1076) to work on /home/airflow/.local/lib/python3.7/site-packages/airflow/example_dags/example_bash_operator.py
[2022-10-16 06:51:06,965] {processor.py:642} INFO - Processing file /home/airflow/.local/lib/python3.7/site-packages/airflow/example_dags/example_bash_operator.py for tasks to queue
[2022-10-16 06:51:06,965] {logging_mixin.py:109} INFO - [2022-10-16 06:51:06,965] {dagbag.py:500} INFO - Filling up the DagBag from /home/airflow/.local/lib/python3.7/site-packages/airflow/example_dags/example_bash_operator.py
[2022-10-16 06:51:06,991] {processor.py:654} INFO - DAG(s) dict_keys(['example_bash_operator']) retrieved from /home/airflow/.local/lib/python3.7/site-packages/airflow/example_dags/example_bash_operator.py
[2022-10-16 06:51:06,997] {logging_mixin.py:109} INFO - [2022-10-16 06:51:06,997] {dag.py:2398} INFO - Sync 1 DAGs
[2022-10-16 06:51:07,009] {logging_mixin.py:109} INFO - [2022-10-16 06:51:07,009] {dag.py:2937} INFO - Setting next_dagrun for example_bash_operator to 2022-10-15 00:00:00+00:00
[2022-10-16 06:51:07,022] {processor.py:171} INFO - Processing /home/airflow/.local/lib/python3.7/site-packages/airflow/example_dags/example_bash_operator.py took 0.060 seconds
[2022-10-16 06:51:37,401] {processor.py:163} INFO - Started process (PID=1148) to work on /home/airflow/.local/lib/python3.7/site-packages/airflow/example_dags/example_bash_operator.py
[2022-10-16 06:51:37,402] {processor.py:642} INFO - Processing file /home/airflow/.local/lib/python3.7/site-packages/airflow/example_dags/example_bash_operator.py for tasks to queue
[2022-10-16 06:51:37,403] {logging_mixin.py:109} INFO - [2022-10-16 06:51:37,403] {dagbag.py:500} INFO - Filling up the DagBag from /home/airflow/.local/lib/python3.7/site-packages/airflow/example_dags/example_bash_operator.py
[2022-10-16 06:51:37,438] {processor.py:654} INFO - DAG(s) dict_keys(['example_bash_operator']) retrieved from /home/airflow/.local/lib/python3.7/site-packages/airflow/example_dags/example_bash_operator.py
[2022-10-16 06:51:37,446] {logging_mixin.py:109} INFO - [2022-10-16 06:51:37,446] {dag.py:2398} INFO - Sync 1 DAGs
[2022-10-16 06:51:37,460] {logging_mixin.py:109} INFO - [2022-10-16 06:51:37,460] {dag.py:2937} INFO - Setting next_dagrun for example_bash_operator to 2022-10-15 00:00:00+00:00
[2022-10-16 06:51:37,474] {processor.py:171} INFO - Processing /home/airflow/.local/lib/python3.7/site-packages/airflow/example_dags/example_bash_operator.py took 0.075 seconds
[2022-10-16 06:52:07,685] {processor.py:163} INFO - Started process (PID=1210) to work on /home/airflow/.local/lib/python3.7/site-packages/airflow/example_dags/example_bash_operator.py
[2022-10-16 06:52:07,685] {processor.py:642} INFO - Processing file /home/airflow/.local/lib/python3.7/site-packages/airflow/example_dags/example_bash_operator.py for tasks to queue
[2022-10-16 06:52:07,686] {logging_mixin.py:109} INFO - [2022-10-16 06:52:07,686] {dagbag.py:500} INFO - Filling up the DagBag from /home/airflow/.local/lib/python3.7/site-packages/airflow/example_dags/example_bash_operator.py
[2022-10-16 06:52:07,710] {processor.py:654} INFO - DAG(s) dict_keys(['example_bash_operator']) retrieved from /home/airflow/.local/lib/python3.7/site-packages/airflow/example_dags/example_bash_operator.py
[2022-10-16 06:52:07,718] {logging_mixin.py:109} INFO - [2022-10-16 06:52:07,718] {dag.py:2398} INFO - Sync 1 DAGs
[2022-10-16 06:52:07,730] {logging_mixin.py:109} INFO - [2022-10-16 06:52:07,730] {dag.py:2937} INFO - Setting next_dagrun for example_bash_operator to 2022-10-15 00:00:00+00:00
[2022-10-16 06:52:07,738] {processor.py:171} INFO - Processing /home/airflow/.local/lib/python3.7/site-packages/airflow/example_dags/example_bash_operator.py took 0.055 seconds
[2022-10-16 06:52:38,046] {processor.py:163} INFO - Started process (PID=1281) to work on /home/airflow/.local/lib/python3.7/site-packages/airflow/example_dags/example_bash_operator.py
[2022-10-16 06:52:38,046] {processor.py:642} INFO - Processing file /home/airflow/.local/lib/python3.7/site-packages/airflow/example_dags/example_bash_operator.py for tasks to queue
[2022-10-16 06:52:38,047] {logging_mixin.py:109} INFO - [2022-10-16 06:52:38,047] {dagbag.py:500} INFO - Filling up the DagBag from /home/airflow/.local/lib/python3.7/site-packages/airflow/example_dags/example_bash_operator.py
[2022-10-16 06:52:38,071] {processor.py:654} INFO - DAG(s) dict_keys(['example_bash_operator']) retrieved from /home/airflow/.local/lib/python3.7/site-packages/airflow/example_dags/example_bash_operator.py
[2022-10-16 06:52:38,079] {logging_mixin.py:109} INFO - [2022-10-16 06:52:38,079] {dag.py:2398} INFO - Sync 1 DAGs
[2022-10-16 06:52:38,094] {logging_mixin.py:109} INFO - [2022-10-16 06:52:38,094] {dag.py:2937} INFO - Setting next_dagrun for example_bash_operator to 2022-10-15 00:00:00+00:00
[2022-10-16 06:52:38,109] {processor.py:171} INFO - Processing /home/airflow/.local/lib/python3.7/site-packages/airflow/example_dags/example_bash_operator.py took 0.065 seconds
[2022-10-16 06:53:08,376] {processor.py:163} INFO - Started process (PID=1343) to work on /home/airflow/.local/lib/python3.7/site-packages/airflow/example_dags/example_bash_operator.py
[2022-10-16 06:53:08,377] {processor.py:642} INFO - Processing file /home/airflow/.local/lib/python3.7/site-packages/airflow/example_dags/example_bash_operator.py for tasks to queue
[2022-10-16 06:53:08,378] {logging_mixin.py:109} INFO - [2022-10-16 06:53:08,378] {dagbag.py:500} INFO - Filling up the DagBag from /home/airflow/.local/lib/python3.7/site-packages/airflow/example_dags/example_bash_operator.py
[2022-10-16 06:53:08,400] {processor.py:654} INFO - DAG(s) dict_keys(['example_bash_operator']) retrieved from /home/airflow/.local/lib/python3.7/site-packages/airflow/example_dags/example_bash_operator.py
[2022-10-16 06:53:08,407] {logging_mixin.py:109} INFO - [2022-10-16 06:53:08,407] {dag.py:2398} INFO - Sync 1 DAGs
[2022-10-16 06:53:08,418] {logging_mixin.py:109} INFO - [2022-10-16 06:53:08,417] {dag.py:2937} INFO - Setting next_dagrun for example_bash_operator to 2022-10-15 00:00:00+00:00
[2022-10-16 06:53:08,430] {processor.py:171} INFO - Processing /home/airflow/.local/lib/python3.7/site-packages/airflow/example_dags/example_bash_operator.py took 0.055 seconds
[2022-10-16 06:53:38,748] {processor.py:163} INFO - Started process (PID=1414) to work on /home/airflow/.local/lib/python3.7/site-packages/airflow/example_dags/example_bash_operator.py
[2022-10-16 06:53:38,748] {processor.py:642} INFO - Processing file /home/airflow/.local/lib/python3.7/site-packages/airflow/example_dags/example_bash_operator.py for tasks to queue
[2022-10-16 06:53:38,749] {logging_mixin.py:109} INFO - [2022-10-16 06:53:38,749] {dagbag.py:500} INFO - Filling up the DagBag from /home/airflow/.local/lib/python3.7/site-packages/airflow/example_dags/example_bash_operator.py
[2022-10-16 06:53:38,772] {processor.py:654} INFO - DAG(s) dict_keys(['example_bash_operator']) retrieved from /home/airflow/.local/lib/python3.7/site-packages/airflow/example_dags/example_bash_operator.py
[2022-10-16 06:53:38,779] {logging_mixin.py:109} INFO - [2022-10-16 06:53:38,779] {dag.py:2398} INFO - Sync 1 DAGs
[2022-10-16 06:53:38,799] {logging_mixin.py:109} INFO - [2022-10-16 06:53:38,798] {dag.py:2937} INFO - Setting next_dagrun for example_bash_operator to 2022-10-15 00:00:00+00:00
[2022-10-16 06:53:38,815] {processor.py:171} INFO - Processing /home/airflow/.local/lib/python3.7/site-packages/airflow/example_dags/example_bash_operator.py took 0.069 seconds
[2022-10-16 06:54:09,108] {processor.py:163} INFO - Started process (PID=1477) to work on /home/airflow/.local/lib/python3.7/site-packages/airflow/example_dags/example_bash_operator.py
[2022-10-16 06:54:09,109] {processor.py:642} INFO - Processing file /home/airflow/.local/lib/python3.7/site-packages/airflow/example_dags/example_bash_operator.py for tasks to queue
[2022-10-16 06:54:09,109] {logging_mixin.py:109} INFO - [2022-10-16 06:54:09,109] {dagbag.py:500} INFO - Filling up the DagBag from /home/airflow/.local/lib/python3.7/site-packages/airflow/example_dags/example_bash_operator.py
[2022-10-16 06:54:09,133] {processor.py:654} INFO - DAG(s) dict_keys(['example_bash_operator']) retrieved from /home/airflow/.local/lib/python3.7/site-packages/airflow/example_dags/example_bash_operator.py
[2022-10-16 06:54:09,140] {logging_mixin.py:109} INFO - [2022-10-16 06:54:09,140] {dag.py:2398} INFO - Sync 1 DAGs
[2022-10-16 06:54:09,153] {logging_mixin.py:109} INFO - [2022-10-16 06:54:09,152] {dag.py:2937} INFO - Setting next_dagrun for example_bash_operator to 2022-10-15 00:00:00+00:00
[2022-10-16 06:54:09,160] {processor.py:171} INFO - Processing /home/airflow/.local/lib/python3.7/site-packages/airflow/example_dags/example_bash_operator.py took 0.054 seconds
[2022-10-16 06:54:39,318] {processor.py:163} INFO - Started process (PID=1550) to work on /home/airflow/.local/lib/python3.7/site-packages/airflow/example_dags/example_bash_operator.py
[2022-10-16 06:54:39,319] {processor.py:642} INFO - Processing file /home/airflow/.local/lib/python3.7/site-packages/airflow/example_dags/example_bash_operator.py for tasks to queue
[2022-10-16 06:54:39,320] {logging_mixin.py:109} INFO - [2022-10-16 06:54:39,320] {dagbag.py:500} INFO - Filling up the DagBag from /home/airflow/.local/lib/python3.7/site-packages/airflow/example_dags/example_bash_operator.py
[2022-10-16 06:54:39,349] {processor.py:654} INFO - DAG(s) dict_keys(['example_bash_operator']) retrieved from /home/airflow/.local/lib/python3.7/site-packages/airflow/example_dags/example_bash_operator.py
[2022-10-16 06:54:39,361] {logging_mixin.py:109} INFO - [2022-10-16 06:54:39,361] {dag.py:2398} INFO - Sync 1 DAGs
[2022-10-16 06:54:39,381] {logging_mixin.py:109} INFO - [2022-10-16 06:54:39,381] {dag.py:2937} INFO - Setting next_dagrun for example_bash_operator to 2022-10-15 00:00:00+00:00
[2022-10-16 06:54:39,391] {processor.py:171} INFO - Processing /home/airflow/.local/lib/python3.7/site-packages/airflow/example_dags/example_bash_operator.py took 0.076 seconds
[2022-10-16 06:55:09,467] {processor.py:163} INFO - Started process (PID=1612) to work on /home/airflow/.local/lib/python3.7/site-packages/airflow/example_dags/example_bash_operator.py
[2022-10-16 06:55:09,468] {processor.py:642} INFO - Processing file /home/airflow/.local/lib/python3.7/site-packages/airflow/example_dags/example_bash_operator.py for tasks to queue
[2022-10-16 06:55:09,468] {logging_mixin.py:109} INFO - [2022-10-16 06:55:09,468] {dagbag.py:500} INFO - Filling up the DagBag from /home/airflow/.local/lib/python3.7/site-packages/airflow/example_dags/example_bash_operator.py
[2022-10-16 06:55:09,493] {processor.py:654} INFO - DAG(s) dict_keys(['example_bash_operator']) retrieved from /home/airflow/.local/lib/python3.7/site-packages/airflow/example_dags/example_bash_operator.py
[2022-10-16 06:55:09,504] {logging_mixin.py:109} INFO - [2022-10-16 06:55:09,504] {dag.py:2398} INFO - Sync 1 DAGs
[2022-10-16 06:55:09,523] {logging_mixin.py:109} INFO - [2022-10-16 06:55:09,523] {dag.py:2937} INFO - Setting next_dagrun for example_bash_operator to 2022-10-15 00:00:00+00:00
[2022-10-16 06:55:09,533] {processor.py:171} INFO - Processing /home/airflow/.local/lib/python3.7/site-packages/airflow/example_dags/example_bash_operator.py took 0.068 seconds
[2022-10-16 06:55:39,746] {processor.py:163} INFO - Started process (PID=1683) to work on /home/airflow/.local/lib/python3.7/site-packages/airflow/example_dags/example_bash_operator.py
[2022-10-16 06:55:39,747] {processor.py:642} INFO - Processing file /home/airflow/.local/lib/python3.7/site-packages/airflow/example_dags/example_bash_operator.py for tasks to queue
[2022-10-16 06:55:39,748] {logging_mixin.py:109} INFO - [2022-10-16 06:55:39,748] {dagbag.py:500} INFO - Filling up the DagBag from /home/airflow/.local/lib/python3.7/site-packages/airflow/example_dags/example_bash_operator.py
[2022-10-16 06:55:39,784] {processor.py:654} INFO - DAG(s) dict_keys(['example_bash_operator']) retrieved from /home/airflow/.local/lib/python3.7/site-packages/airflow/example_dags/example_bash_operator.py
[2022-10-16 06:55:39,796] {logging_mixin.py:109} INFO - [2022-10-16 06:55:39,796] {dag.py:2398} INFO - Sync 1 DAGs
[2022-10-16 06:55:39,818] {logging_mixin.py:109} INFO - [2022-10-16 06:55:39,818] {dag.py:2937} INFO - Setting next_dagrun for example_bash_operator to 2022-10-15 00:00:00+00:00
[2022-10-16 06:55:39,830] {processor.py:171} INFO - Processing /home/airflow/.local/lib/python3.7/site-packages/airflow/example_dags/example_bash_operator.py took 0.087 seconds
[2022-10-16 06:56:10,046] {processor.py:163} INFO - Started process (PID=1746) to work on /home/airflow/.local/lib/python3.7/site-packages/airflow/example_dags/example_bash_operator.py
[2022-10-16 06:56:10,047] {processor.py:642} INFO - Processing file /home/airflow/.local/lib/python3.7/site-packages/airflow/example_dags/example_bash_operator.py for tasks to queue
[2022-10-16 06:56:10,048] {logging_mixin.py:109} INFO - [2022-10-16 06:56:10,048] {dagbag.py:500} INFO - Filling up the DagBag from /home/airflow/.local/lib/python3.7/site-packages/airflow/example_dags/example_bash_operator.py
[2022-10-16 06:56:10,073] {processor.py:654} INFO - DAG(s) dict_keys(['example_bash_operator']) retrieved from /home/airflow/.local/lib/python3.7/site-packages/airflow/example_dags/example_bash_operator.py
[2022-10-16 06:56:10,083] {logging_mixin.py:109} INFO - [2022-10-16 06:56:10,083] {dag.py:2398} INFO - Sync 1 DAGs
[2022-10-16 06:56:10,097] {logging_mixin.py:109} INFO - [2022-10-16 06:56:10,097] {dag.py:2937} INFO - Setting next_dagrun for example_bash_operator to 2022-10-15 00:00:00+00:00
[2022-10-16 06:56:10,109] {processor.py:171} INFO - Processing /home/airflow/.local/lib/python3.7/site-packages/airflow/example_dags/example_bash_operator.py took 0.065 seconds
[2022-10-16 06:56:40,400] {processor.py:163} INFO - Started process (PID=1809) to work on /home/airflow/.local/lib/python3.7/site-packages/airflow/example_dags/example_bash_operator.py
[2022-10-16 06:56:40,401] {processor.py:642} INFO - Processing file /home/airflow/.local/lib/python3.7/site-packages/airflow/example_dags/example_bash_operator.py for tasks to queue
[2022-10-16 06:56:40,402] {logging_mixin.py:109} INFO - [2022-10-16 06:56:40,401] {dagbag.py:500} INFO - Filling up the DagBag from /home/airflow/.local/lib/python3.7/site-packages/airflow/example_dags/example_bash_operator.py
[2022-10-16 06:56:40,468] {processor.py:654} INFO - DAG(s) dict_keys(['example_bash_operator']) retrieved from /home/airflow/.local/lib/python3.7/site-packages/airflow/example_dags/example_bash_operator.py
[2022-10-16 06:56:40,480] {logging_mixin.py:109} INFO - [2022-10-16 06:56:40,479] {dag.py:2398} INFO - Sync 1 DAGs
[2022-10-16 06:56:40,495] {logging_mixin.py:109} INFO - [2022-10-16 06:56:40,495] {dag.py:2937} INFO - Setting next_dagrun for example_bash_operator to 2022-10-15 00:00:00+00:00
[2022-10-16 06:56:40,511] {processor.py:171} INFO - Processing /home/airflow/.local/lib/python3.7/site-packages/airflow/example_dags/example_bash_operator.py took 0.114 seconds
[2022-10-16 06:57:10,736] {processor.py:163} INFO - Started process (PID=1882) to work on /home/airflow/.local/lib/python3.7/site-packages/airflow/example_dags/example_bash_operator.py
[2022-10-16 06:57:10,737] {processor.py:642} INFO - Processing file /home/airflow/.local/lib/python3.7/site-packages/airflow/example_dags/example_bash_operator.py for tasks to queue
[2022-10-16 06:57:10,737] {logging_mixin.py:109} INFO - [2022-10-16 06:57:10,737] {dagbag.py:500} INFO - Filling up the DagBag from /home/airflow/.local/lib/python3.7/site-packages/airflow/example_dags/example_bash_operator.py
[2022-10-16 06:57:10,760] {processor.py:654} INFO - DAG(s) dict_keys(['example_bash_operator']) retrieved from /home/airflow/.local/lib/python3.7/site-packages/airflow/example_dags/example_bash_operator.py
[2022-10-16 06:57:10,767] {logging_mixin.py:109} INFO - [2022-10-16 06:57:10,767] {dag.py:2398} INFO - Sync 1 DAGs
[2022-10-16 06:57:10,777] {logging_mixin.py:109} INFO - [2022-10-16 06:57:10,777] {dag.py:2937} INFO - Setting next_dagrun for example_bash_operator to 2022-10-15 00:00:00+00:00
[2022-10-16 06:57:10,790] {processor.py:171} INFO - Processing /home/airflow/.local/lib/python3.7/site-packages/airflow/example_dags/example_bash_operator.py took 0.056 seconds
[2022-10-16 06:57:41,041] {processor.py:163} INFO - Started process (PID=1944) to work on /home/airflow/.local/lib/python3.7/site-packages/airflow/example_dags/example_bash_operator.py
[2022-10-16 06:57:41,042] {processor.py:642} INFO - Processing file /home/airflow/.local/lib/python3.7/site-packages/airflow/example_dags/example_bash_operator.py for tasks to queue
[2022-10-16 06:57:41,043] {logging_mixin.py:109} INFO - [2022-10-16 06:57:41,043] {dagbag.py:500} INFO - Filling up the DagBag from /home/airflow/.local/lib/python3.7/site-packages/airflow/example_dags/example_bash_operator.py
[2022-10-16 06:57:41,067] {processor.py:654} INFO - DAG(s) dict_keys(['example_bash_operator']) retrieved from /home/airflow/.local/lib/python3.7/site-packages/airflow/example_dags/example_bash_operator.py
[2022-10-16 06:57:41,074] {logging_mixin.py:109} INFO - [2022-10-16 06:57:41,073] {dag.py:2398} INFO - Sync 1 DAGs
[2022-10-16 06:57:41,085] {logging_mixin.py:109} INFO - [2022-10-16 06:57:41,084] {dag.py:2937} INFO - Setting next_dagrun for example_bash_operator to 2022-10-15 00:00:00+00:00
[2022-10-16 06:57:41,092] {processor.py:171} INFO - Processing /home/airflow/.local/lib/python3.7/site-packages/airflow/example_dags/example_bash_operator.py took 0.053 seconds
[2022-10-16 06:58:11,340] {processor.py:163} INFO - Started process (PID=2021) to work on /home/airflow/.local/lib/python3.7/site-packages/airflow/example_dags/example_bash_operator.py
[2022-10-16 06:58:11,341] {processor.py:642} INFO - Processing file /home/airflow/.local/lib/python3.7/site-packages/airflow/example_dags/example_bash_operator.py for tasks to queue
[2022-10-16 06:58:11,341] {logging_mixin.py:109} INFO - [2022-10-16 06:58:11,341] {dagbag.py:500} INFO - Filling up the DagBag from /home/airflow/.local/lib/python3.7/site-packages/airflow/example_dags/example_bash_operator.py
[2022-10-16 06:58:11,364] {processor.py:654} INFO - DAG(s) dict_keys(['example_bash_operator']) retrieved from /home/airflow/.local/lib/python3.7/site-packages/airflow/example_dags/example_bash_operator.py
[2022-10-16 06:58:11,371] {logging_mixin.py:109} INFO - [2022-10-16 06:58:11,371] {dag.py:2398} INFO - Sync 1 DAGs
[2022-10-16 06:58:11,382] {logging_mixin.py:109} INFO - [2022-10-16 06:58:11,382] {dag.py:2937} INFO - Setting next_dagrun for example_bash_operator to 2022-10-15 00:00:00+00:00
[2022-10-16 06:58:11,396] {processor.py:171} INFO - Processing /home/airflow/.local/lib/python3.7/site-packages/airflow/example_dags/example_bash_operator.py took 0.058 seconds
[2022-10-16 06:58:41,656] {processor.py:163} INFO - Started process (PID=2083) to work on /home/airflow/.local/lib/python3.7/site-packages/airflow/example_dags/example_bash_operator.py
[2022-10-16 06:58:41,656] {processor.py:642} INFO - Processing file /home/airflow/.local/lib/python3.7/site-packages/airflow/example_dags/example_bash_operator.py for tasks to queue
[2022-10-16 06:58:41,657] {logging_mixin.py:109} INFO - [2022-10-16 06:58:41,657] {dagbag.py:500} INFO - Filling up the DagBag from /home/airflow/.local/lib/python3.7/site-packages/airflow/example_dags/example_bash_operator.py
[2022-10-16 06:58:41,680] {processor.py:654} INFO - DAG(s) dict_keys(['example_bash_operator']) retrieved from /home/airflow/.local/lib/python3.7/site-packages/airflow/example_dags/example_bash_operator.py
[2022-10-16 06:58:41,688] {logging_mixin.py:109} INFO - [2022-10-16 06:58:41,688] {dag.py:2398} INFO - Sync 1 DAGs
[2022-10-16 06:58:41,700] {logging_mixin.py:109} INFO - [2022-10-16 06:58:41,700] {dag.py:2937} INFO - Setting next_dagrun for example_bash_operator to 2022-10-15 00:00:00+00:00
[2022-10-16 06:58:41,714] {processor.py:171} INFO - Processing /home/airflow/.local/lib/python3.7/site-packages/airflow/example_dags/example_bash_operator.py took 0.060 seconds
[2022-10-16 06:59:11,884] {processor.py:163} INFO - Started process (PID=2155) to work on /home/airflow/.local/lib/python3.7/site-packages/airflow/example_dags/example_bash_operator.py
[2022-10-16 06:59:11,884] {processor.py:642} INFO - Processing file /home/airflow/.local/lib/python3.7/site-packages/airflow/example_dags/example_bash_operator.py for tasks to queue
[2022-10-16 06:59:11,885] {logging_mixin.py:109} INFO - [2022-10-16 06:59:11,885] {dagbag.py:500} INFO - Filling up the DagBag from /home/airflow/.local/lib/python3.7/site-packages/airflow/example_dags/example_bash_operator.py
[2022-10-16 06:59:11,908] {processor.py:654} INFO - DAG(s) dict_keys(['example_bash_operator']) retrieved from /home/airflow/.local/lib/python3.7/site-packages/airflow/example_dags/example_bash_operator.py
[2022-10-16 06:59:11,915] {logging_mixin.py:109} INFO - [2022-10-16 06:59:11,915] {dag.py:2398} INFO - Sync 1 DAGs
[2022-10-16 06:59:11,926] {logging_mixin.py:109} INFO - [2022-10-16 06:59:11,925] {dag.py:2937} INFO - Setting next_dagrun for example_bash_operator to 2022-10-15 00:00:00+00:00
[2022-10-16 06:59:11,933] {processor.py:171} INFO - Processing /home/airflow/.local/lib/python3.7/site-packages/airflow/example_dags/example_bash_operator.py took 0.051 seconds
[2022-10-16 06:59:42,105] {processor.py:163} INFO - Started process (PID=2216) to work on /home/airflow/.local/lib/python3.7/site-packages/airflow/example_dags/example_bash_operator.py
[2022-10-16 06:59:42,106] {processor.py:642} INFO - Processing file /home/airflow/.local/lib/python3.7/site-packages/airflow/example_dags/example_bash_operator.py for tasks to queue
[2022-10-16 06:59:42,106] {logging_mixin.py:109} INFO - [2022-10-16 06:59:42,106] {dagbag.py:500} INFO - Filling up the DagBag from /home/airflow/.local/lib/python3.7/site-packages/airflow/example_dags/example_bash_operator.py
[2022-10-16 06:59:42,130] {processor.py:654} INFO - DAG(s) dict_keys(['example_bash_operator']) retrieved from /home/airflow/.local/lib/python3.7/site-packages/airflow/example_dags/example_bash_operator.py
[2022-10-16 06:59:42,137] {logging_mixin.py:109} INFO - [2022-10-16 06:59:42,137] {dag.py:2398} INFO - Sync 1 DAGs
[2022-10-16 06:59:42,149] {logging_mixin.py:109} INFO - [2022-10-16 06:59:42,149] {dag.py:2937} INFO - Setting next_dagrun for example_bash_operator to 2022-10-15 00:00:00+00:00
[2022-10-16 06:59:42,163] {processor.py:171} INFO - Processing /home/airflow/.local/lib/python3.7/site-packages/airflow/example_dags/example_bash_operator.py took 0.060 seconds
[2022-10-16 07:00:13,022] {processor.py:163} INFO - Started process (PID=2290) to work on /home/airflow/.local/lib/python3.7/site-packages/airflow/example_dags/example_bash_operator.py
[2022-10-16 07:00:13,023] {processor.py:642} INFO - Processing file /home/airflow/.local/lib/python3.7/site-packages/airflow/example_dags/example_bash_operator.py for tasks to queue
[2022-10-16 07:00:13,023] {logging_mixin.py:109} INFO - [2022-10-16 07:00:13,023] {dagbag.py:500} INFO - Filling up the DagBag from /home/airflow/.local/lib/python3.7/site-packages/airflow/example_dags/example_bash_operator.py
[2022-10-16 07:00:13,045] {processor.py:654} INFO - DAG(s) dict_keys(['example_bash_operator']) retrieved from /home/airflow/.local/lib/python3.7/site-packages/airflow/example_dags/example_bash_operator.py
[2022-10-16 07:00:13,051] {logging_mixin.py:109} INFO - [2022-10-16 07:00:13,051] {dag.py:2398} INFO - Sync 1 DAGs
[2022-10-16 07:00:13,062] {logging_mixin.py:109} INFO - [2022-10-16 07:00:13,062] {dag.py:2937} INFO - Setting next_dagrun for example_bash_operator to 2022-10-15 00:00:00+00:00
[2022-10-16 07:00:13,075] {processor.py:171} INFO - Processing /home/airflow/.local/lib/python3.7/site-packages/airflow/example_dags/example_bash_operator.py took 0.055 seconds
[2022-10-16 07:00:43,203] {processor.py:163} INFO - Started process (PID=2353) to work on /home/airflow/.local/lib/python3.7/site-packages/airflow/example_dags/example_bash_operator.py
[2022-10-16 07:00:43,204] {processor.py:642} INFO - Processing file /home/airflow/.local/lib/python3.7/site-packages/airflow/example_dags/example_bash_operator.py for tasks to queue
[2022-10-16 07:00:43,205] {logging_mixin.py:109} INFO - [2022-10-16 07:00:43,204] {dagbag.py:500} INFO - Filling up the DagBag from /home/airflow/.local/lib/python3.7/site-packages/airflow/example_dags/example_bash_operator.py
[2022-10-16 07:00:43,229] {processor.py:654} INFO - DAG(s) dict_keys(['example_bash_operator']) retrieved from /home/airflow/.local/lib/python3.7/site-packages/airflow/example_dags/example_bash_operator.py
[2022-10-16 07:00:43,237] {logging_mixin.py:109} INFO - [2022-10-16 07:00:43,237] {dag.py:2398} INFO - Sync 1 DAGs
[2022-10-16 07:00:43,250] {logging_mixin.py:109} INFO - [2022-10-16 07:00:43,250] {dag.py:2937} INFO - Setting next_dagrun for example_bash_operator to 2022-10-15 00:00:00+00:00
[2022-10-16 07:00:43,265] {processor.py:171} INFO - Processing /home/airflow/.local/lib/python3.7/site-packages/airflow/example_dags/example_bash_operator.py took 0.064 seconds
[2022-10-16 07:01:13,516] {processor.py:163} INFO - Started process (PID=2424) to work on /home/airflow/.local/lib/python3.7/site-packages/airflow/example_dags/example_bash_operator.py
[2022-10-16 07:01:13,517] {processor.py:642} INFO - Processing file /home/airflow/.local/lib/python3.7/site-packages/airflow/example_dags/example_bash_operator.py for tasks to queue
[2022-10-16 07:01:13,517] {logging_mixin.py:109} INFO - [2022-10-16 07:01:13,517] {dagbag.py:500} INFO - Filling up the DagBag from /home/airflow/.local/lib/python3.7/site-packages/airflow/example_dags/example_bash_operator.py
[2022-10-16 07:01:13,541] {processor.py:654} INFO - DAG(s) dict_keys(['example_bash_operator']) retrieved from /home/airflow/.local/lib/python3.7/site-packages/airflow/example_dags/example_bash_operator.py
[2022-10-16 07:01:13,549] {logging_mixin.py:109} INFO - [2022-10-16 07:01:13,549] {dag.py:2398} INFO - Sync 1 DAGs
[2022-10-16 07:01:13,560] {logging_mixin.py:109} INFO - [2022-10-16 07:01:13,560] {dag.py:2937} INFO - Setting next_dagrun for example_bash_operator to 2022-10-15 00:00:00+00:00
[2022-10-16 07:01:13,573] {processor.py:171} INFO - Processing /home/airflow/.local/lib/python3.7/site-packages/airflow/example_dags/example_bash_operator.py took 0.059 seconds
[2022-10-16 07:01:44,264] {processor.py:163} INFO - Started process (PID=2485) to work on /home/airflow/.local/lib/python3.7/site-packages/airflow/example_dags/example_bash_operator.py
[2022-10-16 07:01:44,271] {processor.py:642} INFO - Processing file /home/airflow/.local/lib/python3.7/site-packages/airflow/example_dags/example_bash_operator.py for tasks to queue
[2022-10-16 07:01:44,271] {logging_mixin.py:109} INFO - [2022-10-16 07:01:44,271] {dagbag.py:500} INFO - Filling up the DagBag from /home/airflow/.local/lib/python3.7/site-packages/airflow/example_dags/example_bash_operator.py
[2022-10-16 07:01:44,297] {processor.py:654} INFO - DAG(s) dict_keys(['example_bash_operator']) retrieved from /home/airflow/.local/lib/python3.7/site-packages/airflow/example_dags/example_bash_operator.py
[2022-10-16 07:01:44,305] {logging_mixin.py:109} INFO - [2022-10-16 07:01:44,305] {dag.py:2398} INFO - Sync 1 DAGs
[2022-10-16 07:01:44,318] {logging_mixin.py:109} INFO - [2022-10-16 07:01:44,318] {dag.py:2937} INFO - Setting next_dagrun for example_bash_operator to 2022-10-15 00:00:00+00:00
[2022-10-16 07:01:44,331] {processor.py:171} INFO - Processing /home/airflow/.local/lib/python3.7/site-packages/airflow/example_dags/example_bash_operator.py took 0.069 seconds
[2022-10-16 07:02:14,475] {processor.py:163} INFO - Started process (PID=2558) to work on /home/airflow/.local/lib/python3.7/site-packages/airflow/example_dags/example_bash_operator.py
[2022-10-16 07:02:14,476] {processor.py:642} INFO - Processing file /home/airflow/.local/lib/python3.7/site-packages/airflow/example_dags/example_bash_operator.py for tasks to queue
[2022-10-16 07:02:14,476] {logging_mixin.py:109} INFO - [2022-10-16 07:02:14,476] {dagbag.py:500} INFO - Filling up the DagBag from /home/airflow/.local/lib/python3.7/site-packages/airflow/example_dags/example_bash_operator.py
[2022-10-16 07:02:14,500] {processor.py:654} INFO - DAG(s) dict_keys(['example_bash_operator']) retrieved from /home/airflow/.local/lib/python3.7/site-packages/airflow/example_dags/example_bash_operator.py
[2022-10-16 07:02:14,507] {logging_mixin.py:109} INFO - [2022-10-16 07:02:14,507] {dag.py:2398} INFO - Sync 1 DAGs
[2022-10-16 07:02:14,519] {logging_mixin.py:109} INFO - [2022-10-16 07:02:14,519] {dag.py:2937} INFO - Setting next_dagrun for example_bash_operator to 2022-10-15 00:00:00+00:00
[2022-10-16 07:02:14,527] {processor.py:171} INFO - Processing /home/airflow/.local/lib/python3.7/site-packages/airflow/example_dags/example_bash_operator.py took 0.055 seconds
[2022-10-16 07:02:44,659] {processor.py:163} INFO - Started process (PID=2623) to work on /home/airflow/.local/lib/python3.7/site-packages/airflow/example_dags/example_bash_operator.py
[2022-10-16 07:02:44,659] {processor.py:642} INFO - Processing file /home/airflow/.local/lib/python3.7/site-packages/airflow/example_dags/example_bash_operator.py for tasks to queue
[2022-10-16 07:02:44,660] {logging_mixin.py:109} INFO - [2022-10-16 07:02:44,660] {dagbag.py:500} INFO - Filling up the DagBag from /home/airflow/.local/lib/python3.7/site-packages/airflow/example_dags/example_bash_operator.py
[2022-10-16 07:02:44,683] {processor.py:654} INFO - DAG(s) dict_keys(['example_bash_operator']) retrieved from /home/airflow/.local/lib/python3.7/site-packages/airflow/example_dags/example_bash_operator.py
[2022-10-16 07:02:44,695] {logging_mixin.py:109} INFO - [2022-10-16 07:02:44,695] {dag.py:2398} INFO - Sync 1 DAGs
[2022-10-16 07:02:44,707] {logging_mixin.py:109} INFO - [2022-10-16 07:02:44,707] {dag.py:2937} INFO - Setting next_dagrun for example_bash_operator to 2022-10-15 00:00:00+00:00
[2022-10-16 07:02:44,721] {processor.py:171} INFO - Processing /home/airflow/.local/lib/python3.7/site-packages/airflow/example_dags/example_bash_operator.py took 0.064 seconds
[2022-10-16 07:03:15,366] {processor.py:163} INFO - Started process (PID=2695) to work on /home/airflow/.local/lib/python3.7/site-packages/airflow/example_dags/example_bash_operator.py
[2022-10-16 07:03:15,367] {processor.py:642} INFO - Processing file /home/airflow/.local/lib/python3.7/site-packages/airflow/example_dags/example_bash_operator.py for tasks to queue
[2022-10-16 07:03:15,368] {logging_mixin.py:109} INFO - [2022-10-16 07:03:15,368] {dagbag.py:500} INFO - Filling up the DagBag from /home/airflow/.local/lib/python3.7/site-packages/airflow/example_dags/example_bash_operator.py
[2022-10-16 07:03:15,391] {processor.py:654} INFO - DAG(s) dict_keys(['example_bash_operator']) retrieved from /home/airflow/.local/lib/python3.7/site-packages/airflow/example_dags/example_bash_operator.py
[2022-10-16 07:03:15,398] {logging_mixin.py:109} INFO - [2022-10-16 07:03:15,398] {dag.py:2398} INFO - Sync 1 DAGs
[2022-10-16 07:03:15,410] {logging_mixin.py:109} INFO - [2022-10-16 07:03:15,410] {dag.py:2937} INFO - Setting next_dagrun for example_bash_operator to 2022-10-15 00:00:00+00:00
[2022-10-16 07:03:15,418] {processor.py:171} INFO - Processing /home/airflow/.local/lib/python3.7/site-packages/airflow/example_dags/example_bash_operator.py took 0.054 seconds
[2022-10-16 07:03:45,811] {processor.py:163} INFO - Started process (PID=2758) to work on /home/airflow/.local/lib/python3.7/site-packages/airflow/example_dags/example_bash_operator.py
[2022-10-16 07:03:45,812] {processor.py:642} INFO - Processing file /home/airflow/.local/lib/python3.7/site-packages/airflow/example_dags/example_bash_operator.py for tasks to queue
[2022-10-16 07:03:45,813] {logging_mixin.py:109} INFO - [2022-10-16 07:03:45,813] {dagbag.py:500} INFO - Filling up the DagBag from /home/airflow/.local/lib/python3.7/site-packages/airflow/example_dags/example_bash_operator.py
[2022-10-16 07:03:45,838] {processor.py:654} INFO - DAG(s) dict_keys(['example_bash_operator']) retrieved from /home/airflow/.local/lib/python3.7/site-packages/airflow/example_dags/example_bash_operator.py
[2022-10-16 07:03:45,844] {logging_mixin.py:109} INFO - [2022-10-16 07:03:45,844] {dag.py:2398} INFO - Sync 1 DAGs
[2022-10-16 07:03:45,856] {logging_mixin.py:109} INFO - [2022-10-16 07:03:45,856] {dag.py:2937} INFO - Setting next_dagrun for example_bash_operator to 2022-10-15 00:00:00+00:00
[2022-10-16 07:03:45,871] {processor.py:171} INFO - Processing /home/airflow/.local/lib/python3.7/site-packages/airflow/example_dags/example_bash_operator.py took 0.061 seconds
[2022-10-16 07:04:16,001] {processor.py:163} INFO - Started process (PID=2829) to work on /home/airflow/.local/lib/python3.7/site-packages/airflow/example_dags/example_bash_operator.py
[2022-10-16 07:04:16,002] {processor.py:642} INFO - Processing file /home/airflow/.local/lib/python3.7/site-packages/airflow/example_dags/example_bash_operator.py for tasks to queue
[2022-10-16 07:04:16,003] {logging_mixin.py:109} INFO - [2022-10-16 07:04:16,003] {dagbag.py:500} INFO - Filling up the DagBag from /home/airflow/.local/lib/python3.7/site-packages/airflow/example_dags/example_bash_operator.py
[2022-10-16 07:04:16,034] {processor.py:654} INFO - DAG(s) dict_keys(['example_bash_operator']) retrieved from /home/airflow/.local/lib/python3.7/site-packages/airflow/example_dags/example_bash_operator.py
[2022-10-16 07:04:16,042] {logging_mixin.py:109} INFO - [2022-10-16 07:04:16,042] {dag.py:2398} INFO - Sync 1 DAGs
[2022-10-16 07:04:16,057] {logging_mixin.py:109} INFO - [2022-10-16 07:04:16,056] {dag.py:2937} INFO - Setting next_dagrun for example_bash_operator to 2022-10-15 00:00:00+00:00
[2022-10-16 07:04:16,065] {processor.py:171} INFO - Processing /home/airflow/.local/lib/python3.7/site-packages/airflow/example_dags/example_bash_operator.py took 0.067 seconds
[2022-10-16 07:04:46,242] {processor.py:163} INFO - Started process (PID=2892) to work on /home/airflow/.local/lib/python3.7/site-packages/airflow/example_dags/example_bash_operator.py
[2022-10-16 07:04:46,243] {processor.py:642} INFO - Processing file /home/airflow/.local/lib/python3.7/site-packages/airflow/example_dags/example_bash_operator.py for tasks to queue
[2022-10-16 07:04:46,244] {logging_mixin.py:109} INFO - [2022-10-16 07:04:46,243] {dagbag.py:500} INFO - Filling up the DagBag from /home/airflow/.local/lib/python3.7/site-packages/airflow/example_dags/example_bash_operator.py
[2022-10-16 07:04:46,267] {processor.py:654} INFO - DAG(s) dict_keys(['example_bash_operator']) retrieved from /home/airflow/.local/lib/python3.7/site-packages/airflow/example_dags/example_bash_operator.py
[2022-10-16 07:04:46,274] {logging_mixin.py:109} INFO - [2022-10-16 07:04:46,274] {dag.py:2398} INFO - Sync 1 DAGs
[2022-10-16 07:04:46,285] {logging_mixin.py:109} INFO - [2022-10-16 07:04:46,285] {dag.py:2937} INFO - Setting next_dagrun for example_bash_operator to 2022-10-15 00:00:00+00:00
[2022-10-16 07:04:46,293] {processor.py:171} INFO - Processing /home/airflow/.local/lib/python3.7/site-packages/airflow/example_dags/example_bash_operator.py took 0.053 seconds
[2022-10-16 07:05:16,883] {processor.py:163} INFO - Started process (PID=2967) to work on /home/airflow/.local/lib/python3.7/site-packages/airflow/example_dags/example_bash_operator.py
[2022-10-16 07:05:16,884] {processor.py:642} INFO - Processing file /home/airflow/.local/lib/python3.7/site-packages/airflow/example_dags/example_bash_operator.py for tasks to queue
[2022-10-16 07:05:16,884] {logging_mixin.py:109} INFO - [2022-10-16 07:05:16,884] {dagbag.py:500} INFO - Filling up the DagBag from /home/airflow/.local/lib/python3.7/site-packages/airflow/example_dags/example_bash_operator.py
[2022-10-16 07:05:16,907] {processor.py:654} INFO - DAG(s) dict_keys(['example_bash_operator']) retrieved from /home/airflow/.local/lib/python3.7/site-packages/airflow/example_dags/example_bash_operator.py
[2022-10-16 07:05:16,913] {logging_mixin.py:109} INFO - [2022-10-16 07:05:16,913] {dag.py:2398} INFO - Sync 1 DAGs
[2022-10-16 07:05:16,924] {logging_mixin.py:109} INFO - [2022-10-16 07:05:16,924] {dag.py:2937} INFO - Setting next_dagrun for example_bash_operator to 2022-10-15 00:00:00+00:00
[2022-10-16 07:05:16,937] {processor.py:171} INFO - Processing /home/airflow/.local/lib/python3.7/site-packages/airflow/example_dags/example_bash_operator.py took 0.056 seconds
[2022-10-16 07:05:47,772] {processor.py:163} INFO - Started process (PID=3029) to work on /home/airflow/.local/lib/python3.7/site-packages/airflow/example_dags/example_bash_operator.py
[2022-10-16 07:05:47,773] {processor.py:642} INFO - Processing file /home/airflow/.local/lib/python3.7/site-packages/airflow/example_dags/example_bash_operator.py for tasks to queue
[2022-10-16 07:05:47,773] {logging_mixin.py:109} INFO - [2022-10-16 07:05:47,773] {dagbag.py:500} INFO - Filling up the DagBag from /home/airflow/.local/lib/python3.7/site-packages/airflow/example_dags/example_bash_operator.py
[2022-10-16 07:05:47,798] {processor.py:654} INFO - DAG(s) dict_keys(['example_bash_operator']) retrieved from /home/airflow/.local/lib/python3.7/site-packages/airflow/example_dags/example_bash_operator.py
[2022-10-16 07:05:47,806] {logging_mixin.py:109} INFO - [2022-10-16 07:05:47,806] {dag.py:2398} INFO - Sync 1 DAGs
[2022-10-16 07:05:47,817] {logging_mixin.py:109} INFO - [2022-10-16 07:05:47,817] {dag.py:2937} INFO - Setting next_dagrun for example_bash_operator to 2022-10-15 00:00:00+00:00
[2022-10-16 07:05:47,826] {processor.py:171} INFO - Processing /home/airflow/.local/lib/python3.7/site-packages/airflow/example_dags/example_bash_operator.py took 0.056 seconds
[2022-10-16 07:06:18,143] {processor.py:163} INFO - Started process (PID=3100) to work on /home/airflow/.local/lib/python3.7/site-packages/airflow/example_dags/example_bash_operator.py
[2022-10-16 07:06:18,144] {processor.py:642} INFO - Processing file /home/airflow/.local/lib/python3.7/site-packages/airflow/example_dags/example_bash_operator.py for tasks to queue
[2022-10-16 07:06:18,145] {logging_mixin.py:109} INFO - [2022-10-16 07:06:18,144] {dagbag.py:500} INFO - Filling up the DagBag from /home/airflow/.local/lib/python3.7/site-packages/airflow/example_dags/example_bash_operator.py
[2022-10-16 07:06:18,170] {processor.py:654} INFO - DAG(s) dict_keys(['example_bash_operator']) retrieved from /home/airflow/.local/lib/python3.7/site-packages/airflow/example_dags/example_bash_operator.py
[2022-10-16 07:06:18,181] {logging_mixin.py:109} INFO - [2022-10-16 07:06:18,181] {dag.py:2398} INFO - Sync 1 DAGs
[2022-10-16 07:06:18,200] {logging_mixin.py:109} INFO - [2022-10-16 07:06:18,200] {dag.py:2937} INFO - Setting next_dagrun for example_bash_operator to 2022-10-15 00:00:00+00:00
[2022-10-16 07:06:18,216] {processor.py:171} INFO - Processing /home/airflow/.local/lib/python3.7/site-packages/airflow/example_dags/example_bash_operator.py took 0.075 seconds
[2022-10-16 07:06:49,281] {processor.py:163} INFO - Started process (PID=3171) to work on /home/airflow/.local/lib/python3.7/site-packages/airflow/example_dags/example_bash_operator.py
[2022-10-16 07:06:49,281] {processor.py:642} INFO - Processing file /home/airflow/.local/lib/python3.7/site-packages/airflow/example_dags/example_bash_operator.py for tasks to queue
[2022-10-16 07:06:49,282] {logging_mixin.py:109} INFO - [2022-10-16 07:06:49,282] {dagbag.py:500} INFO - Filling up the DagBag from /home/airflow/.local/lib/python3.7/site-packages/airflow/example_dags/example_bash_operator.py
[2022-10-16 07:06:49,312] {processor.py:654} INFO - DAG(s) dict_keys(['example_bash_operator']) retrieved from /home/airflow/.local/lib/python3.7/site-packages/airflow/example_dags/example_bash_operator.py
[2022-10-16 07:06:49,322] {logging_mixin.py:109} INFO - [2022-10-16 07:06:49,322] {dag.py:2398} INFO - Sync 1 DAGs
[2022-10-16 07:06:49,341] {logging_mixin.py:109} INFO - [2022-10-16 07:06:49,340] {dag.py:2937} INFO - Setting next_dagrun for example_bash_operator to 2022-10-15 00:00:00+00:00
[2022-10-16 07:06:49,356] {processor.py:171} INFO - Processing /home/airflow/.local/lib/python3.7/site-packages/airflow/example_dags/example_bash_operator.py took 0.079 seconds
[2022-10-16 07:07:20,472] {processor.py:163} INFO - Started process (PID=3233) to work on /home/airflow/.local/lib/python3.7/site-packages/airflow/example_dags/example_bash_operator.py
[2022-10-16 07:07:20,473] {processor.py:642} INFO - Processing file /home/airflow/.local/lib/python3.7/site-packages/airflow/example_dags/example_bash_operator.py for tasks to queue
[2022-10-16 07:07:20,474] {logging_mixin.py:109} INFO - [2022-10-16 07:07:20,473] {dagbag.py:500} INFO - Filling up the DagBag from /home/airflow/.local/lib/python3.7/site-packages/airflow/example_dags/example_bash_operator.py
[2022-10-16 07:07:20,498] {processor.py:654} INFO - DAG(s) dict_keys(['example_bash_operator']) retrieved from /home/airflow/.local/lib/python3.7/site-packages/airflow/example_dags/example_bash_operator.py
[2022-10-16 07:07:20,508] {logging_mixin.py:109} INFO - [2022-10-16 07:07:20,508] {dag.py:2398} INFO - Sync 1 DAGs
[2022-10-16 07:07:20,521] {logging_mixin.py:109} INFO - [2022-10-16 07:07:20,521] {dag.py:2937} INFO - Setting next_dagrun for example_bash_operator to 2022-10-15 00:00:00+00:00
[2022-10-16 07:07:20,530] {processor.py:171} INFO - Processing /home/airflow/.local/lib/python3.7/site-packages/airflow/example_dags/example_bash_operator.py took 0.059 seconds
[2022-10-16 07:07:51,950] {processor.py:163} INFO - Started process (PID=3304) to work on /home/airflow/.local/lib/python3.7/site-packages/airflow/example_dags/example_bash_operator.py
[2022-10-16 07:07:51,951] {processor.py:642} INFO - Processing file /home/airflow/.local/lib/python3.7/site-packages/airflow/example_dags/example_bash_operator.py for tasks to queue
[2022-10-16 07:07:51,951] {logging_mixin.py:109} INFO - [2022-10-16 07:07:51,951] {dagbag.py:500} INFO - Filling up the DagBag from /home/airflow/.local/lib/python3.7/site-packages/airflow/example_dags/example_bash_operator.py
[2022-10-16 07:07:51,978] {processor.py:654} INFO - DAG(s) dict_keys(['example_bash_operator']) retrieved from /home/airflow/.local/lib/python3.7/site-packages/airflow/example_dags/example_bash_operator.py
[2022-10-16 07:07:51,989] {logging_mixin.py:109} INFO - [2022-10-16 07:07:51,989] {dag.py:2398} INFO - Sync 1 DAGs
[2022-10-16 07:07:52,008] {logging_mixin.py:109} INFO - [2022-10-16 07:07:52,008] {dag.py:2937} INFO - Setting next_dagrun for example_bash_operator to 2022-10-15 00:00:00+00:00
[2022-10-16 07:07:52,025] {processor.py:171} INFO - Processing /home/airflow/.local/lib/python3.7/site-packages/airflow/example_dags/example_bash_operator.py took 0.077 seconds
[2022-10-16 07:08:22,929] {processor.py:163} INFO - Started process (PID=3368) to work on /home/airflow/.local/lib/python3.7/site-packages/airflow/example_dags/example_bash_operator.py
[2022-10-16 07:08:22,930] {processor.py:642} INFO - Processing file /home/airflow/.local/lib/python3.7/site-packages/airflow/example_dags/example_bash_operator.py for tasks to queue
[2022-10-16 07:08:22,930] {logging_mixin.py:109} INFO - [2022-10-16 07:08:22,930] {dagbag.py:500} INFO - Filling up the DagBag from /home/airflow/.local/lib/python3.7/site-packages/airflow/example_dags/example_bash_operator.py
[2022-10-16 07:08:22,954] {processor.py:654} INFO - DAG(s) dict_keys(['example_bash_operator']) retrieved from /home/airflow/.local/lib/python3.7/site-packages/airflow/example_dags/example_bash_operator.py
[2022-10-16 07:08:22,961] {logging_mixin.py:109} INFO - [2022-10-16 07:08:22,961] {dag.py:2398} INFO - Sync 1 DAGs
[2022-10-16 07:08:22,973] {logging_mixin.py:109} INFO - [2022-10-16 07:08:22,973] {dag.py:2937} INFO - Setting next_dagrun for example_bash_operator to 2022-10-15 00:00:00+00:00
[2022-10-16 07:08:22,980] {processor.py:171} INFO - Processing /home/airflow/.local/lib/python3.7/site-packages/airflow/example_dags/example_bash_operator.py took 0.054 seconds
[2022-10-16 07:08:54,112] {processor.py:163} INFO - Started process (PID=3441) to work on /home/airflow/.local/lib/python3.7/site-packages/airflow/example_dags/example_bash_operator.py
[2022-10-16 07:08:54,113] {processor.py:642} INFO - Processing file /home/airflow/.local/lib/python3.7/site-packages/airflow/example_dags/example_bash_operator.py for tasks to queue
[2022-10-16 07:08:54,113] {logging_mixin.py:109} INFO - [2022-10-16 07:08:54,113] {dagbag.py:500} INFO - Filling up the DagBag from /home/airflow/.local/lib/python3.7/site-packages/airflow/example_dags/example_bash_operator.py
[2022-10-16 07:08:54,136] {processor.py:654} INFO - DAG(s) dict_keys(['example_bash_operator']) retrieved from /home/airflow/.local/lib/python3.7/site-packages/airflow/example_dags/example_bash_operator.py
[2022-10-16 07:08:54,143] {logging_mixin.py:109} INFO - [2022-10-16 07:08:54,143] {dag.py:2398} INFO - Sync 1 DAGs
[2022-10-16 07:08:54,155] {logging_mixin.py:109} INFO - [2022-10-16 07:08:54,155] {dag.py:2937} INFO - Setting next_dagrun for example_bash_operator to 2022-10-15 00:00:00+00:00
[2022-10-16 07:08:54,168] {processor.py:171} INFO - Processing /home/airflow/.local/lib/python3.7/site-packages/airflow/example_dags/example_bash_operator.py took 0.058 seconds
[2022-10-16 07:09:25,123] {processor.py:163} INFO - Started process (PID=3504) to work on /home/airflow/.local/lib/python3.7/site-packages/airflow/example_dags/example_bash_operator.py
[2022-10-16 07:09:25,124] {processor.py:642} INFO - Processing file /home/airflow/.local/lib/python3.7/site-packages/airflow/example_dags/example_bash_operator.py for tasks to queue
[2022-10-16 07:09:25,124] {logging_mixin.py:109} INFO - [2022-10-16 07:09:25,124] {dagbag.py:500} INFO - Filling up the DagBag from /home/airflow/.local/lib/python3.7/site-packages/airflow/example_dags/example_bash_operator.py
[2022-10-16 07:09:25,149] {processor.py:654} INFO - DAG(s) dict_keys(['example_bash_operator']) retrieved from /home/airflow/.local/lib/python3.7/site-packages/airflow/example_dags/example_bash_operator.py
[2022-10-16 07:09:25,156] {logging_mixin.py:109} INFO - [2022-10-16 07:09:25,156] {dag.py:2398} INFO - Sync 1 DAGs
[2022-10-16 07:09:25,170] {logging_mixin.py:109} INFO - [2022-10-16 07:09:25,170] {dag.py:2937} INFO - Setting next_dagrun for example_bash_operator to 2022-10-15 00:00:00+00:00
[2022-10-16 07:09:25,184] {processor.py:171} INFO - Processing /home/airflow/.local/lib/python3.7/site-packages/airflow/example_dags/example_bash_operator.py took 0.063 seconds
[2022-10-16 07:09:56,070] {processor.py:163} INFO - Started process (PID=3577) to work on /home/airflow/.local/lib/python3.7/site-packages/airflow/example_dags/example_bash_operator.py
[2022-10-16 07:09:56,071] {processor.py:642} INFO - Processing file /home/airflow/.local/lib/python3.7/site-packages/airflow/example_dags/example_bash_operator.py for tasks to queue
[2022-10-16 07:09:56,072] {logging_mixin.py:109} INFO - [2022-10-16 07:09:56,072] {dagbag.py:500} INFO - Filling up the DagBag from /home/airflow/.local/lib/python3.7/site-packages/airflow/example_dags/example_bash_operator.py
[2022-10-16 07:09:56,096] {processor.py:654} INFO - DAG(s) dict_keys(['example_bash_operator']) retrieved from /home/airflow/.local/lib/python3.7/site-packages/airflow/example_dags/example_bash_operator.py
[2022-10-16 07:09:56,103] {logging_mixin.py:109} INFO - [2022-10-16 07:09:56,102] {dag.py:2398} INFO - Sync 1 DAGs
[2022-10-16 07:09:56,113] {logging_mixin.py:109} INFO - [2022-10-16 07:09:56,113] {dag.py:2937} INFO - Setting next_dagrun for example_bash_operator to 2022-10-15 00:00:00+00:00
[2022-10-16 07:09:56,127] {processor.py:171} INFO - Processing /home/airflow/.local/lib/python3.7/site-packages/airflow/example_dags/example_bash_operator.py took 0.058 seconds
[2022-10-16 07:10:27,317] {processor.py:163} INFO - Started process (PID=3640) to work on /home/airflow/.local/lib/python3.7/site-packages/airflow/example_dags/example_bash_operator.py
[2022-10-16 07:10:27,318] {processor.py:642} INFO - Processing file /home/airflow/.local/lib/python3.7/site-packages/airflow/example_dags/example_bash_operator.py for tasks to queue
[2022-10-16 07:10:27,319] {logging_mixin.py:109} INFO - [2022-10-16 07:10:27,319] {dagbag.py:500} INFO - Filling up the DagBag from /home/airflow/.local/lib/python3.7/site-packages/airflow/example_dags/example_bash_operator.py
[2022-10-16 07:10:27,343] {processor.py:654} INFO - DAG(s) dict_keys(['example_bash_operator']) retrieved from /home/airflow/.local/lib/python3.7/site-packages/airflow/example_dags/example_bash_operator.py
[2022-10-16 07:10:27,351] {logging_mixin.py:109} INFO - [2022-10-16 07:10:27,351] {dag.py:2398} INFO - Sync 1 DAGs
[2022-10-16 07:10:27,363] {logging_mixin.py:109} INFO - [2022-10-16 07:10:27,363] {dag.py:2937} INFO - Setting next_dagrun for example_bash_operator to 2022-10-15 00:00:00+00:00
[2022-10-16 07:10:27,376] {processor.py:171} INFO - Processing /home/airflow/.local/lib/python3.7/site-packages/airflow/example_dags/example_bash_operator.py took 0.062 seconds
[2022-10-16 07:10:57,858] {processor.py:163} INFO - Started process (PID=3715) to work on /home/airflow/.local/lib/python3.7/site-packages/airflow/example_dags/example_bash_operator.py
[2022-10-16 07:10:57,859] {processor.py:642} INFO - Processing file /home/airflow/.local/lib/python3.7/site-packages/airflow/example_dags/example_bash_operator.py for tasks to queue
[2022-10-16 07:10:57,859] {logging_mixin.py:109} INFO - [2022-10-16 07:10:57,859] {dagbag.py:500} INFO - Filling up the DagBag from /home/airflow/.local/lib/python3.7/site-packages/airflow/example_dags/example_bash_operator.py
[2022-10-16 07:10:57,894] {processor.py:654} INFO - DAG(s) dict_keys(['example_bash_operator']) retrieved from /home/airflow/.local/lib/python3.7/site-packages/airflow/example_dags/example_bash_operator.py
[2022-10-16 07:10:57,909] {logging_mixin.py:109} INFO - [2022-10-16 07:10:57,909] {dag.py:2398} INFO - Sync 1 DAGs
[2022-10-16 07:10:57,931] {logging_mixin.py:109} INFO - [2022-10-16 07:10:57,931] {dag.py:2937} INFO - Setting next_dagrun for example_bash_operator to 2022-10-15 00:00:00+00:00
[2022-10-16 07:10:57,946] {processor.py:171} INFO - Processing /home/airflow/.local/lib/python3.7/site-packages/airflow/example_dags/example_bash_operator.py took 0.091 seconds
[2022-10-16 07:11:29,106] {processor.py:163} INFO - Started process (PID=3789) to work on /home/airflow/.local/lib/python3.7/site-packages/airflow/example_dags/example_bash_operator.py
[2022-10-16 07:11:29,107] {processor.py:642} INFO - Processing file /home/airflow/.local/lib/python3.7/site-packages/airflow/example_dags/example_bash_operator.py for tasks to queue
[2022-10-16 07:11:29,107] {logging_mixin.py:109} INFO - [2022-10-16 07:11:29,107] {dagbag.py:500} INFO - Filling up the DagBag from /home/airflow/.local/lib/python3.7/site-packages/airflow/example_dags/example_bash_operator.py
[2022-10-16 07:11:29,134] {processor.py:654} INFO - DAG(s) dict_keys(['example_bash_operator']) retrieved from /home/airflow/.local/lib/python3.7/site-packages/airflow/example_dags/example_bash_operator.py
[2022-10-16 07:11:29,145] {logging_mixin.py:109} INFO - [2022-10-16 07:11:29,144] {dag.py:2398} INFO - Sync 1 DAGs
[2022-10-16 07:11:29,159] {logging_mixin.py:109} INFO - [2022-10-16 07:11:29,159] {dag.py:2937} INFO - Setting next_dagrun for example_bash_operator to 2022-10-15 00:00:00+00:00
[2022-10-16 07:11:29,175] {processor.py:171} INFO - Processing /home/airflow/.local/lib/python3.7/site-packages/airflow/example_dags/example_bash_operator.py took 0.071 seconds
[2022-10-16 07:12:00,117] {processor.py:163} INFO - Started process (PID=3854) to work on /home/airflow/.local/lib/python3.7/site-packages/airflow/example_dags/example_bash_operator.py
[2022-10-16 07:12:00,118] {processor.py:642} INFO - Processing file /home/airflow/.local/lib/python3.7/site-packages/airflow/example_dags/example_bash_operator.py for tasks to queue
[2022-10-16 07:12:00,118] {logging_mixin.py:109} INFO - [2022-10-16 07:12:00,118] {dagbag.py:500} INFO - Filling up the DagBag from /home/airflow/.local/lib/python3.7/site-packages/airflow/example_dags/example_bash_operator.py
[2022-10-16 07:12:00,140] {processor.py:654} INFO - DAG(s) dict_keys(['example_bash_operator']) retrieved from /home/airflow/.local/lib/python3.7/site-packages/airflow/example_dags/example_bash_operator.py
[2022-10-16 07:12:00,147] {logging_mixin.py:109} INFO - [2022-10-16 07:12:00,147] {dag.py:2398} INFO - Sync 1 DAGs
[2022-10-16 07:12:00,157] {logging_mixin.py:109} INFO - [2022-10-16 07:12:00,157] {dag.py:2937} INFO - Setting next_dagrun for example_bash_operator to 2022-10-15 00:00:00+00:00
[2022-10-16 07:12:00,170] {processor.py:171} INFO - Processing /home/airflow/.local/lib/python3.7/site-packages/airflow/example_dags/example_bash_operator.py took 0.055 seconds
[2022-10-16 07:12:31,374] {processor.py:163} INFO - Started process (PID=3925) to work on /home/airflow/.local/lib/python3.7/site-packages/airflow/example_dags/example_bash_operator.py
[2022-10-16 07:12:31,375] {processor.py:642} INFO - Processing file /home/airflow/.local/lib/python3.7/site-packages/airflow/example_dags/example_bash_operator.py for tasks to queue
[2022-10-16 07:12:31,375] {logging_mixin.py:109} INFO - [2022-10-16 07:12:31,375] {dagbag.py:500} INFO - Filling up the DagBag from /home/airflow/.local/lib/python3.7/site-packages/airflow/example_dags/example_bash_operator.py
[2022-10-16 07:12:31,403] {processor.py:654} INFO - DAG(s) dict_keys(['example_bash_operator']) retrieved from /home/airflow/.local/lib/python3.7/site-packages/airflow/example_dags/example_bash_operator.py
[2022-10-16 07:12:31,414] {logging_mixin.py:109} INFO - [2022-10-16 07:12:31,414] {dag.py:2398} INFO - Sync 1 DAGs
[2022-10-16 07:12:31,437] {logging_mixin.py:109} INFO - [2022-10-16 07:12:31,437] {dag.py:2937} INFO - Setting next_dagrun for example_bash_operator to 2022-10-15 00:00:00+00:00
[2022-10-16 07:12:31,453] {processor.py:171} INFO - Processing /home/airflow/.local/lib/python3.7/site-packages/airflow/example_dags/example_bash_operator.py took 0.081 seconds
[2022-10-16 07:13:02,493] {processor.py:163} INFO - Started process (PID=3987) to work on /home/airflow/.local/lib/python3.7/site-packages/airflow/example_dags/example_bash_operator.py
[2022-10-16 07:13:02,494] {processor.py:642} INFO - Processing file /home/airflow/.local/lib/python3.7/site-packages/airflow/example_dags/example_bash_operator.py for tasks to queue
[2022-10-16 07:13:02,495] {logging_mixin.py:109} INFO - [2022-10-16 07:13:02,495] {dagbag.py:500} INFO - Filling up the DagBag from /home/airflow/.local/lib/python3.7/site-packages/airflow/example_dags/example_bash_operator.py
[2022-10-16 07:13:02,520] {processor.py:654} INFO - DAG(s) dict_keys(['example_bash_operator']) retrieved from /home/airflow/.local/lib/python3.7/site-packages/airflow/example_dags/example_bash_operator.py
[2022-10-16 07:13:02,528] {logging_mixin.py:109} INFO - [2022-10-16 07:13:02,528] {dag.py:2398} INFO - Sync 1 DAGs
[2022-10-16 07:13:02,540] {logging_mixin.py:109} INFO - [2022-10-16 07:13:02,540] {dag.py:2937} INFO - Setting next_dagrun for example_bash_operator to 2022-10-15 00:00:00+00:00
[2022-10-16 07:13:02,562] {processor.py:171} INFO - Processing /home/airflow/.local/lib/python3.7/site-packages/airflow/example_dags/example_bash_operator.py took 0.071 seconds
[2022-10-16 07:13:33,928] {processor.py:163} INFO - Started process (PID=4059) to work on /home/airflow/.local/lib/python3.7/site-packages/airflow/example_dags/example_bash_operator.py
[2022-10-16 07:13:33,929] {processor.py:642} INFO - Processing file /home/airflow/.local/lib/python3.7/site-packages/airflow/example_dags/example_bash_operator.py for tasks to queue
[2022-10-16 07:13:33,929] {logging_mixin.py:109} INFO - [2022-10-16 07:13:33,929] {dagbag.py:500} INFO - Filling up the DagBag from /home/airflow/.local/lib/python3.7/site-packages/airflow/example_dags/example_bash_operator.py
[2022-10-16 07:13:33,960] {processor.py:654} INFO - DAG(s) dict_keys(['example_bash_operator']) retrieved from /home/airflow/.local/lib/python3.7/site-packages/airflow/example_dags/example_bash_operator.py
[2022-10-16 07:13:33,969] {logging_mixin.py:109} INFO - [2022-10-16 07:13:33,969] {dag.py:2398} INFO - Sync 1 DAGs
[2022-10-16 07:13:33,988] {logging_mixin.py:109} INFO - [2022-10-16 07:13:33,987] {dag.py:2937} INFO - Setting next_dagrun for example_bash_operator to 2022-10-15 00:00:00+00:00
[2022-10-16 07:13:34,020] {processor.py:171} INFO - Processing /home/airflow/.local/lib/python3.7/site-packages/airflow/example_dags/example_bash_operator.py took 0.095 seconds
[2022-10-16 07:14:05,204] {processor.py:163} INFO - Started process (PID=4122) to work on /home/airflow/.local/lib/python3.7/site-packages/airflow/example_dags/example_bash_operator.py
[2022-10-16 07:14:05,205] {processor.py:642} INFO - Processing file /home/airflow/.local/lib/python3.7/site-packages/airflow/example_dags/example_bash_operator.py for tasks to queue
[2022-10-16 07:14:05,205] {logging_mixin.py:109} INFO - [2022-10-16 07:14:05,205] {dagbag.py:500} INFO - Filling up the DagBag from /home/airflow/.local/lib/python3.7/site-packages/airflow/example_dags/example_bash_operator.py
[2022-10-16 07:14:05,235] {processor.py:654} INFO - DAG(s) dict_keys(['example_bash_operator']) retrieved from /home/airflow/.local/lib/python3.7/site-packages/airflow/example_dags/example_bash_operator.py
[2022-10-16 07:14:05,243] {logging_mixin.py:109} INFO - [2022-10-16 07:14:05,243] {dag.py:2398} INFO - Sync 1 DAGs
[2022-10-16 07:14:05,254] {logging_mixin.py:109} INFO - [2022-10-16 07:14:05,254] {dag.py:2937} INFO - Setting next_dagrun for example_bash_operator to 2022-10-15 00:00:00+00:00
[2022-10-16 07:14:05,268] {processor.py:171} INFO - Processing /home/airflow/.local/lib/python3.7/site-packages/airflow/example_dags/example_bash_operator.py took 0.067 seconds
[2022-10-16 07:14:35,478] {processor.py:163} INFO - Started process (PID=4192) to work on /home/airflow/.local/lib/python3.7/site-packages/airflow/example_dags/example_bash_operator.py
[2022-10-16 07:14:35,479] {processor.py:642} INFO - Processing file /home/airflow/.local/lib/python3.7/site-packages/airflow/example_dags/example_bash_operator.py for tasks to queue
[2022-10-16 07:14:35,480] {logging_mixin.py:109} INFO - [2022-10-16 07:14:35,479] {dagbag.py:500} INFO - Filling up the DagBag from /home/airflow/.local/lib/python3.7/site-packages/airflow/example_dags/example_bash_operator.py
[2022-10-16 07:14:35,507] {processor.py:654} INFO - DAG(s) dict_keys(['example_bash_operator']) retrieved from /home/airflow/.local/lib/python3.7/site-packages/airflow/example_dags/example_bash_operator.py
[2022-10-16 07:14:35,515] {logging_mixin.py:109} INFO - [2022-10-16 07:14:35,515] {dag.py:2398} INFO - Sync 1 DAGs
[2022-10-16 07:14:35,529] {logging_mixin.py:109} INFO - [2022-10-16 07:14:35,529] {dag.py:2937} INFO - Setting next_dagrun for example_bash_operator to 2022-10-15 00:00:00+00:00
[2022-10-16 07:14:35,550] {processor.py:171} INFO - Processing /home/airflow/.local/lib/python3.7/site-packages/airflow/example_dags/example_bash_operator.py took 0.075 seconds
[2022-10-16 07:15:06,529] {processor.py:163} INFO - Started process (PID=4248) to work on /home/airflow/.local/lib/python3.7/site-packages/airflow/example_dags/example_bash_operator.py
[2022-10-16 07:15:06,531] {processor.py:642} INFO - Processing file /home/airflow/.local/lib/python3.7/site-packages/airflow/example_dags/example_bash_operator.py for tasks to queue
[2022-10-16 07:15:06,532] {logging_mixin.py:109} INFO - [2022-10-16 07:15:06,532] {dagbag.py:500} INFO - Filling up the DagBag from /home/airflow/.local/lib/python3.7/site-packages/airflow/example_dags/example_bash_operator.py
[2022-10-16 07:15:06,572] {processor.py:654} INFO - DAG(s) dict_keys(['example_bash_operator']) retrieved from /home/airflow/.local/lib/python3.7/site-packages/airflow/example_dags/example_bash_operator.py
[2022-10-16 07:15:06,586] {logging_mixin.py:109} INFO - [2022-10-16 07:15:06,586] {dag.py:2398} INFO - Sync 1 DAGs
[2022-10-16 07:15:06,609] {logging_mixin.py:109} INFO - [2022-10-16 07:15:06,609] {dag.py:2937} INFO - Setting next_dagrun for example_bash_operator to 2022-10-15 00:00:00+00:00
[2022-10-16 07:15:06,630] {processor.py:171} INFO - Processing /home/airflow/.local/lib/python3.7/site-packages/airflow/example_dags/example_bash_operator.py took 0.104 seconds
