[2022-10-16 06:43:23,038] {processor.py:163} INFO - Started process (PID=64) to work on /home/airflow/.local/lib/python3.7/site-packages/airflow/example_dags/example_short_circuit_operator.py
[2022-10-16 06:43:23,038] {processor.py:642} INFO - Processing file /home/airflow/.local/lib/python3.7/site-packages/airflow/example_dags/example_short_circuit_operator.py for tasks to queue
[2022-10-16 06:43:23,039] {logging_mixin.py:109} INFO - [2022-10-16 06:43:23,039] {dagbag.py:500} INFO - Filling up the DagBag from /home/airflow/.local/lib/python3.7/site-packages/airflow/example_dags/example_short_circuit_operator.py
[2022-10-16 06:43:23,061] {processor.py:654} INFO - DAG(s) dict_keys(['example_short_circuit_operator']) retrieved from /home/airflow/.local/lib/python3.7/site-packages/airflow/example_dags/example_short_circuit_operator.py
[2022-10-16 06:43:23,070] {logging_mixin.py:109} INFO - [2022-10-16 06:43:23,069] {dag.py:2398} INFO - Sync 1 DAGs
[2022-10-16 06:43:23,082] {logging_mixin.py:109} INFO - [2022-10-16 06:43:23,082] {dag.py:2937} INFO - Setting next_dagrun for example_short_circuit_operator to 2022-10-15T06:43:23.082238+00:00
[2022-10-16 06:43:23,096] {processor.py:171} INFO - Processing /home/airflow/.local/lib/python3.7/site-packages/airflow/example_dags/example_short_circuit_operator.py took 0.061 seconds
[2022-10-16 06:43:53,793] {processor.py:163} INFO - Started process (PID=128) to work on /home/airflow/.local/lib/python3.7/site-packages/airflow/example_dags/example_short_circuit_operator.py
[2022-10-16 06:43:53,794] {processor.py:642} INFO - Processing file /home/airflow/.local/lib/python3.7/site-packages/airflow/example_dags/example_short_circuit_operator.py for tasks to queue
[2022-10-16 06:43:53,795] {logging_mixin.py:109} INFO - [2022-10-16 06:43:53,795] {dagbag.py:500} INFO - Filling up the DagBag from /home/airflow/.local/lib/python3.7/site-packages/airflow/example_dags/example_short_circuit_operator.py
[2022-10-16 06:43:53,817] {processor.py:654} INFO - DAG(s) dict_keys(['example_short_circuit_operator']) retrieved from /home/airflow/.local/lib/python3.7/site-packages/airflow/example_dags/example_short_circuit_operator.py
[2022-10-16 06:43:53,823] {logging_mixin.py:109} INFO - [2022-10-16 06:43:53,823] {dag.py:2398} INFO - Sync 1 DAGs
[2022-10-16 06:43:53,834] {logging_mixin.py:109} INFO - [2022-10-16 06:43:53,834] {dag.py:2937} INFO - Setting next_dagrun for example_short_circuit_operator to 2022-10-15T06:43:53.833834+00:00
[2022-10-16 06:43:53,847] {processor.py:171} INFO - Processing /home/airflow/.local/lib/python3.7/site-packages/airflow/example_dags/example_short_circuit_operator.py took 0.056 seconds
[2022-10-16 06:44:24,677] {processor.py:163} INFO - Started process (PID=198) to work on /home/airflow/.local/lib/python3.7/site-packages/airflow/example_dags/example_short_circuit_operator.py
[2022-10-16 06:44:24,678] {processor.py:642} INFO - Processing file /home/airflow/.local/lib/python3.7/site-packages/airflow/example_dags/example_short_circuit_operator.py for tasks to queue
[2022-10-16 06:44:24,679] {logging_mixin.py:109} INFO - [2022-10-16 06:44:24,679] {dagbag.py:500} INFO - Filling up the DagBag from /home/airflow/.local/lib/python3.7/site-packages/airflow/example_dags/example_short_circuit_operator.py
[2022-10-16 06:44:24,699] {processor.py:654} INFO - DAG(s) dict_keys(['example_short_circuit_operator']) retrieved from /home/airflow/.local/lib/python3.7/site-packages/airflow/example_dags/example_short_circuit_operator.py
[2022-10-16 06:44:24,705] {logging_mixin.py:109} INFO - [2022-10-16 06:44:24,705] {dag.py:2398} INFO - Sync 1 DAGs
[2022-10-16 06:44:24,716] {logging_mixin.py:109} INFO - [2022-10-16 06:44:24,716] {dag.py:2937} INFO - Setting next_dagrun for example_short_circuit_operator to 2022-10-15T06:44:24.716153+00:00
[2022-10-16 06:44:24,723] {processor.py:171} INFO - Processing /home/airflow/.local/lib/python3.7/site-packages/airflow/example_dags/example_short_circuit_operator.py took 0.048 seconds
[2022-10-16 06:44:54,784] {processor.py:163} INFO - Started process (PID=260) to work on /home/airflow/.local/lib/python3.7/site-packages/airflow/example_dags/example_short_circuit_operator.py
[2022-10-16 06:44:54,785] {processor.py:642} INFO - Processing file /home/airflow/.local/lib/python3.7/site-packages/airflow/example_dags/example_short_circuit_operator.py for tasks to queue
[2022-10-16 06:44:54,785] {logging_mixin.py:109} INFO - [2022-10-16 06:44:54,785] {dagbag.py:500} INFO - Filling up the DagBag from /home/airflow/.local/lib/python3.7/site-packages/airflow/example_dags/example_short_circuit_operator.py
[2022-10-16 06:44:54,806] {processor.py:654} INFO - DAG(s) dict_keys(['example_short_circuit_operator']) retrieved from /home/airflow/.local/lib/python3.7/site-packages/airflow/example_dags/example_short_circuit_operator.py
[2022-10-16 06:44:54,813] {logging_mixin.py:109} INFO - [2022-10-16 06:44:54,813] {dag.py:2398} INFO - Sync 1 DAGs
[2022-10-16 06:44:54,824] {logging_mixin.py:109} INFO - [2022-10-16 06:44:54,824] {dag.py:2937} INFO - Setting next_dagrun for example_short_circuit_operator to 2022-10-15T06:44:54.824568+00:00
[2022-10-16 06:44:54,837] {processor.py:171} INFO - Processing /home/airflow/.local/lib/python3.7/site-packages/airflow/example_dags/example_short_circuit_operator.py took 0.056 seconds
[2022-10-16 06:45:25,803] {processor.py:163} INFO - Started process (PID=322) to work on /home/airflow/.local/lib/python3.7/site-packages/airflow/example_dags/example_short_circuit_operator.py
[2022-10-16 06:45:25,804] {processor.py:642} INFO - Processing file /home/airflow/.local/lib/python3.7/site-packages/airflow/example_dags/example_short_circuit_operator.py for tasks to queue
[2022-10-16 06:45:25,804] {logging_mixin.py:109} INFO - [2022-10-16 06:45:25,804] {dagbag.py:500} INFO - Filling up the DagBag from /home/airflow/.local/lib/python3.7/site-packages/airflow/example_dags/example_short_circuit_operator.py
[2022-10-16 06:45:25,826] {processor.py:654} INFO - DAG(s) dict_keys(['example_short_circuit_operator']) retrieved from /home/airflow/.local/lib/python3.7/site-packages/airflow/example_dags/example_short_circuit_operator.py
[2022-10-16 06:45:25,834] {logging_mixin.py:109} INFO - [2022-10-16 06:45:25,834] {dag.py:2398} INFO - Sync 1 DAGs
[2022-10-16 06:45:25,846] {logging_mixin.py:109} INFO - [2022-10-16 06:45:25,845] {dag.py:2937} INFO - Setting next_dagrun for example_short_circuit_operator to 2022-10-15T06:45:25.845709+00:00
[2022-10-16 06:45:25,854] {processor.py:171} INFO - Processing /home/airflow/.local/lib/python3.7/site-packages/airflow/example_dags/example_short_circuit_operator.py took 0.053 seconds
[2022-10-16 06:45:55,893] {processor.py:163} INFO - Started process (PID=393) to work on /home/airflow/.local/lib/python3.7/site-packages/airflow/example_dags/example_short_circuit_operator.py
[2022-10-16 06:45:55,894] {processor.py:642} INFO - Processing file /home/airflow/.local/lib/python3.7/site-packages/airflow/example_dags/example_short_circuit_operator.py for tasks to queue
[2022-10-16 06:45:55,895] {logging_mixin.py:109} INFO - [2022-10-16 06:45:55,895] {dagbag.py:500} INFO - Filling up the DagBag from /home/airflow/.local/lib/python3.7/site-packages/airflow/example_dags/example_short_circuit_operator.py
[2022-10-16 06:45:55,916] {processor.py:654} INFO - DAG(s) dict_keys(['example_short_circuit_operator']) retrieved from /home/airflow/.local/lib/python3.7/site-packages/airflow/example_dags/example_short_circuit_operator.py
[2022-10-16 06:45:55,924] {logging_mixin.py:109} INFO - [2022-10-16 06:45:55,923] {dag.py:2398} INFO - Sync 1 DAGs
[2022-10-16 06:45:55,934] {logging_mixin.py:109} INFO - [2022-10-16 06:45:55,934] {dag.py:2937} INFO - Setting next_dagrun for example_short_circuit_operator to 2022-10-15T06:45:55.934538+00:00
[2022-10-16 06:45:55,943] {processor.py:171} INFO - Processing /home/airflow/.local/lib/python3.7/site-packages/airflow/example_dags/example_short_circuit_operator.py took 0.051 seconds
[2022-10-16 06:46:27,018] {processor.py:163} INFO - Started process (PID=455) to work on /home/airflow/.local/lib/python3.7/site-packages/airflow/example_dags/example_short_circuit_operator.py
[2022-10-16 06:46:27,019] {processor.py:642} INFO - Processing file /home/airflow/.local/lib/python3.7/site-packages/airflow/example_dags/example_short_circuit_operator.py for tasks to queue
[2022-10-16 06:46:27,019] {logging_mixin.py:109} INFO - [2022-10-16 06:46:27,019] {dagbag.py:500} INFO - Filling up the DagBag from /home/airflow/.local/lib/python3.7/site-packages/airflow/example_dags/example_short_circuit_operator.py
[2022-10-16 06:46:27,042] {processor.py:654} INFO - DAG(s) dict_keys(['example_short_circuit_operator']) retrieved from /home/airflow/.local/lib/python3.7/site-packages/airflow/example_dags/example_short_circuit_operator.py
[2022-10-16 06:46:27,049] {logging_mixin.py:109} INFO - [2022-10-16 06:46:27,049] {dag.py:2398} INFO - Sync 1 DAGs
[2022-10-16 06:46:27,061] {logging_mixin.py:109} INFO - [2022-10-16 06:46:27,061] {dag.py:2937} INFO - Setting next_dagrun for example_short_circuit_operator to 2022-10-15T06:46:27.061548+00:00
[2022-10-16 06:46:27,075] {processor.py:171} INFO - Processing /home/airflow/.local/lib/python3.7/site-packages/airflow/example_dags/example_short_circuit_operator.py took 0.059 seconds
[2022-10-16 06:46:58,134] {processor.py:163} INFO - Started process (PID=526) to work on /home/airflow/.local/lib/python3.7/site-packages/airflow/example_dags/example_short_circuit_operator.py
[2022-10-16 06:46:58,135] {processor.py:642} INFO - Processing file /home/airflow/.local/lib/python3.7/site-packages/airflow/example_dags/example_short_circuit_operator.py for tasks to queue
[2022-10-16 06:46:58,135] {logging_mixin.py:109} INFO - [2022-10-16 06:46:58,135] {dagbag.py:500} INFO - Filling up the DagBag from /home/airflow/.local/lib/python3.7/site-packages/airflow/example_dags/example_short_circuit_operator.py
[2022-10-16 06:46:58,156] {processor.py:654} INFO - DAG(s) dict_keys(['example_short_circuit_operator']) retrieved from /home/airflow/.local/lib/python3.7/site-packages/airflow/example_dags/example_short_circuit_operator.py
[2022-10-16 06:46:58,163] {logging_mixin.py:109} INFO - [2022-10-16 06:46:58,163] {dag.py:2398} INFO - Sync 1 DAGs
[2022-10-16 06:46:58,172] {logging_mixin.py:109} INFO - [2022-10-16 06:46:58,172] {dag.py:2937} INFO - Setting next_dagrun for example_short_circuit_operator to 2022-10-15T06:46:58.172663+00:00
[2022-10-16 06:46:58,180] {processor.py:171} INFO - Processing /home/airflow/.local/lib/python3.7/site-packages/airflow/example_dags/example_short_circuit_operator.py took 0.048 seconds
[2022-10-16 06:47:29,009] {processor.py:163} INFO - Started process (PID=589) to work on /home/airflow/.local/lib/python3.7/site-packages/airflow/example_dags/example_short_circuit_operator.py
[2022-10-16 06:47:29,010] {processor.py:642} INFO - Processing file /home/airflow/.local/lib/python3.7/site-packages/airflow/example_dags/example_short_circuit_operator.py for tasks to queue
[2022-10-16 06:47:29,011] {logging_mixin.py:109} INFO - [2022-10-16 06:47:29,011] {dagbag.py:500} INFO - Filling up the DagBag from /home/airflow/.local/lib/python3.7/site-packages/airflow/example_dags/example_short_circuit_operator.py
[2022-10-16 06:47:29,031] {processor.py:654} INFO - DAG(s) dict_keys(['example_short_circuit_operator']) retrieved from /home/airflow/.local/lib/python3.7/site-packages/airflow/example_dags/example_short_circuit_operator.py
[2022-10-16 06:47:29,038] {logging_mixin.py:109} INFO - [2022-10-16 06:47:29,038] {dag.py:2398} INFO - Sync 1 DAGs
[2022-10-16 06:47:29,048] {logging_mixin.py:109} INFO - [2022-10-16 06:47:29,048] {dag.py:2937} INFO - Setting next_dagrun for example_short_circuit_operator to 2022-10-15T06:47:29.048267+00:00
[2022-10-16 06:47:29,062] {processor.py:171} INFO - Processing /home/airflow/.local/lib/python3.7/site-packages/airflow/example_dags/example_short_circuit_operator.py took 0.055 seconds
[2022-10-16 06:47:59,260] {processor.py:163} INFO - Started process (PID=660) to work on /home/airflow/.local/lib/python3.7/site-packages/airflow/example_dags/example_short_circuit_operator.py
[2022-10-16 06:47:59,261] {processor.py:642} INFO - Processing file /home/airflow/.local/lib/python3.7/site-packages/airflow/example_dags/example_short_circuit_operator.py for tasks to queue
[2022-10-16 06:47:59,262] {logging_mixin.py:109} INFO - [2022-10-16 06:47:59,261] {dagbag.py:500} INFO - Filling up the DagBag from /home/airflow/.local/lib/python3.7/site-packages/airflow/example_dags/example_short_circuit_operator.py
[2022-10-16 06:47:59,282] {processor.py:654} INFO - DAG(s) dict_keys(['example_short_circuit_operator']) retrieved from /home/airflow/.local/lib/python3.7/site-packages/airflow/example_dags/example_short_circuit_operator.py
[2022-10-16 06:47:59,288] {logging_mixin.py:109} INFO - [2022-10-16 06:47:59,288] {dag.py:2398} INFO - Sync 1 DAGs
[2022-10-16 06:47:59,299] {logging_mixin.py:109} INFO - [2022-10-16 06:47:59,299] {dag.py:2937} INFO - Setting next_dagrun for example_short_circuit_operator to 2022-10-15T06:47:59.299016+00:00
[2022-10-16 06:47:59,312] {processor.py:171} INFO - Processing /home/airflow/.local/lib/python3.7/site-packages/airflow/example_dags/example_short_circuit_operator.py took 0.054 seconds
[2022-10-16 06:48:30,399] {processor.py:163} INFO - Started process (PID=722) to work on /home/airflow/.local/lib/python3.7/site-packages/airflow/example_dags/example_short_circuit_operator.py
[2022-10-16 06:48:30,400] {processor.py:642} INFO - Processing file /home/airflow/.local/lib/python3.7/site-packages/airflow/example_dags/example_short_circuit_operator.py for tasks to queue
[2022-10-16 06:48:30,400] {logging_mixin.py:109} INFO - [2022-10-16 06:48:30,400] {dagbag.py:500} INFO - Filling up the DagBag from /home/airflow/.local/lib/python3.7/site-packages/airflow/example_dags/example_short_circuit_operator.py
[2022-10-16 06:48:30,425] {processor.py:654} INFO - DAG(s) dict_keys(['example_short_circuit_operator']) retrieved from /home/airflow/.local/lib/python3.7/site-packages/airflow/example_dags/example_short_circuit_operator.py
[2022-10-16 06:48:30,434] {logging_mixin.py:109} INFO - [2022-10-16 06:48:30,434] {dag.py:2398} INFO - Sync 1 DAGs
[2022-10-16 06:48:30,447] {logging_mixin.py:109} INFO - [2022-10-16 06:48:30,447] {dag.py:2937} INFO - Setting next_dagrun for example_short_circuit_operator to 2022-10-15T06:48:30.446983+00:00
[2022-10-16 06:48:30,456] {processor.py:171} INFO - Processing /home/airflow/.local/lib/python3.7/site-packages/airflow/example_dags/example_short_circuit_operator.py took 0.059 seconds
[2022-10-16 06:49:00,748] {processor.py:163} INFO - Started process (PID=793) to work on /home/airflow/.local/lib/python3.7/site-packages/airflow/example_dags/example_short_circuit_operator.py
[2022-10-16 06:49:00,749] {processor.py:642} INFO - Processing file /home/airflow/.local/lib/python3.7/site-packages/airflow/example_dags/example_short_circuit_operator.py for tasks to queue
[2022-10-16 06:49:00,749] {logging_mixin.py:109} INFO - [2022-10-16 06:49:00,749] {dagbag.py:500} INFO - Filling up the DagBag from /home/airflow/.local/lib/python3.7/site-packages/airflow/example_dags/example_short_circuit_operator.py
[2022-10-16 06:49:00,769] {processor.py:654} INFO - DAG(s) dict_keys(['example_short_circuit_operator']) retrieved from /home/airflow/.local/lib/python3.7/site-packages/airflow/example_dags/example_short_circuit_operator.py
[2022-10-16 06:49:00,777] {logging_mixin.py:109} INFO - [2022-10-16 06:49:00,777] {dag.py:2398} INFO - Sync 1 DAGs
[2022-10-16 06:49:00,787] {logging_mixin.py:109} INFO - [2022-10-16 06:49:00,787] {dag.py:2937} INFO - Setting next_dagrun for example_short_circuit_operator to 2022-10-15T06:49:00.786838+00:00
[2022-10-16 06:49:00,794] {processor.py:171} INFO - Processing /home/airflow/.local/lib/python3.7/site-packages/airflow/example_dags/example_short_circuit_operator.py took 0.048 seconds
[2022-10-16 06:49:31,679] {processor.py:163} INFO - Started process (PID=855) to work on /home/airflow/.local/lib/python3.7/site-packages/airflow/example_dags/example_short_circuit_operator.py
[2022-10-16 06:49:31,680] {processor.py:642} INFO - Processing file /home/airflow/.local/lib/python3.7/site-packages/airflow/example_dags/example_short_circuit_operator.py for tasks to queue
[2022-10-16 06:49:31,680] {logging_mixin.py:109} INFO - [2022-10-16 06:49:31,680] {dagbag.py:500} INFO - Filling up the DagBag from /home/airflow/.local/lib/python3.7/site-packages/airflow/example_dags/example_short_circuit_operator.py
[2022-10-16 06:49:31,703] {processor.py:654} INFO - DAG(s) dict_keys(['example_short_circuit_operator']) retrieved from /home/airflow/.local/lib/python3.7/site-packages/airflow/example_dags/example_short_circuit_operator.py
[2022-10-16 06:49:31,709] {logging_mixin.py:109} INFO - [2022-10-16 06:49:31,709] {dag.py:2398} INFO - Sync 1 DAGs
[2022-10-16 06:49:31,720] {logging_mixin.py:109} INFO - [2022-10-16 06:49:31,720] {dag.py:2937} INFO - Setting next_dagrun for example_short_circuit_operator to 2022-10-15T06:49:31.720087+00:00
[2022-10-16 06:49:31,733] {processor.py:171} INFO - Processing /home/airflow/.local/lib/python3.7/site-packages/airflow/example_dags/example_short_circuit_operator.py took 0.056 seconds
[2022-10-16 06:50:02,764] {processor.py:163} INFO - Started process (PID=928) to work on /home/airflow/.local/lib/python3.7/site-packages/airflow/example_dags/example_short_circuit_operator.py
[2022-10-16 06:50:02,765] {processor.py:642} INFO - Processing file /home/airflow/.local/lib/python3.7/site-packages/airflow/example_dags/example_short_circuit_operator.py for tasks to queue
[2022-10-16 06:50:02,765] {logging_mixin.py:109} INFO - [2022-10-16 06:50:02,765] {dagbag.py:500} INFO - Filling up the DagBag from /home/airflow/.local/lib/python3.7/site-packages/airflow/example_dags/example_short_circuit_operator.py
[2022-10-16 06:50:02,786] {processor.py:654} INFO - DAG(s) dict_keys(['example_short_circuit_operator']) retrieved from /home/airflow/.local/lib/python3.7/site-packages/airflow/example_dags/example_short_circuit_operator.py
[2022-10-16 06:50:02,792] {logging_mixin.py:109} INFO - [2022-10-16 06:50:02,792] {dag.py:2398} INFO - Sync 1 DAGs
[2022-10-16 06:50:02,802] {logging_mixin.py:109} INFO - [2022-10-16 06:50:02,802] {dag.py:2937} INFO - Setting next_dagrun for example_short_circuit_operator to 2022-10-15T06:50:02.802190+00:00
[2022-10-16 06:50:02,814] {processor.py:171} INFO - Processing /home/airflow/.local/lib/python3.7/site-packages/airflow/example_dags/example_short_circuit_operator.py took 0.052 seconds
[2022-10-16 06:50:32,981] {processor.py:163} INFO - Started process (PID=990) to work on /home/airflow/.local/lib/python3.7/site-packages/airflow/example_dags/example_short_circuit_operator.py
[2022-10-16 06:50:32,982] {processor.py:642} INFO - Processing file /home/airflow/.local/lib/python3.7/site-packages/airflow/example_dags/example_short_circuit_operator.py for tasks to queue
[2022-10-16 06:50:32,982] {logging_mixin.py:109} INFO - [2022-10-16 06:50:32,982] {dagbag.py:500} INFO - Filling up the DagBag from /home/airflow/.local/lib/python3.7/site-packages/airflow/example_dags/example_short_circuit_operator.py
[2022-10-16 06:50:33,003] {processor.py:654} INFO - DAG(s) dict_keys(['example_short_circuit_operator']) retrieved from /home/airflow/.local/lib/python3.7/site-packages/airflow/example_dags/example_short_circuit_operator.py
[2022-10-16 06:50:33,009] {logging_mixin.py:109} INFO - [2022-10-16 06:50:33,009] {dag.py:2398} INFO - Sync 1 DAGs
[2022-10-16 06:50:33,019] {logging_mixin.py:109} INFO - [2022-10-16 06:50:33,019] {dag.py:2937} INFO - Setting next_dagrun for example_short_circuit_operator to 2022-10-15T06:50:33.019085+00:00
[2022-10-16 06:50:33,031] {processor.py:171} INFO - Processing /home/airflow/.local/lib/python3.7/site-packages/airflow/example_dags/example_short_circuit_operator.py took 0.052 seconds
[2022-10-16 06:51:03,378] {processor.py:163} INFO - Started process (PID=1063) to work on /home/airflow/.local/lib/python3.7/site-packages/airflow/example_dags/example_short_circuit_operator.py
[2022-10-16 06:51:03,378] {processor.py:642} INFO - Processing file /home/airflow/.local/lib/python3.7/site-packages/airflow/example_dags/example_short_circuit_operator.py for tasks to queue
[2022-10-16 06:51:03,379] {logging_mixin.py:109} INFO - [2022-10-16 06:51:03,379] {dagbag.py:500} INFO - Filling up the DagBag from /home/airflow/.local/lib/python3.7/site-packages/airflow/example_dags/example_short_circuit_operator.py
[2022-10-16 06:51:03,401] {processor.py:654} INFO - DAG(s) dict_keys(['example_short_circuit_operator']) retrieved from /home/airflow/.local/lib/python3.7/site-packages/airflow/example_dags/example_short_circuit_operator.py
[2022-10-16 06:51:03,411] {logging_mixin.py:109} INFO - [2022-10-16 06:51:03,410] {dag.py:2398} INFO - Sync 1 DAGs
[2022-10-16 06:51:03,425] {logging_mixin.py:109} INFO - [2022-10-16 06:51:03,425] {dag.py:2937} INFO - Setting next_dagrun for example_short_circuit_operator to 2022-10-15T06:51:03.424871+00:00
[2022-10-16 06:51:03,433] {processor.py:171} INFO - Processing /home/airflow/.local/lib/python3.7/site-packages/airflow/example_dags/example_short_circuit_operator.py took 0.058 seconds
[2022-10-16 06:51:33,553] {processor.py:163} INFO - Started process (PID=1126) to work on /home/airflow/.local/lib/python3.7/site-packages/airflow/example_dags/example_short_circuit_operator.py
[2022-10-16 06:51:33,553] {processor.py:642} INFO - Processing file /home/airflow/.local/lib/python3.7/site-packages/airflow/example_dags/example_short_circuit_operator.py for tasks to queue
[2022-10-16 06:51:33,553] {logging_mixin.py:109} INFO - [2022-10-16 06:51:33,553] {dagbag.py:500} INFO - Filling up the DagBag from /home/airflow/.local/lib/python3.7/site-packages/airflow/example_dags/example_short_circuit_operator.py
[2022-10-16 06:51:33,576] {processor.py:654} INFO - DAG(s) dict_keys(['example_short_circuit_operator']) retrieved from /home/airflow/.local/lib/python3.7/site-packages/airflow/example_dags/example_short_circuit_operator.py
[2022-10-16 06:51:33,583] {logging_mixin.py:109} INFO - [2022-10-16 06:51:33,583] {dag.py:2398} INFO - Sync 1 DAGs
[2022-10-16 06:51:33,593] {logging_mixin.py:109} INFO - [2022-10-16 06:51:33,593] {dag.py:2937} INFO - Setting next_dagrun for example_short_circuit_operator to 2022-10-15T06:51:33.593304+00:00
[2022-10-16 06:51:33,610] {processor.py:171} INFO - Processing /home/airflow/.local/lib/python3.7/site-packages/airflow/example_dags/example_short_circuit_operator.py took 0.059 seconds
[2022-10-16 06:52:04,037] {processor.py:163} INFO - Started process (PID=1197) to work on /home/airflow/.local/lib/python3.7/site-packages/airflow/example_dags/example_short_circuit_operator.py
[2022-10-16 06:52:04,038] {processor.py:642} INFO - Processing file /home/airflow/.local/lib/python3.7/site-packages/airflow/example_dags/example_short_circuit_operator.py for tasks to queue
[2022-10-16 06:52:04,038] {logging_mixin.py:109} INFO - [2022-10-16 06:52:04,038] {dagbag.py:500} INFO - Filling up the DagBag from /home/airflow/.local/lib/python3.7/site-packages/airflow/example_dags/example_short_circuit_operator.py
[2022-10-16 06:52:04,060] {processor.py:654} INFO - DAG(s) dict_keys(['example_short_circuit_operator']) retrieved from /home/airflow/.local/lib/python3.7/site-packages/airflow/example_dags/example_short_circuit_operator.py
[2022-10-16 06:52:04,066] {logging_mixin.py:109} INFO - [2022-10-16 06:52:04,066] {dag.py:2398} INFO - Sync 1 DAGs
[2022-10-16 06:52:04,076] {logging_mixin.py:109} INFO - [2022-10-16 06:52:04,076] {dag.py:2937} INFO - Setting next_dagrun for example_short_circuit_operator to 2022-10-15T06:52:04.076697+00:00
[2022-10-16 06:52:04,089] {processor.py:171} INFO - Processing /home/airflow/.local/lib/python3.7/site-packages/airflow/example_dags/example_short_circuit_operator.py took 0.054 seconds
[2022-10-16 06:52:34,464] {processor.py:163} INFO - Started process (PID=1259) to work on /home/airflow/.local/lib/python3.7/site-packages/airflow/example_dags/example_short_circuit_operator.py
[2022-10-16 06:52:34,464] {processor.py:642} INFO - Processing file /home/airflow/.local/lib/python3.7/site-packages/airflow/example_dags/example_short_circuit_operator.py for tasks to queue
[2022-10-16 06:52:34,465] {logging_mixin.py:109} INFO - [2022-10-16 06:52:34,465] {dagbag.py:500} INFO - Filling up the DagBag from /home/airflow/.local/lib/python3.7/site-packages/airflow/example_dags/example_short_circuit_operator.py
[2022-10-16 06:52:34,487] {processor.py:654} INFO - DAG(s) dict_keys(['example_short_circuit_operator']) retrieved from /home/airflow/.local/lib/python3.7/site-packages/airflow/example_dags/example_short_circuit_operator.py
[2022-10-16 06:52:34,494] {logging_mixin.py:109} INFO - [2022-10-16 06:52:34,494] {dag.py:2398} INFO - Sync 1 DAGs
[2022-10-16 06:52:34,504] {logging_mixin.py:109} INFO - [2022-10-16 06:52:34,504] {dag.py:2937} INFO - Setting next_dagrun for example_short_circuit_operator to 2022-10-15T06:52:34.504087+00:00
[2022-10-16 06:52:34,521] {processor.py:171} INFO - Processing /home/airflow/.local/lib/python3.7/site-packages/airflow/example_dags/example_short_circuit_operator.py took 0.060 seconds
[2022-10-16 06:53:05,688] {processor.py:163} INFO - Started process (PID=1330) to work on /home/airflow/.local/lib/python3.7/site-packages/airflow/example_dags/example_short_circuit_operator.py
[2022-10-16 06:53:05,689] {processor.py:642} INFO - Processing file /home/airflow/.local/lib/python3.7/site-packages/airflow/example_dags/example_short_circuit_operator.py for tasks to queue
[2022-10-16 06:53:05,690] {logging_mixin.py:109} INFO - [2022-10-16 06:53:05,690] {dagbag.py:500} INFO - Filling up the DagBag from /home/airflow/.local/lib/python3.7/site-packages/airflow/example_dags/example_short_circuit_operator.py
[2022-10-16 06:53:05,715] {processor.py:654} INFO - DAG(s) dict_keys(['example_short_circuit_operator']) retrieved from /home/airflow/.local/lib/python3.7/site-packages/airflow/example_dags/example_short_circuit_operator.py
[2022-10-16 06:53:05,723] {logging_mixin.py:109} INFO - [2022-10-16 06:53:05,723] {dag.py:2398} INFO - Sync 1 DAGs
[2022-10-16 06:53:05,735] {logging_mixin.py:109} INFO - [2022-10-16 06:53:05,735] {dag.py:2937} INFO - Setting next_dagrun for example_short_circuit_operator to 2022-10-15T06:53:05.735592+00:00
[2022-10-16 06:53:05,750] {processor.py:171} INFO - Processing /home/airflow/.local/lib/python3.7/site-packages/airflow/example_dags/example_short_circuit_operator.py took 0.064 seconds
[2022-10-16 06:53:36,124] {processor.py:163} INFO - Started process (PID=1392) to work on /home/airflow/.local/lib/python3.7/site-packages/airflow/example_dags/example_short_circuit_operator.py
[2022-10-16 06:53:36,124] {processor.py:642} INFO - Processing file /home/airflow/.local/lib/python3.7/site-packages/airflow/example_dags/example_short_circuit_operator.py for tasks to queue
[2022-10-16 06:53:36,125] {logging_mixin.py:109} INFO - [2022-10-16 06:53:36,124] {dagbag.py:500} INFO - Filling up the DagBag from /home/airflow/.local/lib/python3.7/site-packages/airflow/example_dags/example_short_circuit_operator.py
[2022-10-16 06:53:36,145] {processor.py:654} INFO - DAG(s) dict_keys(['example_short_circuit_operator']) retrieved from /home/airflow/.local/lib/python3.7/site-packages/airflow/example_dags/example_short_circuit_operator.py
[2022-10-16 06:53:36,152] {logging_mixin.py:109} INFO - [2022-10-16 06:53:36,151] {dag.py:2398} INFO - Sync 1 DAGs
[2022-10-16 06:53:36,162] {logging_mixin.py:109} INFO - [2022-10-16 06:53:36,162] {dag.py:2937} INFO - Setting next_dagrun for example_short_circuit_operator to 2022-10-15T06:53:36.162435+00:00
[2022-10-16 06:53:36,176] {processor.py:171} INFO - Processing /home/airflow/.local/lib/python3.7/site-packages/airflow/example_dags/example_short_circuit_operator.py took 0.054 seconds
[2022-10-16 06:54:06,493] {processor.py:163} INFO - Started process (PID=1465) to work on /home/airflow/.local/lib/python3.7/site-packages/airflow/example_dags/example_short_circuit_operator.py
[2022-10-16 06:54:06,494] {processor.py:642} INFO - Processing file /home/airflow/.local/lib/python3.7/site-packages/airflow/example_dags/example_short_circuit_operator.py for tasks to queue
[2022-10-16 06:54:06,494] {logging_mixin.py:109} INFO - [2022-10-16 06:54:06,494] {dagbag.py:500} INFO - Filling up the DagBag from /home/airflow/.local/lib/python3.7/site-packages/airflow/example_dags/example_short_circuit_operator.py
[2022-10-16 06:54:06,517] {processor.py:654} INFO - DAG(s) dict_keys(['example_short_circuit_operator']) retrieved from /home/airflow/.local/lib/python3.7/site-packages/airflow/example_dags/example_short_circuit_operator.py
[2022-10-16 06:54:06,523] {logging_mixin.py:109} INFO - [2022-10-16 06:54:06,523] {dag.py:2398} INFO - Sync 1 DAGs
[2022-10-16 06:54:06,534] {logging_mixin.py:109} INFO - [2022-10-16 06:54:06,534] {dag.py:2937} INFO - Setting next_dagrun for example_short_circuit_operator to 2022-10-15T06:54:06.534068+00:00
[2022-10-16 06:54:06,547] {processor.py:171} INFO - Processing /home/airflow/.local/lib/python3.7/site-packages/airflow/example_dags/example_short_circuit_operator.py took 0.056 seconds
[2022-10-16 06:54:36,776] {processor.py:163} INFO - Started process (PID=1528) to work on /home/airflow/.local/lib/python3.7/site-packages/airflow/example_dags/example_short_circuit_operator.py
[2022-10-16 06:54:36,776] {processor.py:642} INFO - Processing file /home/airflow/.local/lib/python3.7/site-packages/airflow/example_dags/example_short_circuit_operator.py for tasks to queue
[2022-10-16 06:54:36,777] {logging_mixin.py:109} INFO - [2022-10-16 06:54:36,777] {dagbag.py:500} INFO - Filling up the DagBag from /home/airflow/.local/lib/python3.7/site-packages/airflow/example_dags/example_short_circuit_operator.py
[2022-10-16 06:54:36,796] {processor.py:654} INFO - DAG(s) dict_keys(['example_short_circuit_operator']) retrieved from /home/airflow/.local/lib/python3.7/site-packages/airflow/example_dags/example_short_circuit_operator.py
[2022-10-16 06:54:36,803] {logging_mixin.py:109} INFO - [2022-10-16 06:54:36,803] {dag.py:2398} INFO - Sync 1 DAGs
[2022-10-16 06:54:36,812] {logging_mixin.py:109} INFO - [2022-10-16 06:54:36,812] {dag.py:2937} INFO - Setting next_dagrun for example_short_circuit_operator to 2022-10-15T06:54:36.812551+00:00
[2022-10-16 06:54:36,825] {processor.py:171} INFO - Processing /home/airflow/.local/lib/python3.7/site-packages/airflow/example_dags/example_short_circuit_operator.py took 0.052 seconds
[2022-10-16 06:55:06,976] {processor.py:163} INFO - Started process (PID=1600) to work on /home/airflow/.local/lib/python3.7/site-packages/airflow/example_dags/example_short_circuit_operator.py
[2022-10-16 06:55:06,977] {processor.py:642} INFO - Processing file /home/airflow/.local/lib/python3.7/site-packages/airflow/example_dags/example_short_circuit_operator.py for tasks to queue
[2022-10-16 06:55:06,978] {logging_mixin.py:109} INFO - [2022-10-16 06:55:06,977] {dagbag.py:500} INFO - Filling up the DagBag from /home/airflow/.local/lib/python3.7/site-packages/airflow/example_dags/example_short_circuit_operator.py
[2022-10-16 06:55:07,000] {processor.py:654} INFO - DAG(s) dict_keys(['example_short_circuit_operator']) retrieved from /home/airflow/.local/lib/python3.7/site-packages/airflow/example_dags/example_short_circuit_operator.py
[2022-10-16 06:55:07,007] {logging_mixin.py:109} INFO - [2022-10-16 06:55:07,007] {dag.py:2398} INFO - Sync 1 DAGs
[2022-10-16 06:55:07,018] {logging_mixin.py:109} INFO - [2022-10-16 06:55:07,018] {dag.py:2937} INFO - Setting next_dagrun for example_short_circuit_operator to 2022-10-15T06:55:07.018201+00:00
[2022-10-16 06:55:07,032] {processor.py:171} INFO - Processing /home/airflow/.local/lib/python3.7/site-packages/airflow/example_dags/example_short_circuit_operator.py took 0.057 seconds
[2022-10-16 06:55:37,200] {processor.py:163} INFO - Started process (PID=1664) to work on /home/airflow/.local/lib/python3.7/site-packages/airflow/example_dags/example_short_circuit_operator.py
[2022-10-16 06:55:37,201] {processor.py:642} INFO - Processing file /home/airflow/.local/lib/python3.7/site-packages/airflow/example_dags/example_short_circuit_operator.py for tasks to queue
[2022-10-16 06:55:37,201] {logging_mixin.py:109} INFO - [2022-10-16 06:55:37,201] {dagbag.py:500} INFO - Filling up the DagBag from /home/airflow/.local/lib/python3.7/site-packages/airflow/example_dags/example_short_circuit_operator.py
[2022-10-16 06:55:37,223] {processor.py:654} INFO - DAG(s) dict_keys(['example_short_circuit_operator']) retrieved from /home/airflow/.local/lib/python3.7/site-packages/airflow/example_dags/example_short_circuit_operator.py
[2022-10-16 06:55:37,231] {logging_mixin.py:109} INFO - [2022-10-16 06:55:37,231] {dag.py:2398} INFO - Sync 1 DAGs
[2022-10-16 06:55:37,243] {logging_mixin.py:109} INFO - [2022-10-16 06:55:37,243] {dag.py:2937} INFO - Setting next_dagrun for example_short_circuit_operator to 2022-10-15T06:55:37.243085+00:00
[2022-10-16 06:55:37,257] {processor.py:171} INFO - Processing /home/airflow/.local/lib/python3.7/site-packages/airflow/example_dags/example_short_circuit_operator.py took 0.059 seconds
[2022-10-16 06:56:07,610] {processor.py:163} INFO - Started process (PID=1735) to work on /home/airflow/.local/lib/python3.7/site-packages/airflow/example_dags/example_short_circuit_operator.py
[2022-10-16 06:56:07,611] {processor.py:642} INFO - Processing file /home/airflow/.local/lib/python3.7/site-packages/airflow/example_dags/example_short_circuit_operator.py for tasks to queue
[2022-10-16 06:56:07,611] {logging_mixin.py:109} INFO - [2022-10-16 06:56:07,611] {dagbag.py:500} INFO - Filling up the DagBag from /home/airflow/.local/lib/python3.7/site-packages/airflow/example_dags/example_short_circuit_operator.py
[2022-10-16 06:56:07,632] {processor.py:654} INFO - DAG(s) dict_keys(['example_short_circuit_operator']) retrieved from /home/airflow/.local/lib/python3.7/site-packages/airflow/example_dags/example_short_circuit_operator.py
[2022-10-16 06:56:07,638] {logging_mixin.py:109} INFO - [2022-10-16 06:56:07,638] {dag.py:2398} INFO - Sync 1 DAGs
[2022-10-16 06:56:07,648] {logging_mixin.py:109} INFO - [2022-10-16 06:56:07,648] {dag.py:2937} INFO - Setting next_dagrun for example_short_circuit_operator to 2022-10-15T06:56:07.648073+00:00
[2022-10-16 06:56:07,655] {processor.py:171} INFO - Processing /home/airflow/.local/lib/python3.7/site-packages/airflow/example_dags/example_short_circuit_operator.py took 0.047 seconds
[2022-10-16 06:56:37,958] {processor.py:163} INFO - Started process (PID=1798) to work on /home/airflow/.local/lib/python3.7/site-packages/airflow/example_dags/example_short_circuit_operator.py
[2022-10-16 06:56:37,959] {processor.py:642} INFO - Processing file /home/airflow/.local/lib/python3.7/site-packages/airflow/example_dags/example_short_circuit_operator.py for tasks to queue
[2022-10-16 06:56:37,959] {logging_mixin.py:109} INFO - [2022-10-16 06:56:37,959] {dagbag.py:500} INFO - Filling up the DagBag from /home/airflow/.local/lib/python3.7/site-packages/airflow/example_dags/example_short_circuit_operator.py
[2022-10-16 06:56:37,980] {processor.py:654} INFO - DAG(s) dict_keys(['example_short_circuit_operator']) retrieved from /home/airflow/.local/lib/python3.7/site-packages/airflow/example_dags/example_short_circuit_operator.py
[2022-10-16 06:56:37,987] {logging_mixin.py:109} INFO - [2022-10-16 06:56:37,987] {dag.py:2398} INFO - Sync 1 DAGs
[2022-10-16 06:56:37,998] {logging_mixin.py:109} INFO - [2022-10-16 06:56:37,998] {dag.py:2937} INFO - Setting next_dagrun for example_short_circuit_operator to 2022-10-15T06:56:37.997796+00:00
[2022-10-16 06:56:38,016] {processor.py:171} INFO - Processing /home/airflow/.local/lib/python3.7/site-packages/airflow/example_dags/example_short_circuit_operator.py took 0.060 seconds
[2022-10-16 06:57:08,268] {processor.py:163} INFO - Started process (PID=1871) to work on /home/airflow/.local/lib/python3.7/site-packages/airflow/example_dags/example_short_circuit_operator.py
[2022-10-16 06:57:08,268] {processor.py:642} INFO - Processing file /home/airflow/.local/lib/python3.7/site-packages/airflow/example_dags/example_short_circuit_operator.py for tasks to queue
[2022-10-16 06:57:08,269] {logging_mixin.py:109} INFO - [2022-10-16 06:57:08,269] {dagbag.py:500} INFO - Filling up the DagBag from /home/airflow/.local/lib/python3.7/site-packages/airflow/example_dags/example_short_circuit_operator.py
[2022-10-16 06:57:08,290] {processor.py:654} INFO - DAG(s) dict_keys(['example_short_circuit_operator']) retrieved from /home/airflow/.local/lib/python3.7/site-packages/airflow/example_dags/example_short_circuit_operator.py
[2022-10-16 06:57:08,300] {logging_mixin.py:109} INFO - [2022-10-16 06:57:08,300] {dag.py:2398} INFO - Sync 1 DAGs
[2022-10-16 06:57:08,312] {logging_mixin.py:109} INFO - [2022-10-16 06:57:08,312] {dag.py:2937} INFO - Setting next_dagrun for example_short_circuit_operator to 2022-10-15T06:57:08.311996+00:00
[2022-10-16 06:57:08,321] {processor.py:171} INFO - Processing /home/airflow/.local/lib/python3.7/site-packages/airflow/example_dags/example_short_circuit_operator.py took 0.055 seconds
[2022-10-16 06:57:38,622] {processor.py:163} INFO - Started process (PID=1933) to work on /home/airflow/.local/lib/python3.7/site-packages/airflow/example_dags/example_short_circuit_operator.py
[2022-10-16 06:57:38,623] {processor.py:642} INFO - Processing file /home/airflow/.local/lib/python3.7/site-packages/airflow/example_dags/example_short_circuit_operator.py for tasks to queue
[2022-10-16 06:57:38,623] {logging_mixin.py:109} INFO - [2022-10-16 06:57:38,623] {dagbag.py:500} INFO - Filling up the DagBag from /home/airflow/.local/lib/python3.7/site-packages/airflow/example_dags/example_short_circuit_operator.py
[2022-10-16 06:57:38,644] {processor.py:654} INFO - DAG(s) dict_keys(['example_short_circuit_operator']) retrieved from /home/airflow/.local/lib/python3.7/site-packages/airflow/example_dags/example_short_circuit_operator.py
[2022-10-16 06:57:38,651] {logging_mixin.py:109} INFO - [2022-10-16 06:57:38,651] {dag.py:2398} INFO - Sync 1 DAGs
[2022-10-16 06:57:38,662] {logging_mixin.py:109} INFO - [2022-10-16 06:57:38,662] {dag.py:2937} INFO - Setting next_dagrun for example_short_circuit_operator to 2022-10-15T06:57:38.662214+00:00
[2022-10-16 06:57:38,677] {processor.py:171} INFO - Processing /home/airflow/.local/lib/python3.7/site-packages/airflow/example_dags/example_short_circuit_operator.py took 0.057 seconds
[2022-10-16 06:58:08,961] {processor.py:163} INFO - Started process (PID=2010) to work on /home/airflow/.local/lib/python3.7/site-packages/airflow/example_dags/example_short_circuit_operator.py
[2022-10-16 06:58:08,962] {processor.py:642} INFO - Processing file /home/airflow/.local/lib/python3.7/site-packages/airflow/example_dags/example_short_circuit_operator.py for tasks to queue
[2022-10-16 06:58:08,962] {logging_mixin.py:109} INFO - [2022-10-16 06:58:08,962] {dagbag.py:500} INFO - Filling up the DagBag from /home/airflow/.local/lib/python3.7/site-packages/airflow/example_dags/example_short_circuit_operator.py
[2022-10-16 06:58:08,986] {processor.py:654} INFO - DAG(s) dict_keys(['example_short_circuit_operator']) retrieved from /home/airflow/.local/lib/python3.7/site-packages/airflow/example_dags/example_short_circuit_operator.py
[2022-10-16 06:58:08,993] {logging_mixin.py:109} INFO - [2022-10-16 06:58:08,993] {dag.py:2398} INFO - Sync 1 DAGs
[2022-10-16 06:58:09,006] {logging_mixin.py:109} INFO - [2022-10-16 06:58:09,005] {dag.py:2937} INFO - Setting next_dagrun for example_short_circuit_operator to 2022-10-15T06:58:09.005765+00:00
[2022-10-16 06:58:09,013] {processor.py:171} INFO - Processing /home/airflow/.local/lib/python3.7/site-packages/airflow/example_dags/example_short_circuit_operator.py took 0.055 seconds
[2022-10-16 06:58:39,184] {processor.py:163} INFO - Started process (PID=2072) to work on /home/airflow/.local/lib/python3.7/site-packages/airflow/example_dags/example_short_circuit_operator.py
[2022-10-16 06:58:39,185] {processor.py:642} INFO - Processing file /home/airflow/.local/lib/python3.7/site-packages/airflow/example_dags/example_short_circuit_operator.py for tasks to queue
[2022-10-16 06:58:39,185] {logging_mixin.py:109} INFO - [2022-10-16 06:58:39,185] {dagbag.py:500} INFO - Filling up the DagBag from /home/airflow/.local/lib/python3.7/site-packages/airflow/example_dags/example_short_circuit_operator.py
[2022-10-16 06:58:39,208] {processor.py:654} INFO - DAG(s) dict_keys(['example_short_circuit_operator']) retrieved from /home/airflow/.local/lib/python3.7/site-packages/airflow/example_dags/example_short_circuit_operator.py
[2022-10-16 06:58:39,215] {logging_mixin.py:109} INFO - [2022-10-16 06:58:39,215] {dag.py:2398} INFO - Sync 1 DAGs
[2022-10-16 06:58:39,228] {logging_mixin.py:109} INFO - [2022-10-16 06:58:39,228] {dag.py:2937} INFO - Setting next_dagrun for example_short_circuit_operator to 2022-10-15T06:58:39.227746+00:00
[2022-10-16 06:58:39,236] {processor.py:171} INFO - Processing /home/airflow/.local/lib/python3.7/site-packages/airflow/example_dags/example_short_circuit_operator.py took 0.054 seconds
[2022-10-16 06:59:09,439] {processor.py:163} INFO - Started process (PID=2143) to work on /home/airflow/.local/lib/python3.7/site-packages/airflow/example_dags/example_short_circuit_operator.py
[2022-10-16 06:59:09,440] {processor.py:642} INFO - Processing file /home/airflow/.local/lib/python3.7/site-packages/airflow/example_dags/example_short_circuit_operator.py for tasks to queue
[2022-10-16 06:59:09,440] {logging_mixin.py:109} INFO - [2022-10-16 06:59:09,440] {dagbag.py:500} INFO - Filling up the DagBag from /home/airflow/.local/lib/python3.7/site-packages/airflow/example_dags/example_short_circuit_operator.py
[2022-10-16 06:59:09,461] {processor.py:654} INFO - DAG(s) dict_keys(['example_short_circuit_operator']) retrieved from /home/airflow/.local/lib/python3.7/site-packages/airflow/example_dags/example_short_circuit_operator.py
[2022-10-16 06:59:09,468] {logging_mixin.py:109} INFO - [2022-10-16 06:59:09,468] {dag.py:2398} INFO - Sync 1 DAGs
[2022-10-16 06:59:09,479] {logging_mixin.py:109} INFO - [2022-10-16 06:59:09,479] {dag.py:2937} INFO - Setting next_dagrun for example_short_circuit_operator to 2022-10-15T06:59:09.479631+00:00
[2022-10-16 06:59:09,492] {processor.py:171} INFO - Processing /home/airflow/.local/lib/python3.7/site-packages/airflow/example_dags/example_short_circuit_operator.py took 0.056 seconds
[2022-10-16 06:59:39,703] {processor.py:163} INFO - Started process (PID=2205) to work on /home/airflow/.local/lib/python3.7/site-packages/airflow/example_dags/example_short_circuit_operator.py
[2022-10-16 06:59:39,703] {processor.py:642} INFO - Processing file /home/airflow/.local/lib/python3.7/site-packages/airflow/example_dags/example_short_circuit_operator.py for tasks to queue
[2022-10-16 06:59:39,704] {logging_mixin.py:109} INFO - [2022-10-16 06:59:39,704] {dagbag.py:500} INFO - Filling up the DagBag from /home/airflow/.local/lib/python3.7/site-packages/airflow/example_dags/example_short_circuit_operator.py
[2022-10-16 06:59:39,727] {processor.py:654} INFO - DAG(s) dict_keys(['example_short_circuit_operator']) retrieved from /home/airflow/.local/lib/python3.7/site-packages/airflow/example_dags/example_short_circuit_operator.py
[2022-10-16 06:59:39,738] {logging_mixin.py:109} INFO - [2022-10-16 06:59:39,738] {dag.py:2398} INFO - Sync 1 DAGs
[2022-10-16 06:59:39,749] {logging_mixin.py:109} INFO - [2022-10-16 06:59:39,749] {dag.py:2937} INFO - Setting next_dagrun for example_short_circuit_operator to 2022-10-15T06:59:39.749192+00:00
[2022-10-16 06:59:39,763] {processor.py:171} INFO - Processing /home/airflow/.local/lib/python3.7/site-packages/airflow/example_dags/example_short_circuit_operator.py took 0.063 seconds
[2022-10-16 07:00:10,357] {processor.py:163} INFO - Started process (PID=2277) to work on /home/airflow/.local/lib/python3.7/site-packages/airflow/example_dags/example_short_circuit_operator.py
[2022-10-16 07:00:10,358] {processor.py:642} INFO - Processing file /home/airflow/.local/lib/python3.7/site-packages/airflow/example_dags/example_short_circuit_operator.py for tasks to queue
[2022-10-16 07:00:10,358] {logging_mixin.py:109} INFO - [2022-10-16 07:00:10,358] {dagbag.py:500} INFO - Filling up the DagBag from /home/airflow/.local/lib/python3.7/site-packages/airflow/example_dags/example_short_circuit_operator.py
[2022-10-16 07:00:10,379] {processor.py:654} INFO - DAG(s) dict_keys(['example_short_circuit_operator']) retrieved from /home/airflow/.local/lib/python3.7/site-packages/airflow/example_dags/example_short_circuit_operator.py
[2022-10-16 07:00:10,386] {logging_mixin.py:109} INFO - [2022-10-16 07:00:10,386] {dag.py:2398} INFO - Sync 1 DAGs
[2022-10-16 07:00:10,397] {logging_mixin.py:109} INFO - [2022-10-16 07:00:10,397] {dag.py:2937} INFO - Setting next_dagrun for example_short_circuit_operator to 2022-10-15T07:00:10.397634+00:00
[2022-10-16 07:00:10,405] {processor.py:171} INFO - Processing /home/airflow/.local/lib/python3.7/site-packages/airflow/example_dags/example_short_circuit_operator.py took 0.051 seconds
[2022-10-16 07:00:41,602] {processor.py:163} INFO - Started process (PID=2340) to work on /home/airflow/.local/lib/python3.7/site-packages/airflow/example_dags/example_short_circuit_operator.py
[2022-10-16 07:00:41,602] {processor.py:642} INFO - Processing file /home/airflow/.local/lib/python3.7/site-packages/airflow/example_dags/example_short_circuit_operator.py for tasks to queue
[2022-10-16 07:00:41,603] {logging_mixin.py:109} INFO - [2022-10-16 07:00:41,603] {dagbag.py:500} INFO - Filling up the DagBag from /home/airflow/.local/lib/python3.7/site-packages/airflow/example_dags/example_short_circuit_operator.py
[2022-10-16 07:00:41,625] {processor.py:654} INFO - DAG(s) dict_keys(['example_short_circuit_operator']) retrieved from /home/airflow/.local/lib/python3.7/site-packages/airflow/example_dags/example_short_circuit_operator.py
[2022-10-16 07:00:41,632] {logging_mixin.py:109} INFO - [2022-10-16 07:00:41,632] {dag.py:2398} INFO - Sync 1 DAGs
[2022-10-16 07:00:41,644] {logging_mixin.py:109} INFO - [2022-10-16 07:00:41,644] {dag.py:2937} INFO - Setting next_dagrun for example_short_circuit_operator to 2022-10-15T07:00:41.644151+00:00
[2022-10-16 07:00:41,662] {processor.py:171} INFO - Processing /home/airflow/.local/lib/python3.7/site-packages/airflow/example_dags/example_short_circuit_operator.py took 0.062 seconds
[2022-10-16 07:01:11,905] {processor.py:163} INFO - Started process (PID=2411) to work on /home/airflow/.local/lib/python3.7/site-packages/airflow/example_dags/example_short_circuit_operator.py
[2022-10-16 07:01:11,906] {processor.py:642} INFO - Processing file /home/airflow/.local/lib/python3.7/site-packages/airflow/example_dags/example_short_circuit_operator.py for tasks to queue
[2022-10-16 07:01:11,906] {logging_mixin.py:109} INFO - [2022-10-16 07:01:11,906] {dagbag.py:500} INFO - Filling up the DagBag from /home/airflow/.local/lib/python3.7/site-packages/airflow/example_dags/example_short_circuit_operator.py
[2022-10-16 07:01:11,929] {processor.py:654} INFO - DAG(s) dict_keys(['example_short_circuit_operator']) retrieved from /home/airflow/.local/lib/python3.7/site-packages/airflow/example_dags/example_short_circuit_operator.py
[2022-10-16 07:01:11,935] {logging_mixin.py:109} INFO - [2022-10-16 07:01:11,935] {dag.py:2398} INFO - Sync 1 DAGs
[2022-10-16 07:01:11,946] {logging_mixin.py:109} INFO - [2022-10-16 07:01:11,946] {dag.py:2937} INFO - Setting next_dagrun for example_short_circuit_operator to 2022-10-15T07:01:11.946026+00:00
[2022-10-16 07:01:11,955] {processor.py:171} INFO - Processing /home/airflow/.local/lib/python3.7/site-packages/airflow/example_dags/example_short_circuit_operator.py took 0.052 seconds
[2022-10-16 07:01:42,436] {processor.py:163} INFO - Started process (PID=2472) to work on /home/airflow/.local/lib/python3.7/site-packages/airflow/example_dags/example_short_circuit_operator.py
[2022-10-16 07:01:42,437] {processor.py:642} INFO - Processing file /home/airflow/.local/lib/python3.7/site-packages/airflow/example_dags/example_short_circuit_operator.py for tasks to queue
[2022-10-16 07:01:42,437] {logging_mixin.py:109} INFO - [2022-10-16 07:01:42,437] {dagbag.py:500} INFO - Filling up the DagBag from /home/airflow/.local/lib/python3.7/site-packages/airflow/example_dags/example_short_circuit_operator.py
[2022-10-16 07:01:42,459] {processor.py:654} INFO - DAG(s) dict_keys(['example_short_circuit_operator']) retrieved from /home/airflow/.local/lib/python3.7/site-packages/airflow/example_dags/example_short_circuit_operator.py
[2022-10-16 07:01:42,466] {logging_mixin.py:109} INFO - [2022-10-16 07:01:42,466] {dag.py:2398} INFO - Sync 1 DAGs
[2022-10-16 07:01:42,478] {logging_mixin.py:109} INFO - [2022-10-16 07:01:42,478] {dag.py:2937} INFO - Setting next_dagrun for example_short_circuit_operator to 2022-10-15T07:01:42.477872+00:00
[2022-10-16 07:01:42,495] {processor.py:171} INFO - Processing /home/airflow/.local/lib/python3.7/site-packages/airflow/example_dags/example_short_circuit_operator.py took 0.061 seconds
[2022-10-16 07:02:12,757] {processor.py:163} INFO - Started process (PID=2545) to work on /home/airflow/.local/lib/python3.7/site-packages/airflow/example_dags/example_short_circuit_operator.py
[2022-10-16 07:02:12,758] {processor.py:642} INFO - Processing file /home/airflow/.local/lib/python3.7/site-packages/airflow/example_dags/example_short_circuit_operator.py for tasks to queue
[2022-10-16 07:02:12,759] {logging_mixin.py:109} INFO - [2022-10-16 07:02:12,758] {dagbag.py:500} INFO - Filling up the DagBag from /home/airflow/.local/lib/python3.7/site-packages/airflow/example_dags/example_short_circuit_operator.py
[2022-10-16 07:02:12,779] {processor.py:654} INFO - DAG(s) dict_keys(['example_short_circuit_operator']) retrieved from /home/airflow/.local/lib/python3.7/site-packages/airflow/example_dags/example_short_circuit_operator.py
[2022-10-16 07:02:12,787] {logging_mixin.py:109} INFO - [2022-10-16 07:02:12,787] {dag.py:2398} INFO - Sync 1 DAGs
[2022-10-16 07:02:12,800] {logging_mixin.py:109} INFO - [2022-10-16 07:02:12,799] {dag.py:2937} INFO - Setting next_dagrun for example_short_circuit_operator to 2022-10-15T07:02:12.799737+00:00
[2022-10-16 07:02:12,807] {processor.py:171} INFO - Processing /home/airflow/.local/lib/python3.7/site-packages/airflow/example_dags/example_short_circuit_operator.py took 0.052 seconds
[2022-10-16 07:02:43,130] {processor.py:163} INFO - Started process (PID=2610) to work on /home/airflow/.local/lib/python3.7/site-packages/airflow/example_dags/example_short_circuit_operator.py
[2022-10-16 07:02:43,131] {processor.py:642} INFO - Processing file /home/airflow/.local/lib/python3.7/site-packages/airflow/example_dags/example_short_circuit_operator.py for tasks to queue
[2022-10-16 07:02:43,131] {logging_mixin.py:109} INFO - [2022-10-16 07:02:43,131] {dagbag.py:500} INFO - Filling up the DagBag from /home/airflow/.local/lib/python3.7/site-packages/airflow/example_dags/example_short_circuit_operator.py
[2022-10-16 07:02:43,152] {processor.py:654} INFO - DAG(s) dict_keys(['example_short_circuit_operator']) retrieved from /home/airflow/.local/lib/python3.7/site-packages/airflow/example_dags/example_short_circuit_operator.py
[2022-10-16 07:02:43,159] {logging_mixin.py:109} INFO - [2022-10-16 07:02:43,159] {dag.py:2398} INFO - Sync 1 DAGs
[2022-10-16 07:02:43,171] {logging_mixin.py:109} INFO - [2022-10-16 07:02:43,171] {dag.py:2937} INFO - Setting next_dagrun for example_short_circuit_operator to 2022-10-15T07:02:43.171408+00:00
[2022-10-16 07:02:43,179] {processor.py:171} INFO - Processing /home/airflow/.local/lib/python3.7/site-packages/airflow/example_dags/example_short_circuit_operator.py took 0.051 seconds
[2022-10-16 07:03:13,597] {processor.py:163} INFO - Started process (PID=2682) to work on /home/airflow/.local/lib/python3.7/site-packages/airflow/example_dags/example_short_circuit_operator.py
[2022-10-16 07:03:13,598] {processor.py:642} INFO - Processing file /home/airflow/.local/lib/python3.7/site-packages/airflow/example_dags/example_short_circuit_operator.py for tasks to queue
[2022-10-16 07:03:13,598] {logging_mixin.py:109} INFO - [2022-10-16 07:03:13,598] {dagbag.py:500} INFO - Filling up the DagBag from /home/airflow/.local/lib/python3.7/site-packages/airflow/example_dags/example_short_circuit_operator.py
[2022-10-16 07:03:13,619] {processor.py:654} INFO - DAG(s) dict_keys(['example_short_circuit_operator']) retrieved from /home/airflow/.local/lib/python3.7/site-packages/airflow/example_dags/example_short_circuit_operator.py
[2022-10-16 07:03:13,627] {logging_mixin.py:109} INFO - [2022-10-16 07:03:13,627] {dag.py:2398} INFO - Sync 1 DAGs
[2022-10-16 07:03:13,638] {logging_mixin.py:109} INFO - [2022-10-16 07:03:13,638] {dag.py:2937} INFO - Setting next_dagrun for example_short_circuit_operator to 2022-10-15T07:03:13.637858+00:00
[2022-10-16 07:03:13,648] {processor.py:171} INFO - Processing /home/airflow/.local/lib/python3.7/site-packages/airflow/example_dags/example_short_circuit_operator.py took 0.054 seconds
[2022-10-16 07:03:44,018] {processor.py:163} INFO - Started process (PID=2745) to work on /home/airflow/.local/lib/python3.7/site-packages/airflow/example_dags/example_short_circuit_operator.py
[2022-10-16 07:03:44,018] {processor.py:642} INFO - Processing file /home/airflow/.local/lib/python3.7/site-packages/airflow/example_dags/example_short_circuit_operator.py for tasks to queue
[2022-10-16 07:03:44,019] {logging_mixin.py:109} INFO - [2022-10-16 07:03:44,019] {dagbag.py:500} INFO - Filling up the DagBag from /home/airflow/.local/lib/python3.7/site-packages/airflow/example_dags/example_short_circuit_operator.py
[2022-10-16 07:03:44,040] {processor.py:654} INFO - DAG(s) dict_keys(['example_short_circuit_operator']) retrieved from /home/airflow/.local/lib/python3.7/site-packages/airflow/example_dags/example_short_circuit_operator.py
[2022-10-16 07:03:44,047] {logging_mixin.py:109} INFO - [2022-10-16 07:03:44,047] {dag.py:2398} INFO - Sync 1 DAGs
[2022-10-16 07:03:44,057] {logging_mixin.py:109} INFO - [2022-10-16 07:03:44,057] {dag.py:2937} INFO - Setting next_dagrun for example_short_circuit_operator to 2022-10-15T07:03:44.057581+00:00
[2022-10-16 07:03:44,065] {processor.py:171} INFO - Processing /home/airflow/.local/lib/python3.7/site-packages/airflow/example_dags/example_short_circuit_operator.py took 0.050 seconds
[2022-10-16 07:04:14,389] {processor.py:163} INFO - Started process (PID=2816) to work on /home/airflow/.local/lib/python3.7/site-packages/airflow/example_dags/example_short_circuit_operator.py
[2022-10-16 07:04:14,390] {processor.py:642} INFO - Processing file /home/airflow/.local/lib/python3.7/site-packages/airflow/example_dags/example_short_circuit_operator.py for tasks to queue
[2022-10-16 07:04:14,391] {logging_mixin.py:109} INFO - [2022-10-16 07:04:14,390] {dagbag.py:500} INFO - Filling up the DagBag from /home/airflow/.local/lib/python3.7/site-packages/airflow/example_dags/example_short_circuit_operator.py
[2022-10-16 07:04:14,417] {processor.py:654} INFO - DAG(s) dict_keys(['example_short_circuit_operator']) retrieved from /home/airflow/.local/lib/python3.7/site-packages/airflow/example_dags/example_short_circuit_operator.py
[2022-10-16 07:04:14,427] {logging_mixin.py:109} INFO - [2022-10-16 07:04:14,427] {dag.py:2398} INFO - Sync 1 DAGs
[2022-10-16 07:04:14,443] {logging_mixin.py:109} INFO - [2022-10-16 07:04:14,442] {dag.py:2937} INFO - Setting next_dagrun for example_short_circuit_operator to 2022-10-15T07:04:14.442707+00:00
[2022-10-16 07:04:14,456] {processor.py:171} INFO - Processing /home/airflow/.local/lib/python3.7/site-packages/airflow/example_dags/example_short_circuit_operator.py took 0.069 seconds
[2022-10-16 07:04:44,577] {processor.py:163} INFO - Started process (PID=2879) to work on /home/airflow/.local/lib/python3.7/site-packages/airflow/example_dags/example_short_circuit_operator.py
[2022-10-16 07:04:44,578] {processor.py:642} INFO - Processing file /home/airflow/.local/lib/python3.7/site-packages/airflow/example_dags/example_short_circuit_operator.py for tasks to queue
[2022-10-16 07:04:44,578] {logging_mixin.py:109} INFO - [2022-10-16 07:04:44,578] {dagbag.py:500} INFO - Filling up the DagBag from /home/airflow/.local/lib/python3.7/site-packages/airflow/example_dags/example_short_circuit_operator.py
[2022-10-16 07:04:44,600] {processor.py:654} INFO - DAG(s) dict_keys(['example_short_circuit_operator']) retrieved from /home/airflow/.local/lib/python3.7/site-packages/airflow/example_dags/example_short_circuit_operator.py
[2022-10-16 07:04:44,607] {logging_mixin.py:109} INFO - [2022-10-16 07:04:44,607] {dag.py:2398} INFO - Sync 1 DAGs
[2022-10-16 07:04:44,618] {logging_mixin.py:109} INFO - [2022-10-16 07:04:44,618] {dag.py:2937} INFO - Setting next_dagrun for example_short_circuit_operator to 2022-10-15T07:04:44.618411+00:00
[2022-10-16 07:04:44,632] {processor.py:171} INFO - Processing /home/airflow/.local/lib/python3.7/site-packages/airflow/example_dags/example_short_circuit_operator.py took 0.057 seconds
[2022-10-16 07:05:15,143] {processor.py:163} INFO - Started process (PID=2954) to work on /home/airflow/.local/lib/python3.7/site-packages/airflow/example_dags/example_short_circuit_operator.py
[2022-10-16 07:05:15,144] {processor.py:642} INFO - Processing file /home/airflow/.local/lib/python3.7/site-packages/airflow/example_dags/example_short_circuit_operator.py for tasks to queue
[2022-10-16 07:05:15,144] {logging_mixin.py:109} INFO - [2022-10-16 07:05:15,144] {dagbag.py:500} INFO - Filling up the DagBag from /home/airflow/.local/lib/python3.7/site-packages/airflow/example_dags/example_short_circuit_operator.py
[2022-10-16 07:05:15,164] {processor.py:654} INFO - DAG(s) dict_keys(['example_short_circuit_operator']) retrieved from /home/airflow/.local/lib/python3.7/site-packages/airflow/example_dags/example_short_circuit_operator.py
[2022-10-16 07:05:15,171] {logging_mixin.py:109} INFO - [2022-10-16 07:05:15,171] {dag.py:2398} INFO - Sync 1 DAGs
[2022-10-16 07:05:15,181] {logging_mixin.py:109} INFO - [2022-10-16 07:05:15,181] {dag.py:2937} INFO - Setting next_dagrun for example_short_circuit_operator to 2022-10-15T07:05:15.180953+00:00
[2022-10-16 07:05:15,188] {processor.py:171} INFO - Processing /home/airflow/.local/lib/python3.7/site-packages/airflow/example_dags/example_short_circuit_operator.py took 0.047 seconds
[2022-10-16 07:05:46,116] {processor.py:163} INFO - Started process (PID=3016) to work on /home/airflow/.local/lib/python3.7/site-packages/airflow/example_dags/example_short_circuit_operator.py
[2022-10-16 07:05:46,116] {processor.py:642} INFO - Processing file /home/airflow/.local/lib/python3.7/site-packages/airflow/example_dags/example_short_circuit_operator.py for tasks to queue
[2022-10-16 07:05:46,117] {logging_mixin.py:109} INFO - [2022-10-16 07:05:46,117] {dagbag.py:500} INFO - Filling up the DagBag from /home/airflow/.local/lib/python3.7/site-packages/airflow/example_dags/example_short_circuit_operator.py
[2022-10-16 07:05:46,139] {processor.py:654} INFO - DAG(s) dict_keys(['example_short_circuit_operator']) retrieved from /home/airflow/.local/lib/python3.7/site-packages/airflow/example_dags/example_short_circuit_operator.py
[2022-10-16 07:05:46,148] {logging_mixin.py:109} INFO - [2022-10-16 07:05:46,148] {dag.py:2398} INFO - Sync 1 DAGs
[2022-10-16 07:05:46,159] {logging_mixin.py:109} INFO - [2022-10-16 07:05:46,159] {dag.py:2937} INFO - Setting next_dagrun for example_short_circuit_operator to 2022-10-15T07:05:46.159306+00:00
[2022-10-16 07:05:46,173] {processor.py:171} INFO - Processing /home/airflow/.local/lib/python3.7/site-packages/airflow/example_dags/example_short_circuit_operator.py took 0.059 seconds
[2022-10-16 07:06:17,232] {processor.py:163} INFO - Started process (PID=3087) to work on /home/airflow/.local/lib/python3.7/site-packages/airflow/example_dags/example_short_circuit_operator.py
[2022-10-16 07:06:17,232] {processor.py:642} INFO - Processing file /home/airflow/.local/lib/python3.7/site-packages/airflow/example_dags/example_short_circuit_operator.py for tasks to queue
[2022-10-16 07:06:17,233] {logging_mixin.py:109} INFO - [2022-10-16 07:06:17,233] {dagbag.py:500} INFO - Filling up the DagBag from /home/airflow/.local/lib/python3.7/site-packages/airflow/example_dags/example_short_circuit_operator.py
[2022-10-16 07:06:17,256] {processor.py:654} INFO - DAG(s) dict_keys(['example_short_circuit_operator']) retrieved from /home/airflow/.local/lib/python3.7/site-packages/airflow/example_dags/example_short_circuit_operator.py
[2022-10-16 07:06:17,263] {logging_mixin.py:109} INFO - [2022-10-16 07:06:17,263] {dag.py:2398} INFO - Sync 1 DAGs
[2022-10-16 07:06:17,274] {logging_mixin.py:109} INFO - [2022-10-16 07:06:17,274] {dag.py:2937} INFO - Setting next_dagrun for example_short_circuit_operator to 2022-10-15T07:06:17.274175+00:00
[2022-10-16 07:06:17,288] {processor.py:171} INFO - Processing /home/airflow/.local/lib/python3.7/site-packages/airflow/example_dags/example_short_circuit_operator.py took 0.058 seconds
[2022-10-16 07:06:48,398] {processor.py:163} INFO - Started process (PID=3149) to work on /home/airflow/.local/lib/python3.7/site-packages/airflow/example_dags/example_short_circuit_operator.py
[2022-10-16 07:06:48,399] {processor.py:642} INFO - Processing file /home/airflow/.local/lib/python3.7/site-packages/airflow/example_dags/example_short_circuit_operator.py for tasks to queue
[2022-10-16 07:06:48,399] {logging_mixin.py:109} INFO - [2022-10-16 07:06:48,399] {dagbag.py:500} INFO - Filling up the DagBag from /home/airflow/.local/lib/python3.7/site-packages/airflow/example_dags/example_short_circuit_operator.py
[2022-10-16 07:06:48,422] {processor.py:654} INFO - DAG(s) dict_keys(['example_short_circuit_operator']) retrieved from /home/airflow/.local/lib/python3.7/site-packages/airflow/example_dags/example_short_circuit_operator.py
[2022-10-16 07:06:48,432] {logging_mixin.py:109} INFO - [2022-10-16 07:06:48,432] {dag.py:2398} INFO - Sync 1 DAGs
[2022-10-16 07:06:48,445] {logging_mixin.py:109} INFO - [2022-10-16 07:06:48,445] {dag.py:2937} INFO - Setting next_dagrun for example_short_circuit_operator to 2022-10-15T07:06:48.445358+00:00
[2022-10-16 07:06:48,458] {processor.py:171} INFO - Processing /home/airflow/.local/lib/python3.7/site-packages/airflow/example_dags/example_short_circuit_operator.py took 0.062 seconds
[2022-10-16 07:07:19,739] {processor.py:163} INFO - Started process (PID=3220) to work on /home/airflow/.local/lib/python3.7/site-packages/airflow/example_dags/example_short_circuit_operator.py
[2022-10-16 07:07:19,740] {processor.py:642} INFO - Processing file /home/airflow/.local/lib/python3.7/site-packages/airflow/example_dags/example_short_circuit_operator.py for tasks to queue
[2022-10-16 07:07:19,740] {logging_mixin.py:109} INFO - [2022-10-16 07:07:19,740] {dagbag.py:500} INFO - Filling up the DagBag from /home/airflow/.local/lib/python3.7/site-packages/airflow/example_dags/example_short_circuit_operator.py
[2022-10-16 07:07:19,764] {processor.py:654} INFO - DAG(s) dict_keys(['example_short_circuit_operator']) retrieved from /home/airflow/.local/lib/python3.7/site-packages/airflow/example_dags/example_short_circuit_operator.py
[2022-10-16 07:07:19,771] {logging_mixin.py:109} INFO - [2022-10-16 07:07:19,771] {dag.py:2398} INFO - Sync 1 DAGs
[2022-10-16 07:07:19,782] {logging_mixin.py:109} INFO - [2022-10-16 07:07:19,782] {dag.py:2937} INFO - Setting next_dagrun for example_short_circuit_operator to 2022-10-15T07:07:19.782501+00:00
[2022-10-16 07:07:19,791] {processor.py:171} INFO - Processing /home/airflow/.local/lib/python3.7/site-packages/airflow/example_dags/example_short_circuit_operator.py took 0.054 seconds
[2022-10-16 07:07:50,969] {processor.py:163} INFO - Started process (PID=3291) to work on /home/airflow/.local/lib/python3.7/site-packages/airflow/example_dags/example_short_circuit_operator.py
[2022-10-16 07:07:50,969] {processor.py:642} INFO - Processing file /home/airflow/.local/lib/python3.7/site-packages/airflow/example_dags/example_short_circuit_operator.py for tasks to queue
[2022-10-16 07:07:50,970] {logging_mixin.py:109} INFO - [2022-10-16 07:07:50,970] {dagbag.py:500} INFO - Filling up the DagBag from /home/airflow/.local/lib/python3.7/site-packages/airflow/example_dags/example_short_circuit_operator.py
[2022-10-16 07:07:50,995] {processor.py:654} INFO - DAG(s) dict_keys(['example_short_circuit_operator']) retrieved from /home/airflow/.local/lib/python3.7/site-packages/airflow/example_dags/example_short_circuit_operator.py
[2022-10-16 07:07:51,004] {logging_mixin.py:109} INFO - [2022-10-16 07:07:51,003] {dag.py:2398} INFO - Sync 1 DAGs
[2022-10-16 07:07:51,016] {logging_mixin.py:109} INFO - [2022-10-16 07:07:51,016] {dag.py:2937} INFO - Setting next_dagrun for example_short_circuit_operator to 2022-10-15T07:07:51.015944+00:00
[2022-10-16 07:07:51,026] {processor.py:171} INFO - Processing /home/airflow/.local/lib/python3.7/site-packages/airflow/example_dags/example_short_circuit_operator.py took 0.060 seconds
[2022-10-16 07:08:22,218] {processor.py:163} INFO - Started process (PID=3355) to work on /home/airflow/.local/lib/python3.7/site-packages/airflow/example_dags/example_short_circuit_operator.py
[2022-10-16 07:08:22,219] {processor.py:642} INFO - Processing file /home/airflow/.local/lib/python3.7/site-packages/airflow/example_dags/example_short_circuit_operator.py for tasks to queue
[2022-10-16 07:08:22,219] {logging_mixin.py:109} INFO - [2022-10-16 07:08:22,219] {dagbag.py:500} INFO - Filling up the DagBag from /home/airflow/.local/lib/python3.7/site-packages/airflow/example_dags/example_short_circuit_operator.py
[2022-10-16 07:08:22,241] {processor.py:654} INFO - DAG(s) dict_keys(['example_short_circuit_operator']) retrieved from /home/airflow/.local/lib/python3.7/site-packages/airflow/example_dags/example_short_circuit_operator.py
[2022-10-16 07:08:22,249] {logging_mixin.py:109} INFO - [2022-10-16 07:08:22,249] {dag.py:2398} INFO - Sync 1 DAGs
[2022-10-16 07:08:22,260] {logging_mixin.py:109} INFO - [2022-10-16 07:08:22,260] {dag.py:2937} INFO - Setting next_dagrun for example_short_circuit_operator to 2022-10-15T07:08:22.260614+00:00
[2022-10-16 07:08:22,269] {processor.py:171} INFO - Processing /home/airflow/.local/lib/python3.7/site-packages/airflow/example_dags/example_short_circuit_operator.py took 0.053 seconds
[2022-10-16 07:08:53,450] {processor.py:163} INFO - Started process (PID=3428) to work on /home/airflow/.local/lib/python3.7/site-packages/airflow/example_dags/example_short_circuit_operator.py
[2022-10-16 07:08:53,451] {processor.py:642} INFO - Processing file /home/airflow/.local/lib/python3.7/site-packages/airflow/example_dags/example_short_circuit_operator.py for tasks to queue
[2022-10-16 07:08:53,451] {logging_mixin.py:109} INFO - [2022-10-16 07:08:53,451] {dagbag.py:500} INFO - Filling up the DagBag from /home/airflow/.local/lib/python3.7/site-packages/airflow/example_dags/example_short_circuit_operator.py
[2022-10-16 07:08:53,473] {processor.py:654} INFO - DAG(s) dict_keys(['example_short_circuit_operator']) retrieved from /home/airflow/.local/lib/python3.7/site-packages/airflow/example_dags/example_short_circuit_operator.py
[2022-10-16 07:08:53,480] {logging_mixin.py:109} INFO - [2022-10-16 07:08:53,480] {dag.py:2398} INFO - Sync 1 DAGs
[2022-10-16 07:08:53,491] {logging_mixin.py:109} INFO - [2022-10-16 07:08:53,491] {dag.py:2937} INFO - Setting next_dagrun for example_short_circuit_operator to 2022-10-15T07:08:53.491123+00:00
[2022-10-16 07:08:53,504] {processor.py:171} INFO - Processing /home/airflow/.local/lib/python3.7/site-packages/airflow/example_dags/example_short_circuit_operator.py took 0.056 seconds
[2022-10-16 07:09:24,492] {processor.py:163} INFO - Started process (PID=3491) to work on /home/airflow/.local/lib/python3.7/site-packages/airflow/example_dags/example_short_circuit_operator.py
[2022-10-16 07:09:24,493] {processor.py:642} INFO - Processing file /home/airflow/.local/lib/python3.7/site-packages/airflow/example_dags/example_short_circuit_operator.py for tasks to queue
[2022-10-16 07:09:24,494] {logging_mixin.py:109} INFO - [2022-10-16 07:09:24,494] {dagbag.py:500} INFO - Filling up the DagBag from /home/airflow/.local/lib/python3.7/site-packages/airflow/example_dags/example_short_circuit_operator.py
[2022-10-16 07:09:24,515] {processor.py:654} INFO - DAG(s) dict_keys(['example_short_circuit_operator']) retrieved from /home/airflow/.local/lib/python3.7/site-packages/airflow/example_dags/example_short_circuit_operator.py
[2022-10-16 07:09:24,523] {logging_mixin.py:109} INFO - [2022-10-16 07:09:24,523] {dag.py:2398} INFO - Sync 1 DAGs
[2022-10-16 07:09:24,538] {logging_mixin.py:109} INFO - [2022-10-16 07:09:24,538] {dag.py:2937} INFO - Setting next_dagrun for example_short_circuit_operator to 2022-10-15T07:09:24.537736+00:00
[2022-10-16 07:09:24,547] {processor.py:171} INFO - Processing /home/airflow/.local/lib/python3.7/site-packages/airflow/example_dags/example_short_circuit_operator.py took 0.056 seconds
[2022-10-16 07:09:55,387] {processor.py:163} INFO - Started process (PID=3564) to work on /home/airflow/.local/lib/python3.7/site-packages/airflow/example_dags/example_short_circuit_operator.py
[2022-10-16 07:09:55,388] {processor.py:642} INFO - Processing file /home/airflow/.local/lib/python3.7/site-packages/airflow/example_dags/example_short_circuit_operator.py for tasks to queue
[2022-10-16 07:09:55,388] {logging_mixin.py:109} INFO - [2022-10-16 07:09:55,388] {dagbag.py:500} INFO - Filling up the DagBag from /home/airflow/.local/lib/python3.7/site-packages/airflow/example_dags/example_short_circuit_operator.py
[2022-10-16 07:09:55,411] {processor.py:654} INFO - DAG(s) dict_keys(['example_short_circuit_operator']) retrieved from /home/airflow/.local/lib/python3.7/site-packages/airflow/example_dags/example_short_circuit_operator.py
[2022-10-16 07:09:55,421] {logging_mixin.py:109} INFO - [2022-10-16 07:09:55,421] {dag.py:2398} INFO - Sync 1 DAGs
[2022-10-16 07:09:55,432] {logging_mixin.py:109} INFO - [2022-10-16 07:09:55,432] {dag.py:2937} INFO - Setting next_dagrun for example_short_circuit_operator to 2022-10-15T07:09:55.432294+00:00
[2022-10-16 07:09:55,448] {processor.py:171} INFO - Processing /home/airflow/.local/lib/python3.7/site-packages/airflow/example_dags/example_short_circuit_operator.py took 0.063 seconds
[2022-10-16 07:10:26,648] {processor.py:163} INFO - Started process (PID=3627) to work on /home/airflow/.local/lib/python3.7/site-packages/airflow/example_dags/example_short_circuit_operator.py
[2022-10-16 07:10:26,649] {processor.py:642} INFO - Processing file /home/airflow/.local/lib/python3.7/site-packages/airflow/example_dags/example_short_circuit_operator.py for tasks to queue
[2022-10-16 07:10:26,649] {logging_mixin.py:109} INFO - [2022-10-16 07:10:26,649] {dagbag.py:500} INFO - Filling up the DagBag from /home/airflow/.local/lib/python3.7/site-packages/airflow/example_dags/example_short_circuit_operator.py
[2022-10-16 07:10:26,673] {processor.py:654} INFO - DAG(s) dict_keys(['example_short_circuit_operator']) retrieved from /home/airflow/.local/lib/python3.7/site-packages/airflow/example_dags/example_short_circuit_operator.py
[2022-10-16 07:10:26,681] {logging_mixin.py:109} INFO - [2022-10-16 07:10:26,681] {dag.py:2398} INFO - Sync 1 DAGs
[2022-10-16 07:10:26,694] {logging_mixin.py:109} INFO - [2022-10-16 07:10:26,694] {dag.py:2937} INFO - Setting next_dagrun for example_short_circuit_operator to 2022-10-15T07:10:26.694015+00:00
[2022-10-16 07:10:26,708] {processor.py:171} INFO - Processing /home/airflow/.local/lib/python3.7/site-packages/airflow/example_dags/example_short_circuit_operator.py took 0.062 seconds
[2022-10-16 07:10:56,918] {processor.py:163} INFO - Started process (PID=3701) to work on /home/airflow/.local/lib/python3.7/site-packages/airflow/example_dags/example_short_circuit_operator.py
[2022-10-16 07:10:56,919] {processor.py:642} INFO - Processing file /home/airflow/.local/lib/python3.7/site-packages/airflow/example_dags/example_short_circuit_operator.py for tasks to queue
[2022-10-16 07:10:56,919] {logging_mixin.py:109} INFO - [2022-10-16 07:10:56,919] {dagbag.py:500} INFO - Filling up the DagBag from /home/airflow/.local/lib/python3.7/site-packages/airflow/example_dags/example_short_circuit_operator.py
[2022-10-16 07:10:56,941] {processor.py:654} INFO - DAG(s) dict_keys(['example_short_circuit_operator']) retrieved from /home/airflow/.local/lib/python3.7/site-packages/airflow/example_dags/example_short_circuit_operator.py
[2022-10-16 07:10:56,947] {logging_mixin.py:109} INFO - [2022-10-16 07:10:56,947] {dag.py:2398} INFO - Sync 1 DAGs
[2022-10-16 07:10:56,959] {logging_mixin.py:109} INFO - [2022-10-16 07:10:56,959] {dag.py:2937} INFO - Setting next_dagrun for example_short_circuit_operator to 2022-10-15T07:10:56.959035+00:00
[2022-10-16 07:10:56,974] {processor.py:171} INFO - Processing /home/airflow/.local/lib/python3.7/site-packages/airflow/example_dags/example_short_circuit_operator.py took 0.058 seconds
[2022-10-16 07:11:26,989] {processor.py:163} INFO - Started process (PID=3759) to work on /home/airflow/.local/lib/python3.7/site-packages/airflow/example_dags/example_short_circuit_operator.py
[2022-10-16 07:11:26,989] {processor.py:642} INFO - Processing file /home/airflow/.local/lib/python3.7/site-packages/airflow/example_dags/example_short_circuit_operator.py for tasks to queue
[2022-10-16 07:11:26,990] {logging_mixin.py:109} INFO - [2022-10-16 07:11:26,990] {dagbag.py:500} INFO - Filling up the DagBag from /home/airflow/.local/lib/python3.7/site-packages/airflow/example_dags/example_short_circuit_operator.py
[2022-10-16 07:11:27,010] {processor.py:654} INFO - DAG(s) dict_keys(['example_short_circuit_operator']) retrieved from /home/airflow/.local/lib/python3.7/site-packages/airflow/example_dags/example_short_circuit_operator.py
[2022-10-16 07:11:27,017] {logging_mixin.py:109} INFO - [2022-10-16 07:11:27,017] {dag.py:2398} INFO - Sync 1 DAGs
[2022-10-16 07:11:27,029] {logging_mixin.py:109} INFO - [2022-10-16 07:11:27,029] {dag.py:2937} INFO - Setting next_dagrun for example_short_circuit_operator to 2022-10-15T07:11:27.029314+00:00
[2022-10-16 07:11:27,042] {processor.py:171} INFO - Processing /home/airflow/.local/lib/python3.7/site-packages/airflow/example_dags/example_short_circuit_operator.py took 0.055 seconds
[2022-10-16 07:11:58,054] {processor.py:163} INFO - Started process (PID=3831) to work on /home/airflow/.local/lib/python3.7/site-packages/airflow/example_dags/example_short_circuit_operator.py
[2022-10-16 07:11:58,055] {processor.py:642} INFO - Processing file /home/airflow/.local/lib/python3.7/site-packages/airflow/example_dags/example_short_circuit_operator.py for tasks to queue
[2022-10-16 07:11:58,056] {logging_mixin.py:109} INFO - [2022-10-16 07:11:58,056] {dagbag.py:500} INFO - Filling up the DagBag from /home/airflow/.local/lib/python3.7/site-packages/airflow/example_dags/example_short_circuit_operator.py
[2022-10-16 07:11:58,078] {processor.py:654} INFO - DAG(s) dict_keys(['example_short_circuit_operator']) retrieved from /home/airflow/.local/lib/python3.7/site-packages/airflow/example_dags/example_short_circuit_operator.py
[2022-10-16 07:11:58,085] {logging_mixin.py:109} INFO - [2022-10-16 07:11:58,085] {dag.py:2398} INFO - Sync 1 DAGs
[2022-10-16 07:11:58,096] {logging_mixin.py:109} INFO - [2022-10-16 07:11:58,096] {dag.py:2937} INFO - Setting next_dagrun for example_short_circuit_operator to 2022-10-15T07:11:58.095942+00:00
[2022-10-16 07:11:58,109] {processor.py:171} INFO - Processing /home/airflow/.local/lib/python3.7/site-packages/airflow/example_dags/example_short_circuit_operator.py took 0.057 seconds
[2022-10-16 07:12:29,248] {processor.py:163} INFO - Started process (PID=3893) to work on /home/airflow/.local/lib/python3.7/site-packages/airflow/example_dags/example_short_circuit_operator.py
[2022-10-16 07:12:29,249] {processor.py:642} INFO - Processing file /home/airflow/.local/lib/python3.7/site-packages/airflow/example_dags/example_short_circuit_operator.py for tasks to queue
[2022-10-16 07:12:29,250] {logging_mixin.py:109} INFO - [2022-10-16 07:12:29,250] {dagbag.py:500} INFO - Filling up the DagBag from /home/airflow/.local/lib/python3.7/site-packages/airflow/example_dags/example_short_circuit_operator.py
[2022-10-16 07:12:29,271] {processor.py:654} INFO - DAG(s) dict_keys(['example_short_circuit_operator']) retrieved from /home/airflow/.local/lib/python3.7/site-packages/airflow/example_dags/example_short_circuit_operator.py
[2022-10-16 07:12:29,278] {logging_mixin.py:109} INFO - [2022-10-16 07:12:29,278] {dag.py:2398} INFO - Sync 1 DAGs
[2022-10-16 07:12:29,288] {logging_mixin.py:109} INFO - [2022-10-16 07:12:29,288] {dag.py:2937} INFO - Setting next_dagrun for example_short_circuit_operator to 2022-10-15T07:12:29.287860+00:00
[2022-10-16 07:12:29,295] {processor.py:171} INFO - Processing /home/airflow/.local/lib/python3.7/site-packages/airflow/example_dags/example_short_circuit_operator.py took 0.048 seconds
[2022-10-16 07:13:00,338] {processor.py:163} INFO - Started process (PID=3964) to work on /home/airflow/.local/lib/python3.7/site-packages/airflow/example_dags/example_short_circuit_operator.py
[2022-10-16 07:13:00,339] {processor.py:642} INFO - Processing file /home/airflow/.local/lib/python3.7/site-packages/airflow/example_dags/example_short_circuit_operator.py for tasks to queue
[2022-10-16 07:13:00,339] {logging_mixin.py:109} INFO - [2022-10-16 07:13:00,339] {dagbag.py:500} INFO - Filling up the DagBag from /home/airflow/.local/lib/python3.7/site-packages/airflow/example_dags/example_short_circuit_operator.py
[2022-10-16 07:13:00,362] {processor.py:654} INFO - DAG(s) dict_keys(['example_short_circuit_operator']) retrieved from /home/airflow/.local/lib/python3.7/site-packages/airflow/example_dags/example_short_circuit_operator.py
[2022-10-16 07:13:00,370] {logging_mixin.py:109} INFO - [2022-10-16 07:13:00,369] {dag.py:2398} INFO - Sync 1 DAGs
[2022-10-16 07:13:00,381] {logging_mixin.py:109} INFO - [2022-10-16 07:13:00,381] {dag.py:2937} INFO - Setting next_dagrun for example_short_circuit_operator to 2022-10-15T07:13:00.381058+00:00
[2022-10-16 07:13:00,388] {processor.py:171} INFO - Processing /home/airflow/.local/lib/python3.7/site-packages/airflow/example_dags/example_short_circuit_operator.py took 0.052 seconds
[2022-10-16 07:13:31,596] {processor.py:163} INFO - Started process (PID=4027) to work on /home/airflow/.local/lib/python3.7/site-packages/airflow/example_dags/example_short_circuit_operator.py
[2022-10-16 07:13:31,597] {processor.py:642} INFO - Processing file /home/airflow/.local/lib/python3.7/site-packages/airflow/example_dags/example_short_circuit_operator.py for tasks to queue
[2022-10-16 07:13:31,597] {logging_mixin.py:109} INFO - [2022-10-16 07:13:31,597] {dagbag.py:500} INFO - Filling up the DagBag from /home/airflow/.local/lib/python3.7/site-packages/airflow/example_dags/example_short_circuit_operator.py
[2022-10-16 07:13:31,620] {processor.py:654} INFO - DAG(s) dict_keys(['example_short_circuit_operator']) retrieved from /home/airflow/.local/lib/python3.7/site-packages/airflow/example_dags/example_short_circuit_operator.py
[2022-10-16 07:13:31,627] {logging_mixin.py:109} INFO - [2022-10-16 07:13:31,626] {dag.py:2398} INFO - Sync 1 DAGs
[2022-10-16 07:13:31,636] {logging_mixin.py:109} INFO - [2022-10-16 07:13:31,636] {dag.py:2937} INFO - Setting next_dagrun for example_short_circuit_operator to 2022-10-15T07:13:31.636659+00:00
[2022-10-16 07:13:31,648] {processor.py:171} INFO - Processing /home/airflow/.local/lib/python3.7/site-packages/airflow/example_dags/example_short_circuit_operator.py took 0.054 seconds
[2022-10-16 07:14:02,116] {processor.py:163} INFO - Started process (PID=4099) to work on /home/airflow/.local/lib/python3.7/site-packages/airflow/example_dags/example_short_circuit_operator.py
[2022-10-16 07:14:02,117] {processor.py:642} INFO - Processing file /home/airflow/.local/lib/python3.7/site-packages/airflow/example_dags/example_short_circuit_operator.py for tasks to queue
[2022-10-16 07:14:02,117] {logging_mixin.py:109} INFO - [2022-10-16 07:14:02,117] {dagbag.py:500} INFO - Filling up the DagBag from /home/airflow/.local/lib/python3.7/site-packages/airflow/example_dags/example_short_circuit_operator.py
[2022-10-16 07:14:02,137] {processor.py:654} INFO - DAG(s) dict_keys(['example_short_circuit_operator']) retrieved from /home/airflow/.local/lib/python3.7/site-packages/airflow/example_dags/example_short_circuit_operator.py
[2022-10-16 07:14:02,144] {logging_mixin.py:109} INFO - [2022-10-16 07:14:02,143] {dag.py:2398} INFO - Sync 1 DAGs
[2022-10-16 07:14:02,154] {logging_mixin.py:109} INFO - [2022-10-16 07:14:02,154] {dag.py:2937} INFO - Setting next_dagrun for example_short_circuit_operator to 2022-10-15T07:14:02.153880+00:00
[2022-10-16 07:14:02,170] {processor.py:171} INFO - Processing /home/airflow/.local/lib/python3.7/site-packages/airflow/example_dags/example_short_circuit_operator.py took 0.056 seconds
[2022-10-16 07:14:33,225] {processor.py:163} INFO - Started process (PID=4163) to work on /home/airflow/.local/lib/python3.7/site-packages/airflow/example_dags/example_short_circuit_operator.py
[2022-10-16 07:14:33,228] {processor.py:642} INFO - Processing file /home/airflow/.local/lib/python3.7/site-packages/airflow/example_dags/example_short_circuit_operator.py for tasks to queue
[2022-10-16 07:14:33,228] {logging_mixin.py:109} INFO - [2022-10-16 07:14:33,228] {dagbag.py:500} INFO - Filling up the DagBag from /home/airflow/.local/lib/python3.7/site-packages/airflow/example_dags/example_short_circuit_operator.py
[2022-10-16 07:14:33,261] {processor.py:654} INFO - DAG(s) dict_keys(['example_short_circuit_operator']) retrieved from /home/airflow/.local/lib/python3.7/site-packages/airflow/example_dags/example_short_circuit_operator.py
[2022-10-16 07:14:33,271] {logging_mixin.py:109} INFO - [2022-10-16 07:14:33,271] {dag.py:2398} INFO - Sync 1 DAGs
[2022-10-16 07:14:33,289] {logging_mixin.py:109} INFO - [2022-10-16 07:14:33,289] {dag.py:2937} INFO - Setting next_dagrun for example_short_circuit_operator to 2022-10-15T07:14:33.289471+00:00
[2022-10-16 07:14:33,307] {processor.py:171} INFO - Processing /home/airflow/.local/lib/python3.7/site-packages/airflow/example_dags/example_short_circuit_operator.py took 0.085 seconds
[2022-10-16 07:15:03,809] {processor.py:163} INFO - Started process (PID=4234) to work on /home/airflow/.local/lib/python3.7/site-packages/airflow/example_dags/example_short_circuit_operator.py
[2022-10-16 07:15:03,809] {processor.py:642} INFO - Processing file /home/airflow/.local/lib/python3.7/site-packages/airflow/example_dags/example_short_circuit_operator.py for tasks to queue
[2022-10-16 07:15:03,810] {logging_mixin.py:109} INFO - [2022-10-16 07:15:03,809] {dagbag.py:500} INFO - Filling up the DagBag from /home/airflow/.local/lib/python3.7/site-packages/airflow/example_dags/example_short_circuit_operator.py
[2022-10-16 07:15:03,832] {processor.py:654} INFO - DAG(s) dict_keys(['example_short_circuit_operator']) retrieved from /home/airflow/.local/lib/python3.7/site-packages/airflow/example_dags/example_short_circuit_operator.py
[2022-10-16 07:15:03,839] {logging_mixin.py:109} INFO - [2022-10-16 07:15:03,839] {dag.py:2398} INFO - Sync 1 DAGs
[2022-10-16 07:15:03,850] {logging_mixin.py:109} INFO - [2022-10-16 07:15:03,849] {dag.py:2937} INFO - Setting next_dagrun for example_short_circuit_operator to 2022-10-15T07:15:03.849649+00:00
[2022-10-16 07:15:03,870] {processor.py:171} INFO - Processing /home/airflow/.local/lib/python3.7/site-packages/airflow/example_dags/example_short_circuit_operator.py took 0.064 seconds
