[2022-10-16 06:43:22,894] {processor.py:163} INFO - Started process (PID=62) to work on /home/airflow/.local/lib/python3.7/site-packages/airflow/example_dags/example_kubernetes_executor.py
[2022-10-16 06:43:22,895] {processor.py:642} INFO - Processing file /home/airflow/.local/lib/python3.7/site-packages/airflow/example_dags/example_kubernetes_executor.py for tasks to queue
[2022-10-16 06:43:22,896] {logging_mixin.py:109} INFO - [2022-10-16 06:43:22,895] {dagbag.py:500} INFO - Filling up the DagBag from /home/airflow/.local/lib/python3.7/site-packages/airflow/example_dags/example_kubernetes_executor.py
[2022-10-16 06:43:22,925] {processor.py:654} INFO - DAG(s) dict_keys(['example_kubernetes_executor']) retrieved from /home/airflow/.local/lib/python3.7/site-packages/airflow/example_dags/example_kubernetes_executor.py
[2022-10-16 06:43:22,935] {logging_mixin.py:109} INFO - [2022-10-16 06:43:22,935] {dag.py:2398} INFO - Sync 1 DAGs
[2022-10-16 06:43:22,946] {logging_mixin.py:109} INFO - [2022-10-16 06:43:22,946] {dag.py:2937} INFO - Setting next_dagrun for example_kubernetes_executor to None
[2022-10-16 06:43:22,958] {processor.py:171} INFO - Processing /home/airflow/.local/lib/python3.7/site-packages/airflow/example_dags/example_kubernetes_executor.py took 0.065 seconds
[2022-10-16 06:43:53,729] {processor.py:163} INFO - Started process (PID=126) to work on /home/airflow/.local/lib/python3.7/site-packages/airflow/example_dags/example_kubernetes_executor.py
[2022-10-16 06:43:53,729] {processor.py:642} INFO - Processing file /home/airflow/.local/lib/python3.7/site-packages/airflow/example_dags/example_kubernetes_executor.py for tasks to queue
[2022-10-16 06:43:53,730] {logging_mixin.py:109} INFO - [2022-10-16 06:43:53,730] {dagbag.py:500} INFO - Filling up the DagBag from /home/airflow/.local/lib/python3.7/site-packages/airflow/example_dags/example_kubernetes_executor.py
[2022-10-16 06:43:53,754] {processor.py:654} INFO - DAG(s) dict_keys(['example_kubernetes_executor']) retrieved from /home/airflow/.local/lib/python3.7/site-packages/airflow/example_dags/example_kubernetes_executor.py
[2022-10-16 06:43:53,764] {logging_mixin.py:109} INFO - [2022-10-16 06:43:53,764] {dag.py:2398} INFO - Sync 1 DAGs
[2022-10-16 06:43:53,774] {logging_mixin.py:109} INFO - [2022-10-16 06:43:53,774] {dag.py:2937} INFO - Setting next_dagrun for example_kubernetes_executor to None
[2022-10-16 06:43:53,782] {processor.py:171} INFO - Processing /home/airflow/.local/lib/python3.7/site-packages/airflow/example_dags/example_kubernetes_executor.py took 0.055 seconds
[2022-10-16 06:44:24,543] {processor.py:163} INFO - Started process (PID=195) to work on /home/airflow/.local/lib/python3.7/site-packages/airflow/example_dags/example_kubernetes_executor.py
[2022-10-16 06:44:24,544] {processor.py:642} INFO - Processing file /home/airflow/.local/lib/python3.7/site-packages/airflow/example_dags/example_kubernetes_executor.py for tasks to queue
[2022-10-16 06:44:24,545] {logging_mixin.py:109} INFO - [2022-10-16 06:44:24,545] {dagbag.py:500} INFO - Filling up the DagBag from /home/airflow/.local/lib/python3.7/site-packages/airflow/example_dags/example_kubernetes_executor.py
[2022-10-16 06:44:24,570] {processor.py:654} INFO - DAG(s) dict_keys(['example_kubernetes_executor']) retrieved from /home/airflow/.local/lib/python3.7/site-packages/airflow/example_dags/example_kubernetes_executor.py
[2022-10-16 06:44:24,579] {logging_mixin.py:109} INFO - [2022-10-16 06:44:24,579] {dag.py:2398} INFO - Sync 1 DAGs
[2022-10-16 06:44:24,590] {logging_mixin.py:109} INFO - [2022-10-16 06:44:24,590] {dag.py:2937} INFO - Setting next_dagrun for example_kubernetes_executor to None
[2022-10-16 06:44:24,606] {processor.py:171} INFO - Processing /home/airflow/.local/lib/python3.7/site-packages/airflow/example_dags/example_kubernetes_executor.py took 0.066 seconds
[2022-10-16 06:44:54,637] {processor.py:163} INFO - Started process (PID=256) to work on /home/airflow/.local/lib/python3.7/site-packages/airflow/example_dags/example_kubernetes_executor.py
[2022-10-16 06:44:54,646] {processor.py:642} INFO - Processing file /home/airflow/.local/lib/python3.7/site-packages/airflow/example_dags/example_kubernetes_executor.py for tasks to queue
[2022-10-16 06:44:54,647] {logging_mixin.py:109} INFO - [2022-10-16 06:44:54,647] {dagbag.py:500} INFO - Filling up the DagBag from /home/airflow/.local/lib/python3.7/site-packages/airflow/example_dags/example_kubernetes_executor.py
[2022-10-16 06:44:54,675] {processor.py:654} INFO - DAG(s) dict_keys(['example_kubernetes_executor']) retrieved from /home/airflow/.local/lib/python3.7/site-packages/airflow/example_dags/example_kubernetes_executor.py
[2022-10-16 06:44:54,684] {logging_mixin.py:109} INFO - [2022-10-16 06:44:54,684] {dag.py:2398} INFO - Sync 1 DAGs
[2022-10-16 06:44:54,696] {logging_mixin.py:109} INFO - [2022-10-16 06:44:54,696] {dag.py:2937} INFO - Setting next_dagrun for example_kubernetes_executor to None
[2022-10-16 06:44:54,710] {processor.py:171} INFO - Processing /home/airflow/.local/lib/python3.7/site-packages/airflow/example_dags/example_kubernetes_executor.py took 0.075 seconds
[2022-10-16 06:45:25,660] {processor.py:163} INFO - Started process (PID=320) to work on /home/airflow/.local/lib/python3.7/site-packages/airflow/example_dags/example_kubernetes_executor.py
[2022-10-16 06:45:25,660] {processor.py:642} INFO - Processing file /home/airflow/.local/lib/python3.7/site-packages/airflow/example_dags/example_kubernetes_executor.py for tasks to queue
[2022-10-16 06:45:25,661] {logging_mixin.py:109} INFO - [2022-10-16 06:45:25,661] {dagbag.py:500} INFO - Filling up the DagBag from /home/airflow/.local/lib/python3.7/site-packages/airflow/example_dags/example_kubernetes_executor.py
[2022-10-16 06:45:25,687] {processor.py:654} INFO - DAG(s) dict_keys(['example_kubernetes_executor']) retrieved from /home/airflow/.local/lib/python3.7/site-packages/airflow/example_dags/example_kubernetes_executor.py
[2022-10-16 06:45:25,699] {logging_mixin.py:109} INFO - [2022-10-16 06:45:25,699] {dag.py:2398} INFO - Sync 1 DAGs
[2022-10-16 06:45:25,713] {logging_mixin.py:109} INFO - [2022-10-16 06:45:25,713] {dag.py:2937} INFO - Setting next_dagrun for example_kubernetes_executor to None
[2022-10-16 06:45:25,725] {processor.py:171} INFO - Processing /home/airflow/.local/lib/python3.7/site-packages/airflow/example_dags/example_kubernetes_executor.py took 0.068 seconds
[2022-10-16 06:45:55,766] {processor.py:163} INFO - Started process (PID=391) to work on /home/airflow/.local/lib/python3.7/site-packages/airflow/example_dags/example_kubernetes_executor.py
[2022-10-16 06:45:55,767] {processor.py:642} INFO - Processing file /home/airflow/.local/lib/python3.7/site-packages/airflow/example_dags/example_kubernetes_executor.py for tasks to queue
[2022-10-16 06:45:55,767] {logging_mixin.py:109} INFO - [2022-10-16 06:45:55,767] {dagbag.py:500} INFO - Filling up the DagBag from /home/airflow/.local/lib/python3.7/site-packages/airflow/example_dags/example_kubernetes_executor.py
[2022-10-16 06:45:55,793] {processor.py:654} INFO - DAG(s) dict_keys(['example_kubernetes_executor']) retrieved from /home/airflow/.local/lib/python3.7/site-packages/airflow/example_dags/example_kubernetes_executor.py
[2022-10-16 06:45:55,801] {logging_mixin.py:109} INFO - [2022-10-16 06:45:55,801] {dag.py:2398} INFO - Sync 1 DAGs
[2022-10-16 06:45:55,812] {logging_mixin.py:109} INFO - [2022-10-16 06:45:55,812] {dag.py:2937} INFO - Setting next_dagrun for example_kubernetes_executor to None
[2022-10-16 06:45:55,821] {processor.py:171} INFO - Processing /home/airflow/.local/lib/python3.7/site-packages/airflow/example_dags/example_kubernetes_executor.py took 0.057 seconds
[2022-10-16 06:46:26,945] {processor.py:163} INFO - Started process (PID=453) to work on /home/airflow/.local/lib/python3.7/site-packages/airflow/example_dags/example_kubernetes_executor.py
[2022-10-16 06:46:26,946] {processor.py:642} INFO - Processing file /home/airflow/.local/lib/python3.7/site-packages/airflow/example_dags/example_kubernetes_executor.py for tasks to queue
[2022-10-16 06:46:26,946] {logging_mixin.py:109} INFO - [2022-10-16 06:46:26,946] {dagbag.py:500} INFO - Filling up the DagBag from /home/airflow/.local/lib/python3.7/site-packages/airflow/example_dags/example_kubernetes_executor.py
[2022-10-16 06:46:26,972] {processor.py:654} INFO - DAG(s) dict_keys(['example_kubernetes_executor']) retrieved from /home/airflow/.local/lib/python3.7/site-packages/airflow/example_dags/example_kubernetes_executor.py
[2022-10-16 06:46:26,981] {logging_mixin.py:109} INFO - [2022-10-16 06:46:26,981] {dag.py:2398} INFO - Sync 1 DAGs
[2022-10-16 06:46:26,992] {logging_mixin.py:109} INFO - [2022-10-16 06:46:26,992] {dag.py:2937} INFO - Setting next_dagrun for example_kubernetes_executor to None
[2022-10-16 06:46:27,006] {processor.py:171} INFO - Processing /home/airflow/.local/lib/python3.7/site-packages/airflow/example_dags/example_kubernetes_executor.py took 0.063 seconds
[2022-10-16 06:46:58,063] {processor.py:163} INFO - Started process (PID=524) to work on /home/airflow/.local/lib/python3.7/site-packages/airflow/example_dags/example_kubernetes_executor.py
[2022-10-16 06:46:58,063] {processor.py:642} INFO - Processing file /home/airflow/.local/lib/python3.7/site-packages/airflow/example_dags/example_kubernetes_executor.py for tasks to queue
[2022-10-16 06:46:58,064] {logging_mixin.py:109} INFO - [2022-10-16 06:46:58,064] {dagbag.py:500} INFO - Filling up the DagBag from /home/airflow/.local/lib/python3.7/site-packages/airflow/example_dags/example_kubernetes_executor.py
[2022-10-16 06:46:58,088] {processor.py:654} INFO - DAG(s) dict_keys(['example_kubernetes_executor']) retrieved from /home/airflow/.local/lib/python3.7/site-packages/airflow/example_dags/example_kubernetes_executor.py
[2022-10-16 06:46:58,097] {logging_mixin.py:109} INFO - [2022-10-16 06:46:58,097] {dag.py:2398} INFO - Sync 1 DAGs
[2022-10-16 06:46:58,109] {logging_mixin.py:109} INFO - [2022-10-16 06:46:58,109] {dag.py:2937} INFO - Setting next_dagrun for example_kubernetes_executor to None
[2022-10-16 06:46:58,123] {processor.py:171} INFO - Processing /home/airflow/.local/lib/python3.7/site-packages/airflow/example_dags/example_kubernetes_executor.py took 0.062 seconds
[2022-10-16 06:47:28,935] {processor.py:163} INFO - Started process (PID=587) to work on /home/airflow/.local/lib/python3.7/site-packages/airflow/example_dags/example_kubernetes_executor.py
[2022-10-16 06:47:28,936] {processor.py:642} INFO - Processing file /home/airflow/.local/lib/python3.7/site-packages/airflow/example_dags/example_kubernetes_executor.py for tasks to queue
[2022-10-16 06:47:28,937] {logging_mixin.py:109} INFO - [2022-10-16 06:47:28,937] {dagbag.py:500} INFO - Filling up the DagBag from /home/airflow/.local/lib/python3.7/site-packages/airflow/example_dags/example_kubernetes_executor.py
[2022-10-16 06:47:28,962] {processor.py:654} INFO - DAG(s) dict_keys(['example_kubernetes_executor']) retrieved from /home/airflow/.local/lib/python3.7/site-packages/airflow/example_dags/example_kubernetes_executor.py
[2022-10-16 06:47:28,972] {logging_mixin.py:109} INFO - [2022-10-16 06:47:28,971] {dag.py:2398} INFO - Sync 1 DAGs
[2022-10-16 06:47:28,984] {logging_mixin.py:109} INFO - [2022-10-16 06:47:28,984] {dag.py:2937} INFO - Setting next_dagrun for example_kubernetes_executor to None
[2022-10-16 06:47:28,997] {processor.py:171} INFO - Processing /home/airflow/.local/lib/python3.7/site-packages/airflow/example_dags/example_kubernetes_executor.py took 0.064 seconds
[2022-10-16 06:47:59,196] {processor.py:163} INFO - Started process (PID=658) to work on /home/airflow/.local/lib/python3.7/site-packages/airflow/example_dags/example_kubernetes_executor.py
[2022-10-16 06:47:59,196] {processor.py:642} INFO - Processing file /home/airflow/.local/lib/python3.7/site-packages/airflow/example_dags/example_kubernetes_executor.py for tasks to queue
[2022-10-16 06:47:59,197] {logging_mixin.py:109} INFO - [2022-10-16 06:47:59,197] {dagbag.py:500} INFO - Filling up the DagBag from /home/airflow/.local/lib/python3.7/site-packages/airflow/example_dags/example_kubernetes_executor.py
[2022-10-16 06:47:59,222] {processor.py:654} INFO - DAG(s) dict_keys(['example_kubernetes_executor']) retrieved from /home/airflow/.local/lib/python3.7/site-packages/airflow/example_dags/example_kubernetes_executor.py
[2022-10-16 06:47:59,231] {logging_mixin.py:109} INFO - [2022-10-16 06:47:59,231] {dag.py:2398} INFO - Sync 1 DAGs
[2022-10-16 06:47:59,242] {logging_mixin.py:109} INFO - [2022-10-16 06:47:59,242] {dag.py:2937} INFO - Setting next_dagrun for example_kubernetes_executor to None
[2022-10-16 06:47:59,251] {processor.py:171} INFO - Processing /home/airflow/.local/lib/python3.7/site-packages/airflow/example_dags/example_kubernetes_executor.py took 0.058 seconds
[2022-10-16 06:48:30,324] {processor.py:163} INFO - Started process (PID=720) to work on /home/airflow/.local/lib/python3.7/site-packages/airflow/example_dags/example_kubernetes_executor.py
[2022-10-16 06:48:30,325] {processor.py:642} INFO - Processing file /home/airflow/.local/lib/python3.7/site-packages/airflow/example_dags/example_kubernetes_executor.py for tasks to queue
[2022-10-16 06:48:30,325] {logging_mixin.py:109} INFO - [2022-10-16 06:48:30,325] {dagbag.py:500} INFO - Filling up the DagBag from /home/airflow/.local/lib/python3.7/site-packages/airflow/example_dags/example_kubernetes_executor.py
[2022-10-16 06:48:30,354] {processor.py:654} INFO - DAG(s) dict_keys(['example_kubernetes_executor']) retrieved from /home/airflow/.local/lib/python3.7/site-packages/airflow/example_dags/example_kubernetes_executor.py
[2022-10-16 06:48:30,365] {logging_mixin.py:109} INFO - [2022-10-16 06:48:30,365] {dag.py:2398} INFO - Sync 1 DAGs
[2022-10-16 06:48:30,376] {logging_mixin.py:109} INFO - [2022-10-16 06:48:30,376] {dag.py:2937} INFO - Setting next_dagrun for example_kubernetes_executor to None
[2022-10-16 06:48:30,385] {processor.py:171} INFO - Processing /home/airflow/.local/lib/python3.7/site-packages/airflow/example_dags/example_kubernetes_executor.py took 0.063 seconds
[2022-10-16 06:49:00,678] {processor.py:163} INFO - Started process (PID=791) to work on /home/airflow/.local/lib/python3.7/site-packages/airflow/example_dags/example_kubernetes_executor.py
[2022-10-16 06:49:00,678] {processor.py:642} INFO - Processing file /home/airflow/.local/lib/python3.7/site-packages/airflow/example_dags/example_kubernetes_executor.py for tasks to queue
[2022-10-16 06:49:00,679] {logging_mixin.py:109} INFO - [2022-10-16 06:49:00,679] {dagbag.py:500} INFO - Filling up the DagBag from /home/airflow/.local/lib/python3.7/site-packages/airflow/example_dags/example_kubernetes_executor.py
[2022-10-16 06:49:00,704] {processor.py:654} INFO - DAG(s) dict_keys(['example_kubernetes_executor']) retrieved from /home/airflow/.local/lib/python3.7/site-packages/airflow/example_dags/example_kubernetes_executor.py
[2022-10-16 06:49:00,713] {logging_mixin.py:109} INFO - [2022-10-16 06:49:00,713] {dag.py:2398} INFO - Sync 1 DAGs
[2022-10-16 06:49:00,723] {logging_mixin.py:109} INFO - [2022-10-16 06:49:00,723] {dag.py:2937} INFO - Setting next_dagrun for example_kubernetes_executor to None
[2022-10-16 06:49:00,736] {processor.py:171} INFO - Processing /home/airflow/.local/lib/python3.7/site-packages/airflow/example_dags/example_kubernetes_executor.py took 0.061 seconds
[2022-10-16 06:49:31,595] {processor.py:163} INFO - Started process (PID=853) to work on /home/airflow/.local/lib/python3.7/site-packages/airflow/example_dags/example_kubernetes_executor.py
[2022-10-16 06:49:31,596] {processor.py:642} INFO - Processing file /home/airflow/.local/lib/python3.7/site-packages/airflow/example_dags/example_kubernetes_executor.py for tasks to queue
[2022-10-16 06:49:31,596] {logging_mixin.py:109} INFO - [2022-10-16 06:49:31,596] {dagbag.py:500} INFO - Filling up the DagBag from /home/airflow/.local/lib/python3.7/site-packages/airflow/example_dags/example_kubernetes_executor.py
[2022-10-16 06:49:31,622] {processor.py:654} INFO - DAG(s) dict_keys(['example_kubernetes_executor']) retrieved from /home/airflow/.local/lib/python3.7/site-packages/airflow/example_dags/example_kubernetes_executor.py
[2022-10-16 06:49:31,635] {logging_mixin.py:109} INFO - [2022-10-16 06:49:31,634] {dag.py:2398} INFO - Sync 1 DAGs
[2022-10-16 06:49:31,650] {logging_mixin.py:109} INFO - [2022-10-16 06:49:31,650] {dag.py:2937} INFO - Setting next_dagrun for example_kubernetes_executor to None
[2022-10-16 06:49:31,665] {processor.py:171} INFO - Processing /home/airflow/.local/lib/python3.7/site-packages/airflow/example_dags/example_kubernetes_executor.py took 0.072 seconds
[2022-10-16 06:50:02,704] {processor.py:163} INFO - Started process (PID=926) to work on /home/airflow/.local/lib/python3.7/site-packages/airflow/example_dags/example_kubernetes_executor.py
[2022-10-16 06:50:02,705] {processor.py:642} INFO - Processing file /home/airflow/.local/lib/python3.7/site-packages/airflow/example_dags/example_kubernetes_executor.py for tasks to queue
[2022-10-16 06:50:02,705] {logging_mixin.py:109} INFO - [2022-10-16 06:50:02,705] {dagbag.py:500} INFO - Filling up the DagBag from /home/airflow/.local/lib/python3.7/site-packages/airflow/example_dags/example_kubernetes_executor.py
[2022-10-16 06:50:02,730] {processor.py:654} INFO - DAG(s) dict_keys(['example_kubernetes_executor']) retrieved from /home/airflow/.local/lib/python3.7/site-packages/airflow/example_dags/example_kubernetes_executor.py
[2022-10-16 06:50:02,738] {logging_mixin.py:109} INFO - [2022-10-16 06:50:02,738] {dag.py:2398} INFO - Sync 1 DAGs
[2022-10-16 06:50:02,748] {logging_mixin.py:109} INFO - [2022-10-16 06:50:02,748] {dag.py:2937} INFO - Setting next_dagrun for example_kubernetes_executor to None
[2022-10-16 06:50:02,756] {processor.py:171} INFO - Processing /home/airflow/.local/lib/python3.7/site-packages/airflow/example_dags/example_kubernetes_executor.py took 0.054 seconds
[2022-10-16 06:50:32,918] {processor.py:163} INFO - Started process (PID=988) to work on /home/airflow/.local/lib/python3.7/site-packages/airflow/example_dags/example_kubernetes_executor.py
[2022-10-16 06:50:32,919] {processor.py:642} INFO - Processing file /home/airflow/.local/lib/python3.7/site-packages/airflow/example_dags/example_kubernetes_executor.py for tasks to queue
[2022-10-16 06:50:32,919] {logging_mixin.py:109} INFO - [2022-10-16 06:50:32,919] {dagbag.py:500} INFO - Filling up the DagBag from /home/airflow/.local/lib/python3.7/site-packages/airflow/example_dags/example_kubernetes_executor.py
[2022-10-16 06:50:32,944] {processor.py:654} INFO - DAG(s) dict_keys(['example_kubernetes_executor']) retrieved from /home/airflow/.local/lib/python3.7/site-packages/airflow/example_dags/example_kubernetes_executor.py
[2022-10-16 06:50:32,953] {logging_mixin.py:109} INFO - [2022-10-16 06:50:32,953] {dag.py:2398} INFO - Sync 1 DAGs
[2022-10-16 06:50:32,963] {logging_mixin.py:109} INFO - [2022-10-16 06:50:32,963] {dag.py:2937} INFO - Setting next_dagrun for example_kubernetes_executor to None
[2022-10-16 06:50:32,970] {processor.py:171} INFO - Processing /home/airflow/.local/lib/python3.7/site-packages/airflow/example_dags/example_kubernetes_executor.py took 0.054 seconds
[2022-10-16 06:51:03,294] {processor.py:163} INFO - Started process (PID=1061) to work on /home/airflow/.local/lib/python3.7/site-packages/airflow/example_dags/example_kubernetes_executor.py
[2022-10-16 06:51:03,295] {processor.py:642} INFO - Processing file /home/airflow/.local/lib/python3.7/site-packages/airflow/example_dags/example_kubernetes_executor.py for tasks to queue
[2022-10-16 06:51:03,295] {logging_mixin.py:109} INFO - [2022-10-16 06:51:03,295] {dagbag.py:500} INFO - Filling up the DagBag from /home/airflow/.local/lib/python3.7/site-packages/airflow/example_dags/example_kubernetes_executor.py
[2022-10-16 06:51:03,323] {processor.py:654} INFO - DAG(s) dict_keys(['example_kubernetes_executor']) retrieved from /home/airflow/.local/lib/python3.7/site-packages/airflow/example_dags/example_kubernetes_executor.py
[2022-10-16 06:51:03,336] {logging_mixin.py:109} INFO - [2022-10-16 06:51:03,336] {dag.py:2398} INFO - Sync 1 DAGs
[2022-10-16 06:51:03,351] {logging_mixin.py:109} INFO - [2022-10-16 06:51:03,351] {dag.py:2937} INFO - Setting next_dagrun for example_kubernetes_executor to None
[2022-10-16 06:51:03,366] {processor.py:171} INFO - Processing /home/airflow/.local/lib/python3.7/site-packages/airflow/example_dags/example_kubernetes_executor.py took 0.074 seconds
[2022-10-16 06:51:33,482] {processor.py:163} INFO - Started process (PID=1124) to work on /home/airflow/.local/lib/python3.7/site-packages/airflow/example_dags/example_kubernetes_executor.py
[2022-10-16 06:51:33,483] {processor.py:642} INFO - Processing file /home/airflow/.local/lib/python3.7/site-packages/airflow/example_dags/example_kubernetes_executor.py for tasks to queue
[2022-10-16 06:51:33,483] {logging_mixin.py:109} INFO - [2022-10-16 06:51:33,483] {dagbag.py:500} INFO - Filling up the DagBag from /home/airflow/.local/lib/python3.7/site-packages/airflow/example_dags/example_kubernetes_executor.py
[2022-10-16 06:51:33,511] {processor.py:654} INFO - DAG(s) dict_keys(['example_kubernetes_executor']) retrieved from /home/airflow/.local/lib/python3.7/site-packages/airflow/example_dags/example_kubernetes_executor.py
[2022-10-16 06:51:33,520] {logging_mixin.py:109} INFO - [2022-10-16 06:51:33,520] {dag.py:2398} INFO - Sync 1 DAGs
[2022-10-16 06:51:33,531] {logging_mixin.py:109} INFO - [2022-10-16 06:51:33,531] {dag.py:2937} INFO - Setting next_dagrun for example_kubernetes_executor to None
[2022-10-16 06:51:33,539] {processor.py:171} INFO - Processing /home/airflow/.local/lib/python3.7/site-packages/airflow/example_dags/example_kubernetes_executor.py took 0.059 seconds
[2022-10-16 06:52:03,956] {processor.py:163} INFO - Started process (PID=1195) to work on /home/airflow/.local/lib/python3.7/site-packages/airflow/example_dags/example_kubernetes_executor.py
[2022-10-16 06:52:03,957] {processor.py:642} INFO - Processing file /home/airflow/.local/lib/python3.7/site-packages/airflow/example_dags/example_kubernetes_executor.py for tasks to queue
[2022-10-16 06:52:03,957] {logging_mixin.py:109} INFO - [2022-10-16 06:52:03,957] {dagbag.py:500} INFO - Filling up the DagBag from /home/airflow/.local/lib/python3.7/site-packages/airflow/example_dags/example_kubernetes_executor.py
[2022-10-16 06:52:03,987] {processor.py:654} INFO - DAG(s) dict_keys(['example_kubernetes_executor']) retrieved from /home/airflow/.local/lib/python3.7/site-packages/airflow/example_dags/example_kubernetes_executor.py
[2022-10-16 06:52:03,995] {logging_mixin.py:109} INFO - [2022-10-16 06:52:03,995] {dag.py:2398} INFO - Sync 1 DAGs
[2022-10-16 06:52:04,005] {logging_mixin.py:109} INFO - [2022-10-16 06:52:04,005] {dag.py:2937} INFO - Setting next_dagrun for example_kubernetes_executor to None
[2022-10-16 06:52:04,025] {processor.py:171} INFO - Processing /home/airflow/.local/lib/python3.7/site-packages/airflow/example_dags/example_kubernetes_executor.py took 0.071 seconds
[2022-10-16 06:52:34,392] {processor.py:163} INFO - Started process (PID=1257) to work on /home/airflow/.local/lib/python3.7/site-packages/airflow/example_dags/example_kubernetes_executor.py
[2022-10-16 06:52:34,393] {processor.py:642} INFO - Processing file /home/airflow/.local/lib/python3.7/site-packages/airflow/example_dags/example_kubernetes_executor.py for tasks to queue
[2022-10-16 06:52:34,393] {logging_mixin.py:109} INFO - [2022-10-16 06:52:34,393] {dagbag.py:500} INFO - Filling up the DagBag from /home/airflow/.local/lib/python3.7/site-packages/airflow/example_dags/example_kubernetes_executor.py
[2022-10-16 06:52:34,418] {processor.py:654} INFO - DAG(s) dict_keys(['example_kubernetes_executor']) retrieved from /home/airflow/.local/lib/python3.7/site-packages/airflow/example_dags/example_kubernetes_executor.py
[2022-10-16 06:52:34,427] {logging_mixin.py:109} INFO - [2022-10-16 06:52:34,427] {dag.py:2398} INFO - Sync 1 DAGs
[2022-10-16 06:52:34,438] {logging_mixin.py:109} INFO - [2022-10-16 06:52:34,438] {dag.py:2937} INFO - Setting next_dagrun for example_kubernetes_executor to None
[2022-10-16 06:52:34,451] {processor.py:171} INFO - Processing /home/airflow/.local/lib/python3.7/site-packages/airflow/example_dags/example_kubernetes_executor.py took 0.061 seconds
[2022-10-16 06:53:05,613] {processor.py:163} INFO - Started process (PID=1328) to work on /home/airflow/.local/lib/python3.7/site-packages/airflow/example_dags/example_kubernetes_executor.py
[2022-10-16 06:53:05,613] {processor.py:642} INFO - Processing file /home/airflow/.local/lib/python3.7/site-packages/airflow/example_dags/example_kubernetes_executor.py for tasks to queue
[2022-10-16 06:53:05,614] {logging_mixin.py:109} INFO - [2022-10-16 06:53:05,614] {dagbag.py:500} INFO - Filling up the DagBag from /home/airflow/.local/lib/python3.7/site-packages/airflow/example_dags/example_kubernetes_executor.py
[2022-10-16 06:53:05,640] {processor.py:654} INFO - DAG(s) dict_keys(['example_kubernetes_executor']) retrieved from /home/airflow/.local/lib/python3.7/site-packages/airflow/example_dags/example_kubernetes_executor.py
[2022-10-16 06:53:05,650] {logging_mixin.py:109} INFO - [2022-10-16 06:53:05,650] {dag.py:2398} INFO - Sync 1 DAGs
[2022-10-16 06:53:05,660] {logging_mixin.py:109} INFO - [2022-10-16 06:53:05,660] {dag.py:2937} INFO - Setting next_dagrun for example_kubernetes_executor to None
[2022-10-16 06:53:05,674] {processor.py:171} INFO - Processing /home/airflow/.local/lib/python3.7/site-packages/airflow/example_dags/example_kubernetes_executor.py took 0.064 seconds
[2022-10-16 06:53:36,052] {processor.py:163} INFO - Started process (PID=1390) to work on /home/airflow/.local/lib/python3.7/site-packages/airflow/example_dags/example_kubernetes_executor.py
[2022-10-16 06:53:36,053] {processor.py:642} INFO - Processing file /home/airflow/.local/lib/python3.7/site-packages/airflow/example_dags/example_kubernetes_executor.py for tasks to queue
[2022-10-16 06:53:36,053] {logging_mixin.py:109} INFO - [2022-10-16 06:53:36,053] {dagbag.py:500} INFO - Filling up the DagBag from /home/airflow/.local/lib/python3.7/site-packages/airflow/example_dags/example_kubernetes_executor.py
[2022-10-16 06:53:36,078] {processor.py:654} INFO - DAG(s) dict_keys(['example_kubernetes_executor']) retrieved from /home/airflow/.local/lib/python3.7/site-packages/airflow/example_dags/example_kubernetes_executor.py
[2022-10-16 06:53:36,087] {logging_mixin.py:109} INFO - [2022-10-16 06:53:36,087] {dag.py:2398} INFO - Sync 1 DAGs
[2022-10-16 06:53:36,098] {logging_mixin.py:109} INFO - [2022-10-16 06:53:36,098] {dag.py:2937} INFO - Setting next_dagrun for example_kubernetes_executor to None
[2022-10-16 06:53:36,112] {processor.py:171} INFO - Processing /home/airflow/.local/lib/python3.7/site-packages/airflow/example_dags/example_kubernetes_executor.py took 0.062 seconds
[2022-10-16 06:54:06,422] {processor.py:163} INFO - Started process (PID=1463) to work on /home/airflow/.local/lib/python3.7/site-packages/airflow/example_dags/example_kubernetes_executor.py
[2022-10-16 06:54:06,423] {processor.py:642} INFO - Processing file /home/airflow/.local/lib/python3.7/site-packages/airflow/example_dags/example_kubernetes_executor.py for tasks to queue
[2022-10-16 06:54:06,423] {logging_mixin.py:109} INFO - [2022-10-16 06:54:06,423] {dagbag.py:500} INFO - Filling up the DagBag from /home/airflow/.local/lib/python3.7/site-packages/airflow/example_dags/example_kubernetes_executor.py
[2022-10-16 06:54:06,448] {processor.py:654} INFO - DAG(s) dict_keys(['example_kubernetes_executor']) retrieved from /home/airflow/.local/lib/python3.7/site-packages/airflow/example_dags/example_kubernetes_executor.py
[2022-10-16 06:54:06,457] {logging_mixin.py:109} INFO - [2022-10-16 06:54:06,456] {dag.py:2398} INFO - Sync 1 DAGs
[2022-10-16 06:54:06,468] {logging_mixin.py:109} INFO - [2022-10-16 06:54:06,468] {dag.py:2937} INFO - Setting next_dagrun for example_kubernetes_executor to None
[2022-10-16 06:54:06,483] {processor.py:171} INFO - Processing /home/airflow/.local/lib/python3.7/site-packages/airflow/example_dags/example_kubernetes_executor.py took 0.063 seconds
[2022-10-16 06:54:36,706] {processor.py:163} INFO - Started process (PID=1526) to work on /home/airflow/.local/lib/python3.7/site-packages/airflow/example_dags/example_kubernetes_executor.py
[2022-10-16 06:54:36,707] {processor.py:642} INFO - Processing file /home/airflow/.local/lib/python3.7/site-packages/airflow/example_dags/example_kubernetes_executor.py for tasks to queue
[2022-10-16 06:54:36,707] {logging_mixin.py:109} INFO - [2022-10-16 06:54:36,707] {dagbag.py:500} INFO - Filling up the DagBag from /home/airflow/.local/lib/python3.7/site-packages/airflow/example_dags/example_kubernetes_executor.py
[2022-10-16 06:54:36,733] {processor.py:654} INFO - DAG(s) dict_keys(['example_kubernetes_executor']) retrieved from /home/airflow/.local/lib/python3.7/site-packages/airflow/example_dags/example_kubernetes_executor.py
[2022-10-16 06:54:36,742] {logging_mixin.py:109} INFO - [2022-10-16 06:54:36,742] {dag.py:2398} INFO - Sync 1 DAGs
[2022-10-16 06:54:36,752] {logging_mixin.py:109} INFO - [2022-10-16 06:54:36,752] {dag.py:2937} INFO - Setting next_dagrun for example_kubernetes_executor to None
[2022-10-16 06:54:36,767] {processor.py:171} INFO - Processing /home/airflow/.local/lib/python3.7/site-packages/airflow/example_dags/example_kubernetes_executor.py took 0.063 seconds
[2022-10-16 06:55:06,901] {processor.py:163} INFO - Started process (PID=1598) to work on /home/airflow/.local/lib/python3.7/site-packages/airflow/example_dags/example_kubernetes_executor.py
[2022-10-16 06:55:06,902] {processor.py:642} INFO - Processing file /home/airflow/.local/lib/python3.7/site-packages/airflow/example_dags/example_kubernetes_executor.py for tasks to queue
[2022-10-16 06:55:06,903] {logging_mixin.py:109} INFO - [2022-10-16 06:55:06,902] {dagbag.py:500} INFO - Filling up the DagBag from /home/airflow/.local/lib/python3.7/site-packages/airflow/example_dags/example_kubernetes_executor.py
[2022-10-16 06:55:06,928] {processor.py:654} INFO - DAG(s) dict_keys(['example_kubernetes_executor']) retrieved from /home/airflow/.local/lib/python3.7/site-packages/airflow/example_dags/example_kubernetes_executor.py
[2022-10-16 06:55:06,937] {logging_mixin.py:109} INFO - [2022-10-16 06:55:06,937] {dag.py:2398} INFO - Sync 1 DAGs
[2022-10-16 06:55:06,948] {logging_mixin.py:109} INFO - [2022-10-16 06:55:06,948] {dag.py:2937} INFO - Setting next_dagrun for example_kubernetes_executor to None
[2022-10-16 06:55:06,962] {processor.py:171} INFO - Processing /home/airflow/.local/lib/python3.7/site-packages/airflow/example_dags/example_kubernetes_executor.py took 0.063 seconds
[2022-10-16 06:55:37,133] {processor.py:163} INFO - Started process (PID=1662) to work on /home/airflow/.local/lib/python3.7/site-packages/airflow/example_dags/example_kubernetes_executor.py
[2022-10-16 06:55:37,134] {processor.py:642} INFO - Processing file /home/airflow/.local/lib/python3.7/site-packages/airflow/example_dags/example_kubernetes_executor.py for tasks to queue
[2022-10-16 06:55:37,134] {logging_mixin.py:109} INFO - [2022-10-16 06:55:37,134] {dagbag.py:500} INFO - Filling up the DagBag from /home/airflow/.local/lib/python3.7/site-packages/airflow/example_dags/example_kubernetes_executor.py
[2022-10-16 06:55:37,160] {processor.py:654} INFO - DAG(s) dict_keys(['example_kubernetes_executor']) retrieved from /home/airflow/.local/lib/python3.7/site-packages/airflow/example_dags/example_kubernetes_executor.py
[2022-10-16 06:55:37,168] {logging_mixin.py:109} INFO - [2022-10-16 06:55:37,168] {dag.py:2398} INFO - Sync 1 DAGs
[2022-10-16 06:55:37,179] {logging_mixin.py:109} INFO - [2022-10-16 06:55:37,179] {dag.py:2937} INFO - Setting next_dagrun for example_kubernetes_executor to None
[2022-10-16 06:55:37,187] {processor.py:171} INFO - Processing /home/airflow/.local/lib/python3.7/site-packages/airflow/example_dags/example_kubernetes_executor.py took 0.056 seconds
[2022-10-16 06:56:07,541] {processor.py:163} INFO - Started process (PID=1733) to work on /home/airflow/.local/lib/python3.7/site-packages/airflow/example_dags/example_kubernetes_executor.py
[2022-10-16 06:56:07,541] {processor.py:642} INFO - Processing file /home/airflow/.local/lib/python3.7/site-packages/airflow/example_dags/example_kubernetes_executor.py for tasks to queue
[2022-10-16 06:56:07,542] {logging_mixin.py:109} INFO - [2022-10-16 06:56:07,542] {dagbag.py:500} INFO - Filling up the DagBag from /home/airflow/.local/lib/python3.7/site-packages/airflow/example_dags/example_kubernetes_executor.py
[2022-10-16 06:56:07,567] {processor.py:654} INFO - DAG(s) dict_keys(['example_kubernetes_executor']) retrieved from /home/airflow/.local/lib/python3.7/site-packages/airflow/example_dags/example_kubernetes_executor.py
[2022-10-16 06:56:07,576] {logging_mixin.py:109} INFO - [2022-10-16 06:56:07,576] {dag.py:2398} INFO - Sync 1 DAGs
[2022-10-16 06:56:07,586] {logging_mixin.py:109} INFO - [2022-10-16 06:56:07,586] {dag.py:2937} INFO - Setting next_dagrun for example_kubernetes_executor to None
[2022-10-16 06:56:07,599] {processor.py:171} INFO - Processing /home/airflow/.local/lib/python3.7/site-packages/airflow/example_dags/example_kubernetes_executor.py took 0.060 seconds
[2022-10-16 06:56:37,889] {processor.py:163} INFO - Started process (PID=1796) to work on /home/airflow/.local/lib/python3.7/site-packages/airflow/example_dags/example_kubernetes_executor.py
[2022-10-16 06:56:37,890] {processor.py:642} INFO - Processing file /home/airflow/.local/lib/python3.7/site-packages/airflow/example_dags/example_kubernetes_executor.py for tasks to queue
[2022-10-16 06:56:37,891] {logging_mixin.py:109} INFO - [2022-10-16 06:56:37,891] {dagbag.py:500} INFO - Filling up the DagBag from /home/airflow/.local/lib/python3.7/site-packages/airflow/example_dags/example_kubernetes_executor.py
[2022-10-16 06:56:37,913] {processor.py:654} INFO - DAG(s) dict_keys(['example_kubernetes_executor']) retrieved from /home/airflow/.local/lib/python3.7/site-packages/airflow/example_dags/example_kubernetes_executor.py
[2022-10-16 06:56:37,921] {logging_mixin.py:109} INFO - [2022-10-16 06:56:37,921] {dag.py:2398} INFO - Sync 1 DAGs
[2022-10-16 06:56:37,931] {logging_mixin.py:109} INFO - [2022-10-16 06:56:37,931] {dag.py:2937} INFO - Setting next_dagrun for example_kubernetes_executor to None
[2022-10-16 06:56:37,944] {processor.py:171} INFO - Processing /home/airflow/.local/lib/python3.7/site-packages/airflow/example_dags/example_kubernetes_executor.py took 0.057 seconds
[2022-10-16 06:57:08,191] {processor.py:163} INFO - Started process (PID=1869) to work on /home/airflow/.local/lib/python3.7/site-packages/airflow/example_dags/example_kubernetes_executor.py
[2022-10-16 06:57:08,192] {processor.py:642} INFO - Processing file /home/airflow/.local/lib/python3.7/site-packages/airflow/example_dags/example_kubernetes_executor.py for tasks to queue
[2022-10-16 06:57:08,192] {logging_mixin.py:109} INFO - [2022-10-16 06:57:08,192] {dagbag.py:500} INFO - Filling up the DagBag from /home/airflow/.local/lib/python3.7/site-packages/airflow/example_dags/example_kubernetes_executor.py
[2022-10-16 06:57:08,217] {processor.py:654} INFO - DAG(s) dict_keys(['example_kubernetes_executor']) retrieved from /home/airflow/.local/lib/python3.7/site-packages/airflow/example_dags/example_kubernetes_executor.py
[2022-10-16 06:57:08,229] {logging_mixin.py:109} INFO - [2022-10-16 06:57:08,229] {dag.py:2398} INFO - Sync 1 DAGs
[2022-10-16 06:57:08,242] {logging_mixin.py:109} INFO - [2022-10-16 06:57:08,242] {dag.py:2937} INFO - Setting next_dagrun for example_kubernetes_executor to None
[2022-10-16 06:57:08,256] {processor.py:171} INFO - Processing /home/airflow/.local/lib/python3.7/site-packages/airflow/example_dags/example_kubernetes_executor.py took 0.066 seconds
[2022-10-16 06:57:38,546] {processor.py:163} INFO - Started process (PID=1931) to work on /home/airflow/.local/lib/python3.7/site-packages/airflow/example_dags/example_kubernetes_executor.py
[2022-10-16 06:57:38,547] {processor.py:642} INFO - Processing file /home/airflow/.local/lib/python3.7/site-packages/airflow/example_dags/example_kubernetes_executor.py for tasks to queue
[2022-10-16 06:57:38,547] {logging_mixin.py:109} INFO - [2022-10-16 06:57:38,547] {dagbag.py:500} INFO - Filling up the DagBag from /home/airflow/.local/lib/python3.7/site-packages/airflow/example_dags/example_kubernetes_executor.py
[2022-10-16 06:57:38,571] {processor.py:654} INFO - DAG(s) dict_keys(['example_kubernetes_executor']) retrieved from /home/airflow/.local/lib/python3.7/site-packages/airflow/example_dags/example_kubernetes_executor.py
[2022-10-16 06:57:38,580] {logging_mixin.py:109} INFO - [2022-10-16 06:57:38,580] {dag.py:2398} INFO - Sync 1 DAGs
[2022-10-16 06:57:38,591] {logging_mixin.py:109} INFO - [2022-10-16 06:57:38,591] {dag.py:2937} INFO - Setting next_dagrun for example_kubernetes_executor to None
[2022-10-16 06:57:38,609] {processor.py:171} INFO - Processing /home/airflow/.local/lib/python3.7/site-packages/airflow/example_dags/example_kubernetes_executor.py took 0.066 seconds
[2022-10-16 06:58:08,882] {processor.py:163} INFO - Started process (PID=2008) to work on /home/airflow/.local/lib/python3.7/site-packages/airflow/example_dags/example_kubernetes_executor.py
[2022-10-16 06:58:08,883] {processor.py:642} INFO - Processing file /home/airflow/.local/lib/python3.7/site-packages/airflow/example_dags/example_kubernetes_executor.py for tasks to queue
[2022-10-16 06:58:08,883] {logging_mixin.py:109} INFO - [2022-10-16 06:58:08,883] {dagbag.py:500} INFO - Filling up the DagBag from /home/airflow/.local/lib/python3.7/site-packages/airflow/example_dags/example_kubernetes_executor.py
[2022-10-16 06:58:08,908] {processor.py:654} INFO - DAG(s) dict_keys(['example_kubernetes_executor']) retrieved from /home/airflow/.local/lib/python3.7/site-packages/airflow/example_dags/example_kubernetes_executor.py
[2022-10-16 06:58:08,917] {logging_mixin.py:109} INFO - [2022-10-16 06:58:08,917] {dag.py:2398} INFO - Sync 1 DAGs
[2022-10-16 06:58:08,927] {logging_mixin.py:109} INFO - [2022-10-16 06:58:08,927] {dag.py:2937} INFO - Setting next_dagrun for example_kubernetes_executor to None
[2022-10-16 06:58:08,948] {processor.py:171} INFO - Processing /home/airflow/.local/lib/python3.7/site-packages/airflow/example_dags/example_kubernetes_executor.py took 0.068 seconds
[2022-10-16 06:58:39,116] {processor.py:163} INFO - Started process (PID=2070) to work on /home/airflow/.local/lib/python3.7/site-packages/airflow/example_dags/example_kubernetes_executor.py
[2022-10-16 06:58:39,116] {processor.py:642} INFO - Processing file /home/airflow/.local/lib/python3.7/site-packages/airflow/example_dags/example_kubernetes_executor.py for tasks to queue
[2022-10-16 06:58:39,117] {logging_mixin.py:109} INFO - [2022-10-16 06:58:39,117] {dagbag.py:500} INFO - Filling up the DagBag from /home/airflow/.local/lib/python3.7/site-packages/airflow/example_dags/example_kubernetes_executor.py
[2022-10-16 06:58:39,144] {processor.py:654} INFO - DAG(s) dict_keys(['example_kubernetes_executor']) retrieved from /home/airflow/.local/lib/python3.7/site-packages/airflow/example_dags/example_kubernetes_executor.py
[2022-10-16 06:58:39,153] {logging_mixin.py:109} INFO - [2022-10-16 06:58:39,153] {dag.py:2398} INFO - Sync 1 DAGs
[2022-10-16 06:58:39,164] {logging_mixin.py:109} INFO - [2022-10-16 06:58:39,164] {dag.py:2937} INFO - Setting next_dagrun for example_kubernetes_executor to None
[2022-10-16 06:58:39,172] {processor.py:171} INFO - Processing /home/airflow/.local/lib/python3.7/site-packages/airflow/example_dags/example_kubernetes_executor.py took 0.058 seconds
[2022-10-16 06:59:09,305] {processor.py:163} INFO - Started process (PID=2141) to work on /home/airflow/.local/lib/python3.7/site-packages/airflow/example_dags/example_kubernetes_executor.py
[2022-10-16 06:59:09,306] {processor.py:642} INFO - Processing file /home/airflow/.local/lib/python3.7/site-packages/airflow/example_dags/example_kubernetes_executor.py for tasks to queue
[2022-10-16 06:59:09,307] {logging_mixin.py:109} INFO - [2022-10-16 06:59:09,307] {dagbag.py:500} INFO - Filling up the DagBag from /home/airflow/.local/lib/python3.7/site-packages/airflow/example_dags/example_kubernetes_executor.py
[2022-10-16 06:59:09,332] {processor.py:654} INFO - DAG(s) dict_keys(['example_kubernetes_executor']) retrieved from /home/airflow/.local/lib/python3.7/site-packages/airflow/example_dags/example_kubernetes_executor.py
[2022-10-16 06:59:09,341] {logging_mixin.py:109} INFO - [2022-10-16 06:59:09,341] {dag.py:2398} INFO - Sync 1 DAGs
[2022-10-16 06:59:09,351] {logging_mixin.py:109} INFO - [2022-10-16 06:59:09,351] {dag.py:2937} INFO - Setting next_dagrun for example_kubernetes_executor to None
[2022-10-16 06:59:09,365] {processor.py:171} INFO - Processing /home/airflow/.local/lib/python3.7/site-packages/airflow/example_dags/example_kubernetes_executor.py took 0.062 seconds
[2022-10-16 06:59:39,548] {processor.py:163} INFO - Started process (PID=2203) to work on /home/airflow/.local/lib/python3.7/site-packages/airflow/example_dags/example_kubernetes_executor.py
[2022-10-16 06:59:39,549] {processor.py:642} INFO - Processing file /home/airflow/.local/lib/python3.7/site-packages/airflow/example_dags/example_kubernetes_executor.py for tasks to queue
[2022-10-16 06:59:39,549] {logging_mixin.py:109} INFO - [2022-10-16 06:59:39,549] {dagbag.py:500} INFO - Filling up the DagBag from /home/airflow/.local/lib/python3.7/site-packages/airflow/example_dags/example_kubernetes_executor.py
[2022-10-16 06:59:39,577] {processor.py:654} INFO - DAG(s) dict_keys(['example_kubernetes_executor']) retrieved from /home/airflow/.local/lib/python3.7/site-packages/airflow/example_dags/example_kubernetes_executor.py
[2022-10-16 06:59:39,590] {logging_mixin.py:109} INFO - [2022-10-16 06:59:39,590] {dag.py:2398} INFO - Sync 1 DAGs
[2022-10-16 06:59:39,606] {logging_mixin.py:109} INFO - [2022-10-16 06:59:39,605] {dag.py:2937} INFO - Setting next_dagrun for example_kubernetes_executor to None
[2022-10-16 06:59:39,622] {processor.py:171} INFO - Processing /home/airflow/.local/lib/python3.7/site-packages/airflow/example_dags/example_kubernetes_executor.py took 0.076 seconds
[2022-10-16 07:00:10,282] {processor.py:163} INFO - Started process (PID=2275) to work on /home/airflow/.local/lib/python3.7/site-packages/airflow/example_dags/example_kubernetes_executor.py
[2022-10-16 07:00:10,283] {processor.py:642} INFO - Processing file /home/airflow/.local/lib/python3.7/site-packages/airflow/example_dags/example_kubernetes_executor.py for tasks to queue
[2022-10-16 07:00:10,283] {logging_mixin.py:109} INFO - [2022-10-16 07:00:10,283] {dagbag.py:500} INFO - Filling up the DagBag from /home/airflow/.local/lib/python3.7/site-packages/airflow/example_dags/example_kubernetes_executor.py
[2022-10-16 07:00:10,311] {processor.py:654} INFO - DAG(s) dict_keys(['example_kubernetes_executor']) retrieved from /home/airflow/.local/lib/python3.7/site-packages/airflow/example_dags/example_kubernetes_executor.py
[2022-10-16 07:00:10,320] {logging_mixin.py:109} INFO - [2022-10-16 07:00:10,320] {dag.py:2398} INFO - Sync 1 DAGs
[2022-10-16 07:00:10,332] {logging_mixin.py:109} INFO - [2022-10-16 07:00:10,332] {dag.py:2937} INFO - Setting next_dagrun for example_kubernetes_executor to None
[2022-10-16 07:00:10,345] {processor.py:171} INFO - Processing /home/airflow/.local/lib/python3.7/site-packages/airflow/example_dags/example_kubernetes_executor.py took 0.065 seconds
[2022-10-16 07:00:41,523] {processor.py:163} INFO - Started process (PID=2338) to work on /home/airflow/.local/lib/python3.7/site-packages/airflow/example_dags/example_kubernetes_executor.py
[2022-10-16 07:00:41,523] {processor.py:642} INFO - Processing file /home/airflow/.local/lib/python3.7/site-packages/airflow/example_dags/example_kubernetes_executor.py for tasks to queue
[2022-10-16 07:00:41,524] {logging_mixin.py:109} INFO - [2022-10-16 07:00:41,524] {dagbag.py:500} INFO - Filling up the DagBag from /home/airflow/.local/lib/python3.7/site-packages/airflow/example_dags/example_kubernetes_executor.py
[2022-10-16 07:00:41,549] {processor.py:654} INFO - DAG(s) dict_keys(['example_kubernetes_executor']) retrieved from /home/airflow/.local/lib/python3.7/site-packages/airflow/example_dags/example_kubernetes_executor.py
[2022-10-16 07:00:41,561] {logging_mixin.py:109} INFO - [2022-10-16 07:00:41,561] {dag.py:2398} INFO - Sync 1 DAGs
[2022-10-16 07:00:41,576] {logging_mixin.py:109} INFO - [2022-10-16 07:00:41,576] {dag.py:2937} INFO - Setting next_dagrun for example_kubernetes_executor to None
[2022-10-16 07:00:41,598] {processor.py:171} INFO - Processing /home/airflow/.local/lib/python3.7/site-packages/airflow/example_dags/example_kubernetes_executor.py took 0.077 seconds
[2022-10-16 07:01:11,835] {processor.py:163} INFO - Started process (PID=2409) to work on /home/airflow/.local/lib/python3.7/site-packages/airflow/example_dags/example_kubernetes_executor.py
[2022-10-16 07:01:11,836] {processor.py:642} INFO - Processing file /home/airflow/.local/lib/python3.7/site-packages/airflow/example_dags/example_kubernetes_executor.py for tasks to queue
[2022-10-16 07:01:11,836] {logging_mixin.py:109} INFO - [2022-10-16 07:01:11,836] {dagbag.py:500} INFO - Filling up the DagBag from /home/airflow/.local/lib/python3.7/site-packages/airflow/example_dags/example_kubernetes_executor.py
[2022-10-16 07:01:11,861] {processor.py:654} INFO - DAG(s) dict_keys(['example_kubernetes_executor']) retrieved from /home/airflow/.local/lib/python3.7/site-packages/airflow/example_dags/example_kubernetes_executor.py
[2022-10-16 07:01:11,870] {logging_mixin.py:109} INFO - [2022-10-16 07:01:11,869] {dag.py:2398} INFO - Sync 1 DAGs
[2022-10-16 07:01:11,880] {logging_mixin.py:109} INFO - [2022-10-16 07:01:11,880] {dag.py:2937} INFO - Setting next_dagrun for example_kubernetes_executor to None
[2022-10-16 07:01:11,894] {processor.py:171} INFO - Processing /home/airflow/.local/lib/python3.7/site-packages/airflow/example_dags/example_kubernetes_executor.py took 0.061 seconds
[2022-10-16 07:01:42,363] {processor.py:163} INFO - Started process (PID=2470) to work on /home/airflow/.local/lib/python3.7/site-packages/airflow/example_dags/example_kubernetes_executor.py
[2022-10-16 07:01:42,363] {processor.py:642} INFO - Processing file /home/airflow/.local/lib/python3.7/site-packages/airflow/example_dags/example_kubernetes_executor.py for tasks to queue
[2022-10-16 07:01:42,364] {logging_mixin.py:109} INFO - [2022-10-16 07:01:42,364] {dagbag.py:500} INFO - Filling up the DagBag from /home/airflow/.local/lib/python3.7/site-packages/airflow/example_dags/example_kubernetes_executor.py
[2022-10-16 07:01:42,389] {processor.py:654} INFO - DAG(s) dict_keys(['example_kubernetes_executor']) retrieved from /home/airflow/.local/lib/python3.7/site-packages/airflow/example_dags/example_kubernetes_executor.py
[2022-10-16 07:01:42,398] {logging_mixin.py:109} INFO - [2022-10-16 07:01:42,398] {dag.py:2398} INFO - Sync 1 DAGs
[2022-10-16 07:01:42,409] {logging_mixin.py:109} INFO - [2022-10-16 07:01:42,408] {dag.py:2937} INFO - Setting next_dagrun for example_kubernetes_executor to None
[2022-10-16 07:01:42,424] {processor.py:171} INFO - Processing /home/airflow/.local/lib/python3.7/site-packages/airflow/example_dags/example_kubernetes_executor.py took 0.064 seconds
[2022-10-16 07:02:12,689] {processor.py:163} INFO - Started process (PID=2543) to work on /home/airflow/.local/lib/python3.7/site-packages/airflow/example_dags/example_kubernetes_executor.py
[2022-10-16 07:02:12,690] {processor.py:642} INFO - Processing file /home/airflow/.local/lib/python3.7/site-packages/airflow/example_dags/example_kubernetes_executor.py for tasks to queue
[2022-10-16 07:02:12,690] {logging_mixin.py:109} INFO - [2022-10-16 07:02:12,690] {dagbag.py:500} INFO - Filling up the DagBag from /home/airflow/.local/lib/python3.7/site-packages/airflow/example_dags/example_kubernetes_executor.py
[2022-10-16 07:02:12,716] {processor.py:654} INFO - DAG(s) dict_keys(['example_kubernetes_executor']) retrieved from /home/airflow/.local/lib/python3.7/site-packages/airflow/example_dags/example_kubernetes_executor.py
[2022-10-16 07:02:12,726] {logging_mixin.py:109} INFO - [2022-10-16 07:02:12,726] {dag.py:2398} INFO - Sync 1 DAGs
[2022-10-16 07:02:12,737] {logging_mixin.py:109} INFO - [2022-10-16 07:02:12,737] {dag.py:2937} INFO - Setting next_dagrun for example_kubernetes_executor to None
[2022-10-16 07:02:12,745] {processor.py:171} INFO - Processing /home/airflow/.local/lib/python3.7/site-packages/airflow/example_dags/example_kubernetes_executor.py took 0.058 seconds
[2022-10-16 07:02:43,057] {processor.py:163} INFO - Started process (PID=2608) to work on /home/airflow/.local/lib/python3.7/site-packages/airflow/example_dags/example_kubernetes_executor.py
[2022-10-16 07:02:43,057] {processor.py:642} INFO - Processing file /home/airflow/.local/lib/python3.7/site-packages/airflow/example_dags/example_kubernetes_executor.py for tasks to queue
[2022-10-16 07:02:43,058] {logging_mixin.py:109} INFO - [2022-10-16 07:02:43,058] {dagbag.py:500} INFO - Filling up the DagBag from /home/airflow/.local/lib/python3.7/site-packages/airflow/example_dags/example_kubernetes_executor.py
[2022-10-16 07:02:43,083] {processor.py:654} INFO - DAG(s) dict_keys(['example_kubernetes_executor']) retrieved from /home/airflow/.local/lib/python3.7/site-packages/airflow/example_dags/example_kubernetes_executor.py
[2022-10-16 07:02:43,092] {logging_mixin.py:109} INFO - [2022-10-16 07:02:43,092] {dag.py:2398} INFO - Sync 1 DAGs
[2022-10-16 07:02:43,104] {logging_mixin.py:109} INFO - [2022-10-16 07:02:43,104] {dag.py:2937} INFO - Setting next_dagrun for example_kubernetes_executor to None
[2022-10-16 07:02:43,118] {processor.py:171} INFO - Processing /home/airflow/.local/lib/python3.7/site-packages/airflow/example_dags/example_kubernetes_executor.py took 0.064 seconds
[2022-10-16 07:03:13,525] {processor.py:163} INFO - Started process (PID=2680) to work on /home/airflow/.local/lib/python3.7/site-packages/airflow/example_dags/example_kubernetes_executor.py
[2022-10-16 07:03:13,526] {processor.py:642} INFO - Processing file /home/airflow/.local/lib/python3.7/site-packages/airflow/example_dags/example_kubernetes_executor.py for tasks to queue
[2022-10-16 07:03:13,526] {logging_mixin.py:109} INFO - [2022-10-16 07:03:13,526] {dagbag.py:500} INFO - Filling up the DagBag from /home/airflow/.local/lib/python3.7/site-packages/airflow/example_dags/example_kubernetes_executor.py
[2022-10-16 07:03:13,553] {processor.py:654} INFO - DAG(s) dict_keys(['example_kubernetes_executor']) retrieved from /home/airflow/.local/lib/python3.7/site-packages/airflow/example_dags/example_kubernetes_executor.py
[2022-10-16 07:03:13,564] {logging_mixin.py:109} INFO - [2022-10-16 07:03:13,564] {dag.py:2398} INFO - Sync 1 DAGs
[2022-10-16 07:03:13,575] {logging_mixin.py:109} INFO - [2022-10-16 07:03:13,574] {dag.py:2937} INFO - Setting next_dagrun for example_kubernetes_executor to None
[2022-10-16 07:03:13,584] {processor.py:171} INFO - Processing /home/airflow/.local/lib/python3.7/site-packages/airflow/example_dags/example_kubernetes_executor.py took 0.061 seconds
[2022-10-16 07:03:43,947] {processor.py:163} INFO - Started process (PID=2743) to work on /home/airflow/.local/lib/python3.7/site-packages/airflow/example_dags/example_kubernetes_executor.py
[2022-10-16 07:03:43,948] {processor.py:642} INFO - Processing file /home/airflow/.local/lib/python3.7/site-packages/airflow/example_dags/example_kubernetes_executor.py for tasks to queue
[2022-10-16 07:03:43,949] {logging_mixin.py:109} INFO - [2022-10-16 07:03:43,949] {dagbag.py:500} INFO - Filling up the DagBag from /home/airflow/.local/lib/python3.7/site-packages/airflow/example_dags/example_kubernetes_executor.py
[2022-10-16 07:03:43,972] {processor.py:654} INFO - DAG(s) dict_keys(['example_kubernetes_executor']) retrieved from /home/airflow/.local/lib/python3.7/site-packages/airflow/example_dags/example_kubernetes_executor.py
[2022-10-16 07:03:43,980] {logging_mixin.py:109} INFO - [2022-10-16 07:03:43,980] {dag.py:2398} INFO - Sync 1 DAGs
[2022-10-16 07:03:43,990] {logging_mixin.py:109} INFO - [2022-10-16 07:03:43,990] {dag.py:2937} INFO - Setting next_dagrun for example_kubernetes_executor to None
[2022-10-16 07:03:44,003] {processor.py:171} INFO - Processing /home/airflow/.local/lib/python3.7/site-packages/airflow/example_dags/example_kubernetes_executor.py took 0.058 seconds
[2022-10-16 07:04:14,313] {processor.py:163} INFO - Started process (PID=2814) to work on /home/airflow/.local/lib/python3.7/site-packages/airflow/example_dags/example_kubernetes_executor.py
[2022-10-16 07:04:14,313] {processor.py:642} INFO - Processing file /home/airflow/.local/lib/python3.7/site-packages/airflow/example_dags/example_kubernetes_executor.py for tasks to queue
[2022-10-16 07:04:14,314] {logging_mixin.py:109} INFO - [2022-10-16 07:04:14,314] {dagbag.py:500} INFO - Filling up the DagBag from /home/airflow/.local/lib/python3.7/site-packages/airflow/example_dags/example_kubernetes_executor.py
[2022-10-16 07:04:14,341] {processor.py:654} INFO - DAG(s) dict_keys(['example_kubernetes_executor']) retrieved from /home/airflow/.local/lib/python3.7/site-packages/airflow/example_dags/example_kubernetes_executor.py
[2022-10-16 07:04:14,351] {logging_mixin.py:109} INFO - [2022-10-16 07:04:14,351] {dag.py:2398} INFO - Sync 1 DAGs
[2022-10-16 07:04:14,363] {logging_mixin.py:109} INFO - [2022-10-16 07:04:14,362] {dag.py:2937} INFO - Setting next_dagrun for example_kubernetes_executor to None
[2022-10-16 07:04:14,377] {processor.py:171} INFO - Processing /home/airflow/.local/lib/python3.7/site-packages/airflow/example_dags/example_kubernetes_executor.py took 0.067 seconds
[2022-10-16 07:04:44,511] {processor.py:163} INFO - Started process (PID=2877) to work on /home/airflow/.local/lib/python3.7/site-packages/airflow/example_dags/example_kubernetes_executor.py
[2022-10-16 07:04:44,512] {processor.py:642} INFO - Processing file /home/airflow/.local/lib/python3.7/site-packages/airflow/example_dags/example_kubernetes_executor.py for tasks to queue
[2022-10-16 07:04:44,512] {logging_mixin.py:109} INFO - [2022-10-16 07:04:44,512] {dagbag.py:500} INFO - Filling up the DagBag from /home/airflow/.local/lib/python3.7/site-packages/airflow/example_dags/example_kubernetes_executor.py
[2022-10-16 07:04:44,537] {processor.py:654} INFO - DAG(s) dict_keys(['example_kubernetes_executor']) retrieved from /home/airflow/.local/lib/python3.7/site-packages/airflow/example_dags/example_kubernetes_executor.py
[2022-10-16 07:04:44,546] {logging_mixin.py:109} INFO - [2022-10-16 07:04:44,546] {dag.py:2398} INFO - Sync 1 DAGs
[2022-10-16 07:04:44,557] {logging_mixin.py:109} INFO - [2022-10-16 07:04:44,557] {dag.py:2937} INFO - Setting next_dagrun for example_kubernetes_executor to None
[2022-10-16 07:04:44,565] {processor.py:171} INFO - Processing /home/airflow/.local/lib/python3.7/site-packages/airflow/example_dags/example_kubernetes_executor.py took 0.056 seconds
[2022-10-16 07:05:15,077] {processor.py:163} INFO - Started process (PID=2952) to work on /home/airflow/.local/lib/python3.7/site-packages/airflow/example_dags/example_kubernetes_executor.py
[2022-10-16 07:05:15,078] {processor.py:642} INFO - Processing file /home/airflow/.local/lib/python3.7/site-packages/airflow/example_dags/example_kubernetes_executor.py for tasks to queue
[2022-10-16 07:05:15,078] {logging_mixin.py:109} INFO - [2022-10-16 07:05:15,078] {dagbag.py:500} INFO - Filling up the DagBag from /home/airflow/.local/lib/python3.7/site-packages/airflow/example_dags/example_kubernetes_executor.py
[2022-10-16 07:05:15,103] {processor.py:654} INFO - DAG(s) dict_keys(['example_kubernetes_executor']) retrieved from /home/airflow/.local/lib/python3.7/site-packages/airflow/example_dags/example_kubernetes_executor.py
[2022-10-16 07:05:15,111] {logging_mixin.py:109} INFO - [2022-10-16 07:05:15,111] {dag.py:2398} INFO - Sync 1 DAGs
[2022-10-16 07:05:15,121] {logging_mixin.py:109} INFO - [2022-10-16 07:05:15,121] {dag.py:2937} INFO - Setting next_dagrun for example_kubernetes_executor to None
[2022-10-16 07:05:15,134] {processor.py:171} INFO - Processing /home/airflow/.local/lib/python3.7/site-packages/airflow/example_dags/example_kubernetes_executor.py took 0.059 seconds
[2022-10-16 07:05:46,042] {processor.py:163} INFO - Started process (PID=3014) to work on /home/airflow/.local/lib/python3.7/site-packages/airflow/example_dags/example_kubernetes_executor.py
[2022-10-16 07:05:46,043] {processor.py:642} INFO - Processing file /home/airflow/.local/lib/python3.7/site-packages/airflow/example_dags/example_kubernetes_executor.py for tasks to queue
[2022-10-16 07:05:46,043] {logging_mixin.py:109} INFO - [2022-10-16 07:05:46,043] {dagbag.py:500} INFO - Filling up the DagBag from /home/airflow/.local/lib/python3.7/site-packages/airflow/example_dags/example_kubernetes_executor.py
[2022-10-16 07:05:46,068] {processor.py:654} INFO - DAG(s) dict_keys(['example_kubernetes_executor']) retrieved from /home/airflow/.local/lib/python3.7/site-packages/airflow/example_dags/example_kubernetes_executor.py
[2022-10-16 07:05:46,076] {logging_mixin.py:109} INFO - [2022-10-16 07:05:46,076] {dag.py:2398} INFO - Sync 1 DAGs
[2022-10-16 07:05:46,088] {logging_mixin.py:109} INFO - [2022-10-16 07:05:46,088] {dag.py:2937} INFO - Setting next_dagrun for example_kubernetes_executor to None
[2022-10-16 07:05:46,103] {processor.py:171} INFO - Processing /home/airflow/.local/lib/python3.7/site-packages/airflow/example_dags/example_kubernetes_executor.py took 0.063 seconds
[2022-10-16 07:06:17,159] {processor.py:163} INFO - Started process (PID=3085) to work on /home/airflow/.local/lib/python3.7/site-packages/airflow/example_dags/example_kubernetes_executor.py
[2022-10-16 07:06:17,160] {processor.py:642} INFO - Processing file /home/airflow/.local/lib/python3.7/site-packages/airflow/example_dags/example_kubernetes_executor.py for tasks to queue
[2022-10-16 07:06:17,160] {logging_mixin.py:109} INFO - [2022-10-16 07:06:17,160] {dagbag.py:500} INFO - Filling up the DagBag from /home/airflow/.local/lib/python3.7/site-packages/airflow/example_dags/example_kubernetes_executor.py
[2022-10-16 07:06:17,186] {processor.py:654} INFO - DAG(s) dict_keys(['example_kubernetes_executor']) retrieved from /home/airflow/.local/lib/python3.7/site-packages/airflow/example_dags/example_kubernetes_executor.py
[2022-10-16 07:06:17,194] {logging_mixin.py:109} INFO - [2022-10-16 07:06:17,194] {dag.py:2398} INFO - Sync 1 DAGs
[2022-10-16 07:06:17,205] {logging_mixin.py:109} INFO - [2022-10-16 07:06:17,205] {dag.py:2937} INFO - Setting next_dagrun for example_kubernetes_executor to None
[2022-10-16 07:06:17,218] {processor.py:171} INFO - Processing /home/airflow/.local/lib/python3.7/site-packages/airflow/example_dags/example_kubernetes_executor.py took 0.061 seconds
[2022-10-16 07:06:48,329] {processor.py:163} INFO - Started process (PID=3147) to work on /home/airflow/.local/lib/python3.7/site-packages/airflow/example_dags/example_kubernetes_executor.py
[2022-10-16 07:06:48,329] {processor.py:642} INFO - Processing file /home/airflow/.local/lib/python3.7/site-packages/airflow/example_dags/example_kubernetes_executor.py for tasks to queue
[2022-10-16 07:06:48,330] {logging_mixin.py:109} INFO - [2022-10-16 07:06:48,329] {dagbag.py:500} INFO - Filling up the DagBag from /home/airflow/.local/lib/python3.7/site-packages/airflow/example_dags/example_kubernetes_executor.py
[2022-10-16 07:06:48,355] {processor.py:654} INFO - DAG(s) dict_keys(['example_kubernetes_executor']) retrieved from /home/airflow/.local/lib/python3.7/site-packages/airflow/example_dags/example_kubernetes_executor.py
[2022-10-16 07:06:48,367] {logging_mixin.py:109} INFO - [2022-10-16 07:06:48,367] {dag.py:2398} INFO - Sync 1 DAGs
[2022-10-16 07:06:48,378] {logging_mixin.py:109} INFO - [2022-10-16 07:06:48,377] {dag.py:2937} INFO - Setting next_dagrun for example_kubernetes_executor to None
[2022-10-16 07:06:48,385] {processor.py:171} INFO - Processing /home/airflow/.local/lib/python3.7/site-packages/airflow/example_dags/example_kubernetes_executor.py took 0.059 seconds
[2022-10-16 07:07:19,657] {processor.py:163} INFO - Started process (PID=3218) to work on /home/airflow/.local/lib/python3.7/site-packages/airflow/example_dags/example_kubernetes_executor.py
[2022-10-16 07:07:19,658] {processor.py:642} INFO - Processing file /home/airflow/.local/lib/python3.7/site-packages/airflow/example_dags/example_kubernetes_executor.py for tasks to queue
[2022-10-16 07:07:19,659] {logging_mixin.py:109} INFO - [2022-10-16 07:07:19,658] {dagbag.py:500} INFO - Filling up the DagBag from /home/airflow/.local/lib/python3.7/site-packages/airflow/example_dags/example_kubernetes_executor.py
[2022-10-16 07:07:19,686] {processor.py:654} INFO - DAG(s) dict_keys(['example_kubernetes_executor']) retrieved from /home/airflow/.local/lib/python3.7/site-packages/airflow/example_dags/example_kubernetes_executor.py
[2022-10-16 07:07:19,696] {logging_mixin.py:109} INFO - [2022-10-16 07:07:19,696] {dag.py:2398} INFO - Sync 1 DAGs
[2022-10-16 07:07:19,712] {logging_mixin.py:109} INFO - [2022-10-16 07:07:19,712] {dag.py:2937} INFO - Setting next_dagrun for example_kubernetes_executor to None
[2022-10-16 07:07:19,723] {processor.py:171} INFO - Processing /home/airflow/.local/lib/python3.7/site-packages/airflow/example_dags/example_kubernetes_executor.py took 0.068 seconds
[2022-10-16 07:07:50,899] {processor.py:163} INFO - Started process (PID=3289) to work on /home/airflow/.local/lib/python3.7/site-packages/airflow/example_dags/example_kubernetes_executor.py
[2022-10-16 07:07:50,900] {processor.py:642} INFO - Processing file /home/airflow/.local/lib/python3.7/site-packages/airflow/example_dags/example_kubernetes_executor.py for tasks to queue
[2022-10-16 07:07:50,900] {logging_mixin.py:109} INFO - [2022-10-16 07:07:50,900] {dagbag.py:500} INFO - Filling up the DagBag from /home/airflow/.local/lib/python3.7/site-packages/airflow/example_dags/example_kubernetes_executor.py
[2022-10-16 07:07:50,927] {processor.py:654} INFO - DAG(s) dict_keys(['example_kubernetes_executor']) retrieved from /home/airflow/.local/lib/python3.7/site-packages/airflow/example_dags/example_kubernetes_executor.py
[2022-10-16 07:07:50,936] {logging_mixin.py:109} INFO - [2022-10-16 07:07:50,935] {dag.py:2398} INFO - Sync 1 DAGs
[2022-10-16 07:07:50,947] {logging_mixin.py:109} INFO - [2022-10-16 07:07:50,947] {dag.py:2937} INFO - Setting next_dagrun for example_kubernetes_executor to None
[2022-10-16 07:07:50,955] {processor.py:171} INFO - Processing /home/airflow/.local/lib/python3.7/site-packages/airflow/example_dags/example_kubernetes_executor.py took 0.058 seconds
[2022-10-16 07:08:22,149] {processor.py:163} INFO - Started process (PID=3353) to work on /home/airflow/.local/lib/python3.7/site-packages/airflow/example_dags/example_kubernetes_executor.py
[2022-10-16 07:08:22,150] {processor.py:642} INFO - Processing file /home/airflow/.local/lib/python3.7/site-packages/airflow/example_dags/example_kubernetes_executor.py for tasks to queue
[2022-10-16 07:08:22,151] {logging_mixin.py:109} INFO - [2022-10-16 07:08:22,151] {dagbag.py:500} INFO - Filling up the DagBag from /home/airflow/.local/lib/python3.7/site-packages/airflow/example_dags/example_kubernetes_executor.py
[2022-10-16 07:08:22,178] {processor.py:654} INFO - DAG(s) dict_keys(['example_kubernetes_executor']) retrieved from /home/airflow/.local/lib/python3.7/site-packages/airflow/example_dags/example_kubernetes_executor.py
[2022-10-16 07:08:22,187] {logging_mixin.py:109} INFO - [2022-10-16 07:08:22,187] {dag.py:2398} INFO - Sync 1 DAGs
[2022-10-16 07:08:22,198] {logging_mixin.py:109} INFO - [2022-10-16 07:08:22,198] {dag.py:2937} INFO - Setting next_dagrun for example_kubernetes_executor to None
[2022-10-16 07:08:22,206] {processor.py:171} INFO - Processing /home/airflow/.local/lib/python3.7/site-packages/airflow/example_dags/example_kubernetes_executor.py took 0.059 seconds
[2022-10-16 07:08:53,324] {processor.py:163} INFO - Started process (PID=3426) to work on /home/airflow/.local/lib/python3.7/site-packages/airflow/example_dags/example_kubernetes_executor.py
[2022-10-16 07:08:53,324] {processor.py:642} INFO - Processing file /home/airflow/.local/lib/python3.7/site-packages/airflow/example_dags/example_kubernetes_executor.py for tasks to queue
[2022-10-16 07:08:53,325] {logging_mixin.py:109} INFO - [2022-10-16 07:08:53,325] {dagbag.py:500} INFO - Filling up the DagBag from /home/airflow/.local/lib/python3.7/site-packages/airflow/example_dags/example_kubernetes_executor.py
[2022-10-16 07:08:53,352] {processor.py:654} INFO - DAG(s) dict_keys(['example_kubernetes_executor']) retrieved from /home/airflow/.local/lib/python3.7/site-packages/airflow/example_dags/example_kubernetes_executor.py
[2022-10-16 07:08:53,360] {logging_mixin.py:109} INFO - [2022-10-16 07:08:53,360] {dag.py:2398} INFO - Sync 1 DAGs
[2022-10-16 07:08:53,371] {logging_mixin.py:109} INFO - [2022-10-16 07:08:53,371] {dag.py:2937} INFO - Setting next_dagrun for example_kubernetes_executor to None
[2022-10-16 07:08:53,385] {processor.py:171} INFO - Processing /home/airflow/.local/lib/python3.7/site-packages/airflow/example_dags/example_kubernetes_executor.py took 0.064 seconds
[2022-10-16 07:09:24,412] {processor.py:163} INFO - Started process (PID=3489) to work on /home/airflow/.local/lib/python3.7/site-packages/airflow/example_dags/example_kubernetes_executor.py
[2022-10-16 07:09:24,413] {processor.py:642} INFO - Processing file /home/airflow/.local/lib/python3.7/site-packages/airflow/example_dags/example_kubernetes_executor.py for tasks to queue
[2022-10-16 07:09:24,413] {logging_mixin.py:109} INFO - [2022-10-16 07:09:24,413] {dagbag.py:500} INFO - Filling up the DagBag from /home/airflow/.local/lib/python3.7/site-packages/airflow/example_dags/example_kubernetes_executor.py
[2022-10-16 07:09:24,439] {processor.py:654} INFO - DAG(s) dict_keys(['example_kubernetes_executor']) retrieved from /home/airflow/.local/lib/python3.7/site-packages/airflow/example_dags/example_kubernetes_executor.py
[2022-10-16 07:09:24,451] {logging_mixin.py:109} INFO - [2022-10-16 07:09:24,451] {dag.py:2398} INFO - Sync 1 DAGs
[2022-10-16 07:09:24,467] {logging_mixin.py:109} INFO - [2022-10-16 07:09:24,467] {dag.py:2937} INFO - Setting next_dagrun for example_kubernetes_executor to None
[2022-10-16 07:09:24,480] {processor.py:171} INFO - Processing /home/airflow/.local/lib/python3.7/site-packages/airflow/example_dags/example_kubernetes_executor.py took 0.071 seconds
[2022-10-16 07:09:55,321] {processor.py:163} INFO - Started process (PID=3562) to work on /home/airflow/.local/lib/python3.7/site-packages/airflow/example_dags/example_kubernetes_executor.py
[2022-10-16 07:09:55,321] {processor.py:642} INFO - Processing file /home/airflow/.local/lib/python3.7/site-packages/airflow/example_dags/example_kubernetes_executor.py for tasks to queue
[2022-10-16 07:09:55,322] {logging_mixin.py:109} INFO - [2022-10-16 07:09:55,322] {dagbag.py:500} INFO - Filling up the DagBag from /home/airflow/.local/lib/python3.7/site-packages/airflow/example_dags/example_kubernetes_executor.py
[2022-10-16 07:09:55,348] {processor.py:654} INFO - DAG(s) dict_keys(['example_kubernetes_executor']) retrieved from /home/airflow/.local/lib/python3.7/site-packages/airflow/example_dags/example_kubernetes_executor.py
[2022-10-16 07:09:55,357] {logging_mixin.py:109} INFO - [2022-10-16 07:09:55,357] {dag.py:2398} INFO - Sync 1 DAGs
[2022-10-16 07:09:55,368] {logging_mixin.py:109} INFO - [2022-10-16 07:09:55,368] {dag.py:2937} INFO - Setting next_dagrun for example_kubernetes_executor to None
[2022-10-16 07:09:55,375] {processor.py:171} INFO - Processing /home/airflow/.local/lib/python3.7/site-packages/airflow/example_dags/example_kubernetes_executor.py took 0.057 seconds
[2022-10-16 07:10:26,538] {processor.py:163} INFO - Started process (PID=3624) to work on /home/airflow/.local/lib/python3.7/site-packages/airflow/example_dags/example_kubernetes_executor.py
[2022-10-16 07:10:26,539] {processor.py:642} INFO - Processing file /home/airflow/.local/lib/python3.7/site-packages/airflow/example_dags/example_kubernetes_executor.py for tasks to queue
[2022-10-16 07:10:26,540] {logging_mixin.py:109} INFO - [2022-10-16 07:10:26,540] {dagbag.py:500} INFO - Filling up the DagBag from /home/airflow/.local/lib/python3.7/site-packages/airflow/example_dags/example_kubernetes_executor.py
[2022-10-16 07:10:26,565] {processor.py:654} INFO - DAG(s) dict_keys(['example_kubernetes_executor']) retrieved from /home/airflow/.local/lib/python3.7/site-packages/airflow/example_dags/example_kubernetes_executor.py
[2022-10-16 07:10:26,575] {logging_mixin.py:109} INFO - [2022-10-16 07:10:26,575] {dag.py:2398} INFO - Sync 1 DAGs
[2022-10-16 07:10:26,587] {logging_mixin.py:109} INFO - [2022-10-16 07:10:26,587] {dag.py:2937} INFO - Setting next_dagrun for example_kubernetes_executor to None
[2022-10-16 07:10:26,601] {processor.py:171} INFO - Processing /home/airflow/.local/lib/python3.7/site-packages/airflow/example_dags/example_kubernetes_executor.py took 0.065 seconds
[2022-10-16 07:10:56,768] {processor.py:163} INFO - Started process (PID=3698) to work on /home/airflow/.local/lib/python3.7/site-packages/airflow/example_dags/example_kubernetes_executor.py
[2022-10-16 07:10:56,769] {processor.py:642} INFO - Processing file /home/airflow/.local/lib/python3.7/site-packages/airflow/example_dags/example_kubernetes_executor.py for tasks to queue
[2022-10-16 07:10:56,769] {logging_mixin.py:109} INFO - [2022-10-16 07:10:56,769] {dagbag.py:500} INFO - Filling up the DagBag from /home/airflow/.local/lib/python3.7/site-packages/airflow/example_dags/example_kubernetes_executor.py
[2022-10-16 07:10:56,796] {processor.py:654} INFO - DAG(s) dict_keys(['example_kubernetes_executor']) retrieved from /home/airflow/.local/lib/python3.7/site-packages/airflow/example_dags/example_kubernetes_executor.py
[2022-10-16 07:10:56,806] {logging_mixin.py:109} INFO - [2022-10-16 07:10:56,806] {dag.py:2398} INFO - Sync 1 DAGs
[2022-10-16 07:10:56,819] {logging_mixin.py:109} INFO - [2022-10-16 07:10:56,819] {dag.py:2937} INFO - Setting next_dagrun for example_kubernetes_executor to None
[2022-10-16 07:10:56,833] {processor.py:171} INFO - Processing /home/airflow/.local/lib/python3.7/site-packages/airflow/example_dags/example_kubernetes_executor.py took 0.067 seconds
[2022-10-16 07:11:26,910] {processor.py:163} INFO - Started process (PID=3757) to work on /home/airflow/.local/lib/python3.7/site-packages/airflow/example_dags/example_kubernetes_executor.py
[2022-10-16 07:11:26,911] {processor.py:642} INFO - Processing file /home/airflow/.local/lib/python3.7/site-packages/airflow/example_dags/example_kubernetes_executor.py for tasks to queue
[2022-10-16 07:11:26,911] {logging_mixin.py:109} INFO - [2022-10-16 07:11:26,911] {dagbag.py:500} INFO - Filling up the DagBag from /home/airflow/.local/lib/python3.7/site-packages/airflow/example_dags/example_kubernetes_executor.py
[2022-10-16 07:11:26,938] {processor.py:654} INFO - DAG(s) dict_keys(['example_kubernetes_executor']) retrieved from /home/airflow/.local/lib/python3.7/site-packages/airflow/example_dags/example_kubernetes_executor.py
[2022-10-16 07:11:26,947] {logging_mixin.py:109} INFO - [2022-10-16 07:11:26,947] {dag.py:2398} INFO - Sync 1 DAGs
[2022-10-16 07:11:26,957] {logging_mixin.py:109} INFO - [2022-10-16 07:11:26,957] {dag.py:2937} INFO - Setting next_dagrun for example_kubernetes_executor to None
[2022-10-16 07:11:26,970] {processor.py:171} INFO - Processing /home/airflow/.local/lib/python3.7/site-packages/airflow/example_dags/example_kubernetes_executor.py took 0.062 seconds
[2022-10-16 07:11:57,989] {processor.py:163} INFO - Started process (PID=3829) to work on /home/airflow/.local/lib/python3.7/site-packages/airflow/example_dags/example_kubernetes_executor.py
[2022-10-16 07:11:57,989] {processor.py:642} INFO - Processing file /home/airflow/.local/lib/python3.7/site-packages/airflow/example_dags/example_kubernetes_executor.py for tasks to queue
[2022-10-16 07:11:57,990] {logging_mixin.py:109} INFO - [2022-10-16 07:11:57,990] {dagbag.py:500} INFO - Filling up the DagBag from /home/airflow/.local/lib/python3.7/site-packages/airflow/example_dags/example_kubernetes_executor.py
[2022-10-16 07:11:58,015] {processor.py:654} INFO - DAG(s) dict_keys(['example_kubernetes_executor']) retrieved from /home/airflow/.local/lib/python3.7/site-packages/airflow/example_dags/example_kubernetes_executor.py
[2022-10-16 07:11:58,023] {logging_mixin.py:109} INFO - [2022-10-16 07:11:58,023] {dag.py:2398} INFO - Sync 1 DAGs
[2022-10-16 07:11:58,034] {logging_mixin.py:109} INFO - [2022-10-16 07:11:58,034] {dag.py:2937} INFO - Setting next_dagrun for example_kubernetes_executor to None
[2022-10-16 07:11:58,042] {processor.py:171} INFO - Processing /home/airflow/.local/lib/python3.7/site-packages/airflow/example_dags/example_kubernetes_executor.py took 0.056 seconds
[2022-10-16 07:12:29,177] {processor.py:163} INFO - Started process (PID=3891) to work on /home/airflow/.local/lib/python3.7/site-packages/airflow/example_dags/example_kubernetes_executor.py
[2022-10-16 07:12:29,178] {processor.py:642} INFO - Processing file /home/airflow/.local/lib/python3.7/site-packages/airflow/example_dags/example_kubernetes_executor.py for tasks to queue
[2022-10-16 07:12:29,178] {logging_mixin.py:109} INFO - [2022-10-16 07:12:29,178] {dagbag.py:500} INFO - Filling up the DagBag from /home/airflow/.local/lib/python3.7/site-packages/airflow/example_dags/example_kubernetes_executor.py
[2022-10-16 07:12:29,203] {processor.py:654} INFO - DAG(s) dict_keys(['example_kubernetes_executor']) retrieved from /home/airflow/.local/lib/python3.7/site-packages/airflow/example_dags/example_kubernetes_executor.py
[2022-10-16 07:12:29,212] {logging_mixin.py:109} INFO - [2022-10-16 07:12:29,212] {dag.py:2398} INFO - Sync 1 DAGs
[2022-10-16 07:12:29,223] {logging_mixin.py:109} INFO - [2022-10-16 07:12:29,223] {dag.py:2937} INFO - Setting next_dagrun for example_kubernetes_executor to None
[2022-10-16 07:12:29,236] {processor.py:171} INFO - Processing /home/airflow/.local/lib/python3.7/site-packages/airflow/example_dags/example_kubernetes_executor.py took 0.062 seconds
[2022-10-16 07:13:00,272] {processor.py:163} INFO - Started process (PID=3962) to work on /home/airflow/.local/lib/python3.7/site-packages/airflow/example_dags/example_kubernetes_executor.py
[2022-10-16 07:13:00,273] {processor.py:642} INFO - Processing file /home/airflow/.local/lib/python3.7/site-packages/airflow/example_dags/example_kubernetes_executor.py for tasks to queue
[2022-10-16 07:13:00,273] {logging_mixin.py:109} INFO - [2022-10-16 07:13:00,273] {dagbag.py:500} INFO - Filling up the DagBag from /home/airflow/.local/lib/python3.7/site-packages/airflow/example_dags/example_kubernetes_executor.py
[2022-10-16 07:13:00,299] {processor.py:654} INFO - DAG(s) dict_keys(['example_kubernetes_executor']) retrieved from /home/airflow/.local/lib/python3.7/site-packages/airflow/example_dags/example_kubernetes_executor.py
[2022-10-16 07:13:00,307] {logging_mixin.py:109} INFO - [2022-10-16 07:13:00,307] {dag.py:2398} INFO - Sync 1 DAGs
[2022-10-16 07:13:00,317] {logging_mixin.py:109} INFO - [2022-10-16 07:13:00,317] {dag.py:2937} INFO - Setting next_dagrun for example_kubernetes_executor to None
[2022-10-16 07:13:00,325] {processor.py:171} INFO - Processing /home/airflow/.local/lib/python3.7/site-packages/airflow/example_dags/example_kubernetes_executor.py took 0.055 seconds
[2022-10-16 07:13:31,515] {processor.py:163} INFO - Started process (PID=4025) to work on /home/airflow/.local/lib/python3.7/site-packages/airflow/example_dags/example_kubernetes_executor.py
[2022-10-16 07:13:31,516] {processor.py:642} INFO - Processing file /home/airflow/.local/lib/python3.7/site-packages/airflow/example_dags/example_kubernetes_executor.py for tasks to queue
[2022-10-16 07:13:31,516] {logging_mixin.py:109} INFO - [2022-10-16 07:13:31,516] {dagbag.py:500} INFO - Filling up the DagBag from /home/airflow/.local/lib/python3.7/site-packages/airflow/example_dags/example_kubernetes_executor.py
[2022-10-16 07:13:31,546] {processor.py:654} INFO - DAG(s) dict_keys(['example_kubernetes_executor']) retrieved from /home/airflow/.local/lib/python3.7/site-packages/airflow/example_dags/example_kubernetes_executor.py
[2022-10-16 07:13:31,555] {logging_mixin.py:109} INFO - [2022-10-16 07:13:31,554] {dag.py:2398} INFO - Sync 1 DAGs
[2022-10-16 07:13:31,568] {logging_mixin.py:109} INFO - [2022-10-16 07:13:31,568] {dag.py:2937} INFO - Setting next_dagrun for example_kubernetes_executor to None
[2022-10-16 07:13:31,582] {processor.py:171} INFO - Processing /home/airflow/.local/lib/python3.7/site-packages/airflow/example_dags/example_kubernetes_executor.py took 0.070 seconds
[2022-10-16 07:14:02,027] {processor.py:163} INFO - Started process (PID=4097) to work on /home/airflow/.local/lib/python3.7/site-packages/airflow/example_dags/example_kubernetes_executor.py
[2022-10-16 07:14:02,027] {processor.py:642} INFO - Processing file /home/airflow/.local/lib/python3.7/site-packages/airflow/example_dags/example_kubernetes_executor.py for tasks to queue
[2022-10-16 07:14:02,028] {logging_mixin.py:109} INFO - [2022-10-16 07:14:02,028] {dagbag.py:500} INFO - Filling up the DagBag from /home/airflow/.local/lib/python3.7/site-packages/airflow/example_dags/example_kubernetes_executor.py
[2022-10-16 07:14:02,061] {processor.py:654} INFO - DAG(s) dict_keys(['example_kubernetes_executor']) retrieved from /home/airflow/.local/lib/python3.7/site-packages/airflow/example_dags/example_kubernetes_executor.py
[2022-10-16 07:14:02,073] {logging_mixin.py:109} INFO - [2022-10-16 07:14:02,073] {dag.py:2398} INFO - Sync 1 DAGs
[2022-10-16 07:14:02,086] {logging_mixin.py:109} INFO - [2022-10-16 07:14:02,086] {dag.py:2937} INFO - Setting next_dagrun for example_kubernetes_executor to None
[2022-10-16 07:14:02,103] {processor.py:171} INFO - Processing /home/airflow/.local/lib/python3.7/site-packages/airflow/example_dags/example_kubernetes_executor.py took 0.080 seconds
[2022-10-16 07:14:33,108] {processor.py:163} INFO - Started process (PID=4159) to work on /home/airflow/.local/lib/python3.7/site-packages/airflow/example_dags/example_kubernetes_executor.py
[2022-10-16 07:14:33,108] {processor.py:642} INFO - Processing file /home/airflow/.local/lib/python3.7/site-packages/airflow/example_dags/example_kubernetes_executor.py for tasks to queue
[2022-10-16 07:14:33,109] {logging_mixin.py:109} INFO - [2022-10-16 07:14:33,109] {dagbag.py:500} INFO - Filling up the DagBag from /home/airflow/.local/lib/python3.7/site-packages/airflow/example_dags/example_kubernetes_executor.py
[2022-10-16 07:14:33,135] {processor.py:654} INFO - DAG(s) dict_keys(['example_kubernetes_executor']) retrieved from /home/airflow/.local/lib/python3.7/site-packages/airflow/example_dags/example_kubernetes_executor.py
[2022-10-16 07:14:33,145] {logging_mixin.py:109} INFO - [2022-10-16 07:14:33,144] {dag.py:2398} INFO - Sync 1 DAGs
[2022-10-16 07:14:33,156] {logging_mixin.py:109} INFO - [2022-10-16 07:14:33,156] {dag.py:2937} INFO - Setting next_dagrun for example_kubernetes_executor to None
[2022-10-16 07:14:33,170] {processor.py:171} INFO - Processing /home/airflow/.local/lib/python3.7/site-packages/airflow/example_dags/example_kubernetes_executor.py took 0.064 seconds
[2022-10-16 07:15:03,682] {processor.py:163} INFO - Started process (PID=4232) to work on /home/airflow/.local/lib/python3.7/site-packages/airflow/example_dags/example_kubernetes_executor.py
[2022-10-16 07:15:03,682] {processor.py:642} INFO - Processing file /home/airflow/.local/lib/python3.7/site-packages/airflow/example_dags/example_kubernetes_executor.py for tasks to queue
[2022-10-16 07:15:03,683] {logging_mixin.py:109} INFO - [2022-10-16 07:15:03,683] {dagbag.py:500} INFO - Filling up the DagBag from /home/airflow/.local/lib/python3.7/site-packages/airflow/example_dags/example_kubernetes_executor.py
[2022-10-16 07:15:03,718] {processor.py:654} INFO - DAG(s) dict_keys(['example_kubernetes_executor']) retrieved from /home/airflow/.local/lib/python3.7/site-packages/airflow/example_dags/example_kubernetes_executor.py
[2022-10-16 07:15:03,733] {logging_mixin.py:109} INFO - [2022-10-16 07:15:03,732] {dag.py:2398} INFO - Sync 1 DAGs
[2022-10-16 07:15:03,747] {logging_mixin.py:109} INFO - [2022-10-16 07:15:03,747] {dag.py:2937} INFO - Setting next_dagrun for example_kubernetes_executor to None
[2022-10-16 07:15:03,795] {processor.py:171} INFO - Processing /home/airflow/.local/lib/python3.7/site-packages/airflow/example_dags/example_kubernetes_executor.py took 0.117 seconds
