[2022-10-16 06:43:22,097] {processor.py:163} INFO - Started process (PID=56) to work on /home/airflow/.local/lib/python3.7/site-packages/airflow/example_dags/example_python_operator.py
[2022-10-16 06:43:22,098] {processor.py:642} INFO - Processing file /home/airflow/.local/lib/python3.7/site-packages/airflow/example_dags/example_python_operator.py for tasks to queue
[2022-10-16 06:43:22,098] {logging_mixin.py:109} INFO - [2022-10-16 06:43:22,098] {dagbag.py:500} INFO - Filling up the DagBag from /home/airflow/.local/lib/python3.7/site-packages/airflow/example_dags/example_python_operator.py
[2022-10-16 06:43:22,184] {processor.py:654} INFO - DAG(s) dict_keys(['example_python_operator']) retrieved from /home/airflow/.local/lib/python3.7/site-packages/airflow/example_dags/example_python_operator.py
[2022-10-16 06:43:22,199] {logging_mixin.py:109} INFO - [2022-10-16 06:43:22,198] {dag.py:2398} INFO - Sync 1 DAGs
[2022-10-16 06:43:22,222] {logging_mixin.py:109} INFO - [2022-10-16 06:43:22,222] {dag.py:2937} INFO - Setting next_dagrun for example_python_operator to None
[2022-10-16 06:43:22,242] {processor.py:171} INFO - Processing /home/airflow/.local/lib/python3.7/site-packages/airflow/example_dags/example_python_operator.py took 0.156 seconds
[2022-10-16 06:43:52,476] {processor.py:163} INFO - Started process (PID=111) to work on /home/airflow/.local/lib/python3.7/site-packages/airflow/example_dags/example_python_operator.py
[2022-10-16 06:43:52,477] {processor.py:642} INFO - Processing file /home/airflow/.local/lib/python3.7/site-packages/airflow/example_dags/example_python_operator.py for tasks to queue
[2022-10-16 06:43:52,477] {logging_mixin.py:109} INFO - [2022-10-16 06:43:52,477] {dagbag.py:500} INFO - Filling up the DagBag from /home/airflow/.local/lib/python3.7/site-packages/airflow/example_dags/example_python_operator.py
[2022-10-16 06:43:52,501] {processor.py:654} INFO - DAG(s) dict_keys(['example_python_operator']) retrieved from /home/airflow/.local/lib/python3.7/site-packages/airflow/example_dags/example_python_operator.py
[2022-10-16 06:43:52,508] {logging_mixin.py:109} INFO - [2022-10-16 06:43:52,508] {dag.py:2398} INFO - Sync 1 DAGs
[2022-10-16 06:43:52,518] {logging_mixin.py:109} INFO - [2022-10-16 06:43:52,518] {dag.py:2937} INFO - Setting next_dagrun for example_python_operator to None
[2022-10-16 06:43:52,529] {processor.py:171} INFO - Processing /home/airflow/.local/lib/python3.7/site-packages/airflow/example_dags/example_python_operator.py took 0.055 seconds
[2022-10-16 06:44:23,126] {processor.py:163} INFO - Started process (PID=182) to work on /home/airflow/.local/lib/python3.7/site-packages/airflow/example_dags/example_python_operator.py
[2022-10-16 06:44:23,127] {processor.py:642} INFO - Processing file /home/airflow/.local/lib/python3.7/site-packages/airflow/example_dags/example_python_operator.py for tasks to queue
[2022-10-16 06:44:23,127] {logging_mixin.py:109} INFO - [2022-10-16 06:44:23,127] {dagbag.py:500} INFO - Filling up the DagBag from /home/airflow/.local/lib/python3.7/site-packages/airflow/example_dags/example_python_operator.py
[2022-10-16 06:44:23,152] {processor.py:654} INFO - DAG(s) dict_keys(['example_python_operator']) retrieved from /home/airflow/.local/lib/python3.7/site-packages/airflow/example_dags/example_python_operator.py
[2022-10-16 06:44:23,159] {logging_mixin.py:109} INFO - [2022-10-16 06:44:23,159] {dag.py:2398} INFO - Sync 1 DAGs
[2022-10-16 06:44:23,169] {logging_mixin.py:109} INFO - [2022-10-16 06:44:23,169] {dag.py:2937} INFO - Setting next_dagrun for example_python_operator to None
[2022-10-16 06:44:23,182] {processor.py:171} INFO - Processing /home/airflow/.local/lib/python3.7/site-packages/airflow/example_dags/example_python_operator.py took 0.058 seconds
[2022-10-16 06:44:53,217] {processor.py:163} INFO - Started process (PID=243) to work on /home/airflow/.local/lib/python3.7/site-packages/airflow/example_dags/example_python_operator.py
[2022-10-16 06:44:53,218] {processor.py:642} INFO - Processing file /home/airflow/.local/lib/python3.7/site-packages/airflow/example_dags/example_python_operator.py for tasks to queue
[2022-10-16 06:44:53,218] {logging_mixin.py:109} INFO - [2022-10-16 06:44:53,218] {dagbag.py:500} INFO - Filling up the DagBag from /home/airflow/.local/lib/python3.7/site-packages/airflow/example_dags/example_python_operator.py
[2022-10-16 06:44:53,242] {processor.py:654} INFO - DAG(s) dict_keys(['example_python_operator']) retrieved from /home/airflow/.local/lib/python3.7/site-packages/airflow/example_dags/example_python_operator.py
[2022-10-16 06:44:53,249] {logging_mixin.py:109} INFO - [2022-10-16 06:44:53,249] {dag.py:2398} INFO - Sync 1 DAGs
[2022-10-16 06:44:53,259] {logging_mixin.py:109} INFO - [2022-10-16 06:44:53,259] {dag.py:2937} INFO - Setting next_dagrun for example_python_operator to None
[2022-10-16 06:44:53,271] {processor.py:171} INFO - Processing /home/airflow/.local/lib/python3.7/site-packages/airflow/example_dags/example_python_operator.py took 0.056 seconds
[2022-10-16 06:45:23,376] {processor.py:163} INFO - Started process (PID=314) to work on /home/airflow/.local/lib/python3.7/site-packages/airflow/example_dags/example_python_operator.py
[2022-10-16 06:45:23,376] {processor.py:642} INFO - Processing file /home/airflow/.local/lib/python3.7/site-packages/airflow/example_dags/example_python_operator.py for tasks to queue
[2022-10-16 06:45:23,377] {logging_mixin.py:109} INFO - [2022-10-16 06:45:23,377] {dagbag.py:500} INFO - Filling up the DagBag from /home/airflow/.local/lib/python3.7/site-packages/airflow/example_dags/example_python_operator.py
[2022-10-16 06:45:23,400] {processor.py:654} INFO - DAG(s) dict_keys(['example_python_operator']) retrieved from /home/airflow/.local/lib/python3.7/site-packages/airflow/example_dags/example_python_operator.py
[2022-10-16 06:45:23,407] {logging_mixin.py:109} INFO - [2022-10-16 06:45:23,407] {dag.py:2398} INFO - Sync 1 DAGs
[2022-10-16 06:45:23,417] {logging_mixin.py:109} INFO - [2022-10-16 06:45:23,417] {dag.py:2937} INFO - Setting next_dagrun for example_python_operator to None
[2022-10-16 06:45:23,429] {processor.py:171} INFO - Processing /home/airflow/.local/lib/python3.7/site-packages/airflow/example_dags/example_python_operator.py took 0.055 seconds
[2022-10-16 06:45:54,320] {processor.py:163} INFO - Started process (PID=376) to work on /home/airflow/.local/lib/python3.7/site-packages/airflow/example_dags/example_python_operator.py
[2022-10-16 06:45:54,321] {processor.py:642} INFO - Processing file /home/airflow/.local/lib/python3.7/site-packages/airflow/example_dags/example_python_operator.py for tasks to queue
[2022-10-16 06:45:54,322] {logging_mixin.py:109} INFO - [2022-10-16 06:45:54,321] {dagbag.py:500} INFO - Filling up the DagBag from /home/airflow/.local/lib/python3.7/site-packages/airflow/example_dags/example_python_operator.py
[2022-10-16 06:45:54,346] {processor.py:654} INFO - DAG(s) dict_keys(['example_python_operator']) retrieved from /home/airflow/.local/lib/python3.7/site-packages/airflow/example_dags/example_python_operator.py
[2022-10-16 06:45:54,353] {logging_mixin.py:109} INFO - [2022-10-16 06:45:54,353] {dag.py:2398} INFO - Sync 1 DAGs
[2022-10-16 06:45:54,363] {logging_mixin.py:109} INFO - [2022-10-16 06:45:54,363] {dag.py:2937} INFO - Setting next_dagrun for example_python_operator to None
[2022-10-16 06:45:54,379] {processor.py:171} INFO - Processing /home/airflow/.local/lib/python3.7/site-packages/airflow/example_dags/example_python_operator.py took 0.060 seconds
[2022-10-16 06:46:24,501] {processor.py:163} INFO - Started process (PID=447) to work on /home/airflow/.local/lib/python3.7/site-packages/airflow/example_dags/example_python_operator.py
[2022-10-16 06:46:24,502] {processor.py:642} INFO - Processing file /home/airflow/.local/lib/python3.7/site-packages/airflow/example_dags/example_python_operator.py for tasks to queue
[2022-10-16 06:46:24,503] {logging_mixin.py:109} INFO - [2022-10-16 06:46:24,503] {dagbag.py:500} INFO - Filling up the DagBag from /home/airflow/.local/lib/python3.7/site-packages/airflow/example_dags/example_python_operator.py
[2022-10-16 06:46:24,529] {processor.py:654} INFO - DAG(s) dict_keys(['example_python_operator']) retrieved from /home/airflow/.local/lib/python3.7/site-packages/airflow/example_dags/example_python_operator.py
[2022-10-16 06:46:24,536] {logging_mixin.py:109} INFO - [2022-10-16 06:46:24,536] {dag.py:2398} INFO - Sync 1 DAGs
[2022-10-16 06:46:24,546] {logging_mixin.py:109} INFO - [2022-10-16 06:46:24,546] {dag.py:2937} INFO - Setting next_dagrun for example_python_operator to None
[2022-10-16 06:46:24,560] {processor.py:171} INFO - Processing /home/airflow/.local/lib/python3.7/site-packages/airflow/example_dags/example_python_operator.py took 0.061 seconds
[2022-10-16 06:46:54,657] {processor.py:163} INFO - Started process (PID=509) to work on /home/airflow/.local/lib/python3.7/site-packages/airflow/example_dags/example_python_operator.py
[2022-10-16 06:46:54,658] {processor.py:642} INFO - Processing file /home/airflow/.local/lib/python3.7/site-packages/airflow/example_dags/example_python_operator.py for tasks to queue
[2022-10-16 06:46:54,658] {logging_mixin.py:109} INFO - [2022-10-16 06:46:54,658] {dagbag.py:500} INFO - Filling up the DagBag from /home/airflow/.local/lib/python3.7/site-packages/airflow/example_dags/example_python_operator.py
[2022-10-16 06:46:54,683] {processor.py:654} INFO - DAG(s) dict_keys(['example_python_operator']) retrieved from /home/airflow/.local/lib/python3.7/site-packages/airflow/example_dags/example_python_operator.py
[2022-10-16 06:46:54,689] {logging_mixin.py:109} INFO - [2022-10-16 06:46:54,689] {dag.py:2398} INFO - Sync 1 DAGs
[2022-10-16 06:46:54,700] {logging_mixin.py:109} INFO - [2022-10-16 06:46:54,700] {dag.py:2937} INFO - Setting next_dagrun for example_python_operator to None
[2022-10-16 06:46:54,707] {processor.py:171} INFO - Processing /home/airflow/.local/lib/python3.7/site-packages/airflow/example_dags/example_python_operator.py took 0.053 seconds
[2022-10-16 06:47:25,587] {processor.py:163} INFO - Started process (PID=581) to work on /home/airflow/.local/lib/python3.7/site-packages/airflow/example_dags/example_python_operator.py
[2022-10-16 06:47:25,588] {processor.py:642} INFO - Processing file /home/airflow/.local/lib/python3.7/site-packages/airflow/example_dags/example_python_operator.py for tasks to queue
[2022-10-16 06:47:25,589] {logging_mixin.py:109} INFO - [2022-10-16 06:47:25,589] {dagbag.py:500} INFO - Filling up the DagBag from /home/airflow/.local/lib/python3.7/site-packages/airflow/example_dags/example_python_operator.py
[2022-10-16 06:47:25,614] {processor.py:654} INFO - DAG(s) dict_keys(['example_python_operator']) retrieved from /home/airflow/.local/lib/python3.7/site-packages/airflow/example_dags/example_python_operator.py
[2022-10-16 06:47:25,621] {logging_mixin.py:109} INFO - [2022-10-16 06:47:25,621] {dag.py:2398} INFO - Sync 1 DAGs
[2022-10-16 06:47:25,632] {logging_mixin.py:109} INFO - [2022-10-16 06:47:25,632] {dag.py:2937} INFO - Setting next_dagrun for example_python_operator to None
[2022-10-16 06:47:25,652] {processor.py:171} INFO - Processing /home/airflow/.local/lib/python3.7/site-packages/airflow/example_dags/example_python_operator.py took 0.067 seconds
[2022-10-16 06:47:55,766] {processor.py:163} INFO - Started process (PID=643) to work on /home/airflow/.local/lib/python3.7/site-packages/airflow/example_dags/example_python_operator.py
[2022-10-16 06:47:55,767] {processor.py:642} INFO - Processing file /home/airflow/.local/lib/python3.7/site-packages/airflow/example_dags/example_python_operator.py for tasks to queue
[2022-10-16 06:47:55,767] {logging_mixin.py:109} INFO - [2022-10-16 06:47:55,767] {dagbag.py:500} INFO - Filling up the DagBag from /home/airflow/.local/lib/python3.7/site-packages/airflow/example_dags/example_python_operator.py
[2022-10-16 06:47:55,792] {processor.py:654} INFO - DAG(s) dict_keys(['example_python_operator']) retrieved from /home/airflow/.local/lib/python3.7/site-packages/airflow/example_dags/example_python_operator.py
[2022-10-16 06:47:55,798] {logging_mixin.py:109} INFO - [2022-10-16 06:47:55,798] {dag.py:2398} INFO - Sync 1 DAGs
[2022-10-16 06:47:55,810] {logging_mixin.py:109} INFO - [2022-10-16 06:47:55,810] {dag.py:2937} INFO - Setting next_dagrun for example_python_operator to None
[2022-10-16 06:47:55,819] {processor.py:171} INFO - Processing /home/airflow/.local/lib/python3.7/site-packages/airflow/example_dags/example_python_operator.py took 0.055 seconds
[2022-10-16 06:48:25,929] {processor.py:163} INFO - Started process (PID=714) to work on /home/airflow/.local/lib/python3.7/site-packages/airflow/example_dags/example_python_operator.py
[2022-10-16 06:48:25,930] {processor.py:642} INFO - Processing file /home/airflow/.local/lib/python3.7/site-packages/airflow/example_dags/example_python_operator.py for tasks to queue
[2022-10-16 06:48:25,931] {logging_mixin.py:109} INFO - [2022-10-16 06:48:25,931] {dagbag.py:500} INFO - Filling up the DagBag from /home/airflow/.local/lib/python3.7/site-packages/airflow/example_dags/example_python_operator.py
[2022-10-16 06:48:25,956] {processor.py:654} INFO - DAG(s) dict_keys(['example_python_operator']) retrieved from /home/airflow/.local/lib/python3.7/site-packages/airflow/example_dags/example_python_operator.py
[2022-10-16 06:48:25,962] {logging_mixin.py:109} INFO - [2022-10-16 06:48:25,962] {dag.py:2398} INFO - Sync 1 DAGs
[2022-10-16 06:48:25,972] {logging_mixin.py:109} INFO - [2022-10-16 06:48:25,972] {dag.py:2937} INFO - Setting next_dagrun for example_python_operator to None
[2022-10-16 06:48:25,985] {processor.py:171} INFO - Processing /home/airflow/.local/lib/python3.7/site-packages/airflow/example_dags/example_python_operator.py took 0.058 seconds
[2022-10-16 06:48:56,164] {processor.py:163} INFO - Started process (PID=776) to work on /home/airflow/.local/lib/python3.7/site-packages/airflow/example_dags/example_python_operator.py
[2022-10-16 06:48:56,165] {processor.py:642} INFO - Processing file /home/airflow/.local/lib/python3.7/site-packages/airflow/example_dags/example_python_operator.py for tasks to queue
[2022-10-16 06:48:56,166] {logging_mixin.py:109} INFO - [2022-10-16 06:48:56,166] {dagbag.py:500} INFO - Filling up the DagBag from /home/airflow/.local/lib/python3.7/site-packages/airflow/example_dags/example_python_operator.py
[2022-10-16 06:48:56,194] {processor.py:654} INFO - DAG(s) dict_keys(['example_python_operator']) retrieved from /home/airflow/.local/lib/python3.7/site-packages/airflow/example_dags/example_python_operator.py
[2022-10-16 06:48:56,202] {logging_mixin.py:109} INFO - [2022-10-16 06:48:56,202] {dag.py:2398} INFO - Sync 1 DAGs
[2022-10-16 06:48:56,213] {logging_mixin.py:109} INFO - [2022-10-16 06:48:56,213] {dag.py:2937} INFO - Setting next_dagrun for example_python_operator to None
[2022-10-16 06:48:56,221] {processor.py:171} INFO - Processing /home/airflow/.local/lib/python3.7/site-packages/airflow/example_dags/example_python_operator.py took 0.059 seconds
[2022-10-16 06:49:27,189] {processor.py:163} INFO - Started process (PID=847) to work on /home/airflow/.local/lib/python3.7/site-packages/airflow/example_dags/example_python_operator.py
[2022-10-16 06:49:27,189] {processor.py:642} INFO - Processing file /home/airflow/.local/lib/python3.7/site-packages/airflow/example_dags/example_python_operator.py for tasks to queue
[2022-10-16 06:49:27,190] {logging_mixin.py:109} INFO - [2022-10-16 06:49:27,190] {dagbag.py:500} INFO - Filling up the DagBag from /home/airflow/.local/lib/python3.7/site-packages/airflow/example_dags/example_python_operator.py
[2022-10-16 06:49:27,214] {processor.py:654} INFO - DAG(s) dict_keys(['example_python_operator']) retrieved from /home/airflow/.local/lib/python3.7/site-packages/airflow/example_dags/example_python_operator.py
[2022-10-16 06:49:27,221] {logging_mixin.py:109} INFO - [2022-10-16 06:49:27,220] {dag.py:2398} INFO - Sync 1 DAGs
[2022-10-16 06:49:27,231] {logging_mixin.py:109} INFO - [2022-10-16 06:49:27,231] {dag.py:2937} INFO - Setting next_dagrun for example_python_operator to None
[2022-10-16 06:49:27,238] {processor.py:171} INFO - Processing /home/airflow/.local/lib/python3.7/site-packages/airflow/example_dags/example_python_operator.py took 0.051 seconds
[2022-10-16 06:49:57,358] {processor.py:163} INFO - Started process (PID=910) to work on /home/airflow/.local/lib/python3.7/site-packages/airflow/example_dags/example_python_operator.py
[2022-10-16 06:49:57,358] {processor.py:642} INFO - Processing file /home/airflow/.local/lib/python3.7/site-packages/airflow/example_dags/example_python_operator.py for tasks to queue
[2022-10-16 06:49:57,359] {logging_mixin.py:109} INFO - [2022-10-16 06:49:57,359] {dagbag.py:500} INFO - Filling up the DagBag from /home/airflow/.local/lib/python3.7/site-packages/airflow/example_dags/example_python_operator.py
[2022-10-16 06:49:57,384] {processor.py:654} INFO - DAG(s) dict_keys(['example_python_operator']) retrieved from /home/airflow/.local/lib/python3.7/site-packages/airflow/example_dags/example_python_operator.py
[2022-10-16 06:49:57,391] {logging_mixin.py:109} INFO - [2022-10-16 06:49:57,391] {dag.py:2398} INFO - Sync 1 DAGs
[2022-10-16 06:49:57,402] {logging_mixin.py:109} INFO - [2022-10-16 06:49:57,402] {dag.py:2937} INFO - Setting next_dagrun for example_python_operator to None
[2022-10-16 06:49:57,421] {processor.py:171} INFO - Processing /home/airflow/.local/lib/python3.7/site-packages/airflow/example_dags/example_python_operator.py took 0.066 seconds
[2022-10-16 06:50:27,446] {processor.py:163} INFO - Started process (PID=982) to work on /home/airflow/.local/lib/python3.7/site-packages/airflow/example_dags/example_python_operator.py
[2022-10-16 06:50:27,447] {processor.py:642} INFO - Processing file /home/airflow/.local/lib/python3.7/site-packages/airflow/example_dags/example_python_operator.py for tasks to queue
[2022-10-16 06:50:27,447] {logging_mixin.py:109} INFO - [2022-10-16 06:50:27,447] {dagbag.py:500} INFO - Filling up the DagBag from /home/airflow/.local/lib/python3.7/site-packages/airflow/example_dags/example_python_operator.py
[2022-10-16 06:50:27,473] {processor.py:654} INFO - DAG(s) dict_keys(['example_python_operator']) retrieved from /home/airflow/.local/lib/python3.7/site-packages/airflow/example_dags/example_python_operator.py
[2022-10-16 06:50:27,480] {logging_mixin.py:109} INFO - [2022-10-16 06:50:27,479] {dag.py:2398} INFO - Sync 1 DAGs
[2022-10-16 06:50:27,490] {logging_mixin.py:109} INFO - [2022-10-16 06:50:27,490] {dag.py:2937} INFO - Setting next_dagrun for example_python_operator to None
[2022-10-16 06:50:27,506] {processor.py:171} INFO - Processing /home/airflow/.local/lib/python3.7/site-packages/airflow/example_dags/example_python_operator.py took 0.062 seconds
[2022-10-16 06:50:57,918] {processor.py:163} INFO - Started process (PID=1045) to work on /home/airflow/.local/lib/python3.7/site-packages/airflow/example_dags/example_python_operator.py
[2022-10-16 06:50:57,919] {processor.py:642} INFO - Processing file /home/airflow/.local/lib/python3.7/site-packages/airflow/example_dags/example_python_operator.py for tasks to queue
[2022-10-16 06:50:57,919] {logging_mixin.py:109} INFO - [2022-10-16 06:50:57,919] {dagbag.py:500} INFO - Filling up the DagBag from /home/airflow/.local/lib/python3.7/site-packages/airflow/example_dags/example_python_operator.py
[2022-10-16 06:50:57,944] {processor.py:654} INFO - DAG(s) dict_keys(['example_python_operator']) retrieved from /home/airflow/.local/lib/python3.7/site-packages/airflow/example_dags/example_python_operator.py
[2022-10-16 06:50:57,950] {logging_mixin.py:109} INFO - [2022-10-16 06:50:57,950] {dag.py:2398} INFO - Sync 1 DAGs
[2022-10-16 06:50:57,960] {logging_mixin.py:109} INFO - [2022-10-16 06:50:57,960] {dag.py:2937} INFO - Setting next_dagrun for example_python_operator to None
[2022-10-16 06:50:57,974] {processor.py:171} INFO - Processing /home/airflow/.local/lib/python3.7/site-packages/airflow/example_dags/example_python_operator.py took 0.059 seconds
[2022-10-16 06:51:28,123] {processor.py:163} INFO - Started process (PID=1118) to work on /home/airflow/.local/lib/python3.7/site-packages/airflow/example_dags/example_python_operator.py
[2022-10-16 06:51:28,123] {processor.py:642} INFO - Processing file /home/airflow/.local/lib/python3.7/site-packages/airflow/example_dags/example_python_operator.py for tasks to queue
[2022-10-16 06:51:28,124] {logging_mixin.py:109} INFO - [2022-10-16 06:51:28,124] {dagbag.py:500} INFO - Filling up the DagBag from /home/airflow/.local/lib/python3.7/site-packages/airflow/example_dags/example_python_operator.py
[2022-10-16 06:51:28,148] {processor.py:654} INFO - DAG(s) dict_keys(['example_python_operator']) retrieved from /home/airflow/.local/lib/python3.7/site-packages/airflow/example_dags/example_python_operator.py
[2022-10-16 06:51:28,155] {logging_mixin.py:109} INFO - [2022-10-16 06:51:28,155] {dag.py:2398} INFO - Sync 1 DAGs
[2022-10-16 06:51:28,165] {logging_mixin.py:109} INFO - [2022-10-16 06:51:28,165] {dag.py:2937} INFO - Setting next_dagrun for example_python_operator to None
[2022-10-16 06:51:28,186] {processor.py:171} INFO - Processing /home/airflow/.local/lib/python3.7/site-packages/airflow/example_dags/example_python_operator.py took 0.066 seconds
[2022-10-16 06:51:58,594] {processor.py:163} INFO - Started process (PID=1180) to work on /home/airflow/.local/lib/python3.7/site-packages/airflow/example_dags/example_python_operator.py
[2022-10-16 06:51:58,595] {processor.py:642} INFO - Processing file /home/airflow/.local/lib/python3.7/site-packages/airflow/example_dags/example_python_operator.py for tasks to queue
[2022-10-16 06:51:58,595] {logging_mixin.py:109} INFO - [2022-10-16 06:51:58,595] {dagbag.py:500} INFO - Filling up the DagBag from /home/airflow/.local/lib/python3.7/site-packages/airflow/example_dags/example_python_operator.py
[2022-10-16 06:51:58,620] {processor.py:654} INFO - DAG(s) dict_keys(['example_python_operator']) retrieved from /home/airflow/.local/lib/python3.7/site-packages/airflow/example_dags/example_python_operator.py
[2022-10-16 06:51:58,627] {logging_mixin.py:109} INFO - [2022-10-16 06:51:58,627] {dag.py:2398} INFO - Sync 1 DAGs
[2022-10-16 06:51:58,637] {logging_mixin.py:109} INFO - [2022-10-16 06:51:58,637] {dag.py:2937} INFO - Setting next_dagrun for example_python_operator to None
[2022-10-16 06:51:58,651] {processor.py:171} INFO - Processing /home/airflow/.local/lib/python3.7/site-packages/airflow/example_dags/example_python_operator.py took 0.059 seconds
[2022-10-16 06:52:29,036] {processor.py:163} INFO - Started process (PID=1251) to work on /home/airflow/.local/lib/python3.7/site-packages/airflow/example_dags/example_python_operator.py
[2022-10-16 06:52:29,036] {processor.py:642} INFO - Processing file /home/airflow/.local/lib/python3.7/site-packages/airflow/example_dags/example_python_operator.py for tasks to queue
[2022-10-16 06:52:29,037] {logging_mixin.py:109} INFO - [2022-10-16 06:52:29,037] {dagbag.py:500} INFO - Filling up the DagBag from /home/airflow/.local/lib/python3.7/site-packages/airflow/example_dags/example_python_operator.py
[2022-10-16 06:52:29,063] {processor.py:654} INFO - DAG(s) dict_keys(['example_python_operator']) retrieved from /home/airflow/.local/lib/python3.7/site-packages/airflow/example_dags/example_python_operator.py
[2022-10-16 06:52:29,072] {logging_mixin.py:109} INFO - [2022-10-16 06:52:29,072] {dag.py:2398} INFO - Sync 1 DAGs
[2022-10-16 06:52:29,086] {logging_mixin.py:109} INFO - [2022-10-16 06:52:29,086] {dag.py:2937} INFO - Setting next_dagrun for example_python_operator to None
[2022-10-16 06:52:29,096] {processor.py:171} INFO - Processing /home/airflow/.local/lib/python3.7/site-packages/airflow/example_dags/example_python_operator.py took 0.063 seconds
[2022-10-16 06:52:59,183] {processor.py:163} INFO - Started process (PID=1313) to work on /home/airflow/.local/lib/python3.7/site-packages/airflow/example_dags/example_python_operator.py
[2022-10-16 06:52:59,184] {processor.py:642} INFO - Processing file /home/airflow/.local/lib/python3.7/site-packages/airflow/example_dags/example_python_operator.py for tasks to queue
[2022-10-16 06:52:59,184] {logging_mixin.py:109} INFO - [2022-10-16 06:52:59,184] {dagbag.py:500} INFO - Filling up the DagBag from /home/airflow/.local/lib/python3.7/site-packages/airflow/example_dags/example_python_operator.py
[2022-10-16 06:52:59,210] {processor.py:654} INFO - DAG(s) dict_keys(['example_python_operator']) retrieved from /home/airflow/.local/lib/python3.7/site-packages/airflow/example_dags/example_python_operator.py
[2022-10-16 06:52:59,216] {logging_mixin.py:109} INFO - [2022-10-16 06:52:59,216] {dag.py:2398} INFO - Sync 1 DAGs
[2022-10-16 06:52:59,228] {logging_mixin.py:109} INFO - [2022-10-16 06:52:59,228] {dag.py:2937} INFO - Setting next_dagrun for example_python_operator to None
[2022-10-16 06:52:59,242] {processor.py:171} INFO - Processing /home/airflow/.local/lib/python3.7/site-packages/airflow/example_dags/example_python_operator.py took 0.060 seconds
[2022-10-16 06:53:29,626] {processor.py:163} INFO - Started process (PID=1384) to work on /home/airflow/.local/lib/python3.7/site-packages/airflow/example_dags/example_python_operator.py
[2022-10-16 06:53:29,627] {processor.py:642} INFO - Processing file /home/airflow/.local/lib/python3.7/site-packages/airflow/example_dags/example_python_operator.py for tasks to queue
[2022-10-16 06:53:29,627] {logging_mixin.py:109} INFO - [2022-10-16 06:53:29,627] {dagbag.py:500} INFO - Filling up the DagBag from /home/airflow/.local/lib/python3.7/site-packages/airflow/example_dags/example_python_operator.py
[2022-10-16 06:53:29,652] {processor.py:654} INFO - DAG(s) dict_keys(['example_python_operator']) retrieved from /home/airflow/.local/lib/python3.7/site-packages/airflow/example_dags/example_python_operator.py
[2022-10-16 06:53:29,659] {logging_mixin.py:109} INFO - [2022-10-16 06:53:29,659] {dag.py:2398} INFO - Sync 1 DAGs
[2022-10-16 06:53:29,670] {logging_mixin.py:109} INFO - [2022-10-16 06:53:29,670] {dag.py:2937} INFO - Setting next_dagrun for example_python_operator to None
[2022-10-16 06:53:29,685] {processor.py:171} INFO - Processing /home/airflow/.local/lib/python3.7/site-packages/airflow/example_dags/example_python_operator.py took 0.061 seconds
[2022-10-16 06:53:59,992] {processor.py:163} INFO - Started process (PID=1448) to work on /home/airflow/.local/lib/python3.7/site-packages/airflow/example_dags/example_python_operator.py
[2022-10-16 06:53:59,993] {processor.py:642} INFO - Processing file /home/airflow/.local/lib/python3.7/site-packages/airflow/example_dags/example_python_operator.py for tasks to queue
[2022-10-16 06:53:59,993] {logging_mixin.py:109} INFO - [2022-10-16 06:53:59,993] {dagbag.py:500} INFO - Filling up the DagBag from /home/airflow/.local/lib/python3.7/site-packages/airflow/example_dags/example_python_operator.py
[2022-10-16 06:54:00,017] {processor.py:654} INFO - DAG(s) dict_keys(['example_python_operator']) retrieved from /home/airflow/.local/lib/python3.7/site-packages/airflow/example_dags/example_python_operator.py
[2022-10-16 06:54:00,024] {logging_mixin.py:109} INFO - [2022-10-16 06:54:00,024] {dag.py:2398} INFO - Sync 1 DAGs
[2022-10-16 06:54:00,034] {logging_mixin.py:109} INFO - [2022-10-16 06:54:00,034] {dag.py:2937} INFO - Setting next_dagrun for example_python_operator to None
[2022-10-16 06:54:00,062] {processor.py:171} INFO - Processing /home/airflow/.local/lib/python3.7/site-packages/airflow/example_dags/example_python_operator.py took 0.072 seconds
[2022-10-16 06:54:30,351] {processor.py:163} INFO - Started process (PID=1520) to work on /home/airflow/.local/lib/python3.7/site-packages/airflow/example_dags/example_python_operator.py
[2022-10-16 06:54:30,352] {processor.py:642} INFO - Processing file /home/airflow/.local/lib/python3.7/site-packages/airflow/example_dags/example_python_operator.py for tasks to queue
[2022-10-16 06:54:30,352] {logging_mixin.py:109} INFO - [2022-10-16 06:54:30,352] {dagbag.py:500} INFO - Filling up the DagBag from /home/airflow/.local/lib/python3.7/site-packages/airflow/example_dags/example_python_operator.py
[2022-10-16 06:54:30,378] {processor.py:654} INFO - DAG(s) dict_keys(['example_python_operator']) retrieved from /home/airflow/.local/lib/python3.7/site-packages/airflow/example_dags/example_python_operator.py
[2022-10-16 06:54:30,385] {logging_mixin.py:109} INFO - [2022-10-16 06:54:30,385] {dag.py:2398} INFO - Sync 1 DAGs
[2022-10-16 06:54:30,396] {logging_mixin.py:109} INFO - [2022-10-16 06:54:30,396] {dag.py:2937} INFO - Setting next_dagrun for example_python_operator to None
[2022-10-16 06:54:30,408] {processor.py:171} INFO - Processing /home/airflow/.local/lib/python3.7/site-packages/airflow/example_dags/example_python_operator.py took 0.059 seconds
[2022-10-16 06:55:00,532] {processor.py:163} INFO - Started process (PID=1583) to work on /home/airflow/.local/lib/python3.7/site-packages/airflow/example_dags/example_python_operator.py
[2022-10-16 06:55:00,533] {processor.py:642} INFO - Processing file /home/airflow/.local/lib/python3.7/site-packages/airflow/example_dags/example_python_operator.py for tasks to queue
[2022-10-16 06:55:00,533] {logging_mixin.py:109} INFO - [2022-10-16 06:55:00,533] {dagbag.py:500} INFO - Filling up the DagBag from /home/airflow/.local/lib/python3.7/site-packages/airflow/example_dags/example_python_operator.py
[2022-10-16 06:55:00,558] {processor.py:654} INFO - DAG(s) dict_keys(['example_python_operator']) retrieved from /home/airflow/.local/lib/python3.7/site-packages/airflow/example_dags/example_python_operator.py
[2022-10-16 06:55:00,564] {logging_mixin.py:109} INFO - [2022-10-16 06:55:00,564] {dag.py:2398} INFO - Sync 1 DAGs
[2022-10-16 06:55:00,575] {logging_mixin.py:109} INFO - [2022-10-16 06:55:00,575] {dag.py:2937} INFO - Setting next_dagrun for example_python_operator to None
[2022-10-16 06:55:00,587] {processor.py:171} INFO - Processing /home/airflow/.local/lib/python3.7/site-packages/airflow/example_dags/example_python_operator.py took 0.057 seconds
[2022-10-16 06:55:30,759] {processor.py:163} INFO - Started process (PID=1656) to work on /home/airflow/.local/lib/python3.7/site-packages/airflow/example_dags/example_python_operator.py
[2022-10-16 06:55:30,760] {processor.py:642} INFO - Processing file /home/airflow/.local/lib/python3.7/site-packages/airflow/example_dags/example_python_operator.py for tasks to queue
[2022-10-16 06:55:30,760] {logging_mixin.py:109} INFO - [2022-10-16 06:55:30,760] {dagbag.py:500} INFO - Filling up the DagBag from /home/airflow/.local/lib/python3.7/site-packages/airflow/example_dags/example_python_operator.py
[2022-10-16 06:55:30,785] {processor.py:654} INFO - DAG(s) dict_keys(['example_python_operator']) retrieved from /home/airflow/.local/lib/python3.7/site-packages/airflow/example_dags/example_python_operator.py
[2022-10-16 06:55:30,793] {logging_mixin.py:109} INFO - [2022-10-16 06:55:30,793] {dag.py:2398} INFO - Sync 1 DAGs
[2022-10-16 06:55:30,804] {logging_mixin.py:109} INFO - [2022-10-16 06:55:30,804] {dag.py:2937} INFO - Setting next_dagrun for example_python_operator to None
[2022-10-16 06:55:30,821] {processor.py:171} INFO - Processing /home/airflow/.local/lib/python3.7/site-packages/airflow/example_dags/example_python_operator.py took 0.063 seconds
[2022-10-16 06:56:01,131] {processor.py:163} INFO - Started process (PID=1718) to work on /home/airflow/.local/lib/python3.7/site-packages/airflow/example_dags/example_python_operator.py
[2022-10-16 06:56:01,132] {processor.py:642} INFO - Processing file /home/airflow/.local/lib/python3.7/site-packages/airflow/example_dags/example_python_operator.py for tasks to queue
[2022-10-16 06:56:01,132] {logging_mixin.py:109} INFO - [2022-10-16 06:56:01,132] {dagbag.py:500} INFO - Filling up the DagBag from /home/airflow/.local/lib/python3.7/site-packages/airflow/example_dags/example_python_operator.py
[2022-10-16 06:56:01,157] {processor.py:654} INFO - DAG(s) dict_keys(['example_python_operator']) retrieved from /home/airflow/.local/lib/python3.7/site-packages/airflow/example_dags/example_python_operator.py
[2022-10-16 06:56:01,163] {logging_mixin.py:109} INFO - [2022-10-16 06:56:01,163] {dag.py:2398} INFO - Sync 1 DAGs
[2022-10-16 06:56:01,174] {logging_mixin.py:109} INFO - [2022-10-16 06:56:01,174] {dag.py:2937} INFO - Setting next_dagrun for example_python_operator to None
[2022-10-16 06:56:01,187] {processor.py:171} INFO - Processing /home/airflow/.local/lib/python3.7/site-packages/airflow/example_dags/example_python_operator.py took 0.058 seconds
[2022-10-16 06:56:31,475] {processor.py:163} INFO - Started process (PID=1790) to work on /home/airflow/.local/lib/python3.7/site-packages/airflow/example_dags/example_python_operator.py
[2022-10-16 06:56:31,475] {processor.py:642} INFO - Processing file /home/airflow/.local/lib/python3.7/site-packages/airflow/example_dags/example_python_operator.py for tasks to queue
[2022-10-16 06:56:31,476] {logging_mixin.py:109} INFO - [2022-10-16 06:56:31,476] {dagbag.py:500} INFO - Filling up the DagBag from /home/airflow/.local/lib/python3.7/site-packages/airflow/example_dags/example_python_operator.py
[2022-10-16 06:56:31,502] {processor.py:654} INFO - DAG(s) dict_keys(['example_python_operator']) retrieved from /home/airflow/.local/lib/python3.7/site-packages/airflow/example_dags/example_python_operator.py
[2022-10-16 06:56:31,509] {logging_mixin.py:109} INFO - [2022-10-16 06:56:31,509] {dag.py:2398} INFO - Sync 1 DAGs
[2022-10-16 06:56:31,520] {logging_mixin.py:109} INFO - [2022-10-16 06:56:31,520] {dag.py:2937} INFO - Setting next_dagrun for example_python_operator to None
[2022-10-16 06:56:31,533] {processor.py:171} INFO - Processing /home/airflow/.local/lib/python3.7/site-packages/airflow/example_dags/example_python_operator.py took 0.061 seconds
[2022-10-16 06:57:01,807] {processor.py:163} INFO - Started process (PID=1854) to work on /home/airflow/.local/lib/python3.7/site-packages/airflow/example_dags/example_python_operator.py
[2022-10-16 06:57:01,807] {processor.py:642} INFO - Processing file /home/airflow/.local/lib/python3.7/site-packages/airflow/example_dags/example_python_operator.py for tasks to queue
[2022-10-16 06:57:01,808] {logging_mixin.py:109} INFO - [2022-10-16 06:57:01,808] {dagbag.py:500} INFO - Filling up the DagBag from /home/airflow/.local/lib/python3.7/site-packages/airflow/example_dags/example_python_operator.py
[2022-10-16 06:57:01,832] {processor.py:654} INFO - DAG(s) dict_keys(['example_python_operator']) retrieved from /home/airflow/.local/lib/python3.7/site-packages/airflow/example_dags/example_python_operator.py
[2022-10-16 06:57:01,839] {logging_mixin.py:109} INFO - [2022-10-16 06:57:01,839] {dag.py:2398} INFO - Sync 1 DAGs
[2022-10-16 06:57:01,850] {logging_mixin.py:109} INFO - [2022-10-16 06:57:01,849] {dag.py:2937} INFO - Setting next_dagrun for example_python_operator to None
[2022-10-16 06:57:01,872] {processor.py:171} INFO - Processing /home/airflow/.local/lib/python3.7/site-packages/airflow/example_dags/example_python_operator.py took 0.068 seconds
[2022-10-16 06:57:32,126] {processor.py:163} INFO - Started process (PID=1925) to work on /home/airflow/.local/lib/python3.7/site-packages/airflow/example_dags/example_python_operator.py
[2022-10-16 06:57:32,126] {processor.py:642} INFO - Processing file /home/airflow/.local/lib/python3.7/site-packages/airflow/example_dags/example_python_operator.py for tasks to queue
[2022-10-16 06:57:32,127] {logging_mixin.py:109} INFO - [2022-10-16 06:57:32,127] {dagbag.py:500} INFO - Filling up the DagBag from /home/airflow/.local/lib/python3.7/site-packages/airflow/example_dags/example_python_operator.py
[2022-10-16 06:57:32,151] {processor.py:654} INFO - DAG(s) dict_keys(['example_python_operator']) retrieved from /home/airflow/.local/lib/python3.7/site-packages/airflow/example_dags/example_python_operator.py
[2022-10-16 06:57:32,157] {logging_mixin.py:109} INFO - [2022-10-16 06:57:32,157] {dag.py:2398} INFO - Sync 1 DAGs
[2022-10-16 06:57:32,168] {logging_mixin.py:109} INFO - [2022-10-16 06:57:32,168] {dag.py:2937} INFO - Setting next_dagrun for example_python_operator to None
[2022-10-16 06:57:32,186] {processor.py:171} INFO - Processing /home/airflow/.local/lib/python3.7/site-packages/airflow/example_dags/example_python_operator.py took 0.062 seconds
[2022-10-16 06:58:02,370] {processor.py:163} INFO - Started process (PID=1993) to work on /home/airflow/.local/lib/python3.7/site-packages/airflow/example_dags/example_python_operator.py
[2022-10-16 06:58:02,371] {processor.py:642} INFO - Processing file /home/airflow/.local/lib/python3.7/site-packages/airflow/example_dags/example_python_operator.py for tasks to queue
[2022-10-16 06:58:02,372] {logging_mixin.py:109} INFO - [2022-10-16 06:58:02,372] {dagbag.py:500} INFO - Filling up the DagBag from /home/airflow/.local/lib/python3.7/site-packages/airflow/example_dags/example_python_operator.py
[2022-10-16 06:58:02,397] {processor.py:654} INFO - DAG(s) dict_keys(['example_python_operator']) retrieved from /home/airflow/.local/lib/python3.7/site-packages/airflow/example_dags/example_python_operator.py
[2022-10-16 06:58:02,407] {logging_mixin.py:109} INFO - [2022-10-16 06:58:02,407] {dag.py:2398} INFO - Sync 1 DAGs
[2022-10-16 06:58:02,420] {logging_mixin.py:109} INFO - [2022-10-16 06:58:02,420] {dag.py:2937} INFO - Setting next_dagrun for example_python_operator to None
[2022-10-16 06:58:02,433] {processor.py:171} INFO - Processing /home/airflow/.local/lib/python3.7/site-packages/airflow/example_dags/example_python_operator.py took 0.065 seconds
[2022-10-16 06:58:32,669] {processor.py:163} INFO - Started process (PID=2064) to work on /home/airflow/.local/lib/python3.7/site-packages/airflow/example_dags/example_python_operator.py
[2022-10-16 06:58:32,670] {processor.py:642} INFO - Processing file /home/airflow/.local/lib/python3.7/site-packages/airflow/example_dags/example_python_operator.py for tasks to queue
[2022-10-16 06:58:32,670] {logging_mixin.py:109} INFO - [2022-10-16 06:58:32,670] {dagbag.py:500} INFO - Filling up the DagBag from /home/airflow/.local/lib/python3.7/site-packages/airflow/example_dags/example_python_operator.py
[2022-10-16 06:58:32,695] {processor.py:654} INFO - DAG(s) dict_keys(['example_python_operator']) retrieved from /home/airflow/.local/lib/python3.7/site-packages/airflow/example_dags/example_python_operator.py
[2022-10-16 06:58:32,702] {logging_mixin.py:109} INFO - [2022-10-16 06:58:32,702] {dag.py:2398} INFO - Sync 1 DAGs
[2022-10-16 06:58:32,712] {logging_mixin.py:109} INFO - [2022-10-16 06:58:32,712] {dag.py:2937} INFO - Setting next_dagrun for example_python_operator to None
[2022-10-16 06:58:32,727] {processor.py:171} INFO - Processing /home/airflow/.local/lib/python3.7/site-packages/airflow/example_dags/example_python_operator.py took 0.060 seconds
[2022-10-16 06:59:02,899] {processor.py:163} INFO - Started process (PID=2126) to work on /home/airflow/.local/lib/python3.7/site-packages/airflow/example_dags/example_python_operator.py
[2022-10-16 06:59:02,900] {processor.py:642} INFO - Processing file /home/airflow/.local/lib/python3.7/site-packages/airflow/example_dags/example_python_operator.py for tasks to queue
[2022-10-16 06:59:02,900] {logging_mixin.py:109} INFO - [2022-10-16 06:59:02,900] {dagbag.py:500} INFO - Filling up the DagBag from /home/airflow/.local/lib/python3.7/site-packages/airflow/example_dags/example_python_operator.py
[2022-10-16 06:59:02,924] {processor.py:654} INFO - DAG(s) dict_keys(['example_python_operator']) retrieved from /home/airflow/.local/lib/python3.7/site-packages/airflow/example_dags/example_python_operator.py
[2022-10-16 06:59:02,931] {logging_mixin.py:109} INFO - [2022-10-16 06:59:02,931] {dag.py:2398} INFO - Sync 1 DAGs
[2022-10-16 06:59:02,942] {logging_mixin.py:109} INFO - [2022-10-16 06:59:02,942] {dag.py:2937} INFO - Setting next_dagrun for example_python_operator to None
[2022-10-16 06:59:02,955] {processor.py:171} INFO - Processing /home/airflow/.local/lib/python3.7/site-packages/airflow/example_dags/example_python_operator.py took 0.058 seconds
[2022-10-16 06:59:33,165] {processor.py:163} INFO - Started process (PID=2197) to work on /home/airflow/.local/lib/python3.7/site-packages/airflow/example_dags/example_python_operator.py
[2022-10-16 06:59:33,166] {processor.py:642} INFO - Processing file /home/airflow/.local/lib/python3.7/site-packages/airflow/example_dags/example_python_operator.py for tasks to queue
[2022-10-16 06:59:33,166] {logging_mixin.py:109} INFO - [2022-10-16 06:59:33,166] {dagbag.py:500} INFO - Filling up the DagBag from /home/airflow/.local/lib/python3.7/site-packages/airflow/example_dags/example_python_operator.py
[2022-10-16 06:59:33,190] {processor.py:654} INFO - DAG(s) dict_keys(['example_python_operator']) retrieved from /home/airflow/.local/lib/python3.7/site-packages/airflow/example_dags/example_python_operator.py
[2022-10-16 06:59:33,197] {logging_mixin.py:109} INFO - [2022-10-16 06:59:33,197] {dag.py:2398} INFO - Sync 1 DAGs
[2022-10-16 06:59:33,207] {logging_mixin.py:109} INFO - [2022-10-16 06:59:33,207] {dag.py:2937} INFO - Setting next_dagrun for example_python_operator to None
[2022-10-16 06:59:33,218] {processor.py:171} INFO - Processing /home/airflow/.local/lib/python3.7/site-packages/airflow/example_dags/example_python_operator.py took 0.055 seconds
[2022-10-16 07:00:03,917] {processor.py:163} INFO - Started process (PID=2259) to work on /home/airflow/.local/lib/python3.7/site-packages/airflow/example_dags/example_python_operator.py
[2022-10-16 07:00:03,918] {processor.py:642} INFO - Processing file /home/airflow/.local/lib/python3.7/site-packages/airflow/example_dags/example_python_operator.py for tasks to queue
[2022-10-16 07:00:03,919] {logging_mixin.py:109} INFO - [2022-10-16 07:00:03,919] {dagbag.py:500} INFO - Filling up the DagBag from /home/airflow/.local/lib/python3.7/site-packages/airflow/example_dags/example_python_operator.py
[2022-10-16 07:00:03,945] {processor.py:654} INFO - DAG(s) dict_keys(['example_python_operator']) retrieved from /home/airflow/.local/lib/python3.7/site-packages/airflow/example_dags/example_python_operator.py
[2022-10-16 07:00:03,952] {logging_mixin.py:109} INFO - [2022-10-16 07:00:03,951] {dag.py:2398} INFO - Sync 1 DAGs
[2022-10-16 07:00:03,962] {logging_mixin.py:109} INFO - [2022-10-16 07:00:03,962] {dag.py:2937} INFO - Setting next_dagrun for example_python_operator to None
[2022-10-16 07:00:03,975] {processor.py:171} INFO - Processing /home/airflow/.local/lib/python3.7/site-packages/airflow/example_dags/example_python_operator.py took 0.060 seconds
[2022-10-16 07:00:34,052] {processor.py:163} INFO - Started process (PID=2332) to work on /home/airflow/.local/lib/python3.7/site-packages/airflow/example_dags/example_python_operator.py
[2022-10-16 07:00:34,053] {processor.py:642} INFO - Processing file /home/airflow/.local/lib/python3.7/site-packages/airflow/example_dags/example_python_operator.py for tasks to queue
[2022-10-16 07:00:34,053] {logging_mixin.py:109} INFO - [2022-10-16 07:00:34,053] {dagbag.py:500} INFO - Filling up the DagBag from /home/airflow/.local/lib/python3.7/site-packages/airflow/example_dags/example_python_operator.py
[2022-10-16 07:00:34,078] {processor.py:654} INFO - DAG(s) dict_keys(['example_python_operator']) retrieved from /home/airflow/.local/lib/python3.7/site-packages/airflow/example_dags/example_python_operator.py
[2022-10-16 07:00:34,086] {logging_mixin.py:109} INFO - [2022-10-16 07:00:34,086] {dag.py:2398} INFO - Sync 1 DAGs
[2022-10-16 07:00:34,098] {logging_mixin.py:109} INFO - [2022-10-16 07:00:34,097] {dag.py:2937} INFO - Setting next_dagrun for example_python_operator to None
[2022-10-16 07:00:34,106] {processor.py:171} INFO - Processing /home/airflow/.local/lib/python3.7/site-packages/airflow/example_dags/example_python_operator.py took 0.055 seconds
[2022-10-16 07:01:04,900] {processor.py:163} INFO - Started process (PID=2392) to work on /home/airflow/.local/lib/python3.7/site-packages/airflow/example_dags/example_python_operator.py
[2022-10-16 07:01:04,901] {processor.py:642} INFO - Processing file /home/airflow/.local/lib/python3.7/site-packages/airflow/example_dags/example_python_operator.py for tasks to queue
[2022-10-16 07:01:04,902] {logging_mixin.py:109} INFO - [2022-10-16 07:01:04,901] {dagbag.py:500} INFO - Filling up the DagBag from /home/airflow/.local/lib/python3.7/site-packages/airflow/example_dags/example_python_operator.py
[2022-10-16 07:01:04,931] {processor.py:654} INFO - DAG(s) dict_keys(['example_python_operator']) retrieved from /home/airflow/.local/lib/python3.7/site-packages/airflow/example_dags/example_python_operator.py
[2022-10-16 07:01:04,938] {logging_mixin.py:109} INFO - [2022-10-16 07:01:04,938] {dag.py:2398} INFO - Sync 1 DAGs
[2022-10-16 07:01:04,949] {logging_mixin.py:109} INFO - [2022-10-16 07:01:04,949] {dag.py:2937} INFO - Setting next_dagrun for example_python_operator to None
[2022-10-16 07:01:04,957] {processor.py:171} INFO - Processing /home/airflow/.local/lib/python3.7/site-packages/airflow/example_dags/example_python_operator.py took 0.061 seconds
[2022-10-16 07:01:34,983] {processor.py:163} INFO - Started process (PID=2454) to work on /home/airflow/.local/lib/python3.7/site-packages/airflow/example_dags/example_python_operator.py
[2022-10-16 07:01:34,984] {processor.py:642} INFO - Processing file /home/airflow/.local/lib/python3.7/site-packages/airflow/example_dags/example_python_operator.py for tasks to queue
[2022-10-16 07:01:34,984] {logging_mixin.py:109} INFO - [2022-10-16 07:01:34,984] {dagbag.py:500} INFO - Filling up the DagBag from /home/airflow/.local/lib/python3.7/site-packages/airflow/example_dags/example_python_operator.py
[2022-10-16 07:01:35,009] {processor.py:654} INFO - DAG(s) dict_keys(['example_python_operator']) retrieved from /home/airflow/.local/lib/python3.7/site-packages/airflow/example_dags/example_python_operator.py
[2022-10-16 07:01:35,016] {logging_mixin.py:109} INFO - [2022-10-16 07:01:35,016] {dag.py:2398} INFO - Sync 1 DAGs
[2022-10-16 07:01:35,027] {logging_mixin.py:109} INFO - [2022-10-16 07:01:35,027] {dag.py:2937} INFO - Setting next_dagrun for example_python_operator to None
[2022-10-16 07:01:35,037] {processor.py:171} INFO - Processing /home/airflow/.local/lib/python3.7/site-packages/airflow/example_dags/example_python_operator.py took 0.055 seconds
[2022-10-16 07:02:05,656] {processor.py:163} INFO - Started process (PID=2518) to work on /home/airflow/.local/lib/python3.7/site-packages/airflow/example_dags/example_python_operator.py
[2022-10-16 07:02:05,657] {processor.py:642} INFO - Processing file /home/airflow/.local/lib/python3.7/site-packages/airflow/example_dags/example_python_operator.py for tasks to queue
[2022-10-16 07:02:05,658] {logging_mixin.py:109} INFO - [2022-10-16 07:02:05,658] {dagbag.py:500} INFO - Filling up the DagBag from /home/airflow/.local/lib/python3.7/site-packages/airflow/example_dags/example_python_operator.py
[2022-10-16 07:02:05,683] {processor.py:654} INFO - DAG(s) dict_keys(['example_python_operator']) retrieved from /home/airflow/.local/lib/python3.7/site-packages/airflow/example_dags/example_python_operator.py
[2022-10-16 07:02:05,690] {logging_mixin.py:109} INFO - [2022-10-16 07:02:05,690] {dag.py:2398} INFO - Sync 1 DAGs
[2022-10-16 07:02:05,701] {logging_mixin.py:109} INFO - [2022-10-16 07:02:05,701] {dag.py:2937} INFO - Setting next_dagrun for example_python_operator to None
[2022-10-16 07:02:05,714] {processor.py:171} INFO - Processing /home/airflow/.local/lib/python3.7/site-packages/airflow/example_dags/example_python_operator.py took 0.060 seconds
[2022-10-16 07:02:35,983] {processor.py:163} INFO - Started process (PID=2592) to work on /home/airflow/.local/lib/python3.7/site-packages/airflow/example_dags/example_python_operator.py
[2022-10-16 07:02:35,984] {processor.py:642} INFO - Processing file /home/airflow/.local/lib/python3.7/site-packages/airflow/example_dags/example_python_operator.py for tasks to queue
[2022-10-16 07:02:35,984] {logging_mixin.py:109} INFO - [2022-10-16 07:02:35,984] {dagbag.py:500} INFO - Filling up the DagBag from /home/airflow/.local/lib/python3.7/site-packages/airflow/example_dags/example_python_operator.py
[2022-10-16 07:02:36,008] {processor.py:654} INFO - DAG(s) dict_keys(['example_python_operator']) retrieved from /home/airflow/.local/lib/python3.7/site-packages/airflow/example_dags/example_python_operator.py
[2022-10-16 07:02:36,015] {logging_mixin.py:109} INFO - [2022-10-16 07:02:36,015] {dag.py:2398} INFO - Sync 1 DAGs
[2022-10-16 07:02:36,026] {logging_mixin.py:109} INFO - [2022-10-16 07:02:36,026] {dag.py:2937} INFO - Setting next_dagrun for example_python_operator to None
[2022-10-16 07:02:36,047] {processor.py:171} INFO - Processing /home/airflow/.local/lib/python3.7/site-packages/airflow/example_dags/example_python_operator.py took 0.066 seconds
[2022-10-16 07:03:06,132] {processor.py:163} INFO - Started process (PID=2655) to work on /home/airflow/.local/lib/python3.7/site-packages/airflow/example_dags/example_python_operator.py
[2022-10-16 07:03:06,133] {processor.py:642} INFO - Processing file /home/airflow/.local/lib/python3.7/site-packages/airflow/example_dags/example_python_operator.py for tasks to queue
[2022-10-16 07:03:06,133] {logging_mixin.py:109} INFO - [2022-10-16 07:03:06,133] {dagbag.py:500} INFO - Filling up the DagBag from /home/airflow/.local/lib/python3.7/site-packages/airflow/example_dags/example_python_operator.py
[2022-10-16 07:03:06,157] {processor.py:654} INFO - DAG(s) dict_keys(['example_python_operator']) retrieved from /home/airflow/.local/lib/python3.7/site-packages/airflow/example_dags/example_python_operator.py
[2022-10-16 07:03:06,165] {logging_mixin.py:109} INFO - [2022-10-16 07:03:06,165] {dag.py:2398} INFO - Sync 1 DAGs
[2022-10-16 07:03:06,176] {logging_mixin.py:109} INFO - [2022-10-16 07:03:06,176] {dag.py:2937} INFO - Setting next_dagrun for example_python_operator to None
[2022-10-16 07:03:06,187] {processor.py:171} INFO - Processing /home/airflow/.local/lib/python3.7/site-packages/airflow/example_dags/example_python_operator.py took 0.058 seconds
[2022-10-16 07:03:36,853] {processor.py:163} INFO - Started process (PID=2727) to work on /home/airflow/.local/lib/python3.7/site-packages/airflow/example_dags/example_python_operator.py
[2022-10-16 07:03:36,854] {processor.py:642} INFO - Processing file /home/airflow/.local/lib/python3.7/site-packages/airflow/example_dags/example_python_operator.py for tasks to queue
[2022-10-16 07:03:36,854] {logging_mixin.py:109} INFO - [2022-10-16 07:03:36,854] {dagbag.py:500} INFO - Filling up the DagBag from /home/airflow/.local/lib/python3.7/site-packages/airflow/example_dags/example_python_operator.py
[2022-10-16 07:03:36,879] {processor.py:654} INFO - DAG(s) dict_keys(['example_python_operator']) retrieved from /home/airflow/.local/lib/python3.7/site-packages/airflow/example_dags/example_python_operator.py
[2022-10-16 07:03:36,887] {logging_mixin.py:109} INFO - [2022-10-16 07:03:36,887] {dag.py:2398} INFO - Sync 1 DAGs
[2022-10-16 07:03:36,899] {logging_mixin.py:109} INFO - [2022-10-16 07:03:36,898] {dag.py:2937} INFO - Setting next_dagrun for example_python_operator to None
[2022-10-16 07:03:36,907] {processor.py:171} INFO - Processing /home/airflow/.local/lib/python3.7/site-packages/airflow/example_dags/example_python_operator.py took 0.056 seconds
[2022-10-16 07:04:07,176] {processor.py:163} INFO - Started process (PID=2789) to work on /home/airflow/.local/lib/python3.7/site-packages/airflow/example_dags/example_python_operator.py
[2022-10-16 07:04:07,177] {processor.py:642} INFO - Processing file /home/airflow/.local/lib/python3.7/site-packages/airflow/example_dags/example_python_operator.py for tasks to queue
[2022-10-16 07:04:07,177] {logging_mixin.py:109} INFO - [2022-10-16 07:04:07,177] {dagbag.py:500} INFO - Filling up the DagBag from /home/airflow/.local/lib/python3.7/site-packages/airflow/example_dags/example_python_operator.py
[2022-10-16 07:04:07,202] {processor.py:654} INFO - DAG(s) dict_keys(['example_python_operator']) retrieved from /home/airflow/.local/lib/python3.7/site-packages/airflow/example_dags/example_python_operator.py
[2022-10-16 07:04:07,209] {logging_mixin.py:109} INFO - [2022-10-16 07:04:07,209] {dag.py:2398} INFO - Sync 1 DAGs
[2022-10-16 07:04:07,220] {logging_mixin.py:109} INFO - [2022-10-16 07:04:07,220] {dag.py:2937} INFO - Setting next_dagrun for example_python_operator to None
[2022-10-16 07:04:07,232] {processor.py:171} INFO - Processing /home/airflow/.local/lib/python3.7/site-packages/airflow/example_dags/example_python_operator.py took 0.058 seconds
[2022-10-16 07:04:37,451] {processor.py:163} INFO - Started process (PID=2861) to work on /home/airflow/.local/lib/python3.7/site-packages/airflow/example_dags/example_python_operator.py
[2022-10-16 07:04:37,451] {processor.py:642} INFO - Processing file /home/airflow/.local/lib/python3.7/site-packages/airflow/example_dags/example_python_operator.py for tasks to queue
[2022-10-16 07:04:37,452] {logging_mixin.py:109} INFO - [2022-10-16 07:04:37,452] {dagbag.py:500} INFO - Filling up the DagBag from /home/airflow/.local/lib/python3.7/site-packages/airflow/example_dags/example_python_operator.py
[2022-10-16 07:04:37,476] {processor.py:654} INFO - DAG(s) dict_keys(['example_python_operator']) retrieved from /home/airflow/.local/lib/python3.7/site-packages/airflow/example_dags/example_python_operator.py
[2022-10-16 07:04:37,483] {logging_mixin.py:109} INFO - [2022-10-16 07:04:37,483] {dag.py:2398} INFO - Sync 1 DAGs
[2022-10-16 07:04:37,493] {logging_mixin.py:109} INFO - [2022-10-16 07:04:37,493] {dag.py:2937} INFO - Setting next_dagrun for example_python_operator to None
[2022-10-16 07:04:37,500] {processor.py:171} INFO - Processing /home/airflow/.local/lib/python3.7/site-packages/airflow/example_dags/example_python_operator.py took 0.052 seconds
[2022-10-16 07:05:07,668] {processor.py:163} INFO - Started process (PID=2927) to work on /home/airflow/.local/lib/python3.7/site-packages/airflow/example_dags/example_python_operator.py
[2022-10-16 07:05:07,669] {processor.py:642} INFO - Processing file /home/airflow/.local/lib/python3.7/site-packages/airflow/example_dags/example_python_operator.py for tasks to queue
[2022-10-16 07:05:07,669] {logging_mixin.py:109} INFO - [2022-10-16 07:05:07,669] {dagbag.py:500} INFO - Filling up the DagBag from /home/airflow/.local/lib/python3.7/site-packages/airflow/example_dags/example_python_operator.py
[2022-10-16 07:05:07,694] {processor.py:654} INFO - DAG(s) dict_keys(['example_python_operator']) retrieved from /home/airflow/.local/lib/python3.7/site-packages/airflow/example_dags/example_python_operator.py
[2022-10-16 07:05:07,700] {logging_mixin.py:109} INFO - [2022-10-16 07:05:07,700] {dag.py:2398} INFO - Sync 1 DAGs
[2022-10-16 07:05:07,711] {logging_mixin.py:109} INFO - [2022-10-16 07:05:07,711] {dag.py:2937} INFO - Setting next_dagrun for example_python_operator to None
[2022-10-16 07:05:07,722] {processor.py:171} INFO - Processing /home/airflow/.local/lib/python3.7/site-packages/airflow/example_dags/example_python_operator.py took 0.056 seconds
[2022-10-16 07:05:38,293] {processor.py:163} INFO - Started process (PID=2998) to work on /home/airflow/.local/lib/python3.7/site-packages/airflow/example_dags/example_python_operator.py
[2022-10-16 07:05:38,294] {processor.py:642} INFO - Processing file /home/airflow/.local/lib/python3.7/site-packages/airflow/example_dags/example_python_operator.py for tasks to queue
[2022-10-16 07:05:38,295] {logging_mixin.py:109} INFO - [2022-10-16 07:05:38,295] {dagbag.py:500} INFO - Filling up the DagBag from /home/airflow/.local/lib/python3.7/site-packages/airflow/example_dags/example_python_operator.py
[2022-10-16 07:05:38,321] {processor.py:654} INFO - DAG(s) dict_keys(['example_python_operator']) retrieved from /home/airflow/.local/lib/python3.7/site-packages/airflow/example_dags/example_python_operator.py
[2022-10-16 07:05:38,328] {logging_mixin.py:109} INFO - [2022-10-16 07:05:38,328] {dag.py:2398} INFO - Sync 1 DAGs
[2022-10-16 07:05:38,338] {logging_mixin.py:109} INFO - [2022-10-16 07:05:38,338] {dag.py:2937} INFO - Setting next_dagrun for example_python_operator to None
[2022-10-16 07:05:38,354] {processor.py:171} INFO - Processing /home/airflow/.local/lib/python3.7/site-packages/airflow/example_dags/example_python_operator.py took 0.063 seconds
[2022-10-16 07:06:08,424] {processor.py:163} INFO - Started process (PID=3060) to work on /home/airflow/.local/lib/python3.7/site-packages/airflow/example_dags/example_python_operator.py
[2022-10-16 07:06:08,424] {processor.py:642} INFO - Processing file /home/airflow/.local/lib/python3.7/site-packages/airflow/example_dags/example_python_operator.py for tasks to queue
[2022-10-16 07:06:08,424] {logging_mixin.py:109} INFO - [2022-10-16 07:06:08,424] {dagbag.py:500} INFO - Filling up the DagBag from /home/airflow/.local/lib/python3.7/site-packages/airflow/example_dags/example_python_operator.py
[2022-10-16 07:06:08,450] {processor.py:654} INFO - DAG(s) dict_keys(['example_python_operator']) retrieved from /home/airflow/.local/lib/python3.7/site-packages/airflow/example_dags/example_python_operator.py
[2022-10-16 07:06:08,457] {logging_mixin.py:109} INFO - [2022-10-16 07:06:08,457] {dag.py:2398} INFO - Sync 1 DAGs
[2022-10-16 07:06:08,467] {logging_mixin.py:109} INFO - [2022-10-16 07:06:08,467] {dag.py:2937} INFO - Setting next_dagrun for example_python_operator to None
[2022-10-16 07:06:08,481] {processor.py:171} INFO - Processing /home/airflow/.local/lib/python3.7/site-packages/airflow/example_dags/example_python_operator.py took 0.059 seconds
[2022-10-16 07:06:38,554] {processor.py:163} INFO - Started process (PID=3131) to work on /home/airflow/.local/lib/python3.7/site-packages/airflow/example_dags/example_python_operator.py
[2022-10-16 07:06:38,555] {processor.py:642} INFO - Processing file /home/airflow/.local/lib/python3.7/site-packages/airflow/example_dags/example_python_operator.py for tasks to queue
[2022-10-16 07:06:38,556] {logging_mixin.py:109} INFO - [2022-10-16 07:06:38,556] {dagbag.py:500} INFO - Filling up the DagBag from /home/airflow/.local/lib/python3.7/site-packages/airflow/example_dags/example_python_operator.py
[2022-10-16 07:06:38,585] {processor.py:654} INFO - DAG(s) dict_keys(['example_python_operator']) retrieved from /home/airflow/.local/lib/python3.7/site-packages/airflow/example_dags/example_python_operator.py
[2022-10-16 07:06:38,596] {logging_mixin.py:109} INFO - [2022-10-16 07:06:38,596] {dag.py:2398} INFO - Sync 1 DAGs
[2022-10-16 07:06:38,612] {logging_mixin.py:109} INFO - [2022-10-16 07:06:38,611] {dag.py:2937} INFO - Setting next_dagrun for example_python_operator to None
[2022-10-16 07:06:38,628] {processor.py:171} INFO - Processing /home/airflow/.local/lib/python3.7/site-packages/airflow/example_dags/example_python_operator.py took 0.076 seconds
[2022-10-16 07:07:08,793] {processor.py:163} INFO - Started process (PID=3193) to work on /home/airflow/.local/lib/python3.7/site-packages/airflow/example_dags/example_python_operator.py
[2022-10-16 07:07:08,794] {processor.py:642} INFO - Processing file /home/airflow/.local/lib/python3.7/site-packages/airflow/example_dags/example_python_operator.py for tasks to queue
[2022-10-16 07:07:08,794] {logging_mixin.py:109} INFO - [2022-10-16 07:07:08,794] {dagbag.py:500} INFO - Filling up the DagBag from /home/airflow/.local/lib/python3.7/site-packages/airflow/example_dags/example_python_operator.py
[2022-10-16 07:07:08,827] {processor.py:654} INFO - DAG(s) dict_keys(['example_python_operator']) retrieved from /home/airflow/.local/lib/python3.7/site-packages/airflow/example_dags/example_python_operator.py
[2022-10-16 07:07:08,835] {logging_mixin.py:109} INFO - [2022-10-16 07:07:08,834] {dag.py:2398} INFO - Sync 1 DAGs
[2022-10-16 07:07:08,847] {logging_mixin.py:109} INFO - [2022-10-16 07:07:08,846] {dag.py:2937} INFO - Setting next_dagrun for example_python_operator to None
[2022-10-16 07:07:08,868] {processor.py:171} INFO - Processing /home/airflow/.local/lib/python3.7/site-packages/airflow/example_dags/example_python_operator.py took 0.078 seconds
[2022-10-16 07:07:39,005] {processor.py:163} INFO - Started process (PID=3264) to work on /home/airflow/.local/lib/python3.7/site-packages/airflow/example_dags/example_python_operator.py
[2022-10-16 07:07:39,007] {processor.py:642} INFO - Processing file /home/airflow/.local/lib/python3.7/site-packages/airflow/example_dags/example_python_operator.py for tasks to queue
[2022-10-16 07:07:39,007] {logging_mixin.py:109} INFO - [2022-10-16 07:07:39,007] {dagbag.py:500} INFO - Filling up the DagBag from /home/airflow/.local/lib/python3.7/site-packages/airflow/example_dags/example_python_operator.py
[2022-10-16 07:07:39,037] {processor.py:654} INFO - DAG(s) dict_keys(['example_python_operator']) retrieved from /home/airflow/.local/lib/python3.7/site-packages/airflow/example_dags/example_python_operator.py
[2022-10-16 07:07:39,045] {logging_mixin.py:109} INFO - [2022-10-16 07:07:39,045] {dag.py:2398} INFO - Sync 1 DAGs
[2022-10-16 07:07:39,056] {logging_mixin.py:109} INFO - [2022-10-16 07:07:39,056] {dag.py:2937} INFO - Setting next_dagrun for example_python_operator to None
[2022-10-16 07:07:39,071] {processor.py:171} INFO - Processing /home/airflow/.local/lib/python3.7/site-packages/airflow/example_dags/example_python_operator.py took 0.068 seconds
[2022-10-16 07:08:09,352] {processor.py:163} INFO - Started process (PID=3328) to work on /home/airflow/.local/lib/python3.7/site-packages/airflow/example_dags/example_python_operator.py
[2022-10-16 07:08:09,353] {processor.py:642} INFO - Processing file /home/airflow/.local/lib/python3.7/site-packages/airflow/example_dags/example_python_operator.py for tasks to queue
[2022-10-16 07:08:09,353] {logging_mixin.py:109} INFO - [2022-10-16 07:08:09,353] {dagbag.py:500} INFO - Filling up the DagBag from /home/airflow/.local/lib/python3.7/site-packages/airflow/example_dags/example_python_operator.py
[2022-10-16 07:08:09,378] {processor.py:654} INFO - DAG(s) dict_keys(['example_python_operator']) retrieved from /home/airflow/.local/lib/python3.7/site-packages/airflow/example_dags/example_python_operator.py
[2022-10-16 07:08:09,385] {logging_mixin.py:109} INFO - [2022-10-16 07:08:09,385] {dag.py:2398} INFO - Sync 1 DAGs
[2022-10-16 07:08:09,395] {logging_mixin.py:109} INFO - [2022-10-16 07:08:09,395] {dag.py:2937} INFO - Setting next_dagrun for example_python_operator to None
[2022-10-16 07:08:09,407] {processor.py:171} INFO - Processing /home/airflow/.local/lib/python3.7/site-packages/airflow/example_dags/example_python_operator.py took 0.057 seconds
[2022-10-16 07:08:39,538] {processor.py:163} INFO - Started process (PID=3399) to work on /home/airflow/.local/lib/python3.7/site-packages/airflow/example_dags/example_python_operator.py
[2022-10-16 07:08:39,539] {processor.py:642} INFO - Processing file /home/airflow/.local/lib/python3.7/site-packages/airflow/example_dags/example_python_operator.py for tasks to queue
[2022-10-16 07:08:39,540] {logging_mixin.py:109} INFO - [2022-10-16 07:08:39,540] {dagbag.py:500} INFO - Filling up the DagBag from /home/airflow/.local/lib/python3.7/site-packages/airflow/example_dags/example_python_operator.py
[2022-10-16 07:08:39,567] {processor.py:654} INFO - DAG(s) dict_keys(['example_python_operator']) retrieved from /home/airflow/.local/lib/python3.7/site-packages/airflow/example_dags/example_python_operator.py
[2022-10-16 07:08:39,574] {logging_mixin.py:109} INFO - [2022-10-16 07:08:39,574] {dag.py:2398} INFO - Sync 1 DAGs
[2022-10-16 07:08:39,585] {logging_mixin.py:109} INFO - [2022-10-16 07:08:39,585] {dag.py:2937} INFO - Setting next_dagrun for example_python_operator to None
[2022-10-16 07:08:39,599] {processor.py:171} INFO - Processing /home/airflow/.local/lib/python3.7/site-packages/airflow/example_dags/example_python_operator.py took 0.063 seconds
[2022-10-16 07:09:09,624] {processor.py:163} INFO - Started process (PID=3464) to work on /home/airflow/.local/lib/python3.7/site-packages/airflow/example_dags/example_python_operator.py
[2022-10-16 07:09:09,625] {processor.py:642} INFO - Processing file /home/airflow/.local/lib/python3.7/site-packages/airflow/example_dags/example_python_operator.py for tasks to queue
[2022-10-16 07:09:09,625] {logging_mixin.py:109} INFO - [2022-10-16 07:09:09,625] {dagbag.py:500} INFO - Filling up the DagBag from /home/airflow/.local/lib/python3.7/site-packages/airflow/example_dags/example_python_operator.py
[2022-10-16 07:09:09,650] {processor.py:654} INFO - DAG(s) dict_keys(['example_python_operator']) retrieved from /home/airflow/.local/lib/python3.7/site-packages/airflow/example_dags/example_python_operator.py
[2022-10-16 07:09:09,657] {logging_mixin.py:109} INFO - [2022-10-16 07:09:09,657] {dag.py:2398} INFO - Sync 1 DAGs
[2022-10-16 07:09:09,667] {logging_mixin.py:109} INFO - [2022-10-16 07:09:09,667] {dag.py:2937} INFO - Setting next_dagrun for example_python_operator to None
[2022-10-16 07:09:09,678] {processor.py:171} INFO - Processing /home/airflow/.local/lib/python3.7/site-packages/airflow/example_dags/example_python_operator.py took 0.057 seconds
[2022-10-16 07:09:40,530] {processor.py:163} INFO - Started process (PID=3537) to work on /home/airflow/.local/lib/python3.7/site-packages/airflow/example_dags/example_python_operator.py
[2022-10-16 07:09:40,531] {processor.py:642} INFO - Processing file /home/airflow/.local/lib/python3.7/site-packages/airflow/example_dags/example_python_operator.py for tasks to queue
[2022-10-16 07:09:40,532] {logging_mixin.py:109} INFO - [2022-10-16 07:09:40,532] {dagbag.py:500} INFO - Filling up the DagBag from /home/airflow/.local/lib/python3.7/site-packages/airflow/example_dags/example_python_operator.py
[2022-10-16 07:09:40,561] {processor.py:654} INFO - DAG(s) dict_keys(['example_python_operator']) retrieved from /home/airflow/.local/lib/python3.7/site-packages/airflow/example_dags/example_python_operator.py
[2022-10-16 07:09:40,572] {logging_mixin.py:109} INFO - [2022-10-16 07:09:40,572] {dag.py:2398} INFO - Sync 1 DAGs
[2022-10-16 07:09:40,587] {logging_mixin.py:109} INFO - [2022-10-16 07:09:40,587] {dag.py:2937} INFO - Setting next_dagrun for example_python_operator to None
[2022-10-16 07:09:40,602] {processor.py:171} INFO - Processing /home/airflow/.local/lib/python3.7/site-packages/airflow/example_dags/example_python_operator.py took 0.074 seconds
[2022-10-16 07:10:10,759] {processor.py:163} INFO - Started process (PID=3599) to work on /home/airflow/.local/lib/python3.7/site-packages/airflow/example_dags/example_python_operator.py
[2022-10-16 07:10:10,759] {processor.py:642} INFO - Processing file /home/airflow/.local/lib/python3.7/site-packages/airflow/example_dags/example_python_operator.py for tasks to queue
[2022-10-16 07:10:10,760] {logging_mixin.py:109} INFO - [2022-10-16 07:10:10,759] {dagbag.py:500} INFO - Filling up the DagBag from /home/airflow/.local/lib/python3.7/site-packages/airflow/example_dags/example_python_operator.py
[2022-10-16 07:10:10,783] {processor.py:654} INFO - DAG(s) dict_keys(['example_python_operator']) retrieved from /home/airflow/.local/lib/python3.7/site-packages/airflow/example_dags/example_python_operator.py
[2022-10-16 07:10:10,790] {logging_mixin.py:109} INFO - [2022-10-16 07:10:10,790] {dag.py:2398} INFO - Sync 1 DAGs
[2022-10-16 07:10:10,800] {logging_mixin.py:109} INFO - [2022-10-16 07:10:10,800] {dag.py:2937} INFO - Setting next_dagrun for example_python_operator to None
[2022-10-16 07:10:10,815] {processor.py:171} INFO - Processing /home/airflow/.local/lib/python3.7/site-packages/airflow/example_dags/example_python_operator.py took 0.059 seconds
[2022-10-16 07:10:41,027] {processor.py:163} INFO - Started process (PID=3675) to work on /home/airflow/.local/lib/python3.7/site-packages/airflow/example_dags/example_python_operator.py
[2022-10-16 07:10:41,028] {processor.py:642} INFO - Processing file /home/airflow/.local/lib/python3.7/site-packages/airflow/example_dags/example_python_operator.py for tasks to queue
[2022-10-16 07:10:41,028] {logging_mixin.py:109} INFO - [2022-10-16 07:10:41,028] {dagbag.py:500} INFO - Filling up the DagBag from /home/airflow/.local/lib/python3.7/site-packages/airflow/example_dags/example_python_operator.py
[2022-10-16 07:10:41,055] {processor.py:654} INFO - DAG(s) dict_keys(['example_python_operator']) retrieved from /home/airflow/.local/lib/python3.7/site-packages/airflow/example_dags/example_python_operator.py
[2022-10-16 07:10:41,065] {logging_mixin.py:109} INFO - [2022-10-16 07:10:41,065] {dag.py:2398} INFO - Sync 1 DAGs
[2022-10-16 07:10:41,081] {logging_mixin.py:109} INFO - [2022-10-16 07:10:41,081] {dag.py:2937} INFO - Setting next_dagrun for example_python_operator to None
[2022-10-16 07:10:41,104] {processor.py:171} INFO - Processing /home/airflow/.local/lib/python3.7/site-packages/airflow/example_dags/example_python_operator.py took 0.079 seconds
[2022-10-16 07:11:11,356] {processor.py:163} INFO - Started process (PID=3740) to work on /home/airflow/.local/lib/python3.7/site-packages/airflow/example_dags/example_python_operator.py
[2022-10-16 07:11:11,356] {processor.py:642} INFO - Processing file /home/airflow/.local/lib/python3.7/site-packages/airflow/example_dags/example_python_operator.py for tasks to queue
[2022-10-16 07:11:11,357] {logging_mixin.py:109} INFO - [2022-10-16 07:11:11,357] {dagbag.py:500} INFO - Filling up the DagBag from /home/airflow/.local/lib/python3.7/site-packages/airflow/example_dags/example_python_operator.py
[2022-10-16 07:11:11,382] {processor.py:654} INFO - DAG(s) dict_keys(['example_python_operator']) retrieved from /home/airflow/.local/lib/python3.7/site-packages/airflow/example_dags/example_python_operator.py
[2022-10-16 07:11:11,389] {logging_mixin.py:109} INFO - [2022-10-16 07:11:11,389] {dag.py:2398} INFO - Sync 1 DAGs
[2022-10-16 07:11:11,401] {logging_mixin.py:109} INFO - [2022-10-16 07:11:11,401] {dag.py:2937} INFO - Setting next_dagrun for example_python_operator to None
[2022-10-16 07:11:11,417] {processor.py:171} INFO - Processing /home/airflow/.local/lib/python3.7/site-packages/airflow/example_dags/example_python_operator.py took 0.063 seconds
[2022-10-16 07:11:41,544] {processor.py:163} INFO - Started process (PID=3814) to work on /home/airflow/.local/lib/python3.7/site-packages/airflow/example_dags/example_python_operator.py
[2022-10-16 07:11:41,545] {processor.py:642} INFO - Processing file /home/airflow/.local/lib/python3.7/site-packages/airflow/example_dags/example_python_operator.py for tasks to queue
[2022-10-16 07:11:41,546] {logging_mixin.py:109} INFO - [2022-10-16 07:11:41,546] {dagbag.py:500} INFO - Filling up the DagBag from /home/airflow/.local/lib/python3.7/site-packages/airflow/example_dags/example_python_operator.py
[2022-10-16 07:11:41,585] {processor.py:654} INFO - DAG(s) dict_keys(['example_python_operator']) retrieved from /home/airflow/.local/lib/python3.7/site-packages/airflow/example_dags/example_python_operator.py
[2022-10-16 07:11:41,596] {logging_mixin.py:109} INFO - [2022-10-16 07:11:41,596] {dag.py:2398} INFO - Sync 1 DAGs
[2022-10-16 07:11:41,615] {logging_mixin.py:109} INFO - [2022-10-16 07:11:41,615] {dag.py:2937} INFO - Setting next_dagrun for example_python_operator to None
[2022-10-16 07:11:41,631] {processor.py:171} INFO - Processing /home/airflow/.local/lib/python3.7/site-packages/airflow/example_dags/example_python_operator.py took 0.090 seconds
[2022-10-16 07:12:11,745] {processor.py:163} INFO - Started process (PID=3876) to work on /home/airflow/.local/lib/python3.7/site-packages/airflow/example_dags/example_python_operator.py
[2022-10-16 07:12:11,745] {processor.py:642} INFO - Processing file /home/airflow/.local/lib/python3.7/site-packages/airflow/example_dags/example_python_operator.py for tasks to queue
[2022-10-16 07:12:11,745] {logging_mixin.py:109} INFO - [2022-10-16 07:12:11,745] {dagbag.py:500} INFO - Filling up the DagBag from /home/airflow/.local/lib/python3.7/site-packages/airflow/example_dags/example_python_operator.py
[2022-10-16 07:12:11,770] {processor.py:654} INFO - DAG(s) dict_keys(['example_python_operator']) retrieved from /home/airflow/.local/lib/python3.7/site-packages/airflow/example_dags/example_python_operator.py
[2022-10-16 07:12:11,776] {logging_mixin.py:109} INFO - [2022-10-16 07:12:11,776] {dag.py:2398} INFO - Sync 1 DAGs
[2022-10-16 07:12:11,786] {logging_mixin.py:109} INFO - [2022-10-16 07:12:11,786] {dag.py:2937} INFO - Setting next_dagrun for example_python_operator to None
[2022-10-16 07:12:11,798] {processor.py:171} INFO - Processing /home/airflow/.local/lib/python3.7/site-packages/airflow/example_dags/example_python_operator.py took 0.056 seconds
[2022-10-16 07:12:41,871] {processor.py:163} INFO - Started process (PID=3938) to work on /home/airflow/.local/lib/python3.7/site-packages/airflow/example_dags/example_python_operator.py
[2022-10-16 07:12:41,872] {processor.py:642} INFO - Processing file /home/airflow/.local/lib/python3.7/site-packages/airflow/example_dags/example_python_operator.py for tasks to queue
[2022-10-16 07:12:41,872] {logging_mixin.py:109} INFO - [2022-10-16 07:12:41,872] {dagbag.py:500} INFO - Filling up the DagBag from /home/airflow/.local/lib/python3.7/site-packages/airflow/example_dags/example_python_operator.py
[2022-10-16 07:12:41,897] {processor.py:654} INFO - DAG(s) dict_keys(['example_python_operator']) retrieved from /home/airflow/.local/lib/python3.7/site-packages/airflow/example_dags/example_python_operator.py
[2022-10-16 07:12:41,904] {logging_mixin.py:109} INFO - [2022-10-16 07:12:41,904] {dag.py:2398} INFO - Sync 1 DAGs
[2022-10-16 07:12:41,914] {logging_mixin.py:109} INFO - [2022-10-16 07:12:41,914] {dag.py:2937} INFO - Setting next_dagrun for example_python_operator to None
[2022-10-16 07:12:41,927] {processor.py:171} INFO - Processing /home/airflow/.local/lib/python3.7/site-packages/airflow/example_dags/example_python_operator.py took 0.058 seconds
[2022-10-16 07:13:12,016] {processor.py:163} INFO - Started process (PID=4009) to work on /home/airflow/.local/lib/python3.7/site-packages/airflow/example_dags/example_python_operator.py
[2022-10-16 07:13:12,017] {processor.py:642} INFO - Processing file /home/airflow/.local/lib/python3.7/site-packages/airflow/example_dags/example_python_operator.py for tasks to queue
[2022-10-16 07:13:12,017] {logging_mixin.py:109} INFO - [2022-10-16 07:13:12,017] {dagbag.py:500} INFO - Filling up the DagBag from /home/airflow/.local/lib/python3.7/site-packages/airflow/example_dags/example_python_operator.py
[2022-10-16 07:13:12,042] {processor.py:654} INFO - DAG(s) dict_keys(['example_python_operator']) retrieved from /home/airflow/.local/lib/python3.7/site-packages/airflow/example_dags/example_python_operator.py
[2022-10-16 07:13:12,048] {logging_mixin.py:109} INFO - [2022-10-16 07:13:12,048] {dag.py:2398} INFO - Sync 1 DAGs
[2022-10-16 07:13:12,059] {logging_mixin.py:109} INFO - [2022-10-16 07:13:12,059] {dag.py:2937} INFO - Setting next_dagrun for example_python_operator to None
[2022-10-16 07:13:12,071] {processor.py:171} INFO - Processing /home/airflow/.local/lib/python3.7/site-packages/airflow/example_dags/example_python_operator.py took 0.057 seconds
[2022-10-16 07:13:42,550] {processor.py:163} INFO - Started process (PID=4072) to work on /home/airflow/.local/lib/python3.7/site-packages/airflow/example_dags/example_python_operator.py
[2022-10-16 07:13:42,551] {processor.py:642} INFO - Processing file /home/airflow/.local/lib/python3.7/site-packages/airflow/example_dags/example_python_operator.py for tasks to queue
[2022-10-16 07:13:42,552] {logging_mixin.py:109} INFO - [2022-10-16 07:13:42,552] {dagbag.py:500} INFO - Filling up the DagBag from /home/airflow/.local/lib/python3.7/site-packages/airflow/example_dags/example_python_operator.py
[2022-10-16 07:13:42,577] {processor.py:654} INFO - DAG(s) dict_keys(['example_python_operator']) retrieved from /home/airflow/.local/lib/python3.7/site-packages/airflow/example_dags/example_python_operator.py
[2022-10-16 07:13:42,584] {logging_mixin.py:109} INFO - [2022-10-16 07:13:42,584] {dag.py:2398} INFO - Sync 1 DAGs
[2022-10-16 07:13:42,594] {logging_mixin.py:109} INFO - [2022-10-16 07:13:42,594] {dag.py:2937} INFO - Setting next_dagrun for example_python_operator to None
[2022-10-16 07:13:42,606] {processor.py:171} INFO - Processing /home/airflow/.local/lib/python3.7/site-packages/airflow/example_dags/example_python_operator.py took 0.059 seconds
[2022-10-16 07:14:12,716] {processor.py:163} INFO - Started process (PID=4144) to work on /home/airflow/.local/lib/python3.7/site-packages/airflow/example_dags/example_python_operator.py
[2022-10-16 07:14:12,716] {processor.py:642} INFO - Processing file /home/airflow/.local/lib/python3.7/site-packages/airflow/example_dags/example_python_operator.py for tasks to queue
[2022-10-16 07:14:12,717] {logging_mixin.py:109} INFO - [2022-10-16 07:14:12,716] {dagbag.py:500} INFO - Filling up the DagBag from /home/airflow/.local/lib/python3.7/site-packages/airflow/example_dags/example_python_operator.py
[2022-10-16 07:14:12,743] {processor.py:654} INFO - DAG(s) dict_keys(['example_python_operator']) retrieved from /home/airflow/.local/lib/python3.7/site-packages/airflow/example_dags/example_python_operator.py
[2022-10-16 07:14:12,753] {logging_mixin.py:109} INFO - [2022-10-16 07:14:12,753] {dag.py:2398} INFO - Sync 1 DAGs
[2022-10-16 07:14:12,768] {logging_mixin.py:109} INFO - [2022-10-16 07:14:12,768] {dag.py:2937} INFO - Setting next_dagrun for example_python_operator to None
[2022-10-16 07:14:12,778] {processor.py:171} INFO - Processing /home/airflow/.local/lib/python3.7/site-packages/airflow/example_dags/example_python_operator.py took 0.065 seconds
[2022-10-16 07:14:43,204] {processor.py:163} INFO - Started process (PID=4207) to work on /home/airflow/.local/lib/python3.7/site-packages/airflow/example_dags/example_python_operator.py
[2022-10-16 07:14:43,205] {processor.py:642} INFO - Processing file /home/airflow/.local/lib/python3.7/site-packages/airflow/example_dags/example_python_operator.py for tasks to queue
[2022-10-16 07:14:43,205] {logging_mixin.py:109} INFO - [2022-10-16 07:14:43,205] {dagbag.py:500} INFO - Filling up the DagBag from /home/airflow/.local/lib/python3.7/site-packages/airflow/example_dags/example_python_operator.py
[2022-10-16 07:14:43,231] {processor.py:654} INFO - DAG(s) dict_keys(['example_python_operator']) retrieved from /home/airflow/.local/lib/python3.7/site-packages/airflow/example_dags/example_python_operator.py
[2022-10-16 07:14:43,238] {logging_mixin.py:109} INFO - [2022-10-16 07:14:43,237] {dag.py:2398} INFO - Sync 1 DAGs
[2022-10-16 07:14:43,248] {logging_mixin.py:109} INFO - [2022-10-16 07:14:43,248] {dag.py:2937} INFO - Setting next_dagrun for example_python_operator to None
[2022-10-16 07:14:43,259] {processor.py:171} INFO - Processing /home/airflow/.local/lib/python3.7/site-packages/airflow/example_dags/example_python_operator.py took 0.057 seconds
