[2022-10-16 06:43:23,850] {processor.py:163} INFO - Started process (PID=79) to work on /home/airflow/.local/lib/python3.7/site-packages/airflow/example_dags/example_task_group.py
[2022-10-16 06:43:23,850] {processor.py:642} INFO - Processing file /home/airflow/.local/lib/python3.7/site-packages/airflow/example_dags/example_task_group.py for tasks to queue
[2022-10-16 06:43:23,851] {logging_mixin.py:109} INFO - [2022-10-16 06:43:23,851] {dagbag.py:500} INFO - Filling up the DagBag from /home/airflow/.local/lib/python3.7/site-packages/airflow/example_dags/example_task_group.py
[2022-10-16 06:43:23,872] {processor.py:654} INFO - DAG(s) dict_keys(['example_task_group']) retrieved from /home/airflow/.local/lib/python3.7/site-packages/airflow/example_dags/example_task_group.py
[2022-10-16 06:43:23,879] {logging_mixin.py:109} INFO - [2022-10-16 06:43:23,879] {dag.py:2398} INFO - Sync 1 DAGs
[2022-10-16 06:43:23,891] {logging_mixin.py:109} INFO - [2022-10-16 06:43:23,891] {dag.py:2937} INFO - Setting next_dagrun for example_task_group to 2022-10-15T06:43:23.890869+00:00
[2022-10-16 06:43:23,905] {processor.py:171} INFO - Processing /home/airflow/.local/lib/python3.7/site-packages/airflow/example_dags/example_task_group.py took 0.057 seconds
[2022-10-16 06:43:54,577] {processor.py:163} INFO - Started process (PID=152) to work on /home/airflow/.local/lib/python3.7/site-packages/airflow/example_dags/example_task_group.py
[2022-10-16 06:43:54,578] {processor.py:642} INFO - Processing file /home/airflow/.local/lib/python3.7/site-packages/airflow/example_dags/example_task_group.py for tasks to queue
[2022-10-16 06:43:54,578] {logging_mixin.py:109} INFO - [2022-10-16 06:43:54,578] {dagbag.py:500} INFO - Filling up the DagBag from /home/airflow/.local/lib/python3.7/site-packages/airflow/example_dags/example_task_group.py
[2022-10-16 06:43:54,604] {processor.py:654} INFO - DAG(s) dict_keys(['example_task_group']) retrieved from /home/airflow/.local/lib/python3.7/site-packages/airflow/example_dags/example_task_group.py
[2022-10-16 06:43:54,616] {logging_mixin.py:109} INFO - [2022-10-16 06:43:54,616] {dag.py:2398} INFO - Sync 1 DAGs
[2022-10-16 06:43:54,630] {logging_mixin.py:109} INFO - [2022-10-16 06:43:54,629] {dag.py:2937} INFO - Setting next_dagrun for example_task_group to 2022-10-15T06:43:54.629746+00:00
[2022-10-16 06:43:54,639] {processor.py:171} INFO - Processing /home/airflow/.local/lib/python3.7/site-packages/airflow/example_dags/example_task_group.py took 0.064 seconds
[2022-10-16 06:44:25,588] {processor.py:163} INFO - Started process (PID=214) to work on /home/airflow/.local/lib/python3.7/site-packages/airflow/example_dags/example_task_group.py
[2022-10-16 06:44:25,588] {processor.py:642} INFO - Processing file /home/airflow/.local/lib/python3.7/site-packages/airflow/example_dags/example_task_group.py for tasks to queue
[2022-10-16 06:44:25,589] {logging_mixin.py:109} INFO - [2022-10-16 06:44:25,589] {dagbag.py:500} INFO - Filling up the DagBag from /home/airflow/.local/lib/python3.7/site-packages/airflow/example_dags/example_task_group.py
[2022-10-16 06:44:25,611] {processor.py:654} INFO - DAG(s) dict_keys(['example_task_group']) retrieved from /home/airflow/.local/lib/python3.7/site-packages/airflow/example_dags/example_task_group.py
[2022-10-16 06:44:25,618] {logging_mixin.py:109} INFO - [2022-10-16 06:44:25,618] {dag.py:2398} INFO - Sync 1 DAGs
[2022-10-16 06:44:25,628] {logging_mixin.py:109} INFO - [2022-10-16 06:44:25,628] {dag.py:2937} INFO - Setting next_dagrun for example_task_group to 2022-10-15T06:44:25.628388+00:00
[2022-10-16 06:44:25,649] {processor.py:171} INFO - Processing /home/airflow/.local/lib/python3.7/site-packages/airflow/example_dags/example_task_group.py took 0.063 seconds
[2022-10-16 06:44:56,973] {processor.py:163} INFO - Started process (PID=285) to work on /home/airflow/.local/lib/python3.7/site-packages/airflow/example_dags/example_task_group.py
[2022-10-16 06:44:56,973] {processor.py:642} INFO - Processing file /home/airflow/.local/lib/python3.7/site-packages/airflow/example_dags/example_task_group.py for tasks to queue
[2022-10-16 06:44:56,974] {logging_mixin.py:109} INFO - [2022-10-16 06:44:56,974] {dagbag.py:500} INFO - Filling up the DagBag from /home/airflow/.local/lib/python3.7/site-packages/airflow/example_dags/example_task_group.py
[2022-10-16 06:44:56,996] {processor.py:654} INFO - DAG(s) dict_keys(['example_task_group']) retrieved from /home/airflow/.local/lib/python3.7/site-packages/airflow/example_dags/example_task_group.py
[2022-10-16 06:44:57,004] {logging_mixin.py:109} INFO - [2022-10-16 06:44:57,004] {dag.py:2398} INFO - Sync 1 DAGs
[2022-10-16 06:44:57,016] {logging_mixin.py:109} INFO - [2022-10-16 06:44:57,016] {dag.py:2937} INFO - Setting next_dagrun for example_task_group to 2022-10-15T06:44:57.015963+00:00
[2022-10-16 06:44:57,030] {processor.py:171} INFO - Processing /home/airflow/.local/lib/python3.7/site-packages/airflow/example_dags/example_task_group.py took 0.059 seconds
[2022-10-16 06:45:27,908] {processor.py:163} INFO - Started process (PID=347) to work on /home/airflow/.local/lib/python3.7/site-packages/airflow/example_dags/example_task_group.py
[2022-10-16 06:45:27,908] {processor.py:642} INFO - Processing file /home/airflow/.local/lib/python3.7/site-packages/airflow/example_dags/example_task_group.py for tasks to queue
[2022-10-16 06:45:27,909] {logging_mixin.py:109} INFO - [2022-10-16 06:45:27,909] {dagbag.py:500} INFO - Filling up the DagBag from /home/airflow/.local/lib/python3.7/site-packages/airflow/example_dags/example_task_group.py
[2022-10-16 06:45:27,930] {processor.py:654} INFO - DAG(s) dict_keys(['example_task_group']) retrieved from /home/airflow/.local/lib/python3.7/site-packages/airflow/example_dags/example_task_group.py
[2022-10-16 06:45:27,937] {logging_mixin.py:109} INFO - [2022-10-16 06:45:27,937] {dag.py:2398} INFO - Sync 1 DAGs
[2022-10-16 06:45:27,948] {logging_mixin.py:109} INFO - [2022-10-16 06:45:27,948] {dag.py:2937} INFO - Setting next_dagrun for example_task_group to 2022-10-15T06:45:27.948404+00:00
[2022-10-16 06:45:27,955] {processor.py:171} INFO - Processing /home/airflow/.local/lib/python3.7/site-packages/airflow/example_dags/example_task_group.py took 0.050 seconds
[2022-10-16 06:45:58,960] {processor.py:163} INFO - Started process (PID=418) to work on /home/airflow/.local/lib/python3.7/site-packages/airflow/example_dags/example_task_group.py
[2022-10-16 06:45:58,961] {processor.py:642} INFO - Processing file /home/airflow/.local/lib/python3.7/site-packages/airflow/example_dags/example_task_group.py for tasks to queue
[2022-10-16 06:45:58,961] {logging_mixin.py:109} INFO - [2022-10-16 06:45:58,961] {dagbag.py:500} INFO - Filling up the DagBag from /home/airflow/.local/lib/python3.7/site-packages/airflow/example_dags/example_task_group.py
[2022-10-16 06:45:58,983] {processor.py:654} INFO - DAG(s) dict_keys(['example_task_group']) retrieved from /home/airflow/.local/lib/python3.7/site-packages/airflow/example_dags/example_task_group.py
[2022-10-16 06:45:58,991] {logging_mixin.py:109} INFO - [2022-10-16 06:45:58,991] {dag.py:2398} INFO - Sync 1 DAGs
[2022-10-16 06:45:59,002] {logging_mixin.py:109} INFO - [2022-10-16 06:45:59,002] {dag.py:2937} INFO - Setting next_dagrun for example_task_group to 2022-10-15T06:45:59.002580+00:00
[2022-10-16 06:45:59,010] {processor.py:171} INFO - Processing /home/airflow/.local/lib/python3.7/site-packages/airflow/example_dags/example_task_group.py took 0.052 seconds
[2022-10-16 06:46:30,137] {processor.py:163} INFO - Started process (PID=480) to work on /home/airflow/.local/lib/python3.7/site-packages/airflow/example_dags/example_task_group.py
[2022-10-16 06:46:30,138] {processor.py:642} INFO - Processing file /home/airflow/.local/lib/python3.7/site-packages/airflow/example_dags/example_task_group.py for tasks to queue
[2022-10-16 06:46:30,138] {logging_mixin.py:109} INFO - [2022-10-16 06:46:30,138] {dagbag.py:500} INFO - Filling up the DagBag from /home/airflow/.local/lib/python3.7/site-packages/airflow/example_dags/example_task_group.py
[2022-10-16 06:46:30,160] {processor.py:654} INFO - DAG(s) dict_keys(['example_task_group']) retrieved from /home/airflow/.local/lib/python3.7/site-packages/airflow/example_dags/example_task_group.py
[2022-10-16 06:46:30,167] {logging_mixin.py:109} INFO - [2022-10-16 06:46:30,167] {dag.py:2398} INFO - Sync 1 DAGs
[2022-10-16 06:46:30,178] {logging_mixin.py:109} INFO - [2022-10-16 06:46:30,178] {dag.py:2937} INFO - Setting next_dagrun for example_task_group to 2022-10-15T06:46:30.178707+00:00
[2022-10-16 06:46:30,187] {processor.py:171} INFO - Processing /home/airflow/.local/lib/python3.7/site-packages/airflow/example_dags/example_task_group.py took 0.053 seconds
[2022-10-16 06:47:01,228] {processor.py:163} INFO - Started process (PID=552) to work on /home/airflow/.local/lib/python3.7/site-packages/airflow/example_dags/example_task_group.py
[2022-10-16 06:47:01,229] {processor.py:642} INFO - Processing file /home/airflow/.local/lib/python3.7/site-packages/airflow/example_dags/example_task_group.py for tasks to queue
[2022-10-16 06:47:01,229] {logging_mixin.py:109} INFO - [2022-10-16 06:47:01,229] {dagbag.py:500} INFO - Filling up the DagBag from /home/airflow/.local/lib/python3.7/site-packages/airflow/example_dags/example_task_group.py
[2022-10-16 06:47:01,251] {processor.py:654} INFO - DAG(s) dict_keys(['example_task_group']) retrieved from /home/airflow/.local/lib/python3.7/site-packages/airflow/example_dags/example_task_group.py
[2022-10-16 06:47:01,259] {logging_mixin.py:109} INFO - [2022-10-16 06:47:01,259] {dag.py:2398} INFO - Sync 1 DAGs
[2022-10-16 06:47:01,270] {logging_mixin.py:109} INFO - [2022-10-16 06:47:01,270] {dag.py:2937} INFO - Setting next_dagrun for example_task_group to 2022-10-15T06:47:01.269845+00:00
[2022-10-16 06:47:01,284] {processor.py:171} INFO - Processing /home/airflow/.local/lib/python3.7/site-packages/airflow/example_dags/example_task_group.py took 0.058 seconds
[2022-10-16 06:47:32,169] {processor.py:163} INFO - Started process (PID=621) to work on /home/airflow/.local/lib/python3.7/site-packages/airflow/example_dags/example_task_group.py
[2022-10-16 06:47:32,169] {processor.py:642} INFO - Processing file /home/airflow/.local/lib/python3.7/site-packages/airflow/example_dags/example_task_group.py for tasks to queue
[2022-10-16 06:47:32,170] {logging_mixin.py:109} INFO - [2022-10-16 06:47:32,170] {dagbag.py:500} INFO - Filling up the DagBag from /home/airflow/.local/lib/python3.7/site-packages/airflow/example_dags/example_task_group.py
[2022-10-16 06:47:32,228] {processor.py:654} INFO - DAG(s) dict_keys(['example_task_group']) retrieved from /home/airflow/.local/lib/python3.7/site-packages/airflow/example_dags/example_task_group.py
[2022-10-16 06:47:32,238] {logging_mixin.py:109} INFO - [2022-10-16 06:47:32,237] {dag.py:2398} INFO - Sync 1 DAGs
[2022-10-16 06:47:32,252] {logging_mixin.py:109} INFO - [2022-10-16 06:47:32,252] {dag.py:2937} INFO - Setting next_dagrun for example_task_group to 2022-10-15T06:47:32.252633+00:00
[2022-10-16 06:47:32,276] {processor.py:171} INFO - Processing /home/airflow/.local/lib/python3.7/site-packages/airflow/example_dags/example_task_group.py took 0.110 seconds
[2022-10-16 06:48:03,454] {processor.py:163} INFO - Started process (PID=685) to work on /home/airflow/.local/lib/python3.7/site-packages/airflow/example_dags/example_task_group.py
[2022-10-16 06:48:03,455] {processor.py:642} INFO - Processing file /home/airflow/.local/lib/python3.7/site-packages/airflow/example_dags/example_task_group.py for tasks to queue
[2022-10-16 06:48:03,455] {logging_mixin.py:109} INFO - [2022-10-16 06:48:03,455] {dagbag.py:500} INFO - Filling up the DagBag from /home/airflow/.local/lib/python3.7/site-packages/airflow/example_dags/example_task_group.py
[2022-10-16 06:48:03,476] {processor.py:654} INFO - DAG(s) dict_keys(['example_task_group']) retrieved from /home/airflow/.local/lib/python3.7/site-packages/airflow/example_dags/example_task_group.py
[2022-10-16 06:48:03,483] {logging_mixin.py:109} INFO - [2022-10-16 06:48:03,483] {dag.py:2398} INFO - Sync 1 DAGs
[2022-10-16 06:48:03,493] {logging_mixin.py:109} INFO - [2022-10-16 06:48:03,493] {dag.py:2937} INFO - Setting next_dagrun for example_task_group to 2022-10-15T06:48:03.493600+00:00
[2022-10-16 06:48:03,501] {processor.py:171} INFO - Processing /home/airflow/.local/lib/python3.7/site-packages/airflow/example_dags/example_task_group.py took 0.049 seconds
[2022-10-16 06:48:34,689] {processor.py:163} INFO - Started process (PID=756) to work on /home/airflow/.local/lib/python3.7/site-packages/airflow/example_dags/example_task_group.py
[2022-10-16 06:48:34,690] {processor.py:642} INFO - Processing file /home/airflow/.local/lib/python3.7/site-packages/airflow/example_dags/example_task_group.py for tasks to queue
[2022-10-16 06:48:34,690] {logging_mixin.py:109} INFO - [2022-10-16 06:48:34,690] {dagbag.py:500} INFO - Filling up the DagBag from /home/airflow/.local/lib/python3.7/site-packages/airflow/example_dags/example_task_group.py
[2022-10-16 06:48:34,715] {processor.py:654} INFO - DAG(s) dict_keys(['example_task_group']) retrieved from /home/airflow/.local/lib/python3.7/site-packages/airflow/example_dags/example_task_group.py
[2022-10-16 06:48:34,727] {logging_mixin.py:109} INFO - [2022-10-16 06:48:34,727] {dag.py:2398} INFO - Sync 1 DAGs
[2022-10-16 06:48:34,746] {logging_mixin.py:109} INFO - [2022-10-16 06:48:34,746] {dag.py:2937} INFO - Setting next_dagrun for example_task_group to 2022-10-15T06:48:34.745911+00:00
[2022-10-16 06:48:34,768] {processor.py:171} INFO - Processing /home/airflow/.local/lib/python3.7/site-packages/airflow/example_dags/example_task_group.py took 0.080 seconds
[2022-10-16 06:49:05,623] {processor.py:163} INFO - Started process (PID=817) to work on /home/airflow/.local/lib/python3.7/site-packages/airflow/example_dags/example_task_group.py
[2022-10-16 06:49:05,624] {processor.py:642} INFO - Processing file /home/airflow/.local/lib/python3.7/site-packages/airflow/example_dags/example_task_group.py for tasks to queue
[2022-10-16 06:49:05,624] {logging_mixin.py:109} INFO - [2022-10-16 06:49:05,624] {dagbag.py:500} INFO - Filling up the DagBag from /home/airflow/.local/lib/python3.7/site-packages/airflow/example_dags/example_task_group.py
[2022-10-16 06:49:05,646] {processor.py:654} INFO - DAG(s) dict_keys(['example_task_group']) retrieved from /home/airflow/.local/lib/python3.7/site-packages/airflow/example_dags/example_task_group.py
[2022-10-16 06:49:05,654] {logging_mixin.py:109} INFO - [2022-10-16 06:49:05,654] {dag.py:2398} INFO - Sync 1 DAGs
[2022-10-16 06:49:05,664] {logging_mixin.py:109} INFO - [2022-10-16 06:49:05,664] {dag.py:2937} INFO - Setting next_dagrun for example_task_group to 2022-10-15T06:49:05.664151+00:00
[2022-10-16 06:49:05,677] {processor.py:171} INFO - Processing /home/airflow/.local/lib/python3.7/site-packages/airflow/example_dags/example_task_group.py took 0.056 seconds
[2022-10-16 06:49:35,710] {processor.py:163} INFO - Started process (PID=879) to work on /home/airflow/.local/lib/python3.7/site-packages/airflow/example_dags/example_task_group.py
[2022-10-16 06:49:35,711] {processor.py:642} INFO - Processing file /home/airflow/.local/lib/python3.7/site-packages/airflow/example_dags/example_task_group.py for tasks to queue
[2022-10-16 06:49:35,711] {logging_mixin.py:109} INFO - [2022-10-16 06:49:35,711] {dagbag.py:500} INFO - Filling up the DagBag from /home/airflow/.local/lib/python3.7/site-packages/airflow/example_dags/example_task_group.py
[2022-10-16 06:49:35,739] {processor.py:654} INFO - DAG(s) dict_keys(['example_task_group']) retrieved from /home/airflow/.local/lib/python3.7/site-packages/airflow/example_dags/example_task_group.py
[2022-10-16 06:49:35,750] {logging_mixin.py:109} INFO - [2022-10-16 06:49:35,750] {dag.py:2398} INFO - Sync 1 DAGs
[2022-10-16 06:49:35,768] {logging_mixin.py:109} INFO - [2022-10-16 06:49:35,768] {dag.py:2937} INFO - Setting next_dagrun for example_task_group to 2022-10-15T06:49:35.767930+00:00
[2022-10-16 06:49:35,788] {processor.py:171} INFO - Processing /home/airflow/.local/lib/python3.7/site-packages/airflow/example_dags/example_task_group.py took 0.081 seconds
[2022-10-16 06:50:06,463] {processor.py:163} INFO - Started process (PID=943) to work on /home/airflow/.local/lib/python3.7/site-packages/airflow/example_dags/example_task_group.py
[2022-10-16 06:50:06,463] {processor.py:642} INFO - Processing file /home/airflow/.local/lib/python3.7/site-packages/airflow/example_dags/example_task_group.py for tasks to queue
[2022-10-16 06:50:06,464] {logging_mixin.py:109} INFO - [2022-10-16 06:50:06,464] {dagbag.py:500} INFO - Filling up the DagBag from /home/airflow/.local/lib/python3.7/site-packages/airflow/example_dags/example_task_group.py
[2022-10-16 06:50:06,486] {processor.py:654} INFO - DAG(s) dict_keys(['example_task_group']) retrieved from /home/airflow/.local/lib/python3.7/site-packages/airflow/example_dags/example_task_group.py
[2022-10-16 06:50:06,493] {logging_mixin.py:109} INFO - [2022-10-16 06:50:06,493] {dag.py:2398} INFO - Sync 1 DAGs
[2022-10-16 06:50:06,504] {logging_mixin.py:109} INFO - [2022-10-16 06:50:06,504] {dag.py:2937} INFO - Setting next_dagrun for example_task_group to 2022-10-15T06:50:06.504401+00:00
[2022-10-16 06:50:06,517] {processor.py:171} INFO - Processing /home/airflow/.local/lib/python3.7/site-packages/airflow/example_dags/example_task_group.py took 0.057 seconds
[2022-10-16 06:50:36,847] {processor.py:163} INFO - Started process (PID=1014) to work on /home/airflow/.local/lib/python3.7/site-packages/airflow/example_dags/example_task_group.py
[2022-10-16 06:50:36,848] {processor.py:642} INFO - Processing file /home/airflow/.local/lib/python3.7/site-packages/airflow/example_dags/example_task_group.py for tasks to queue
[2022-10-16 06:50:36,848] {logging_mixin.py:109} INFO - [2022-10-16 06:50:36,848] {dagbag.py:500} INFO - Filling up the DagBag from /home/airflow/.local/lib/python3.7/site-packages/airflow/example_dags/example_task_group.py
[2022-10-16 06:50:36,871] {processor.py:654} INFO - DAG(s) dict_keys(['example_task_group']) retrieved from /home/airflow/.local/lib/python3.7/site-packages/airflow/example_dags/example_task_group.py
[2022-10-16 06:50:36,878] {logging_mixin.py:109} INFO - [2022-10-16 06:50:36,878] {dag.py:2398} INFO - Sync 1 DAGs
[2022-10-16 06:50:36,888] {logging_mixin.py:109} INFO - [2022-10-16 06:50:36,888] {dag.py:2937} INFO - Setting next_dagrun for example_task_group to 2022-10-15T06:50:36.888194+00:00
[2022-10-16 06:50:36,895] {processor.py:171} INFO - Processing /home/airflow/.local/lib/python3.7/site-packages/airflow/example_dags/example_task_group.py took 0.050 seconds
[2022-10-16 06:51:07,035] {processor.py:163} INFO - Started process (PID=1078) to work on /home/airflow/.local/lib/python3.7/site-packages/airflow/example_dags/example_task_group.py
[2022-10-16 06:51:07,036] {processor.py:642} INFO - Processing file /home/airflow/.local/lib/python3.7/site-packages/airflow/example_dags/example_task_group.py for tasks to queue
[2022-10-16 06:51:07,036] {logging_mixin.py:109} INFO - [2022-10-16 06:51:07,036] {dagbag.py:500} INFO - Filling up the DagBag from /home/airflow/.local/lib/python3.7/site-packages/airflow/example_dags/example_task_group.py
[2022-10-16 06:51:07,059] {processor.py:654} INFO - DAG(s) dict_keys(['example_task_group']) retrieved from /home/airflow/.local/lib/python3.7/site-packages/airflow/example_dags/example_task_group.py
[2022-10-16 06:51:07,066] {logging_mixin.py:109} INFO - [2022-10-16 06:51:07,066] {dag.py:2398} INFO - Sync 1 DAGs
[2022-10-16 06:51:07,077] {logging_mixin.py:109} INFO - [2022-10-16 06:51:07,077] {dag.py:2937} INFO - Setting next_dagrun for example_task_group to 2022-10-15T06:51:07.076808+00:00
[2022-10-16 06:51:07,089] {processor.py:171} INFO - Processing /home/airflow/.local/lib/python3.7/site-packages/airflow/example_dags/example_task_group.py took 0.057 seconds
[2022-10-16 06:51:37,487] {processor.py:163} INFO - Started process (PID=1150) to work on /home/airflow/.local/lib/python3.7/site-packages/airflow/example_dags/example_task_group.py
[2022-10-16 06:51:37,487] {processor.py:642} INFO - Processing file /home/airflow/.local/lib/python3.7/site-packages/airflow/example_dags/example_task_group.py for tasks to queue
[2022-10-16 06:51:37,488] {logging_mixin.py:109} INFO - [2022-10-16 06:51:37,488] {dagbag.py:500} INFO - Filling up the DagBag from /home/airflow/.local/lib/python3.7/site-packages/airflow/example_dags/example_task_group.py
[2022-10-16 06:51:37,512] {processor.py:654} INFO - DAG(s) dict_keys(['example_task_group']) retrieved from /home/airflow/.local/lib/python3.7/site-packages/airflow/example_dags/example_task_group.py
[2022-10-16 06:51:37,525] {logging_mixin.py:109} INFO - [2022-10-16 06:51:37,524] {dag.py:2398} INFO - Sync 1 DAGs
[2022-10-16 06:51:37,543] {logging_mixin.py:109} INFO - [2022-10-16 06:51:37,543] {dag.py:2937} INFO - Setting next_dagrun for example_task_group to 2022-10-15T06:51:37.542965+00:00
[2022-10-16 06:51:37,559] {processor.py:171} INFO - Processing /home/airflow/.local/lib/python3.7/site-packages/airflow/example_dags/example_task_group.py took 0.075 seconds
[2022-10-16 06:52:07,771] {processor.py:163} INFO - Started process (PID=1212) to work on /home/airflow/.local/lib/python3.7/site-packages/airflow/example_dags/example_task_group.py
[2022-10-16 06:52:07,772] {processor.py:642} INFO - Processing file /home/airflow/.local/lib/python3.7/site-packages/airflow/example_dags/example_task_group.py for tasks to queue
[2022-10-16 06:52:07,773] {logging_mixin.py:109} INFO - [2022-10-16 06:52:07,772] {dagbag.py:500} INFO - Filling up the DagBag from /home/airflow/.local/lib/python3.7/site-packages/airflow/example_dags/example_task_group.py
[2022-10-16 06:52:07,796] {processor.py:654} INFO - DAG(s) dict_keys(['example_task_group']) retrieved from /home/airflow/.local/lib/python3.7/site-packages/airflow/example_dags/example_task_group.py
[2022-10-16 06:52:07,803] {logging_mixin.py:109} INFO - [2022-10-16 06:52:07,803] {dag.py:2398} INFO - Sync 1 DAGs
[2022-10-16 06:52:07,815] {logging_mixin.py:109} INFO - [2022-10-16 06:52:07,814] {dag.py:2937} INFO - Setting next_dagrun for example_task_group to 2022-10-15T06:52:07.814738+00:00
[2022-10-16 06:52:07,828] {processor.py:171} INFO - Processing /home/airflow/.local/lib/python3.7/site-packages/airflow/example_dags/example_task_group.py took 0.059 seconds
[2022-10-16 06:52:38,125] {processor.py:163} INFO - Started process (PID=1283) to work on /home/airflow/.local/lib/python3.7/site-packages/airflow/example_dags/example_task_group.py
[2022-10-16 06:52:38,125] {processor.py:642} INFO - Processing file /home/airflow/.local/lib/python3.7/site-packages/airflow/example_dags/example_task_group.py for tasks to queue
[2022-10-16 06:52:38,126] {logging_mixin.py:109} INFO - [2022-10-16 06:52:38,126] {dagbag.py:500} INFO - Filling up the DagBag from /home/airflow/.local/lib/python3.7/site-packages/airflow/example_dags/example_task_group.py
[2022-10-16 06:52:38,150] {processor.py:654} INFO - DAG(s) dict_keys(['example_task_group']) retrieved from /home/airflow/.local/lib/python3.7/site-packages/airflow/example_dags/example_task_group.py
[2022-10-16 06:52:38,158] {logging_mixin.py:109} INFO - [2022-10-16 06:52:38,158] {dag.py:2398} INFO - Sync 1 DAGs
[2022-10-16 06:52:38,171] {logging_mixin.py:109} INFO - [2022-10-16 06:52:38,171] {dag.py:2937} INFO - Setting next_dagrun for example_task_group to 2022-10-15T06:52:38.170744+00:00
[2022-10-16 06:52:38,184] {processor.py:171} INFO - Processing /home/airflow/.local/lib/python3.7/site-packages/airflow/example_dags/example_task_group.py took 0.061 seconds
[2022-10-16 06:53:08,459] {processor.py:163} INFO - Started process (PID=1345) to work on /home/airflow/.local/lib/python3.7/site-packages/airflow/example_dags/example_task_group.py
[2022-10-16 06:53:08,460] {processor.py:642} INFO - Processing file /home/airflow/.local/lib/python3.7/site-packages/airflow/example_dags/example_task_group.py for tasks to queue
[2022-10-16 06:53:08,461] {logging_mixin.py:109} INFO - [2022-10-16 06:53:08,461] {dagbag.py:500} INFO - Filling up the DagBag from /home/airflow/.local/lib/python3.7/site-packages/airflow/example_dags/example_task_group.py
[2022-10-16 06:53:08,483] {processor.py:654} INFO - DAG(s) dict_keys(['example_task_group']) retrieved from /home/airflow/.local/lib/python3.7/site-packages/airflow/example_dags/example_task_group.py
[2022-10-16 06:53:08,490] {logging_mixin.py:109} INFO - [2022-10-16 06:53:08,490] {dag.py:2398} INFO - Sync 1 DAGs
[2022-10-16 06:53:08,501] {logging_mixin.py:109} INFO - [2022-10-16 06:53:08,501] {dag.py:2937} INFO - Setting next_dagrun for example_task_group to 2022-10-15T06:53:08.501482+00:00
[2022-10-16 06:53:08,514] {processor.py:171} INFO - Processing /home/airflow/.local/lib/python3.7/site-packages/airflow/example_dags/example_task_group.py took 0.057 seconds
[2022-10-16 06:53:38,905] {processor.py:163} INFO - Started process (PID=1416) to work on /home/airflow/.local/lib/python3.7/site-packages/airflow/example_dags/example_task_group.py
[2022-10-16 06:53:38,905] {processor.py:642} INFO - Processing file /home/airflow/.local/lib/python3.7/site-packages/airflow/example_dags/example_task_group.py for tasks to queue
[2022-10-16 06:53:38,906] {logging_mixin.py:109} INFO - [2022-10-16 06:53:38,906] {dagbag.py:500} INFO - Filling up the DagBag from /home/airflow/.local/lib/python3.7/site-packages/airflow/example_dags/example_task_group.py
[2022-10-16 06:53:38,927] {processor.py:654} INFO - DAG(s) dict_keys(['example_task_group']) retrieved from /home/airflow/.local/lib/python3.7/site-packages/airflow/example_dags/example_task_group.py
[2022-10-16 06:53:38,935] {logging_mixin.py:109} INFO - [2022-10-16 06:53:38,935] {dag.py:2398} INFO - Sync 1 DAGs
[2022-10-16 06:53:38,951] {logging_mixin.py:109} INFO - [2022-10-16 06:53:38,950] {dag.py:2937} INFO - Setting next_dagrun for example_task_group to 2022-10-15T06:53:38.950781+00:00
[2022-10-16 06:53:38,963] {processor.py:171} INFO - Processing /home/airflow/.local/lib/python3.7/site-packages/airflow/example_dags/example_task_group.py took 0.061 seconds
[2022-10-16 06:54:09,245] {processor.py:163} INFO - Started process (PID=1480) to work on /home/airflow/.local/lib/python3.7/site-packages/airflow/example_dags/example_task_group.py
[2022-10-16 06:54:09,246] {processor.py:642} INFO - Processing file /home/airflow/.local/lib/python3.7/site-packages/airflow/example_dags/example_task_group.py for tasks to queue
[2022-10-16 06:54:09,246] {logging_mixin.py:109} INFO - [2022-10-16 06:54:09,246] {dagbag.py:500} INFO - Filling up the DagBag from /home/airflow/.local/lib/python3.7/site-packages/airflow/example_dags/example_task_group.py
[2022-10-16 06:54:09,267] {processor.py:654} INFO - DAG(s) dict_keys(['example_task_group']) retrieved from /home/airflow/.local/lib/python3.7/site-packages/airflow/example_dags/example_task_group.py
[2022-10-16 06:54:09,274] {logging_mixin.py:109} INFO - [2022-10-16 06:54:09,274] {dag.py:2398} INFO - Sync 1 DAGs
[2022-10-16 06:54:09,285] {logging_mixin.py:109} INFO - [2022-10-16 06:54:09,285] {dag.py:2937} INFO - Setting next_dagrun for example_task_group to 2022-10-15T06:54:09.284953+00:00
[2022-10-16 06:54:09,292] {processor.py:171} INFO - Processing /home/airflow/.local/lib/python3.7/site-packages/airflow/example_dags/example_task_group.py took 0.048 seconds
[2022-10-16 06:54:39,494] {processor.py:163} INFO - Started process (PID=1553) to work on /home/airflow/.local/lib/python3.7/site-packages/airflow/example_dags/example_task_group.py
[2022-10-16 06:54:39,495] {processor.py:642} INFO - Processing file /home/airflow/.local/lib/python3.7/site-packages/airflow/example_dags/example_task_group.py for tasks to queue
[2022-10-16 06:54:39,495] {logging_mixin.py:109} INFO - [2022-10-16 06:54:39,495] {dagbag.py:500} INFO - Filling up the DagBag from /home/airflow/.local/lib/python3.7/site-packages/airflow/example_dags/example_task_group.py
[2022-10-16 06:54:39,519] {processor.py:654} INFO - DAG(s) dict_keys(['example_task_group']) retrieved from /home/airflow/.local/lib/python3.7/site-packages/airflow/example_dags/example_task_group.py
[2022-10-16 06:54:39,526] {logging_mixin.py:109} INFO - [2022-10-16 06:54:39,526] {dag.py:2398} INFO - Sync 1 DAGs
[2022-10-16 06:54:39,538] {logging_mixin.py:109} INFO - [2022-10-16 06:54:39,538] {dag.py:2937} INFO - Setting next_dagrun for example_task_group to 2022-10-15T06:54:39.538418+00:00
[2022-10-16 06:54:39,556] {processor.py:171} INFO - Processing /home/airflow/.local/lib/python3.7/site-packages/airflow/example_dags/example_task_group.py took 0.064 seconds
[2022-10-16 06:55:09,620] {processor.py:163} INFO - Started process (PID=1615) to work on /home/airflow/.local/lib/python3.7/site-packages/airflow/example_dags/example_task_group.py
[2022-10-16 06:55:09,621] {processor.py:642} INFO - Processing file /home/airflow/.local/lib/python3.7/site-packages/airflow/example_dags/example_task_group.py for tasks to queue
[2022-10-16 06:55:09,621] {logging_mixin.py:109} INFO - [2022-10-16 06:55:09,621] {dagbag.py:500} INFO - Filling up the DagBag from /home/airflow/.local/lib/python3.7/site-packages/airflow/example_dags/example_task_group.py
[2022-10-16 06:55:09,644] {processor.py:654} INFO - DAG(s) dict_keys(['example_task_group']) retrieved from /home/airflow/.local/lib/python3.7/site-packages/airflow/example_dags/example_task_group.py
[2022-10-16 06:55:09,651] {logging_mixin.py:109} INFO - [2022-10-16 06:55:09,651] {dag.py:2398} INFO - Sync 1 DAGs
[2022-10-16 06:55:09,663] {logging_mixin.py:109} INFO - [2022-10-16 06:55:09,663] {dag.py:2937} INFO - Setting next_dagrun for example_task_group to 2022-10-15T06:55:09.663491+00:00
[2022-10-16 06:55:09,672] {processor.py:171} INFO - Processing /home/airflow/.local/lib/python3.7/site-packages/airflow/example_dags/example_task_group.py took 0.054 seconds
[2022-10-16 06:55:39,955] {processor.py:163} INFO - Started process (PID=1688) to work on /home/airflow/.local/lib/python3.7/site-packages/airflow/example_dags/example_task_group.py
[2022-10-16 06:55:39,955] {processor.py:642} INFO - Processing file /home/airflow/.local/lib/python3.7/site-packages/airflow/example_dags/example_task_group.py for tasks to queue
[2022-10-16 06:55:39,956] {logging_mixin.py:109} INFO - [2022-10-16 06:55:39,956] {dagbag.py:500} INFO - Filling up the DagBag from /home/airflow/.local/lib/python3.7/site-packages/airflow/example_dags/example_task_group.py
[2022-10-16 06:55:39,981] {processor.py:654} INFO - DAG(s) dict_keys(['example_task_group']) retrieved from /home/airflow/.local/lib/python3.7/site-packages/airflow/example_dags/example_task_group.py
[2022-10-16 06:55:39,989] {logging_mixin.py:109} INFO - [2022-10-16 06:55:39,989] {dag.py:2398} INFO - Sync 1 DAGs
[2022-10-16 06:55:40,002] {logging_mixin.py:109} INFO - [2022-10-16 06:55:40,002] {dag.py:2937} INFO - Setting next_dagrun for example_task_group to 2022-10-15T06:55:40.002337+00:00
[2022-10-16 06:55:40,017] {processor.py:171} INFO - Processing /home/airflow/.local/lib/python3.7/site-packages/airflow/example_dags/example_task_group.py took 0.065 seconds
[2022-10-16 06:56:10,243] {processor.py:163} INFO - Started process (PID=1749) to work on /home/airflow/.local/lib/python3.7/site-packages/airflow/example_dags/example_task_group.py
[2022-10-16 06:56:10,244] {processor.py:642} INFO - Processing file /home/airflow/.local/lib/python3.7/site-packages/airflow/example_dags/example_task_group.py for tasks to queue
[2022-10-16 06:56:10,245] {logging_mixin.py:109} INFO - [2022-10-16 06:56:10,245] {dagbag.py:500} INFO - Filling up the DagBag from /home/airflow/.local/lib/python3.7/site-packages/airflow/example_dags/example_task_group.py
[2022-10-16 06:56:10,301] {processor.py:654} INFO - DAG(s) dict_keys(['example_task_group']) retrieved from /home/airflow/.local/lib/python3.7/site-packages/airflow/example_dags/example_task_group.py
[2022-10-16 06:56:10,314] {logging_mixin.py:109} INFO - [2022-10-16 06:56:10,314] {dag.py:2398} INFO - Sync 1 DAGs
[2022-10-16 06:56:10,333] {logging_mixin.py:109} INFO - [2022-10-16 06:56:10,332] {dag.py:2937} INFO - Setting next_dagrun for example_task_group to 2022-10-15T06:56:10.332555+00:00
[2022-10-16 06:56:10,349] {processor.py:171} INFO - Processing /home/airflow/.local/lib/python3.7/site-packages/airflow/example_dags/example_task_group.py took 0.109 seconds
[2022-10-16 06:56:40,599] {processor.py:163} INFO - Started process (PID=1820) to work on /home/airflow/.local/lib/python3.7/site-packages/airflow/example_dags/example_task_group.py
[2022-10-16 06:56:40,600] {processor.py:642} INFO - Processing file /home/airflow/.local/lib/python3.7/site-packages/airflow/example_dags/example_task_group.py for tasks to queue
[2022-10-16 06:56:40,601] {logging_mixin.py:109} INFO - [2022-10-16 06:56:40,601] {dagbag.py:500} INFO - Filling up the DagBag from /home/airflow/.local/lib/python3.7/site-packages/airflow/example_dags/example_task_group.py
[2022-10-16 06:56:40,632] {processor.py:654} INFO - DAG(s) dict_keys(['example_task_group']) retrieved from /home/airflow/.local/lib/python3.7/site-packages/airflow/example_dags/example_task_group.py
[2022-10-16 06:56:40,645] {logging_mixin.py:109} INFO - [2022-10-16 06:56:40,644] {dag.py:2398} INFO - Sync 1 DAGs
[2022-10-16 06:56:40,664] {logging_mixin.py:109} INFO - [2022-10-16 06:56:40,664] {dag.py:2937} INFO - Setting next_dagrun for example_task_group to 2022-10-15T06:56:40.663911+00:00
[2022-10-16 06:56:40,675] {processor.py:171} INFO - Processing /home/airflow/.local/lib/python3.7/site-packages/airflow/example_dags/example_task_group.py took 0.079 seconds
[2022-10-16 06:57:10,805] {processor.py:163} INFO - Started process (PID=1884) to work on /home/airflow/.local/lib/python3.7/site-packages/airflow/example_dags/example_task_group.py
[2022-10-16 06:57:10,806] {processor.py:642} INFO - Processing file /home/airflow/.local/lib/python3.7/site-packages/airflow/example_dags/example_task_group.py for tasks to queue
[2022-10-16 06:57:10,807] {logging_mixin.py:109} INFO - [2022-10-16 06:57:10,806] {dagbag.py:500} INFO - Filling up the DagBag from /home/airflow/.local/lib/python3.7/site-packages/airflow/example_dags/example_task_group.py
[2022-10-16 06:57:10,828] {processor.py:654} INFO - DAG(s) dict_keys(['example_task_group']) retrieved from /home/airflow/.local/lib/python3.7/site-packages/airflow/example_dags/example_task_group.py
[2022-10-16 06:57:10,836] {logging_mixin.py:109} INFO - [2022-10-16 06:57:10,835] {dag.py:2398} INFO - Sync 1 DAGs
[2022-10-16 06:57:10,846] {logging_mixin.py:109} INFO - [2022-10-16 06:57:10,846] {dag.py:2937} INFO - Setting next_dagrun for example_task_group to 2022-10-15T06:57:10.846190+00:00
[2022-10-16 06:57:10,859] {processor.py:171} INFO - Processing /home/airflow/.local/lib/python3.7/site-packages/airflow/example_dags/example_task_group.py took 0.056 seconds
[2022-10-16 06:57:41,105] {processor.py:163} INFO - Started process (PID=1946) to work on /home/airflow/.local/lib/python3.7/site-packages/airflow/example_dags/example_task_group.py
[2022-10-16 06:57:41,106] {processor.py:642} INFO - Processing file /home/airflow/.local/lib/python3.7/site-packages/airflow/example_dags/example_task_group.py for tasks to queue
[2022-10-16 06:57:41,106] {logging_mixin.py:109} INFO - [2022-10-16 06:57:41,106] {dagbag.py:500} INFO - Filling up the DagBag from /home/airflow/.local/lib/python3.7/site-packages/airflow/example_dags/example_task_group.py
[2022-10-16 06:57:41,129] {processor.py:654} INFO - DAG(s) dict_keys(['example_task_group']) retrieved from /home/airflow/.local/lib/python3.7/site-packages/airflow/example_dags/example_task_group.py
[2022-10-16 06:57:41,136] {logging_mixin.py:109} INFO - [2022-10-16 06:57:41,136] {dag.py:2398} INFO - Sync 1 DAGs
[2022-10-16 06:57:41,146] {logging_mixin.py:109} INFO - [2022-10-16 06:57:41,146] {dag.py:2937} INFO - Setting next_dagrun for example_task_group to 2022-10-15T06:57:41.146311+00:00
[2022-10-16 06:57:41,160] {processor.py:171} INFO - Processing /home/airflow/.local/lib/python3.7/site-packages/airflow/example_dags/example_task_group.py took 0.057 seconds
[2022-10-16 06:58:11,408] {processor.py:163} INFO - Started process (PID=2023) to work on /home/airflow/.local/lib/python3.7/site-packages/airflow/example_dags/example_task_group.py
[2022-10-16 06:58:11,408] {processor.py:642} INFO - Processing file /home/airflow/.local/lib/python3.7/site-packages/airflow/example_dags/example_task_group.py for tasks to queue
[2022-10-16 06:58:11,409] {logging_mixin.py:109} INFO - [2022-10-16 06:58:11,409] {dagbag.py:500} INFO - Filling up the DagBag from /home/airflow/.local/lib/python3.7/site-packages/airflow/example_dags/example_task_group.py
[2022-10-16 06:58:11,431] {processor.py:654} INFO - DAG(s) dict_keys(['example_task_group']) retrieved from /home/airflow/.local/lib/python3.7/site-packages/airflow/example_dags/example_task_group.py
[2022-10-16 06:58:11,438] {logging_mixin.py:109} INFO - [2022-10-16 06:58:11,438] {dag.py:2398} INFO - Sync 1 DAGs
[2022-10-16 06:58:11,448] {logging_mixin.py:109} INFO - [2022-10-16 06:58:11,448] {dag.py:2937} INFO - Setting next_dagrun for example_task_group to 2022-10-15T06:58:11.448375+00:00
[2022-10-16 06:58:11,456] {processor.py:171} INFO - Processing /home/airflow/.local/lib/python3.7/site-packages/airflow/example_dags/example_task_group.py took 0.051 seconds
[2022-10-16 06:58:41,793] {processor.py:163} INFO - Started process (PID=2086) to work on /home/airflow/.local/lib/python3.7/site-packages/airflow/example_dags/example_task_group.py
[2022-10-16 06:58:41,793] {processor.py:642} INFO - Processing file /home/airflow/.local/lib/python3.7/site-packages/airflow/example_dags/example_task_group.py for tasks to queue
[2022-10-16 06:58:41,794] {logging_mixin.py:109} INFO - [2022-10-16 06:58:41,794] {dagbag.py:500} INFO - Filling up the DagBag from /home/airflow/.local/lib/python3.7/site-packages/airflow/example_dags/example_task_group.py
[2022-10-16 06:58:41,816] {processor.py:654} INFO - DAG(s) dict_keys(['example_task_group']) retrieved from /home/airflow/.local/lib/python3.7/site-packages/airflow/example_dags/example_task_group.py
[2022-10-16 06:58:41,823] {logging_mixin.py:109} INFO - [2022-10-16 06:58:41,823] {dag.py:2398} INFO - Sync 1 DAGs
[2022-10-16 06:58:41,833] {logging_mixin.py:109} INFO - [2022-10-16 06:58:41,833] {dag.py:2937} INFO - Setting next_dagrun for example_task_group to 2022-10-15T06:58:41.833488+00:00
[2022-10-16 06:58:41,847] {processor.py:171} INFO - Processing /home/airflow/.local/lib/python3.7/site-packages/airflow/example_dags/example_task_group.py took 0.056 seconds
[2022-10-16 06:59:12,006] {processor.py:163} INFO - Started process (PID=2157) to work on /home/airflow/.local/lib/python3.7/site-packages/airflow/example_dags/example_task_group.py
[2022-10-16 06:59:12,007] {processor.py:642} INFO - Processing file /home/airflow/.local/lib/python3.7/site-packages/airflow/example_dags/example_task_group.py for tasks to queue
[2022-10-16 06:59:12,007] {logging_mixin.py:109} INFO - [2022-10-16 06:59:12,007] {dagbag.py:500} INFO - Filling up the DagBag from /home/airflow/.local/lib/python3.7/site-packages/airflow/example_dags/example_task_group.py
[2022-10-16 06:59:12,028] {processor.py:654} INFO - DAG(s) dict_keys(['example_task_group']) retrieved from /home/airflow/.local/lib/python3.7/site-packages/airflow/example_dags/example_task_group.py
[2022-10-16 06:59:12,035] {logging_mixin.py:109} INFO - [2022-10-16 06:59:12,035] {dag.py:2398} INFO - Sync 1 DAGs
[2022-10-16 06:59:12,046] {logging_mixin.py:109} INFO - [2022-10-16 06:59:12,046] {dag.py:2937} INFO - Setting next_dagrun for example_task_group to 2022-10-15T06:59:12.045843+00:00
[2022-10-16 06:59:12,059] {processor.py:171} INFO - Processing /home/airflow/.local/lib/python3.7/site-packages/airflow/example_dags/example_task_group.py took 0.055 seconds
[2022-10-16 06:59:42,239] {processor.py:163} INFO - Started process (PID=2219) to work on /home/airflow/.local/lib/python3.7/site-packages/airflow/example_dags/example_task_group.py
[2022-10-16 06:59:42,239] {processor.py:642} INFO - Processing file /home/airflow/.local/lib/python3.7/site-packages/airflow/example_dags/example_task_group.py for tasks to queue
[2022-10-16 06:59:42,240] {logging_mixin.py:109} INFO - [2022-10-16 06:59:42,240] {dagbag.py:500} INFO - Filling up the DagBag from /home/airflow/.local/lib/python3.7/site-packages/airflow/example_dags/example_task_group.py
[2022-10-16 06:59:42,261] {processor.py:654} INFO - DAG(s) dict_keys(['example_task_group']) retrieved from /home/airflow/.local/lib/python3.7/site-packages/airflow/example_dags/example_task_group.py
[2022-10-16 06:59:42,268] {logging_mixin.py:109} INFO - [2022-10-16 06:59:42,268] {dag.py:2398} INFO - Sync 1 DAGs
[2022-10-16 06:59:42,279] {logging_mixin.py:109} INFO - [2022-10-16 06:59:42,279] {dag.py:2937} INFO - Setting next_dagrun for example_task_group to 2022-10-15T06:59:42.278972+00:00
[2022-10-16 06:59:42,292] {processor.py:171} INFO - Processing /home/airflow/.local/lib/python3.7/site-packages/airflow/example_dags/example_task_group.py took 0.056 seconds
[2022-10-16 07:00:13,088] {processor.py:163} INFO - Started process (PID=2292) to work on /home/airflow/.local/lib/python3.7/site-packages/airflow/example_dags/example_task_group.py
[2022-10-16 07:00:13,089] {processor.py:642} INFO - Processing file /home/airflow/.local/lib/python3.7/site-packages/airflow/example_dags/example_task_group.py for tasks to queue
[2022-10-16 07:00:13,089] {logging_mixin.py:109} INFO - [2022-10-16 07:00:13,089] {dagbag.py:500} INFO - Filling up the DagBag from /home/airflow/.local/lib/python3.7/site-packages/airflow/example_dags/example_task_group.py
[2022-10-16 07:00:13,110] {processor.py:654} INFO - DAG(s) dict_keys(['example_task_group']) retrieved from /home/airflow/.local/lib/python3.7/site-packages/airflow/example_dags/example_task_group.py
[2022-10-16 07:00:13,120] {logging_mixin.py:109} INFO - [2022-10-16 07:00:13,120] {dag.py:2398} INFO - Sync 1 DAGs
[2022-10-16 07:00:13,135] {logging_mixin.py:109} INFO - [2022-10-16 07:00:13,135] {dag.py:2937} INFO - Setting next_dagrun for example_task_group to 2022-10-15T07:00:13.135505+00:00
[2022-10-16 07:00:13,144] {processor.py:171} INFO - Processing /home/airflow/.local/lib/python3.7/site-packages/airflow/example_dags/example_task_group.py took 0.058 seconds
[2022-10-16 07:00:43,277] {processor.py:163} INFO - Started process (PID=2355) to work on /home/airflow/.local/lib/python3.7/site-packages/airflow/example_dags/example_task_group.py
[2022-10-16 07:00:43,277] {processor.py:642} INFO - Processing file /home/airflow/.local/lib/python3.7/site-packages/airflow/example_dags/example_task_group.py for tasks to queue
[2022-10-16 07:00:43,278] {logging_mixin.py:109} INFO - [2022-10-16 07:00:43,278] {dagbag.py:500} INFO - Filling up the DagBag from /home/airflow/.local/lib/python3.7/site-packages/airflow/example_dags/example_task_group.py
[2022-10-16 07:00:43,300] {processor.py:654} INFO - DAG(s) dict_keys(['example_task_group']) retrieved from /home/airflow/.local/lib/python3.7/site-packages/airflow/example_dags/example_task_group.py
[2022-10-16 07:00:43,308] {logging_mixin.py:109} INFO - [2022-10-16 07:00:43,308] {dag.py:2398} INFO - Sync 1 DAGs
[2022-10-16 07:00:43,320] {logging_mixin.py:109} INFO - [2022-10-16 07:00:43,320] {dag.py:2937} INFO - Setting next_dagrun for example_task_group to 2022-10-15T07:00:43.319810+00:00
[2022-10-16 07:00:43,335] {processor.py:171} INFO - Processing /home/airflow/.local/lib/python3.7/site-packages/airflow/example_dags/example_task_group.py took 0.061 seconds
[2022-10-16 07:01:13,585] {processor.py:163} INFO - Started process (PID=2426) to work on /home/airflow/.local/lib/python3.7/site-packages/airflow/example_dags/example_task_group.py
[2022-10-16 07:01:13,586] {processor.py:642} INFO - Processing file /home/airflow/.local/lib/python3.7/site-packages/airflow/example_dags/example_task_group.py for tasks to queue
[2022-10-16 07:01:13,586] {logging_mixin.py:109} INFO - [2022-10-16 07:01:13,586] {dagbag.py:500} INFO - Filling up the DagBag from /home/airflow/.local/lib/python3.7/site-packages/airflow/example_dags/example_task_group.py
[2022-10-16 07:01:13,608] {processor.py:654} INFO - DAG(s) dict_keys(['example_task_group']) retrieved from /home/airflow/.local/lib/python3.7/site-packages/airflow/example_dags/example_task_group.py
[2022-10-16 07:01:13,615] {logging_mixin.py:109} INFO - [2022-10-16 07:01:13,615] {dag.py:2398} INFO - Sync 1 DAGs
[2022-10-16 07:01:13,626] {logging_mixin.py:109} INFO - [2022-10-16 07:01:13,625] {dag.py:2937} INFO - Setting next_dagrun for example_task_group to 2022-10-15T07:01:13.625741+00:00
[2022-10-16 07:01:13,639] {processor.py:171} INFO - Processing /home/airflow/.local/lib/python3.7/site-packages/airflow/example_dags/example_task_group.py took 0.056 seconds
[2022-10-16 07:01:44,343] {processor.py:163} INFO - Started process (PID=2487) to work on /home/airflow/.local/lib/python3.7/site-packages/airflow/example_dags/example_task_group.py
[2022-10-16 07:01:44,344] {processor.py:642} INFO - Processing file /home/airflow/.local/lib/python3.7/site-packages/airflow/example_dags/example_task_group.py for tasks to queue
[2022-10-16 07:01:44,344] {logging_mixin.py:109} INFO - [2022-10-16 07:01:44,344] {dagbag.py:500} INFO - Filling up the DagBag from /home/airflow/.local/lib/python3.7/site-packages/airflow/example_dags/example_task_group.py
[2022-10-16 07:01:44,366] {processor.py:654} INFO - DAG(s) dict_keys(['example_task_group']) retrieved from /home/airflow/.local/lib/python3.7/site-packages/airflow/example_dags/example_task_group.py
[2022-10-16 07:01:44,373] {logging_mixin.py:109} INFO - [2022-10-16 07:01:44,372] {dag.py:2398} INFO - Sync 1 DAGs
[2022-10-16 07:01:44,384] {logging_mixin.py:109} INFO - [2022-10-16 07:01:44,383] {dag.py:2937} INFO - Setting next_dagrun for example_task_group to 2022-10-15T07:01:44.383747+00:00
[2022-10-16 07:01:44,398] {processor.py:171} INFO - Processing /home/airflow/.local/lib/python3.7/site-packages/airflow/example_dags/example_task_group.py took 0.056 seconds
[2022-10-16 07:02:14,539] {processor.py:163} INFO - Started process (PID=2560) to work on /home/airflow/.local/lib/python3.7/site-packages/airflow/example_dags/example_task_group.py
[2022-10-16 07:02:14,540] {processor.py:642} INFO - Processing file /home/airflow/.local/lib/python3.7/site-packages/airflow/example_dags/example_task_group.py for tasks to queue
[2022-10-16 07:02:14,540] {logging_mixin.py:109} INFO - [2022-10-16 07:02:14,540] {dagbag.py:500} INFO - Filling up the DagBag from /home/airflow/.local/lib/python3.7/site-packages/airflow/example_dags/example_task_group.py
[2022-10-16 07:02:14,563] {processor.py:654} INFO - DAG(s) dict_keys(['example_task_group']) retrieved from /home/airflow/.local/lib/python3.7/site-packages/airflow/example_dags/example_task_group.py
[2022-10-16 07:02:14,573] {logging_mixin.py:109} INFO - [2022-10-16 07:02:14,573] {dag.py:2398} INFO - Sync 1 DAGs
[2022-10-16 07:02:14,588] {logging_mixin.py:109} INFO - [2022-10-16 07:02:14,588] {dag.py:2937} INFO - Setting next_dagrun for example_task_group to 2022-10-15T07:02:14.588188+00:00
[2022-10-16 07:02:14,606] {processor.py:171} INFO - Processing /home/airflow/.local/lib/python3.7/site-packages/airflow/example_dags/example_task_group.py took 0.069 seconds
[2022-10-16 07:02:44,786] {processor.py:163} INFO - Started process (PID=2625) to work on /home/airflow/.local/lib/python3.7/site-packages/airflow/example_dags/example_task_group.py
[2022-10-16 07:02:44,790] {processor.py:642} INFO - Processing file /home/airflow/.local/lib/python3.7/site-packages/airflow/example_dags/example_task_group.py for tasks to queue
[2022-10-16 07:02:44,790] {logging_mixin.py:109} INFO - [2022-10-16 07:02:44,790] {dagbag.py:500} INFO - Filling up the DagBag from /home/airflow/.local/lib/python3.7/site-packages/airflow/example_dags/example_task_group.py
[2022-10-16 07:02:44,814] {processor.py:654} INFO - DAG(s) dict_keys(['example_task_group']) retrieved from /home/airflow/.local/lib/python3.7/site-packages/airflow/example_dags/example_task_group.py
[2022-10-16 07:02:44,821] {logging_mixin.py:109} INFO - [2022-10-16 07:02:44,821] {dag.py:2398} INFO - Sync 1 DAGs
[2022-10-16 07:02:44,831] {logging_mixin.py:109} INFO - [2022-10-16 07:02:44,831] {dag.py:2937} INFO - Setting next_dagrun for example_task_group to 2022-10-15T07:02:44.831150+00:00
[2022-10-16 07:02:44,843] {processor.py:171} INFO - Processing /home/airflow/.local/lib/python3.7/site-packages/airflow/example_dags/example_task_group.py took 0.060 seconds
[2022-10-16 07:03:15,430] {processor.py:163} INFO - Started process (PID=2697) to work on /home/airflow/.local/lib/python3.7/site-packages/airflow/example_dags/example_task_group.py
[2022-10-16 07:03:15,431] {processor.py:642} INFO - Processing file /home/airflow/.local/lib/python3.7/site-packages/airflow/example_dags/example_task_group.py for tasks to queue
[2022-10-16 07:03:15,431] {logging_mixin.py:109} INFO - [2022-10-16 07:03:15,431] {dagbag.py:500} INFO - Filling up the DagBag from /home/airflow/.local/lib/python3.7/site-packages/airflow/example_dags/example_task_group.py
[2022-10-16 07:03:15,453] {processor.py:654} INFO - DAG(s) dict_keys(['example_task_group']) retrieved from /home/airflow/.local/lib/python3.7/site-packages/airflow/example_dags/example_task_group.py
[2022-10-16 07:03:15,460] {logging_mixin.py:109} INFO - [2022-10-16 07:03:15,460] {dag.py:2398} INFO - Sync 1 DAGs
[2022-10-16 07:03:15,471] {logging_mixin.py:109} INFO - [2022-10-16 07:03:15,471] {dag.py:2937} INFO - Setting next_dagrun for example_task_group to 2022-10-15T07:03:15.471416+00:00
[2022-10-16 07:03:15,484] {processor.py:171} INFO - Processing /home/airflow/.local/lib/python3.7/site-packages/airflow/example_dags/example_task_group.py took 0.057 seconds
[2022-10-16 07:03:45,883] {processor.py:163} INFO - Started process (PID=2760) to work on /home/airflow/.local/lib/python3.7/site-packages/airflow/example_dags/example_task_group.py
[2022-10-16 07:03:45,883] {processor.py:642} INFO - Processing file /home/airflow/.local/lib/python3.7/site-packages/airflow/example_dags/example_task_group.py for tasks to queue
[2022-10-16 07:03:45,884] {logging_mixin.py:109} INFO - [2022-10-16 07:03:45,884] {dagbag.py:500} INFO - Filling up the DagBag from /home/airflow/.local/lib/python3.7/site-packages/airflow/example_dags/example_task_group.py
[2022-10-16 07:03:45,906] {processor.py:654} INFO - DAG(s) dict_keys(['example_task_group']) retrieved from /home/airflow/.local/lib/python3.7/site-packages/airflow/example_dags/example_task_group.py
[2022-10-16 07:03:45,913] {logging_mixin.py:109} INFO - [2022-10-16 07:03:45,913] {dag.py:2398} INFO - Sync 1 DAGs
[2022-10-16 07:03:45,923] {logging_mixin.py:109} INFO - [2022-10-16 07:03:45,923] {dag.py:2937} INFO - Setting next_dagrun for example_task_group to 2022-10-15T07:03:45.923698+00:00
[2022-10-16 07:03:45,936] {processor.py:171} INFO - Processing /home/airflow/.local/lib/python3.7/site-packages/airflow/example_dags/example_task_group.py took 0.056 seconds
[2022-10-16 07:04:16,077] {processor.py:163} INFO - Started process (PID=2831) to work on /home/airflow/.local/lib/python3.7/site-packages/airflow/example_dags/example_task_group.py
[2022-10-16 07:04:16,077] {processor.py:642} INFO - Processing file /home/airflow/.local/lib/python3.7/site-packages/airflow/example_dags/example_task_group.py for tasks to queue
[2022-10-16 07:04:16,078] {logging_mixin.py:109} INFO - [2022-10-16 07:04:16,078] {dagbag.py:500} INFO - Filling up the DagBag from /home/airflow/.local/lib/python3.7/site-packages/airflow/example_dags/example_task_group.py
[2022-10-16 07:04:16,100] {processor.py:654} INFO - DAG(s) dict_keys(['example_task_group']) retrieved from /home/airflow/.local/lib/python3.7/site-packages/airflow/example_dags/example_task_group.py
[2022-10-16 07:04:16,107] {logging_mixin.py:109} INFO - [2022-10-16 07:04:16,107] {dag.py:2398} INFO - Sync 1 DAGs
[2022-10-16 07:04:16,118] {logging_mixin.py:109} INFO - [2022-10-16 07:04:16,118] {dag.py:2937} INFO - Setting next_dagrun for example_task_group to 2022-10-15T07:04:16.118121+00:00
[2022-10-16 07:04:16,126] {processor.py:171} INFO - Processing /home/airflow/.local/lib/python3.7/site-packages/airflow/example_dags/example_task_group.py took 0.051 seconds
[2022-10-16 07:04:46,306] {processor.py:163} INFO - Started process (PID=2894) to work on /home/airflow/.local/lib/python3.7/site-packages/airflow/example_dags/example_task_group.py
[2022-10-16 07:04:46,307] {processor.py:642} INFO - Processing file /home/airflow/.local/lib/python3.7/site-packages/airflow/example_dags/example_task_group.py for tasks to queue
[2022-10-16 07:04:46,307] {logging_mixin.py:109} INFO - [2022-10-16 07:04:46,307] {dagbag.py:500} INFO - Filling up the DagBag from /home/airflow/.local/lib/python3.7/site-packages/airflow/example_dags/example_task_group.py
[2022-10-16 07:04:46,331] {processor.py:654} INFO - DAG(s) dict_keys(['example_task_group']) retrieved from /home/airflow/.local/lib/python3.7/site-packages/airflow/example_dags/example_task_group.py
[2022-10-16 07:04:46,342] {logging_mixin.py:109} INFO - [2022-10-16 07:04:46,341] {dag.py:2398} INFO - Sync 1 DAGs
[2022-10-16 07:04:46,353] {logging_mixin.py:109} INFO - [2022-10-16 07:04:46,353] {dag.py:2937} INFO - Setting next_dagrun for example_task_group to 2022-10-15T07:04:46.353700+00:00
[2022-10-16 07:04:46,368] {processor.py:171} INFO - Processing /home/airflow/.local/lib/python3.7/site-packages/airflow/example_dags/example_task_group.py took 0.064 seconds
[2022-10-16 07:05:16,951] {processor.py:163} INFO - Started process (PID=2969) to work on /home/airflow/.local/lib/python3.7/site-packages/airflow/example_dags/example_task_group.py
[2022-10-16 07:05:16,952] {processor.py:642} INFO - Processing file /home/airflow/.local/lib/python3.7/site-packages/airflow/example_dags/example_task_group.py for tasks to queue
[2022-10-16 07:05:16,952] {logging_mixin.py:109} INFO - [2022-10-16 07:05:16,952] {dagbag.py:500} INFO - Filling up the DagBag from /home/airflow/.local/lib/python3.7/site-packages/airflow/example_dags/example_task_group.py
[2022-10-16 07:05:16,974] {processor.py:654} INFO - DAG(s) dict_keys(['example_task_group']) retrieved from /home/airflow/.local/lib/python3.7/site-packages/airflow/example_dags/example_task_group.py
[2022-10-16 07:05:16,981] {logging_mixin.py:109} INFO - [2022-10-16 07:05:16,981] {dag.py:2398} INFO - Sync 1 DAGs
[2022-10-16 07:05:16,993] {logging_mixin.py:109} INFO - [2022-10-16 07:05:16,992] {dag.py:2937} INFO - Setting next_dagrun for example_task_group to 2022-10-15T07:05:16.992812+00:00
[2022-10-16 07:05:17,006] {processor.py:171} INFO - Processing /home/airflow/.local/lib/python3.7/site-packages/airflow/example_dags/example_task_group.py took 0.057 seconds
[2022-10-16 07:05:47,839] {processor.py:163} INFO - Started process (PID=3031) to work on /home/airflow/.local/lib/python3.7/site-packages/airflow/example_dags/example_task_group.py
[2022-10-16 07:05:47,839] {processor.py:642} INFO - Processing file /home/airflow/.local/lib/python3.7/site-packages/airflow/example_dags/example_task_group.py for tasks to queue
[2022-10-16 07:05:47,840] {logging_mixin.py:109} INFO - [2022-10-16 07:05:47,840] {dagbag.py:500} INFO - Filling up the DagBag from /home/airflow/.local/lib/python3.7/site-packages/airflow/example_dags/example_task_group.py
[2022-10-16 07:05:47,865] {processor.py:654} INFO - DAG(s) dict_keys(['example_task_group']) retrieved from /home/airflow/.local/lib/python3.7/site-packages/airflow/example_dags/example_task_group.py
[2022-10-16 07:05:47,872] {logging_mixin.py:109} INFO - [2022-10-16 07:05:47,872] {dag.py:2398} INFO - Sync 1 DAGs
[2022-10-16 07:05:47,882] {logging_mixin.py:109} INFO - [2022-10-16 07:05:47,882] {dag.py:2937} INFO - Setting next_dagrun for example_task_group to 2022-10-15T07:05:47.882498+00:00
[2022-10-16 07:05:47,896] {processor.py:171} INFO - Processing /home/airflow/.local/lib/python3.7/site-packages/airflow/example_dags/example_task_group.py took 0.059 seconds
[2022-10-16 07:06:18,229] {processor.py:163} INFO - Started process (PID=3102) to work on /home/airflow/.local/lib/python3.7/site-packages/airflow/example_dags/example_task_group.py
[2022-10-16 07:06:18,230] {processor.py:642} INFO - Processing file /home/airflow/.local/lib/python3.7/site-packages/airflow/example_dags/example_task_group.py for tasks to queue
[2022-10-16 07:06:18,231] {logging_mixin.py:109} INFO - [2022-10-16 07:06:18,231] {dagbag.py:500} INFO - Filling up the DagBag from /home/airflow/.local/lib/python3.7/site-packages/airflow/example_dags/example_task_group.py
[2022-10-16 07:06:18,253] {processor.py:654} INFO - DAG(s) dict_keys(['example_task_group']) retrieved from /home/airflow/.local/lib/python3.7/site-packages/airflow/example_dags/example_task_group.py
[2022-10-16 07:06:18,261] {logging_mixin.py:109} INFO - [2022-10-16 07:06:18,261] {dag.py:2398} INFO - Sync 1 DAGs
[2022-10-16 07:06:18,271] {logging_mixin.py:109} INFO - [2022-10-16 07:06:18,271] {dag.py:2937} INFO - Setting next_dagrun for example_task_group to 2022-10-15T07:06:18.271343+00:00
[2022-10-16 07:06:18,284] {processor.py:171} INFO - Processing /home/airflow/.local/lib/python3.7/site-packages/airflow/example_dags/example_task_group.py took 0.057 seconds
[2022-10-16 07:06:49,373] {processor.py:163} INFO - Started process (PID=3173) to work on /home/airflow/.local/lib/python3.7/site-packages/airflow/example_dags/example_task_group.py
[2022-10-16 07:06:49,373] {processor.py:642} INFO - Processing file /home/airflow/.local/lib/python3.7/site-packages/airflow/example_dags/example_task_group.py for tasks to queue
[2022-10-16 07:06:49,374] {logging_mixin.py:109} INFO - [2022-10-16 07:06:49,374] {dagbag.py:500} INFO - Filling up the DagBag from /home/airflow/.local/lib/python3.7/site-packages/airflow/example_dags/example_task_group.py
[2022-10-16 07:06:49,400] {processor.py:654} INFO - DAG(s) dict_keys(['example_task_group']) retrieved from /home/airflow/.local/lib/python3.7/site-packages/airflow/example_dags/example_task_group.py
[2022-10-16 07:06:49,412] {logging_mixin.py:109} INFO - [2022-10-16 07:06:49,412] {dag.py:2398} INFO - Sync 1 DAGs
[2022-10-16 07:06:49,431] {logging_mixin.py:109} INFO - [2022-10-16 07:06:49,430] {dag.py:2937} INFO - Setting next_dagrun for example_task_group to 2022-10-15T07:06:49.430688+00:00
[2022-10-16 07:06:49,450] {processor.py:171} INFO - Processing /home/airflow/.local/lib/python3.7/site-packages/airflow/example_dags/example_task_group.py took 0.080 seconds
[2022-10-16 07:07:20,611] {processor.py:163} INFO - Started process (PID=3235) to work on /home/airflow/.local/lib/python3.7/site-packages/airflow/example_dags/example_task_group.py
[2022-10-16 07:07:20,612] {processor.py:642} INFO - Processing file /home/airflow/.local/lib/python3.7/site-packages/airflow/example_dags/example_task_group.py for tasks to queue
[2022-10-16 07:07:20,612] {logging_mixin.py:109} INFO - [2022-10-16 07:07:20,612] {dagbag.py:500} INFO - Filling up the DagBag from /home/airflow/.local/lib/python3.7/site-packages/airflow/example_dags/example_task_group.py
[2022-10-16 07:07:20,636] {processor.py:654} INFO - DAG(s) dict_keys(['example_task_group']) retrieved from /home/airflow/.local/lib/python3.7/site-packages/airflow/example_dags/example_task_group.py
[2022-10-16 07:07:20,645] {logging_mixin.py:109} INFO - [2022-10-16 07:07:20,645] {dag.py:2398} INFO - Sync 1 DAGs
[2022-10-16 07:07:20,657] {logging_mixin.py:109} INFO - [2022-10-16 07:07:20,657] {dag.py:2937} INFO - Setting next_dagrun for example_task_group to 2022-10-15T07:07:20.657009+00:00
[2022-10-16 07:07:20,666] {processor.py:171} INFO - Processing /home/airflow/.local/lib/python3.7/site-packages/airflow/example_dags/example_task_group.py took 0.057 seconds
[2022-10-16 07:07:52,032] {processor.py:163} INFO - Started process (PID=3306) to work on /home/airflow/.local/lib/python3.7/site-packages/airflow/example_dags/example_task_group.py
[2022-10-16 07:07:52,033] {processor.py:642} INFO - Processing file /home/airflow/.local/lib/python3.7/site-packages/airflow/example_dags/example_task_group.py for tasks to queue
[2022-10-16 07:07:52,033] {logging_mixin.py:109} INFO - [2022-10-16 07:07:52,033] {dagbag.py:500} INFO - Filling up the DagBag from /home/airflow/.local/lib/python3.7/site-packages/airflow/example_dags/example_task_group.py
[2022-10-16 07:07:52,056] {processor.py:654} INFO - DAG(s) dict_keys(['example_task_group']) retrieved from /home/airflow/.local/lib/python3.7/site-packages/airflow/example_dags/example_task_group.py
[2022-10-16 07:07:52,063] {logging_mixin.py:109} INFO - [2022-10-16 07:07:52,063] {dag.py:2398} INFO - Sync 1 DAGs
[2022-10-16 07:07:52,075] {logging_mixin.py:109} INFO - [2022-10-16 07:07:52,075] {dag.py:2937} INFO - Setting next_dagrun for example_task_group to 2022-10-15T07:07:52.075675+00:00
[2022-10-16 07:07:52,083] {processor.py:171} INFO - Processing /home/airflow/.local/lib/python3.7/site-packages/airflow/example_dags/example_task_group.py took 0.054 seconds
[2022-10-16 07:08:22,991] {processor.py:163} INFO - Started process (PID=3370) to work on /home/airflow/.local/lib/python3.7/site-packages/airflow/example_dags/example_task_group.py
[2022-10-16 07:08:22,992] {processor.py:642} INFO - Processing file /home/airflow/.local/lib/python3.7/site-packages/airflow/example_dags/example_task_group.py for tasks to queue
[2022-10-16 07:08:22,993] {logging_mixin.py:109} INFO - [2022-10-16 07:08:22,993] {dagbag.py:500} INFO - Filling up the DagBag from /home/airflow/.local/lib/python3.7/site-packages/airflow/example_dags/example_task_group.py
[2022-10-16 07:08:23,014] {processor.py:654} INFO - DAG(s) dict_keys(['example_task_group']) retrieved from /home/airflow/.local/lib/python3.7/site-packages/airflow/example_dags/example_task_group.py
[2022-10-16 07:08:23,021] {logging_mixin.py:109} INFO - [2022-10-16 07:08:23,021] {dag.py:2398} INFO - Sync 1 DAGs
[2022-10-16 07:08:23,033] {logging_mixin.py:109} INFO - [2022-10-16 07:08:23,033] {dag.py:2937} INFO - Setting next_dagrun for example_task_group to 2022-10-15T07:08:23.033057+00:00
[2022-10-16 07:08:23,046] {processor.py:171} INFO - Processing /home/airflow/.local/lib/python3.7/site-packages/airflow/example_dags/example_task_group.py took 0.057 seconds
[2022-10-16 07:08:54,180] {processor.py:163} INFO - Started process (PID=3443) to work on /home/airflow/.local/lib/python3.7/site-packages/airflow/example_dags/example_task_group.py
[2022-10-16 07:08:54,180] {processor.py:642} INFO - Processing file /home/airflow/.local/lib/python3.7/site-packages/airflow/example_dags/example_task_group.py for tasks to queue
[2022-10-16 07:08:54,181] {logging_mixin.py:109} INFO - [2022-10-16 07:08:54,181] {dagbag.py:500} INFO - Filling up the DagBag from /home/airflow/.local/lib/python3.7/site-packages/airflow/example_dags/example_task_group.py
[2022-10-16 07:08:54,202] {processor.py:654} INFO - DAG(s) dict_keys(['example_task_group']) retrieved from /home/airflow/.local/lib/python3.7/site-packages/airflow/example_dags/example_task_group.py
[2022-10-16 07:08:54,210] {logging_mixin.py:109} INFO - [2022-10-16 07:08:54,210] {dag.py:2398} INFO - Sync 1 DAGs
[2022-10-16 07:08:54,222] {logging_mixin.py:109} INFO - [2022-10-16 07:08:54,222] {dag.py:2937} INFO - Setting next_dagrun for example_task_group to 2022-10-15T07:08:54.221854+00:00
[2022-10-16 07:08:54,236] {processor.py:171} INFO - Processing /home/airflow/.local/lib/python3.7/site-packages/airflow/example_dags/example_task_group.py took 0.058 seconds
[2022-10-16 07:09:25,197] {processor.py:163} INFO - Started process (PID=3506) to work on /home/airflow/.local/lib/python3.7/site-packages/airflow/example_dags/example_task_group.py
[2022-10-16 07:09:25,198] {processor.py:642} INFO - Processing file /home/airflow/.local/lib/python3.7/site-packages/airflow/example_dags/example_task_group.py for tasks to queue
[2022-10-16 07:09:25,198] {logging_mixin.py:109} INFO - [2022-10-16 07:09:25,198] {dagbag.py:500} INFO - Filling up the DagBag from /home/airflow/.local/lib/python3.7/site-packages/airflow/example_dags/example_task_group.py
[2022-10-16 07:09:25,220] {processor.py:654} INFO - DAG(s) dict_keys(['example_task_group']) retrieved from /home/airflow/.local/lib/python3.7/site-packages/airflow/example_dags/example_task_group.py
[2022-10-16 07:09:25,228] {logging_mixin.py:109} INFO - [2022-10-16 07:09:25,228] {dag.py:2398} INFO - Sync 1 DAGs
[2022-10-16 07:09:25,242] {logging_mixin.py:109} INFO - [2022-10-16 07:09:25,242] {dag.py:2937} INFO - Setting next_dagrun for example_task_group to 2022-10-15T07:09:25.242168+00:00
[2022-10-16 07:09:25,251] {processor.py:171} INFO - Processing /home/airflow/.local/lib/python3.7/site-packages/airflow/example_dags/example_task_group.py took 0.056 seconds
[2022-10-16 07:09:56,141] {processor.py:163} INFO - Started process (PID=3579) to work on /home/airflow/.local/lib/python3.7/site-packages/airflow/example_dags/example_task_group.py
[2022-10-16 07:09:56,142] {processor.py:642} INFO - Processing file /home/airflow/.local/lib/python3.7/site-packages/airflow/example_dags/example_task_group.py for tasks to queue
[2022-10-16 07:09:56,143] {logging_mixin.py:109} INFO - [2022-10-16 07:09:56,143] {dagbag.py:500} INFO - Filling up the DagBag from /home/airflow/.local/lib/python3.7/site-packages/airflow/example_dags/example_task_group.py
[2022-10-16 07:09:56,165] {processor.py:654} INFO - DAG(s) dict_keys(['example_task_group']) retrieved from /home/airflow/.local/lib/python3.7/site-packages/airflow/example_dags/example_task_group.py
[2022-10-16 07:09:56,172] {logging_mixin.py:109} INFO - [2022-10-16 07:09:56,172] {dag.py:2398} INFO - Sync 1 DAGs
[2022-10-16 07:09:56,184] {logging_mixin.py:109} INFO - [2022-10-16 07:09:56,184] {dag.py:2937} INFO - Setting next_dagrun for example_task_group to 2022-10-15T07:09:56.183807+00:00
[2022-10-16 07:09:56,197] {processor.py:171} INFO - Processing /home/airflow/.local/lib/python3.7/site-packages/airflow/example_dags/example_task_group.py took 0.058 seconds
[2022-10-16 07:10:27,389] {processor.py:163} INFO - Started process (PID=3642) to work on /home/airflow/.local/lib/python3.7/site-packages/airflow/example_dags/example_task_group.py
[2022-10-16 07:10:27,390] {processor.py:642} INFO - Processing file /home/airflow/.local/lib/python3.7/site-packages/airflow/example_dags/example_task_group.py for tasks to queue
[2022-10-16 07:10:27,390] {logging_mixin.py:109} INFO - [2022-10-16 07:10:27,390] {dagbag.py:500} INFO - Filling up the DagBag from /home/airflow/.local/lib/python3.7/site-packages/airflow/example_dags/example_task_group.py
[2022-10-16 07:10:27,413] {processor.py:654} INFO - DAG(s) dict_keys(['example_task_group']) retrieved from /home/airflow/.local/lib/python3.7/site-packages/airflow/example_dags/example_task_group.py
[2022-10-16 07:10:27,421] {logging_mixin.py:109} INFO - [2022-10-16 07:10:27,421] {dag.py:2398} INFO - Sync 1 DAGs
[2022-10-16 07:10:27,434] {logging_mixin.py:109} INFO - [2022-10-16 07:10:27,434] {dag.py:2937} INFO - Setting next_dagrun for example_task_group to 2022-10-15T07:10:27.434608+00:00
[2022-10-16 07:10:27,443] {processor.py:171} INFO - Processing /home/airflow/.local/lib/python3.7/site-packages/airflow/example_dags/example_task_group.py took 0.057 seconds
[2022-10-16 07:10:57,963] {processor.py:163} INFO - Started process (PID=3717) to work on /home/airflow/.local/lib/python3.7/site-packages/airflow/example_dags/example_task_group.py
[2022-10-16 07:10:57,964] {processor.py:642} INFO - Processing file /home/airflow/.local/lib/python3.7/site-packages/airflow/example_dags/example_task_group.py for tasks to queue
[2022-10-16 07:10:57,965] {logging_mixin.py:109} INFO - [2022-10-16 07:10:57,964] {dagbag.py:500} INFO - Filling up the DagBag from /home/airflow/.local/lib/python3.7/site-packages/airflow/example_dags/example_task_group.py
[2022-10-16 07:10:57,990] {processor.py:654} INFO - DAG(s) dict_keys(['example_task_group']) retrieved from /home/airflow/.local/lib/python3.7/site-packages/airflow/example_dags/example_task_group.py
[2022-10-16 07:10:57,998] {logging_mixin.py:109} INFO - [2022-10-16 07:10:57,998] {dag.py:2398} INFO - Sync 1 DAGs
[2022-10-16 07:10:58,012] {logging_mixin.py:109} INFO - [2022-10-16 07:10:58,012] {dag.py:2937} INFO - Setting next_dagrun for example_task_group to 2022-10-15T07:10:58.012431+00:00
[2022-10-16 07:10:58,027] {processor.py:171} INFO - Processing /home/airflow/.local/lib/python3.7/site-packages/airflow/example_dags/example_task_group.py took 0.066 seconds
[2022-10-16 07:11:29,189] {processor.py:163} INFO - Started process (PID=3791) to work on /home/airflow/.local/lib/python3.7/site-packages/airflow/example_dags/example_task_group.py
[2022-10-16 07:11:29,190] {processor.py:642} INFO - Processing file /home/airflow/.local/lib/python3.7/site-packages/airflow/example_dags/example_task_group.py for tasks to queue
[2022-10-16 07:11:29,190] {logging_mixin.py:109} INFO - [2022-10-16 07:11:29,190] {dagbag.py:500} INFO - Filling up the DagBag from /home/airflow/.local/lib/python3.7/site-packages/airflow/example_dags/example_task_group.py
[2022-10-16 07:11:29,214] {processor.py:654} INFO - DAG(s) dict_keys(['example_task_group']) retrieved from /home/airflow/.local/lib/python3.7/site-packages/airflow/example_dags/example_task_group.py
[2022-10-16 07:11:29,223] {logging_mixin.py:109} INFO - [2022-10-16 07:11:29,223] {dag.py:2398} INFO - Sync 1 DAGs
[2022-10-16 07:11:29,236] {logging_mixin.py:109} INFO - [2022-10-16 07:11:29,236] {dag.py:2937} INFO - Setting next_dagrun for example_task_group to 2022-10-15T07:11:29.236496+00:00
[2022-10-16 07:11:29,252] {processor.py:171} INFO - Processing /home/airflow/.local/lib/python3.7/site-packages/airflow/example_dags/example_task_group.py took 0.066 seconds
[2022-10-16 07:12:00,185] {processor.py:163} INFO - Started process (PID=3856) to work on /home/airflow/.local/lib/python3.7/site-packages/airflow/example_dags/example_task_group.py
[2022-10-16 07:12:00,185] {processor.py:642} INFO - Processing file /home/airflow/.local/lib/python3.7/site-packages/airflow/example_dags/example_task_group.py for tasks to queue
[2022-10-16 07:12:00,186] {logging_mixin.py:109} INFO - [2022-10-16 07:12:00,186] {dagbag.py:500} INFO - Filling up the DagBag from /home/airflow/.local/lib/python3.7/site-packages/airflow/example_dags/example_task_group.py
[2022-10-16 07:12:00,208] {processor.py:654} INFO - DAG(s) dict_keys(['example_task_group']) retrieved from /home/airflow/.local/lib/python3.7/site-packages/airflow/example_dags/example_task_group.py
[2022-10-16 07:12:00,215] {logging_mixin.py:109} INFO - [2022-10-16 07:12:00,215] {dag.py:2398} INFO - Sync 1 DAGs
[2022-10-16 07:12:00,226] {logging_mixin.py:109} INFO - [2022-10-16 07:12:00,226] {dag.py:2937} INFO - Setting next_dagrun for example_task_group to 2022-10-15T07:12:00.226220+00:00
[2022-10-16 07:12:00,234] {processor.py:171} INFO - Processing /home/airflow/.local/lib/python3.7/site-packages/airflow/example_dags/example_task_group.py took 0.051 seconds
[2022-10-16 07:12:31,475] {processor.py:163} INFO - Started process (PID=3927) to work on /home/airflow/.local/lib/python3.7/site-packages/airflow/example_dags/example_task_group.py
[2022-10-16 07:12:31,476] {processor.py:642} INFO - Processing file /home/airflow/.local/lib/python3.7/site-packages/airflow/example_dags/example_task_group.py for tasks to queue
[2022-10-16 07:12:31,477] {logging_mixin.py:109} INFO - [2022-10-16 07:12:31,477] {dagbag.py:500} INFO - Filling up the DagBag from /home/airflow/.local/lib/python3.7/site-packages/airflow/example_dags/example_task_group.py
[2022-10-16 07:12:31,509] {processor.py:654} INFO - DAG(s) dict_keys(['example_task_group']) retrieved from /home/airflow/.local/lib/python3.7/site-packages/airflow/example_dags/example_task_group.py
[2022-10-16 07:12:31,520] {logging_mixin.py:109} INFO - [2022-10-16 07:12:31,520] {dag.py:2398} INFO - Sync 1 DAGs
[2022-10-16 07:12:31,538] {logging_mixin.py:109} INFO - [2022-10-16 07:12:31,538] {dag.py:2937} INFO - Setting next_dagrun for example_task_group to 2022-10-15T07:12:31.538402+00:00
[2022-10-16 07:12:31,555] {processor.py:171} INFO - Processing /home/airflow/.local/lib/python3.7/site-packages/airflow/example_dags/example_task_group.py took 0.083 seconds
[2022-10-16 07:13:02,568] {processor.py:163} INFO - Started process (PID=3989) to work on /home/airflow/.local/lib/python3.7/site-packages/airflow/example_dags/example_task_group.py
[2022-10-16 07:13:02,569] {processor.py:642} INFO - Processing file /home/airflow/.local/lib/python3.7/site-packages/airflow/example_dags/example_task_group.py for tasks to queue
[2022-10-16 07:13:02,569] {logging_mixin.py:109} INFO - [2022-10-16 07:13:02,569] {dagbag.py:500} INFO - Filling up the DagBag from /home/airflow/.local/lib/python3.7/site-packages/airflow/example_dags/example_task_group.py
[2022-10-16 07:13:02,594] {processor.py:654} INFO - DAG(s) dict_keys(['example_task_group']) retrieved from /home/airflow/.local/lib/python3.7/site-packages/airflow/example_dags/example_task_group.py
[2022-10-16 07:13:02,602] {logging_mixin.py:109} INFO - [2022-10-16 07:13:02,602] {dag.py:2398} INFO - Sync 1 DAGs
[2022-10-16 07:13:02,618] {logging_mixin.py:109} INFO - [2022-10-16 07:13:02,617] {dag.py:2937} INFO - Setting next_dagrun for example_task_group to 2022-10-15T07:13:02.617737+00:00
[2022-10-16 07:13:02,633] {processor.py:171} INFO - Processing /home/airflow/.local/lib/python3.7/site-packages/airflow/example_dags/example_task_group.py took 0.067 seconds
[2022-10-16 07:13:34,143] {processor.py:163} INFO - Started process (PID=4061) to work on /home/airflow/.local/lib/python3.7/site-packages/airflow/example_dags/example_task_group.py
[2022-10-16 07:13:34,144] {processor.py:642} INFO - Processing file /home/airflow/.local/lib/python3.7/site-packages/airflow/example_dags/example_task_group.py for tasks to queue
[2022-10-16 07:13:34,144] {logging_mixin.py:109} INFO - [2022-10-16 07:13:34,144] {dagbag.py:500} INFO - Filling up the DagBag from /home/airflow/.local/lib/python3.7/site-packages/airflow/example_dags/example_task_group.py
[2022-10-16 07:13:34,169] {processor.py:654} INFO - DAG(s) dict_keys(['example_task_group']) retrieved from /home/airflow/.local/lib/python3.7/site-packages/airflow/example_dags/example_task_group.py
[2022-10-16 07:13:34,178] {logging_mixin.py:109} INFO - [2022-10-16 07:13:34,178] {dag.py:2398} INFO - Sync 1 DAGs
[2022-10-16 07:13:34,191] {logging_mixin.py:109} INFO - [2022-10-16 07:13:34,191] {dag.py:2937} INFO - Setting next_dagrun for example_task_group to 2022-10-15T07:13:34.191516+00:00
[2022-10-16 07:13:34,207] {processor.py:171} INFO - Processing /home/airflow/.local/lib/python3.7/site-packages/airflow/example_dags/example_task_group.py took 0.067 seconds
[2022-10-16 07:14:05,281] {processor.py:163} INFO - Started process (PID=4124) to work on /home/airflow/.local/lib/python3.7/site-packages/airflow/example_dags/example_task_group.py
[2022-10-16 07:14:05,281] {processor.py:642} INFO - Processing file /home/airflow/.local/lib/python3.7/site-packages/airflow/example_dags/example_task_group.py for tasks to queue
[2022-10-16 07:14:05,282] {logging_mixin.py:109} INFO - [2022-10-16 07:14:05,282] {dagbag.py:500} INFO - Filling up the DagBag from /home/airflow/.local/lib/python3.7/site-packages/airflow/example_dags/example_task_group.py
[2022-10-16 07:14:05,304] {processor.py:654} INFO - DAG(s) dict_keys(['example_task_group']) retrieved from /home/airflow/.local/lib/python3.7/site-packages/airflow/example_dags/example_task_group.py
[2022-10-16 07:14:05,313] {logging_mixin.py:109} INFO - [2022-10-16 07:14:05,313] {dag.py:2398} INFO - Sync 1 DAGs
[2022-10-16 07:14:05,327] {logging_mixin.py:109} INFO - [2022-10-16 07:14:05,327] {dag.py:2937} INFO - Setting next_dagrun for example_task_group to 2022-10-15T07:14:05.327560+00:00
[2022-10-16 07:14:05,342] {processor.py:171} INFO - Processing /home/airflow/.local/lib/python3.7/site-packages/airflow/example_dags/example_task_group.py took 0.063 seconds
[2022-10-16 07:14:35,638] {processor.py:163} INFO - Started process (PID=4195) to work on /home/airflow/.local/lib/python3.7/site-packages/airflow/example_dags/example_task_group.py
[2022-10-16 07:14:35,639] {processor.py:642} INFO - Processing file /home/airflow/.local/lib/python3.7/site-packages/airflow/example_dags/example_task_group.py for tasks to queue
[2022-10-16 07:14:35,639] {logging_mixin.py:109} INFO - [2022-10-16 07:14:35,639] {dagbag.py:500} INFO - Filling up the DagBag from /home/airflow/.local/lib/python3.7/site-packages/airflow/example_dags/example_task_group.py
[2022-10-16 07:14:35,665] {processor.py:654} INFO - DAG(s) dict_keys(['example_task_group']) retrieved from /home/airflow/.local/lib/python3.7/site-packages/airflow/example_dags/example_task_group.py
[2022-10-16 07:14:35,674] {logging_mixin.py:109} INFO - [2022-10-16 07:14:35,674] {dag.py:2398} INFO - Sync 1 DAGs
[2022-10-16 07:14:35,688] {logging_mixin.py:109} INFO - [2022-10-16 07:14:35,688] {dag.py:2937} INFO - Setting next_dagrun for example_task_group to 2022-10-15T07:14:35.688405+00:00
[2022-10-16 07:14:35,703] {processor.py:171} INFO - Processing /home/airflow/.local/lib/python3.7/site-packages/airflow/example_dags/example_task_group.py took 0.067 seconds
[2022-10-16 07:15:06,757] {processor.py:163} INFO - Started process (PID=4257) to work on /home/airflow/.local/lib/python3.7/site-packages/airflow/example_dags/example_task_group.py
[2022-10-16 07:15:06,759] {processor.py:642} INFO - Processing file /home/airflow/.local/lib/python3.7/site-packages/airflow/example_dags/example_task_group.py for tasks to queue
[2022-10-16 07:15:06,759] {logging_mixin.py:109} INFO - [2022-10-16 07:15:06,759] {dagbag.py:500} INFO - Filling up the DagBag from /home/airflow/.local/lib/python3.7/site-packages/airflow/example_dags/example_task_group.py
[2022-10-16 07:15:06,795] {processor.py:654} INFO - DAG(s) dict_keys(['example_task_group']) retrieved from /home/airflow/.local/lib/python3.7/site-packages/airflow/example_dags/example_task_group.py
[2022-10-16 07:15:06,809] {logging_mixin.py:109} INFO - [2022-10-16 07:15:06,808] {dag.py:2398} INFO - Sync 1 DAGs
[2022-10-16 07:15:06,825] {logging_mixin.py:109} INFO - [2022-10-16 07:15:06,825] {dag.py:2937} INFO - Setting next_dagrun for example_task_group to 2022-10-15T07:15:06.825377+00:00
[2022-10-16 07:15:06,837] {processor.py:171} INFO - Processing /home/airflow/.local/lib/python3.7/site-packages/airflow/example_dags/example_task_group.py took 0.083 seconds
