[2022-10-16 06:43:21,290] {processor.py:163} INFO - Started process (PID=53) to work on /home/airflow/.local/lib/python3.7/site-packages/airflow/example_dags/tutorial.py
[2022-10-16 06:43:21,290] {processor.py:642} INFO - Processing file /home/airflow/.local/lib/python3.7/site-packages/airflow/example_dags/tutorial.py for tasks to queue
[2022-10-16 06:43:21,291] {logging_mixin.py:109} INFO - [2022-10-16 06:43:21,291] {dagbag.py:500} INFO - Filling up the DagBag from /home/airflow/.local/lib/python3.7/site-packages/airflow/example_dags/tutorial.py
[2022-10-16 06:43:21,320] {processor.py:654} INFO - DAG(s) dict_keys(['tutorial']) retrieved from /home/airflow/.local/lib/python3.7/site-packages/airflow/example_dags/tutorial.py
[2022-10-16 06:43:21,330] {logging_mixin.py:109} INFO - [2022-10-16 06:43:21,330] {dag.py:2398} INFO - Sync 1 DAGs
[2022-10-16 06:43:21,345] {logging_mixin.py:109} INFO - [2022-10-16 06:43:21,345] {dag.py:2937} INFO - Setting next_dagrun for tutorial to 2022-10-15T06:43:21.345602+00:00
[2022-10-16 06:43:21,359] {processor.py:171} INFO - Processing /home/airflow/.local/lib/python3.7/site-packages/airflow/example_dags/tutorial.py took 0.071 seconds
[2022-10-16 06:43:51,393] {processor.py:163} INFO - Started process (PID=108) to work on /home/airflow/.local/lib/python3.7/site-packages/airflow/example_dags/tutorial.py
[2022-10-16 06:43:51,394] {processor.py:642} INFO - Processing file /home/airflow/.local/lib/python3.7/site-packages/airflow/example_dags/tutorial.py for tasks to queue
[2022-10-16 06:43:51,394] {logging_mixin.py:109} INFO - [2022-10-16 06:43:51,394] {dagbag.py:500} INFO - Filling up the DagBag from /home/airflow/.local/lib/python3.7/site-packages/airflow/example_dags/tutorial.py
[2022-10-16 06:43:51,414] {processor.py:654} INFO - DAG(s) dict_keys(['tutorial']) retrieved from /home/airflow/.local/lib/python3.7/site-packages/airflow/example_dags/tutorial.py
[2022-10-16 06:43:51,420] {logging_mixin.py:109} INFO - [2022-10-16 06:43:51,420] {dag.py:2398} INFO - Sync 1 DAGs
[2022-10-16 06:43:51,430] {logging_mixin.py:109} INFO - [2022-10-16 06:43:51,430] {dag.py:2937} INFO - Setting next_dagrun for tutorial to 2022-10-15T06:43:51.429911+00:00
[2022-10-16 06:43:51,442] {processor.py:171} INFO - Processing /home/airflow/.local/lib/python3.7/site-packages/airflow/example_dags/tutorial.py took 0.051 seconds
[2022-10-16 06:44:21,979] {processor.py:163} INFO - Started process (PID=179) to work on /home/airflow/.local/lib/python3.7/site-packages/airflow/example_dags/tutorial.py
[2022-10-16 06:44:21,979] {processor.py:642} INFO - Processing file /home/airflow/.local/lib/python3.7/site-packages/airflow/example_dags/tutorial.py for tasks to queue
[2022-10-16 06:44:21,980] {logging_mixin.py:109} INFO - [2022-10-16 06:44:21,980] {dagbag.py:500} INFO - Filling up the DagBag from /home/airflow/.local/lib/python3.7/site-packages/airflow/example_dags/tutorial.py
[2022-10-16 06:44:22,005] {processor.py:654} INFO - DAG(s) dict_keys(['tutorial']) retrieved from /home/airflow/.local/lib/python3.7/site-packages/airflow/example_dags/tutorial.py
[2022-10-16 06:44:22,015] {logging_mixin.py:109} INFO - [2022-10-16 06:44:22,015] {dag.py:2398} INFO - Sync 1 DAGs
[2022-10-16 06:44:22,032] {logging_mixin.py:109} INFO - [2022-10-16 06:44:22,032] {dag.py:2937} INFO - Setting next_dagrun for tutorial to 2022-10-15T06:44:22.031828+00:00
[2022-10-16 06:44:22,047] {processor.py:171} INFO - Processing /home/airflow/.local/lib/python3.7/site-packages/airflow/example_dags/tutorial.py took 0.071 seconds
[2022-10-16 06:44:52,144] {processor.py:163} INFO - Started process (PID=241) to work on /home/airflow/.local/lib/python3.7/site-packages/airflow/example_dags/tutorial.py
[2022-10-16 06:44:52,145] {processor.py:642} INFO - Processing file /home/airflow/.local/lib/python3.7/site-packages/airflow/example_dags/tutorial.py for tasks to queue
[2022-10-16 06:44:52,146] {logging_mixin.py:109} INFO - [2022-10-16 06:44:52,146] {dagbag.py:500} INFO - Filling up the DagBag from /home/airflow/.local/lib/python3.7/site-packages/airflow/example_dags/tutorial.py
[2022-10-16 06:44:52,167] {processor.py:654} INFO - DAG(s) dict_keys(['tutorial']) retrieved from /home/airflow/.local/lib/python3.7/site-packages/airflow/example_dags/tutorial.py
[2022-10-16 06:44:52,176] {logging_mixin.py:109} INFO - [2022-10-16 06:44:52,176] {dag.py:2398} INFO - Sync 1 DAGs
[2022-10-16 06:44:52,190] {logging_mixin.py:109} INFO - [2022-10-16 06:44:52,190] {dag.py:2937} INFO - Setting next_dagrun for tutorial to 2022-10-15T06:44:52.190437+00:00
[2022-10-16 06:44:52,213] {processor.py:171} INFO - Processing /home/airflow/.local/lib/python3.7/site-packages/airflow/example_dags/tutorial.py took 0.070 seconds
[2022-10-16 06:45:22,315] {processor.py:163} INFO - Started process (PID=312) to work on /home/airflow/.local/lib/python3.7/site-packages/airflow/example_dags/tutorial.py
[2022-10-16 06:45:22,315] {processor.py:642} INFO - Processing file /home/airflow/.local/lib/python3.7/site-packages/airflow/example_dags/tutorial.py for tasks to queue
[2022-10-16 06:45:22,316] {logging_mixin.py:109} INFO - [2022-10-16 06:45:22,316] {dagbag.py:500} INFO - Filling up the DagBag from /home/airflow/.local/lib/python3.7/site-packages/airflow/example_dags/tutorial.py
[2022-10-16 06:45:22,337] {processor.py:654} INFO - DAG(s) dict_keys(['tutorial']) retrieved from /home/airflow/.local/lib/python3.7/site-packages/airflow/example_dags/tutorial.py
[2022-10-16 06:45:22,343] {logging_mixin.py:109} INFO - [2022-10-16 06:45:22,343] {dag.py:2398} INFO - Sync 1 DAGs
[2022-10-16 06:45:22,353] {logging_mixin.py:109} INFO - [2022-10-16 06:45:22,353] {dag.py:2937} INFO - Setting next_dagrun for tutorial to 2022-10-15T06:45:22.353210+00:00
[2022-10-16 06:45:22,360] {processor.py:171} INFO - Processing /home/airflow/.local/lib/python3.7/site-packages/airflow/example_dags/tutorial.py took 0.048 seconds
[2022-10-16 06:45:53,306] {processor.py:163} INFO - Started process (PID=374) to work on /home/airflow/.local/lib/python3.7/site-packages/airflow/example_dags/tutorial.py
[2022-10-16 06:45:53,307] {processor.py:642} INFO - Processing file /home/airflow/.local/lib/python3.7/site-packages/airflow/example_dags/tutorial.py for tasks to queue
[2022-10-16 06:45:53,308] {logging_mixin.py:109} INFO - [2022-10-16 06:45:53,307] {dagbag.py:500} INFO - Filling up the DagBag from /home/airflow/.local/lib/python3.7/site-packages/airflow/example_dags/tutorial.py
[2022-10-16 06:45:53,327] {processor.py:654} INFO - DAG(s) dict_keys(['tutorial']) retrieved from /home/airflow/.local/lib/python3.7/site-packages/airflow/example_dags/tutorial.py
[2022-10-16 06:45:53,333] {logging_mixin.py:109} INFO - [2022-10-16 06:45:53,333] {dag.py:2398} INFO - Sync 1 DAGs
[2022-10-16 06:45:53,343] {logging_mixin.py:109} INFO - [2022-10-16 06:45:53,343] {dag.py:2937} INFO - Setting next_dagrun for tutorial to 2022-10-15T06:45:53.343304+00:00
[2022-10-16 06:45:53,356] {processor.py:171} INFO - Processing /home/airflow/.local/lib/python3.7/site-packages/airflow/example_dags/tutorial.py took 0.051 seconds
[2022-10-16 06:46:23,437] {processor.py:163} INFO - Started process (PID=445) to work on /home/airflow/.local/lib/python3.7/site-packages/airflow/example_dags/tutorial.py
[2022-10-16 06:46:23,438] {processor.py:642} INFO - Processing file /home/airflow/.local/lib/python3.7/site-packages/airflow/example_dags/tutorial.py for tasks to queue
[2022-10-16 06:46:23,439] {logging_mixin.py:109} INFO - [2022-10-16 06:46:23,439] {dagbag.py:500} INFO - Filling up the DagBag from /home/airflow/.local/lib/python3.7/site-packages/airflow/example_dags/tutorial.py
[2022-10-16 06:46:23,463] {processor.py:654} INFO - DAG(s) dict_keys(['tutorial']) retrieved from /home/airflow/.local/lib/python3.7/site-packages/airflow/example_dags/tutorial.py
[2022-10-16 06:46:23,471] {logging_mixin.py:109} INFO - [2022-10-16 06:46:23,471] {dag.py:2398} INFO - Sync 1 DAGs
[2022-10-16 06:46:23,482] {logging_mixin.py:109} INFO - [2022-10-16 06:46:23,482] {dag.py:2937} INFO - Setting next_dagrun for tutorial to 2022-10-15T06:46:23.482469+00:00
[2022-10-16 06:46:23,490] {processor.py:171} INFO - Processing /home/airflow/.local/lib/python3.7/site-packages/airflow/example_dags/tutorial.py took 0.055 seconds
[2022-10-16 06:46:53,594] {processor.py:163} INFO - Started process (PID=507) to work on /home/airflow/.local/lib/python3.7/site-packages/airflow/example_dags/tutorial.py
[2022-10-16 06:46:53,595] {processor.py:642} INFO - Processing file /home/airflow/.local/lib/python3.7/site-packages/airflow/example_dags/tutorial.py for tasks to queue
[2022-10-16 06:46:53,596] {logging_mixin.py:109} INFO - [2022-10-16 06:46:53,596] {dagbag.py:500} INFO - Filling up the DagBag from /home/airflow/.local/lib/python3.7/site-packages/airflow/example_dags/tutorial.py
[2022-10-16 06:46:53,618] {processor.py:654} INFO - DAG(s) dict_keys(['tutorial']) retrieved from /home/airflow/.local/lib/python3.7/site-packages/airflow/example_dags/tutorial.py
[2022-10-16 06:46:53,626] {logging_mixin.py:109} INFO - [2022-10-16 06:46:53,626] {dag.py:2398} INFO - Sync 1 DAGs
[2022-10-16 06:46:53,640] {logging_mixin.py:109} INFO - [2022-10-16 06:46:53,640] {dag.py:2937} INFO - Setting next_dagrun for tutorial to 2022-10-15T06:46:53.640261+00:00
[2022-10-16 06:46:53,651] {processor.py:171} INFO - Processing /home/airflow/.local/lib/python3.7/site-packages/airflow/example_dags/tutorial.py took 0.059 seconds
[2022-10-16 06:47:24,578] {processor.py:163} INFO - Started process (PID=579) to work on /home/airflow/.local/lib/python3.7/site-packages/airflow/example_dags/tutorial.py
[2022-10-16 06:47:24,579] {processor.py:642} INFO - Processing file /home/airflow/.local/lib/python3.7/site-packages/airflow/example_dags/tutorial.py for tasks to queue
[2022-10-16 06:47:24,579] {logging_mixin.py:109} INFO - [2022-10-16 06:47:24,579] {dagbag.py:500} INFO - Filling up the DagBag from /home/airflow/.local/lib/python3.7/site-packages/airflow/example_dags/tutorial.py
[2022-10-16 06:47:24,600] {processor.py:654} INFO - DAG(s) dict_keys(['tutorial']) retrieved from /home/airflow/.local/lib/python3.7/site-packages/airflow/example_dags/tutorial.py
[2022-10-16 06:47:24,614] {logging_mixin.py:109} INFO - [2022-10-16 06:47:24,614] {dag.py:2398} INFO - Sync 1 DAGs
[2022-10-16 06:47:24,627] {logging_mixin.py:109} INFO - [2022-10-16 06:47:24,627] {dag.py:2937} INFO - Setting next_dagrun for tutorial to 2022-10-15T06:47:24.627109+00:00
[2022-10-16 06:47:24,640] {processor.py:171} INFO - Processing /home/airflow/.local/lib/python3.7/site-packages/airflow/example_dags/tutorial.py took 0.064 seconds
[2022-10-16 06:47:54,755] {processor.py:163} INFO - Started process (PID=641) to work on /home/airflow/.local/lib/python3.7/site-packages/airflow/example_dags/tutorial.py
[2022-10-16 06:47:54,755] {processor.py:642} INFO - Processing file /home/airflow/.local/lib/python3.7/site-packages/airflow/example_dags/tutorial.py for tasks to queue
[2022-10-16 06:47:54,756] {logging_mixin.py:109} INFO - [2022-10-16 06:47:54,756] {dagbag.py:500} INFO - Filling up the DagBag from /home/airflow/.local/lib/python3.7/site-packages/airflow/example_dags/tutorial.py
[2022-10-16 06:47:54,776] {processor.py:654} INFO - DAG(s) dict_keys(['tutorial']) retrieved from /home/airflow/.local/lib/python3.7/site-packages/airflow/example_dags/tutorial.py
[2022-10-16 06:47:54,782] {logging_mixin.py:109} INFO - [2022-10-16 06:47:54,782] {dag.py:2398} INFO - Sync 1 DAGs
[2022-10-16 06:47:54,793] {logging_mixin.py:109} INFO - [2022-10-16 06:47:54,793] {dag.py:2937} INFO - Setting next_dagrun for tutorial to 2022-10-15T06:47:54.793344+00:00
[2022-10-16 06:47:54,808] {processor.py:171} INFO - Processing /home/airflow/.local/lib/python3.7/site-packages/airflow/example_dags/tutorial.py took 0.056 seconds
[2022-10-16 06:48:24,920] {processor.py:163} INFO - Started process (PID=712) to work on /home/airflow/.local/lib/python3.7/site-packages/airflow/example_dags/tutorial.py
[2022-10-16 06:48:24,920] {processor.py:642} INFO - Processing file /home/airflow/.local/lib/python3.7/site-packages/airflow/example_dags/tutorial.py for tasks to queue
[2022-10-16 06:48:24,921] {logging_mixin.py:109} INFO - [2022-10-16 06:48:24,920] {dagbag.py:500} INFO - Filling up the DagBag from /home/airflow/.local/lib/python3.7/site-packages/airflow/example_dags/tutorial.py
[2022-10-16 06:48:24,940] {processor.py:654} INFO - DAG(s) dict_keys(['tutorial']) retrieved from /home/airflow/.local/lib/python3.7/site-packages/airflow/example_dags/tutorial.py
[2022-10-16 06:48:24,946] {logging_mixin.py:109} INFO - [2022-10-16 06:48:24,946] {dag.py:2398} INFO - Sync 1 DAGs
[2022-10-16 06:48:24,957] {logging_mixin.py:109} INFO - [2022-10-16 06:48:24,957] {dag.py:2937} INFO - Setting next_dagrun for tutorial to 2022-10-15T06:48:24.957431+00:00
[2022-10-16 06:48:24,971] {processor.py:171} INFO - Processing /home/airflow/.local/lib/python3.7/site-packages/airflow/example_dags/tutorial.py took 0.053 seconds
[2022-10-16 06:48:55,104] {processor.py:163} INFO - Started process (PID=774) to work on /home/airflow/.local/lib/python3.7/site-packages/airflow/example_dags/tutorial.py
[2022-10-16 06:48:55,105] {processor.py:642} INFO - Processing file /home/airflow/.local/lib/python3.7/site-packages/airflow/example_dags/tutorial.py for tasks to queue
[2022-10-16 06:48:55,106] {logging_mixin.py:109} INFO - [2022-10-16 06:48:55,106] {dagbag.py:500} INFO - Filling up the DagBag from /home/airflow/.local/lib/python3.7/site-packages/airflow/example_dags/tutorial.py
[2022-10-16 06:48:55,127] {processor.py:654} INFO - DAG(s) dict_keys(['tutorial']) retrieved from /home/airflow/.local/lib/python3.7/site-packages/airflow/example_dags/tutorial.py
[2022-10-16 06:48:55,134] {logging_mixin.py:109} INFO - [2022-10-16 06:48:55,134] {dag.py:2398} INFO - Sync 1 DAGs
[2022-10-16 06:48:55,145] {logging_mixin.py:109} INFO - [2022-10-16 06:48:55,145] {dag.py:2937} INFO - Setting next_dagrun for tutorial to 2022-10-15T06:48:55.145583+00:00
[2022-10-16 06:48:55,159] {processor.py:171} INFO - Processing /home/airflow/.local/lib/python3.7/site-packages/airflow/example_dags/tutorial.py took 0.057 seconds
[2022-10-16 06:49:26,125] {processor.py:163} INFO - Started process (PID=845) to work on /home/airflow/.local/lib/python3.7/site-packages/airflow/example_dags/tutorial.py
[2022-10-16 06:49:26,126] {processor.py:642} INFO - Processing file /home/airflow/.local/lib/python3.7/site-packages/airflow/example_dags/tutorial.py for tasks to queue
[2022-10-16 06:49:26,126] {logging_mixin.py:109} INFO - [2022-10-16 06:49:26,126] {dagbag.py:500} INFO - Filling up the DagBag from /home/airflow/.local/lib/python3.7/site-packages/airflow/example_dags/tutorial.py
[2022-10-16 06:49:26,152] {processor.py:654} INFO - DAG(s) dict_keys(['tutorial']) retrieved from /home/airflow/.local/lib/python3.7/site-packages/airflow/example_dags/tutorial.py
[2022-10-16 06:49:26,159] {logging_mixin.py:109} INFO - [2022-10-16 06:49:26,159] {dag.py:2398} INFO - Sync 1 DAGs
[2022-10-16 06:49:26,170] {logging_mixin.py:109} INFO - [2022-10-16 06:49:26,170] {dag.py:2937} INFO - Setting next_dagrun for tutorial to 2022-10-15T06:49:26.170183+00:00
[2022-10-16 06:49:26,179] {processor.py:171} INFO - Processing /home/airflow/.local/lib/python3.7/site-packages/airflow/example_dags/tutorial.py took 0.057 seconds
[2022-10-16 06:49:56,286] {processor.py:163} INFO - Started process (PID=908) to work on /home/airflow/.local/lib/python3.7/site-packages/airflow/example_dags/tutorial.py
[2022-10-16 06:49:56,287] {processor.py:642} INFO - Processing file /home/airflow/.local/lib/python3.7/site-packages/airflow/example_dags/tutorial.py for tasks to queue
[2022-10-16 06:49:56,287] {logging_mixin.py:109} INFO - [2022-10-16 06:49:56,287] {dagbag.py:500} INFO - Filling up the DagBag from /home/airflow/.local/lib/python3.7/site-packages/airflow/example_dags/tutorial.py
[2022-10-16 06:49:56,311] {processor.py:654} INFO - DAG(s) dict_keys(['tutorial']) retrieved from /home/airflow/.local/lib/python3.7/site-packages/airflow/example_dags/tutorial.py
[2022-10-16 06:49:56,317] {logging_mixin.py:109} INFO - [2022-10-16 06:49:56,317] {dag.py:2398} INFO - Sync 1 DAGs
[2022-10-16 06:49:56,329] {logging_mixin.py:109} INFO - [2022-10-16 06:49:56,329] {dag.py:2937} INFO - Setting next_dagrun for tutorial to 2022-10-15T06:49:56.329080+00:00
[2022-10-16 06:49:56,345] {processor.py:171} INFO - Processing /home/airflow/.local/lib/python3.7/site-packages/airflow/example_dags/tutorial.py took 0.062 seconds
[2022-10-16 06:50:26,384] {processor.py:163} INFO - Started process (PID=980) to work on /home/airflow/.local/lib/python3.7/site-packages/airflow/example_dags/tutorial.py
[2022-10-16 06:50:26,385] {processor.py:642} INFO - Processing file /home/airflow/.local/lib/python3.7/site-packages/airflow/example_dags/tutorial.py for tasks to queue
[2022-10-16 06:50:26,385] {logging_mixin.py:109} INFO - [2022-10-16 06:50:26,385] {dagbag.py:500} INFO - Filling up the DagBag from /home/airflow/.local/lib/python3.7/site-packages/airflow/example_dags/tutorial.py
[2022-10-16 06:50:26,406] {processor.py:654} INFO - DAG(s) dict_keys(['tutorial']) retrieved from /home/airflow/.local/lib/python3.7/site-packages/airflow/example_dags/tutorial.py
[2022-10-16 06:50:26,413] {logging_mixin.py:109} INFO - [2022-10-16 06:50:26,412] {dag.py:2398} INFO - Sync 1 DAGs
[2022-10-16 06:50:26,423] {logging_mixin.py:109} INFO - [2022-10-16 06:50:26,423] {dag.py:2937} INFO - Setting next_dagrun for tutorial to 2022-10-15T06:50:26.423232+00:00
[2022-10-16 06:50:26,431] {processor.py:171} INFO - Processing /home/airflow/.local/lib/python3.7/site-packages/airflow/example_dags/tutorial.py took 0.049 seconds
[2022-10-16 06:50:56,868] {processor.py:163} INFO - Started process (PID=1043) to work on /home/airflow/.local/lib/python3.7/site-packages/airflow/example_dags/tutorial.py
[2022-10-16 06:50:56,869] {processor.py:642} INFO - Processing file /home/airflow/.local/lib/python3.7/site-packages/airflow/example_dags/tutorial.py for tasks to queue
[2022-10-16 06:50:56,869] {logging_mixin.py:109} INFO - [2022-10-16 06:50:56,869] {dagbag.py:500} INFO - Filling up the DagBag from /home/airflow/.local/lib/python3.7/site-packages/airflow/example_dags/tutorial.py
[2022-10-16 06:50:56,892] {processor.py:654} INFO - DAG(s) dict_keys(['tutorial']) retrieved from /home/airflow/.local/lib/python3.7/site-packages/airflow/example_dags/tutorial.py
[2022-10-16 06:50:56,898] {logging_mixin.py:109} INFO - [2022-10-16 06:50:56,898] {dag.py:2398} INFO - Sync 1 DAGs
[2022-10-16 06:50:56,909] {logging_mixin.py:109} INFO - [2022-10-16 06:50:56,909] {dag.py:2937} INFO - Setting next_dagrun for tutorial to 2022-10-15T06:50:56.909708+00:00
[2022-10-16 06:50:56,922] {processor.py:171} INFO - Processing /home/airflow/.local/lib/python3.7/site-packages/airflow/example_dags/tutorial.py took 0.056 seconds
[2022-10-16 06:51:27,058] {processor.py:163} INFO - Started process (PID=1116) to work on /home/airflow/.local/lib/python3.7/site-packages/airflow/example_dags/tutorial.py
[2022-10-16 06:51:27,059] {processor.py:642} INFO - Processing file /home/airflow/.local/lib/python3.7/site-packages/airflow/example_dags/tutorial.py for tasks to queue
[2022-10-16 06:51:27,059] {logging_mixin.py:109} INFO - [2022-10-16 06:51:27,059] {dagbag.py:500} INFO - Filling up the DagBag from /home/airflow/.local/lib/python3.7/site-packages/airflow/example_dags/tutorial.py
[2022-10-16 06:51:27,082] {processor.py:654} INFO - DAG(s) dict_keys(['tutorial']) retrieved from /home/airflow/.local/lib/python3.7/site-packages/airflow/example_dags/tutorial.py
[2022-10-16 06:51:27,088] {logging_mixin.py:109} INFO - [2022-10-16 06:51:27,088] {dag.py:2398} INFO - Sync 1 DAGs
[2022-10-16 06:51:27,099] {logging_mixin.py:109} INFO - [2022-10-16 06:51:27,098] {dag.py:2937} INFO - Setting next_dagrun for tutorial to 2022-10-15T06:51:27.098806+00:00
[2022-10-16 06:51:27,106] {processor.py:171} INFO - Processing /home/airflow/.local/lib/python3.7/site-packages/airflow/example_dags/tutorial.py took 0.050 seconds
[2022-10-16 06:51:57,586] {processor.py:163} INFO - Started process (PID=1178) to work on /home/airflow/.local/lib/python3.7/site-packages/airflow/example_dags/tutorial.py
[2022-10-16 06:51:57,587] {processor.py:642} INFO - Processing file /home/airflow/.local/lib/python3.7/site-packages/airflow/example_dags/tutorial.py for tasks to queue
[2022-10-16 06:51:57,587] {logging_mixin.py:109} INFO - [2022-10-16 06:51:57,587] {dagbag.py:500} INFO - Filling up the DagBag from /home/airflow/.local/lib/python3.7/site-packages/airflow/example_dags/tutorial.py
[2022-10-16 06:51:57,615] {processor.py:654} INFO - DAG(s) dict_keys(['tutorial']) retrieved from /home/airflow/.local/lib/python3.7/site-packages/airflow/example_dags/tutorial.py
[2022-10-16 06:51:57,625] {logging_mixin.py:109} INFO - [2022-10-16 06:51:57,625] {dag.py:2398} INFO - Sync 1 DAGs
[2022-10-16 06:51:57,638] {logging_mixin.py:109} INFO - [2022-10-16 06:51:57,638] {dag.py:2937} INFO - Setting next_dagrun for tutorial to 2022-10-15T06:51:57.638067+00:00
[2022-10-16 06:51:57,654] {processor.py:171} INFO - Processing /home/airflow/.local/lib/python3.7/site-packages/airflow/example_dags/tutorial.py took 0.070 seconds
[2022-10-16 06:52:28,020] {processor.py:163} INFO - Started process (PID=1249) to work on /home/airflow/.local/lib/python3.7/site-packages/airflow/example_dags/tutorial.py
[2022-10-16 06:52:28,021] {processor.py:642} INFO - Processing file /home/airflow/.local/lib/python3.7/site-packages/airflow/example_dags/tutorial.py for tasks to queue
[2022-10-16 06:52:28,021] {logging_mixin.py:109} INFO - [2022-10-16 06:52:28,021] {dagbag.py:500} INFO - Filling up the DagBag from /home/airflow/.local/lib/python3.7/site-packages/airflow/example_dags/tutorial.py
[2022-10-16 06:52:28,042] {processor.py:654} INFO - DAG(s) dict_keys(['tutorial']) retrieved from /home/airflow/.local/lib/python3.7/site-packages/airflow/example_dags/tutorial.py
[2022-10-16 06:52:28,048] {logging_mixin.py:109} INFO - [2022-10-16 06:52:28,048] {dag.py:2398} INFO - Sync 1 DAGs
[2022-10-16 06:52:28,058] {logging_mixin.py:109} INFO - [2022-10-16 06:52:28,058] {dag.py:2937} INFO - Setting next_dagrun for tutorial to 2022-10-15T06:52:28.058677+00:00
[2022-10-16 06:52:28,067] {processor.py:171} INFO - Processing /home/airflow/.local/lib/python3.7/site-packages/airflow/example_dags/tutorial.py took 0.049 seconds
[2022-10-16 06:52:58,175] {processor.py:163} INFO - Started process (PID=1311) to work on /home/airflow/.local/lib/python3.7/site-packages/airflow/example_dags/tutorial.py
[2022-10-16 06:52:58,176] {processor.py:642} INFO - Processing file /home/airflow/.local/lib/python3.7/site-packages/airflow/example_dags/tutorial.py for tasks to queue
[2022-10-16 06:52:58,176] {logging_mixin.py:109} INFO - [2022-10-16 06:52:58,176] {dagbag.py:500} INFO - Filling up the DagBag from /home/airflow/.local/lib/python3.7/site-packages/airflow/example_dags/tutorial.py
[2022-10-16 06:52:58,199] {processor.py:654} INFO - DAG(s) dict_keys(['tutorial']) retrieved from /home/airflow/.local/lib/python3.7/site-packages/airflow/example_dags/tutorial.py
[2022-10-16 06:52:58,205] {logging_mixin.py:109} INFO - [2022-10-16 06:52:58,205] {dag.py:2398} INFO - Sync 1 DAGs
[2022-10-16 06:52:58,216] {logging_mixin.py:109} INFO - [2022-10-16 06:52:58,216] {dag.py:2937} INFO - Setting next_dagrun for tutorial to 2022-10-15T06:52:58.216436+00:00
[2022-10-16 06:52:58,231] {processor.py:171} INFO - Processing /home/airflow/.local/lib/python3.7/site-packages/airflow/example_dags/tutorial.py took 0.058 seconds
[2022-10-16 06:53:28,617] {processor.py:163} INFO - Started process (PID=1382) to work on /home/airflow/.local/lib/python3.7/site-packages/airflow/example_dags/tutorial.py
[2022-10-16 06:53:28,618] {processor.py:642} INFO - Processing file /home/airflow/.local/lib/python3.7/site-packages/airflow/example_dags/tutorial.py for tasks to queue
[2022-10-16 06:53:28,619] {logging_mixin.py:109} INFO - [2022-10-16 06:53:28,619] {dagbag.py:500} INFO - Filling up the DagBag from /home/airflow/.local/lib/python3.7/site-packages/airflow/example_dags/tutorial.py
[2022-10-16 06:53:28,639] {processor.py:654} INFO - DAG(s) dict_keys(['tutorial']) retrieved from /home/airflow/.local/lib/python3.7/site-packages/airflow/example_dags/tutorial.py
[2022-10-16 06:53:28,646] {logging_mixin.py:109} INFO - [2022-10-16 06:53:28,646] {dag.py:2398} INFO - Sync 1 DAGs
[2022-10-16 06:53:28,656] {logging_mixin.py:109} INFO - [2022-10-16 06:53:28,656] {dag.py:2937} INFO - Setting next_dagrun for tutorial to 2022-10-15T06:53:28.656507+00:00
[2022-10-16 06:53:28,670] {processor.py:171} INFO - Processing /home/airflow/.local/lib/python3.7/site-packages/airflow/example_dags/tutorial.py took 0.054 seconds
[2022-10-16 06:53:58,985] {processor.py:163} INFO - Started process (PID=1446) to work on /home/airflow/.local/lib/python3.7/site-packages/airflow/example_dags/tutorial.py
[2022-10-16 06:53:58,985] {processor.py:642} INFO - Processing file /home/airflow/.local/lib/python3.7/site-packages/airflow/example_dags/tutorial.py for tasks to queue
[2022-10-16 06:53:58,986] {logging_mixin.py:109} INFO - [2022-10-16 06:53:58,985] {dagbag.py:500} INFO - Filling up the DagBag from /home/airflow/.local/lib/python3.7/site-packages/airflow/example_dags/tutorial.py
[2022-10-16 06:53:59,007] {processor.py:654} INFO - DAG(s) dict_keys(['tutorial']) retrieved from /home/airflow/.local/lib/python3.7/site-packages/airflow/example_dags/tutorial.py
[2022-10-16 06:53:59,013] {logging_mixin.py:109} INFO - [2022-10-16 06:53:59,013] {dag.py:2398} INFO - Sync 1 DAGs
[2022-10-16 06:53:59,023] {logging_mixin.py:109} INFO - [2022-10-16 06:53:59,023] {dag.py:2937} INFO - Setting next_dagrun for tutorial to 2022-10-15T06:53:59.023237+00:00
[2022-10-16 06:53:59,032] {processor.py:171} INFO - Processing /home/airflow/.local/lib/python3.7/site-packages/airflow/example_dags/tutorial.py took 0.049 seconds
[2022-10-16 06:54:29,278] {processor.py:163} INFO - Started process (PID=1518) to work on /home/airflow/.local/lib/python3.7/site-packages/airflow/example_dags/tutorial.py
[2022-10-16 06:54:29,279] {processor.py:642} INFO - Processing file /home/airflow/.local/lib/python3.7/site-packages/airflow/example_dags/tutorial.py for tasks to queue
[2022-10-16 06:54:29,279] {logging_mixin.py:109} INFO - [2022-10-16 06:54:29,279] {dagbag.py:500} INFO - Filling up the DagBag from /home/airflow/.local/lib/python3.7/site-packages/airflow/example_dags/tutorial.py
[2022-10-16 06:54:29,302] {processor.py:654} INFO - DAG(s) dict_keys(['tutorial']) retrieved from /home/airflow/.local/lib/python3.7/site-packages/airflow/example_dags/tutorial.py
[2022-10-16 06:54:29,309] {logging_mixin.py:109} INFO - [2022-10-16 06:54:29,308] {dag.py:2398} INFO - Sync 1 DAGs
[2022-10-16 06:54:29,319] {logging_mixin.py:109} INFO - [2022-10-16 06:54:29,319] {dag.py:2937} INFO - Setting next_dagrun for tutorial to 2022-10-15T06:54:29.319059+00:00
[2022-10-16 06:54:29,327] {processor.py:171} INFO - Processing /home/airflow/.local/lib/python3.7/site-packages/airflow/example_dags/tutorial.py took 0.051 seconds
[2022-10-16 06:54:59,517] {processor.py:163} INFO - Started process (PID=1581) to work on /home/airflow/.local/lib/python3.7/site-packages/airflow/example_dags/tutorial.py
[2022-10-16 06:54:59,518] {processor.py:642} INFO - Processing file /home/airflow/.local/lib/python3.7/site-packages/airflow/example_dags/tutorial.py for tasks to queue
[2022-10-16 06:54:59,518] {logging_mixin.py:109} INFO - [2022-10-16 06:54:59,518] {dagbag.py:500} INFO - Filling up the DagBag from /home/airflow/.local/lib/python3.7/site-packages/airflow/example_dags/tutorial.py
[2022-10-16 06:54:59,539] {processor.py:654} INFO - DAG(s) dict_keys(['tutorial']) retrieved from /home/airflow/.local/lib/python3.7/site-packages/airflow/example_dags/tutorial.py
[2022-10-16 06:54:59,546] {logging_mixin.py:109} INFO - [2022-10-16 06:54:59,546] {dag.py:2398} INFO - Sync 1 DAGs
[2022-10-16 06:54:59,556] {logging_mixin.py:109} INFO - [2022-10-16 06:54:59,556] {dag.py:2937} INFO - Setting next_dagrun for tutorial to 2022-10-15T06:54:59.556654+00:00
[2022-10-16 06:54:59,567] {processor.py:171} INFO - Processing /home/airflow/.local/lib/python3.7/site-packages/airflow/example_dags/tutorial.py took 0.052 seconds
[2022-10-16 06:55:29,723] {processor.py:163} INFO - Started process (PID=1654) to work on /home/airflow/.local/lib/python3.7/site-packages/airflow/example_dags/tutorial.py
[2022-10-16 06:55:29,723] {processor.py:642} INFO - Processing file /home/airflow/.local/lib/python3.7/site-packages/airflow/example_dags/tutorial.py for tasks to queue
[2022-10-16 06:55:29,724] {logging_mixin.py:109} INFO - [2022-10-16 06:55:29,724] {dagbag.py:500} INFO - Filling up the DagBag from /home/airflow/.local/lib/python3.7/site-packages/airflow/example_dags/tutorial.py
[2022-10-16 06:55:29,746] {processor.py:654} INFO - DAG(s) dict_keys(['tutorial']) retrieved from /home/airflow/.local/lib/python3.7/site-packages/airflow/example_dags/tutorial.py
[2022-10-16 06:55:29,752] {logging_mixin.py:109} INFO - [2022-10-16 06:55:29,752] {dag.py:2398} INFO - Sync 1 DAGs
[2022-10-16 06:55:29,763] {logging_mixin.py:109} INFO - [2022-10-16 06:55:29,763] {dag.py:2937} INFO - Setting next_dagrun for tutorial to 2022-10-15T06:55:29.763244+00:00
[2022-10-16 06:55:29,776] {processor.py:171} INFO - Processing /home/airflow/.local/lib/python3.7/site-packages/airflow/example_dags/tutorial.py took 0.055 seconds
[2022-10-16 06:56:00,109] {processor.py:163} INFO - Started process (PID=1716) to work on /home/airflow/.local/lib/python3.7/site-packages/airflow/example_dags/tutorial.py
[2022-10-16 06:56:00,110] {processor.py:642} INFO - Processing file /home/airflow/.local/lib/python3.7/site-packages/airflow/example_dags/tutorial.py for tasks to queue
[2022-10-16 06:56:00,110] {logging_mixin.py:109} INFO - [2022-10-16 06:56:00,110] {dagbag.py:500} INFO - Filling up the DagBag from /home/airflow/.local/lib/python3.7/site-packages/airflow/example_dags/tutorial.py
[2022-10-16 06:56:00,130] {processor.py:654} INFO - DAG(s) dict_keys(['tutorial']) retrieved from /home/airflow/.local/lib/python3.7/site-packages/airflow/example_dags/tutorial.py
[2022-10-16 06:56:00,136] {logging_mixin.py:109} INFO - [2022-10-16 06:56:00,136] {dag.py:2398} INFO - Sync 1 DAGs
[2022-10-16 06:56:00,146] {logging_mixin.py:109} INFO - [2022-10-16 06:56:00,146] {dag.py:2937} INFO - Setting next_dagrun for tutorial to 2022-10-15T06:56:00.145833+00:00
[2022-10-16 06:56:00,153] {processor.py:171} INFO - Processing /home/airflow/.local/lib/python3.7/site-packages/airflow/example_dags/tutorial.py took 0.046 seconds
[2022-10-16 06:56:30,455] {processor.py:163} INFO - Started process (PID=1788) to work on /home/airflow/.local/lib/python3.7/site-packages/airflow/example_dags/tutorial.py
[2022-10-16 06:56:30,456] {processor.py:642} INFO - Processing file /home/airflow/.local/lib/python3.7/site-packages/airflow/example_dags/tutorial.py for tasks to queue
[2022-10-16 06:56:30,456] {logging_mixin.py:109} INFO - [2022-10-16 06:56:30,456] {dagbag.py:500} INFO - Filling up the DagBag from /home/airflow/.local/lib/python3.7/site-packages/airflow/example_dags/tutorial.py
[2022-10-16 06:56:30,479] {processor.py:654} INFO - DAG(s) dict_keys(['tutorial']) retrieved from /home/airflow/.local/lib/python3.7/site-packages/airflow/example_dags/tutorial.py
[2022-10-16 06:56:30,485] {logging_mixin.py:109} INFO - [2022-10-16 06:56:30,485] {dag.py:2398} INFO - Sync 1 DAGs
[2022-10-16 06:56:30,496] {logging_mixin.py:109} INFO - [2022-10-16 06:56:30,496] {dag.py:2937} INFO - Setting next_dagrun for tutorial to 2022-10-15T06:56:30.496382+00:00
[2022-10-16 06:56:30,511] {processor.py:171} INFO - Processing /home/airflow/.local/lib/python3.7/site-packages/airflow/example_dags/tutorial.py took 0.058 seconds
[2022-10-16 06:57:00,799] {processor.py:163} INFO - Started process (PID=1852) to work on /home/airflow/.local/lib/python3.7/site-packages/airflow/example_dags/tutorial.py
[2022-10-16 06:57:00,800] {processor.py:642} INFO - Processing file /home/airflow/.local/lib/python3.7/site-packages/airflow/example_dags/tutorial.py for tasks to queue
[2022-10-16 06:57:00,800] {logging_mixin.py:109} INFO - [2022-10-16 06:57:00,800] {dagbag.py:500} INFO - Filling up the DagBag from /home/airflow/.local/lib/python3.7/site-packages/airflow/example_dags/tutorial.py
[2022-10-16 06:57:00,821] {processor.py:654} INFO - DAG(s) dict_keys(['tutorial']) retrieved from /home/airflow/.local/lib/python3.7/site-packages/airflow/example_dags/tutorial.py
[2022-10-16 06:57:00,830] {logging_mixin.py:109} INFO - [2022-10-16 06:57:00,830] {dag.py:2398} INFO - Sync 1 DAGs
[2022-10-16 06:57:00,847] {logging_mixin.py:109} INFO - [2022-10-16 06:57:00,847] {dag.py:2937} INFO - Setting next_dagrun for tutorial to 2022-10-15T06:57:00.847174+00:00
[2022-10-16 06:57:00,856] {processor.py:171} INFO - Processing /home/airflow/.local/lib/python3.7/site-packages/airflow/example_dags/tutorial.py took 0.060 seconds
[2022-10-16 06:57:31,118] {processor.py:163} INFO - Started process (PID=1923) to work on /home/airflow/.local/lib/python3.7/site-packages/airflow/example_dags/tutorial.py
[2022-10-16 06:57:31,119] {processor.py:642} INFO - Processing file /home/airflow/.local/lib/python3.7/site-packages/airflow/example_dags/tutorial.py for tasks to queue
[2022-10-16 06:57:31,119] {logging_mixin.py:109} INFO - [2022-10-16 06:57:31,119] {dagbag.py:500} INFO - Filling up the DagBag from /home/airflow/.local/lib/python3.7/site-packages/airflow/example_dags/tutorial.py
[2022-10-16 06:57:31,145] {processor.py:654} INFO - DAG(s) dict_keys(['tutorial']) retrieved from /home/airflow/.local/lib/python3.7/site-packages/airflow/example_dags/tutorial.py
[2022-10-16 06:57:31,154] {logging_mixin.py:109} INFO - [2022-10-16 06:57:31,154] {dag.py:2398} INFO - Sync 1 DAGs
[2022-10-16 06:57:31,167] {logging_mixin.py:109} INFO - [2022-10-16 06:57:31,167] {dag.py:2937} INFO - Setting next_dagrun for tutorial to 2022-10-15T06:57:31.167014+00:00
[2022-10-16 06:57:31,182] {processor.py:171} INFO - Processing /home/airflow/.local/lib/python3.7/site-packages/airflow/example_dags/tutorial.py took 0.066 seconds
[2022-10-16 06:58:01,358] {processor.py:163} INFO - Started process (PID=1991) to work on /home/airflow/.local/lib/python3.7/site-packages/airflow/example_dags/tutorial.py
[2022-10-16 06:58:01,359] {processor.py:642} INFO - Processing file /home/airflow/.local/lib/python3.7/site-packages/airflow/example_dags/tutorial.py for tasks to queue
[2022-10-16 06:58:01,359] {logging_mixin.py:109} INFO - [2022-10-16 06:58:01,359] {dagbag.py:500} INFO - Filling up the DagBag from /home/airflow/.local/lib/python3.7/site-packages/airflow/example_dags/tutorial.py
[2022-10-16 06:58:01,379] {processor.py:654} INFO - DAG(s) dict_keys(['tutorial']) retrieved from /home/airflow/.local/lib/python3.7/site-packages/airflow/example_dags/tutorial.py
[2022-10-16 06:58:01,385] {logging_mixin.py:109} INFO - [2022-10-16 06:58:01,385] {dag.py:2398} INFO - Sync 1 DAGs
[2022-10-16 06:58:01,395] {logging_mixin.py:109} INFO - [2022-10-16 06:58:01,395] {dag.py:2937} INFO - Setting next_dagrun for tutorial to 2022-10-15T06:58:01.395127+00:00
[2022-10-16 06:58:01,412] {processor.py:171} INFO - Processing /home/airflow/.local/lib/python3.7/site-packages/airflow/example_dags/tutorial.py took 0.056 seconds
[2022-10-16 06:58:31,607] {processor.py:163} INFO - Started process (PID=2062) to work on /home/airflow/.local/lib/python3.7/site-packages/airflow/example_dags/tutorial.py
[2022-10-16 06:58:31,608] {processor.py:642} INFO - Processing file /home/airflow/.local/lib/python3.7/site-packages/airflow/example_dags/tutorial.py for tasks to queue
[2022-10-16 06:58:31,608] {logging_mixin.py:109} INFO - [2022-10-16 06:58:31,608] {dagbag.py:500} INFO - Filling up the DagBag from /home/airflow/.local/lib/python3.7/site-packages/airflow/example_dags/tutorial.py
[2022-10-16 06:58:31,633] {processor.py:654} INFO - DAG(s) dict_keys(['tutorial']) retrieved from /home/airflow/.local/lib/python3.7/site-packages/airflow/example_dags/tutorial.py
[2022-10-16 06:58:31,644] {logging_mixin.py:109} INFO - [2022-10-16 06:58:31,644] {dag.py:2398} INFO - Sync 1 DAGs
[2022-10-16 06:58:31,661] {logging_mixin.py:109} INFO - [2022-10-16 06:58:31,661] {dag.py:2937} INFO - Setting next_dagrun for tutorial to 2022-10-15T06:58:31.660985+00:00
[2022-10-16 06:58:31,670] {processor.py:171} INFO - Processing /home/airflow/.local/lib/python3.7/site-packages/airflow/example_dags/tutorial.py took 0.065 seconds
[2022-10-16 06:59:01,836] {processor.py:163} INFO - Started process (PID=2124) to work on /home/airflow/.local/lib/python3.7/site-packages/airflow/example_dags/tutorial.py
[2022-10-16 06:59:01,836] {processor.py:642} INFO - Processing file /home/airflow/.local/lib/python3.7/site-packages/airflow/example_dags/tutorial.py for tasks to queue
[2022-10-16 06:59:01,837] {logging_mixin.py:109} INFO - [2022-10-16 06:59:01,837] {dagbag.py:500} INFO - Filling up the DagBag from /home/airflow/.local/lib/python3.7/site-packages/airflow/example_dags/tutorial.py
[2022-10-16 06:59:01,858] {processor.py:654} INFO - DAG(s) dict_keys(['tutorial']) retrieved from /home/airflow/.local/lib/python3.7/site-packages/airflow/example_dags/tutorial.py
[2022-10-16 06:59:01,864] {logging_mixin.py:109} INFO - [2022-10-16 06:59:01,864] {dag.py:2398} INFO - Sync 1 DAGs
[2022-10-16 06:59:01,875] {logging_mixin.py:109} INFO - [2022-10-16 06:59:01,875] {dag.py:2937} INFO - Setting next_dagrun for tutorial to 2022-10-15T06:59:01.875139+00:00
[2022-10-16 06:59:01,888] {processor.py:171} INFO - Processing /home/airflow/.local/lib/python3.7/site-packages/airflow/example_dags/tutorial.py took 0.054 seconds
[2022-10-16 06:59:32,081] {processor.py:163} INFO - Started process (PID=2195) to work on /home/airflow/.local/lib/python3.7/site-packages/airflow/example_dags/tutorial.py
[2022-10-16 06:59:32,081] {processor.py:642} INFO - Processing file /home/airflow/.local/lib/python3.7/site-packages/airflow/example_dags/tutorial.py for tasks to queue
[2022-10-16 06:59:32,082] {logging_mixin.py:109} INFO - [2022-10-16 06:59:32,082] {dagbag.py:500} INFO - Filling up the DagBag from /home/airflow/.local/lib/python3.7/site-packages/airflow/example_dags/tutorial.py
[2022-10-16 06:59:32,104] {processor.py:654} INFO - DAG(s) dict_keys(['tutorial']) retrieved from /home/airflow/.local/lib/python3.7/site-packages/airflow/example_dags/tutorial.py
[2022-10-16 06:59:32,111] {logging_mixin.py:109} INFO - [2022-10-16 06:59:32,111] {dag.py:2398} INFO - Sync 1 DAGs
[2022-10-16 06:59:32,123] {logging_mixin.py:109} INFO - [2022-10-16 06:59:32,123] {dag.py:2937} INFO - Setting next_dagrun for tutorial to 2022-10-15T06:59:32.123408+00:00
[2022-10-16 06:59:32,147] {processor.py:171} INFO - Processing /home/airflow/.local/lib/python3.7/site-packages/airflow/example_dags/tutorial.py took 0.068 seconds
[2022-10-16 07:00:02,847] {processor.py:163} INFO - Started process (PID=2256) to work on /home/airflow/.local/lib/python3.7/site-packages/airflow/example_dags/tutorial.py
[2022-10-16 07:00:02,848] {processor.py:642} INFO - Processing file /home/airflow/.local/lib/python3.7/site-packages/airflow/example_dags/tutorial.py for tasks to queue
[2022-10-16 07:00:02,848] {logging_mixin.py:109} INFO - [2022-10-16 07:00:02,848] {dagbag.py:500} INFO - Filling up the DagBag from /home/airflow/.local/lib/python3.7/site-packages/airflow/example_dags/tutorial.py
[2022-10-16 07:00:02,870] {processor.py:654} INFO - DAG(s) dict_keys(['tutorial']) retrieved from /home/airflow/.local/lib/python3.7/site-packages/airflow/example_dags/tutorial.py
[2022-10-16 07:00:02,876] {logging_mixin.py:109} INFO - [2022-10-16 07:00:02,876] {dag.py:2398} INFO - Sync 1 DAGs
[2022-10-16 07:00:02,886] {logging_mixin.py:109} INFO - [2022-10-16 07:00:02,886] {dag.py:2937} INFO - Setting next_dagrun for tutorial to 2022-10-15T07:00:02.886667+00:00
[2022-10-16 07:00:02,899] {processor.py:171} INFO - Processing /home/airflow/.local/lib/python3.7/site-packages/airflow/example_dags/tutorial.py took 0.054 seconds
[2022-10-16 07:00:33,722] {processor.py:163} INFO - Started process (PID=2329) to work on /home/airflow/.local/lib/python3.7/site-packages/airflow/example_dags/tutorial.py
[2022-10-16 07:00:33,723] {processor.py:642} INFO - Processing file /home/airflow/.local/lib/python3.7/site-packages/airflow/example_dags/tutorial.py for tasks to queue
[2022-10-16 07:00:33,723] {logging_mixin.py:109} INFO - [2022-10-16 07:00:33,723] {dagbag.py:500} INFO - Filling up the DagBag from /home/airflow/.local/lib/python3.7/site-packages/airflow/example_dags/tutorial.py
[2022-10-16 07:00:33,744] {processor.py:654} INFO - DAG(s) dict_keys(['tutorial']) retrieved from /home/airflow/.local/lib/python3.7/site-packages/airflow/example_dags/tutorial.py
[2022-10-16 07:00:33,750] {logging_mixin.py:109} INFO - [2022-10-16 07:00:33,750] {dag.py:2398} INFO - Sync 1 DAGs
[2022-10-16 07:00:33,760] {logging_mixin.py:109} INFO - [2022-10-16 07:00:33,760] {dag.py:2937} INFO - Setting next_dagrun for tutorial to 2022-10-15T07:00:33.760701+00:00
[2022-10-16 07:00:33,768] {processor.py:171} INFO - Processing /home/airflow/.local/lib/python3.7/site-packages/airflow/example_dags/tutorial.py took 0.048 seconds
[2022-10-16 07:01:03,790] {processor.py:163} INFO - Started process (PID=2382) to work on /home/airflow/.local/lib/python3.7/site-packages/airflow/example_dags/tutorial.py
[2022-10-16 07:01:03,791] {processor.py:642} INFO - Processing file /home/airflow/.local/lib/python3.7/site-packages/airflow/example_dags/tutorial.py for tasks to queue
[2022-10-16 07:01:03,791] {logging_mixin.py:109} INFO - [2022-10-16 07:01:03,791] {dagbag.py:500} INFO - Filling up the DagBag from /home/airflow/.local/lib/python3.7/site-packages/airflow/example_dags/tutorial.py
[2022-10-16 07:01:03,811] {processor.py:654} INFO - DAG(s) dict_keys(['tutorial']) retrieved from /home/airflow/.local/lib/python3.7/site-packages/airflow/example_dags/tutorial.py
[2022-10-16 07:01:03,818] {logging_mixin.py:109} INFO - [2022-10-16 07:01:03,818] {dag.py:2398} INFO - Sync 1 DAGs
[2022-10-16 07:01:03,828] {logging_mixin.py:109} INFO - [2022-10-16 07:01:03,828] {dag.py:2937} INFO - Setting next_dagrun for tutorial to 2022-10-15T07:01:03.827892+00:00
[2022-10-16 07:01:03,840] {processor.py:171} INFO - Processing /home/airflow/.local/lib/python3.7/site-packages/airflow/example_dags/tutorial.py took 0.052 seconds
[2022-10-16 07:01:33,975] {processor.py:163} INFO - Started process (PID=2452) to work on /home/airflow/.local/lib/python3.7/site-packages/airflow/example_dags/tutorial.py
[2022-10-16 07:01:33,976] {processor.py:642} INFO - Processing file /home/airflow/.local/lib/python3.7/site-packages/airflow/example_dags/tutorial.py for tasks to queue
[2022-10-16 07:01:33,976] {logging_mixin.py:109} INFO - [2022-10-16 07:01:33,976] {dagbag.py:500} INFO - Filling up the DagBag from /home/airflow/.local/lib/python3.7/site-packages/airflow/example_dags/tutorial.py
[2022-10-16 07:01:33,997] {processor.py:654} INFO - DAG(s) dict_keys(['tutorial']) retrieved from /home/airflow/.local/lib/python3.7/site-packages/airflow/example_dags/tutorial.py
[2022-10-16 07:01:34,004] {logging_mixin.py:109} INFO - [2022-10-16 07:01:34,004] {dag.py:2398} INFO - Sync 1 DAGs
[2022-10-16 07:01:34,016] {logging_mixin.py:109} INFO - [2022-10-16 07:01:34,016] {dag.py:2937} INFO - Setting next_dagrun for tutorial to 2022-10-15T07:01:34.015986+00:00
[2022-10-16 07:01:34,036] {processor.py:171} INFO - Processing /home/airflow/.local/lib/python3.7/site-packages/airflow/example_dags/tutorial.py took 0.063 seconds
[2022-10-16 07:02:04,648] {processor.py:163} INFO - Started process (PID=2516) to work on /home/airflow/.local/lib/python3.7/site-packages/airflow/example_dags/tutorial.py
[2022-10-16 07:02:04,649] {processor.py:642} INFO - Processing file /home/airflow/.local/lib/python3.7/site-packages/airflow/example_dags/tutorial.py for tasks to queue
[2022-10-16 07:02:04,649] {logging_mixin.py:109} INFO - [2022-10-16 07:02:04,649] {dagbag.py:500} INFO - Filling up the DagBag from /home/airflow/.local/lib/python3.7/site-packages/airflow/example_dags/tutorial.py
[2022-10-16 07:02:04,668] {processor.py:654} INFO - DAG(s) dict_keys(['tutorial']) retrieved from /home/airflow/.local/lib/python3.7/site-packages/airflow/example_dags/tutorial.py
[2022-10-16 07:02:04,674] {logging_mixin.py:109} INFO - [2022-10-16 07:02:04,674] {dag.py:2398} INFO - Sync 1 DAGs
[2022-10-16 07:02:04,685] {logging_mixin.py:109} INFO - [2022-10-16 07:02:04,684] {dag.py:2937} INFO - Setting next_dagrun for tutorial to 2022-10-15T07:02:04.684789+00:00
[2022-10-16 07:02:04,697] {processor.py:171} INFO - Processing /home/airflow/.local/lib/python3.7/site-packages/airflow/example_dags/tutorial.py took 0.051 seconds
[2022-10-16 07:02:34,974] {processor.py:163} INFO - Started process (PID=2590) to work on /home/airflow/.local/lib/python3.7/site-packages/airflow/example_dags/tutorial.py
[2022-10-16 07:02:34,975] {processor.py:642} INFO - Processing file /home/airflow/.local/lib/python3.7/site-packages/airflow/example_dags/tutorial.py for tasks to queue
[2022-10-16 07:02:34,976] {logging_mixin.py:109} INFO - [2022-10-16 07:02:34,976] {dagbag.py:500} INFO - Filling up the DagBag from /home/airflow/.local/lib/python3.7/site-packages/airflow/example_dags/tutorial.py
[2022-10-16 07:02:34,998] {processor.py:654} INFO - DAG(s) dict_keys(['tutorial']) retrieved from /home/airflow/.local/lib/python3.7/site-packages/airflow/example_dags/tutorial.py
[2022-10-16 07:02:35,009] {logging_mixin.py:109} INFO - [2022-10-16 07:02:35,009] {dag.py:2398} INFO - Sync 1 DAGs
[2022-10-16 07:02:35,027] {logging_mixin.py:109} INFO - [2022-10-16 07:02:35,027] {dag.py:2937} INFO - Setting next_dagrun for tutorial to 2022-10-15T07:02:35.027260+00:00
[2022-10-16 07:02:35,036] {processor.py:171} INFO - Processing /home/airflow/.local/lib/python3.7/site-packages/airflow/example_dags/tutorial.py took 0.064 seconds
[2022-10-16 07:03:05,115] {processor.py:163} INFO - Started process (PID=2653) to work on /home/airflow/.local/lib/python3.7/site-packages/airflow/example_dags/tutorial.py
[2022-10-16 07:03:05,116] {processor.py:642} INFO - Processing file /home/airflow/.local/lib/python3.7/site-packages/airflow/example_dags/tutorial.py for tasks to queue
[2022-10-16 07:03:05,117] {logging_mixin.py:109} INFO - [2022-10-16 07:03:05,117] {dagbag.py:500} INFO - Filling up the DagBag from /home/airflow/.local/lib/python3.7/site-packages/airflow/example_dags/tutorial.py
[2022-10-16 07:03:05,136] {processor.py:654} INFO - DAG(s) dict_keys(['tutorial']) retrieved from /home/airflow/.local/lib/python3.7/site-packages/airflow/example_dags/tutorial.py
[2022-10-16 07:03:05,142] {logging_mixin.py:109} INFO - [2022-10-16 07:03:05,142] {dag.py:2398} INFO - Sync 1 DAGs
[2022-10-16 07:03:05,153] {logging_mixin.py:109} INFO - [2022-10-16 07:03:05,153] {dag.py:2937} INFO - Setting next_dagrun for tutorial to 2022-10-15T07:03:05.152978+00:00
[2022-10-16 07:03:05,165] {processor.py:171} INFO - Processing /home/airflow/.local/lib/python3.7/site-packages/airflow/example_dags/tutorial.py took 0.052 seconds
[2022-10-16 07:03:35,788] {processor.py:163} INFO - Started process (PID=2725) to work on /home/airflow/.local/lib/python3.7/site-packages/airflow/example_dags/tutorial.py
[2022-10-16 07:03:35,789] {processor.py:642} INFO - Processing file /home/airflow/.local/lib/python3.7/site-packages/airflow/example_dags/tutorial.py for tasks to queue
[2022-10-16 07:03:35,789] {logging_mixin.py:109} INFO - [2022-10-16 07:03:35,789] {dagbag.py:500} INFO - Filling up the DagBag from /home/airflow/.local/lib/python3.7/site-packages/airflow/example_dags/tutorial.py
[2022-10-16 07:03:35,815] {processor.py:654} INFO - DAG(s) dict_keys(['tutorial']) retrieved from /home/airflow/.local/lib/python3.7/site-packages/airflow/example_dags/tutorial.py
[2022-10-16 07:03:35,823] {logging_mixin.py:109} INFO - [2022-10-16 07:03:35,823] {dag.py:2398} INFO - Sync 1 DAGs
[2022-10-16 07:03:35,835] {logging_mixin.py:109} INFO - [2022-10-16 07:03:35,835] {dag.py:2937} INFO - Setting next_dagrun for tutorial to 2022-10-15T07:03:35.835183+00:00
[2022-10-16 07:03:35,843] {processor.py:171} INFO - Processing /home/airflow/.local/lib/python3.7/site-packages/airflow/example_dags/tutorial.py took 0.058 seconds
[2022-10-16 07:04:06,168] {processor.py:163} INFO - Started process (PID=2787) to work on /home/airflow/.local/lib/python3.7/site-packages/airflow/example_dags/tutorial.py
[2022-10-16 07:04:06,168] {processor.py:642} INFO - Processing file /home/airflow/.local/lib/python3.7/site-packages/airflow/example_dags/tutorial.py for tasks to queue
[2022-10-16 07:04:06,169] {logging_mixin.py:109} INFO - [2022-10-16 07:04:06,169] {dagbag.py:500} INFO - Filling up the DagBag from /home/airflow/.local/lib/python3.7/site-packages/airflow/example_dags/tutorial.py
[2022-10-16 07:04:06,190] {processor.py:654} INFO - DAG(s) dict_keys(['tutorial']) retrieved from /home/airflow/.local/lib/python3.7/site-packages/airflow/example_dags/tutorial.py
[2022-10-16 07:04:06,195] {logging_mixin.py:109} INFO - [2022-10-16 07:04:06,195] {dag.py:2398} INFO - Sync 1 DAGs
[2022-10-16 07:04:06,205] {logging_mixin.py:109} INFO - [2022-10-16 07:04:06,205] {dag.py:2937} INFO - Setting next_dagrun for tutorial to 2022-10-15T07:04:06.205620+00:00
[2022-10-16 07:04:06,218] {processor.py:171} INFO - Processing /home/airflow/.local/lib/python3.7/site-packages/airflow/example_dags/tutorial.py took 0.052 seconds
[2022-10-16 07:04:36,372] {processor.py:163} INFO - Started process (PID=2859) to work on /home/airflow/.local/lib/python3.7/site-packages/airflow/example_dags/tutorial.py
[2022-10-16 07:04:36,373] {processor.py:642} INFO - Processing file /home/airflow/.local/lib/python3.7/site-packages/airflow/example_dags/tutorial.py for tasks to queue
[2022-10-16 07:04:36,373] {logging_mixin.py:109} INFO - [2022-10-16 07:04:36,373] {dagbag.py:500} INFO - Filling up the DagBag from /home/airflow/.local/lib/python3.7/site-packages/airflow/example_dags/tutorial.py
[2022-10-16 07:04:36,400] {processor.py:654} INFO - DAG(s) dict_keys(['tutorial']) retrieved from /home/airflow/.local/lib/python3.7/site-packages/airflow/example_dags/tutorial.py
[2022-10-16 07:04:36,409] {logging_mixin.py:109} INFO - [2022-10-16 07:04:36,409] {dag.py:2398} INFO - Sync 1 DAGs
[2022-10-16 07:04:36,424] {logging_mixin.py:109} INFO - [2022-10-16 07:04:36,424] {dag.py:2937} INFO - Setting next_dagrun for tutorial to 2022-10-15T07:04:36.424347+00:00
[2022-10-16 07:04:36,435] {processor.py:171} INFO - Processing /home/airflow/.local/lib/python3.7/site-packages/airflow/example_dags/tutorial.py took 0.065 seconds
[2022-10-16 07:05:06,659] {processor.py:163} INFO - Started process (PID=2925) to work on /home/airflow/.local/lib/python3.7/site-packages/airflow/example_dags/tutorial.py
[2022-10-16 07:05:06,660] {processor.py:642} INFO - Processing file /home/airflow/.local/lib/python3.7/site-packages/airflow/example_dags/tutorial.py for tasks to queue
[2022-10-16 07:05:06,660] {logging_mixin.py:109} INFO - [2022-10-16 07:05:06,660] {dagbag.py:500} INFO - Filling up the DagBag from /home/airflow/.local/lib/python3.7/site-packages/airflow/example_dags/tutorial.py
[2022-10-16 07:05:06,681] {processor.py:654} INFO - DAG(s) dict_keys(['tutorial']) retrieved from /home/airflow/.local/lib/python3.7/site-packages/airflow/example_dags/tutorial.py
[2022-10-16 07:05:06,688] {logging_mixin.py:109} INFO - [2022-10-16 07:05:06,687] {dag.py:2398} INFO - Sync 1 DAGs
[2022-10-16 07:05:06,698] {logging_mixin.py:109} INFO - [2022-10-16 07:05:06,698] {dag.py:2937} INFO - Setting next_dagrun for tutorial to 2022-10-15T07:05:06.698069+00:00
[2022-10-16 07:05:06,711] {processor.py:171} INFO - Processing /home/airflow/.local/lib/python3.7/site-packages/airflow/example_dags/tutorial.py took 0.054 seconds
[2022-10-16 07:05:37,273] {processor.py:163} INFO - Started process (PID=2996) to work on /home/airflow/.local/lib/python3.7/site-packages/airflow/example_dags/tutorial.py
[2022-10-16 07:05:37,274] {processor.py:642} INFO - Processing file /home/airflow/.local/lib/python3.7/site-packages/airflow/example_dags/tutorial.py for tasks to queue
[2022-10-16 07:05:37,275] {logging_mixin.py:109} INFO - [2022-10-16 07:05:37,275] {dagbag.py:500} INFO - Filling up the DagBag from /home/airflow/.local/lib/python3.7/site-packages/airflow/example_dags/tutorial.py
[2022-10-16 07:05:37,296] {processor.py:654} INFO - DAG(s) dict_keys(['tutorial']) retrieved from /home/airflow/.local/lib/python3.7/site-packages/airflow/example_dags/tutorial.py
[2022-10-16 07:05:37,304] {logging_mixin.py:109} INFO - [2022-10-16 07:05:37,304] {dag.py:2398} INFO - Sync 1 DAGs
[2022-10-16 07:05:37,316] {logging_mixin.py:109} INFO - [2022-10-16 07:05:37,316] {dag.py:2937} INFO - Setting next_dagrun for tutorial to 2022-10-15T07:05:37.315856+00:00
[2022-10-16 07:05:37,324] {processor.py:171} INFO - Processing /home/airflow/.local/lib/python3.7/site-packages/airflow/example_dags/tutorial.py took 0.053 seconds
[2022-10-16 07:06:07,354] {processor.py:163} INFO - Started process (PID=3058) to work on /home/airflow/.local/lib/python3.7/site-packages/airflow/example_dags/tutorial.py
[2022-10-16 07:06:07,356] {processor.py:642} INFO - Processing file /home/airflow/.local/lib/python3.7/site-packages/airflow/example_dags/tutorial.py for tasks to queue
[2022-10-16 07:06:07,357] {logging_mixin.py:109} INFO - [2022-10-16 07:06:07,357] {dagbag.py:500} INFO - Filling up the DagBag from /home/airflow/.local/lib/python3.7/site-packages/airflow/example_dags/tutorial.py
[2022-10-16 07:06:07,379] {processor.py:654} INFO - DAG(s) dict_keys(['tutorial']) retrieved from /home/airflow/.local/lib/python3.7/site-packages/airflow/example_dags/tutorial.py
[2022-10-16 07:06:07,385] {logging_mixin.py:109} INFO - [2022-10-16 07:06:07,385] {dag.py:2398} INFO - Sync 1 DAGs
[2022-10-16 07:06:07,397] {logging_mixin.py:109} INFO - [2022-10-16 07:06:07,397] {dag.py:2937} INFO - Setting next_dagrun for tutorial to 2022-10-15T07:06:07.397030+00:00
[2022-10-16 07:06:07,412] {processor.py:171} INFO - Processing /home/airflow/.local/lib/python3.7/site-packages/airflow/example_dags/tutorial.py took 0.061 seconds
[2022-10-16 07:06:37,488] {processor.py:163} INFO - Started process (PID=3129) to work on /home/airflow/.local/lib/python3.7/site-packages/airflow/example_dags/tutorial.py
[2022-10-16 07:06:37,488] {processor.py:642} INFO - Processing file /home/airflow/.local/lib/python3.7/site-packages/airflow/example_dags/tutorial.py for tasks to queue
[2022-10-16 07:06:37,489] {logging_mixin.py:109} INFO - [2022-10-16 07:06:37,489] {dagbag.py:500} INFO - Filling up the DagBag from /home/airflow/.local/lib/python3.7/site-packages/airflow/example_dags/tutorial.py
[2022-10-16 07:06:37,510] {processor.py:654} INFO - DAG(s) dict_keys(['tutorial']) retrieved from /home/airflow/.local/lib/python3.7/site-packages/airflow/example_dags/tutorial.py
[2022-10-16 07:06:37,516] {logging_mixin.py:109} INFO - [2022-10-16 07:06:37,516] {dag.py:2398} INFO - Sync 1 DAGs
[2022-10-16 07:06:37,527] {logging_mixin.py:109} INFO - [2022-10-16 07:06:37,526] {dag.py:2937} INFO - Setting next_dagrun for tutorial to 2022-10-15T07:06:37.526747+00:00
[2022-10-16 07:06:37,534] {processor.py:171} INFO - Processing /home/airflow/.local/lib/python3.7/site-packages/airflow/example_dags/tutorial.py took 0.048 seconds
[2022-10-16 07:07:07,718] {processor.py:163} INFO - Started process (PID=3191) to work on /home/airflow/.local/lib/python3.7/site-packages/airflow/example_dags/tutorial.py
[2022-10-16 07:07:07,718] {processor.py:642} INFO - Processing file /home/airflow/.local/lib/python3.7/site-packages/airflow/example_dags/tutorial.py for tasks to queue
[2022-10-16 07:07:07,719] {logging_mixin.py:109} INFO - [2022-10-16 07:07:07,719] {dagbag.py:500} INFO - Filling up the DagBag from /home/airflow/.local/lib/python3.7/site-packages/airflow/example_dags/tutorial.py
[2022-10-16 07:07:07,739] {processor.py:654} INFO - DAG(s) dict_keys(['tutorial']) retrieved from /home/airflow/.local/lib/python3.7/site-packages/airflow/example_dags/tutorial.py
[2022-10-16 07:07:07,746] {logging_mixin.py:109} INFO - [2022-10-16 07:07:07,746] {dag.py:2398} INFO - Sync 1 DAGs
[2022-10-16 07:07:07,757] {logging_mixin.py:109} INFO - [2022-10-16 07:07:07,757] {dag.py:2937} INFO - Setting next_dagrun for tutorial to 2022-10-15T07:07:07.757668+00:00
[2022-10-16 07:07:07,771] {processor.py:171} INFO - Processing /home/airflow/.local/lib/python3.7/site-packages/airflow/example_dags/tutorial.py took 0.056 seconds
[2022-10-16 07:07:37,993] {processor.py:163} INFO - Started process (PID=3262) to work on /home/airflow/.local/lib/python3.7/site-packages/airflow/example_dags/tutorial.py
[2022-10-16 07:07:37,993] {processor.py:642} INFO - Processing file /home/airflow/.local/lib/python3.7/site-packages/airflow/example_dags/tutorial.py for tasks to queue
[2022-10-16 07:07:37,994] {logging_mixin.py:109} INFO - [2022-10-16 07:07:37,994] {dagbag.py:500} INFO - Filling up the DagBag from /home/airflow/.local/lib/python3.7/site-packages/airflow/example_dags/tutorial.py
[2022-10-16 07:07:38,016] {processor.py:654} INFO - DAG(s) dict_keys(['tutorial']) retrieved from /home/airflow/.local/lib/python3.7/site-packages/airflow/example_dags/tutorial.py
[2022-10-16 07:07:38,023] {logging_mixin.py:109} INFO - [2022-10-16 07:07:38,023] {dag.py:2398} INFO - Sync 1 DAGs
[2022-10-16 07:07:38,037] {logging_mixin.py:109} INFO - [2022-10-16 07:07:38,037] {dag.py:2937} INFO - Setting next_dagrun for tutorial to 2022-10-15T07:07:38.037039+00:00
[2022-10-16 07:07:38,052] {processor.py:171} INFO - Processing /home/airflow/.local/lib/python3.7/site-packages/airflow/example_dags/tutorial.py took 0.061 seconds
[2022-10-16 07:08:08,339] {processor.py:163} INFO - Started process (PID=3326) to work on /home/airflow/.local/lib/python3.7/site-packages/airflow/example_dags/tutorial.py
[2022-10-16 07:08:08,340] {processor.py:642} INFO - Processing file /home/airflow/.local/lib/python3.7/site-packages/airflow/example_dags/tutorial.py for tasks to queue
[2022-10-16 07:08:08,340] {logging_mixin.py:109} INFO - [2022-10-16 07:08:08,340] {dagbag.py:500} INFO - Filling up the DagBag from /home/airflow/.local/lib/python3.7/site-packages/airflow/example_dags/tutorial.py
[2022-10-16 07:08:08,360] {processor.py:654} INFO - DAG(s) dict_keys(['tutorial']) retrieved from /home/airflow/.local/lib/python3.7/site-packages/airflow/example_dags/tutorial.py
[2022-10-16 07:08:08,366] {logging_mixin.py:109} INFO - [2022-10-16 07:08:08,366] {dag.py:2398} INFO - Sync 1 DAGs
[2022-10-16 07:08:08,376] {logging_mixin.py:109} INFO - [2022-10-16 07:08:08,376] {dag.py:2937} INFO - Setting next_dagrun for tutorial to 2022-10-15T07:08:08.375820+00:00
[2022-10-16 07:08:08,388] {processor.py:171} INFO - Processing /home/airflow/.local/lib/python3.7/site-packages/airflow/example_dags/tutorial.py took 0.051 seconds
[2022-10-16 07:08:38,529] {processor.py:163} INFO - Started process (PID=3395) to work on /home/airflow/.local/lib/python3.7/site-packages/airflow/example_dags/tutorial.py
[2022-10-16 07:08:38,530] {processor.py:642} INFO - Processing file /home/airflow/.local/lib/python3.7/site-packages/airflow/example_dags/tutorial.py for tasks to queue
[2022-10-16 07:08:38,531] {logging_mixin.py:109} INFO - [2022-10-16 07:08:38,531] {dagbag.py:500} INFO - Filling up the DagBag from /home/airflow/.local/lib/python3.7/site-packages/airflow/example_dags/tutorial.py
[2022-10-16 07:08:38,553] {processor.py:654} INFO - DAG(s) dict_keys(['tutorial']) retrieved from /home/airflow/.local/lib/python3.7/site-packages/airflow/example_dags/tutorial.py
[2022-10-16 07:08:38,559] {logging_mixin.py:109} INFO - [2022-10-16 07:08:38,559] {dag.py:2398} INFO - Sync 1 DAGs
[2022-10-16 07:08:38,572] {logging_mixin.py:109} INFO - [2022-10-16 07:08:38,572] {dag.py:2937} INFO - Setting next_dagrun for tutorial to 2022-10-15T07:08:38.572156+00:00
[2022-10-16 07:08:38,586] {processor.py:171} INFO - Processing /home/airflow/.local/lib/python3.7/site-packages/airflow/example_dags/tutorial.py took 0.058 seconds
[2022-10-16 07:09:08,615] {processor.py:163} INFO - Started process (PID=3462) to work on /home/airflow/.local/lib/python3.7/site-packages/airflow/example_dags/tutorial.py
[2022-10-16 07:09:08,616] {processor.py:642} INFO - Processing file /home/airflow/.local/lib/python3.7/site-packages/airflow/example_dags/tutorial.py for tasks to queue
[2022-10-16 07:09:08,616] {logging_mixin.py:109} INFO - [2022-10-16 07:09:08,616] {dagbag.py:500} INFO - Filling up the DagBag from /home/airflow/.local/lib/python3.7/site-packages/airflow/example_dags/tutorial.py
[2022-10-16 07:09:08,638] {processor.py:654} INFO - DAG(s) dict_keys(['tutorial']) retrieved from /home/airflow/.local/lib/python3.7/site-packages/airflow/example_dags/tutorial.py
[2022-10-16 07:09:08,648] {logging_mixin.py:109} INFO - [2022-10-16 07:09:08,648] {dag.py:2398} INFO - Sync 1 DAGs
[2022-10-16 07:09:08,663] {logging_mixin.py:109} INFO - [2022-10-16 07:09:08,662] {dag.py:2937} INFO - Setting next_dagrun for tutorial to 2022-10-15T07:09:08.662804+00:00
[2022-10-16 07:09:08,674] {processor.py:171} INFO - Processing /home/airflow/.local/lib/python3.7/site-packages/airflow/example_dags/tutorial.py took 0.061 seconds
[2022-10-16 07:09:39,522] {processor.py:163} INFO - Started process (PID=3535) to work on /home/airflow/.local/lib/python3.7/site-packages/airflow/example_dags/tutorial.py
[2022-10-16 07:09:39,522] {processor.py:642} INFO - Processing file /home/airflow/.local/lib/python3.7/site-packages/airflow/example_dags/tutorial.py for tasks to queue
[2022-10-16 07:09:39,523] {logging_mixin.py:109} INFO - [2022-10-16 07:09:39,523] {dagbag.py:500} INFO - Filling up the DagBag from /home/airflow/.local/lib/python3.7/site-packages/airflow/example_dags/tutorial.py
[2022-10-16 07:09:39,546] {processor.py:654} INFO - DAG(s) dict_keys(['tutorial']) retrieved from /home/airflow/.local/lib/python3.7/site-packages/airflow/example_dags/tutorial.py
[2022-10-16 07:09:39,553] {logging_mixin.py:109} INFO - [2022-10-16 07:09:39,553] {dag.py:2398} INFO - Sync 1 DAGs
[2022-10-16 07:09:39,565] {logging_mixin.py:109} INFO - [2022-10-16 07:09:39,565] {dag.py:2937} INFO - Setting next_dagrun for tutorial to 2022-10-15T07:09:39.565578+00:00
[2022-10-16 07:09:39,575] {processor.py:171} INFO - Processing /home/airflow/.local/lib/python3.7/site-packages/airflow/example_dags/tutorial.py took 0.055 seconds
[2022-10-16 07:10:09,693] {processor.py:163} INFO - Started process (PID=3597) to work on /home/airflow/.local/lib/python3.7/site-packages/airflow/example_dags/tutorial.py
[2022-10-16 07:10:09,694] {processor.py:642} INFO - Processing file /home/airflow/.local/lib/python3.7/site-packages/airflow/example_dags/tutorial.py for tasks to queue
[2022-10-16 07:10:09,694] {logging_mixin.py:109} INFO - [2022-10-16 07:10:09,694] {dagbag.py:500} INFO - Filling up the DagBag from /home/airflow/.local/lib/python3.7/site-packages/airflow/example_dags/tutorial.py
[2022-10-16 07:10:09,715] {processor.py:654} INFO - DAG(s) dict_keys(['tutorial']) retrieved from /home/airflow/.local/lib/python3.7/site-packages/airflow/example_dags/tutorial.py
[2022-10-16 07:10:09,722] {logging_mixin.py:109} INFO - [2022-10-16 07:10:09,721] {dag.py:2398} INFO - Sync 1 DAGs
[2022-10-16 07:10:09,732] {logging_mixin.py:109} INFO - [2022-10-16 07:10:09,732] {dag.py:2937} INFO - Setting next_dagrun for tutorial to 2022-10-15T07:10:09.732159+00:00
[2022-10-16 07:10:09,750] {processor.py:171} INFO - Processing /home/airflow/.local/lib/python3.7/site-packages/airflow/example_dags/tutorial.py took 0.059 seconds
[2022-10-16 07:10:39,936] {processor.py:163} INFO - Started process (PID=3671) to work on /home/airflow/.local/lib/python3.7/site-packages/airflow/example_dags/tutorial.py
[2022-10-16 07:10:39,937] {processor.py:642} INFO - Processing file /home/airflow/.local/lib/python3.7/site-packages/airflow/example_dags/tutorial.py for tasks to queue
[2022-10-16 07:10:39,937] {logging_mixin.py:109} INFO - [2022-10-16 07:10:39,937] {dagbag.py:500} INFO - Filling up the DagBag from /home/airflow/.local/lib/python3.7/site-packages/airflow/example_dags/tutorial.py
[2022-10-16 07:10:39,960] {processor.py:654} INFO - DAG(s) dict_keys(['tutorial']) retrieved from /home/airflow/.local/lib/python3.7/site-packages/airflow/example_dags/tutorial.py
[2022-10-16 07:10:39,968] {logging_mixin.py:109} INFO - [2022-10-16 07:10:39,968] {dag.py:2398} INFO - Sync 1 DAGs
[2022-10-16 07:10:39,982] {logging_mixin.py:109} INFO - [2022-10-16 07:10:39,982] {dag.py:2937} INFO - Setting next_dagrun for tutorial to 2022-10-15T07:10:39.982577+00:00
[2022-10-16 07:10:39,998] {processor.py:171} INFO - Processing /home/airflow/.local/lib/python3.7/site-packages/airflow/example_dags/tutorial.py took 0.065 seconds
[2022-10-16 07:11:10,338] {processor.py:163} INFO - Started process (PID=3738) to work on /home/airflow/.local/lib/python3.7/site-packages/airflow/example_dags/tutorial.py
[2022-10-16 07:11:10,339] {processor.py:642} INFO - Processing file /home/airflow/.local/lib/python3.7/site-packages/airflow/example_dags/tutorial.py for tasks to queue
[2022-10-16 07:11:10,339] {logging_mixin.py:109} INFO - [2022-10-16 07:11:10,339] {dagbag.py:500} INFO - Filling up the DagBag from /home/airflow/.local/lib/python3.7/site-packages/airflow/example_dags/tutorial.py
[2022-10-16 07:11:10,359] {processor.py:654} INFO - DAG(s) dict_keys(['tutorial']) retrieved from /home/airflow/.local/lib/python3.7/site-packages/airflow/example_dags/tutorial.py
[2022-10-16 07:11:10,365] {logging_mixin.py:109} INFO - [2022-10-16 07:11:10,365] {dag.py:2398} INFO - Sync 1 DAGs
[2022-10-16 07:11:10,375] {logging_mixin.py:109} INFO - [2022-10-16 07:11:10,375] {dag.py:2937} INFO - Setting next_dagrun for tutorial to 2022-10-15T07:11:10.375092+00:00
[2022-10-16 07:11:10,382] {processor.py:171} INFO - Processing /home/airflow/.local/lib/python3.7/site-packages/airflow/example_dags/tutorial.py took 0.046 seconds
[2022-10-16 07:11:40,470] {processor.py:163} INFO - Started process (PID=3802) to work on /home/airflow/.local/lib/python3.7/site-packages/airflow/example_dags/tutorial.py
[2022-10-16 07:11:40,470] {processor.py:642} INFO - Processing file /home/airflow/.local/lib/python3.7/site-packages/airflow/example_dags/tutorial.py for tasks to queue
[2022-10-16 07:11:40,471] {logging_mixin.py:109} INFO - [2022-10-16 07:11:40,471] {dagbag.py:500} INFO - Filling up the DagBag from /home/airflow/.local/lib/python3.7/site-packages/airflow/example_dags/tutorial.py
[2022-10-16 07:11:40,492] {processor.py:654} INFO - DAG(s) dict_keys(['tutorial']) retrieved from /home/airflow/.local/lib/python3.7/site-packages/airflow/example_dags/tutorial.py
[2022-10-16 07:11:40,499] {logging_mixin.py:109} INFO - [2022-10-16 07:11:40,499] {dag.py:2398} INFO - Sync 1 DAGs
[2022-10-16 07:11:40,509] {logging_mixin.py:109} INFO - [2022-10-16 07:11:40,509] {dag.py:2937} INFO - Setting next_dagrun for tutorial to 2022-10-15T07:11:40.509359+00:00
[2022-10-16 07:11:40,522] {processor.py:171} INFO - Processing /home/airflow/.local/lib/python3.7/site-packages/airflow/example_dags/tutorial.py took 0.055 seconds
[2022-10-16 07:12:10,675] {processor.py:163} INFO - Started process (PID=3874) to work on /home/airflow/.local/lib/python3.7/site-packages/airflow/example_dags/tutorial.py
[2022-10-16 07:12:10,676] {processor.py:642} INFO - Processing file /home/airflow/.local/lib/python3.7/site-packages/airflow/example_dags/tutorial.py for tasks to queue
[2022-10-16 07:12:10,676] {logging_mixin.py:109} INFO - [2022-10-16 07:12:10,676] {dagbag.py:500} INFO - Filling up the DagBag from /home/airflow/.local/lib/python3.7/site-packages/airflow/example_dags/tutorial.py
[2022-10-16 07:12:10,697] {processor.py:654} INFO - DAG(s) dict_keys(['tutorial']) retrieved from /home/airflow/.local/lib/python3.7/site-packages/airflow/example_dags/tutorial.py
[2022-10-16 07:12:10,703] {logging_mixin.py:109} INFO - [2022-10-16 07:12:10,703] {dag.py:2398} INFO - Sync 1 DAGs
[2022-10-16 07:12:10,714] {logging_mixin.py:109} INFO - [2022-10-16 07:12:10,714] {dag.py:2937} INFO - Setting next_dagrun for tutorial to 2022-10-15T07:12:10.714724+00:00
[2022-10-16 07:12:10,728] {processor.py:171} INFO - Processing /home/airflow/.local/lib/python3.7/site-packages/airflow/example_dags/tutorial.py took 0.055 seconds
[2022-10-16 07:12:40,863] {processor.py:163} INFO - Started process (PID=3936) to work on /home/airflow/.local/lib/python3.7/site-packages/airflow/example_dags/tutorial.py
[2022-10-16 07:12:40,864] {processor.py:642} INFO - Processing file /home/airflow/.local/lib/python3.7/site-packages/airflow/example_dags/tutorial.py for tasks to queue
[2022-10-16 07:12:40,864] {logging_mixin.py:109} INFO - [2022-10-16 07:12:40,864] {dagbag.py:500} INFO - Filling up the DagBag from /home/airflow/.local/lib/python3.7/site-packages/airflow/example_dags/tutorial.py
[2022-10-16 07:12:40,884] {processor.py:654} INFO - DAG(s) dict_keys(['tutorial']) retrieved from /home/airflow/.local/lib/python3.7/site-packages/airflow/example_dags/tutorial.py
[2022-10-16 07:12:40,890] {logging_mixin.py:109} INFO - [2022-10-16 07:12:40,890] {dag.py:2398} INFO - Sync 1 DAGs
[2022-10-16 07:12:40,900] {logging_mixin.py:109} INFO - [2022-10-16 07:12:40,900] {dag.py:2937} INFO - Setting next_dagrun for tutorial to 2022-10-15T07:12:40.900113+00:00
[2022-10-16 07:12:40,913] {processor.py:171} INFO - Processing /home/airflow/.local/lib/python3.7/site-packages/airflow/example_dags/tutorial.py took 0.052 seconds
[2022-10-16 07:13:10,951] {processor.py:163} INFO - Started process (PID=4007) to work on /home/airflow/.local/lib/python3.7/site-packages/airflow/example_dags/tutorial.py
[2022-10-16 07:13:10,952] {processor.py:642} INFO - Processing file /home/airflow/.local/lib/python3.7/site-packages/airflow/example_dags/tutorial.py for tasks to queue
[2022-10-16 07:13:10,952] {logging_mixin.py:109} INFO - [2022-10-16 07:13:10,952] {dagbag.py:500} INFO - Filling up the DagBag from /home/airflow/.local/lib/python3.7/site-packages/airflow/example_dags/tutorial.py
[2022-10-16 07:13:10,973] {processor.py:654} INFO - DAG(s) dict_keys(['tutorial']) retrieved from /home/airflow/.local/lib/python3.7/site-packages/airflow/example_dags/tutorial.py
[2022-10-16 07:13:10,980] {logging_mixin.py:109} INFO - [2022-10-16 07:13:10,980] {dag.py:2398} INFO - Sync 1 DAGs
[2022-10-16 07:13:10,991] {logging_mixin.py:109} INFO - [2022-10-16 07:13:10,991] {dag.py:2937} INFO - Setting next_dagrun for tutorial to 2022-10-15T07:13:10.991138+00:00
[2022-10-16 07:13:11,006] {processor.py:171} INFO - Processing /home/airflow/.local/lib/python3.7/site-packages/airflow/example_dags/tutorial.py took 0.057 seconds
[2022-10-16 07:13:41,541] {processor.py:163} INFO - Started process (PID=4070) to work on /home/airflow/.local/lib/python3.7/site-packages/airflow/example_dags/tutorial.py
[2022-10-16 07:13:41,541] {processor.py:642} INFO - Processing file /home/airflow/.local/lib/python3.7/site-packages/airflow/example_dags/tutorial.py for tasks to queue
[2022-10-16 07:13:41,542] {logging_mixin.py:109} INFO - [2022-10-16 07:13:41,542] {dagbag.py:500} INFO - Filling up the DagBag from /home/airflow/.local/lib/python3.7/site-packages/airflow/example_dags/tutorial.py
[2022-10-16 07:13:41,561] {processor.py:654} INFO - DAG(s) dict_keys(['tutorial']) retrieved from /home/airflow/.local/lib/python3.7/site-packages/airflow/example_dags/tutorial.py
[2022-10-16 07:13:41,567] {logging_mixin.py:109} INFO - [2022-10-16 07:13:41,567] {dag.py:2398} INFO - Sync 1 DAGs
[2022-10-16 07:13:41,577] {logging_mixin.py:109} INFO - [2022-10-16 07:13:41,577] {dag.py:2937} INFO - Setting next_dagrun for tutorial to 2022-10-15T07:13:41.577604+00:00
[2022-10-16 07:13:41,590] {processor.py:171} INFO - Processing /home/airflow/.local/lib/python3.7/site-packages/airflow/example_dags/tutorial.py took 0.051 seconds
[2022-10-16 07:14:11,707] {processor.py:163} INFO - Started process (PID=4142) to work on /home/airflow/.local/lib/python3.7/site-packages/airflow/example_dags/tutorial.py
[2022-10-16 07:14:11,708] {processor.py:642} INFO - Processing file /home/airflow/.local/lib/python3.7/site-packages/airflow/example_dags/tutorial.py for tasks to queue
[2022-10-16 07:14:11,708] {logging_mixin.py:109} INFO - [2022-10-16 07:14:11,708] {dagbag.py:500} INFO - Filling up the DagBag from /home/airflow/.local/lib/python3.7/site-packages/airflow/example_dags/tutorial.py
[2022-10-16 07:14:11,730] {processor.py:654} INFO - DAG(s) dict_keys(['tutorial']) retrieved from /home/airflow/.local/lib/python3.7/site-packages/airflow/example_dags/tutorial.py
[2022-10-16 07:14:11,736] {logging_mixin.py:109} INFO - [2022-10-16 07:14:11,735] {dag.py:2398} INFO - Sync 1 DAGs
[2022-10-16 07:14:11,746] {logging_mixin.py:109} INFO - [2022-10-16 07:14:11,746] {dag.py:2937} INFO - Setting next_dagrun for tutorial to 2022-10-15T07:14:11.746123+00:00
[2022-10-16 07:14:11,753] {processor.py:171} INFO - Processing /home/airflow/.local/lib/python3.7/site-packages/airflow/example_dags/tutorial.py took 0.048 seconds
[2022-10-16 07:14:42,196] {processor.py:163} INFO - Started process (PID=4205) to work on /home/airflow/.local/lib/python3.7/site-packages/airflow/example_dags/tutorial.py
[2022-10-16 07:14:42,197] {processor.py:642} INFO - Processing file /home/airflow/.local/lib/python3.7/site-packages/airflow/example_dags/tutorial.py for tasks to queue
[2022-10-16 07:14:42,198] {logging_mixin.py:109} INFO - [2022-10-16 07:14:42,198] {dagbag.py:500} INFO - Filling up the DagBag from /home/airflow/.local/lib/python3.7/site-packages/airflow/example_dags/tutorial.py
[2022-10-16 07:14:42,219] {processor.py:654} INFO - DAG(s) dict_keys(['tutorial']) retrieved from /home/airflow/.local/lib/python3.7/site-packages/airflow/example_dags/tutorial.py
[2022-10-16 07:14:42,226] {logging_mixin.py:109} INFO - [2022-10-16 07:14:42,226] {dag.py:2398} INFO - Sync 1 DAGs
[2022-10-16 07:14:42,236] {logging_mixin.py:109} INFO - [2022-10-16 07:14:42,236] {dag.py:2937} INFO - Setting next_dagrun for tutorial to 2022-10-15T07:14:42.236331+00:00
[2022-10-16 07:14:42,255] {processor.py:171} INFO - Processing /home/airflow/.local/lib/python3.7/site-packages/airflow/example_dags/tutorial.py took 0.061 seconds
