[2022-10-16 06:43:23,359] {processor.py:163} INFO - Started process (PID=70) to work on /home/airflow/.local/lib/python3.7/site-packages/airflow/example_dags/tutorial_taskflow_api_etl.py
[2022-10-16 06:43:23,360] {processor.py:642} INFO - Processing file /home/airflow/.local/lib/python3.7/site-packages/airflow/example_dags/tutorial_taskflow_api_etl.py for tasks to queue
[2022-10-16 06:43:23,360] {logging_mixin.py:109} INFO - [2022-10-16 06:43:23,360] {dagbag.py:500} INFO - Filling up the DagBag from /home/airflow/.local/lib/python3.7/site-packages/airflow/example_dags/tutorial_taskflow_api_etl.py
[2022-10-16 06:43:23,384] {processor.py:654} INFO - DAG(s) dict_keys(['tutorial_taskflow_api_etl']) retrieved from /home/airflow/.local/lib/python3.7/site-packages/airflow/example_dags/tutorial_taskflow_api_etl.py
[2022-10-16 06:43:23,534] {logging_mixin.py:109} INFO - [2022-10-16 06:43:23,534] {dag.py:2398} INFO - Sync 1 DAGs
[2022-10-16 06:43:23,545] {logging_mixin.py:109} INFO - [2022-10-16 06:43:23,545] {dag.py:2937} INFO - Setting next_dagrun for tutorial_taskflow_api_etl to None
[2022-10-16 06:43:23,559] {processor.py:171} INFO - Processing /home/airflow/.local/lib/python3.7/site-packages/airflow/example_dags/tutorial_taskflow_api_etl.py took 0.202 seconds
[2022-10-16 06:43:54,098] {processor.py:163} INFO - Started process (PID=141) to work on /home/airflow/.local/lib/python3.7/site-packages/airflow/example_dags/tutorial_taskflow_api_etl.py
[2022-10-16 06:43:54,099] {processor.py:642} INFO - Processing file /home/airflow/.local/lib/python3.7/site-packages/airflow/example_dags/tutorial_taskflow_api_etl.py for tasks to queue
[2022-10-16 06:43:54,099] {logging_mixin.py:109} INFO - [2022-10-16 06:43:54,099] {dagbag.py:500} INFO - Filling up the DagBag from /home/airflow/.local/lib/python3.7/site-packages/airflow/example_dags/tutorial_taskflow_api_etl.py
[2022-10-16 06:43:54,122] {processor.py:654} INFO - DAG(s) dict_keys(['tutorial_taskflow_api_etl']) retrieved from /home/airflow/.local/lib/python3.7/site-packages/airflow/example_dags/tutorial_taskflow_api_etl.py
[2022-10-16 06:43:54,270] {logging_mixin.py:109} INFO - [2022-10-16 06:43:54,270] {dag.py:2398} INFO - Sync 1 DAGs
[2022-10-16 06:43:54,281] {logging_mixin.py:109} INFO - [2022-10-16 06:43:54,280] {dag.py:2937} INFO - Setting next_dagrun for tutorial_taskflow_api_etl to None
[2022-10-16 06:43:54,289] {processor.py:171} INFO - Processing /home/airflow/.local/lib/python3.7/site-packages/airflow/example_dags/tutorial_taskflow_api_etl.py took 0.193 seconds
[2022-10-16 06:44:25,179] {processor.py:163} INFO - Started process (PID=205) to work on /home/airflow/.local/lib/python3.7/site-packages/airflow/example_dags/tutorial_taskflow_api_etl.py
[2022-10-16 06:44:25,180] {processor.py:642} INFO - Processing file /home/airflow/.local/lib/python3.7/site-packages/airflow/example_dags/tutorial_taskflow_api_etl.py for tasks to queue
[2022-10-16 06:44:25,180] {logging_mixin.py:109} INFO - [2022-10-16 06:44:25,180] {dagbag.py:500} INFO - Filling up the DagBag from /home/airflow/.local/lib/python3.7/site-packages/airflow/example_dags/tutorial_taskflow_api_etl.py
[2022-10-16 06:44:25,204] {processor.py:654} INFO - DAG(s) dict_keys(['tutorial_taskflow_api_etl']) retrieved from /home/airflow/.local/lib/python3.7/site-packages/airflow/example_dags/tutorial_taskflow_api_etl.py
[2022-10-16 06:44:25,345] {logging_mixin.py:109} INFO - [2022-10-16 06:44:25,345] {dag.py:2398} INFO - Sync 1 DAGs
[2022-10-16 06:44:25,355] {logging_mixin.py:109} INFO - [2022-10-16 06:44:25,355] {dag.py:2937} INFO - Setting next_dagrun for tutorial_taskflow_api_etl to None
[2022-10-16 06:44:25,367] {processor.py:171} INFO - Processing /home/airflow/.local/lib/python3.7/site-packages/airflow/example_dags/tutorial_taskflow_api_etl.py took 0.190 seconds
[2022-10-16 06:44:56,428] {processor.py:163} INFO - Started process (PID=275) to work on /home/airflow/.local/lib/python3.7/site-packages/airflow/example_dags/tutorial_taskflow_api_etl.py
[2022-10-16 06:44:56,429] {processor.py:642} INFO - Processing file /home/airflow/.local/lib/python3.7/site-packages/airflow/example_dags/tutorial_taskflow_api_etl.py for tasks to queue
[2022-10-16 06:44:56,429] {logging_mixin.py:109} INFO - [2022-10-16 06:44:56,429] {dagbag.py:500} INFO - Filling up the DagBag from /home/airflow/.local/lib/python3.7/site-packages/airflow/example_dags/tutorial_taskflow_api_etl.py
[2022-10-16 06:44:56,455] {processor.py:654} INFO - DAG(s) dict_keys(['tutorial_taskflow_api_etl']) retrieved from /home/airflow/.local/lib/python3.7/site-packages/airflow/example_dags/tutorial_taskflow_api_etl.py
[2022-10-16 06:44:56,614] {logging_mixin.py:109} INFO - [2022-10-16 06:44:56,614] {dag.py:2398} INFO - Sync 1 DAGs
[2022-10-16 06:44:56,625] {logging_mixin.py:109} INFO - [2022-10-16 06:44:56,625] {dag.py:2937} INFO - Setting next_dagrun for tutorial_taskflow_api_etl to None
[2022-10-16 06:44:56,634] {processor.py:171} INFO - Processing /home/airflow/.local/lib/python3.7/site-packages/airflow/example_dags/tutorial_taskflow_api_etl.py took 0.208 seconds
[2022-10-16 06:45:27,329] {processor.py:163} INFO - Started process (PID=337) to work on /home/airflow/.local/lib/python3.7/site-packages/airflow/example_dags/tutorial_taskflow_api_etl.py
[2022-10-16 06:45:27,330] {processor.py:642} INFO - Processing file /home/airflow/.local/lib/python3.7/site-packages/airflow/example_dags/tutorial_taskflow_api_etl.py for tasks to queue
[2022-10-16 06:45:27,331] {logging_mixin.py:109} INFO - [2022-10-16 06:45:27,330] {dagbag.py:500} INFO - Filling up the DagBag from /home/airflow/.local/lib/python3.7/site-packages/airflow/example_dags/tutorial_taskflow_api_etl.py
[2022-10-16 06:45:27,353] {processor.py:654} INFO - DAG(s) dict_keys(['tutorial_taskflow_api_etl']) retrieved from /home/airflow/.local/lib/python3.7/site-packages/airflow/example_dags/tutorial_taskflow_api_etl.py
[2022-10-16 06:45:27,489] {logging_mixin.py:109} INFO - [2022-10-16 06:45:27,489] {dag.py:2398} INFO - Sync 1 DAGs
[2022-10-16 06:45:27,499] {logging_mixin.py:109} INFO - [2022-10-16 06:45:27,499] {dag.py:2937} INFO - Setting next_dagrun for tutorial_taskflow_api_etl to None
[2022-10-16 06:45:27,513] {processor.py:171} INFO - Processing /home/airflow/.local/lib/python3.7/site-packages/airflow/example_dags/tutorial_taskflow_api_etl.py took 0.186 seconds
[2022-10-16 06:45:58,419] {processor.py:163} INFO - Started process (PID=408) to work on /home/airflow/.local/lib/python3.7/site-packages/airflow/example_dags/tutorial_taskflow_api_etl.py
[2022-10-16 06:45:58,419] {processor.py:642} INFO - Processing file /home/airflow/.local/lib/python3.7/site-packages/airflow/example_dags/tutorial_taskflow_api_etl.py for tasks to queue
[2022-10-16 06:45:58,420] {logging_mixin.py:109} INFO - [2022-10-16 06:45:58,420] {dagbag.py:500} INFO - Filling up the DagBag from /home/airflow/.local/lib/python3.7/site-packages/airflow/example_dags/tutorial_taskflow_api_etl.py
[2022-10-16 06:45:58,443] {processor.py:654} INFO - DAG(s) dict_keys(['tutorial_taskflow_api_etl']) retrieved from /home/airflow/.local/lib/python3.7/site-packages/airflow/example_dags/tutorial_taskflow_api_etl.py
[2022-10-16 06:45:58,596] {logging_mixin.py:109} INFO - [2022-10-16 06:45:58,595] {dag.py:2398} INFO - Sync 1 DAGs
[2022-10-16 06:45:58,608] {logging_mixin.py:109} INFO - [2022-10-16 06:45:58,608] {dag.py:2937} INFO - Setting next_dagrun for tutorial_taskflow_api_etl to None
[2022-10-16 06:45:58,623] {processor.py:171} INFO - Processing /home/airflow/.local/lib/python3.7/site-packages/airflow/example_dags/tutorial_taskflow_api_etl.py took 0.206 seconds
[2022-10-16 06:46:29,600] {processor.py:163} INFO - Started process (PID=470) to work on /home/airflow/.local/lib/python3.7/site-packages/airflow/example_dags/tutorial_taskflow_api_etl.py
[2022-10-16 06:46:29,604] {processor.py:642} INFO - Processing file /home/airflow/.local/lib/python3.7/site-packages/airflow/example_dags/tutorial_taskflow_api_etl.py for tasks to queue
[2022-10-16 06:46:29,604] {logging_mixin.py:109} INFO - [2022-10-16 06:46:29,604] {dagbag.py:500} INFO - Filling up the DagBag from /home/airflow/.local/lib/python3.7/site-packages/airflow/example_dags/tutorial_taskflow_api_etl.py
[2022-10-16 06:46:29,627] {processor.py:654} INFO - DAG(s) dict_keys(['tutorial_taskflow_api_etl']) retrieved from /home/airflow/.local/lib/python3.7/site-packages/airflow/example_dags/tutorial_taskflow_api_etl.py
[2022-10-16 06:46:29,764] {logging_mixin.py:109} INFO - [2022-10-16 06:46:29,763] {dag.py:2398} INFO - Sync 1 DAGs
[2022-10-16 06:46:29,774] {logging_mixin.py:109} INFO - [2022-10-16 06:46:29,774] {dag.py:2937} INFO - Setting next_dagrun for tutorial_taskflow_api_etl to None
[2022-10-16 06:46:29,788] {processor.py:171} INFO - Processing /home/airflow/.local/lib/python3.7/site-packages/airflow/example_dags/tutorial_taskflow_api_etl.py took 0.190 seconds
[2022-10-16 06:47:00,683] {processor.py:163} INFO - Started process (PID=541) to work on /home/airflow/.local/lib/python3.7/site-packages/airflow/example_dags/tutorial_taskflow_api_etl.py
[2022-10-16 06:47:00,684] {processor.py:642} INFO - Processing file /home/airflow/.local/lib/python3.7/site-packages/airflow/example_dags/tutorial_taskflow_api_etl.py for tasks to queue
[2022-10-16 06:47:00,684] {logging_mixin.py:109} INFO - [2022-10-16 06:47:00,684] {dagbag.py:500} INFO - Filling up the DagBag from /home/airflow/.local/lib/python3.7/site-packages/airflow/example_dags/tutorial_taskflow_api_etl.py
[2022-10-16 06:47:00,707] {processor.py:654} INFO - DAG(s) dict_keys(['tutorial_taskflow_api_etl']) retrieved from /home/airflow/.local/lib/python3.7/site-packages/airflow/example_dags/tutorial_taskflow_api_etl.py
[2022-10-16 06:47:00,845] {logging_mixin.py:109} INFO - [2022-10-16 06:47:00,845] {dag.py:2398} INFO - Sync 1 DAGs
[2022-10-16 06:47:00,855] {logging_mixin.py:109} INFO - [2022-10-16 06:47:00,855] {dag.py:2937} INFO - Setting next_dagrun for tutorial_taskflow_api_etl to None
[2022-10-16 06:47:00,871] {processor.py:171} INFO - Processing /home/airflow/.local/lib/python3.7/site-packages/airflow/example_dags/tutorial_taskflow_api_etl.py took 0.190 seconds
[2022-10-16 06:47:31,540] {processor.py:163} INFO - Started process (PID=604) to work on /home/airflow/.local/lib/python3.7/site-packages/airflow/example_dags/tutorial_taskflow_api_etl.py
[2022-10-16 06:47:31,541] {processor.py:642} INFO - Processing file /home/airflow/.local/lib/python3.7/site-packages/airflow/example_dags/tutorial_taskflow_api_etl.py for tasks to queue
[2022-10-16 06:47:31,541] {logging_mixin.py:109} INFO - [2022-10-16 06:47:31,541] {dagbag.py:500} INFO - Filling up the DagBag from /home/airflow/.local/lib/python3.7/site-packages/airflow/example_dags/tutorial_taskflow_api_etl.py
[2022-10-16 06:47:31,564] {processor.py:654} INFO - DAG(s) dict_keys(['tutorial_taskflow_api_etl']) retrieved from /home/airflow/.local/lib/python3.7/site-packages/airflow/example_dags/tutorial_taskflow_api_etl.py
[2022-10-16 06:47:31,700] {logging_mixin.py:109} INFO - [2022-10-16 06:47:31,699] {dag.py:2398} INFO - Sync 1 DAGs
[2022-10-16 06:47:31,710] {logging_mixin.py:109} INFO - [2022-10-16 06:47:31,710] {dag.py:2937} INFO - Setting next_dagrun for tutorial_taskflow_api_etl to None
[2022-10-16 06:47:31,731] {processor.py:171} INFO - Processing /home/airflow/.local/lib/python3.7/site-packages/airflow/example_dags/tutorial_taskflow_api_etl.py took 0.193 seconds
[2022-10-16 06:48:02,619] {processor.py:163} INFO - Started process (PID=667) to work on /home/airflow/.local/lib/python3.7/site-packages/airflow/example_dags/tutorial_taskflow_api_etl.py
[2022-10-16 06:48:02,620] {processor.py:642} INFO - Processing file /home/airflow/.local/lib/python3.7/site-packages/airflow/example_dags/tutorial_taskflow_api_etl.py for tasks to queue
[2022-10-16 06:48:02,620] {logging_mixin.py:109} INFO - [2022-10-16 06:48:02,620] {dagbag.py:500} INFO - Filling up the DagBag from /home/airflow/.local/lib/python3.7/site-packages/airflow/example_dags/tutorial_taskflow_api_etl.py
[2022-10-16 06:48:02,648] {processor.py:654} INFO - DAG(s) dict_keys(['tutorial_taskflow_api_etl']) retrieved from /home/airflow/.local/lib/python3.7/site-packages/airflow/example_dags/tutorial_taskflow_api_etl.py
[2022-10-16 06:48:02,829] {logging_mixin.py:109} INFO - [2022-10-16 06:48:02,829] {dag.py:2398} INFO - Sync 1 DAGs
[2022-10-16 06:48:02,839] {logging_mixin.py:109} INFO - [2022-10-16 06:48:02,839] {dag.py:2937} INFO - Setting next_dagrun for tutorial_taskflow_api_etl to None
[2022-10-16 06:48:02,853] {processor.py:171} INFO - Processing /home/airflow/.local/lib/python3.7/site-packages/airflow/example_dags/tutorial_taskflow_api_etl.py took 0.236 seconds
[2022-10-16 06:48:33,689] {processor.py:163} INFO - Started process (PID=738) to work on /home/airflow/.local/lib/python3.7/site-packages/airflow/example_dags/tutorial_taskflow_api_etl.py
[2022-10-16 06:48:33,690] {processor.py:642} INFO - Processing file /home/airflow/.local/lib/python3.7/site-packages/airflow/example_dags/tutorial_taskflow_api_etl.py for tasks to queue
[2022-10-16 06:48:33,690] {logging_mixin.py:109} INFO - [2022-10-16 06:48:33,690] {dagbag.py:500} INFO - Filling up the DagBag from /home/airflow/.local/lib/python3.7/site-packages/airflow/example_dags/tutorial_taskflow_api_etl.py
[2022-10-16 06:48:33,717] {processor.py:654} INFO - DAG(s) dict_keys(['tutorial_taskflow_api_etl']) retrieved from /home/airflow/.local/lib/python3.7/site-packages/airflow/example_dags/tutorial_taskflow_api_etl.py
[2022-10-16 06:48:33,891] {logging_mixin.py:109} INFO - [2022-10-16 06:48:33,890] {dag.py:2398} INFO - Sync 1 DAGs
[2022-10-16 06:48:33,903] {logging_mixin.py:109} INFO - [2022-10-16 06:48:33,902] {dag.py:2937} INFO - Setting next_dagrun for tutorial_taskflow_api_etl to None
[2022-10-16 06:48:33,919] {processor.py:171} INFO - Processing /home/airflow/.local/lib/python3.7/site-packages/airflow/example_dags/tutorial_taskflow_api_etl.py took 0.232 seconds
[2022-10-16 06:49:03,980] {processor.py:163} INFO - Started process (PID=799) to work on /home/airflow/.local/lib/python3.7/site-packages/airflow/example_dags/tutorial_taskflow_api_etl.py
[2022-10-16 06:49:03,981] {processor.py:642} INFO - Processing file /home/airflow/.local/lib/python3.7/site-packages/airflow/example_dags/tutorial_taskflow_api_etl.py for tasks to queue
[2022-10-16 06:49:03,982] {logging_mixin.py:109} INFO - [2022-10-16 06:49:03,982] {dagbag.py:500} INFO - Filling up the DagBag from /home/airflow/.local/lib/python3.7/site-packages/airflow/example_dags/tutorial_taskflow_api_etl.py
[2022-10-16 06:49:04,005] {processor.py:654} INFO - DAG(s) dict_keys(['tutorial_taskflow_api_etl']) retrieved from /home/airflow/.local/lib/python3.7/site-packages/airflow/example_dags/tutorial_taskflow_api_etl.py
[2022-10-16 06:49:04,148] {logging_mixin.py:109} INFO - [2022-10-16 06:49:04,147] {dag.py:2398} INFO - Sync 1 DAGs
[2022-10-16 06:49:04,157] {logging_mixin.py:109} INFO - [2022-10-16 06:49:04,157] {dag.py:2937} INFO - Setting next_dagrun for tutorial_taskflow_api_etl to None
[2022-10-16 06:49:04,171] {processor.py:171} INFO - Processing /home/airflow/.local/lib/python3.7/site-packages/airflow/example_dags/tutorial_taskflow_api_etl.py took 0.193 seconds
[2022-10-16 06:49:34,998] {processor.py:163} INFO - Started process (PID=870) to work on /home/airflow/.local/lib/python3.7/site-packages/airflow/example_dags/tutorial_taskflow_api_etl.py
[2022-10-16 06:49:34,999] {processor.py:642} INFO - Processing file /home/airflow/.local/lib/python3.7/site-packages/airflow/example_dags/tutorial_taskflow_api_etl.py for tasks to queue
[2022-10-16 06:49:34,999] {logging_mixin.py:109} INFO - [2022-10-16 06:49:34,999] {dagbag.py:500} INFO - Filling up the DagBag from /home/airflow/.local/lib/python3.7/site-packages/airflow/example_dags/tutorial_taskflow_api_etl.py
[2022-10-16 06:49:35,024] {processor.py:654} INFO - DAG(s) dict_keys(['tutorial_taskflow_api_etl']) retrieved from /home/airflow/.local/lib/python3.7/site-packages/airflow/example_dags/tutorial_taskflow_api_etl.py
[2022-10-16 06:49:35,234] {logging_mixin.py:109} INFO - [2022-10-16 06:49:35,234] {dag.py:2398} INFO - Sync 1 DAGs
[2022-10-16 06:49:35,244] {logging_mixin.py:109} INFO - [2022-10-16 06:49:35,244] {dag.py:2937} INFO - Setting next_dagrun for tutorial_taskflow_api_etl to None
[2022-10-16 06:49:35,253] {processor.py:171} INFO - Processing /home/airflow/.local/lib/python3.7/site-packages/airflow/example_dags/tutorial_taskflow_api_etl.py took 0.258 seconds
[2022-10-16 06:50:06,055] {processor.py:163} INFO - Started process (PID=934) to work on /home/airflow/.local/lib/python3.7/site-packages/airflow/example_dags/tutorial_taskflow_api_etl.py
[2022-10-16 06:50:06,056] {processor.py:642} INFO - Processing file /home/airflow/.local/lib/python3.7/site-packages/airflow/example_dags/tutorial_taskflow_api_etl.py for tasks to queue
[2022-10-16 06:50:06,057] {logging_mixin.py:109} INFO - [2022-10-16 06:50:06,057] {dagbag.py:500} INFO - Filling up the DagBag from /home/airflow/.local/lib/python3.7/site-packages/airflow/example_dags/tutorial_taskflow_api_etl.py
[2022-10-16 06:50:06,080] {processor.py:654} INFO - DAG(s) dict_keys(['tutorial_taskflow_api_etl']) retrieved from /home/airflow/.local/lib/python3.7/site-packages/airflow/example_dags/tutorial_taskflow_api_etl.py
[2022-10-16 06:50:06,223] {logging_mixin.py:109} INFO - [2022-10-16 06:50:06,223] {dag.py:2398} INFO - Sync 1 DAGs
[2022-10-16 06:50:06,232] {logging_mixin.py:109} INFO - [2022-10-16 06:50:06,232] {dag.py:2937} INFO - Setting next_dagrun for tutorial_taskflow_api_etl to None
[2022-10-16 06:50:06,240] {processor.py:171} INFO - Processing /home/airflow/.local/lib/python3.7/site-packages/airflow/example_dags/tutorial_taskflow_api_etl.py took 0.188 seconds
[2022-10-16 06:50:36,270] {processor.py:163} INFO - Started process (PID=1006) to work on /home/airflow/.local/lib/python3.7/site-packages/airflow/example_dags/tutorial_taskflow_api_etl.py
[2022-10-16 06:50:36,271] {processor.py:642} INFO - Processing file /home/airflow/.local/lib/python3.7/site-packages/airflow/example_dags/tutorial_taskflow_api_etl.py for tasks to queue
[2022-10-16 06:50:36,271] {logging_mixin.py:109} INFO - [2022-10-16 06:50:36,271] {dagbag.py:500} INFO - Filling up the DagBag from /home/airflow/.local/lib/python3.7/site-packages/airflow/example_dags/tutorial_taskflow_api_etl.py
[2022-10-16 06:50:36,295] {processor.py:654} INFO - DAG(s) dict_keys(['tutorial_taskflow_api_etl']) retrieved from /home/airflow/.local/lib/python3.7/site-packages/airflow/example_dags/tutorial_taskflow_api_etl.py
[2022-10-16 06:50:36,437] {logging_mixin.py:109} INFO - [2022-10-16 06:50:36,437] {dag.py:2398} INFO - Sync 1 DAGs
[2022-10-16 06:50:36,446] {logging_mixin.py:109} INFO - [2022-10-16 06:50:36,446] {dag.py:2937} INFO - Setting next_dagrun for tutorial_taskflow_api_etl to None
[2022-10-16 06:50:36,461] {processor.py:171} INFO - Processing /home/airflow/.local/lib/python3.7/site-packages/airflow/example_dags/tutorial_taskflow_api_etl.py took 0.192 seconds
[2022-10-16 06:51:06,621] {processor.py:163} INFO - Started process (PID=1069) to work on /home/airflow/.local/lib/python3.7/site-packages/airflow/example_dags/tutorial_taskflow_api_etl.py
[2022-10-16 06:51:06,622] {processor.py:642} INFO - Processing file /home/airflow/.local/lib/python3.7/site-packages/airflow/example_dags/tutorial_taskflow_api_etl.py for tasks to queue
[2022-10-16 06:51:06,622] {logging_mixin.py:109} INFO - [2022-10-16 06:51:06,622] {dagbag.py:500} INFO - Filling up the DagBag from /home/airflow/.local/lib/python3.7/site-packages/airflow/example_dags/tutorial_taskflow_api_etl.py
[2022-10-16 06:51:06,645] {processor.py:654} INFO - DAG(s) dict_keys(['tutorial_taskflow_api_etl']) retrieved from /home/airflow/.local/lib/python3.7/site-packages/airflow/example_dags/tutorial_taskflow_api_etl.py
[2022-10-16 06:51:06,787] {logging_mixin.py:109} INFO - [2022-10-16 06:51:06,787] {dag.py:2398} INFO - Sync 1 DAGs
[2022-10-16 06:51:06,798] {logging_mixin.py:109} INFO - [2022-10-16 06:51:06,798] {dag.py:2937} INFO - Setting next_dagrun for tutorial_taskflow_api_etl to None
[2022-10-16 06:51:06,812] {processor.py:171} INFO - Processing /home/airflow/.local/lib/python3.7/site-packages/airflow/example_dags/tutorial_taskflow_api_etl.py took 0.193 seconds
[2022-10-16 06:51:36,881] {processor.py:163} INFO - Started process (PID=1143) to work on /home/airflow/.local/lib/python3.7/site-packages/airflow/example_dags/tutorial_taskflow_api_etl.py
[2022-10-16 06:51:36,882] {processor.py:642} INFO - Processing file /home/airflow/.local/lib/python3.7/site-packages/airflow/example_dags/tutorial_taskflow_api_etl.py for tasks to queue
[2022-10-16 06:51:36,883] {logging_mixin.py:109} INFO - [2022-10-16 06:51:36,882] {dagbag.py:500} INFO - Filling up the DagBag from /home/airflow/.local/lib/python3.7/site-packages/airflow/example_dags/tutorial_taskflow_api_etl.py
[2022-10-16 06:51:36,909] {processor.py:654} INFO - DAG(s) dict_keys(['tutorial_taskflow_api_etl']) retrieved from /home/airflow/.local/lib/python3.7/site-packages/airflow/example_dags/tutorial_taskflow_api_etl.py
[2022-10-16 06:51:37,125] {logging_mixin.py:109} INFO - [2022-10-16 06:51:37,125] {dag.py:2398} INFO - Sync 1 DAGs
[2022-10-16 06:51:37,143] {logging_mixin.py:109} INFO - [2022-10-16 06:51:37,143] {dag.py:2937} INFO - Setting next_dagrun for tutorial_taskflow_api_etl to None
[2022-10-16 06:51:37,164] {processor.py:171} INFO - Processing /home/airflow/.local/lib/python3.7/site-packages/airflow/example_dags/tutorial_taskflow_api_etl.py took 0.285 seconds
[2022-10-16 06:52:07,327] {processor.py:163} INFO - Started process (PID=1203) to work on /home/airflow/.local/lib/python3.7/site-packages/airflow/example_dags/tutorial_taskflow_api_etl.py
[2022-10-16 06:52:07,328] {processor.py:642} INFO - Processing file /home/airflow/.local/lib/python3.7/site-packages/airflow/example_dags/tutorial_taskflow_api_etl.py for tasks to queue
[2022-10-16 06:52:07,329] {logging_mixin.py:109} INFO - [2022-10-16 06:52:07,328] {dagbag.py:500} INFO - Filling up the DagBag from /home/airflow/.local/lib/python3.7/site-packages/airflow/example_dags/tutorial_taskflow_api_etl.py
[2022-10-16 06:52:07,354] {processor.py:654} INFO - DAG(s) dict_keys(['tutorial_taskflow_api_etl']) retrieved from /home/airflow/.local/lib/python3.7/site-packages/airflow/example_dags/tutorial_taskflow_api_etl.py
[2022-10-16 06:52:07,503] {logging_mixin.py:109} INFO - [2022-10-16 06:52:07,503] {dag.py:2398} INFO - Sync 1 DAGs
[2022-10-16 06:52:07,513] {logging_mixin.py:109} INFO - [2022-10-16 06:52:07,513] {dag.py:2937} INFO - Setting next_dagrun for tutorial_taskflow_api_etl to None
[2022-10-16 06:52:07,527] {processor.py:171} INFO - Processing /home/airflow/.local/lib/python3.7/site-packages/airflow/example_dags/tutorial_taskflow_api_etl.py took 0.202 seconds
[2022-10-16 06:52:37,724] {processor.py:163} INFO - Started process (PID=1274) to work on /home/airflow/.local/lib/python3.7/site-packages/airflow/example_dags/tutorial_taskflow_api_etl.py
[2022-10-16 06:52:37,725] {processor.py:642} INFO - Processing file /home/airflow/.local/lib/python3.7/site-packages/airflow/example_dags/tutorial_taskflow_api_etl.py for tasks to queue
[2022-10-16 06:52:37,725] {logging_mixin.py:109} INFO - [2022-10-16 06:52:37,725] {dagbag.py:500} INFO - Filling up the DagBag from /home/airflow/.local/lib/python3.7/site-packages/airflow/example_dags/tutorial_taskflow_api_etl.py
[2022-10-16 06:52:37,750] {processor.py:654} INFO - DAG(s) dict_keys(['tutorial_taskflow_api_etl']) retrieved from /home/airflow/.local/lib/python3.7/site-packages/airflow/example_dags/tutorial_taskflow_api_etl.py
[2022-10-16 06:52:37,935] {logging_mixin.py:109} INFO - [2022-10-16 06:52:37,935] {dag.py:2398} INFO - Sync 1 DAGs
[2022-10-16 06:52:37,946] {logging_mixin.py:109} INFO - [2022-10-16 06:52:37,946] {dag.py:2937} INFO - Setting next_dagrun for tutorial_taskflow_api_etl to None
[2022-10-16 06:52:37,962] {processor.py:171} INFO - Processing /home/airflow/.local/lib/python3.7/site-packages/airflow/example_dags/tutorial_taskflow_api_etl.py took 0.240 seconds
[2022-10-16 06:53:07,993] {processor.py:163} INFO - Started process (PID=1338) to work on /home/airflow/.local/lib/python3.7/site-packages/airflow/example_dags/tutorial_taskflow_api_etl.py
[2022-10-16 06:53:07,994] {processor.py:642} INFO - Processing file /home/airflow/.local/lib/python3.7/site-packages/airflow/example_dags/tutorial_taskflow_api_etl.py for tasks to queue
[2022-10-16 06:53:07,994] {logging_mixin.py:109} INFO - [2022-10-16 06:53:07,994] {dagbag.py:500} INFO - Filling up the DagBag from /home/airflow/.local/lib/python3.7/site-packages/airflow/example_dags/tutorial_taskflow_api_etl.py
[2022-10-16 06:53:08,017] {processor.py:654} INFO - DAG(s) dict_keys(['tutorial_taskflow_api_etl']) retrieved from /home/airflow/.local/lib/python3.7/site-packages/airflow/example_dags/tutorial_taskflow_api_etl.py
[2022-10-16 06:53:08,150] {logging_mixin.py:109} INFO - [2022-10-16 06:53:08,150] {dag.py:2398} INFO - Sync 1 DAGs
[2022-10-16 06:53:08,159] {logging_mixin.py:109} INFO - [2022-10-16 06:53:08,159] {dag.py:2937} INFO - Setting next_dagrun for tutorial_taskflow_api_etl to None
[2022-10-16 06:53:08,167] {processor.py:171} INFO - Processing /home/airflow/.local/lib/python3.7/site-packages/airflow/example_dags/tutorial_taskflow_api_etl.py took 0.176 seconds
[2022-10-16 06:53:38,380] {processor.py:163} INFO - Started process (PID=1407) to work on /home/airflow/.local/lib/python3.7/site-packages/airflow/example_dags/tutorial_taskflow_api_etl.py
[2022-10-16 06:53:38,381] {processor.py:642} INFO - Processing file /home/airflow/.local/lib/python3.7/site-packages/airflow/example_dags/tutorial_taskflow_api_etl.py for tasks to queue
[2022-10-16 06:53:38,381] {logging_mixin.py:109} INFO - [2022-10-16 06:53:38,381] {dagbag.py:500} INFO - Filling up the DagBag from /home/airflow/.local/lib/python3.7/site-packages/airflow/example_dags/tutorial_taskflow_api_etl.py
[2022-10-16 06:53:38,406] {processor.py:654} INFO - DAG(s) dict_keys(['tutorial_taskflow_api_etl']) retrieved from /home/airflow/.local/lib/python3.7/site-packages/airflow/example_dags/tutorial_taskflow_api_etl.py
[2022-10-16 06:53:38,567] {logging_mixin.py:109} INFO - [2022-10-16 06:53:38,567] {dag.py:2398} INFO - Sync 1 DAGs
[2022-10-16 06:53:38,580] {logging_mixin.py:109} INFO - [2022-10-16 06:53:38,580] {dag.py:2937} INFO - Setting next_dagrun for tutorial_taskflow_api_etl to None
[2022-10-16 06:53:38,598] {processor.py:171} INFO - Processing /home/airflow/.local/lib/python3.7/site-packages/airflow/example_dags/tutorial_taskflow_api_etl.py took 0.220 seconds
[2022-10-16 06:54:08,855] {processor.py:163} INFO - Started process (PID=1471) to work on /home/airflow/.local/lib/python3.7/site-packages/airflow/example_dags/tutorial_taskflow_api_etl.py
[2022-10-16 06:54:08,856] {processor.py:642} INFO - Processing file /home/airflow/.local/lib/python3.7/site-packages/airflow/example_dags/tutorial_taskflow_api_etl.py for tasks to queue
[2022-10-16 06:54:08,856] {logging_mixin.py:109} INFO - [2022-10-16 06:54:08,856] {dagbag.py:500} INFO - Filling up the DagBag from /home/airflow/.local/lib/python3.7/site-packages/airflow/example_dags/tutorial_taskflow_api_etl.py
[2022-10-16 06:54:08,879] {processor.py:654} INFO - DAG(s) dict_keys(['tutorial_taskflow_api_etl']) retrieved from /home/airflow/.local/lib/python3.7/site-packages/airflow/example_dags/tutorial_taskflow_api_etl.py
[2022-10-16 06:54:09,021] {logging_mixin.py:109} INFO - [2022-10-16 06:54:09,021] {dag.py:2398} INFO - Sync 1 DAGs
[2022-10-16 06:54:09,031] {logging_mixin.py:109} INFO - [2022-10-16 06:54:09,031] {dag.py:2937} INFO - Setting next_dagrun for tutorial_taskflow_api_etl to None
[2022-10-16 06:54:09,046] {processor.py:171} INFO - Processing /home/airflow/.local/lib/python3.7/site-packages/airflow/example_dags/tutorial_taskflow_api_etl.py took 0.193 seconds
[2022-10-16 06:54:39,074] {processor.py:163} INFO - Started process (PID=1546) to work on /home/airflow/.local/lib/python3.7/site-packages/airflow/example_dags/tutorial_taskflow_api_etl.py
[2022-10-16 06:54:39,075] {processor.py:642} INFO - Processing file /home/airflow/.local/lib/python3.7/site-packages/airflow/example_dags/tutorial_taskflow_api_etl.py for tasks to queue
[2022-10-16 06:54:39,075] {logging_mixin.py:109} INFO - [2022-10-16 06:54:39,075] {dagbag.py:500} INFO - Filling up the DagBag from /home/airflow/.local/lib/python3.7/site-packages/airflow/example_dags/tutorial_taskflow_api_etl.py
[2022-10-16 06:54:39,108] {processor.py:654} INFO - DAG(s) dict_keys(['tutorial_taskflow_api_etl']) retrieved from /home/airflow/.local/lib/python3.7/site-packages/airflow/example_dags/tutorial_taskflow_api_etl.py
[2022-10-16 06:54:39,278] {logging_mixin.py:109} INFO - [2022-10-16 06:54:39,278] {dag.py:2398} INFO - Sync 1 DAGs
[2022-10-16 06:54:39,290] {logging_mixin.py:109} INFO - [2022-10-16 06:54:39,290] {dag.py:2937} INFO - Setting next_dagrun for tutorial_taskflow_api_etl to None
[2022-10-16 06:54:39,302] {processor.py:171} INFO - Processing /home/airflow/.local/lib/python3.7/site-packages/airflow/example_dags/tutorial_taskflow_api_etl.py took 0.229 seconds
[2022-10-16 06:55:09,377] {processor.py:163} INFO - Started process (PID=1610) to work on /home/airflow/.local/lib/python3.7/site-packages/airflow/example_dags/tutorial_taskflow_api_etl.py
[2022-10-16 06:55:09,378] {processor.py:642} INFO - Processing file /home/airflow/.local/lib/python3.7/site-packages/airflow/example_dags/tutorial_taskflow_api_etl.py for tasks to queue
[2022-10-16 06:55:09,379] {logging_mixin.py:109} INFO - [2022-10-16 06:55:09,379] {dagbag.py:500} INFO - Filling up the DagBag from /home/airflow/.local/lib/python3.7/site-packages/airflow/example_dags/tutorial_taskflow_api_etl.py
[2022-10-16 06:55:09,406] {processor.py:654} INFO - DAG(s) dict_keys(['tutorial_taskflow_api_etl']) retrieved from /home/airflow/.local/lib/python3.7/site-packages/airflow/example_dags/tutorial_taskflow_api_etl.py
[2022-10-16 06:55:09,569] {logging_mixin.py:109} INFO - [2022-10-16 06:55:09,569] {dag.py:2398} INFO - Sync 1 DAGs
[2022-10-16 06:55:09,580] {logging_mixin.py:109} INFO - [2022-10-16 06:55:09,580] {dag.py:2937} INFO - Setting next_dagrun for tutorial_taskflow_api_etl to None
[2022-10-16 06:55:09,600] {processor.py:171} INFO - Processing /home/airflow/.local/lib/python3.7/site-packages/airflow/example_dags/tutorial_taskflow_api_etl.py took 0.226 seconds
[2022-10-16 06:55:39,627] {processor.py:163} INFO - Started process (PID=1680) to work on /home/airflow/.local/lib/python3.7/site-packages/airflow/example_dags/tutorial_taskflow_api_etl.py
[2022-10-16 06:55:39,627] {processor.py:642} INFO - Processing file /home/airflow/.local/lib/python3.7/site-packages/airflow/example_dags/tutorial_taskflow_api_etl.py for tasks to queue
[2022-10-16 06:55:39,628] {logging_mixin.py:109} INFO - [2022-10-16 06:55:39,628] {dagbag.py:500} INFO - Filling up the DagBag from /home/airflow/.local/lib/python3.7/site-packages/airflow/example_dags/tutorial_taskflow_api_etl.py
[2022-10-16 06:55:39,654] {processor.py:654} INFO - DAG(s) dict_keys(['tutorial_taskflow_api_etl']) retrieved from /home/airflow/.local/lib/python3.7/site-packages/airflow/example_dags/tutorial_taskflow_api_etl.py
[2022-10-16 06:55:39,854] {logging_mixin.py:109} INFO - [2022-10-16 06:55:39,854] {dag.py:2398} INFO - Sync 1 DAGs
[2022-10-16 06:55:39,866] {logging_mixin.py:109} INFO - [2022-10-16 06:55:39,866] {dag.py:2937} INFO - Setting next_dagrun for tutorial_taskflow_api_etl to None
[2022-10-16 06:55:39,882] {processor.py:171} INFO - Processing /home/airflow/.local/lib/python3.7/site-packages/airflow/example_dags/tutorial_taskflow_api_etl.py took 0.258 seconds
[2022-10-16 06:56:10,116] {processor.py:163} INFO - Started process (PID=1747) to work on /home/airflow/.local/lib/python3.7/site-packages/airflow/example_dags/tutorial_taskflow_api_etl.py
[2022-10-16 06:56:10,117] {processor.py:642} INFO - Processing file /home/airflow/.local/lib/python3.7/site-packages/airflow/example_dags/tutorial_taskflow_api_etl.py for tasks to queue
[2022-10-16 06:56:10,118] {logging_mixin.py:109} INFO - [2022-10-16 06:56:10,118] {dagbag.py:500} INFO - Filling up the DagBag from /home/airflow/.local/lib/python3.7/site-packages/airflow/example_dags/tutorial_taskflow_api_etl.py
[2022-10-16 06:56:10,157] {processor.py:654} INFO - DAG(s) dict_keys(['tutorial_taskflow_api_etl']) retrieved from /home/airflow/.local/lib/python3.7/site-packages/airflow/example_dags/tutorial_taskflow_api_etl.py
[2022-10-16 06:56:10,331] {logging_mixin.py:109} INFO - [2022-10-16 06:56:10,331] {dag.py:2398} INFO - Sync 1 DAGs
[2022-10-16 06:56:10,343] {logging_mixin.py:109} INFO - [2022-10-16 06:56:10,343] {dag.py:2937} INFO - Setting next_dagrun for tutorial_taskflow_api_etl to None
[2022-10-16 06:56:10,367] {processor.py:171} INFO - Processing /home/airflow/.local/lib/python3.7/site-packages/airflow/example_dags/tutorial_taskflow_api_etl.py took 0.253 seconds
[2022-10-16 06:56:40,529] {processor.py:163} INFO - Started process (PID=1819) to work on /home/airflow/.local/lib/python3.7/site-packages/airflow/example_dags/tutorial_taskflow_api_etl.py
[2022-10-16 06:56:40,530] {processor.py:642} INFO - Processing file /home/airflow/.local/lib/python3.7/site-packages/airflow/example_dags/tutorial_taskflow_api_etl.py for tasks to queue
[2022-10-16 06:56:40,531] {logging_mixin.py:109} INFO - [2022-10-16 06:56:40,531] {dagbag.py:500} INFO - Filling up the DagBag from /home/airflow/.local/lib/python3.7/site-packages/airflow/example_dags/tutorial_taskflow_api_etl.py
[2022-10-16 06:56:40,591] {processor.py:654} INFO - DAG(s) dict_keys(['tutorial_taskflow_api_etl']) retrieved from /home/airflow/.local/lib/python3.7/site-packages/airflow/example_dags/tutorial_taskflow_api_etl.py
[2022-10-16 06:56:40,763] {logging_mixin.py:109} INFO - [2022-10-16 06:56:40,763] {dag.py:2398} INFO - Sync 1 DAGs
[2022-10-16 06:56:40,778] {logging_mixin.py:109} INFO - [2022-10-16 06:56:40,778] {dag.py:2937} INFO - Setting next_dagrun for tutorial_taskflow_api_etl to None
[2022-10-16 06:56:40,795] {processor.py:171} INFO - Processing /home/airflow/.local/lib/python3.7/site-packages/airflow/example_dags/tutorial_taskflow_api_etl.py took 0.268 seconds
[2022-10-16 06:57:10,872] {processor.py:163} INFO - Started process (PID=1885) to work on /home/airflow/.local/lib/python3.7/site-packages/airflow/example_dags/tutorial_taskflow_api_etl.py
[2022-10-16 06:57:10,873] {processor.py:642} INFO - Processing file /home/airflow/.local/lib/python3.7/site-packages/airflow/example_dags/tutorial_taskflow_api_etl.py for tasks to queue
[2022-10-16 06:57:10,873] {logging_mixin.py:109} INFO - [2022-10-16 06:57:10,873] {dagbag.py:500} INFO - Filling up the DagBag from /home/airflow/.local/lib/python3.7/site-packages/airflow/example_dags/tutorial_taskflow_api_etl.py
[2022-10-16 06:57:10,896] {processor.py:654} INFO - DAG(s) dict_keys(['tutorial_taskflow_api_etl']) retrieved from /home/airflow/.local/lib/python3.7/site-packages/airflow/example_dags/tutorial_taskflow_api_etl.py
[2022-10-16 06:57:11,051] {logging_mixin.py:109} INFO - [2022-10-16 06:57:11,051] {dag.py:2398} INFO - Sync 1 DAGs
[2022-10-16 06:57:11,061] {logging_mixin.py:109} INFO - [2022-10-16 06:57:11,061] {dag.py:2937} INFO - Setting next_dagrun for tutorial_taskflow_api_etl to None
[2022-10-16 06:57:11,080] {processor.py:171} INFO - Processing /home/airflow/.local/lib/python3.7/site-packages/airflow/example_dags/tutorial_taskflow_api_etl.py took 0.209 seconds
[2022-10-16 06:57:41,158] {processor.py:163} INFO - Started process (PID=1947) to work on /home/airflow/.local/lib/python3.7/site-packages/airflow/example_dags/tutorial_taskflow_api_etl.py
[2022-10-16 06:57:41,159] {processor.py:642} INFO - Processing file /home/airflow/.local/lib/python3.7/site-packages/airflow/example_dags/tutorial_taskflow_api_etl.py for tasks to queue
[2022-10-16 06:57:41,159] {logging_mixin.py:109} INFO - [2022-10-16 06:57:41,159] {dagbag.py:500} INFO - Filling up the DagBag from /home/airflow/.local/lib/python3.7/site-packages/airflow/example_dags/tutorial_taskflow_api_etl.py
[2022-10-16 06:57:41,181] {processor.py:654} INFO - DAG(s) dict_keys(['tutorial_taskflow_api_etl']) retrieved from /home/airflow/.local/lib/python3.7/site-packages/airflow/example_dags/tutorial_taskflow_api_etl.py
[2022-10-16 06:57:41,317] {logging_mixin.py:109} INFO - [2022-10-16 06:57:41,317] {dag.py:2398} INFO - Sync 1 DAGs
[2022-10-16 06:57:41,326] {logging_mixin.py:109} INFO - [2022-10-16 06:57:41,326] {dag.py:2937} INFO - Setting next_dagrun for tutorial_taskflow_api_etl to None
[2022-10-16 06:57:41,335] {processor.py:171} INFO - Processing /home/airflow/.local/lib/python3.7/site-packages/airflow/example_dags/tutorial_taskflow_api_etl.py took 0.179 seconds
[2022-10-16 06:58:11,463] {processor.py:163} INFO - Started process (PID=2024) to work on /home/airflow/.local/lib/python3.7/site-packages/airflow/example_dags/tutorial_taskflow_api_etl.py
[2022-10-16 06:58:11,464] {processor.py:642} INFO - Processing file /home/airflow/.local/lib/python3.7/site-packages/airflow/example_dags/tutorial_taskflow_api_etl.py for tasks to queue
[2022-10-16 06:58:11,464] {logging_mixin.py:109} INFO - [2022-10-16 06:58:11,464] {dagbag.py:500} INFO - Filling up the DagBag from /home/airflow/.local/lib/python3.7/site-packages/airflow/example_dags/tutorial_taskflow_api_etl.py
[2022-10-16 06:58:11,488] {processor.py:654} INFO - DAG(s) dict_keys(['tutorial_taskflow_api_etl']) retrieved from /home/airflow/.local/lib/python3.7/site-packages/airflow/example_dags/tutorial_taskflow_api_etl.py
[2022-10-16 06:58:11,624] {logging_mixin.py:109} INFO - [2022-10-16 06:58:11,624] {dag.py:2398} INFO - Sync 1 DAGs
[2022-10-16 06:58:11,633] {logging_mixin.py:109} INFO - [2022-10-16 06:58:11,633] {dag.py:2937} INFO - Setting next_dagrun for tutorial_taskflow_api_etl to None
[2022-10-16 06:58:11,647] {processor.py:171} INFO - Processing /home/airflow/.local/lib/python3.7/site-packages/airflow/example_dags/tutorial_taskflow_api_etl.py took 0.186 seconds
[2022-10-16 06:58:41,663] {processor.py:163} INFO - Started process (PID=2084) to work on /home/airflow/.local/lib/python3.7/site-packages/airflow/example_dags/tutorial_taskflow_api_etl.py
[2022-10-16 06:58:41,664] {processor.py:642} INFO - Processing file /home/airflow/.local/lib/python3.7/site-packages/airflow/example_dags/tutorial_taskflow_api_etl.py for tasks to queue
[2022-10-16 06:58:41,664] {logging_mixin.py:109} INFO - [2022-10-16 06:58:41,664] {dagbag.py:500} INFO - Filling up the DagBag from /home/airflow/.local/lib/python3.7/site-packages/airflow/example_dags/tutorial_taskflow_api_etl.py
[2022-10-16 06:58:41,688] {processor.py:654} INFO - DAG(s) dict_keys(['tutorial_taskflow_api_etl']) retrieved from /home/airflow/.local/lib/python3.7/site-packages/airflow/example_dags/tutorial_taskflow_api_etl.py
[2022-10-16 06:58:41,833] {logging_mixin.py:109} INFO - [2022-10-16 06:58:41,833] {dag.py:2398} INFO - Sync 1 DAGs
[2022-10-16 06:58:41,843] {logging_mixin.py:109} INFO - [2022-10-16 06:58:41,843] {dag.py:2937} INFO - Setting next_dagrun for tutorial_taskflow_api_etl to None
[2022-10-16 06:58:41,851] {processor.py:171} INFO - Processing /home/airflow/.local/lib/python3.7/site-packages/airflow/example_dags/tutorial_taskflow_api_etl.py took 0.190 seconds
[2022-10-16 06:59:11,872] {processor.py:163} INFO - Started process (PID=2154) to work on /home/airflow/.local/lib/python3.7/site-packages/airflow/example_dags/tutorial_taskflow_api_etl.py
[2022-10-16 06:59:11,873] {processor.py:642} INFO - Processing file /home/airflow/.local/lib/python3.7/site-packages/airflow/example_dags/tutorial_taskflow_api_etl.py for tasks to queue
[2022-10-16 06:59:11,873] {logging_mixin.py:109} INFO - [2022-10-16 06:59:11,873] {dagbag.py:500} INFO - Filling up the DagBag from /home/airflow/.local/lib/python3.7/site-packages/airflow/example_dags/tutorial_taskflow_api_etl.py
[2022-10-16 06:59:11,896] {processor.py:654} INFO - DAG(s) dict_keys(['tutorial_taskflow_api_etl']) retrieved from /home/airflow/.local/lib/python3.7/site-packages/airflow/example_dags/tutorial_taskflow_api_etl.py
[2022-10-16 06:59:12,038] {logging_mixin.py:109} INFO - [2022-10-16 06:59:12,038] {dag.py:2398} INFO - Sync 1 DAGs
[2022-10-16 06:59:12,047] {logging_mixin.py:109} INFO - [2022-10-16 06:59:12,047] {dag.py:2937} INFO - Setting next_dagrun for tutorial_taskflow_api_etl to None
[2022-10-16 06:59:12,061] {processor.py:171} INFO - Processing /home/airflow/.local/lib/python3.7/site-packages/airflow/example_dags/tutorial_taskflow_api_etl.py took 0.191 seconds
[2022-10-16 06:59:42,158] {processor.py:163} INFO - Started process (PID=2217) to work on /home/airflow/.local/lib/python3.7/site-packages/airflow/example_dags/tutorial_taskflow_api_etl.py
[2022-10-16 06:59:42,159] {processor.py:642} INFO - Processing file /home/airflow/.local/lib/python3.7/site-packages/airflow/example_dags/tutorial_taskflow_api_etl.py for tasks to queue
[2022-10-16 06:59:42,159] {logging_mixin.py:109} INFO - [2022-10-16 06:59:42,159] {dagbag.py:500} INFO - Filling up the DagBag from /home/airflow/.local/lib/python3.7/site-packages/airflow/example_dags/tutorial_taskflow_api_etl.py
[2022-10-16 06:59:42,184] {processor.py:654} INFO - DAG(s) dict_keys(['tutorial_taskflow_api_etl']) retrieved from /home/airflow/.local/lib/python3.7/site-packages/airflow/example_dags/tutorial_taskflow_api_etl.py
[2022-10-16 06:59:42,329] {logging_mixin.py:109} INFO - [2022-10-16 06:59:42,329] {dag.py:2398} INFO - Sync 1 DAGs
[2022-10-16 06:59:42,339] {logging_mixin.py:109} INFO - [2022-10-16 06:59:42,339] {dag.py:2937} INFO - Setting next_dagrun for tutorial_taskflow_api_etl to None
[2022-10-16 06:59:42,353] {processor.py:171} INFO - Processing /home/airflow/.local/lib/python3.7/site-packages/airflow/example_dags/tutorial_taskflow_api_etl.py took 0.197 seconds
[2022-10-16 07:00:12,638] {processor.py:163} INFO - Started process (PID=2283) to work on /home/airflow/.local/lib/python3.7/site-packages/airflow/example_dags/tutorial_taskflow_api_etl.py
[2022-10-16 07:00:12,639] {processor.py:642} INFO - Processing file /home/airflow/.local/lib/python3.7/site-packages/airflow/example_dags/tutorial_taskflow_api_etl.py for tasks to queue
[2022-10-16 07:00:12,639] {logging_mixin.py:109} INFO - [2022-10-16 07:00:12,639] {dagbag.py:500} INFO - Filling up the DagBag from /home/airflow/.local/lib/python3.7/site-packages/airflow/example_dags/tutorial_taskflow_api_etl.py
[2022-10-16 07:00:12,662] {processor.py:654} INFO - DAG(s) dict_keys(['tutorial_taskflow_api_etl']) retrieved from /home/airflow/.local/lib/python3.7/site-packages/airflow/example_dags/tutorial_taskflow_api_etl.py
[2022-10-16 07:00:12,800] {logging_mixin.py:109} INFO - [2022-10-16 07:00:12,800] {dag.py:2398} INFO - Sync 1 DAGs
[2022-10-16 07:00:12,810] {logging_mixin.py:109} INFO - [2022-10-16 07:00:12,810] {dag.py:2937} INFO - Setting next_dagrun for tutorial_taskflow_api_etl to None
[2022-10-16 07:00:12,824] {processor.py:171} INFO - Processing /home/airflow/.local/lib/python3.7/site-packages/airflow/example_dags/tutorial_taskflow_api_etl.py took 0.189 seconds
[2022-10-16 07:00:42,855] {processor.py:163} INFO - Started process (PID=2346) to work on /home/airflow/.local/lib/python3.7/site-packages/airflow/example_dags/tutorial_taskflow_api_etl.py
[2022-10-16 07:00:42,856] {processor.py:642} INFO - Processing file /home/airflow/.local/lib/python3.7/site-packages/airflow/example_dags/tutorial_taskflow_api_etl.py for tasks to queue
[2022-10-16 07:00:42,856] {logging_mixin.py:109} INFO - [2022-10-16 07:00:42,856] {dagbag.py:500} INFO - Filling up the DagBag from /home/airflow/.local/lib/python3.7/site-packages/airflow/example_dags/tutorial_taskflow_api_etl.py
[2022-10-16 07:00:42,881] {processor.py:654} INFO - DAG(s) dict_keys(['tutorial_taskflow_api_etl']) retrieved from /home/airflow/.local/lib/python3.7/site-packages/airflow/example_dags/tutorial_taskflow_api_etl.py
[2022-10-16 07:00:43,024] {logging_mixin.py:109} INFO - [2022-10-16 07:00:43,024] {dag.py:2398} INFO - Sync 1 DAGs
[2022-10-16 07:00:43,034] {logging_mixin.py:109} INFO - [2022-10-16 07:00:43,034] {dag.py:2937} INFO - Setting next_dagrun for tutorial_taskflow_api_etl to None
[2022-10-16 07:00:43,052] {processor.py:171} INFO - Processing /home/airflow/.local/lib/python3.7/site-packages/airflow/example_dags/tutorial_taskflow_api_etl.py took 0.199 seconds
[2022-10-16 07:01:13,163] {processor.py:163} INFO - Started process (PID=2417) to work on /home/airflow/.local/lib/python3.7/site-packages/airflow/example_dags/tutorial_taskflow_api_etl.py
[2022-10-16 07:01:13,165] {processor.py:642} INFO - Processing file /home/airflow/.local/lib/python3.7/site-packages/airflow/example_dags/tutorial_taskflow_api_etl.py for tasks to queue
[2022-10-16 07:01:13,165] {logging_mixin.py:109} INFO - [2022-10-16 07:01:13,165] {dagbag.py:500} INFO - Filling up the DagBag from /home/airflow/.local/lib/python3.7/site-packages/airflow/example_dags/tutorial_taskflow_api_etl.py
[2022-10-16 07:01:13,188] {processor.py:654} INFO - DAG(s) dict_keys(['tutorial_taskflow_api_etl']) retrieved from /home/airflow/.local/lib/python3.7/site-packages/airflow/example_dags/tutorial_taskflow_api_etl.py
[2022-10-16 07:01:13,337] {logging_mixin.py:109} INFO - [2022-10-16 07:01:13,337] {dag.py:2398} INFO - Sync 1 DAGs
[2022-10-16 07:01:13,347] {logging_mixin.py:109} INFO - [2022-10-16 07:01:13,347] {dag.py:2937} INFO - Setting next_dagrun for tutorial_taskflow_api_etl to None
[2022-10-16 07:01:13,357] {processor.py:171} INFO - Processing /home/airflow/.local/lib/python3.7/site-packages/airflow/example_dags/tutorial_taskflow_api_etl.py took 0.196 seconds
[2022-10-16 07:01:43,836] {processor.py:163} INFO - Started process (PID=2478) to work on /home/airflow/.local/lib/python3.7/site-packages/airflow/example_dags/tutorial_taskflow_api_etl.py
[2022-10-16 07:01:43,838] {processor.py:642} INFO - Processing file /home/airflow/.local/lib/python3.7/site-packages/airflow/example_dags/tutorial_taskflow_api_etl.py for tasks to queue
[2022-10-16 07:01:43,838] {logging_mixin.py:109} INFO - [2022-10-16 07:01:43,838] {dagbag.py:500} INFO - Filling up the DagBag from /home/airflow/.local/lib/python3.7/site-packages/airflow/example_dags/tutorial_taskflow_api_etl.py
[2022-10-16 07:01:43,863] {processor.py:654} INFO - DAG(s) dict_keys(['tutorial_taskflow_api_etl']) retrieved from /home/airflow/.local/lib/python3.7/site-packages/airflow/example_dags/tutorial_taskflow_api_etl.py
[2022-10-16 07:01:44,024] {logging_mixin.py:109} INFO - [2022-10-16 07:01:44,023] {dag.py:2398} INFO - Sync 1 DAGs
[2022-10-16 07:01:44,035] {logging_mixin.py:109} INFO - [2022-10-16 07:01:44,035] {dag.py:2937} INFO - Setting next_dagrun for tutorial_taskflow_api_etl to None
[2022-10-16 07:01:44,051] {processor.py:171} INFO - Processing /home/airflow/.local/lib/python3.7/site-packages/airflow/example_dags/tutorial_taskflow_api_etl.py took 0.216 seconds
[2022-10-16 07:02:14,067] {processor.py:163} INFO - Started process (PID=2552) to work on /home/airflow/.local/lib/python3.7/site-packages/airflow/example_dags/tutorial_taskflow_api_etl.py
[2022-10-16 07:02:14,068] {processor.py:642} INFO - Processing file /home/airflow/.local/lib/python3.7/site-packages/airflow/example_dags/tutorial_taskflow_api_etl.py for tasks to queue
[2022-10-16 07:02:14,069] {logging_mixin.py:109} INFO - [2022-10-16 07:02:14,069] {dagbag.py:500} INFO - Filling up the DagBag from /home/airflow/.local/lib/python3.7/site-packages/airflow/example_dags/tutorial_taskflow_api_etl.py
[2022-10-16 07:02:14,099] {processor.py:654} INFO - DAG(s) dict_keys(['tutorial_taskflow_api_etl']) retrieved from /home/airflow/.local/lib/python3.7/site-packages/airflow/example_dags/tutorial_taskflow_api_etl.py
[2022-10-16 07:02:14,237] {logging_mixin.py:109} INFO - [2022-10-16 07:02:14,237] {dag.py:2398} INFO - Sync 1 DAGs
[2022-10-16 07:02:14,248] {logging_mixin.py:109} INFO - [2022-10-16 07:02:14,248] {dag.py:2937} INFO - Setting next_dagrun for tutorial_taskflow_api_etl to None
[2022-10-16 07:02:14,256] {processor.py:171} INFO - Processing /home/airflow/.local/lib/python3.7/site-packages/airflow/example_dags/tutorial_taskflow_api_etl.py took 0.191 seconds
[2022-10-16 07:02:44,338] {processor.py:163} INFO - Started process (PID=2616) to work on /home/airflow/.local/lib/python3.7/site-packages/airflow/example_dags/tutorial_taskflow_api_etl.py
[2022-10-16 07:02:44,340] {processor.py:642} INFO - Processing file /home/airflow/.local/lib/python3.7/site-packages/airflow/example_dags/tutorial_taskflow_api_etl.py for tasks to queue
[2022-10-16 07:02:44,340] {logging_mixin.py:109} INFO - [2022-10-16 07:02:44,340] {dagbag.py:500} INFO - Filling up the DagBag from /home/airflow/.local/lib/python3.7/site-packages/airflow/example_dags/tutorial_taskflow_api_etl.py
[2022-10-16 07:02:44,363] {processor.py:654} INFO - DAG(s) dict_keys(['tutorial_taskflow_api_etl']) retrieved from /home/airflow/.local/lib/python3.7/site-packages/airflow/example_dags/tutorial_taskflow_api_etl.py
[2022-10-16 07:02:44,511] {logging_mixin.py:109} INFO - [2022-10-16 07:02:44,511] {dag.py:2398} INFO - Sync 1 DAGs
[2022-10-16 07:02:44,523] {logging_mixin.py:109} INFO - [2022-10-16 07:02:44,523] {dag.py:2937} INFO - Setting next_dagrun for tutorial_taskflow_api_etl to None
[2022-10-16 07:02:44,538] {processor.py:171} INFO - Processing /home/airflow/.local/lib/python3.7/site-packages/airflow/example_dags/tutorial_taskflow_api_etl.py took 0.202 seconds
[2022-10-16 07:03:15,009] {processor.py:163} INFO - Started process (PID=2688) to work on /home/airflow/.local/lib/python3.7/site-packages/airflow/example_dags/tutorial_taskflow_api_etl.py
[2022-10-16 07:03:15,010] {processor.py:642} INFO - Processing file /home/airflow/.local/lib/python3.7/site-packages/airflow/example_dags/tutorial_taskflow_api_etl.py for tasks to queue
[2022-10-16 07:03:15,011] {logging_mixin.py:109} INFO - [2022-10-16 07:03:15,011] {dagbag.py:500} INFO - Filling up the DagBag from /home/airflow/.local/lib/python3.7/site-packages/airflow/example_dags/tutorial_taskflow_api_etl.py
[2022-10-16 07:03:15,033] {processor.py:654} INFO - DAG(s) dict_keys(['tutorial_taskflow_api_etl']) retrieved from /home/airflow/.local/lib/python3.7/site-packages/airflow/example_dags/tutorial_taskflow_api_etl.py
[2022-10-16 07:03:15,173] {logging_mixin.py:109} INFO - [2022-10-16 07:03:15,173] {dag.py:2398} INFO - Sync 1 DAGs
[2022-10-16 07:03:15,184] {logging_mixin.py:109} INFO - [2022-10-16 07:03:15,184] {dag.py:2937} INFO - Setting next_dagrun for tutorial_taskflow_api_etl to None
[2022-10-16 07:03:15,192] {processor.py:171} INFO - Processing /home/airflow/.local/lib/python3.7/site-packages/airflow/example_dags/tutorial_taskflow_api_etl.py took 0.185 seconds
[2022-10-16 07:03:45,402] {processor.py:163} INFO - Started process (PID=2751) to work on /home/airflow/.local/lib/python3.7/site-packages/airflow/example_dags/tutorial_taskflow_api_etl.py
[2022-10-16 07:03:45,402] {processor.py:642} INFO - Processing file /home/airflow/.local/lib/python3.7/site-packages/airflow/example_dags/tutorial_taskflow_api_etl.py for tasks to queue
[2022-10-16 07:03:45,403] {logging_mixin.py:109} INFO - [2022-10-16 07:03:45,403] {dagbag.py:500} INFO - Filling up the DagBag from /home/airflow/.local/lib/python3.7/site-packages/airflow/example_dags/tutorial_taskflow_api_etl.py
[2022-10-16 07:03:45,427] {processor.py:654} INFO - DAG(s) dict_keys(['tutorial_taskflow_api_etl']) retrieved from /home/airflow/.local/lib/python3.7/site-packages/airflow/example_dags/tutorial_taskflow_api_etl.py
[2022-10-16 07:03:45,582] {logging_mixin.py:109} INFO - [2022-10-16 07:03:45,582] {dag.py:2398} INFO - Sync 1 DAGs
[2022-10-16 07:03:45,592] {logging_mixin.py:109} INFO - [2022-10-16 07:03:45,591] {dag.py:2937} INFO - Setting next_dagrun for tutorial_taskflow_api_etl to None
[2022-10-16 07:03:45,606] {processor.py:171} INFO - Processing /home/airflow/.local/lib/python3.7/site-packages/airflow/example_dags/tutorial_taskflow_api_etl.py took 0.206 seconds
[2022-10-16 07:04:15,695] {processor.py:163} INFO - Started process (PID=2822) to work on /home/airflow/.local/lib/python3.7/site-packages/airflow/example_dags/tutorial_taskflow_api_etl.py
[2022-10-16 07:04:15,696] {processor.py:642} INFO - Processing file /home/airflow/.local/lib/python3.7/site-packages/airflow/example_dags/tutorial_taskflow_api_etl.py for tasks to queue
[2022-10-16 07:04:15,696] {logging_mixin.py:109} INFO - [2022-10-16 07:04:15,696] {dagbag.py:500} INFO - Filling up the DagBag from /home/airflow/.local/lib/python3.7/site-packages/airflow/example_dags/tutorial_taskflow_api_etl.py
[2022-10-16 07:04:15,723] {processor.py:654} INFO - DAG(s) dict_keys(['tutorial_taskflow_api_etl']) retrieved from /home/airflow/.local/lib/python3.7/site-packages/airflow/example_dags/tutorial_taskflow_api_etl.py
[2022-10-16 07:04:15,889] {logging_mixin.py:109} INFO - [2022-10-16 07:04:15,889] {dag.py:2398} INFO - Sync 1 DAGs
[2022-10-16 07:04:15,898] {logging_mixin.py:109} INFO - [2022-10-16 07:04:15,898] {dag.py:2937} INFO - Setting next_dagrun for tutorial_taskflow_api_etl to None
[2022-10-16 07:04:15,907] {processor.py:171} INFO - Processing /home/airflow/.local/lib/python3.7/site-packages/airflow/example_dags/tutorial_taskflow_api_etl.py took 0.215 seconds
[2022-10-16 07:04:45,960] {processor.py:163} INFO - Started process (PID=2887) to work on /home/airflow/.local/lib/python3.7/site-packages/airflow/example_dags/tutorial_taskflow_api_etl.py
[2022-10-16 07:04:45,960] {processor.py:642} INFO - Processing file /home/airflow/.local/lib/python3.7/site-packages/airflow/example_dags/tutorial_taskflow_api_etl.py for tasks to queue
[2022-10-16 07:04:45,961] {logging_mixin.py:109} INFO - [2022-10-16 07:04:45,961] {dagbag.py:500} INFO - Filling up the DagBag from /home/airflow/.local/lib/python3.7/site-packages/airflow/example_dags/tutorial_taskflow_api_etl.py
[2022-10-16 07:04:45,984] {processor.py:654} INFO - DAG(s) dict_keys(['tutorial_taskflow_api_etl']) retrieved from /home/airflow/.local/lib/python3.7/site-packages/airflow/example_dags/tutorial_taskflow_api_etl.py
[2022-10-16 07:04:46,136] {logging_mixin.py:109} INFO - [2022-10-16 07:04:46,136] {dag.py:2398} INFO - Sync 1 DAGs
[2022-10-16 07:04:46,145] {logging_mixin.py:109} INFO - [2022-10-16 07:04:46,145] {dag.py:2937} INFO - Setting next_dagrun for tutorial_taskflow_api_etl to None
[2022-10-16 07:04:46,159] {processor.py:171} INFO - Processing /home/airflow/.local/lib/python3.7/site-packages/airflow/example_dags/tutorial_taskflow_api_etl.py took 0.201 seconds
[2022-10-16 07:05:16,463] {processor.py:163} INFO - Started process (PID=2960) to work on /home/airflow/.local/lib/python3.7/site-packages/airflow/example_dags/tutorial_taskflow_api_etl.py
[2022-10-16 07:05:16,464] {processor.py:642} INFO - Processing file /home/airflow/.local/lib/python3.7/site-packages/airflow/example_dags/tutorial_taskflow_api_etl.py for tasks to queue
[2022-10-16 07:05:16,465] {logging_mixin.py:109} INFO - [2022-10-16 07:05:16,465] {dagbag.py:500} INFO - Filling up the DagBag from /home/airflow/.local/lib/python3.7/site-packages/airflow/example_dags/tutorial_taskflow_api_etl.py
[2022-10-16 07:05:16,488] {processor.py:654} INFO - DAG(s) dict_keys(['tutorial_taskflow_api_etl']) retrieved from /home/airflow/.local/lib/python3.7/site-packages/airflow/example_dags/tutorial_taskflow_api_etl.py
[2022-10-16 07:05:16,644] {logging_mixin.py:109} INFO - [2022-10-16 07:05:16,644] {dag.py:2398} INFO - Sync 1 DAGs
[2022-10-16 07:05:16,654] {logging_mixin.py:109} INFO - [2022-10-16 07:05:16,654] {dag.py:2937} INFO - Setting next_dagrun for tutorial_taskflow_api_etl to None
[2022-10-16 07:05:16,668] {processor.py:171} INFO - Processing /home/airflow/.local/lib/python3.7/site-packages/airflow/example_dags/tutorial_taskflow_api_etl.py took 0.207 seconds
[2022-10-16 07:05:47,411] {processor.py:163} INFO - Started process (PID=3022) to work on /home/airflow/.local/lib/python3.7/site-packages/airflow/example_dags/tutorial_taskflow_api_etl.py
[2022-10-16 07:05:47,411] {processor.py:642} INFO - Processing file /home/airflow/.local/lib/python3.7/site-packages/airflow/example_dags/tutorial_taskflow_api_etl.py for tasks to queue
[2022-10-16 07:05:47,412] {logging_mixin.py:109} INFO - [2022-10-16 07:05:47,412] {dagbag.py:500} INFO - Filling up the DagBag from /home/airflow/.local/lib/python3.7/site-packages/airflow/example_dags/tutorial_taskflow_api_etl.py
[2022-10-16 07:05:47,436] {processor.py:654} INFO - DAG(s) dict_keys(['tutorial_taskflow_api_etl']) retrieved from /home/airflow/.local/lib/python3.7/site-packages/airflow/example_dags/tutorial_taskflow_api_etl.py
[2022-10-16 07:05:47,575] {logging_mixin.py:109} INFO - [2022-10-16 07:05:47,575] {dag.py:2398} INFO - Sync 1 DAGs
[2022-10-16 07:05:47,584] {logging_mixin.py:109} INFO - [2022-10-16 07:05:47,584] {dag.py:2937} INFO - Setting next_dagrun for tutorial_taskflow_api_etl to None
[2022-10-16 07:05:47,598] {processor.py:171} INFO - Processing /home/airflow/.local/lib/python3.7/site-packages/airflow/example_dags/tutorial_taskflow_api_etl.py took 0.190 seconds
[2022-10-16 07:06:17,626] {processor.py:163} INFO - Started process (PID=3094) to work on /home/airflow/.local/lib/python3.7/site-packages/airflow/example_dags/tutorial_taskflow_api_etl.py
[2022-10-16 07:06:17,627] {processor.py:642} INFO - Processing file /home/airflow/.local/lib/python3.7/site-packages/airflow/example_dags/tutorial_taskflow_api_etl.py for tasks to queue
[2022-10-16 07:06:17,627] {logging_mixin.py:109} INFO - [2022-10-16 07:06:17,627] {dagbag.py:500} INFO - Filling up the DagBag from /home/airflow/.local/lib/python3.7/site-packages/airflow/example_dags/tutorial_taskflow_api_etl.py
[2022-10-16 07:06:17,652] {processor.py:654} INFO - DAG(s) dict_keys(['tutorial_taskflow_api_etl']) retrieved from /home/airflow/.local/lib/python3.7/site-packages/airflow/example_dags/tutorial_taskflow_api_etl.py
[2022-10-16 07:06:17,795] {logging_mixin.py:109} INFO - [2022-10-16 07:06:17,795] {dag.py:2398} INFO - Sync 1 DAGs
[2022-10-16 07:06:17,805] {logging_mixin.py:109} INFO - [2022-10-16 07:06:17,805] {dag.py:2937} INFO - Setting next_dagrun for tutorial_taskflow_api_etl to None
[2022-10-16 07:06:17,821] {processor.py:171} INFO - Processing /home/airflow/.local/lib/python3.7/site-packages/airflow/example_dags/tutorial_taskflow_api_etl.py took 0.198 seconds
[2022-10-16 07:06:48,943] {processor.py:163} INFO - Started process (PID=3163) to work on /home/airflow/.local/lib/python3.7/site-packages/airflow/example_dags/tutorial_taskflow_api_etl.py
[2022-10-16 07:06:48,943] {processor.py:642} INFO - Processing file /home/airflow/.local/lib/python3.7/site-packages/airflow/example_dags/tutorial_taskflow_api_etl.py for tasks to queue
[2022-10-16 07:06:48,944] {logging_mixin.py:109} INFO - [2022-10-16 07:06:48,944] {dagbag.py:500} INFO - Filling up the DagBag from /home/airflow/.local/lib/python3.7/site-packages/airflow/example_dags/tutorial_taskflow_api_etl.py
[2022-10-16 07:06:48,972] {processor.py:654} INFO - DAG(s) dict_keys(['tutorial_taskflow_api_etl']) retrieved from /home/airflow/.local/lib/python3.7/site-packages/airflow/example_dags/tutorial_taskflow_api_etl.py
[2022-10-16 07:06:48,982] {logging_mixin.py:109} INFO - [2022-10-16 07:06:48,982] {dag.py:2398} INFO - Sync 1 DAGs
[2022-10-16 07:06:48,998] {logging_mixin.py:109} INFO - [2022-10-16 07:06:48,998] {dag.py:2937} INFO - Setting next_dagrun for tutorial_taskflow_api_etl to None
[2022-10-16 07:06:49,013] {processor.py:171} INFO - Processing /home/airflow/.local/lib/python3.7/site-packages/airflow/example_dags/tutorial_taskflow_api_etl.py took 0.073 seconds
[2022-10-16 07:07:20,032] {processor.py:163} INFO - Started process (PID=3226) to work on /home/airflow/.local/lib/python3.7/site-packages/airflow/example_dags/tutorial_taskflow_api_etl.py
[2022-10-16 07:07:20,033] {processor.py:642} INFO - Processing file /home/airflow/.local/lib/python3.7/site-packages/airflow/example_dags/tutorial_taskflow_api_etl.py for tasks to queue
[2022-10-16 07:07:20,033] {logging_mixin.py:109} INFO - [2022-10-16 07:07:20,033] {dagbag.py:500} INFO - Filling up the DagBag from /home/airflow/.local/lib/python3.7/site-packages/airflow/example_dags/tutorial_taskflow_api_etl.py
[2022-10-16 07:07:20,065] {processor.py:654} INFO - DAG(s) dict_keys(['tutorial_taskflow_api_etl']) retrieved from /home/airflow/.local/lib/python3.7/site-packages/airflow/example_dags/tutorial_taskflow_api_etl.py
[2022-10-16 07:07:20,216] {logging_mixin.py:109} INFO - [2022-10-16 07:07:20,216] {dag.py:2398} INFO - Sync 1 DAGs
[2022-10-16 07:07:20,228] {logging_mixin.py:109} INFO - [2022-10-16 07:07:20,228] {dag.py:2937} INFO - Setting next_dagrun for tutorial_taskflow_api_etl to None
[2022-10-16 07:07:20,239] {processor.py:171} INFO - Processing /home/airflow/.local/lib/python3.7/site-packages/airflow/example_dags/tutorial_taskflow_api_etl.py took 0.209 seconds
[2022-10-16 07:07:51,407] {processor.py:163} INFO - Started process (PID=3297) to work on /home/airflow/.local/lib/python3.7/site-packages/airflow/example_dags/tutorial_taskflow_api_etl.py
[2022-10-16 07:07:51,408] {processor.py:642} INFO - Processing file /home/airflow/.local/lib/python3.7/site-packages/airflow/example_dags/tutorial_taskflow_api_etl.py for tasks to queue
[2022-10-16 07:07:51,409] {logging_mixin.py:109} INFO - [2022-10-16 07:07:51,408] {dagbag.py:500} INFO - Filling up the DagBag from /home/airflow/.local/lib/python3.7/site-packages/airflow/example_dags/tutorial_taskflow_api_etl.py
[2022-10-16 07:07:51,435] {processor.py:654} INFO - DAG(s) dict_keys(['tutorial_taskflow_api_etl']) retrieved from /home/airflow/.local/lib/python3.7/site-packages/airflow/example_dags/tutorial_taskflow_api_etl.py
[2022-10-16 07:07:51,651] {logging_mixin.py:109} INFO - [2022-10-16 07:07:51,651] {dag.py:2398} INFO - Sync 1 DAGs
[2022-10-16 07:07:51,669] {logging_mixin.py:109} INFO - [2022-10-16 07:07:51,669] {dag.py:2937} INFO - Setting next_dagrun for tutorial_taskflow_api_etl to None
[2022-10-16 07:07:51,691] {processor.py:171} INFO - Processing /home/airflow/.local/lib/python3.7/site-packages/airflow/example_dags/tutorial_taskflow_api_etl.py took 0.286 seconds
[2022-10-16 07:08:22,489] {processor.py:163} INFO - Started process (PID=3361) to work on /home/airflow/.local/lib/python3.7/site-packages/airflow/example_dags/tutorial_taskflow_api_etl.py
[2022-10-16 07:08:22,490] {processor.py:642} INFO - Processing file /home/airflow/.local/lib/python3.7/site-packages/airflow/example_dags/tutorial_taskflow_api_etl.py for tasks to queue
[2022-10-16 07:08:22,491] {logging_mixin.py:109} INFO - [2022-10-16 07:08:22,491] {dagbag.py:500} INFO - Filling up the DagBag from /home/airflow/.local/lib/python3.7/site-packages/airflow/example_dags/tutorial_taskflow_api_etl.py
[2022-10-16 07:08:22,515] {processor.py:654} INFO - DAG(s) dict_keys(['tutorial_taskflow_api_etl']) retrieved from /home/airflow/.local/lib/python3.7/site-packages/airflow/example_dags/tutorial_taskflow_api_etl.py
[2022-10-16 07:08:22,674] {logging_mixin.py:109} INFO - [2022-10-16 07:08:22,674] {dag.py:2398} INFO - Sync 1 DAGs
[2022-10-16 07:08:22,686] {logging_mixin.py:109} INFO - [2022-10-16 07:08:22,686] {dag.py:2937} INFO - Setting next_dagrun for tutorial_taskflow_api_etl to None
[2022-10-16 07:08:22,695] {processor.py:171} INFO - Processing /home/airflow/.local/lib/python3.7/site-packages/airflow/example_dags/tutorial_taskflow_api_etl.py took 0.208 seconds
[2022-10-16 07:08:53,785] {processor.py:163} INFO - Started process (PID=3435) to work on /home/airflow/.local/lib/python3.7/site-packages/airflow/example_dags/tutorial_taskflow_api_etl.py
[2022-10-16 07:08:53,786] {processor.py:642} INFO - Processing file /home/airflow/.local/lib/python3.7/site-packages/airflow/example_dags/tutorial_taskflow_api_etl.py for tasks to queue
[2022-10-16 07:08:53,787] {logging_mixin.py:109} INFO - [2022-10-16 07:08:53,786] {dagbag.py:500} INFO - Filling up the DagBag from /home/airflow/.local/lib/python3.7/site-packages/airflow/example_dags/tutorial_taskflow_api_etl.py
[2022-10-16 07:08:53,810] {processor.py:654} INFO - DAG(s) dict_keys(['tutorial_taskflow_api_etl']) retrieved from /home/airflow/.local/lib/python3.7/site-packages/airflow/example_dags/tutorial_taskflow_api_etl.py
[2022-10-16 07:08:53,949] {logging_mixin.py:109} INFO - [2022-10-16 07:08:53,948] {dag.py:2398} INFO - Sync 1 DAGs
[2022-10-16 07:08:53,958] {logging_mixin.py:109} INFO - [2022-10-16 07:08:53,958] {dag.py:2937} INFO - Setting next_dagrun for tutorial_taskflow_api_etl to None
[2022-10-16 07:08:53,972] {processor.py:171} INFO - Processing /home/airflow/.local/lib/python3.7/site-packages/airflow/example_dags/tutorial_taskflow_api_etl.py took 0.188 seconds
[2022-10-16 07:09:24,780] {processor.py:163} INFO - Started process (PID=3497) to work on /home/airflow/.local/lib/python3.7/site-packages/airflow/example_dags/tutorial_taskflow_api_etl.py
[2022-10-16 07:09:24,781] {processor.py:642} INFO - Processing file /home/airflow/.local/lib/python3.7/site-packages/airflow/example_dags/tutorial_taskflow_api_etl.py for tasks to queue
[2022-10-16 07:09:24,781] {logging_mixin.py:109} INFO - [2022-10-16 07:09:24,781] {dagbag.py:500} INFO - Filling up the DagBag from /home/airflow/.local/lib/python3.7/site-packages/airflow/example_dags/tutorial_taskflow_api_etl.py
[2022-10-16 07:09:24,805] {processor.py:654} INFO - DAG(s) dict_keys(['tutorial_taskflow_api_etl']) retrieved from /home/airflow/.local/lib/python3.7/site-packages/airflow/example_dags/tutorial_taskflow_api_etl.py
[2022-10-16 07:09:24,946] {logging_mixin.py:109} INFO - [2022-10-16 07:09:24,945] {dag.py:2398} INFO - Sync 1 DAGs
[2022-10-16 07:09:24,956] {logging_mixin.py:109} INFO - [2022-10-16 07:09:24,956] {dag.py:2937} INFO - Setting next_dagrun for tutorial_taskflow_api_etl to None
[2022-10-16 07:09:24,971] {processor.py:171} INFO - Processing /home/airflow/.local/lib/python3.7/site-packages/airflow/example_dags/tutorial_taskflow_api_etl.py took 0.193 seconds
[2022-10-16 07:09:55,679] {processor.py:163} INFO - Started process (PID=3570) to work on /home/airflow/.local/lib/python3.7/site-packages/airflow/example_dags/tutorial_taskflow_api_etl.py
[2022-10-16 07:09:55,680] {processor.py:642} INFO - Processing file /home/airflow/.local/lib/python3.7/site-packages/airflow/example_dags/tutorial_taskflow_api_etl.py for tasks to queue
[2022-10-16 07:09:55,680] {logging_mixin.py:109} INFO - [2022-10-16 07:09:55,680] {dagbag.py:500} INFO - Filling up the DagBag from /home/airflow/.local/lib/python3.7/site-packages/airflow/example_dags/tutorial_taskflow_api_etl.py
[2022-10-16 07:09:55,703] {processor.py:654} INFO - DAG(s) dict_keys(['tutorial_taskflow_api_etl']) retrieved from /home/airflow/.local/lib/python3.7/site-packages/airflow/example_dags/tutorial_taskflow_api_etl.py
[2022-10-16 07:09:55,845] {logging_mixin.py:109} INFO - [2022-10-16 07:09:55,845] {dag.py:2398} INFO - Sync 1 DAGs
[2022-10-16 07:09:55,854] {logging_mixin.py:109} INFO - [2022-10-16 07:09:55,854] {dag.py:2937} INFO - Setting next_dagrun for tutorial_taskflow_api_etl to None
[2022-10-16 07:09:55,868] {processor.py:171} INFO - Processing /home/airflow/.local/lib/python3.7/site-packages/airflow/example_dags/tutorial_taskflow_api_etl.py took 0.192 seconds
[2022-10-16 07:10:26,986] {processor.py:163} INFO - Started process (PID=3634) to work on /home/airflow/.local/lib/python3.7/site-packages/airflow/example_dags/tutorial_taskflow_api_etl.py
[2022-10-16 07:10:26,987] {processor.py:642} INFO - Processing file /home/airflow/.local/lib/python3.7/site-packages/airflow/example_dags/tutorial_taskflow_api_etl.py for tasks to queue
[2022-10-16 07:10:26,987] {logging_mixin.py:109} INFO - [2022-10-16 07:10:26,987] {dagbag.py:500} INFO - Filling up the DagBag from /home/airflow/.local/lib/python3.7/site-packages/airflow/example_dags/tutorial_taskflow_api_etl.py
[2022-10-16 07:10:27,012] {processor.py:654} INFO - DAG(s) dict_keys(['tutorial_taskflow_api_etl']) retrieved from /home/airflow/.local/lib/python3.7/site-packages/airflow/example_dags/tutorial_taskflow_api_etl.py
[2022-10-16 07:10:27,154] {logging_mixin.py:109} INFO - [2022-10-16 07:10:27,154] {dag.py:2398} INFO - Sync 1 DAGs
[2022-10-16 07:10:27,164] {logging_mixin.py:109} INFO - [2022-10-16 07:10:27,164] {dag.py:2937} INFO - Setting next_dagrun for tutorial_taskflow_api_etl to None
[2022-10-16 07:10:27,179] {processor.py:171} INFO - Processing /home/airflow/.local/lib/python3.7/site-packages/airflow/example_dags/tutorial_taskflow_api_etl.py took 0.196 seconds
[2022-10-16 07:10:57,477] {processor.py:163} INFO - Started process (PID=3709) to work on /home/airflow/.local/lib/python3.7/site-packages/airflow/example_dags/tutorial_taskflow_api_etl.py
[2022-10-16 07:10:57,478] {processor.py:642} INFO - Processing file /home/airflow/.local/lib/python3.7/site-packages/airflow/example_dags/tutorial_taskflow_api_etl.py for tasks to queue
[2022-10-16 07:10:57,478] {logging_mixin.py:109} INFO - [2022-10-16 07:10:57,478] {dagbag.py:500} INFO - Filling up the DagBag from /home/airflow/.local/lib/python3.7/site-packages/airflow/example_dags/tutorial_taskflow_api_etl.py
[2022-10-16 07:10:57,500] {processor.py:654} INFO - DAG(s) dict_keys(['tutorial_taskflow_api_etl']) retrieved from /home/airflow/.local/lib/python3.7/site-packages/airflow/example_dags/tutorial_taskflow_api_etl.py
[2022-10-16 07:10:57,647] {logging_mixin.py:109} INFO - [2022-10-16 07:10:57,647] {dag.py:2398} INFO - Sync 1 DAGs
[2022-10-16 07:10:57,657] {logging_mixin.py:109} INFO - [2022-10-16 07:10:57,657] {dag.py:2937} INFO - Setting next_dagrun for tutorial_taskflow_api_etl to None
[2022-10-16 07:10:57,672] {processor.py:171} INFO - Processing /home/airflow/.local/lib/python3.7/site-packages/airflow/example_dags/tutorial_taskflow_api_etl.py took 0.197 seconds
[2022-10-16 07:11:28,511] {processor.py:163} INFO - Started process (PID=3774) to work on /home/airflow/.local/lib/python3.7/site-packages/airflow/example_dags/tutorial_taskflow_api_etl.py
[2022-10-16 07:11:28,512] {processor.py:642} INFO - Processing file /home/airflow/.local/lib/python3.7/site-packages/airflow/example_dags/tutorial_taskflow_api_etl.py for tasks to queue
[2022-10-16 07:11:28,512] {logging_mixin.py:109} INFO - [2022-10-16 07:11:28,512] {dagbag.py:500} INFO - Filling up the DagBag from /home/airflow/.local/lib/python3.7/site-packages/airflow/example_dags/tutorial_taskflow_api_etl.py
[2022-10-16 07:11:28,536] {processor.py:654} INFO - DAG(s) dict_keys(['tutorial_taskflow_api_etl']) retrieved from /home/airflow/.local/lib/python3.7/site-packages/airflow/example_dags/tutorial_taskflow_api_etl.py
[2022-10-16 07:11:28,699] {logging_mixin.py:109} INFO - [2022-10-16 07:11:28,699] {dag.py:2398} INFO - Sync 1 DAGs
[2022-10-16 07:11:28,710] {logging_mixin.py:109} INFO - [2022-10-16 07:11:28,710] {dag.py:2937} INFO - Setting next_dagrun for tutorial_taskflow_api_etl to None
[2022-10-16 07:11:28,725] {processor.py:171} INFO - Processing /home/airflow/.local/lib/python3.7/site-packages/airflow/example_dags/tutorial_taskflow_api_etl.py took 0.217 seconds
[2022-10-16 07:11:59,636] {processor.py:163} INFO - Started process (PID=3846) to work on /home/airflow/.local/lib/python3.7/site-packages/airflow/example_dags/tutorial_taskflow_api_etl.py
[2022-10-16 07:11:59,637] {processor.py:642} INFO - Processing file /home/airflow/.local/lib/python3.7/site-packages/airflow/example_dags/tutorial_taskflow_api_etl.py for tasks to queue
[2022-10-16 07:11:59,637] {logging_mixin.py:109} INFO - [2022-10-16 07:11:59,637] {dagbag.py:500} INFO - Filling up the DagBag from /home/airflow/.local/lib/python3.7/site-packages/airflow/example_dags/tutorial_taskflow_api_etl.py
[2022-10-16 07:11:59,661] {processor.py:654} INFO - DAG(s) dict_keys(['tutorial_taskflow_api_etl']) retrieved from /home/airflow/.local/lib/python3.7/site-packages/airflow/example_dags/tutorial_taskflow_api_etl.py
[2022-10-16 07:11:59,801] {logging_mixin.py:109} INFO - [2022-10-16 07:11:59,801] {dag.py:2398} INFO - Sync 1 DAGs
[2022-10-16 07:11:59,810] {logging_mixin.py:109} INFO - [2022-10-16 07:11:59,810] {dag.py:2937} INFO - Setting next_dagrun for tutorial_taskflow_api_etl to None
[2022-10-16 07:11:59,825] {processor.py:171} INFO - Processing /home/airflow/.local/lib/python3.7/site-packages/airflow/example_dags/tutorial_taskflow_api_etl.py took 0.191 seconds
[2022-10-16 07:12:30,934] {processor.py:163} INFO - Started process (PID=3917) to work on /home/airflow/.local/lib/python3.7/site-packages/airflow/example_dags/tutorial_taskflow_api_etl.py
[2022-10-16 07:12:30,935] {processor.py:642} INFO - Processing file /home/airflow/.local/lib/python3.7/site-packages/airflow/example_dags/tutorial_taskflow_api_etl.py for tasks to queue
[2022-10-16 07:12:30,936] {logging_mixin.py:109} INFO - [2022-10-16 07:12:30,936] {dagbag.py:500} INFO - Filling up the DagBag from /home/airflow/.local/lib/python3.7/site-packages/airflow/example_dags/tutorial_taskflow_api_etl.py
[2022-10-16 07:12:30,959] {processor.py:654} INFO - DAG(s) dict_keys(['tutorial_taskflow_api_etl']) retrieved from /home/airflow/.local/lib/python3.7/site-packages/airflow/example_dags/tutorial_taskflow_api_etl.py
[2022-10-16 07:12:31,112] {logging_mixin.py:109} INFO - [2022-10-16 07:12:31,112] {dag.py:2398} INFO - Sync 1 DAGs
[2022-10-16 07:12:31,122] {logging_mixin.py:109} INFO - [2022-10-16 07:12:31,122] {dag.py:2937} INFO - Setting next_dagrun for tutorial_taskflow_api_etl to None
[2022-10-16 07:12:31,136] {processor.py:171} INFO - Processing /home/airflow/.local/lib/python3.7/site-packages/airflow/example_dags/tutorial_taskflow_api_etl.py took 0.204 seconds
[2022-10-16 07:13:01,961] {processor.py:163} INFO - Started process (PID=3979) to work on /home/airflow/.local/lib/python3.7/site-packages/airflow/example_dags/tutorial_taskflow_api_etl.py
[2022-10-16 07:13:01,962] {processor.py:642} INFO - Processing file /home/airflow/.local/lib/python3.7/site-packages/airflow/example_dags/tutorial_taskflow_api_etl.py for tasks to queue
[2022-10-16 07:13:01,962] {logging_mixin.py:109} INFO - [2022-10-16 07:13:01,962] {dagbag.py:500} INFO - Filling up the DagBag from /home/airflow/.local/lib/python3.7/site-packages/airflow/example_dags/tutorial_taskflow_api_etl.py
[2022-10-16 07:13:01,986] {processor.py:654} INFO - DAG(s) dict_keys(['tutorial_taskflow_api_etl']) retrieved from /home/airflow/.local/lib/python3.7/site-packages/airflow/example_dags/tutorial_taskflow_api_etl.py
[2022-10-16 07:13:02,127] {logging_mixin.py:109} INFO - [2022-10-16 07:13:02,127] {dag.py:2398} INFO - Sync 1 DAGs
[2022-10-16 07:13:02,137] {logging_mixin.py:109} INFO - [2022-10-16 07:13:02,137] {dag.py:2937} INFO - Setting next_dagrun for tutorial_taskflow_api_etl to None
[2022-10-16 07:13:02,146] {processor.py:171} INFO - Processing /home/airflow/.local/lib/python3.7/site-packages/airflow/example_dags/tutorial_taskflow_api_etl.py took 0.187 seconds
[2022-10-16 07:13:33,367] {processor.py:163} INFO - Started process (PID=4051) to work on /home/airflow/.local/lib/python3.7/site-packages/airflow/example_dags/tutorial_taskflow_api_etl.py
[2022-10-16 07:13:33,368] {processor.py:642} INFO - Processing file /home/airflow/.local/lib/python3.7/site-packages/airflow/example_dags/tutorial_taskflow_api_etl.py for tasks to queue
[2022-10-16 07:13:33,368] {logging_mixin.py:109} INFO - [2022-10-16 07:13:33,368] {dagbag.py:500} INFO - Filling up the DagBag from /home/airflow/.local/lib/python3.7/site-packages/airflow/example_dags/tutorial_taskflow_api_etl.py
[2022-10-16 07:13:33,396] {processor.py:654} INFO - DAG(s) dict_keys(['tutorial_taskflow_api_etl']) retrieved from /home/airflow/.local/lib/python3.7/site-packages/airflow/example_dags/tutorial_taskflow_api_etl.py
[2022-10-16 07:13:33,611] {logging_mixin.py:109} INFO - [2022-10-16 07:13:33,611] {dag.py:2398} INFO - Sync 1 DAGs
[2022-10-16 07:13:33,626] {logging_mixin.py:109} INFO - [2022-10-16 07:13:33,626] {dag.py:2937} INFO - Setting next_dagrun for tutorial_taskflow_api_etl to None
[2022-10-16 07:13:33,637] {processor.py:171} INFO - Processing /home/airflow/.local/lib/python3.7/site-packages/airflow/example_dags/tutorial_taskflow_api_etl.py took 0.273 seconds
[2022-10-16 07:14:04,415] {processor.py:163} INFO - Started process (PID=4106) to work on /home/airflow/.local/lib/python3.7/site-packages/airflow/example_dags/tutorial_taskflow_api_etl.py
[2022-10-16 07:14:04,415] {processor.py:642} INFO - Processing file /home/airflow/.local/lib/python3.7/site-packages/airflow/example_dags/tutorial_taskflow_api_etl.py for tasks to queue
[2022-10-16 07:14:04,416] {logging_mixin.py:109} INFO - [2022-10-16 07:14:04,415] {dagbag.py:500} INFO - Filling up the DagBag from /home/airflow/.local/lib/python3.7/site-packages/airflow/example_dags/tutorial_taskflow_api_etl.py
[2022-10-16 07:14:04,443] {processor.py:654} INFO - DAG(s) dict_keys(['tutorial_taskflow_api_etl']) retrieved from /home/airflow/.local/lib/python3.7/site-packages/airflow/example_dags/tutorial_taskflow_api_etl.py
[2022-10-16 07:14:04,629] {logging_mixin.py:109} INFO - [2022-10-16 07:14:04,629] {dag.py:2398} INFO - Sync 1 DAGs
[2022-10-16 07:14:04,641] {logging_mixin.py:109} INFO - [2022-10-16 07:14:04,641] {dag.py:2937} INFO - Setting next_dagrun for tutorial_taskflow_api_etl to None
[2022-10-16 07:14:04,650] {processor.py:171} INFO - Processing /home/airflow/.local/lib/python3.7/site-packages/airflow/example_dags/tutorial_taskflow_api_etl.py took 0.238 seconds
[2022-10-16 07:14:34,710] {processor.py:163} INFO - Started process (PID=4177) to work on /home/airflow/.local/lib/python3.7/site-packages/airflow/example_dags/tutorial_taskflow_api_etl.py
[2022-10-16 07:14:34,711] {processor.py:642} INFO - Processing file /home/airflow/.local/lib/python3.7/site-packages/airflow/example_dags/tutorial_taskflow_api_etl.py for tasks to queue
[2022-10-16 07:14:34,712] {logging_mixin.py:109} INFO - [2022-10-16 07:14:34,712] {dagbag.py:500} INFO - Filling up the DagBag from /home/airflow/.local/lib/python3.7/site-packages/airflow/example_dags/tutorial_taskflow_api_etl.py
[2022-10-16 07:14:34,770] {processor.py:654} INFO - DAG(s) dict_keys(['tutorial_taskflow_api_etl']) retrieved from /home/airflow/.local/lib/python3.7/site-packages/airflow/example_dags/tutorial_taskflow_api_etl.py
[2022-10-16 07:14:34,938] {logging_mixin.py:109} INFO - [2022-10-16 07:14:34,938] {dag.py:2398} INFO - Sync 1 DAGs
[2022-10-16 07:14:34,948] {logging_mixin.py:109} INFO - [2022-10-16 07:14:34,948] {dag.py:2937} INFO - Setting next_dagrun for tutorial_taskflow_api_etl to None
[2022-10-16 07:14:34,964] {processor.py:171} INFO - Processing /home/airflow/.local/lib/python3.7/site-packages/airflow/example_dags/tutorial_taskflow_api_etl.py took 0.256 seconds
[2022-10-16 07:15:05,160] {processor.py:163} INFO - Started process (PID=4240) to work on /home/airflow/.local/lib/python3.7/site-packages/airflow/example_dags/tutorial_taskflow_api_etl.py
[2022-10-16 07:15:05,161] {processor.py:642} INFO - Processing file /home/airflow/.local/lib/python3.7/site-packages/airflow/example_dags/tutorial_taskflow_api_etl.py for tasks to queue
[2022-10-16 07:15:05,162] {logging_mixin.py:109} INFO - [2022-10-16 07:15:05,162] {dagbag.py:500} INFO - Filling up the DagBag from /home/airflow/.local/lib/python3.7/site-packages/airflow/example_dags/tutorial_taskflow_api_etl.py
[2022-10-16 07:15:05,190] {processor.py:654} INFO - DAG(s) dict_keys(['tutorial_taskflow_api_etl']) retrieved from /home/airflow/.local/lib/python3.7/site-packages/airflow/example_dags/tutorial_taskflow_api_etl.py
[2022-10-16 07:15:05,334] {logging_mixin.py:109} INFO - [2022-10-16 07:15:05,334] {dag.py:2398} INFO - Sync 1 DAGs
[2022-10-16 07:15:05,345] {logging_mixin.py:109} INFO - [2022-10-16 07:15:05,344] {dag.py:2937} INFO - Setting next_dagrun for tutorial_taskflow_api_etl to None
[2022-10-16 07:15:05,355] {processor.py:171} INFO - Processing /home/airflow/.local/lib/python3.7/site-packages/airflow/example_dags/tutorial_taskflow_api_etl.py took 0.198 seconds
