[2022-10-16 06:43:22,969] {processor.py:163} INFO - Started process (PID=63) to work on /home/airflow/.local/lib/python3.7/site-packages/airflow/example_dags/tutorial_etl_dag.py
[2022-10-16 06:43:22,970] {processor.py:642} INFO - Processing file /home/airflow/.local/lib/python3.7/site-packages/airflow/example_dags/tutorial_etl_dag.py for tasks to queue
[2022-10-16 06:43:22,970] {logging_mixin.py:109} INFO - [2022-10-16 06:43:22,970] {dagbag.py:500} INFO - Filling up the DagBag from /home/airflow/.local/lib/python3.7/site-packages/airflow/example_dags/tutorial_etl_dag.py
[2022-10-16 06:43:22,993] {processor.py:654} INFO - DAG(s) dict_keys(['tutorial_etl_dag']) retrieved from /home/airflow/.local/lib/python3.7/site-packages/airflow/example_dags/tutorial_etl_dag.py
[2022-10-16 06:43:23,000] {logging_mixin.py:109} INFO - [2022-10-16 06:43:22,999] {dag.py:2398} INFO - Sync 1 DAGs
[2022-10-16 06:43:23,011] {logging_mixin.py:109} INFO - [2022-10-16 06:43:23,011] {dag.py:2937} INFO - Setting next_dagrun for tutorial_etl_dag to None
[2022-10-16 06:43:23,025] {processor.py:171} INFO - Processing /home/airflow/.local/lib/python3.7/site-packages/airflow/example_dags/tutorial_etl_dag.py took 0.058 seconds
[2022-10-16 06:43:53,786] {processor.py:163} INFO - Started process (PID=127) to work on /home/airflow/.local/lib/python3.7/site-packages/airflow/example_dags/tutorial_etl_dag.py
[2022-10-16 06:43:53,787] {processor.py:642} INFO - Processing file /home/airflow/.local/lib/python3.7/site-packages/airflow/example_dags/tutorial_etl_dag.py for tasks to queue
[2022-10-16 06:43:53,787] {logging_mixin.py:109} INFO - [2022-10-16 06:43:53,787] {dagbag.py:500} INFO - Filling up the DagBag from /home/airflow/.local/lib/python3.7/site-packages/airflow/example_dags/tutorial_etl_dag.py
[2022-10-16 06:43:53,809] {processor.py:654} INFO - DAG(s) dict_keys(['tutorial_etl_dag']) retrieved from /home/airflow/.local/lib/python3.7/site-packages/airflow/example_dags/tutorial_etl_dag.py
[2022-10-16 06:43:53,816] {logging_mixin.py:109} INFO - [2022-10-16 06:43:53,815] {dag.py:2398} INFO - Sync 1 DAGs
[2022-10-16 06:43:53,826] {logging_mixin.py:109} INFO - [2022-10-16 06:43:53,826] {dag.py:2937} INFO - Setting next_dagrun for tutorial_etl_dag to None
[2022-10-16 06:43:53,839] {processor.py:171} INFO - Processing /home/airflow/.local/lib/python3.7/site-packages/airflow/example_dags/tutorial_etl_dag.py took 0.055 seconds
[2022-10-16 06:44:24,619] {processor.py:163} INFO - Started process (PID=196) to work on /home/airflow/.local/lib/python3.7/site-packages/airflow/example_dags/tutorial_etl_dag.py
[2022-10-16 06:44:24,620] {processor.py:642} INFO - Processing file /home/airflow/.local/lib/python3.7/site-packages/airflow/example_dags/tutorial_etl_dag.py for tasks to queue
[2022-10-16 06:44:24,620] {logging_mixin.py:109} INFO - [2022-10-16 06:44:24,620] {dagbag.py:500} INFO - Filling up the DagBag from /home/airflow/.local/lib/python3.7/site-packages/airflow/example_dags/tutorial_etl_dag.py
[2022-10-16 06:44:24,641] {processor.py:654} INFO - DAG(s) dict_keys(['tutorial_etl_dag']) retrieved from /home/airflow/.local/lib/python3.7/site-packages/airflow/example_dags/tutorial_etl_dag.py
[2022-10-16 06:44:24,648] {logging_mixin.py:109} INFO - [2022-10-16 06:44:24,648] {dag.py:2398} INFO - Sync 1 DAGs
[2022-10-16 06:44:24,658] {logging_mixin.py:109} INFO - [2022-10-16 06:44:24,658] {dag.py:2937} INFO - Setting next_dagrun for tutorial_etl_dag to None
[2022-10-16 06:44:24,666] {processor.py:171} INFO - Processing /home/airflow/.local/lib/python3.7/site-packages/airflow/example_dags/tutorial_etl_dag.py took 0.049 seconds
[2022-10-16 06:44:54,720] {processor.py:163} INFO - Started process (PID=259) to work on /home/airflow/.local/lib/python3.7/site-packages/airflow/example_dags/tutorial_etl_dag.py
[2022-10-16 06:44:54,721] {processor.py:642} INFO - Processing file /home/airflow/.local/lib/python3.7/site-packages/airflow/example_dags/tutorial_etl_dag.py for tasks to queue
[2022-10-16 06:44:54,721] {logging_mixin.py:109} INFO - [2022-10-16 06:44:54,721] {dagbag.py:500} INFO - Filling up the DagBag from /home/airflow/.local/lib/python3.7/site-packages/airflow/example_dags/tutorial_etl_dag.py
[2022-10-16 06:44:54,742] {processor.py:654} INFO - DAG(s) dict_keys(['tutorial_etl_dag']) retrieved from /home/airflow/.local/lib/python3.7/site-packages/airflow/example_dags/tutorial_etl_dag.py
[2022-10-16 06:44:54,748] {logging_mixin.py:109} INFO - [2022-10-16 06:44:54,748] {dag.py:2398} INFO - Sync 1 DAGs
[2022-10-16 06:44:54,759] {logging_mixin.py:109} INFO - [2022-10-16 06:44:54,759] {dag.py:2937} INFO - Setting next_dagrun for tutorial_etl_dag to None
[2022-10-16 06:44:54,772] {processor.py:171} INFO - Processing /home/airflow/.local/lib/python3.7/site-packages/airflow/example_dags/tutorial_etl_dag.py took 0.054 seconds
[2022-10-16 06:45:25,737] {processor.py:163} INFO - Started process (PID=321) to work on /home/airflow/.local/lib/python3.7/site-packages/airflow/example_dags/tutorial_etl_dag.py
[2022-10-16 06:45:25,737] {processor.py:642} INFO - Processing file /home/airflow/.local/lib/python3.7/site-packages/airflow/example_dags/tutorial_etl_dag.py for tasks to queue
[2022-10-16 06:45:25,738] {logging_mixin.py:109} INFO - [2022-10-16 06:45:25,738] {dagbag.py:500} INFO - Filling up the DagBag from /home/airflow/.local/lib/python3.7/site-packages/airflow/example_dags/tutorial_etl_dag.py
[2022-10-16 06:45:25,759] {processor.py:654} INFO - DAG(s) dict_keys(['tutorial_etl_dag']) retrieved from /home/airflow/.local/lib/python3.7/site-packages/airflow/example_dags/tutorial_etl_dag.py
[2022-10-16 06:45:25,766] {logging_mixin.py:109} INFO - [2022-10-16 06:45:25,766] {dag.py:2398} INFO - Sync 1 DAGs
[2022-10-16 06:45:25,778] {logging_mixin.py:109} INFO - [2022-10-16 06:45:25,778] {dag.py:2937} INFO - Setting next_dagrun for tutorial_etl_dag to None
[2022-10-16 06:45:25,791] {processor.py:171} INFO - Processing /home/airflow/.local/lib/python3.7/site-packages/airflow/example_dags/tutorial_etl_dag.py took 0.057 seconds
[2022-10-16 06:45:55,828] {processor.py:163} INFO - Started process (PID=392) to work on /home/airflow/.local/lib/python3.7/site-packages/airflow/example_dags/tutorial_etl_dag.py
[2022-10-16 06:45:55,829] {processor.py:642} INFO - Processing file /home/airflow/.local/lib/python3.7/site-packages/airflow/example_dags/tutorial_etl_dag.py for tasks to queue
[2022-10-16 06:45:55,829] {logging_mixin.py:109} INFO - [2022-10-16 06:45:55,829] {dagbag.py:500} INFO - Filling up the DagBag from /home/airflow/.local/lib/python3.7/site-packages/airflow/example_dags/tutorial_etl_dag.py
[2022-10-16 06:45:55,850] {processor.py:654} INFO - DAG(s) dict_keys(['tutorial_etl_dag']) retrieved from /home/airflow/.local/lib/python3.7/site-packages/airflow/example_dags/tutorial_etl_dag.py
[2022-10-16 06:45:55,856] {logging_mixin.py:109} INFO - [2022-10-16 06:45:55,856] {dag.py:2398} INFO - Sync 1 DAGs
[2022-10-16 06:45:55,867] {logging_mixin.py:109} INFO - [2022-10-16 06:45:55,867] {dag.py:2937} INFO - Setting next_dagrun for tutorial_etl_dag to None
[2022-10-16 06:45:55,880] {processor.py:171} INFO - Processing /home/airflow/.local/lib/python3.7/site-packages/airflow/example_dags/tutorial_etl_dag.py took 0.054 seconds
[2022-10-16 06:46:27,008] {processor.py:163} INFO - Started process (PID=454) to work on /home/airflow/.local/lib/python3.7/site-packages/airflow/example_dags/tutorial_etl_dag.py
[2022-10-16 06:46:27,009] {processor.py:642} INFO - Processing file /home/airflow/.local/lib/python3.7/site-packages/airflow/example_dags/tutorial_etl_dag.py for tasks to queue
[2022-10-16 06:46:27,009] {logging_mixin.py:109} INFO - [2022-10-16 06:46:27,009] {dagbag.py:500} INFO - Filling up the DagBag from /home/airflow/.local/lib/python3.7/site-packages/airflow/example_dags/tutorial_etl_dag.py
[2022-10-16 06:46:27,030] {processor.py:654} INFO - DAG(s) dict_keys(['tutorial_etl_dag']) retrieved from /home/airflow/.local/lib/python3.7/site-packages/airflow/example_dags/tutorial_etl_dag.py
[2022-10-16 06:46:27,037] {logging_mixin.py:109} INFO - [2022-10-16 06:46:27,037] {dag.py:2398} INFO - Sync 1 DAGs
[2022-10-16 06:46:27,048] {logging_mixin.py:109} INFO - [2022-10-16 06:46:27,048] {dag.py:2937} INFO - Setting next_dagrun for tutorial_etl_dag to None
[2022-10-16 06:46:27,056] {processor.py:171} INFO - Processing /home/airflow/.local/lib/python3.7/site-packages/airflow/example_dags/tutorial_etl_dag.py took 0.050 seconds
[2022-10-16 06:46:58,098] {processor.py:163} INFO - Started process (PID=525) to work on /home/airflow/.local/lib/python3.7/site-packages/airflow/example_dags/tutorial_etl_dag.py
[2022-10-16 06:46:58,099] {processor.py:642} INFO - Processing file /home/airflow/.local/lib/python3.7/site-packages/airflow/example_dags/tutorial_etl_dag.py for tasks to queue
[2022-10-16 06:46:58,099] {logging_mixin.py:109} INFO - [2022-10-16 06:46:58,099] {dagbag.py:500} INFO - Filling up the DagBag from /home/airflow/.local/lib/python3.7/site-packages/airflow/example_dags/tutorial_etl_dag.py
[2022-10-16 06:46:58,121] {processor.py:654} INFO - DAG(s) dict_keys(['tutorial_etl_dag']) retrieved from /home/airflow/.local/lib/python3.7/site-packages/airflow/example_dags/tutorial_etl_dag.py
[2022-10-16 06:46:58,128] {logging_mixin.py:109} INFO - [2022-10-16 06:46:58,128] {dag.py:2398} INFO - Sync 1 DAGs
[2022-10-16 06:46:58,139] {logging_mixin.py:109} INFO - [2022-10-16 06:46:58,139] {dag.py:2937} INFO - Setting next_dagrun for tutorial_etl_dag to None
[2022-10-16 06:46:58,153] {processor.py:171} INFO - Processing /home/airflow/.local/lib/python3.7/site-packages/airflow/example_dags/tutorial_etl_dag.py took 0.057 seconds
[2022-10-16 06:47:28,952] {processor.py:163} INFO - Started process (PID=588) to work on /home/airflow/.local/lib/python3.7/site-packages/airflow/example_dags/tutorial_etl_dag.py
[2022-10-16 06:47:28,953] {processor.py:642} INFO - Processing file /home/airflow/.local/lib/python3.7/site-packages/airflow/example_dags/tutorial_etl_dag.py for tasks to queue
[2022-10-16 06:47:28,953] {logging_mixin.py:109} INFO - [2022-10-16 06:47:28,953] {dagbag.py:500} INFO - Filling up the DagBag from /home/airflow/.local/lib/python3.7/site-packages/airflow/example_dags/tutorial_etl_dag.py
[2022-10-16 06:47:28,975] {processor.py:654} INFO - DAG(s) dict_keys(['tutorial_etl_dag']) retrieved from /home/airflow/.local/lib/python3.7/site-packages/airflow/example_dags/tutorial_etl_dag.py
[2022-10-16 06:47:28,981] {logging_mixin.py:109} INFO - [2022-10-16 06:47:28,981] {dag.py:2398} INFO - Sync 1 DAGs
[2022-10-16 06:47:28,992] {logging_mixin.py:109} INFO - [2022-10-16 06:47:28,992] {dag.py:2937} INFO - Setting next_dagrun for tutorial_etl_dag to None
[2022-10-16 06:47:29,006] {processor.py:171} INFO - Processing /home/airflow/.local/lib/python3.7/site-packages/airflow/example_dags/tutorial_etl_dag.py took 0.056 seconds
[2022-10-16 06:47:59,203] {processor.py:163} INFO - Started process (PID=659) to work on /home/airflow/.local/lib/python3.7/site-packages/airflow/example_dags/tutorial_etl_dag.py
[2022-10-16 06:47:59,204] {processor.py:642} INFO - Processing file /home/airflow/.local/lib/python3.7/site-packages/airflow/example_dags/tutorial_etl_dag.py for tasks to queue
[2022-10-16 06:47:59,204] {logging_mixin.py:109} INFO - [2022-10-16 06:47:59,204] {dagbag.py:500} INFO - Filling up the DagBag from /home/airflow/.local/lib/python3.7/site-packages/airflow/example_dags/tutorial_etl_dag.py
[2022-10-16 06:47:59,224] {processor.py:654} INFO - DAG(s) dict_keys(['tutorial_etl_dag']) retrieved from /home/airflow/.local/lib/python3.7/site-packages/airflow/example_dags/tutorial_etl_dag.py
[2022-10-16 06:47:59,230] {logging_mixin.py:109} INFO - [2022-10-16 06:47:59,230] {dag.py:2398} INFO - Sync 1 DAGs
[2022-10-16 06:47:59,242] {logging_mixin.py:109} INFO - [2022-10-16 06:47:59,242] {dag.py:2937} INFO - Setting next_dagrun for tutorial_etl_dag to None
[2022-10-16 06:47:59,249] {processor.py:171} INFO - Processing /home/airflow/.local/lib/python3.7/site-packages/airflow/example_dags/tutorial_etl_dag.py took 0.048 seconds
[2022-10-16 06:48:30,381] {processor.py:163} INFO - Started process (PID=721) to work on /home/airflow/.local/lib/python3.7/site-packages/airflow/example_dags/tutorial_etl_dag.py
[2022-10-16 06:48:30,383] {processor.py:642} INFO - Processing file /home/airflow/.local/lib/python3.7/site-packages/airflow/example_dags/tutorial_etl_dag.py for tasks to queue
[2022-10-16 06:48:30,383] {logging_mixin.py:109} INFO - [2022-10-16 06:48:30,383] {dagbag.py:500} INFO - Filling up the DagBag from /home/airflow/.local/lib/python3.7/site-packages/airflow/example_dags/tutorial_etl_dag.py
[2022-10-16 06:48:30,407] {processor.py:654} INFO - DAG(s) dict_keys(['tutorial_etl_dag']) retrieved from /home/airflow/.local/lib/python3.7/site-packages/airflow/example_dags/tutorial_etl_dag.py
[2022-10-16 06:48:30,414] {logging_mixin.py:109} INFO - [2022-10-16 06:48:30,414] {dag.py:2398} INFO - Sync 1 DAGs
[2022-10-16 06:48:30,430] {logging_mixin.py:109} INFO - [2022-10-16 06:48:30,430] {dag.py:2937} INFO - Setting next_dagrun for tutorial_etl_dag to None
[2022-10-16 06:48:30,446] {processor.py:171} INFO - Processing /home/airflow/.local/lib/python3.7/site-packages/airflow/example_dags/tutorial_etl_dag.py took 0.066 seconds
[2022-10-16 06:49:00,692] {processor.py:163} INFO - Started process (PID=792) to work on /home/airflow/.local/lib/python3.7/site-packages/airflow/example_dags/tutorial_etl_dag.py
[2022-10-16 06:49:00,693] {processor.py:642} INFO - Processing file /home/airflow/.local/lib/python3.7/site-packages/airflow/example_dags/tutorial_etl_dag.py for tasks to queue
[2022-10-16 06:49:00,693] {logging_mixin.py:109} INFO - [2022-10-16 06:49:00,693] {dagbag.py:500} INFO - Filling up the DagBag from /home/airflow/.local/lib/python3.7/site-packages/airflow/example_dags/tutorial_etl_dag.py
[2022-10-16 06:49:00,713] {processor.py:654} INFO - DAG(s) dict_keys(['tutorial_etl_dag']) retrieved from /home/airflow/.local/lib/python3.7/site-packages/airflow/example_dags/tutorial_etl_dag.py
[2022-10-16 06:49:00,720] {logging_mixin.py:109} INFO - [2022-10-16 06:49:00,720] {dag.py:2398} INFO - Sync 1 DAGs
[2022-10-16 06:49:00,730] {logging_mixin.py:109} INFO - [2022-10-16 06:49:00,730] {dag.py:2937} INFO - Setting next_dagrun for tutorial_etl_dag to None
[2022-10-16 06:49:00,738] {processor.py:171} INFO - Processing /home/airflow/.local/lib/python3.7/site-packages/airflow/example_dags/tutorial_etl_dag.py took 0.048 seconds
[2022-10-16 06:49:31,631] {processor.py:163} INFO - Started process (PID=854) to work on /home/airflow/.local/lib/python3.7/site-packages/airflow/example_dags/tutorial_etl_dag.py
[2022-10-16 06:49:31,632] {processor.py:642} INFO - Processing file /home/airflow/.local/lib/python3.7/site-packages/airflow/example_dags/tutorial_etl_dag.py for tasks to queue
[2022-10-16 06:49:31,632] {logging_mixin.py:109} INFO - [2022-10-16 06:49:31,632] {dagbag.py:500} INFO - Filling up the DagBag from /home/airflow/.local/lib/python3.7/site-packages/airflow/example_dags/tutorial_etl_dag.py
[2022-10-16 06:49:31,653] {processor.py:654} INFO - DAG(s) dict_keys(['tutorial_etl_dag']) retrieved from /home/airflow/.local/lib/python3.7/site-packages/airflow/example_dags/tutorial_etl_dag.py
[2022-10-16 06:49:31,659] {logging_mixin.py:109} INFO - [2022-10-16 06:49:31,659] {dag.py:2398} INFO - Sync 1 DAGs
[2022-10-16 06:49:31,671] {logging_mixin.py:109} INFO - [2022-10-16 06:49:31,671] {dag.py:2937} INFO - Setting next_dagrun for tutorial_etl_dag to None
[2022-10-16 06:49:31,679] {processor.py:171} INFO - Processing /home/airflow/.local/lib/python3.7/site-packages/airflow/example_dags/tutorial_etl_dag.py took 0.050 seconds
[2022-10-16 06:50:02,706] {processor.py:163} INFO - Started process (PID=927) to work on /home/airflow/.local/lib/python3.7/site-packages/airflow/example_dags/tutorial_etl_dag.py
[2022-10-16 06:50:02,707] {processor.py:642} INFO - Processing file /home/airflow/.local/lib/python3.7/site-packages/airflow/example_dags/tutorial_etl_dag.py for tasks to queue
[2022-10-16 06:50:02,708] {logging_mixin.py:109} INFO - [2022-10-16 06:50:02,708] {dagbag.py:500} INFO - Filling up the DagBag from /home/airflow/.local/lib/python3.7/site-packages/airflow/example_dags/tutorial_etl_dag.py
[2022-10-16 06:50:02,729] {processor.py:654} INFO - DAG(s) dict_keys(['tutorial_etl_dag']) retrieved from /home/airflow/.local/lib/python3.7/site-packages/airflow/example_dags/tutorial_etl_dag.py
[2022-10-16 06:50:02,735] {logging_mixin.py:109} INFO - [2022-10-16 06:50:02,735] {dag.py:2398} INFO - Sync 1 DAGs
[2022-10-16 06:50:02,745] {logging_mixin.py:109} INFO - [2022-10-16 06:50:02,745] {dag.py:2937} INFO - Setting next_dagrun for tutorial_etl_dag to None
[2022-10-16 06:50:02,753] {processor.py:171} INFO - Processing /home/airflow/.local/lib/python3.7/site-packages/airflow/example_dags/tutorial_etl_dag.py took 0.048 seconds
[2022-10-16 06:50:32,927] {processor.py:163} INFO - Started process (PID=989) to work on /home/airflow/.local/lib/python3.7/site-packages/airflow/example_dags/tutorial_etl_dag.py
[2022-10-16 06:50:32,927] {processor.py:642} INFO - Processing file /home/airflow/.local/lib/python3.7/site-packages/airflow/example_dags/tutorial_etl_dag.py for tasks to queue
[2022-10-16 06:50:32,928] {logging_mixin.py:109} INFO - [2022-10-16 06:50:32,928] {dagbag.py:500} INFO - Filling up the DagBag from /home/airflow/.local/lib/python3.7/site-packages/airflow/example_dags/tutorial_etl_dag.py
[2022-10-16 06:50:32,949] {processor.py:654} INFO - DAG(s) dict_keys(['tutorial_etl_dag']) retrieved from /home/airflow/.local/lib/python3.7/site-packages/airflow/example_dags/tutorial_etl_dag.py
[2022-10-16 06:50:32,956] {logging_mixin.py:109} INFO - [2022-10-16 06:50:32,955] {dag.py:2398} INFO - Sync 1 DAGs
[2022-10-16 06:50:32,966] {logging_mixin.py:109} INFO - [2022-10-16 06:50:32,966] {dag.py:2937} INFO - Setting next_dagrun for tutorial_etl_dag to None
[2022-10-16 06:50:32,980] {processor.py:171} INFO - Processing /home/airflow/.local/lib/python3.7/site-packages/airflow/example_dags/tutorial_etl_dag.py took 0.055 seconds
[2022-10-16 06:51:03,341] {processor.py:163} INFO - Started process (PID=1062) to work on /home/airflow/.local/lib/python3.7/site-packages/airflow/example_dags/tutorial_etl_dag.py
[2022-10-16 06:51:03,342] {processor.py:642} INFO - Processing file /home/airflow/.local/lib/python3.7/site-packages/airflow/example_dags/tutorial_etl_dag.py for tasks to queue
[2022-10-16 06:51:03,342] {logging_mixin.py:109} INFO - [2022-10-16 06:51:03,342] {dagbag.py:500} INFO - Filling up the DagBag from /home/airflow/.local/lib/python3.7/site-packages/airflow/example_dags/tutorial_etl_dag.py
[2022-10-16 06:51:03,363] {processor.py:654} INFO - DAG(s) dict_keys(['tutorial_etl_dag']) retrieved from /home/airflow/.local/lib/python3.7/site-packages/airflow/example_dags/tutorial_etl_dag.py
[2022-10-16 06:51:03,370] {logging_mixin.py:109} INFO - [2022-10-16 06:51:03,370] {dag.py:2398} INFO - Sync 1 DAGs
[2022-10-16 06:51:03,382] {logging_mixin.py:109} INFO - [2022-10-16 06:51:03,382] {dag.py:2937} INFO - Setting next_dagrun for tutorial_etl_dag to None
[2022-10-16 06:51:03,390] {processor.py:171} INFO - Processing /home/airflow/.local/lib/python3.7/site-packages/airflow/example_dags/tutorial_etl_dag.py took 0.051 seconds
[2022-10-16 06:51:33,528] {processor.py:163} INFO - Started process (PID=1125) to work on /home/airflow/.local/lib/python3.7/site-packages/airflow/example_dags/tutorial_etl_dag.py
[2022-10-16 06:51:33,529] {processor.py:642} INFO - Processing file /home/airflow/.local/lib/python3.7/site-packages/airflow/example_dags/tutorial_etl_dag.py for tasks to queue
[2022-10-16 06:51:33,529] {logging_mixin.py:109} INFO - [2022-10-16 06:51:33,529] {dagbag.py:500} INFO - Filling up the DagBag from /home/airflow/.local/lib/python3.7/site-packages/airflow/example_dags/tutorial_etl_dag.py
[2022-10-16 06:51:33,550] {processor.py:654} INFO - DAG(s) dict_keys(['tutorial_etl_dag']) retrieved from /home/airflow/.local/lib/python3.7/site-packages/airflow/example_dags/tutorial_etl_dag.py
[2022-10-16 06:51:33,557] {logging_mixin.py:109} INFO - [2022-10-16 06:51:33,557] {dag.py:2398} INFO - Sync 1 DAGs
[2022-10-16 06:51:33,567] {logging_mixin.py:109} INFO - [2022-10-16 06:51:33,567] {dag.py:2937} INFO - Setting next_dagrun for tutorial_etl_dag to None
[2022-10-16 06:51:33,575] {processor.py:171} INFO - Processing /home/airflow/.local/lib/python3.7/site-packages/airflow/example_dags/tutorial_etl_dag.py took 0.049 seconds
[2022-10-16 06:52:04,015] {processor.py:163} INFO - Started process (PID=1196) to work on /home/airflow/.local/lib/python3.7/site-packages/airflow/example_dags/tutorial_etl_dag.py
[2022-10-16 06:52:04,015] {processor.py:642} INFO - Processing file /home/airflow/.local/lib/python3.7/site-packages/airflow/example_dags/tutorial_etl_dag.py for tasks to queue
[2022-10-16 06:52:04,016] {logging_mixin.py:109} INFO - [2022-10-16 06:52:04,016] {dagbag.py:500} INFO - Filling up the DagBag from /home/airflow/.local/lib/python3.7/site-packages/airflow/example_dags/tutorial_etl_dag.py
[2022-10-16 06:52:04,037] {processor.py:654} INFO - DAG(s) dict_keys(['tutorial_etl_dag']) retrieved from /home/airflow/.local/lib/python3.7/site-packages/airflow/example_dags/tutorial_etl_dag.py
[2022-10-16 06:52:04,043] {logging_mixin.py:109} INFO - [2022-10-16 06:52:04,043] {dag.py:2398} INFO - Sync 1 DAGs
[2022-10-16 06:52:04,054] {logging_mixin.py:109} INFO - [2022-10-16 06:52:04,054] {dag.py:2937} INFO - Setting next_dagrun for tutorial_etl_dag to None
[2022-10-16 06:52:04,067] {processor.py:171} INFO - Processing /home/airflow/.local/lib/python3.7/site-packages/airflow/example_dags/tutorial_etl_dag.py took 0.055 seconds
[2022-10-16 06:52:34,427] {processor.py:163} INFO - Started process (PID=1258) to work on /home/airflow/.local/lib/python3.7/site-packages/airflow/example_dags/tutorial_etl_dag.py
[2022-10-16 06:52:34,428] {processor.py:642} INFO - Processing file /home/airflow/.local/lib/python3.7/site-packages/airflow/example_dags/tutorial_etl_dag.py for tasks to queue
[2022-10-16 06:52:34,428] {logging_mixin.py:109} INFO - [2022-10-16 06:52:34,428] {dagbag.py:500} INFO - Filling up the DagBag from /home/airflow/.local/lib/python3.7/site-packages/airflow/example_dags/tutorial_etl_dag.py
[2022-10-16 06:52:34,448] {processor.py:654} INFO - DAG(s) dict_keys(['tutorial_etl_dag']) retrieved from /home/airflow/.local/lib/python3.7/site-packages/airflow/example_dags/tutorial_etl_dag.py
[2022-10-16 06:52:34,455] {logging_mixin.py:109} INFO - [2022-10-16 06:52:34,455] {dag.py:2398} INFO - Sync 1 DAGs
[2022-10-16 06:52:34,466] {logging_mixin.py:109} INFO - [2022-10-16 06:52:34,466] {dag.py:2937} INFO - Setting next_dagrun for tutorial_etl_dag to None
[2022-10-16 06:52:34,479] {processor.py:171} INFO - Processing /home/airflow/.local/lib/python3.7/site-packages/airflow/example_dags/tutorial_etl_dag.py took 0.055 seconds
[2022-10-16 06:53:05,625] {processor.py:163} INFO - Started process (PID=1329) to work on /home/airflow/.local/lib/python3.7/site-packages/airflow/example_dags/tutorial_etl_dag.py
[2022-10-16 06:53:05,626] {processor.py:642} INFO - Processing file /home/airflow/.local/lib/python3.7/site-packages/airflow/example_dags/tutorial_etl_dag.py for tasks to queue
[2022-10-16 06:53:05,626] {logging_mixin.py:109} INFO - [2022-10-16 06:53:05,626] {dagbag.py:500} INFO - Filling up the DagBag from /home/airflow/.local/lib/python3.7/site-packages/airflow/example_dags/tutorial_etl_dag.py
[2022-10-16 06:53:05,649] {processor.py:654} INFO - DAG(s) dict_keys(['tutorial_etl_dag']) retrieved from /home/airflow/.local/lib/python3.7/site-packages/airflow/example_dags/tutorial_etl_dag.py
[2022-10-16 06:53:05,658] {logging_mixin.py:109} INFO - [2022-10-16 06:53:05,658] {dag.py:2398} INFO - Sync 1 DAGs
[2022-10-16 06:53:05,671] {logging_mixin.py:109} INFO - [2022-10-16 06:53:05,671] {dag.py:2937} INFO - Setting next_dagrun for tutorial_etl_dag to None
[2022-10-16 06:53:05,681] {processor.py:171} INFO - Processing /home/airflow/.local/lib/python3.7/site-packages/airflow/example_dags/tutorial_etl_dag.py took 0.058 seconds
[2022-10-16 06:53:36,080] {processor.py:163} INFO - Started process (PID=1391) to work on /home/airflow/.local/lib/python3.7/site-packages/airflow/example_dags/tutorial_etl_dag.py
[2022-10-16 06:53:36,081] {processor.py:642} INFO - Processing file /home/airflow/.local/lib/python3.7/site-packages/airflow/example_dags/tutorial_etl_dag.py for tasks to queue
[2022-10-16 06:53:36,081] {logging_mixin.py:109} INFO - [2022-10-16 06:53:36,081] {dagbag.py:500} INFO - Filling up the DagBag from /home/airflow/.local/lib/python3.7/site-packages/airflow/example_dags/tutorial_etl_dag.py
[2022-10-16 06:53:36,102] {processor.py:654} INFO - DAG(s) dict_keys(['tutorial_etl_dag']) retrieved from /home/airflow/.local/lib/python3.7/site-packages/airflow/example_dags/tutorial_etl_dag.py
[2022-10-16 06:53:36,108] {logging_mixin.py:109} INFO - [2022-10-16 06:53:36,108] {dag.py:2398} INFO - Sync 1 DAGs
[2022-10-16 06:53:36,119] {logging_mixin.py:109} INFO - [2022-10-16 06:53:36,119] {dag.py:2937} INFO - Setting next_dagrun for tutorial_etl_dag to None
[2022-10-16 06:53:36,141] {processor.py:171} INFO - Processing /home/airflow/.local/lib/python3.7/site-packages/airflow/example_dags/tutorial_etl_dag.py took 0.064 seconds
[2022-10-16 06:54:06,427] {processor.py:163} INFO - Started process (PID=1464) to work on /home/airflow/.local/lib/python3.7/site-packages/airflow/example_dags/tutorial_etl_dag.py
[2022-10-16 06:54:06,428] {processor.py:642} INFO - Processing file /home/airflow/.local/lib/python3.7/site-packages/airflow/example_dags/tutorial_etl_dag.py for tasks to queue
[2022-10-16 06:54:06,428] {logging_mixin.py:109} INFO - [2022-10-16 06:54:06,428] {dagbag.py:500} INFO - Filling up the DagBag from /home/airflow/.local/lib/python3.7/site-packages/airflow/example_dags/tutorial_etl_dag.py
[2022-10-16 06:54:06,448] {processor.py:654} INFO - DAG(s) dict_keys(['tutorial_etl_dag']) retrieved from /home/airflow/.local/lib/python3.7/site-packages/airflow/example_dags/tutorial_etl_dag.py
[2022-10-16 06:54:06,455] {logging_mixin.py:109} INFO - [2022-10-16 06:54:06,455] {dag.py:2398} INFO - Sync 1 DAGs
[2022-10-16 06:54:06,467] {logging_mixin.py:109} INFO - [2022-10-16 06:54:06,467] {dag.py:2937} INFO - Setting next_dagrun for tutorial_etl_dag to None
[2022-10-16 06:54:06,481] {processor.py:171} INFO - Processing /home/airflow/.local/lib/python3.7/site-packages/airflow/example_dags/tutorial_etl_dag.py took 0.057 seconds
[2022-10-16 06:54:36,715] {processor.py:163} INFO - Started process (PID=1527) to work on /home/airflow/.local/lib/python3.7/site-packages/airflow/example_dags/tutorial_etl_dag.py
[2022-10-16 06:54:36,716] {processor.py:642} INFO - Processing file /home/airflow/.local/lib/python3.7/site-packages/airflow/example_dags/tutorial_etl_dag.py for tasks to queue
[2022-10-16 06:54:36,716] {logging_mixin.py:109} INFO - [2022-10-16 06:54:36,716] {dagbag.py:500} INFO - Filling up the DagBag from /home/airflow/.local/lib/python3.7/site-packages/airflow/example_dags/tutorial_etl_dag.py
[2022-10-16 06:54:36,736] {processor.py:654} INFO - DAG(s) dict_keys(['tutorial_etl_dag']) retrieved from /home/airflow/.local/lib/python3.7/site-packages/airflow/example_dags/tutorial_etl_dag.py
[2022-10-16 06:54:36,742] {logging_mixin.py:109} INFO - [2022-10-16 06:54:36,742] {dag.py:2398} INFO - Sync 1 DAGs
[2022-10-16 06:54:36,752] {logging_mixin.py:109} INFO - [2022-10-16 06:54:36,752] {dag.py:2937} INFO - Setting next_dagrun for tutorial_etl_dag to None
[2022-10-16 06:54:36,765] {processor.py:171} INFO - Processing /home/airflow/.local/lib/python3.7/site-packages/airflow/example_dags/tutorial_etl_dag.py took 0.052 seconds
[2022-10-16 06:55:06,945] {processor.py:163} INFO - Started process (PID=1599) to work on /home/airflow/.local/lib/python3.7/site-packages/airflow/example_dags/tutorial_etl_dag.py
[2022-10-16 06:55:06,946] {processor.py:642} INFO - Processing file /home/airflow/.local/lib/python3.7/site-packages/airflow/example_dags/tutorial_etl_dag.py for tasks to queue
[2022-10-16 06:55:06,946] {logging_mixin.py:109} INFO - [2022-10-16 06:55:06,946] {dagbag.py:500} INFO - Filling up the DagBag from /home/airflow/.local/lib/python3.7/site-packages/airflow/example_dags/tutorial_etl_dag.py
[2022-10-16 06:55:06,968] {processor.py:654} INFO - DAG(s) dict_keys(['tutorial_etl_dag']) retrieved from /home/airflow/.local/lib/python3.7/site-packages/airflow/example_dags/tutorial_etl_dag.py
[2022-10-16 06:55:06,976] {logging_mixin.py:109} INFO - [2022-10-16 06:55:06,976] {dag.py:2398} INFO - Sync 1 DAGs
[2022-10-16 06:55:06,987] {logging_mixin.py:109} INFO - [2022-10-16 06:55:06,987] {dag.py:2937} INFO - Setting next_dagrun for tutorial_etl_dag to None
[2022-10-16 06:55:06,995] {processor.py:171} INFO - Processing /home/airflow/.local/lib/python3.7/site-packages/airflow/example_dags/tutorial_etl_dag.py took 0.052 seconds
[2022-10-16 06:55:37,183] {processor.py:163} INFO - Started process (PID=1663) to work on /home/airflow/.local/lib/python3.7/site-packages/airflow/example_dags/tutorial_etl_dag.py
[2022-10-16 06:55:37,185] {processor.py:642} INFO - Processing file /home/airflow/.local/lib/python3.7/site-packages/airflow/example_dags/tutorial_etl_dag.py for tasks to queue
[2022-10-16 06:55:37,185] {logging_mixin.py:109} INFO - [2022-10-16 06:55:37,185] {dagbag.py:500} INFO - Filling up the DagBag from /home/airflow/.local/lib/python3.7/site-packages/airflow/example_dags/tutorial_etl_dag.py
[2022-10-16 06:55:37,206] {processor.py:654} INFO - DAG(s) dict_keys(['tutorial_etl_dag']) retrieved from /home/airflow/.local/lib/python3.7/site-packages/airflow/example_dags/tutorial_etl_dag.py
[2022-10-16 06:55:37,212] {logging_mixin.py:109} INFO - [2022-10-16 06:55:37,212] {dag.py:2398} INFO - Sync 1 DAGs
[2022-10-16 06:55:37,224] {logging_mixin.py:109} INFO - [2022-10-16 06:55:37,224] {dag.py:2937} INFO - Setting next_dagrun for tutorial_etl_dag to None
[2022-10-16 06:55:37,238] {processor.py:171} INFO - Processing /home/airflow/.local/lib/python3.7/site-packages/airflow/example_dags/tutorial_etl_dag.py took 0.057 seconds
[2022-10-16 06:56:07,548] {processor.py:163} INFO - Started process (PID=1734) to work on /home/airflow/.local/lib/python3.7/site-packages/airflow/example_dags/tutorial_etl_dag.py
[2022-10-16 06:56:07,549] {processor.py:642} INFO - Processing file /home/airflow/.local/lib/python3.7/site-packages/airflow/example_dags/tutorial_etl_dag.py for tasks to queue
[2022-10-16 06:56:07,549] {logging_mixin.py:109} INFO - [2022-10-16 06:56:07,549] {dagbag.py:500} INFO - Filling up the DagBag from /home/airflow/.local/lib/python3.7/site-packages/airflow/example_dags/tutorial_etl_dag.py
[2022-10-16 06:56:07,570] {processor.py:654} INFO - DAG(s) dict_keys(['tutorial_etl_dag']) retrieved from /home/airflow/.local/lib/python3.7/site-packages/airflow/example_dags/tutorial_etl_dag.py
[2022-10-16 06:56:07,576] {logging_mixin.py:109} INFO - [2022-10-16 06:56:07,576] {dag.py:2398} INFO - Sync 1 DAGs
[2022-10-16 06:56:07,586] {logging_mixin.py:109} INFO - [2022-10-16 06:56:07,586] {dag.py:2937} INFO - Setting next_dagrun for tutorial_etl_dag to None
[2022-10-16 06:56:07,599] {processor.py:171} INFO - Processing /home/airflow/.local/lib/python3.7/site-packages/airflow/example_dags/tutorial_etl_dag.py took 0.053 seconds
[2022-10-16 06:56:37,955] {processor.py:163} INFO - Started process (PID=1797) to work on /home/airflow/.local/lib/python3.7/site-packages/airflow/example_dags/tutorial_etl_dag.py
[2022-10-16 06:56:37,956] {processor.py:642} INFO - Processing file /home/airflow/.local/lib/python3.7/site-packages/airflow/example_dags/tutorial_etl_dag.py for tasks to queue
[2022-10-16 06:56:37,957] {logging_mixin.py:109} INFO - [2022-10-16 06:56:37,957] {dagbag.py:500} INFO - Filling up the DagBag from /home/airflow/.local/lib/python3.7/site-packages/airflow/example_dags/tutorial_etl_dag.py
[2022-10-16 06:56:37,978] {processor.py:654} INFO - DAG(s) dict_keys(['tutorial_etl_dag']) retrieved from /home/airflow/.local/lib/python3.7/site-packages/airflow/example_dags/tutorial_etl_dag.py
[2022-10-16 06:56:37,984] {logging_mixin.py:109} INFO - [2022-10-16 06:56:37,984] {dag.py:2398} INFO - Sync 1 DAGs
[2022-10-16 06:56:37,994] {logging_mixin.py:109} INFO - [2022-10-16 06:56:37,994] {dag.py:2937} INFO - Setting next_dagrun for tutorial_etl_dag to None
[2022-10-16 06:56:38,007] {processor.py:171} INFO - Processing /home/airflow/.local/lib/python3.7/site-packages/airflow/example_dags/tutorial_etl_dag.py took 0.054 seconds
[2022-10-16 06:57:08,234] {processor.py:163} INFO - Started process (PID=1870) to work on /home/airflow/.local/lib/python3.7/site-packages/airflow/example_dags/tutorial_etl_dag.py
[2022-10-16 06:57:08,235] {processor.py:642} INFO - Processing file /home/airflow/.local/lib/python3.7/site-packages/airflow/example_dags/tutorial_etl_dag.py for tasks to queue
[2022-10-16 06:57:08,235] {logging_mixin.py:109} INFO - [2022-10-16 06:57:08,235] {dagbag.py:500} INFO - Filling up the DagBag from /home/airflow/.local/lib/python3.7/site-packages/airflow/example_dags/tutorial_etl_dag.py
[2022-10-16 06:57:08,255] {processor.py:654} INFO - DAG(s) dict_keys(['tutorial_etl_dag']) retrieved from /home/airflow/.local/lib/python3.7/site-packages/airflow/example_dags/tutorial_etl_dag.py
[2022-10-16 06:57:08,262] {logging_mixin.py:109} INFO - [2022-10-16 06:57:08,262] {dag.py:2398} INFO - Sync 1 DAGs
[2022-10-16 06:57:08,273] {logging_mixin.py:109} INFO - [2022-10-16 06:57:08,273] {dag.py:2937} INFO - Setting next_dagrun for tutorial_etl_dag to None
[2022-10-16 06:57:08,286] {processor.py:171} INFO - Processing /home/airflow/.local/lib/python3.7/site-packages/airflow/example_dags/tutorial_etl_dag.py took 0.054 seconds
[2022-10-16 06:57:38,584] {processor.py:163} INFO - Started process (PID=1932) to work on /home/airflow/.local/lib/python3.7/site-packages/airflow/example_dags/tutorial_etl_dag.py
[2022-10-16 06:57:38,585] {processor.py:642} INFO - Processing file /home/airflow/.local/lib/python3.7/site-packages/airflow/example_dags/tutorial_etl_dag.py for tasks to queue
[2022-10-16 06:57:38,585] {logging_mixin.py:109} INFO - [2022-10-16 06:57:38,585] {dagbag.py:500} INFO - Filling up the DagBag from /home/airflow/.local/lib/python3.7/site-packages/airflow/example_dags/tutorial_etl_dag.py
[2022-10-16 06:57:38,605] {processor.py:654} INFO - DAG(s) dict_keys(['tutorial_etl_dag']) retrieved from /home/airflow/.local/lib/python3.7/site-packages/airflow/example_dags/tutorial_etl_dag.py
[2022-10-16 06:57:38,612] {logging_mixin.py:109} INFO - [2022-10-16 06:57:38,612] {dag.py:2398} INFO - Sync 1 DAGs
[2022-10-16 06:57:38,623] {logging_mixin.py:109} INFO - [2022-10-16 06:57:38,623] {dag.py:2937} INFO - Setting next_dagrun for tutorial_etl_dag to None
[2022-10-16 06:57:38,634] {processor.py:171} INFO - Processing /home/airflow/.local/lib/python3.7/site-packages/airflow/example_dags/tutorial_etl_dag.py took 0.052 seconds
[2022-10-16 06:58:08,892] {processor.py:163} INFO - Started process (PID=2009) to work on /home/airflow/.local/lib/python3.7/site-packages/airflow/example_dags/tutorial_etl_dag.py
[2022-10-16 06:58:08,893] {processor.py:642} INFO - Processing file /home/airflow/.local/lib/python3.7/site-packages/airflow/example_dags/tutorial_etl_dag.py for tasks to queue
[2022-10-16 06:58:08,893] {logging_mixin.py:109} INFO - [2022-10-16 06:58:08,893] {dagbag.py:500} INFO - Filling up the DagBag from /home/airflow/.local/lib/python3.7/site-packages/airflow/example_dags/tutorial_etl_dag.py
[2022-10-16 06:58:08,914] {processor.py:654} INFO - DAG(s) dict_keys(['tutorial_etl_dag']) retrieved from /home/airflow/.local/lib/python3.7/site-packages/airflow/example_dags/tutorial_etl_dag.py
[2022-10-16 06:58:08,920] {logging_mixin.py:109} INFO - [2022-10-16 06:58:08,920] {dag.py:2398} INFO - Sync 1 DAGs
[2022-10-16 06:58:08,931] {logging_mixin.py:109} INFO - [2022-10-16 06:58:08,931] {dag.py:2937} INFO - Setting next_dagrun for tutorial_etl_dag to None
[2022-10-16 06:58:08,956] {processor.py:171} INFO - Processing /home/airflow/.local/lib/python3.7/site-packages/airflow/example_dags/tutorial_etl_dag.py took 0.066 seconds
[2022-10-16 06:58:39,134] {processor.py:163} INFO - Started process (PID=2071) to work on /home/airflow/.local/lib/python3.7/site-packages/airflow/example_dags/tutorial_etl_dag.py
[2022-10-16 06:58:39,135] {processor.py:642} INFO - Processing file /home/airflow/.local/lib/python3.7/site-packages/airflow/example_dags/tutorial_etl_dag.py for tasks to queue
[2022-10-16 06:58:39,135] {logging_mixin.py:109} INFO - [2022-10-16 06:58:39,135] {dagbag.py:500} INFO - Filling up the DagBag from /home/airflow/.local/lib/python3.7/site-packages/airflow/example_dags/tutorial_etl_dag.py
[2022-10-16 06:58:39,157] {processor.py:654} INFO - DAG(s) dict_keys(['tutorial_etl_dag']) retrieved from /home/airflow/.local/lib/python3.7/site-packages/airflow/example_dags/tutorial_etl_dag.py
[2022-10-16 06:58:39,164] {logging_mixin.py:109} INFO - [2022-10-16 06:58:39,164] {dag.py:2398} INFO - Sync 1 DAGs
[2022-10-16 06:58:39,175] {logging_mixin.py:109} INFO - [2022-10-16 06:58:39,175] {dag.py:2937} INFO - Setting next_dagrun for tutorial_etl_dag to None
[2022-10-16 06:58:39,189] {processor.py:171} INFO - Processing /home/airflow/.local/lib/python3.7/site-packages/airflow/example_dags/tutorial_etl_dag.py took 0.057 seconds
[2022-10-16 06:59:09,376] {processor.py:163} INFO - Started process (PID=2142) to work on /home/airflow/.local/lib/python3.7/site-packages/airflow/example_dags/tutorial_etl_dag.py
[2022-10-16 06:59:09,377] {processor.py:642} INFO - Processing file /home/airflow/.local/lib/python3.7/site-packages/airflow/example_dags/tutorial_etl_dag.py for tasks to queue
[2022-10-16 06:59:09,378] {logging_mixin.py:109} INFO - [2022-10-16 06:59:09,378] {dagbag.py:500} INFO - Filling up the DagBag from /home/airflow/.local/lib/python3.7/site-packages/airflow/example_dags/tutorial_etl_dag.py
[2022-10-16 06:59:09,398] {processor.py:654} INFO - DAG(s) dict_keys(['tutorial_etl_dag']) retrieved from /home/airflow/.local/lib/python3.7/site-packages/airflow/example_dags/tutorial_etl_dag.py
[2022-10-16 06:59:09,403] {logging_mixin.py:109} INFO - [2022-10-16 06:59:09,403] {dag.py:2398} INFO - Sync 1 DAGs
[2022-10-16 06:59:09,414] {logging_mixin.py:109} INFO - [2022-10-16 06:59:09,414] {dag.py:2937} INFO - Setting next_dagrun for tutorial_etl_dag to None
[2022-10-16 06:59:09,427] {processor.py:171} INFO - Processing /home/airflow/.local/lib/python3.7/site-packages/airflow/example_dags/tutorial_etl_dag.py took 0.052 seconds
[2022-10-16 06:59:39,636] {processor.py:163} INFO - Started process (PID=2204) to work on /home/airflow/.local/lib/python3.7/site-packages/airflow/example_dags/tutorial_etl_dag.py
[2022-10-16 06:59:39,637] {processor.py:642} INFO - Processing file /home/airflow/.local/lib/python3.7/site-packages/airflow/example_dags/tutorial_etl_dag.py for tasks to queue
[2022-10-16 06:59:39,637] {logging_mixin.py:109} INFO - [2022-10-16 06:59:39,637] {dagbag.py:500} INFO - Filling up the DagBag from /home/airflow/.local/lib/python3.7/site-packages/airflow/example_dags/tutorial_etl_dag.py
[2022-10-16 06:59:39,657] {processor.py:654} INFO - DAG(s) dict_keys(['tutorial_etl_dag']) retrieved from /home/airflow/.local/lib/python3.7/site-packages/airflow/example_dags/tutorial_etl_dag.py
[2022-10-16 06:59:39,664] {logging_mixin.py:109} INFO - [2022-10-16 06:59:39,664] {dag.py:2398} INFO - Sync 1 DAGs
[2022-10-16 06:59:39,675] {logging_mixin.py:109} INFO - [2022-10-16 06:59:39,675] {dag.py:2937} INFO - Setting next_dagrun for tutorial_etl_dag to None
[2022-10-16 06:59:39,688] {processor.py:171} INFO - Processing /home/airflow/.local/lib/python3.7/site-packages/airflow/example_dags/tutorial_etl_dag.py took 0.054 seconds
[2022-10-16 07:00:10,336] {processor.py:163} INFO - Started process (PID=2276) to work on /home/airflow/.local/lib/python3.7/site-packages/airflow/example_dags/tutorial_etl_dag.py
[2022-10-16 07:00:10,344] {processor.py:642} INFO - Processing file /home/airflow/.local/lib/python3.7/site-packages/airflow/example_dags/tutorial_etl_dag.py for tasks to queue
[2022-10-16 07:00:10,344] {logging_mixin.py:109} INFO - [2022-10-16 07:00:10,344] {dagbag.py:500} INFO - Filling up the DagBag from /home/airflow/.local/lib/python3.7/site-packages/airflow/example_dags/tutorial_etl_dag.py
[2022-10-16 07:00:10,365] {processor.py:654} INFO - DAG(s) dict_keys(['tutorial_etl_dag']) retrieved from /home/airflow/.local/lib/python3.7/site-packages/airflow/example_dags/tutorial_etl_dag.py
[2022-10-16 07:00:10,371] {logging_mixin.py:109} INFO - [2022-10-16 07:00:10,371] {dag.py:2398} INFO - Sync 1 DAGs
[2022-10-16 07:00:10,382] {logging_mixin.py:109} INFO - [2022-10-16 07:00:10,382] {dag.py:2937} INFO - Setting next_dagrun for tutorial_etl_dag to None
[2022-10-16 07:00:10,390] {processor.py:171} INFO - Processing /home/airflow/.local/lib/python3.7/site-packages/airflow/example_dags/tutorial_etl_dag.py took 0.055 seconds
[2022-10-16 07:00:41,526] {processor.py:163} INFO - Started process (PID=2339) to work on /home/airflow/.local/lib/python3.7/site-packages/airflow/example_dags/tutorial_etl_dag.py
[2022-10-16 07:00:41,527] {processor.py:642} INFO - Processing file /home/airflow/.local/lib/python3.7/site-packages/airflow/example_dags/tutorial_etl_dag.py for tasks to queue
[2022-10-16 07:00:41,527] {logging_mixin.py:109} INFO - [2022-10-16 07:00:41,527] {dagbag.py:500} INFO - Filling up the DagBag from /home/airflow/.local/lib/python3.7/site-packages/airflow/example_dags/tutorial_etl_dag.py
[2022-10-16 07:00:41,549] {processor.py:654} INFO - DAG(s) dict_keys(['tutorial_etl_dag']) retrieved from /home/airflow/.local/lib/python3.7/site-packages/airflow/example_dags/tutorial_etl_dag.py
[2022-10-16 07:00:41,558] {logging_mixin.py:109} INFO - [2022-10-16 07:00:41,558] {dag.py:2398} INFO - Sync 1 DAGs
[2022-10-16 07:00:41,575] {logging_mixin.py:109} INFO - [2022-10-16 07:00:41,574] {dag.py:2937} INFO - Setting next_dagrun for tutorial_etl_dag to None
[2022-10-16 07:00:41,590] {processor.py:171} INFO - Processing /home/airflow/.local/lib/python3.7/site-packages/airflow/example_dags/tutorial_etl_dag.py took 0.065 seconds
[2022-10-16 07:01:11,892] {processor.py:163} INFO - Started process (PID=2410) to work on /home/airflow/.local/lib/python3.7/site-packages/airflow/example_dags/tutorial_etl_dag.py
[2022-10-16 07:01:11,892] {processor.py:642} INFO - Processing file /home/airflow/.local/lib/python3.7/site-packages/airflow/example_dags/tutorial_etl_dag.py for tasks to queue
[2022-10-16 07:01:11,893] {logging_mixin.py:109} INFO - [2022-10-16 07:01:11,893] {dagbag.py:500} INFO - Filling up the DagBag from /home/airflow/.local/lib/python3.7/site-packages/airflow/example_dags/tutorial_etl_dag.py
[2022-10-16 07:01:11,914] {processor.py:654} INFO - DAG(s) dict_keys(['tutorial_etl_dag']) retrieved from /home/airflow/.local/lib/python3.7/site-packages/airflow/example_dags/tutorial_etl_dag.py
[2022-10-16 07:01:11,921] {logging_mixin.py:109} INFO - [2022-10-16 07:01:11,921] {dag.py:2398} INFO - Sync 1 DAGs
[2022-10-16 07:01:11,932] {logging_mixin.py:109} INFO - [2022-10-16 07:01:11,932] {dag.py:2937} INFO - Setting next_dagrun for tutorial_etl_dag to None
[2022-10-16 07:01:11,945] {processor.py:171} INFO - Processing /home/airflow/.local/lib/python3.7/site-packages/airflow/example_dags/tutorial_etl_dag.py took 0.055 seconds
[2022-10-16 07:01:42,429] {processor.py:163} INFO - Started process (PID=2471) to work on /home/airflow/.local/lib/python3.7/site-packages/airflow/example_dags/tutorial_etl_dag.py
[2022-10-16 07:01:42,429] {processor.py:642} INFO - Processing file /home/airflow/.local/lib/python3.7/site-packages/airflow/example_dags/tutorial_etl_dag.py for tasks to queue
[2022-10-16 07:01:42,430] {logging_mixin.py:109} INFO - [2022-10-16 07:01:42,430] {dagbag.py:500} INFO - Filling up the DagBag from /home/airflow/.local/lib/python3.7/site-packages/airflow/example_dags/tutorial_etl_dag.py
[2022-10-16 07:01:42,451] {processor.py:654} INFO - DAG(s) dict_keys(['tutorial_etl_dag']) retrieved from /home/airflow/.local/lib/python3.7/site-packages/airflow/example_dags/tutorial_etl_dag.py
[2022-10-16 07:01:42,457] {logging_mixin.py:109} INFO - [2022-10-16 07:01:42,457] {dag.py:2398} INFO - Sync 1 DAGs
[2022-10-16 07:01:42,469] {logging_mixin.py:109} INFO - [2022-10-16 07:01:42,469] {dag.py:2937} INFO - Setting next_dagrun for tutorial_etl_dag to None
[2022-10-16 07:01:42,488] {processor.py:171} INFO - Processing /home/airflow/.local/lib/python3.7/site-packages/airflow/example_dags/tutorial_etl_dag.py took 0.061 seconds
[2022-10-16 07:02:12,733] {processor.py:163} INFO - Started process (PID=2544) to work on /home/airflow/.local/lib/python3.7/site-packages/airflow/example_dags/tutorial_etl_dag.py
[2022-10-16 07:02:12,733] {processor.py:642} INFO - Processing file /home/airflow/.local/lib/python3.7/site-packages/airflow/example_dags/tutorial_etl_dag.py for tasks to queue
[2022-10-16 07:02:12,734] {logging_mixin.py:109} INFO - [2022-10-16 07:02:12,734] {dagbag.py:500} INFO - Filling up the DagBag from /home/airflow/.local/lib/python3.7/site-packages/airflow/example_dags/tutorial_etl_dag.py
[2022-10-16 07:02:12,754] {processor.py:654} INFO - DAG(s) dict_keys(['tutorial_etl_dag']) retrieved from /home/airflow/.local/lib/python3.7/site-packages/airflow/example_dags/tutorial_etl_dag.py
[2022-10-16 07:02:12,761] {logging_mixin.py:109} INFO - [2022-10-16 07:02:12,761] {dag.py:2398} INFO - Sync 1 DAGs
[2022-10-16 07:02:12,772] {logging_mixin.py:109} INFO - [2022-10-16 07:02:12,772] {dag.py:2937} INFO - Setting next_dagrun for tutorial_etl_dag to None
[2022-10-16 07:02:12,786] {processor.py:171} INFO - Processing /home/airflow/.local/lib/python3.7/site-packages/airflow/example_dags/tutorial_etl_dag.py took 0.056 seconds
[2022-10-16 07:02:43,102] {processor.py:163} INFO - Started process (PID=2609) to work on /home/airflow/.local/lib/python3.7/site-packages/airflow/example_dags/tutorial_etl_dag.py
[2022-10-16 07:02:43,103] {processor.py:642} INFO - Processing file /home/airflow/.local/lib/python3.7/site-packages/airflow/example_dags/tutorial_etl_dag.py for tasks to queue
[2022-10-16 07:02:43,103] {logging_mixin.py:109} INFO - [2022-10-16 07:02:43,103] {dagbag.py:500} INFO - Filling up the DagBag from /home/airflow/.local/lib/python3.7/site-packages/airflow/example_dags/tutorial_etl_dag.py
[2022-10-16 07:02:43,124] {processor.py:654} INFO - DAG(s) dict_keys(['tutorial_etl_dag']) retrieved from /home/airflow/.local/lib/python3.7/site-packages/airflow/example_dags/tutorial_etl_dag.py
[2022-10-16 07:02:43,131] {logging_mixin.py:109} INFO - [2022-10-16 07:02:43,131] {dag.py:2398} INFO - Sync 1 DAGs
[2022-10-16 07:02:43,142] {logging_mixin.py:109} INFO - [2022-10-16 07:02:43,142] {dag.py:2937} INFO - Setting next_dagrun for tutorial_etl_dag to None
[2022-10-16 07:02:43,156] {processor.py:171} INFO - Processing /home/airflow/.local/lib/python3.7/site-packages/airflow/example_dags/tutorial_etl_dag.py took 0.056 seconds
[2022-10-16 07:03:13,592] {processor.py:163} INFO - Started process (PID=2681) to work on /home/airflow/.local/lib/python3.7/site-packages/airflow/example_dags/tutorial_etl_dag.py
[2022-10-16 07:03:13,593] {processor.py:642} INFO - Processing file /home/airflow/.local/lib/python3.7/site-packages/airflow/example_dags/tutorial_etl_dag.py for tasks to queue
[2022-10-16 07:03:13,593] {logging_mixin.py:109} INFO - [2022-10-16 07:03:13,593] {dagbag.py:500} INFO - Filling up the DagBag from /home/airflow/.local/lib/python3.7/site-packages/airflow/example_dags/tutorial_etl_dag.py
[2022-10-16 07:03:13,615] {processor.py:654} INFO - DAG(s) dict_keys(['tutorial_etl_dag']) retrieved from /home/airflow/.local/lib/python3.7/site-packages/airflow/example_dags/tutorial_etl_dag.py
[2022-10-16 07:03:13,621] {logging_mixin.py:109} INFO - [2022-10-16 07:03:13,621] {dag.py:2398} INFO - Sync 1 DAGs
[2022-10-16 07:03:13,633] {logging_mixin.py:109} INFO - [2022-10-16 07:03:13,633] {dag.py:2937} INFO - Setting next_dagrun for tutorial_etl_dag to None
[2022-10-16 07:03:13,646] {processor.py:171} INFO - Processing /home/airflow/.local/lib/python3.7/site-packages/airflow/example_dags/tutorial_etl_dag.py took 0.057 seconds
[2022-10-16 07:03:44,015] {processor.py:163} INFO - Started process (PID=2744) to work on /home/airflow/.local/lib/python3.7/site-packages/airflow/example_dags/tutorial_etl_dag.py
[2022-10-16 07:03:44,016] {processor.py:642} INFO - Processing file /home/airflow/.local/lib/python3.7/site-packages/airflow/example_dags/tutorial_etl_dag.py for tasks to queue
[2022-10-16 07:03:44,016] {logging_mixin.py:109} INFO - [2022-10-16 07:03:44,016] {dagbag.py:500} INFO - Filling up the DagBag from /home/airflow/.local/lib/python3.7/site-packages/airflow/example_dags/tutorial_etl_dag.py
[2022-10-16 07:03:44,039] {processor.py:654} INFO - DAG(s) dict_keys(['tutorial_etl_dag']) retrieved from /home/airflow/.local/lib/python3.7/site-packages/airflow/example_dags/tutorial_etl_dag.py
[2022-10-16 07:03:44,045] {logging_mixin.py:109} INFO - [2022-10-16 07:03:44,045] {dag.py:2398} INFO - Sync 1 DAGs
[2022-10-16 07:03:44,055] {logging_mixin.py:109} INFO - [2022-10-16 07:03:44,055] {dag.py:2937} INFO - Setting next_dagrun for tutorial_etl_dag to None
[2022-10-16 07:03:44,063] {processor.py:171} INFO - Processing /home/airflow/.local/lib/python3.7/site-packages/airflow/example_dags/tutorial_etl_dag.py took 0.050 seconds
[2022-10-16 07:04:14,367] {processor.py:163} INFO - Started process (PID=2815) to work on /home/airflow/.local/lib/python3.7/site-packages/airflow/example_dags/tutorial_etl_dag.py
[2022-10-16 07:04:14,367] {processor.py:642} INFO - Processing file /home/airflow/.local/lib/python3.7/site-packages/airflow/example_dags/tutorial_etl_dag.py for tasks to queue
[2022-10-16 07:04:14,368] {logging_mixin.py:109} INFO - [2022-10-16 07:04:14,368] {dagbag.py:500} INFO - Filling up the DagBag from /home/airflow/.local/lib/python3.7/site-packages/airflow/example_dags/tutorial_etl_dag.py
[2022-10-16 07:04:14,390] {processor.py:654} INFO - DAG(s) dict_keys(['tutorial_etl_dag']) retrieved from /home/airflow/.local/lib/python3.7/site-packages/airflow/example_dags/tutorial_etl_dag.py
[2022-10-16 07:04:14,398] {logging_mixin.py:109} INFO - [2022-10-16 07:04:14,398] {dag.py:2398} INFO - Sync 1 DAGs
[2022-10-16 07:04:14,412] {logging_mixin.py:109} INFO - [2022-10-16 07:04:14,412] {dag.py:2937} INFO - Setting next_dagrun for tutorial_etl_dag to None
[2022-10-16 07:04:14,420] {processor.py:171} INFO - Processing /home/airflow/.local/lib/python3.7/site-packages/airflow/example_dags/tutorial_etl_dag.py took 0.056 seconds
[2022-10-16 07:04:44,563] {processor.py:163} INFO - Started process (PID=2878) to work on /home/airflow/.local/lib/python3.7/site-packages/airflow/example_dags/tutorial_etl_dag.py
[2022-10-16 07:04:44,564] {processor.py:642} INFO - Processing file /home/airflow/.local/lib/python3.7/site-packages/airflow/example_dags/tutorial_etl_dag.py for tasks to queue
[2022-10-16 07:04:44,565] {logging_mixin.py:109} INFO - [2022-10-16 07:04:44,565] {dagbag.py:500} INFO - Filling up the DagBag from /home/airflow/.local/lib/python3.7/site-packages/airflow/example_dags/tutorial_etl_dag.py
[2022-10-16 07:04:44,586] {processor.py:654} INFO - DAG(s) dict_keys(['tutorial_etl_dag']) retrieved from /home/airflow/.local/lib/python3.7/site-packages/airflow/example_dags/tutorial_etl_dag.py
[2022-10-16 07:04:44,592] {logging_mixin.py:109} INFO - [2022-10-16 07:04:44,592] {dag.py:2398} INFO - Sync 1 DAGs
[2022-10-16 07:04:44,603] {logging_mixin.py:109} INFO - [2022-10-16 07:04:44,603] {dag.py:2937} INFO - Setting next_dagrun for tutorial_etl_dag to None
[2022-10-16 07:04:44,611] {processor.py:171} INFO - Processing /home/airflow/.local/lib/python3.7/site-packages/airflow/example_dags/tutorial_etl_dag.py took 0.050 seconds
[2022-10-16 07:05:15,082] {processor.py:163} INFO - Started process (PID=2953) to work on /home/airflow/.local/lib/python3.7/site-packages/airflow/example_dags/tutorial_etl_dag.py
[2022-10-16 07:05:15,082] {processor.py:642} INFO - Processing file /home/airflow/.local/lib/python3.7/site-packages/airflow/example_dags/tutorial_etl_dag.py for tasks to queue
[2022-10-16 07:05:15,083] {logging_mixin.py:109} INFO - [2022-10-16 07:05:15,083] {dagbag.py:500} INFO - Filling up the DagBag from /home/airflow/.local/lib/python3.7/site-packages/airflow/example_dags/tutorial_etl_dag.py
[2022-10-16 07:05:15,103] {processor.py:654} INFO - DAG(s) dict_keys(['tutorial_etl_dag']) retrieved from /home/airflow/.local/lib/python3.7/site-packages/airflow/example_dags/tutorial_etl_dag.py
[2022-10-16 07:05:15,109] {logging_mixin.py:109} INFO - [2022-10-16 07:05:15,109] {dag.py:2398} INFO - Sync 1 DAGs
[2022-10-16 07:05:15,120] {logging_mixin.py:109} INFO - [2022-10-16 07:05:15,120] {dag.py:2937} INFO - Setting next_dagrun for tutorial_etl_dag to None
[2022-10-16 07:05:15,132] {processor.py:171} INFO - Processing /home/airflow/.local/lib/python3.7/site-packages/airflow/example_dags/tutorial_etl_dag.py took 0.053 seconds
[2022-10-16 07:05:46,093] {processor.py:163} INFO - Started process (PID=3015) to work on /home/airflow/.local/lib/python3.7/site-packages/airflow/example_dags/tutorial_etl_dag.py
[2022-10-16 07:05:46,094] {processor.py:642} INFO - Processing file /home/airflow/.local/lib/python3.7/site-packages/airflow/example_dags/tutorial_etl_dag.py for tasks to queue
[2022-10-16 07:05:46,094] {logging_mixin.py:109} INFO - [2022-10-16 07:05:46,094] {dagbag.py:500} INFO - Filling up the DagBag from /home/airflow/.local/lib/python3.7/site-packages/airflow/example_dags/tutorial_etl_dag.py
[2022-10-16 07:05:46,115] {processor.py:654} INFO - DAG(s) dict_keys(['tutorial_etl_dag']) retrieved from /home/airflow/.local/lib/python3.7/site-packages/airflow/example_dags/tutorial_etl_dag.py
[2022-10-16 07:05:46,122] {logging_mixin.py:109} INFO - [2022-10-16 07:05:46,122] {dag.py:2398} INFO - Sync 1 DAGs
[2022-10-16 07:05:46,134] {logging_mixin.py:109} INFO - [2022-10-16 07:05:46,134] {dag.py:2937} INFO - Setting next_dagrun for tutorial_etl_dag to None
[2022-10-16 07:05:46,142] {processor.py:171} INFO - Processing /home/airflow/.local/lib/python3.7/site-packages/airflow/example_dags/tutorial_etl_dag.py took 0.051 seconds
[2022-10-16 07:06:17,199] {processor.py:163} INFO - Started process (PID=3086) to work on /home/airflow/.local/lib/python3.7/site-packages/airflow/example_dags/tutorial_etl_dag.py
[2022-10-16 07:06:17,200] {processor.py:642} INFO - Processing file /home/airflow/.local/lib/python3.7/site-packages/airflow/example_dags/tutorial_etl_dag.py for tasks to queue
[2022-10-16 07:06:17,200] {logging_mixin.py:109} INFO - [2022-10-16 07:06:17,200] {dagbag.py:500} INFO - Filling up the DagBag from /home/airflow/.local/lib/python3.7/site-packages/airflow/example_dags/tutorial_etl_dag.py
[2022-10-16 07:06:17,221] {processor.py:654} INFO - DAG(s) dict_keys(['tutorial_etl_dag']) retrieved from /home/airflow/.local/lib/python3.7/site-packages/airflow/example_dags/tutorial_etl_dag.py
[2022-10-16 07:06:17,228] {logging_mixin.py:109} INFO - [2022-10-16 07:06:17,228] {dag.py:2398} INFO - Sync 1 DAGs
[2022-10-16 07:06:17,240] {logging_mixin.py:109} INFO - [2022-10-16 07:06:17,240] {dag.py:2937} INFO - Setting next_dagrun for tutorial_etl_dag to None
[2022-10-16 07:06:17,248] {processor.py:171} INFO - Processing /home/airflow/.local/lib/python3.7/site-packages/airflow/example_dags/tutorial_etl_dag.py took 0.051 seconds
[2022-10-16 07:06:48,378] {processor.py:163} INFO - Started process (PID=3148) to work on /home/airflow/.local/lib/python3.7/site-packages/airflow/example_dags/tutorial_etl_dag.py
[2022-10-16 07:06:48,378] {processor.py:642} INFO - Processing file /home/airflow/.local/lib/python3.7/site-packages/airflow/example_dags/tutorial_etl_dag.py for tasks to queue
[2022-10-16 07:06:48,379] {logging_mixin.py:109} INFO - [2022-10-16 07:06:48,379] {dagbag.py:500} INFO - Filling up the DagBag from /home/airflow/.local/lib/python3.7/site-packages/airflow/example_dags/tutorial_etl_dag.py
[2022-10-16 07:06:48,401] {processor.py:654} INFO - DAG(s) dict_keys(['tutorial_etl_dag']) retrieved from /home/airflow/.local/lib/python3.7/site-packages/airflow/example_dags/tutorial_etl_dag.py
[2022-10-16 07:06:48,407] {logging_mixin.py:109} INFO - [2022-10-16 07:06:48,407] {dag.py:2398} INFO - Sync 1 DAGs
[2022-10-16 07:06:48,419] {logging_mixin.py:109} INFO - [2022-10-16 07:06:48,419] {dag.py:2937} INFO - Setting next_dagrun for tutorial_etl_dag to None
[2022-10-16 07:06:48,437] {processor.py:171} INFO - Processing /home/airflow/.local/lib/python3.7/site-packages/airflow/example_dags/tutorial_etl_dag.py took 0.062 seconds
[2022-10-16 07:07:19,718] {processor.py:163} INFO - Started process (PID=3219) to work on /home/airflow/.local/lib/python3.7/site-packages/airflow/example_dags/tutorial_etl_dag.py
[2022-10-16 07:07:19,720] {processor.py:642} INFO - Processing file /home/airflow/.local/lib/python3.7/site-packages/airflow/example_dags/tutorial_etl_dag.py for tasks to queue
[2022-10-16 07:07:19,721] {logging_mixin.py:109} INFO - [2022-10-16 07:07:19,721] {dagbag.py:500} INFO - Filling up the DagBag from /home/airflow/.local/lib/python3.7/site-packages/airflow/example_dags/tutorial_etl_dag.py
[2022-10-16 07:07:19,745] {processor.py:654} INFO - DAG(s) dict_keys(['tutorial_etl_dag']) retrieved from /home/airflow/.local/lib/python3.7/site-packages/airflow/example_dags/tutorial_etl_dag.py
[2022-10-16 07:07:19,751] {logging_mixin.py:109} INFO - [2022-10-16 07:07:19,751] {dag.py:2398} INFO - Sync 1 DAGs
[2022-10-16 07:07:19,763] {logging_mixin.py:109} INFO - [2022-10-16 07:07:19,763] {dag.py:2937} INFO - Setting next_dagrun for tutorial_etl_dag to None
[2022-10-16 07:07:19,776] {processor.py:171} INFO - Processing /home/airflow/.local/lib/python3.7/site-packages/airflow/example_dags/tutorial_etl_dag.py took 0.060 seconds
[2022-10-16 07:07:50,962] {processor.py:163} INFO - Started process (PID=3290) to work on /home/airflow/.local/lib/python3.7/site-packages/airflow/example_dags/tutorial_etl_dag.py
[2022-10-16 07:07:50,963] {processor.py:642} INFO - Processing file /home/airflow/.local/lib/python3.7/site-packages/airflow/example_dags/tutorial_etl_dag.py for tasks to queue
[2022-10-16 07:07:50,963] {logging_mixin.py:109} INFO - [2022-10-16 07:07:50,963] {dagbag.py:500} INFO - Filling up the DagBag from /home/airflow/.local/lib/python3.7/site-packages/airflow/example_dags/tutorial_etl_dag.py
[2022-10-16 07:07:50,988] {processor.py:654} INFO - DAG(s) dict_keys(['tutorial_etl_dag']) retrieved from /home/airflow/.local/lib/python3.7/site-packages/airflow/example_dags/tutorial_etl_dag.py
[2022-10-16 07:07:50,996] {logging_mixin.py:109} INFO - [2022-10-16 07:07:50,996] {dag.py:2398} INFO - Sync 1 DAGs
[2022-10-16 07:07:51,010] {logging_mixin.py:109} INFO - [2022-10-16 07:07:51,009] {dag.py:2937} INFO - Setting next_dagrun for tutorial_etl_dag to None
[2022-10-16 07:07:51,024] {processor.py:171} INFO - Processing /home/airflow/.local/lib/python3.7/site-packages/airflow/example_dags/tutorial_etl_dag.py took 0.065 seconds
[2022-10-16 07:08:22,178] {processor.py:163} INFO - Started process (PID=3354) to work on /home/airflow/.local/lib/python3.7/site-packages/airflow/example_dags/tutorial_etl_dag.py
[2022-10-16 07:08:22,179] {processor.py:642} INFO - Processing file /home/airflow/.local/lib/python3.7/site-packages/airflow/example_dags/tutorial_etl_dag.py for tasks to queue
[2022-10-16 07:08:22,179] {logging_mixin.py:109} INFO - [2022-10-16 07:08:22,179] {dagbag.py:500} INFO - Filling up the DagBag from /home/airflow/.local/lib/python3.7/site-packages/airflow/example_dags/tutorial_etl_dag.py
[2022-10-16 07:08:22,202] {processor.py:654} INFO - DAG(s) dict_keys(['tutorial_etl_dag']) retrieved from /home/airflow/.local/lib/python3.7/site-packages/airflow/example_dags/tutorial_etl_dag.py
[2022-10-16 07:08:22,209] {logging_mixin.py:109} INFO - [2022-10-16 07:08:22,209] {dag.py:2398} INFO - Sync 1 DAGs
[2022-10-16 07:08:22,222] {logging_mixin.py:109} INFO - [2022-10-16 07:08:22,222] {dag.py:2937} INFO - Setting next_dagrun for tutorial_etl_dag to None
[2022-10-16 07:08:22,236] {processor.py:171} INFO - Processing /home/airflow/.local/lib/python3.7/site-packages/airflow/example_dags/tutorial_etl_dag.py took 0.061 seconds
[2022-10-16 07:08:53,396] {processor.py:163} INFO - Started process (PID=3427) to work on /home/airflow/.local/lib/python3.7/site-packages/airflow/example_dags/tutorial_etl_dag.py
[2022-10-16 07:08:53,396] {processor.py:642} INFO - Processing file /home/airflow/.local/lib/python3.7/site-packages/airflow/example_dags/tutorial_etl_dag.py for tasks to queue
[2022-10-16 07:08:53,397] {logging_mixin.py:109} INFO - [2022-10-16 07:08:53,397] {dagbag.py:500} INFO - Filling up the DagBag from /home/airflow/.local/lib/python3.7/site-packages/airflow/example_dags/tutorial_etl_dag.py
[2022-10-16 07:08:53,416] {processor.py:654} INFO - DAG(s) dict_keys(['tutorial_etl_dag']) retrieved from /home/airflow/.local/lib/python3.7/site-packages/airflow/example_dags/tutorial_etl_dag.py
[2022-10-16 07:08:53,422] {logging_mixin.py:109} INFO - [2022-10-16 07:08:53,422] {dag.py:2398} INFO - Sync 1 DAGs
[2022-10-16 07:08:53,432] {logging_mixin.py:109} INFO - [2022-10-16 07:08:53,432] {dag.py:2937} INFO - Setting next_dagrun for tutorial_etl_dag to None
[2022-10-16 07:08:53,439] {processor.py:171} INFO - Processing /home/airflow/.local/lib/python3.7/site-packages/airflow/example_dags/tutorial_etl_dag.py took 0.046 seconds
[2022-10-16 07:09:24,419] {processor.py:163} INFO - Started process (PID=3490) to work on /home/airflow/.local/lib/python3.7/site-packages/airflow/example_dags/tutorial_etl_dag.py
[2022-10-16 07:09:24,420] {processor.py:642} INFO - Processing file /home/airflow/.local/lib/python3.7/site-packages/airflow/example_dags/tutorial_etl_dag.py for tasks to queue
[2022-10-16 07:09:24,420] {logging_mixin.py:109} INFO - [2022-10-16 07:09:24,420] {dagbag.py:500} INFO - Filling up the DagBag from /home/airflow/.local/lib/python3.7/site-packages/airflow/example_dags/tutorial_etl_dag.py
[2022-10-16 07:09:24,442] {processor.py:654} INFO - DAG(s) dict_keys(['tutorial_etl_dag']) retrieved from /home/airflow/.local/lib/python3.7/site-packages/airflow/example_dags/tutorial_etl_dag.py
[2022-10-16 07:09:24,451] {logging_mixin.py:109} INFO - [2022-10-16 07:09:24,451] {dag.py:2398} INFO - Sync 1 DAGs
[2022-10-16 07:09:24,467] {logging_mixin.py:109} INFO - [2022-10-16 07:09:24,467] {dag.py:2937} INFO - Setting next_dagrun for tutorial_etl_dag to None
[2022-10-16 07:09:24,489] {processor.py:171} INFO - Processing /home/airflow/.local/lib/python3.7/site-packages/airflow/example_dags/tutorial_etl_dag.py took 0.071 seconds
[2022-10-16 07:09:55,382] {processor.py:163} INFO - Started process (PID=3563) to work on /home/airflow/.local/lib/python3.7/site-packages/airflow/example_dags/tutorial_etl_dag.py
[2022-10-16 07:09:55,382] {processor.py:642} INFO - Processing file /home/airflow/.local/lib/python3.7/site-packages/airflow/example_dags/tutorial_etl_dag.py for tasks to queue
[2022-10-16 07:09:55,383] {logging_mixin.py:109} INFO - [2022-10-16 07:09:55,383] {dagbag.py:500} INFO - Filling up the DagBag from /home/airflow/.local/lib/python3.7/site-packages/airflow/example_dags/tutorial_etl_dag.py
[2022-10-16 07:09:55,403] {processor.py:654} INFO - DAG(s) dict_keys(['tutorial_etl_dag']) retrieved from /home/airflow/.local/lib/python3.7/site-packages/airflow/example_dags/tutorial_etl_dag.py
[2022-10-16 07:09:55,411] {logging_mixin.py:109} INFO - [2022-10-16 07:09:55,411] {dag.py:2398} INFO - Sync 1 DAGs
[2022-10-16 07:09:55,426] {logging_mixin.py:109} INFO - [2022-10-16 07:09:55,426] {dag.py:2937} INFO - Setting next_dagrun for tutorial_etl_dag to None
[2022-10-16 07:09:55,439] {processor.py:171} INFO - Processing /home/airflow/.local/lib/python3.7/site-packages/airflow/example_dags/tutorial_etl_dag.py took 0.060 seconds
[2022-10-16 07:10:26,614] {processor.py:163} INFO - Started process (PID=3626) to work on /home/airflow/.local/lib/python3.7/site-packages/airflow/example_dags/tutorial_etl_dag.py
[2022-10-16 07:10:26,614] {processor.py:642} INFO - Processing file /home/airflow/.local/lib/python3.7/site-packages/airflow/example_dags/tutorial_etl_dag.py for tasks to queue
[2022-10-16 07:10:26,615] {logging_mixin.py:109} INFO - [2022-10-16 07:10:26,615] {dagbag.py:500} INFO - Filling up the DagBag from /home/airflow/.local/lib/python3.7/site-packages/airflow/example_dags/tutorial_etl_dag.py
[2022-10-16 07:10:26,637] {processor.py:654} INFO - DAG(s) dict_keys(['tutorial_etl_dag']) retrieved from /home/airflow/.local/lib/python3.7/site-packages/airflow/example_dags/tutorial_etl_dag.py
[2022-10-16 07:10:26,644] {logging_mixin.py:109} INFO - [2022-10-16 07:10:26,644] {dag.py:2398} INFO - Sync 1 DAGs
[2022-10-16 07:10:26,655] {logging_mixin.py:109} INFO - [2022-10-16 07:10:26,655] {dag.py:2937} INFO - Setting next_dagrun for tutorial_etl_dag to None
[2022-10-16 07:10:26,669] {processor.py:171} INFO - Processing /home/airflow/.local/lib/python3.7/site-packages/airflow/example_dags/tutorial_etl_dag.py took 0.057 seconds
[2022-10-16 07:10:56,847] {processor.py:163} INFO - Started process (PID=3699) to work on /home/airflow/.local/lib/python3.7/site-packages/airflow/example_dags/tutorial_etl_dag.py
[2022-10-16 07:10:56,848] {processor.py:642} INFO - Processing file /home/airflow/.local/lib/python3.7/site-packages/airflow/example_dags/tutorial_etl_dag.py for tasks to queue
[2022-10-16 07:10:56,848] {logging_mixin.py:109} INFO - [2022-10-16 07:10:56,848] {dagbag.py:500} INFO - Filling up the DagBag from /home/airflow/.local/lib/python3.7/site-packages/airflow/example_dags/tutorial_etl_dag.py
[2022-10-16 07:10:56,871] {processor.py:654} INFO - DAG(s) dict_keys(['tutorial_etl_dag']) retrieved from /home/airflow/.local/lib/python3.7/site-packages/airflow/example_dags/tutorial_etl_dag.py
[2022-10-16 07:10:56,879] {logging_mixin.py:109} INFO - [2022-10-16 07:10:56,879] {dag.py:2398} INFO - Sync 1 DAGs
[2022-10-16 07:10:56,898] {logging_mixin.py:109} INFO - [2022-10-16 07:10:56,898] {dag.py:2937} INFO - Setting next_dagrun for tutorial_etl_dag to None
[2022-10-16 07:10:56,906] {processor.py:171} INFO - Processing /home/airflow/.local/lib/python3.7/site-packages/airflow/example_dags/tutorial_etl_dag.py took 0.061 seconds
[2022-10-16 07:11:26,920] {processor.py:163} INFO - Started process (PID=3758) to work on /home/airflow/.local/lib/python3.7/site-packages/airflow/example_dags/tutorial_etl_dag.py
[2022-10-16 07:11:26,920] {processor.py:642} INFO - Processing file /home/airflow/.local/lib/python3.7/site-packages/airflow/example_dags/tutorial_etl_dag.py for tasks to queue
[2022-10-16 07:11:26,921] {logging_mixin.py:109} INFO - [2022-10-16 07:11:26,921] {dagbag.py:500} INFO - Filling up the DagBag from /home/airflow/.local/lib/python3.7/site-packages/airflow/example_dags/tutorial_etl_dag.py
[2022-10-16 07:11:26,942] {processor.py:654} INFO - DAG(s) dict_keys(['tutorial_etl_dag']) retrieved from /home/airflow/.local/lib/python3.7/site-packages/airflow/example_dags/tutorial_etl_dag.py
[2022-10-16 07:11:26,948] {logging_mixin.py:109} INFO - [2022-10-16 07:11:26,948] {dag.py:2398} INFO - Sync 1 DAGs
[2022-10-16 07:11:26,959] {logging_mixin.py:109} INFO - [2022-10-16 07:11:26,958] {dag.py:2937} INFO - Setting next_dagrun for tutorial_etl_dag to None
[2022-10-16 07:11:26,978] {processor.py:171} INFO - Processing /home/airflow/.local/lib/python3.7/site-packages/airflow/example_dags/tutorial_etl_dag.py took 0.060 seconds
[2022-10-16 07:11:58,038] {processor.py:163} INFO - Started process (PID=3830) to work on /home/airflow/.local/lib/python3.7/site-packages/airflow/example_dags/tutorial_etl_dag.py
[2022-10-16 07:11:58,038] {processor.py:642} INFO - Processing file /home/airflow/.local/lib/python3.7/site-packages/airflow/example_dags/tutorial_etl_dag.py for tasks to queue
[2022-10-16 07:11:58,039] {logging_mixin.py:109} INFO - [2022-10-16 07:11:58,039] {dagbag.py:500} INFO - Filling up the DagBag from /home/airflow/.local/lib/python3.7/site-packages/airflow/example_dags/tutorial_etl_dag.py
[2022-10-16 07:11:58,060] {processor.py:654} INFO - DAG(s) dict_keys(['tutorial_etl_dag']) retrieved from /home/airflow/.local/lib/python3.7/site-packages/airflow/example_dags/tutorial_etl_dag.py
[2022-10-16 07:11:58,067] {logging_mixin.py:109} INFO - [2022-10-16 07:11:58,067] {dag.py:2398} INFO - Sync 1 DAGs
[2022-10-16 07:11:58,078] {logging_mixin.py:109} INFO - [2022-10-16 07:11:58,078] {dag.py:2937} INFO - Setting next_dagrun for tutorial_etl_dag to None
[2022-10-16 07:11:58,085] {processor.py:171} INFO - Processing /home/airflow/.local/lib/python3.7/site-packages/airflow/example_dags/tutorial_etl_dag.py took 0.050 seconds
[2022-10-16 07:12:29,214] {processor.py:163} INFO - Started process (PID=3892) to work on /home/airflow/.local/lib/python3.7/site-packages/airflow/example_dags/tutorial_etl_dag.py
[2022-10-16 07:12:29,215] {processor.py:642} INFO - Processing file /home/airflow/.local/lib/python3.7/site-packages/airflow/example_dags/tutorial_etl_dag.py for tasks to queue
[2022-10-16 07:12:29,215] {logging_mixin.py:109} INFO - [2022-10-16 07:12:29,215] {dagbag.py:500} INFO - Filling up the DagBag from /home/airflow/.local/lib/python3.7/site-packages/airflow/example_dags/tutorial_etl_dag.py
[2022-10-16 07:12:29,237] {processor.py:654} INFO - DAG(s) dict_keys(['tutorial_etl_dag']) retrieved from /home/airflow/.local/lib/python3.7/site-packages/airflow/example_dags/tutorial_etl_dag.py
[2022-10-16 07:12:29,243] {logging_mixin.py:109} INFO - [2022-10-16 07:12:29,243] {dag.py:2398} INFO - Sync 1 DAGs
[2022-10-16 07:12:29,254] {logging_mixin.py:109} INFO - [2022-10-16 07:12:29,253] {dag.py:2937} INFO - Setting next_dagrun for tutorial_etl_dag to None
[2022-10-16 07:12:29,261] {processor.py:171} INFO - Processing /home/airflow/.local/lib/python3.7/site-packages/airflow/example_dags/tutorial_etl_dag.py took 0.049 seconds
[2022-10-16 07:13:00,332] {processor.py:163} INFO - Started process (PID=3963) to work on /home/airflow/.local/lib/python3.7/site-packages/airflow/example_dags/tutorial_etl_dag.py
[2022-10-16 07:13:00,333] {processor.py:642} INFO - Processing file /home/airflow/.local/lib/python3.7/site-packages/airflow/example_dags/tutorial_etl_dag.py for tasks to queue
[2022-10-16 07:13:00,334] {logging_mixin.py:109} INFO - [2022-10-16 07:13:00,333] {dagbag.py:500} INFO - Filling up the DagBag from /home/airflow/.local/lib/python3.7/site-packages/airflow/example_dags/tutorial_etl_dag.py
[2022-10-16 07:13:00,358] {processor.py:654} INFO - DAG(s) dict_keys(['tutorial_etl_dag']) retrieved from /home/airflow/.local/lib/python3.7/site-packages/airflow/example_dags/tutorial_etl_dag.py
[2022-10-16 07:13:00,366] {logging_mixin.py:109} INFO - [2022-10-16 07:13:00,366] {dag.py:2398} INFO - Sync 1 DAGs
[2022-10-16 07:13:00,377] {logging_mixin.py:109} INFO - [2022-10-16 07:13:00,377] {dag.py:2937} INFO - Setting next_dagrun for tutorial_etl_dag to None
[2022-10-16 07:13:00,385] {processor.py:171} INFO - Processing /home/airflow/.local/lib/python3.7/site-packages/airflow/example_dags/tutorial_etl_dag.py took 0.056 seconds
[2022-10-16 07:13:31,577] {processor.py:163} INFO - Started process (PID=4026) to work on /home/airflow/.local/lib/python3.7/site-packages/airflow/example_dags/tutorial_etl_dag.py
[2022-10-16 07:13:31,580] {processor.py:642} INFO - Processing file /home/airflow/.local/lib/python3.7/site-packages/airflow/example_dags/tutorial_etl_dag.py for tasks to queue
[2022-10-16 07:13:31,580] {logging_mixin.py:109} INFO - [2022-10-16 07:13:31,580] {dagbag.py:500} INFO - Filling up the DagBag from /home/airflow/.local/lib/python3.7/site-packages/airflow/example_dags/tutorial_etl_dag.py
[2022-10-16 07:13:31,603] {processor.py:654} INFO - DAG(s) dict_keys(['tutorial_etl_dag']) retrieved from /home/airflow/.local/lib/python3.7/site-packages/airflow/example_dags/tutorial_etl_dag.py
[2022-10-16 07:13:31,610] {logging_mixin.py:109} INFO - [2022-10-16 07:13:31,610] {dag.py:2398} INFO - Sync 1 DAGs
[2022-10-16 07:13:31,621] {logging_mixin.py:109} INFO - [2022-10-16 07:13:31,621] {dag.py:2937} INFO - Setting next_dagrun for tutorial_etl_dag to None
[2022-10-16 07:13:31,642] {processor.py:171} INFO - Processing /home/airflow/.local/lib/python3.7/site-packages/airflow/example_dags/tutorial_etl_dag.py took 0.068 seconds
[2022-10-16 07:14:02,039] {processor.py:163} INFO - Started process (PID=4098) to work on /home/airflow/.local/lib/python3.7/site-packages/airflow/example_dags/tutorial_etl_dag.py
[2022-10-16 07:14:02,040] {processor.py:642} INFO - Processing file /home/airflow/.local/lib/python3.7/site-packages/airflow/example_dags/tutorial_etl_dag.py for tasks to queue
[2022-10-16 07:14:02,040] {logging_mixin.py:109} INFO - [2022-10-16 07:14:02,040] {dagbag.py:500} INFO - Filling up the DagBag from /home/airflow/.local/lib/python3.7/site-packages/airflow/example_dags/tutorial_etl_dag.py
[2022-10-16 07:14:02,068] {processor.py:654} INFO - DAG(s) dict_keys(['tutorial_etl_dag']) retrieved from /home/airflow/.local/lib/python3.7/site-packages/airflow/example_dags/tutorial_etl_dag.py
[2022-10-16 07:14:02,079] {logging_mixin.py:109} INFO - [2022-10-16 07:14:02,079] {dag.py:2398} INFO - Sync 1 DAGs
[2022-10-16 07:14:02,090] {logging_mixin.py:109} INFO - [2022-10-16 07:14:02,090] {dag.py:2937} INFO - Setting next_dagrun for tutorial_etl_dag to None
[2022-10-16 07:14:02,111] {processor.py:171} INFO - Processing /home/airflow/.local/lib/python3.7/site-packages/airflow/example_dags/tutorial_etl_dag.py took 0.074 seconds
[2022-10-16 07:14:33,176] {processor.py:163} INFO - Started process (PID=4160) to work on /home/airflow/.local/lib/python3.7/site-packages/airflow/example_dags/tutorial_etl_dag.py
[2022-10-16 07:14:33,177] {processor.py:642} INFO - Processing file /home/airflow/.local/lib/python3.7/site-packages/airflow/example_dags/tutorial_etl_dag.py for tasks to queue
[2022-10-16 07:14:33,178] {logging_mixin.py:109} INFO - [2022-10-16 07:14:33,178] {dagbag.py:500} INFO - Filling up the DagBag from /home/airflow/.local/lib/python3.7/site-packages/airflow/example_dags/tutorial_etl_dag.py
[2022-10-16 07:14:33,239] {processor.py:654} INFO - DAG(s) dict_keys(['tutorial_etl_dag']) retrieved from /home/airflow/.local/lib/python3.7/site-packages/airflow/example_dags/tutorial_etl_dag.py
[2022-10-16 07:14:33,249] {logging_mixin.py:109} INFO - [2022-10-16 07:14:33,249] {dag.py:2398} INFO - Sync 1 DAGs
[2022-10-16 07:14:33,265] {logging_mixin.py:109} INFO - [2022-10-16 07:14:33,265] {dag.py:2937} INFO - Setting next_dagrun for tutorial_etl_dag to None
[2022-10-16 07:14:33,275] {processor.py:171} INFO - Processing /home/airflow/.local/lib/python3.7/site-packages/airflow/example_dags/tutorial_etl_dag.py took 0.102 seconds
[2022-10-16 07:15:03,779] {processor.py:163} INFO - Started process (PID=4233) to work on /home/airflow/.local/lib/python3.7/site-packages/airflow/example_dags/tutorial_etl_dag.py
[2022-10-16 07:15:03,780] {processor.py:642} INFO - Processing file /home/airflow/.local/lib/python3.7/site-packages/airflow/example_dags/tutorial_etl_dag.py for tasks to queue
[2022-10-16 07:15:03,780] {logging_mixin.py:109} INFO - [2022-10-16 07:15:03,780] {dagbag.py:500} INFO - Filling up the DagBag from /home/airflow/.local/lib/python3.7/site-packages/airflow/example_dags/tutorial_etl_dag.py
[2022-10-16 07:15:03,802] {processor.py:654} INFO - DAG(s) dict_keys(['tutorial_etl_dag']) retrieved from /home/airflow/.local/lib/python3.7/site-packages/airflow/example_dags/tutorial_etl_dag.py
[2022-10-16 07:15:03,808] {logging_mixin.py:109} INFO - [2022-10-16 07:15:03,808] {dag.py:2398} INFO - Sync 1 DAGs
[2022-10-16 07:15:03,819] {logging_mixin.py:109} INFO - [2022-10-16 07:15:03,819] {dag.py:2937} INFO - Setting next_dagrun for tutorial_etl_dag to None
[2022-10-16 07:15:03,850] {processor.py:171} INFO - Processing /home/airflow/.local/lib/python3.7/site-packages/airflow/example_dags/tutorial_etl_dag.py took 0.074 seconds
