[2022-11-30 06:48:21,826] {processor.py:163} INFO - Started process (PID=78) to work on /home/airflow/.local/lib/python3.7/site-packages/airflow/example_dags/example_branch_python_dop_operator_3.py
[2022-11-30 06:48:21,826] {processor.py:642} INFO - Processing file /home/airflow/.local/lib/python3.7/site-packages/airflow/example_dags/example_branch_python_dop_operator_3.py for tasks to queue
[2022-11-30 06:48:21,827] {logging_mixin.py:109} INFO - [2022-11-30 06:48:21,827] {dagbag.py:500} INFO - Filling up the DagBag from /home/airflow/.local/lib/python3.7/site-packages/airflow/example_dags/example_branch_python_dop_operator_3.py
[2022-11-30 06:48:21,851] {processor.py:654} INFO - DAG(s) dict_keys(['example_branch_dop_operator_v3']) retrieved from /home/airflow/.local/lib/python3.7/site-packages/airflow/example_dags/example_branch_python_dop_operator_3.py
[2022-11-30 06:48:21,861] {logging_mixin.py:109} INFO - [2022-11-30 06:48:21,861] {dag.py:2398} INFO - Sync 1 DAGs
[2022-11-30 06:48:21,880] {logging_mixin.py:109} INFO - [2022-11-30 06:48:21,880] {dag.py:2937} INFO - Setting next_dagrun for example_branch_dop_operator_v3 to 2022-11-30T06:47:00+00:00
[2022-11-30 06:48:21,926] {processor.py:171} INFO - Processing /home/airflow/.local/lib/python3.7/site-packages/airflow/example_dags/example_branch_python_dop_operator_3.py took 0.103 seconds
[2022-11-30 06:48:52,612] {processor.py:163} INFO - Started process (PID=151) to work on /home/airflow/.local/lib/python3.7/site-packages/airflow/example_dags/example_branch_python_dop_operator_3.py
[2022-11-30 06:48:52,613] {processor.py:642} INFO - Processing file /home/airflow/.local/lib/python3.7/site-packages/airflow/example_dags/example_branch_python_dop_operator_3.py for tasks to queue
[2022-11-30 06:48:52,613] {logging_mixin.py:109} INFO - [2022-11-30 06:48:52,613] {dagbag.py:500} INFO - Filling up the DagBag from /home/airflow/.local/lib/python3.7/site-packages/airflow/example_dags/example_branch_python_dop_operator_3.py
[2022-11-30 06:48:52,636] {processor.py:654} INFO - DAG(s) dict_keys(['example_branch_dop_operator_v3']) retrieved from /home/airflow/.local/lib/python3.7/site-packages/airflow/example_dags/example_branch_python_dop_operator_3.py
[2022-11-30 06:48:52,642] {logging_mixin.py:109} INFO - [2022-11-30 06:48:52,642] {dag.py:2398} INFO - Sync 1 DAGs
[2022-11-30 06:48:52,664] {logging_mixin.py:109} INFO - [2022-11-30 06:48:52,663] {dag.py:2937} INFO - Setting next_dagrun for example_branch_dop_operator_v3 to 2022-11-30T06:47:00+00:00
[2022-11-30 06:48:52,672] {processor.py:171} INFO - Processing /home/airflow/.local/lib/python3.7/site-packages/airflow/example_dags/example_branch_python_dop_operator_3.py took 0.063 seconds
[2022-11-30 06:49:23,457] {processor.py:163} INFO - Started process (PID=213) to work on /home/airflow/.local/lib/python3.7/site-packages/airflow/example_dags/example_branch_python_dop_operator_3.py
[2022-11-30 06:49:23,476] {processor.py:642} INFO - Processing file /home/airflow/.local/lib/python3.7/site-packages/airflow/example_dags/example_branch_python_dop_operator_3.py for tasks to queue
[2022-11-30 06:49:23,477] {logging_mixin.py:109} INFO - [2022-11-30 06:49:23,477] {dagbag.py:500} INFO - Filling up the DagBag from /home/airflow/.local/lib/python3.7/site-packages/airflow/example_dags/example_branch_python_dop_operator_3.py
[2022-11-30 06:49:23,510] {processor.py:654} INFO - DAG(s) dict_keys(['example_branch_dop_operator_v3']) retrieved from /home/airflow/.local/lib/python3.7/site-packages/airflow/example_dags/example_branch_python_dop_operator_3.py
[2022-11-30 06:49:23,518] {logging_mixin.py:109} INFO - [2022-11-30 06:49:23,517] {dag.py:2398} INFO - Sync 1 DAGs
[2022-11-30 06:49:23,540] {logging_mixin.py:109} INFO - [2022-11-30 06:49:23,540] {dag.py:2937} INFO - Setting next_dagrun for example_branch_dop_operator_v3 to 2022-11-30T06:48:00+00:00
[2022-11-30 06:49:23,579] {processor.py:171} INFO - Processing /home/airflow/.local/lib/python3.7/site-packages/airflow/example_dags/example_branch_python_dop_operator_3.py took 0.125 seconds
[2022-11-30 06:49:54,161] {processor.py:163} INFO - Started process (PID=287) to work on /home/airflow/.local/lib/python3.7/site-packages/airflow/example_dags/example_branch_python_dop_operator_3.py
[2022-11-30 06:49:54,162] {processor.py:642} INFO - Processing file /home/airflow/.local/lib/python3.7/site-packages/airflow/example_dags/example_branch_python_dop_operator_3.py for tasks to queue
[2022-11-30 06:49:54,162] {logging_mixin.py:109} INFO - [2022-11-30 06:49:54,162] {dagbag.py:500} INFO - Filling up the DagBag from /home/airflow/.local/lib/python3.7/site-packages/airflow/example_dags/example_branch_python_dop_operator_3.py
[2022-11-30 06:49:54,187] {processor.py:654} INFO - DAG(s) dict_keys(['example_branch_dop_operator_v3']) retrieved from /home/airflow/.local/lib/python3.7/site-packages/airflow/example_dags/example_branch_python_dop_operator_3.py
[2022-11-30 06:49:54,194] {logging_mixin.py:109} INFO - [2022-11-30 06:49:54,194] {dag.py:2398} INFO - Sync 1 DAGs
[2022-11-30 06:49:54,217] {logging_mixin.py:109} INFO - [2022-11-30 06:49:54,217] {dag.py:2937} INFO - Setting next_dagrun for example_branch_dop_operator_v3 to 2022-11-30T06:48:00+00:00
[2022-11-30 06:49:54,235] {processor.py:171} INFO - Processing /home/airflow/.local/lib/python3.7/site-packages/airflow/example_dags/example_branch_python_dop_operator_3.py took 0.076 seconds
[2022-11-30 06:50:25,329] {processor.py:163} INFO - Started process (PID=349) to work on /home/airflow/.local/lib/python3.7/site-packages/airflow/example_dags/example_branch_python_dop_operator_3.py
[2022-11-30 06:50:25,330] {processor.py:642} INFO - Processing file /home/airflow/.local/lib/python3.7/site-packages/airflow/example_dags/example_branch_python_dop_operator_3.py for tasks to queue
[2022-11-30 06:50:25,330] {logging_mixin.py:109} INFO - [2022-11-30 06:50:25,330] {dagbag.py:500} INFO - Filling up the DagBag from /home/airflow/.local/lib/python3.7/site-packages/airflow/example_dags/example_branch_python_dop_operator_3.py
[2022-11-30 06:50:25,352] {processor.py:654} INFO - DAG(s) dict_keys(['example_branch_dop_operator_v3']) retrieved from /home/airflow/.local/lib/python3.7/site-packages/airflow/example_dags/example_branch_python_dop_operator_3.py
[2022-11-30 06:50:25,359] {logging_mixin.py:109} INFO - [2022-11-30 06:50:25,359] {dag.py:2398} INFO - Sync 1 DAGs
[2022-11-30 06:50:25,374] {logging_mixin.py:109} INFO - [2022-11-30 06:50:25,374] {dag.py:2937} INFO - Setting next_dagrun for example_branch_dop_operator_v3 to 2022-11-30T06:49:00+00:00
[2022-11-30 06:50:25,388] {processor.py:171} INFO - Processing /home/airflow/.local/lib/python3.7/site-packages/airflow/example_dags/example_branch_python_dop_operator_3.py took 0.061 seconds
[2022-11-30 06:50:55,583] {processor.py:163} INFO - Started process (PID=413) to work on /home/airflow/.local/lib/python3.7/site-packages/airflow/example_dags/example_branch_python_dop_operator_3.py
[2022-11-30 06:50:55,583] {processor.py:642} INFO - Processing file /home/airflow/.local/lib/python3.7/site-packages/airflow/example_dags/example_branch_python_dop_operator_3.py for tasks to queue
[2022-11-30 06:50:55,584] {logging_mixin.py:109} INFO - [2022-11-30 06:50:55,584] {dagbag.py:500} INFO - Filling up the DagBag from /home/airflow/.local/lib/python3.7/site-packages/airflow/example_dags/example_branch_python_dop_operator_3.py
[2022-11-30 06:50:55,605] {processor.py:654} INFO - DAG(s) dict_keys(['example_branch_dop_operator_v3']) retrieved from /home/airflow/.local/lib/python3.7/site-packages/airflow/example_dags/example_branch_python_dop_operator_3.py
[2022-11-30 06:50:55,612] {logging_mixin.py:109} INFO - [2022-11-30 06:50:55,612] {dag.py:2398} INFO - Sync 1 DAGs
[2022-11-30 06:50:55,628] {logging_mixin.py:109} INFO - [2022-11-30 06:50:55,628] {dag.py:2937} INFO - Setting next_dagrun for example_branch_dop_operator_v3 to 2022-11-30T06:49:00+00:00
[2022-11-30 06:50:55,647] {processor.py:171} INFO - Processing /home/airflow/.local/lib/python3.7/site-packages/airflow/example_dags/example_branch_python_dop_operator_3.py took 0.066 seconds
