[2022-11-30 06:48:18,386] {processor.py:163} INFO - Started process (PID=53) to work on /home/airflow/.local/lib/python3.7/site-packages/airflow/example_dags/example_branch_operator.py
[2022-11-30 06:48:18,386] {processor.py:642} INFO - Processing file /home/airflow/.local/lib/python3.7/site-packages/airflow/example_dags/example_branch_operator.py for tasks to queue
[2022-11-30 06:48:18,387] {logging_mixin.py:109} INFO - [2022-11-30 06:48:18,387] {dagbag.py:500} INFO - Filling up the DagBag from /home/airflow/.local/lib/python3.7/site-packages/airflow/example_dags/example_branch_operator.py
[2022-11-30 06:48:18,415] {processor.py:654} INFO - DAG(s) dict_keys(['example_branch_operator']) retrieved from /home/airflow/.local/lib/python3.7/site-packages/airflow/example_dags/example_branch_operator.py
[2022-11-30 06:48:18,424] {logging_mixin.py:109} INFO - [2022-11-30 06:48:18,424] {dag.py:2398} INFO - Sync 1 DAGs
[2022-11-30 06:48:18,437] {logging_mixin.py:109} INFO - [2022-11-30 06:48:18,437] {dag.py:2937} INFO - Setting next_dagrun for example_branch_operator to 2022-11-29 00:00:00+00:00
[2022-11-30 06:48:18,458] {processor.py:171} INFO - Processing /home/airflow/.local/lib/python3.7/site-packages/airflow/example_dags/example_branch_operator.py took 0.074 seconds
[2022-11-30 06:48:48,641] {processor.py:163} INFO - Started process (PID=108) to work on /home/airflow/.local/lib/python3.7/site-packages/airflow/example_dags/example_branch_operator.py
[2022-11-30 06:48:48,648] {processor.py:642} INFO - Processing file /home/airflow/.local/lib/python3.7/site-packages/airflow/example_dags/example_branch_operator.py for tasks to queue
[2022-11-30 06:48:48,648] {logging_mixin.py:109} INFO - [2022-11-30 06:48:48,648] {dagbag.py:500} INFO - Filling up the DagBag from /home/airflow/.local/lib/python3.7/site-packages/airflow/example_dags/example_branch_operator.py
[2022-11-30 06:48:48,670] {processor.py:654} INFO - DAG(s) dict_keys(['example_branch_operator']) retrieved from /home/airflow/.local/lib/python3.7/site-packages/airflow/example_dags/example_branch_operator.py
[2022-11-30 06:48:48,679] {logging_mixin.py:109} INFO - [2022-11-30 06:48:48,679] {dag.py:2398} INFO - Sync 1 DAGs
[2022-11-30 06:48:48,692] {logging_mixin.py:109} INFO - [2022-11-30 06:48:48,692] {dag.py:2937} INFO - Setting next_dagrun for example_branch_operator to 2022-11-29 00:00:00+00:00
[2022-11-30 06:48:48,727] {processor.py:171} INFO - Processing /home/airflow/.local/lib/python3.7/site-packages/airflow/example_dags/example_branch_operator.py took 0.088 seconds
[2022-11-30 06:49:19,107] {processor.py:163} INFO - Started process (PID=180) to work on /home/airflow/.local/lib/python3.7/site-packages/airflow/example_dags/example_branch_operator.py
[2022-11-30 06:49:19,112] {processor.py:642} INFO - Processing file /home/airflow/.local/lib/python3.7/site-packages/airflow/example_dags/example_branch_operator.py for tasks to queue
[2022-11-30 06:49:19,113] {logging_mixin.py:109} INFO - [2022-11-30 06:49:19,112] {dagbag.py:500} INFO - Filling up the DagBag from /home/airflow/.local/lib/python3.7/site-packages/airflow/example_dags/example_branch_operator.py
[2022-11-30 06:49:19,150] {processor.py:654} INFO - DAG(s) dict_keys(['example_branch_operator']) retrieved from /home/airflow/.local/lib/python3.7/site-packages/airflow/example_dags/example_branch_operator.py
[2022-11-30 06:49:19,160] {logging_mixin.py:109} INFO - [2022-11-30 06:49:19,160] {dag.py:2398} INFO - Sync 1 DAGs
[2022-11-30 06:49:19,181] {logging_mixin.py:109} INFO - [2022-11-30 06:49:19,181] {dag.py:2937} INFO - Setting next_dagrun for example_branch_operator to 2022-11-29 00:00:00+00:00
[2022-11-30 06:49:19,235] {processor.py:171} INFO - Processing /home/airflow/.local/lib/python3.7/site-packages/airflow/example_dags/example_branch_operator.py took 0.131 seconds
[2022-11-30 06:49:49,325] {processor.py:163} INFO - Started process (PID=246) to work on /home/airflow/.local/lib/python3.7/site-packages/airflow/example_dags/example_branch_operator.py
[2022-11-30 06:49:49,328] {processor.py:642} INFO - Processing file /home/airflow/.local/lib/python3.7/site-packages/airflow/example_dags/example_branch_operator.py for tasks to queue
[2022-11-30 06:49:49,328] {logging_mixin.py:109} INFO - [2022-11-30 06:49:49,328] {dagbag.py:500} INFO - Filling up the DagBag from /home/airflow/.local/lib/python3.7/site-packages/airflow/example_dags/example_branch_operator.py
[2022-11-30 06:49:49,351] {processor.py:654} INFO - DAG(s) dict_keys(['example_branch_operator']) retrieved from /home/airflow/.local/lib/python3.7/site-packages/airflow/example_dags/example_branch_operator.py
[2022-11-30 06:49:49,360] {logging_mixin.py:109} INFO - [2022-11-30 06:49:49,359] {dag.py:2398} INFO - Sync 1 DAGs
[2022-11-30 06:49:49,371] {logging_mixin.py:109} INFO - [2022-11-30 06:49:49,371] {dag.py:2937} INFO - Setting next_dagrun for example_branch_operator to 2022-11-29 00:00:00+00:00
[2022-11-30 06:49:49,389] {processor.py:171} INFO - Processing /home/airflow/.local/lib/python3.7/site-packages/airflow/example_dags/example_branch_operator.py took 0.068 seconds
[2022-11-30 06:50:19,775] {processor.py:163} INFO - Started process (PID=317) to work on /home/airflow/.local/lib/python3.7/site-packages/airflow/example_dags/example_branch_operator.py
[2022-11-30 06:50:19,789] {processor.py:642} INFO - Processing file /home/airflow/.local/lib/python3.7/site-packages/airflow/example_dags/example_branch_operator.py for tasks to queue
[2022-11-30 06:50:19,790] {logging_mixin.py:109} INFO - [2022-11-30 06:50:19,790] {dagbag.py:500} INFO - Filling up the DagBag from /home/airflow/.local/lib/python3.7/site-packages/airflow/example_dags/example_branch_operator.py
[2022-11-30 06:50:19,816] {processor.py:654} INFO - DAG(s) dict_keys(['example_branch_operator']) retrieved from /home/airflow/.local/lib/python3.7/site-packages/airflow/example_dags/example_branch_operator.py
[2022-11-30 06:50:19,825] {logging_mixin.py:109} INFO - [2022-11-30 06:50:19,825] {dag.py:2398} INFO - Sync 1 DAGs
[2022-11-30 06:50:19,836] {logging_mixin.py:109} INFO - [2022-11-30 06:50:19,836] {dag.py:2937} INFO - Setting next_dagrun for example_branch_operator to 2022-11-29 00:00:00+00:00
[2022-11-30 06:50:19,852] {processor.py:171} INFO - Processing /home/airflow/.local/lib/python3.7/site-packages/airflow/example_dags/example_branch_operator.py took 0.080 seconds
[2022-11-30 06:50:50,000] {processor.py:163} INFO - Started process (PID=381) to work on /home/airflow/.local/lib/python3.7/site-packages/airflow/example_dags/example_branch_operator.py
[2022-11-30 06:50:50,001] {processor.py:642} INFO - Processing file /home/airflow/.local/lib/python3.7/site-packages/airflow/example_dags/example_branch_operator.py for tasks to queue
[2022-11-30 06:50:50,001] {logging_mixin.py:109} INFO - [2022-11-30 06:50:50,001] {dagbag.py:500} INFO - Filling up the DagBag from /home/airflow/.local/lib/python3.7/site-packages/airflow/example_dags/example_branch_operator.py
[2022-11-30 06:50:50,023] {processor.py:654} INFO - DAG(s) dict_keys(['example_branch_operator']) retrieved from /home/airflow/.local/lib/python3.7/site-packages/airflow/example_dags/example_branch_operator.py
[2022-11-30 06:50:50,030] {logging_mixin.py:109} INFO - [2022-11-30 06:50:50,030] {dag.py:2398} INFO - Sync 1 DAGs
[2022-11-30 06:50:50,041] {logging_mixin.py:109} INFO - [2022-11-30 06:50:50,041] {dag.py:2937} INFO - Setting next_dagrun for example_branch_operator to 2022-11-29 00:00:00+00:00
[2022-11-30 06:50:50,056] {processor.py:171} INFO - Processing /home/airflow/.local/lib/python3.7/site-packages/airflow/example_dags/example_branch_operator.py took 0.058 seconds
