[2022-11-30 06:48:22,104] {processor.py:163} INFO - Started process (PID=83) to work on /home/airflow/.local/lib/python3.7/site-packages/airflow/example_dags/example_dag_decorator.py
[2022-11-30 06:48:22,105] {processor.py:642} INFO - Processing file /home/airflow/.local/lib/python3.7/site-packages/airflow/example_dags/example_dag_decorator.py for tasks to queue
[2022-11-30 06:48:22,105] {logging_mixin.py:109} INFO - [2022-11-30 06:48:22,105] {dagbag.py:500} INFO - Filling up the DagBag from /home/airflow/.local/lib/python3.7/site-packages/airflow/example_dags/example_dag_decorator.py
[2022-11-30 06:48:22,131] {processor.py:654} INFO - DAG(s) dict_keys(['example_dag_decorator']) retrieved from /home/airflow/.local/lib/python3.7/site-packages/airflow/example_dags/example_dag_decorator.py
[2022-11-30 06:48:22,293] {logging_mixin.py:109} INFO - [2022-11-30 06:48:22,293] {dag.py:2398} INFO - Sync 1 DAGs
[2022-11-30 06:48:22,304] {logging_mixin.py:109} INFO - [2022-11-30 06:48:22,304] {dag.py:2937} INFO - Setting next_dagrun for example_dag_decorator to None
[2022-11-30 06:48:22,337] {processor.py:171} INFO - Processing /home/airflow/.local/lib/python3.7/site-packages/airflow/example_dags/example_dag_decorator.py took 0.235 seconds
[2022-11-30 06:48:52,763] {processor.py:163} INFO - Started process (PID=156) to work on /home/airflow/.local/lib/python3.7/site-packages/airflow/example_dags/example_dag_decorator.py
[2022-11-30 06:48:52,764] {processor.py:642} INFO - Processing file /home/airflow/.local/lib/python3.7/site-packages/airflow/example_dags/example_dag_decorator.py for tasks to queue
[2022-11-30 06:48:52,764] {logging_mixin.py:109} INFO - [2022-11-30 06:48:52,764] {dagbag.py:500} INFO - Filling up the DagBag from /home/airflow/.local/lib/python3.7/site-packages/airflow/example_dags/example_dag_decorator.py
[2022-11-30 06:48:52,790] {processor.py:654} INFO - DAG(s) dict_keys(['example_dag_decorator']) retrieved from /home/airflow/.local/lib/python3.7/site-packages/airflow/example_dags/example_dag_decorator.py
[2022-11-30 06:48:52,931] {logging_mixin.py:109} INFO - [2022-11-30 06:48:52,931] {dag.py:2398} INFO - Sync 1 DAGs
[2022-11-30 06:48:52,940] {logging_mixin.py:109} INFO - [2022-11-30 06:48:52,940] {dag.py:2937} INFO - Setting next_dagrun for example_dag_decorator to None
[2022-11-30 06:48:52,948] {processor.py:171} INFO - Processing /home/airflow/.local/lib/python3.7/site-packages/airflow/example_dags/example_dag_decorator.py took 0.187 seconds
[2022-11-30 06:49:23,777] {processor.py:163} INFO - Started process (PID=218) to work on /home/airflow/.local/lib/python3.7/site-packages/airflow/example_dags/example_dag_decorator.py
[2022-11-30 06:49:23,792] {processor.py:642} INFO - Processing file /home/airflow/.local/lib/python3.7/site-packages/airflow/example_dags/example_dag_decorator.py for tasks to queue
[2022-11-30 06:49:23,793] {logging_mixin.py:109} INFO - [2022-11-30 06:49:23,793] {dagbag.py:500} INFO - Filling up the DagBag from /home/airflow/.local/lib/python3.7/site-packages/airflow/example_dags/example_dag_decorator.py
[2022-11-30 06:49:23,832] {processor.py:654} INFO - DAG(s) dict_keys(['example_dag_decorator']) retrieved from /home/airflow/.local/lib/python3.7/site-packages/airflow/example_dags/example_dag_decorator.py
[2022-11-30 06:49:24,027] {logging_mixin.py:109} INFO - [2022-11-30 06:49:24,027] {dag.py:2398} INFO - Sync 1 DAGs
[2022-11-30 06:49:24,039] {logging_mixin.py:109} INFO - [2022-11-30 06:49:24,039] {dag.py:2937} INFO - Setting next_dagrun for example_dag_decorator to None
[2022-11-30 06:49:24,075] {processor.py:171} INFO - Processing /home/airflow/.local/lib/python3.7/site-packages/airflow/example_dags/example_dag_decorator.py took 0.300 seconds
[2022-11-30 06:49:54,545] {processor.py:163} INFO - Started process (PID=293) to work on /home/airflow/.local/lib/python3.7/site-packages/airflow/example_dags/example_dag_decorator.py
[2022-11-30 06:49:54,546] {processor.py:642} INFO - Processing file /home/airflow/.local/lib/python3.7/site-packages/airflow/example_dags/example_dag_decorator.py for tasks to queue
[2022-11-30 06:49:54,546] {logging_mixin.py:109} INFO - [2022-11-30 06:49:54,546] {dagbag.py:500} INFO - Filling up the DagBag from /home/airflow/.local/lib/python3.7/site-packages/airflow/example_dags/example_dag_decorator.py
[2022-11-30 06:49:54,574] {processor.py:654} INFO - DAG(s) dict_keys(['example_dag_decorator']) retrieved from /home/airflow/.local/lib/python3.7/site-packages/airflow/example_dags/example_dag_decorator.py
[2022-11-30 06:49:54,715] {logging_mixin.py:109} INFO - [2022-11-30 06:49:54,715] {dag.py:2398} INFO - Sync 1 DAGs
[2022-11-30 06:49:54,726] {logging_mixin.py:109} INFO - [2022-11-30 06:49:54,726] {dag.py:2937} INFO - Setting next_dagrun for example_dag_decorator to None
[2022-11-30 06:49:54,742] {processor.py:171} INFO - Processing /home/airflow/.local/lib/python3.7/site-packages/airflow/example_dags/example_dag_decorator.py took 0.199 seconds
[2022-11-30 06:50:25,594] {processor.py:163} INFO - Started process (PID=357) to work on /home/airflow/.local/lib/python3.7/site-packages/airflow/example_dags/example_dag_decorator.py
[2022-11-30 06:50:25,595] {processor.py:642} INFO - Processing file /home/airflow/.local/lib/python3.7/site-packages/airflow/example_dags/example_dag_decorator.py for tasks to queue
[2022-11-30 06:50:25,595] {logging_mixin.py:109} INFO - [2022-11-30 06:50:25,595] {dagbag.py:500} INFO - Filling up the DagBag from /home/airflow/.local/lib/python3.7/site-packages/airflow/example_dags/example_dag_decorator.py
[2022-11-30 06:50:25,620] {processor.py:654} INFO - DAG(s) dict_keys(['example_dag_decorator']) retrieved from /home/airflow/.local/lib/python3.7/site-packages/airflow/example_dags/example_dag_decorator.py
[2022-11-30 06:50:25,756] {logging_mixin.py:109} INFO - [2022-11-30 06:50:25,756] {dag.py:2398} INFO - Sync 1 DAGs
[2022-11-30 06:50:25,766] {logging_mixin.py:109} INFO - [2022-11-30 06:50:25,766] {dag.py:2937} INFO - Setting next_dagrun for example_dag_decorator to None
[2022-11-30 06:50:25,774] {processor.py:171} INFO - Processing /home/airflow/.local/lib/python3.7/site-packages/airflow/example_dags/example_dag_decorator.py took 0.182 seconds
[2022-11-30 06:50:56,106] {processor.py:163} INFO - Started process (PID=429) to work on /home/airflow/.local/lib/python3.7/site-packages/airflow/example_dags/example_dag_decorator.py
[2022-11-30 06:50:56,117] {processor.py:642} INFO - Processing file /home/airflow/.local/lib/python3.7/site-packages/airflow/example_dags/example_dag_decorator.py for tasks to queue
[2022-11-30 06:50:56,118] {logging_mixin.py:109} INFO - [2022-11-30 06:50:56,118] {dagbag.py:500} INFO - Filling up the DagBag from /home/airflow/.local/lib/python3.7/site-packages/airflow/example_dags/example_dag_decorator.py
[2022-11-30 06:50:56,144] {processor.py:654} INFO - DAG(s) dict_keys(['example_dag_decorator']) retrieved from /home/airflow/.local/lib/python3.7/site-packages/airflow/example_dags/example_dag_decorator.py
[2022-11-30 06:50:56,283] {logging_mixin.py:109} INFO - [2022-11-30 06:50:56,283] {dag.py:2398} INFO - Sync 1 DAGs
[2022-11-30 06:50:56,292] {logging_mixin.py:109} INFO - [2022-11-30 06:50:56,292] {dag.py:2937} INFO - Setting next_dagrun for example_dag_decorator to None
[2022-11-30 06:50:56,569] {processor.py:171} INFO - Processing /home/airflow/.local/lib/python3.7/site-packages/airflow/example_dags/example_dag_decorator.py took 0.465 seconds
