[2022-11-30 06:48:21,945] {processor.py:163} INFO - Started process (PID=80) to work on /home/airflow/.local/lib/python3.7/site-packages/airflow/example_dags/example_bash_operator.py
[2022-11-30 06:48:21,946] {processor.py:642} INFO - Processing file /home/airflow/.local/lib/python3.7/site-packages/airflow/example_dags/example_bash_operator.py for tasks to queue
[2022-11-30 06:48:21,946] {logging_mixin.py:109} INFO - [2022-11-30 06:48:21,946] {dagbag.py:500} INFO - Filling up the DagBag from /home/airflow/.local/lib/python3.7/site-packages/airflow/example_dags/example_bash_operator.py
[2022-11-30 06:48:21,973] {processor.py:654} INFO - DAG(s) dict_keys(['example_bash_operator']) retrieved from /home/airflow/.local/lib/python3.7/site-packages/airflow/example_dags/example_bash_operator.py
[2022-11-30 06:48:21,982] {logging_mixin.py:109} INFO - [2022-11-30 06:48:21,982] {dag.py:2398} INFO - Sync 1 DAGs
[2022-11-30 06:48:21,997] {logging_mixin.py:109} INFO - [2022-11-30 06:48:21,997] {dag.py:2937} INFO - Setting next_dagrun for example_bash_operator to 2022-11-29 00:00:00+00:00
[2022-11-30 06:48:22,010] {processor.py:171} INFO - Processing /home/airflow/.local/lib/python3.7/site-packages/airflow/example_dags/example_bash_operator.py took 0.069 seconds
[2022-11-30 06:48:52,682] {processor.py:163} INFO - Started process (PID=153) to work on /home/airflow/.local/lib/python3.7/site-packages/airflow/example_dags/example_bash_operator.py
[2022-11-30 06:48:52,683] {processor.py:642} INFO - Processing file /home/airflow/.local/lib/python3.7/site-packages/airflow/example_dags/example_bash_operator.py for tasks to queue
[2022-11-30 06:48:52,684] {logging_mixin.py:109} INFO - [2022-11-30 06:48:52,684] {dagbag.py:500} INFO - Filling up the DagBag from /home/airflow/.local/lib/python3.7/site-packages/airflow/example_dags/example_bash_operator.py
[2022-11-30 06:48:52,707] {processor.py:654} INFO - DAG(s) dict_keys(['example_bash_operator']) retrieved from /home/airflow/.local/lib/python3.7/site-packages/airflow/example_dags/example_bash_operator.py
[2022-11-30 06:48:52,714] {logging_mixin.py:109} INFO - [2022-11-30 06:48:52,714] {dag.py:2398} INFO - Sync 1 DAGs
[2022-11-30 06:48:52,727] {logging_mixin.py:109} INFO - [2022-11-30 06:48:52,727] {dag.py:2937} INFO - Setting next_dagrun for example_bash_operator to 2022-11-29 00:00:00+00:00
[2022-11-30 06:48:52,734] {processor.py:171} INFO - Processing /home/airflow/.local/lib/python3.7/site-packages/airflow/example_dags/example_bash_operator.py took 0.054 seconds
[2022-11-30 06:49:23,593] {processor.py:163} INFO - Started process (PID=215) to work on /home/airflow/.local/lib/python3.7/site-packages/airflow/example_dags/example_bash_operator.py
[2022-11-30 06:49:23,600] {processor.py:642} INFO - Processing file /home/airflow/.local/lib/python3.7/site-packages/airflow/example_dags/example_bash_operator.py for tasks to queue
[2022-11-30 06:49:23,601] {logging_mixin.py:109} INFO - [2022-11-30 06:49:23,601] {dagbag.py:500} INFO - Filling up the DagBag from /home/airflow/.local/lib/python3.7/site-packages/airflow/example_dags/example_bash_operator.py
[2022-11-30 06:49:23,630] {processor.py:654} INFO - DAG(s) dict_keys(['example_bash_operator']) retrieved from /home/airflow/.local/lib/python3.7/site-packages/airflow/example_dags/example_bash_operator.py
[2022-11-30 06:49:23,640] {logging_mixin.py:109} INFO - [2022-11-30 06:49:23,640] {dag.py:2398} INFO - Sync 1 DAGs
[2022-11-30 06:49:23,655] {logging_mixin.py:109} INFO - [2022-11-30 06:49:23,655] {dag.py:2937} INFO - Setting next_dagrun for example_bash_operator to 2022-11-29 00:00:00+00:00
[2022-11-30 06:49:23,709] {processor.py:171} INFO - Processing /home/airflow/.local/lib/python3.7/site-packages/airflow/example_dags/example_bash_operator.py took 0.118 seconds
[2022-11-30 06:49:54,319] {processor.py:163} INFO - Started process (PID=289) to work on /home/airflow/.local/lib/python3.7/site-packages/airflow/example_dags/example_bash_operator.py
[2022-11-30 06:49:54,320] {processor.py:642} INFO - Processing file /home/airflow/.local/lib/python3.7/site-packages/airflow/example_dags/example_bash_operator.py for tasks to queue
[2022-11-30 06:49:54,321] {logging_mixin.py:109} INFO - [2022-11-30 06:49:54,321] {dagbag.py:500} INFO - Filling up the DagBag from /home/airflow/.local/lib/python3.7/site-packages/airflow/example_dags/example_bash_operator.py
[2022-11-30 06:49:54,345] {processor.py:654} INFO - DAG(s) dict_keys(['example_bash_operator']) retrieved from /home/airflow/.local/lib/python3.7/site-packages/airflow/example_dags/example_bash_operator.py
[2022-11-30 06:49:54,352] {logging_mixin.py:109} INFO - [2022-11-30 06:49:54,352] {dag.py:2398} INFO - Sync 1 DAGs
[2022-11-30 06:49:54,366] {logging_mixin.py:109} INFO - [2022-11-30 06:49:54,365] {dag.py:2937} INFO - Setting next_dagrun for example_bash_operator to 2022-11-29 00:00:00+00:00
[2022-11-30 06:49:54,380] {processor.py:171} INFO - Processing /home/airflow/.local/lib/python3.7/site-packages/airflow/example_dags/example_bash_operator.py took 0.062 seconds
[2022-11-30 06:50:25,458] {processor.py:163} INFO - Started process (PID=352) to work on /home/airflow/.local/lib/python3.7/site-packages/airflow/example_dags/example_bash_operator.py
[2022-11-30 06:50:25,459] {processor.py:642} INFO - Processing file /home/airflow/.local/lib/python3.7/site-packages/airflow/example_dags/example_bash_operator.py for tasks to queue
[2022-11-30 06:50:25,460] {logging_mixin.py:109} INFO - [2022-11-30 06:50:25,460] {dagbag.py:500} INFO - Filling up the DagBag from /home/airflow/.local/lib/python3.7/site-packages/airflow/example_dags/example_bash_operator.py
[2022-11-30 06:50:25,482] {processor.py:654} INFO - DAG(s) dict_keys(['example_bash_operator']) retrieved from /home/airflow/.local/lib/python3.7/site-packages/airflow/example_dags/example_bash_operator.py
[2022-11-30 06:50:25,489] {logging_mixin.py:109} INFO - [2022-11-30 06:50:25,489] {dag.py:2398} INFO - Sync 1 DAGs
[2022-11-30 06:50:25,503] {logging_mixin.py:109} INFO - [2022-11-30 06:50:25,502] {dag.py:2937} INFO - Setting next_dagrun for example_bash_operator to 2022-11-29 00:00:00+00:00
[2022-11-30 06:50:25,516] {processor.py:171} INFO - Processing /home/airflow/.local/lib/python3.7/site-packages/airflow/example_dags/example_bash_operator.py took 0.060 seconds
[2022-11-30 06:50:55,738] {processor.py:163} INFO - Started process (PID=416) to work on /home/airflow/.local/lib/python3.7/site-packages/airflow/example_dags/example_bash_operator.py
[2022-11-30 06:50:55,738] {processor.py:642} INFO - Processing file /home/airflow/.local/lib/python3.7/site-packages/airflow/example_dags/example_bash_operator.py for tasks to queue
[2022-11-30 06:50:55,739] {logging_mixin.py:109} INFO - [2022-11-30 06:50:55,739] {dagbag.py:500} INFO - Filling up the DagBag from /home/airflow/.local/lib/python3.7/site-packages/airflow/example_dags/example_bash_operator.py
[2022-11-30 06:50:55,780] {processor.py:654} INFO - DAG(s) dict_keys(['example_bash_operator']) retrieved from /home/airflow/.local/lib/python3.7/site-packages/airflow/example_dags/example_bash_operator.py
[2022-11-30 06:50:55,792] {logging_mixin.py:109} INFO - [2022-11-30 06:50:55,792] {dag.py:2398} INFO - Sync 1 DAGs
[2022-11-30 06:50:55,813] {logging_mixin.py:109} INFO - [2022-11-30 06:50:55,813] {dag.py:2937} INFO - Setting next_dagrun for example_bash_operator to 2022-11-29 00:00:00+00:00
[2022-11-30 06:50:55,830] {processor.py:171} INFO - Processing /home/airflow/.local/lib/python3.7/site-packages/airflow/example_dags/example_bash_operator.py took 0.095 seconds
