[2022-11-30 06:48:18,470] {processor.py:163} INFO - Started process (PID=54) to work on /home/airflow/.local/lib/python3.7/site-packages/airflow/example_dags/example_latest_only_with_trigger.py
[2022-11-30 06:48:18,471] {processor.py:642} INFO - Processing file /home/airflow/.local/lib/python3.7/site-packages/airflow/example_dags/example_latest_only_with_trigger.py for tasks to queue
[2022-11-30 06:48:18,471] {logging_mixin.py:109} INFO - [2022-11-30 06:48:18,471] {dagbag.py:500} INFO - Filling up the DagBag from /home/airflow/.local/lib/python3.7/site-packages/airflow/example_dags/example_latest_only_with_trigger.py
[2022-11-30 06:48:18,513] {processor.py:654} INFO - DAG(s) dict_keys(['latest_only_with_trigger']) retrieved from /home/airflow/.local/lib/python3.7/site-packages/airflow/example_dags/example_latest_only_with_trigger.py
[2022-11-30 06:48:18,524] {logging_mixin.py:109} INFO - [2022-11-30 06:48:18,524] {dag.py:2398} INFO - Sync 1 DAGs
[2022-11-30 06:48:18,549] {logging_mixin.py:109} INFO - [2022-11-30 06:48:18,549] {dag.py:2937} INFO - Setting next_dagrun for latest_only_with_trigger to 2022-11-30T02:48:18.549465+00:00
[2022-11-30 06:48:18,569] {processor.py:171} INFO - Processing /home/airflow/.local/lib/python3.7/site-packages/airflow/example_dags/example_latest_only_with_trigger.py took 0.100 seconds
[2022-11-30 06:48:48,744] {processor.py:163} INFO - Started process (PID=109) to work on /home/airflow/.local/lib/python3.7/site-packages/airflow/example_dags/example_latest_only_with_trigger.py
[2022-11-30 06:48:48,746] {processor.py:642} INFO - Processing file /home/airflow/.local/lib/python3.7/site-packages/airflow/example_dags/example_latest_only_with_trigger.py for tasks to queue
[2022-11-30 06:48:48,747] {logging_mixin.py:109} INFO - [2022-11-30 06:48:48,747] {dagbag.py:500} INFO - Filling up the DagBag from /home/airflow/.local/lib/python3.7/site-packages/airflow/example_dags/example_latest_only_with_trigger.py
[2022-11-30 06:48:48,775] {processor.py:654} INFO - DAG(s) dict_keys(['latest_only_with_trigger']) retrieved from /home/airflow/.local/lib/python3.7/site-packages/airflow/example_dags/example_latest_only_with_trigger.py
[2022-11-30 06:48:48,785] {logging_mixin.py:109} INFO - [2022-11-30 06:48:48,785] {dag.py:2398} INFO - Sync 1 DAGs
[2022-11-30 06:48:48,802] {logging_mixin.py:109} INFO - [2022-11-30 06:48:48,801] {dag.py:2937} INFO - Setting next_dagrun for latest_only_with_trigger to 2022-11-30T02:48:48.801569+00:00
[2022-11-30 06:48:48,822] {processor.py:171} INFO - Processing /home/airflow/.local/lib/python3.7/site-packages/airflow/example_dags/example_latest_only_with_trigger.py took 0.081 seconds
[2022-11-30 06:49:19,220] {processor.py:163} INFO - Started process (PID=181) to work on /home/airflow/.local/lib/python3.7/site-packages/airflow/example_dags/example_latest_only_with_trigger.py
[2022-11-30 06:49:19,234] {processor.py:642} INFO - Processing file /home/airflow/.local/lib/python3.7/site-packages/airflow/example_dags/example_latest_only_with_trigger.py for tasks to queue
[2022-11-30 06:49:19,234] {logging_mixin.py:109} INFO - [2022-11-30 06:49:19,234] {dagbag.py:500} INFO - Filling up the DagBag from /home/airflow/.local/lib/python3.7/site-packages/airflow/example_dags/example_latest_only_with_trigger.py
[2022-11-30 06:49:19,273] {processor.py:654} INFO - DAG(s) dict_keys(['latest_only_with_trigger']) retrieved from /home/airflow/.local/lib/python3.7/site-packages/airflow/example_dags/example_latest_only_with_trigger.py
[2022-11-30 06:49:19,285] {logging_mixin.py:109} INFO - [2022-11-30 06:49:19,285] {dag.py:2398} INFO - Sync 1 DAGs
[2022-11-30 06:49:19,302] {logging_mixin.py:109} INFO - [2022-11-30 06:49:19,301] {dag.py:2937} INFO - Setting next_dagrun for latest_only_with_trigger to 2022-11-30T02:49:19.301647+00:00
[2022-11-30 06:49:19,320] {processor.py:171} INFO - Processing /home/airflow/.local/lib/python3.7/site-packages/airflow/example_dags/example_latest_only_with_trigger.py took 0.104 seconds
[2022-11-30 06:49:49,402] {processor.py:163} INFO - Started process (PID=247) to work on /home/airflow/.local/lib/python3.7/site-packages/airflow/example_dags/example_latest_only_with_trigger.py
[2022-11-30 06:49:49,410] {processor.py:642} INFO - Processing file /home/airflow/.local/lib/python3.7/site-packages/airflow/example_dags/example_latest_only_with_trigger.py for tasks to queue
[2022-11-30 06:49:49,411] {logging_mixin.py:109} INFO - [2022-11-30 06:49:49,411] {dagbag.py:500} INFO - Filling up the DagBag from /home/airflow/.local/lib/python3.7/site-packages/airflow/example_dags/example_latest_only_with_trigger.py
[2022-11-30 06:49:49,441] {processor.py:654} INFO - DAG(s) dict_keys(['latest_only_with_trigger']) retrieved from /home/airflow/.local/lib/python3.7/site-packages/airflow/example_dags/example_latest_only_with_trigger.py
[2022-11-30 06:49:49,449] {logging_mixin.py:109} INFO - [2022-11-30 06:49:49,449] {dag.py:2398} INFO - Sync 1 DAGs
[2022-11-30 06:49:49,464] {logging_mixin.py:109} INFO - [2022-11-30 06:49:49,463] {dag.py:2937} INFO - Setting next_dagrun for latest_only_with_trigger to 2022-11-30T02:49:49.463724+00:00
[2022-11-30 06:49:49,484] {processor.py:171} INFO - Processing /home/airflow/.local/lib/python3.7/site-packages/airflow/example_dags/example_latest_only_with_trigger.py took 0.085 seconds
[2022-11-30 06:50:19,851] {processor.py:163} INFO - Started process (PID=318) to work on /home/airflow/.local/lib/python3.7/site-packages/airflow/example_dags/example_latest_only_with_trigger.py
[2022-11-30 06:50:19,858] {processor.py:642} INFO - Processing file /home/airflow/.local/lib/python3.7/site-packages/airflow/example_dags/example_latest_only_with_trigger.py for tasks to queue
[2022-11-30 06:50:19,858] {logging_mixin.py:109} INFO - [2022-11-30 06:50:19,858] {dagbag.py:500} INFO - Filling up the DagBag from /home/airflow/.local/lib/python3.7/site-packages/airflow/example_dags/example_latest_only_with_trigger.py
[2022-11-30 06:50:19,879] {processor.py:654} INFO - DAG(s) dict_keys(['latest_only_with_trigger']) retrieved from /home/airflow/.local/lib/python3.7/site-packages/airflow/example_dags/example_latest_only_with_trigger.py
[2022-11-30 06:50:19,886] {logging_mixin.py:109} INFO - [2022-11-30 06:50:19,886] {dag.py:2398} INFO - Sync 1 DAGs
[2022-11-30 06:50:19,897] {logging_mixin.py:109} INFO - [2022-11-30 06:50:19,897] {dag.py:2937} INFO - Setting next_dagrun for latest_only_with_trigger to 2022-11-30T02:50:19.897438+00:00
[2022-11-30 06:50:19,924] {processor.py:171} INFO - Processing /home/airflow/.local/lib/python3.7/site-packages/airflow/example_dags/example_latest_only_with_trigger.py took 0.075 seconds
[2022-11-30 06:50:50,003] {processor.py:163} INFO - Started process (PID=382) to work on /home/airflow/.local/lib/python3.7/site-packages/airflow/example_dags/example_latest_only_with_trigger.py
[2022-11-30 06:50:50,003] {processor.py:642} INFO - Processing file /home/airflow/.local/lib/python3.7/site-packages/airflow/example_dags/example_latest_only_with_trigger.py for tasks to queue
[2022-11-30 06:50:50,004] {logging_mixin.py:109} INFO - [2022-11-30 06:50:50,003] {dagbag.py:500} INFO - Filling up the DagBag from /home/airflow/.local/lib/python3.7/site-packages/airflow/example_dags/example_latest_only_with_trigger.py
[2022-11-30 06:50:50,023] {processor.py:654} INFO - DAG(s) dict_keys(['latest_only_with_trigger']) retrieved from /home/airflow/.local/lib/python3.7/site-packages/airflow/example_dags/example_latest_only_with_trigger.py
[2022-11-30 06:50:50,030] {logging_mixin.py:109} INFO - [2022-11-30 06:50:50,029] {dag.py:2398} INFO - Sync 1 DAGs
[2022-11-30 06:50:50,040] {logging_mixin.py:109} INFO - [2022-11-30 06:50:50,040] {dag.py:2937} INFO - Setting next_dagrun for latest_only_with_trigger to 2022-11-30T02:50:50.040328+00:00
[2022-11-30 06:50:50,054] {processor.py:171} INFO - Processing /home/airflow/.local/lib/python3.7/site-packages/airflow/example_dags/example_latest_only_with_trigger.py took 0.053 seconds
