[2022-11-30 06:48:19,923] {processor.py:163} INFO - Started process (PID=61) to work on /home/airflow/.local/lib/python3.7/site-packages/airflow/example_dags/example_trigger_target_dag.py
[2022-11-30 06:48:19,924] {processor.py:642} INFO - Processing file /home/airflow/.local/lib/python3.7/site-packages/airflow/example_dags/example_trigger_target_dag.py for tasks to queue
[2022-11-30 06:48:19,924] {logging_mixin.py:109} INFO - [2022-11-30 06:48:19,924] {dagbag.py:500} INFO - Filling up the DagBag from /home/airflow/.local/lib/python3.7/site-packages/airflow/example_dags/example_trigger_target_dag.py
[2022-11-30 06:48:19,949] {processor.py:654} INFO - DAG(s) dict_keys(['example_trigger_target_dag']) retrieved from /home/airflow/.local/lib/python3.7/site-packages/airflow/example_dags/example_trigger_target_dag.py
[2022-11-30 06:48:19,957] {logging_mixin.py:109} INFO - [2022-11-30 06:48:19,957] {dag.py:2398} INFO - Sync 1 DAGs
[2022-11-30 06:48:19,972] {logging_mixin.py:109} INFO - [2022-11-30 06:48:19,972] {dag.py:2937} INFO - Setting next_dagrun for example_trigger_target_dag to None
[2022-11-30 06:48:19,983] {processor.py:171} INFO - Processing /home/airflow/.local/lib/python3.7/site-packages/airflow/example_dags/example_trigger_target_dag.py took 0.062 seconds
[2022-11-30 06:48:50,225] {processor.py:163} INFO - Started process (PID=125) to work on /home/airflow/.local/lib/python3.7/site-packages/airflow/example_dags/example_trigger_target_dag.py
[2022-11-30 06:48:50,227] {processor.py:642} INFO - Processing file /home/airflow/.local/lib/python3.7/site-packages/airflow/example_dags/example_trigger_target_dag.py for tasks to queue
[2022-11-30 06:48:50,228] {logging_mixin.py:109} INFO - [2022-11-30 06:48:50,228] {dagbag.py:500} INFO - Filling up the DagBag from /home/airflow/.local/lib/python3.7/site-packages/airflow/example_dags/example_trigger_target_dag.py
[2022-11-30 06:48:50,271] {processor.py:654} INFO - DAG(s) dict_keys(['example_trigger_target_dag']) retrieved from /home/airflow/.local/lib/python3.7/site-packages/airflow/example_dags/example_trigger_target_dag.py
[2022-11-30 06:48:50,281] {logging_mixin.py:109} INFO - [2022-11-30 06:48:50,281] {dag.py:2398} INFO - Sync 1 DAGs
[2022-11-30 06:48:50,299] {logging_mixin.py:109} INFO - [2022-11-30 06:48:50,299] {dag.py:2937} INFO - Setting next_dagrun for example_trigger_target_dag to None
[2022-11-30 06:48:50,315] {processor.py:171} INFO - Processing /home/airflow/.local/lib/python3.7/site-packages/airflow/example_dags/example_trigger_target_dag.py took 0.093 seconds
[2022-11-30 06:49:20,611] {processor.py:163} INFO - Started process (PID=187) to work on /home/airflow/.local/lib/python3.7/site-packages/airflow/example_dags/example_trigger_target_dag.py
[2022-11-30 06:49:20,612] {processor.py:642} INFO - Processing file /home/airflow/.local/lib/python3.7/site-packages/airflow/example_dags/example_trigger_target_dag.py for tasks to queue
[2022-11-30 06:49:20,613] {logging_mixin.py:109} INFO - [2022-11-30 06:49:20,613] {dagbag.py:500} INFO - Filling up the DagBag from /home/airflow/.local/lib/python3.7/site-packages/airflow/example_dags/example_trigger_target_dag.py
[2022-11-30 06:49:20,651] {processor.py:654} INFO - DAG(s) dict_keys(['example_trigger_target_dag']) retrieved from /home/airflow/.local/lib/python3.7/site-packages/airflow/example_dags/example_trigger_target_dag.py
[2022-11-30 06:49:20,662] {logging_mixin.py:109} INFO - [2022-11-30 06:49:20,661] {dag.py:2398} INFO - Sync 1 DAGs
[2022-11-30 06:49:20,683] {logging_mixin.py:109} INFO - [2022-11-30 06:49:20,683] {dag.py:2937} INFO - Setting next_dagrun for example_trigger_target_dag to None
[2022-11-30 06:49:20,701] {processor.py:171} INFO - Processing /home/airflow/.local/lib/python3.7/site-packages/airflow/example_dags/example_trigger_target_dag.py took 0.094 seconds
[2022-11-30 06:49:50,850] {processor.py:163} INFO - Started process (PID=253) to work on /home/airflow/.local/lib/python3.7/site-packages/airflow/example_dags/example_trigger_target_dag.py
[2022-11-30 06:49:50,850] {processor.py:642} INFO - Processing file /home/airflow/.local/lib/python3.7/site-packages/airflow/example_dags/example_trigger_target_dag.py for tasks to queue
[2022-11-30 06:49:50,851] {logging_mixin.py:109} INFO - [2022-11-30 06:49:50,851] {dagbag.py:500} INFO - Filling up the DagBag from /home/airflow/.local/lib/python3.7/site-packages/airflow/example_dags/example_trigger_target_dag.py
[2022-11-30 06:49:50,874] {processor.py:654} INFO - DAG(s) dict_keys(['example_trigger_target_dag']) retrieved from /home/airflow/.local/lib/python3.7/site-packages/airflow/example_dags/example_trigger_target_dag.py
[2022-11-30 06:49:50,880] {logging_mixin.py:109} INFO - [2022-11-30 06:49:50,880] {dag.py:2398} INFO - Sync 1 DAGs
[2022-11-30 06:49:50,891] {logging_mixin.py:109} INFO - [2022-11-30 06:49:50,891] {dag.py:2937} INFO - Setting next_dagrun for example_trigger_target_dag to None
[2022-11-30 06:49:50,904] {processor.py:171} INFO - Processing /home/airflow/.local/lib/python3.7/site-packages/airflow/example_dags/example_trigger_target_dag.py took 0.056 seconds
[2022-11-30 06:50:21,085] {processor.py:163} INFO - Started process (PID=323) to work on /home/airflow/.local/lib/python3.7/site-packages/airflow/example_dags/example_trigger_target_dag.py
[2022-11-30 06:50:21,086] {processor.py:642} INFO - Processing file /home/airflow/.local/lib/python3.7/site-packages/airflow/example_dags/example_trigger_target_dag.py for tasks to queue
[2022-11-30 06:50:21,086] {logging_mixin.py:109} INFO - [2022-11-30 06:50:21,086] {dagbag.py:500} INFO - Filling up the DagBag from /home/airflow/.local/lib/python3.7/site-packages/airflow/example_dags/example_trigger_target_dag.py
[2022-11-30 06:50:21,110] {processor.py:654} INFO - DAG(s) dict_keys(['example_trigger_target_dag']) retrieved from /home/airflow/.local/lib/python3.7/site-packages/airflow/example_dags/example_trigger_target_dag.py
[2022-11-30 06:50:21,117] {logging_mixin.py:109} INFO - [2022-11-30 06:50:21,117] {dag.py:2398} INFO - Sync 1 DAGs
[2022-11-30 06:50:21,128] {logging_mixin.py:109} INFO - [2022-11-30 06:50:21,128] {dag.py:2937} INFO - Setting next_dagrun for example_trigger_target_dag to None
[2022-11-30 06:50:21,141] {processor.py:171} INFO - Processing /home/airflow/.local/lib/python3.7/site-packages/airflow/example_dags/example_trigger_target_dag.py took 0.059 seconds
[2022-11-30 06:50:51,189] {processor.py:163} INFO - Started process (PID=387) to work on /home/airflow/.local/lib/python3.7/site-packages/airflow/example_dags/example_trigger_target_dag.py
[2022-11-30 06:50:51,190] {processor.py:642} INFO - Processing file /home/airflow/.local/lib/python3.7/site-packages/airflow/example_dags/example_trigger_target_dag.py for tasks to queue
[2022-11-30 06:50:51,190] {logging_mixin.py:109} INFO - [2022-11-30 06:50:51,190] {dagbag.py:500} INFO - Filling up the DagBag from /home/airflow/.local/lib/python3.7/site-packages/airflow/example_dags/example_trigger_target_dag.py
[2022-11-30 06:50:51,213] {processor.py:654} INFO - DAG(s) dict_keys(['example_trigger_target_dag']) retrieved from /home/airflow/.local/lib/python3.7/site-packages/airflow/example_dags/example_trigger_target_dag.py
[2022-11-30 06:50:51,220] {logging_mixin.py:109} INFO - [2022-11-30 06:50:51,220] {dag.py:2398} INFO - Sync 1 DAGs
[2022-11-30 06:50:51,231] {logging_mixin.py:109} INFO - [2022-11-30 06:50:51,231] {dag.py:2937} INFO - Setting next_dagrun for example_trigger_target_dag to None
[2022-11-30 06:50:51,244] {processor.py:171} INFO - Processing /home/airflow/.local/lib/python3.7/site-packages/airflow/example_dags/example_trigger_target_dag.py took 0.057 seconds
