[2022-11-30 06:48:22,022] {processor.py:163} INFO - Started process (PID=81) to work on /home/airflow/.local/lib/python3.7/site-packages/airflow/example_dags/example_nested_branch_dag.py
[2022-11-30 06:48:22,023] {processor.py:642} INFO - Processing file /home/airflow/.local/lib/python3.7/site-packages/airflow/example_dags/example_nested_branch_dag.py for tasks to queue
[2022-11-30 06:48:22,024] {logging_mixin.py:109} INFO - [2022-11-30 06:48:22,024] {dagbag.py:500} INFO - Filling up the DagBag from /home/airflow/.local/lib/python3.7/site-packages/airflow/example_dags/example_nested_branch_dag.py
[2022-11-30 06:48:22,050] {processor.py:654} INFO - DAG(s) dict_keys(['example_nested_branch_dag']) retrieved from /home/airflow/.local/lib/python3.7/site-packages/airflow/example_dags/example_nested_branch_dag.py
[2022-11-30 06:48:22,060] {logging_mixin.py:109} INFO - [2022-11-30 06:48:22,060] {dag.py:2398} INFO - Sync 1 DAGs
[2022-11-30 06:48:22,076] {logging_mixin.py:109} INFO - [2022-11-30 06:48:22,076] {dag.py:2937} INFO - Setting next_dagrun for example_nested_branch_dag to 2022-11-29 00:00:00+00:00
[2022-11-30 06:48:22,092] {processor.py:171} INFO - Processing /home/airflow/.local/lib/python3.7/site-packages/airflow/example_dags/example_nested_branch_dag.py took 0.072 seconds
[2022-11-30 06:48:52,697] {processor.py:163} INFO - Started process (PID=154) to work on /home/airflow/.local/lib/python3.7/site-packages/airflow/example_dags/example_nested_branch_dag.py
[2022-11-30 06:48:52,698] {processor.py:642} INFO - Processing file /home/airflow/.local/lib/python3.7/site-packages/airflow/example_dags/example_nested_branch_dag.py for tasks to queue
[2022-11-30 06:48:52,699] {logging_mixin.py:109} INFO - [2022-11-30 06:48:52,699] {dagbag.py:500} INFO - Filling up the DagBag from /home/airflow/.local/lib/python3.7/site-packages/airflow/example_dags/example_nested_branch_dag.py
[2022-11-30 06:48:52,721] {processor.py:654} INFO - DAG(s) dict_keys(['example_nested_branch_dag']) retrieved from /home/airflow/.local/lib/python3.7/site-packages/airflow/example_dags/example_nested_branch_dag.py
[2022-11-30 06:48:52,728] {logging_mixin.py:109} INFO - [2022-11-30 06:48:52,728] {dag.py:2398} INFO - Sync 1 DAGs
[2022-11-30 06:48:52,740] {logging_mixin.py:109} INFO - [2022-11-30 06:48:52,739] {dag.py:2937} INFO - Setting next_dagrun for example_nested_branch_dag to 2022-11-29 00:00:00+00:00
[2022-11-30 06:48:52,753] {processor.py:171} INFO - Processing /home/airflow/.local/lib/python3.7/site-packages/airflow/example_dags/example_nested_branch_dag.py took 0.057 seconds
[2022-11-30 06:49:23,642] {processor.py:163} INFO - Started process (PID=216) to work on /home/airflow/.local/lib/python3.7/site-packages/airflow/example_dags/example_nested_branch_dag.py
[2022-11-30 06:49:23,673] {processor.py:642} INFO - Processing file /home/airflow/.local/lib/python3.7/site-packages/airflow/example_dags/example_nested_branch_dag.py for tasks to queue
[2022-11-30 06:49:23,673] {logging_mixin.py:109} INFO - [2022-11-30 06:49:23,673] {dagbag.py:500} INFO - Filling up the DagBag from /home/airflow/.local/lib/python3.7/site-packages/airflow/example_dags/example_nested_branch_dag.py
[2022-11-30 06:49:23,696] {processor.py:654} INFO - DAG(s) dict_keys(['example_nested_branch_dag']) retrieved from /home/airflow/.local/lib/python3.7/site-packages/airflow/example_dags/example_nested_branch_dag.py
[2022-11-30 06:49:23,705] {logging_mixin.py:109} INFO - [2022-11-30 06:49:23,704] {dag.py:2398} INFO - Sync 1 DAGs
[2022-11-30 06:49:23,722] {logging_mixin.py:109} INFO - [2022-11-30 06:49:23,722] {dag.py:2937} INFO - Setting next_dagrun for example_nested_branch_dag to 2022-11-29 00:00:00+00:00
[2022-11-30 06:49:23,765] {processor.py:171} INFO - Processing /home/airflow/.local/lib/python3.7/site-packages/airflow/example_dags/example_nested_branch_dag.py took 0.126 seconds
[2022-11-30 06:49:54,392] {processor.py:163} INFO - Started process (PID=290) to work on /home/airflow/.local/lib/python3.7/site-packages/airflow/example_dags/example_nested_branch_dag.py
[2022-11-30 06:49:54,393] {processor.py:642} INFO - Processing file /home/airflow/.local/lib/python3.7/site-packages/airflow/example_dags/example_nested_branch_dag.py for tasks to queue
[2022-11-30 06:49:54,393] {logging_mixin.py:109} INFO - [2022-11-30 06:49:54,393] {dagbag.py:500} INFO - Filling up the DagBag from /home/airflow/.local/lib/python3.7/site-packages/airflow/example_dags/example_nested_branch_dag.py
[2022-11-30 06:49:54,419] {processor.py:654} INFO - DAG(s) dict_keys(['example_nested_branch_dag']) retrieved from /home/airflow/.local/lib/python3.7/site-packages/airflow/example_dags/example_nested_branch_dag.py
[2022-11-30 06:49:54,430] {logging_mixin.py:109} INFO - [2022-11-30 06:49:54,430] {dag.py:2398} INFO - Sync 1 DAGs
[2022-11-30 06:49:54,450] {logging_mixin.py:109} INFO - [2022-11-30 06:49:54,450] {dag.py:2937} INFO - Setting next_dagrun for example_nested_branch_dag to 2022-11-29 00:00:00+00:00
[2022-11-30 06:49:54,466] {processor.py:171} INFO - Processing /home/airflow/.local/lib/python3.7/site-packages/airflow/example_dags/example_nested_branch_dag.py took 0.076 seconds
[2022-11-30 06:50:25,502] {processor.py:163} INFO - Started process (PID=353) to work on /home/airflow/.local/lib/python3.7/site-packages/airflow/example_dags/example_nested_branch_dag.py
[2022-11-30 06:50:25,502] {processor.py:642} INFO - Processing file /home/airflow/.local/lib/python3.7/site-packages/airflow/example_dags/example_nested_branch_dag.py for tasks to queue
[2022-11-30 06:50:25,503] {logging_mixin.py:109} INFO - [2022-11-30 06:50:25,503] {dagbag.py:500} INFO - Filling up the DagBag from /home/airflow/.local/lib/python3.7/site-packages/airflow/example_dags/example_nested_branch_dag.py
[2022-11-30 06:50:25,524] {processor.py:654} INFO - DAG(s) dict_keys(['example_nested_branch_dag']) retrieved from /home/airflow/.local/lib/python3.7/site-packages/airflow/example_dags/example_nested_branch_dag.py
[2022-11-30 06:50:25,532] {logging_mixin.py:109} INFO - [2022-11-30 06:50:25,531] {dag.py:2398} INFO - Sync 1 DAGs
[2022-11-30 06:50:25,543] {logging_mixin.py:109} INFO - [2022-11-30 06:50:25,543] {dag.py:2937} INFO - Setting next_dagrun for example_nested_branch_dag to 2022-11-29 00:00:00+00:00
[2022-11-30 06:50:25,551] {processor.py:171} INFO - Processing /home/airflow/.local/lib/python3.7/site-packages/airflow/example_dags/example_nested_branch_dag.py took 0.052 seconds
[2022-11-30 06:50:55,845] {processor.py:163} INFO - Started process (PID=424) to work on /home/airflow/.local/lib/python3.7/site-packages/airflow/example_dags/example_nested_branch_dag.py
[2022-11-30 06:50:55,845] {processor.py:642} INFO - Processing file /home/airflow/.local/lib/python3.7/site-packages/airflow/example_dags/example_nested_branch_dag.py for tasks to queue
[2022-11-30 06:50:55,846] {logging_mixin.py:109} INFO - [2022-11-30 06:50:55,846] {dagbag.py:500} INFO - Filling up the DagBag from /home/airflow/.local/lib/python3.7/site-packages/airflow/example_dags/example_nested_branch_dag.py
[2022-11-30 06:50:55,868] {processor.py:654} INFO - DAG(s) dict_keys(['example_nested_branch_dag']) retrieved from /home/airflow/.local/lib/python3.7/site-packages/airflow/example_dags/example_nested_branch_dag.py
[2022-11-30 06:50:55,874] {logging_mixin.py:109} INFO - [2022-11-30 06:50:55,874] {dag.py:2398} INFO - Sync 1 DAGs
[2022-11-30 06:50:55,886] {logging_mixin.py:109} INFO - [2022-11-30 06:50:55,886] {dag.py:2937} INFO - Setting next_dagrun for example_nested_branch_dag to 2022-11-29 00:00:00+00:00
[2022-11-30 06:50:55,923] {processor.py:171} INFO - Processing /home/airflow/.local/lib/python3.7/site-packages/airflow/example_dags/example_nested_branch_dag.py took 0.080 seconds
