[2022-11-30 06:48:20,475] {processor.py:163} INFO - Started process (PID=66) to work on /home/airflow/.local/lib/python3.7/site-packages/airflow/example_dags/example_short_circuit_operator.py
[2022-11-30 06:48:20,476] {processor.py:642} INFO - Processing file /home/airflow/.local/lib/python3.7/site-packages/airflow/example_dags/example_short_circuit_operator.py for tasks to queue
[2022-11-30 06:48:20,476] {logging_mixin.py:109} INFO - [2022-11-30 06:48:20,476] {dagbag.py:500} INFO - Filling up the DagBag from /home/airflow/.local/lib/python3.7/site-packages/airflow/example_dags/example_short_circuit_operator.py
[2022-11-30 06:48:20,500] {processor.py:654} INFO - DAG(s) dict_keys(['example_short_circuit_operator']) retrieved from /home/airflow/.local/lib/python3.7/site-packages/airflow/example_dags/example_short_circuit_operator.py
[2022-11-30 06:48:20,508] {logging_mixin.py:109} INFO - [2022-11-30 06:48:20,508] {dag.py:2398} INFO - Sync 1 DAGs
[2022-11-30 06:48:20,520] {logging_mixin.py:109} INFO - [2022-11-30 06:48:20,520] {dag.py:2937} INFO - Setting next_dagrun for example_short_circuit_operator to 2022-11-29T06:48:20.520477+00:00
[2022-11-30 06:48:20,543] {processor.py:171} INFO - Processing /home/airflow/.local/lib/python3.7/site-packages/airflow/example_dags/example_short_circuit_operator.py took 0.070 seconds
[2022-11-30 06:48:50,597] {processor.py:163} INFO - Started process (PID=130) to work on /home/airflow/.local/lib/python3.7/site-packages/airflow/example_dags/example_short_circuit_operator.py
[2022-11-30 06:48:50,600] {processor.py:642} INFO - Processing file /home/airflow/.local/lib/python3.7/site-packages/airflow/example_dags/example_short_circuit_operator.py for tasks to queue
[2022-11-30 06:48:50,600] {logging_mixin.py:109} INFO - [2022-11-30 06:48:50,600] {dagbag.py:500} INFO - Filling up the DagBag from /home/airflow/.local/lib/python3.7/site-packages/airflow/example_dags/example_short_circuit_operator.py
[2022-11-30 06:48:50,635] {processor.py:654} INFO - DAG(s) dict_keys(['example_short_circuit_operator']) retrieved from /home/airflow/.local/lib/python3.7/site-packages/airflow/example_dags/example_short_circuit_operator.py
[2022-11-30 06:48:50,645] {logging_mixin.py:109} INFO - [2022-11-30 06:48:50,645] {dag.py:2398} INFO - Sync 1 DAGs
[2022-11-30 06:48:50,663] {logging_mixin.py:109} INFO - [2022-11-30 06:48:50,663] {dag.py:2937} INFO - Setting next_dagrun for example_short_circuit_operator to 2022-11-29T06:48:50.662771+00:00
[2022-11-30 06:48:50,696] {processor.py:171} INFO - Processing /home/airflow/.local/lib/python3.7/site-packages/airflow/example_dags/example_short_circuit_operator.py took 0.102 seconds
[2022-11-30 06:49:20,988] {processor.py:163} INFO - Started process (PID=192) to work on /home/airflow/.local/lib/python3.7/site-packages/airflow/example_dags/example_short_circuit_operator.py
[2022-11-30 06:49:21,005] {processor.py:642} INFO - Processing file /home/airflow/.local/lib/python3.7/site-packages/airflow/example_dags/example_short_circuit_operator.py for tasks to queue
[2022-11-30 06:49:21,005] {logging_mixin.py:109} INFO - [2022-11-30 06:49:21,005] {dagbag.py:500} INFO - Filling up the DagBag from /home/airflow/.local/lib/python3.7/site-packages/airflow/example_dags/example_short_circuit_operator.py
[2022-11-30 06:49:21,037] {processor.py:654} INFO - DAG(s) dict_keys(['example_short_circuit_operator']) retrieved from /home/airflow/.local/lib/python3.7/site-packages/airflow/example_dags/example_short_circuit_operator.py
[2022-11-30 06:49:21,048] {logging_mixin.py:109} INFO - [2022-11-30 06:49:21,048] {dag.py:2398} INFO - Sync 1 DAGs
[2022-11-30 06:49:21,066] {logging_mixin.py:109} INFO - [2022-11-30 06:49:21,066] {dag.py:2937} INFO - Setting next_dagrun for example_short_circuit_operator to 2022-11-29T06:49:21.065778+00:00
[2022-11-30 06:49:21,077] {processor.py:171} INFO - Processing /home/airflow/.local/lib/python3.7/site-packages/airflow/example_dags/example_short_circuit_operator.py took 0.092 seconds
[2022-11-30 06:49:51,118] {processor.py:163} INFO - Started process (PID=258) to work on /home/airflow/.local/lib/python3.7/site-packages/airflow/example_dags/example_short_circuit_operator.py
[2022-11-30 06:49:51,119] {processor.py:642} INFO - Processing file /home/airflow/.local/lib/python3.7/site-packages/airflow/example_dags/example_short_circuit_operator.py for tasks to queue
[2022-11-30 06:49:51,119] {logging_mixin.py:109} INFO - [2022-11-30 06:49:51,119] {dagbag.py:500} INFO - Filling up the DagBag from /home/airflow/.local/lib/python3.7/site-packages/airflow/example_dags/example_short_circuit_operator.py
[2022-11-30 06:49:51,142] {processor.py:654} INFO - DAG(s) dict_keys(['example_short_circuit_operator']) retrieved from /home/airflow/.local/lib/python3.7/site-packages/airflow/example_dags/example_short_circuit_operator.py
[2022-11-30 06:49:51,152] {logging_mixin.py:109} INFO - [2022-11-30 06:49:51,152] {dag.py:2398} INFO - Sync 1 DAGs
[2022-11-30 06:49:51,168] {logging_mixin.py:109} INFO - [2022-11-30 06:49:51,168] {dag.py:2937} INFO - Setting next_dagrun for example_short_circuit_operator to 2022-11-29T06:49:51.168637+00:00
[2022-11-30 06:49:51,179] {processor.py:171} INFO - Processing /home/airflow/.local/lib/python3.7/site-packages/airflow/example_dags/example_short_circuit_operator.py took 0.063 seconds
[2022-11-30 06:50:21,373] {processor.py:163} INFO - Started process (PID=329) to work on /home/airflow/.local/lib/python3.7/site-packages/airflow/example_dags/example_short_circuit_operator.py
[2022-11-30 06:50:21,374] {processor.py:642} INFO - Processing file /home/airflow/.local/lib/python3.7/site-packages/airflow/example_dags/example_short_circuit_operator.py for tasks to queue
[2022-11-30 06:50:21,376] {logging_mixin.py:109} INFO - [2022-11-30 06:50:21,375] {dagbag.py:500} INFO - Filling up the DagBag from /home/airflow/.local/lib/python3.7/site-packages/airflow/example_dags/example_short_circuit_operator.py
[2022-11-30 06:50:21,399] {processor.py:654} INFO - DAG(s) dict_keys(['example_short_circuit_operator']) retrieved from /home/airflow/.local/lib/python3.7/site-packages/airflow/example_dags/example_short_circuit_operator.py
[2022-11-30 06:50:21,407] {logging_mixin.py:109} INFO - [2022-11-30 06:50:21,407] {dag.py:2398} INFO - Sync 1 DAGs
[2022-11-30 06:50:21,418] {logging_mixin.py:109} INFO - [2022-11-30 06:50:21,418] {dag.py:2937} INFO - Setting next_dagrun for example_short_circuit_operator to 2022-11-29T06:50:21.418473+00:00
[2022-11-30 06:50:21,434] {processor.py:171} INFO - Processing /home/airflow/.local/lib/python3.7/site-packages/airflow/example_dags/example_short_circuit_operator.py took 0.063 seconds
[2022-11-30 06:50:51,526] {processor.py:163} INFO - Started process (PID=393) to work on /home/airflow/.local/lib/python3.7/site-packages/airflow/example_dags/example_short_circuit_operator.py
[2022-11-30 06:50:51,526] {processor.py:642} INFO - Processing file /home/airflow/.local/lib/python3.7/site-packages/airflow/example_dags/example_short_circuit_operator.py for tasks to queue
[2022-11-30 06:50:51,526] {logging_mixin.py:109} INFO - [2022-11-30 06:50:51,526] {dagbag.py:500} INFO - Filling up the DagBag from /home/airflow/.local/lib/python3.7/site-packages/airflow/example_dags/example_short_circuit_operator.py
[2022-11-30 06:50:51,547] {processor.py:654} INFO - DAG(s) dict_keys(['example_short_circuit_operator']) retrieved from /home/airflow/.local/lib/python3.7/site-packages/airflow/example_dags/example_short_circuit_operator.py
[2022-11-30 06:50:51,553] {logging_mixin.py:109} INFO - [2022-11-30 06:50:51,553] {dag.py:2398} INFO - Sync 1 DAGs
[2022-11-30 06:50:51,564] {logging_mixin.py:109} INFO - [2022-11-30 06:50:51,564] {dag.py:2937} INFO - Setting next_dagrun for example_short_circuit_operator to 2022-11-29T06:50:51.563995+00:00
[2022-11-30 06:50:51,572] {processor.py:171} INFO - Processing /home/airflow/.local/lib/python3.7/site-packages/airflow/example_dags/example_short_circuit_operator.py took 0.049 seconds
