[2022-11-30 06:48:20,153] {processor.py:163} INFO - Started process (PID=63) to work on /home/airflow/.local/lib/python3.7/site-packages/airflow/example_dags/example_branch_labels.py
[2022-11-30 06:48:20,154] {processor.py:642} INFO - Processing file /home/airflow/.local/lib/python3.7/site-packages/airflow/example_dags/example_branch_labels.py for tasks to queue
[2022-11-30 06:48:20,154] {logging_mixin.py:109} INFO - [2022-11-30 06:48:20,154] {dagbag.py:500} INFO - Filling up the DagBag from /home/airflow/.local/lib/python3.7/site-packages/airflow/example_dags/example_branch_labels.py
[2022-11-30 06:48:20,185] {processor.py:654} INFO - DAG(s) dict_keys(['example_branch_labels']) retrieved from /home/airflow/.local/lib/python3.7/site-packages/airflow/example_dags/example_branch_labels.py
[2022-11-30 06:48:20,201] {logging_mixin.py:109} INFO - [2022-11-30 06:48:20,201] {dag.py:2398} INFO - Sync 1 DAGs
[2022-11-30 06:48:20,222] {logging_mixin.py:109} INFO - [2022-11-30 06:48:20,222] {dag.py:2937} INFO - Setting next_dagrun for example_branch_labels to 2022-11-29 00:00:00+00:00
[2022-11-30 06:48:20,249] {processor.py:171} INFO - Processing /home/airflow/.local/lib/python3.7/site-packages/airflow/example_dags/example_branch_labels.py took 0.099 seconds
[2022-11-30 06:48:50,350] {processor.py:163} INFO - Started process (PID=127) to work on /home/airflow/.local/lib/python3.7/site-packages/airflow/example_dags/example_branch_labels.py
[2022-11-30 06:48:50,356] {processor.py:642} INFO - Processing file /home/airflow/.local/lib/python3.7/site-packages/airflow/example_dags/example_branch_labels.py for tasks to queue
[2022-11-30 06:48:50,357] {logging_mixin.py:109} INFO - [2022-11-30 06:48:50,357] {dagbag.py:500} INFO - Filling up the DagBag from /home/airflow/.local/lib/python3.7/site-packages/airflow/example_dags/example_branch_labels.py
[2022-11-30 06:48:50,416] {processor.py:654} INFO - DAG(s) dict_keys(['example_branch_labels']) retrieved from /home/airflow/.local/lib/python3.7/site-packages/airflow/example_dags/example_branch_labels.py
[2022-11-30 06:48:50,426] {logging_mixin.py:109} INFO - [2022-11-30 06:48:50,426] {dag.py:2398} INFO - Sync 1 DAGs
[2022-11-30 06:48:50,446] {logging_mixin.py:109} INFO - [2022-11-30 06:48:50,446] {dag.py:2937} INFO - Setting next_dagrun for example_branch_labels to 2022-11-29 00:00:00+00:00
[2022-11-30 06:48:50,456] {processor.py:171} INFO - Processing /home/airflow/.local/lib/python3.7/site-packages/airflow/example_dags/example_branch_labels.py took 0.117 seconds
[2022-11-30 06:49:20,830] {processor.py:163} INFO - Started process (PID=189) to work on /home/airflow/.local/lib/python3.7/site-packages/airflow/example_dags/example_branch_labels.py
[2022-11-30 06:49:20,836] {processor.py:642} INFO - Processing file /home/airflow/.local/lib/python3.7/site-packages/airflow/example_dags/example_branch_labels.py for tasks to queue
[2022-11-30 06:49:20,836] {logging_mixin.py:109} INFO - [2022-11-30 06:49:20,836] {dagbag.py:500} INFO - Filling up the DagBag from /home/airflow/.local/lib/python3.7/site-packages/airflow/example_dags/example_branch_labels.py
[2022-11-30 06:49:20,867] {processor.py:654} INFO - DAG(s) dict_keys(['example_branch_labels']) retrieved from /home/airflow/.local/lib/python3.7/site-packages/airflow/example_dags/example_branch_labels.py
[2022-11-30 06:49:20,877] {logging_mixin.py:109} INFO - [2022-11-30 06:49:20,877] {dag.py:2398} INFO - Sync 1 DAGs
[2022-11-30 06:49:20,899] {logging_mixin.py:109} INFO - [2022-11-30 06:49:20,899] {dag.py:2937} INFO - Setting next_dagrun for example_branch_labels to 2022-11-29 00:00:00+00:00
[2022-11-30 06:49:20,911] {processor.py:171} INFO - Processing /home/airflow/.local/lib/python3.7/site-packages/airflow/example_dags/example_branch_labels.py took 0.084 seconds
[2022-11-30 06:49:50,985] {processor.py:163} INFO - Started process (PID=255) to work on /home/airflow/.local/lib/python3.7/site-packages/airflow/example_dags/example_branch_labels.py
[2022-11-30 06:49:50,986] {processor.py:642} INFO - Processing file /home/airflow/.local/lib/python3.7/site-packages/airflow/example_dags/example_branch_labels.py for tasks to queue
[2022-11-30 06:49:50,986] {logging_mixin.py:109} INFO - [2022-11-30 06:49:50,986] {dagbag.py:500} INFO - Filling up the DagBag from /home/airflow/.local/lib/python3.7/site-packages/airflow/example_dags/example_branch_labels.py
[2022-11-30 06:49:51,006] {processor.py:654} INFO - DAG(s) dict_keys(['example_branch_labels']) retrieved from /home/airflow/.local/lib/python3.7/site-packages/airflow/example_dags/example_branch_labels.py
[2022-11-30 06:49:51,013] {logging_mixin.py:109} INFO - [2022-11-30 06:49:51,013] {dag.py:2398} INFO - Sync 1 DAGs
[2022-11-30 06:49:51,026] {logging_mixin.py:109} INFO - [2022-11-30 06:49:51,026] {dag.py:2937} INFO - Setting next_dagrun for example_branch_labels to 2022-11-29 00:00:00+00:00
[2022-11-30 06:49:51,040] {processor.py:171} INFO - Processing /home/airflow/.local/lib/python3.7/site-packages/airflow/example_dags/example_branch_labels.py took 0.056 seconds
[2022-11-30 06:50:21,231] {processor.py:163} INFO - Started process (PID=326) to work on /home/airflow/.local/lib/python3.7/site-packages/airflow/example_dags/example_branch_labels.py
[2022-11-30 06:50:21,232] {processor.py:642} INFO - Processing file /home/airflow/.local/lib/python3.7/site-packages/airflow/example_dags/example_branch_labels.py for tasks to queue
[2022-11-30 06:50:21,232] {logging_mixin.py:109} INFO - [2022-11-30 06:50:21,232] {dagbag.py:500} INFO - Filling up the DagBag from /home/airflow/.local/lib/python3.7/site-packages/airflow/example_dags/example_branch_labels.py
[2022-11-30 06:50:21,253] {processor.py:654} INFO - DAG(s) dict_keys(['example_branch_labels']) retrieved from /home/airflow/.local/lib/python3.7/site-packages/airflow/example_dags/example_branch_labels.py
[2022-11-30 06:50:21,260] {logging_mixin.py:109} INFO - [2022-11-30 06:50:21,259] {dag.py:2398} INFO - Sync 1 DAGs
[2022-11-30 06:50:21,272] {logging_mixin.py:109} INFO - [2022-11-30 06:50:21,272] {dag.py:2937} INFO - Setting next_dagrun for example_branch_labels to 2022-11-29 00:00:00+00:00
[2022-11-30 06:50:21,286] {processor.py:171} INFO - Processing /home/airflow/.local/lib/python3.7/site-packages/airflow/example_dags/example_branch_labels.py took 0.057 seconds
[2022-11-30 06:50:51,318] {processor.py:163} INFO - Started process (PID=389) to work on /home/airflow/.local/lib/python3.7/site-packages/airflow/example_dags/example_branch_labels.py
[2022-11-30 06:50:51,318] {processor.py:642} INFO - Processing file /home/airflow/.local/lib/python3.7/site-packages/airflow/example_dags/example_branch_labels.py for tasks to queue
[2022-11-30 06:50:51,319] {logging_mixin.py:109} INFO - [2022-11-30 06:50:51,319] {dagbag.py:500} INFO - Filling up the DagBag from /home/airflow/.local/lib/python3.7/site-packages/airflow/example_dags/example_branch_labels.py
[2022-11-30 06:50:51,339] {processor.py:654} INFO - DAG(s) dict_keys(['example_branch_labels']) retrieved from /home/airflow/.local/lib/python3.7/site-packages/airflow/example_dags/example_branch_labels.py
[2022-11-30 06:50:51,345] {logging_mixin.py:109} INFO - [2022-11-30 06:50:51,345] {dag.py:2398} INFO - Sync 1 DAGs
[2022-11-30 06:50:51,356] {logging_mixin.py:109} INFO - [2022-11-30 06:50:51,356] {dag.py:2937} INFO - Setting next_dagrun for example_branch_labels to 2022-11-29 00:00:00+00:00
[2022-11-30 06:50:51,369] {processor.py:171} INFO - Processing /home/airflow/.local/lib/python3.7/site-packages/airflow/example_dags/example_branch_labels.py took 0.053 seconds
