[2022-11-30 06:48:18,587] {processor.py:163} INFO - Started process (PID=55) to work on /home/airflow/.local/lib/python3.7/site-packages/airflow/example_dags/tutorial.py
[2022-11-30 06:48:18,589] {processor.py:642} INFO - Processing file /home/airflow/.local/lib/python3.7/site-packages/airflow/example_dags/tutorial.py for tasks to queue
[2022-11-30 06:48:18,589] {logging_mixin.py:109} INFO - [2022-11-30 06:48:18,589] {dagbag.py:500} INFO - Filling up the DagBag from /home/airflow/.local/lib/python3.7/site-packages/airflow/example_dags/tutorial.py
[2022-11-30 06:48:18,618] {processor.py:654} INFO - DAG(s) dict_keys(['tutorial']) retrieved from /home/airflow/.local/lib/python3.7/site-packages/airflow/example_dags/tutorial.py
[2022-11-30 06:48:18,628] {logging_mixin.py:109} INFO - [2022-11-30 06:48:18,628] {dag.py:2398} INFO - Sync 1 DAGs
[2022-11-30 06:48:18,644] {logging_mixin.py:109} INFO - [2022-11-30 06:48:18,644] {dag.py:2937} INFO - Setting next_dagrun for tutorial to 2022-11-29T06:48:18.643894+00:00
[2022-11-30 06:48:18,662] {processor.py:171} INFO - Processing /home/airflow/.local/lib/python3.7/site-packages/airflow/example_dags/tutorial.py took 0.078 seconds
[2022-11-30 06:48:48,745] {processor.py:163} INFO - Started process (PID=110) to work on /home/airflow/.local/lib/python3.7/site-packages/airflow/example_dags/tutorial.py
[2022-11-30 06:48:48,746] {processor.py:642} INFO - Processing file /home/airflow/.local/lib/python3.7/site-packages/airflow/example_dags/tutorial.py for tasks to queue
[2022-11-30 06:48:48,746] {logging_mixin.py:109} INFO - [2022-11-30 06:48:48,746] {dagbag.py:500} INFO - Filling up the DagBag from /home/airflow/.local/lib/python3.7/site-packages/airflow/example_dags/tutorial.py
[2022-11-30 06:48:48,769] {processor.py:654} INFO - DAG(s) dict_keys(['tutorial']) retrieved from /home/airflow/.local/lib/python3.7/site-packages/airflow/example_dags/tutorial.py
[2022-11-30 06:48:48,779] {logging_mixin.py:109} INFO - [2022-11-30 06:48:48,779] {dag.py:2398} INFO - Sync 1 DAGs
[2022-11-30 06:48:48,796] {logging_mixin.py:109} INFO - [2022-11-30 06:48:48,796] {dag.py:2937} INFO - Setting next_dagrun for tutorial to 2022-11-29T06:48:48.796123+00:00
[2022-11-30 06:48:48,815] {processor.py:171} INFO - Processing /home/airflow/.local/lib/python3.7/site-packages/airflow/example_dags/tutorial.py took 0.072 seconds
[2022-11-30 06:49:19,251] {processor.py:163} INFO - Started process (PID=182) to work on /home/airflow/.local/lib/python3.7/site-packages/airflow/example_dags/tutorial.py
[2022-11-30 06:49:19,265] {processor.py:642} INFO - Processing file /home/airflow/.local/lib/python3.7/site-packages/airflow/example_dags/tutorial.py for tasks to queue
[2022-11-30 06:49:19,266] {logging_mixin.py:109} INFO - [2022-11-30 06:49:19,265] {dagbag.py:500} INFO - Filling up the DagBag from /home/airflow/.local/lib/python3.7/site-packages/airflow/example_dags/tutorial.py
[2022-11-30 06:49:19,296] {processor.py:654} INFO - DAG(s) dict_keys(['tutorial']) retrieved from /home/airflow/.local/lib/python3.7/site-packages/airflow/example_dags/tutorial.py
[2022-11-30 06:49:19,306] {logging_mixin.py:109} INFO - [2022-11-30 06:49:19,306] {dag.py:2398} INFO - Sync 1 DAGs
[2022-11-30 06:49:19,326] {logging_mixin.py:109} INFO - [2022-11-30 06:49:19,326] {dag.py:2937} INFO - Setting next_dagrun for tutorial to 2022-11-29T06:49:19.326388+00:00
[2022-11-30 06:49:19,345] {processor.py:171} INFO - Processing /home/airflow/.local/lib/python3.7/site-packages/airflow/example_dags/tutorial.py took 0.097 seconds
[2022-11-30 06:49:49,405] {processor.py:163} INFO - Started process (PID=248) to work on /home/airflow/.local/lib/python3.7/site-packages/airflow/example_dags/tutorial.py
[2022-11-30 06:49:49,411] {processor.py:642} INFO - Processing file /home/airflow/.local/lib/python3.7/site-packages/airflow/example_dags/tutorial.py for tasks to queue
[2022-11-30 06:49:49,411] {logging_mixin.py:109} INFO - [2022-11-30 06:49:49,411] {dagbag.py:500} INFO - Filling up the DagBag from /home/airflow/.local/lib/python3.7/site-packages/airflow/example_dags/tutorial.py
[2022-11-30 06:49:49,441] {processor.py:654} INFO - DAG(s) dict_keys(['tutorial']) retrieved from /home/airflow/.local/lib/python3.7/site-packages/airflow/example_dags/tutorial.py
[2022-11-30 06:49:49,449] {logging_mixin.py:109} INFO - [2022-11-30 06:49:49,449] {dag.py:2398} INFO - Sync 1 DAGs
[2022-11-30 06:49:49,466] {logging_mixin.py:109} INFO - [2022-11-30 06:49:49,466] {dag.py:2937} INFO - Setting next_dagrun for tutorial to 2022-11-29T06:49:49.465991+00:00
[2022-11-30 06:49:49,498] {processor.py:171} INFO - Processing /home/airflow/.local/lib/python3.7/site-packages/airflow/example_dags/tutorial.py took 0.096 seconds
[2022-11-30 06:50:19,863] {processor.py:163} INFO - Started process (PID=319) to work on /home/airflow/.local/lib/python3.7/site-packages/airflow/example_dags/tutorial.py
[2022-11-30 06:50:19,866] {processor.py:642} INFO - Processing file /home/airflow/.local/lib/python3.7/site-packages/airflow/example_dags/tutorial.py for tasks to queue
[2022-11-30 06:50:19,866] {logging_mixin.py:109} INFO - [2022-11-30 06:50:19,866] {dagbag.py:500} INFO - Filling up the DagBag from /home/airflow/.local/lib/python3.7/site-packages/airflow/example_dags/tutorial.py
[2022-11-30 06:50:19,887] {processor.py:654} INFO - DAG(s) dict_keys(['tutorial']) retrieved from /home/airflow/.local/lib/python3.7/site-packages/airflow/example_dags/tutorial.py
[2022-11-30 06:50:19,893] {logging_mixin.py:109} INFO - [2022-11-30 06:50:19,893] {dag.py:2398} INFO - Sync 1 DAGs
[2022-11-30 06:50:19,904] {logging_mixin.py:109} INFO - [2022-11-30 06:50:19,904] {dag.py:2937} INFO - Setting next_dagrun for tutorial to 2022-11-29T06:50:19.904342+00:00
[2022-11-30 06:50:19,932] {processor.py:171} INFO - Processing /home/airflow/.local/lib/python3.7/site-packages/airflow/example_dags/tutorial.py took 0.071 seconds
[2022-11-30 06:50:50,064] {processor.py:163} INFO - Started process (PID=383) to work on /home/airflow/.local/lib/python3.7/site-packages/airflow/example_dags/tutorial.py
[2022-11-30 06:50:50,065] {processor.py:642} INFO - Processing file /home/airflow/.local/lib/python3.7/site-packages/airflow/example_dags/tutorial.py for tasks to queue
[2022-11-30 06:50:50,065] {logging_mixin.py:109} INFO - [2022-11-30 06:50:50,065] {dagbag.py:500} INFO - Filling up the DagBag from /home/airflow/.local/lib/python3.7/site-packages/airflow/example_dags/tutorial.py
[2022-11-30 06:50:50,084] {processor.py:654} INFO - DAG(s) dict_keys(['tutorial']) retrieved from /home/airflow/.local/lib/python3.7/site-packages/airflow/example_dags/tutorial.py
[2022-11-30 06:50:50,090] {logging_mixin.py:109} INFO - [2022-11-30 06:50:50,090] {dag.py:2398} INFO - Sync 1 DAGs
[2022-11-30 06:50:50,100] {logging_mixin.py:109} INFO - [2022-11-30 06:50:50,100] {dag.py:2937} INFO - Setting next_dagrun for tutorial to 2022-11-29T06:50:50.099821+00:00
[2022-11-30 06:50:50,113] {processor.py:171} INFO - Processing /home/airflow/.local/lib/python3.7/site-packages/airflow/example_dags/tutorial.py took 0.051 seconds
