[2022-03-14 00:00:28,711] {processor.py:163} INFO - Started process (PID=4176) to work on /home/airflow/.local/lib/python3.7/site-packages/airflow/example_dags/example_task_group.py
[2022-03-14 00:00:28,712] {processor.py:642} INFO - Processing file /home/airflow/.local/lib/python3.7/site-packages/airflow/example_dags/example_task_group.py for tasks to queue
[2022-03-14 00:00:28,712] {logging_mixin.py:109} INFO - [2022-03-14 00:00:28,712] {dagbag.py:500} INFO - Filling up the DagBag from /home/airflow/.local/lib/python3.7/site-packages/airflow/example_dags/example_task_group.py
[2022-03-14 00:00:28,737] {processor.py:654} INFO - DAG(s) dict_keys(['example_task_group']) retrieved from /home/airflow/.local/lib/python3.7/site-packages/airflow/example_dags/example_task_group.py
[2022-03-14 00:00:28,748] {logging_mixin.py:109} INFO - [2022-03-14 00:00:28,748] {dag.py:2398} INFO - Sync 1 DAGs
[2022-03-14 00:00:28,763] {logging_mixin.py:109} INFO - [2022-03-14 00:00:28,763] {dag.py:2937} INFO - Setting next_dagrun for example_task_group to 2022-03-13T00:00:28.762842+00:00
[2022-03-14 00:00:28,778] {processor.py:171} INFO - Processing /home/airflow/.local/lib/python3.7/site-packages/airflow/example_dags/example_task_group.py took 0.069 seconds
[2022-03-14 00:00:59,650] {processor.py:163} INFO - Started process (PID=4228) to work on /home/airflow/.local/lib/python3.7/site-packages/airflow/example_dags/example_task_group.py
[2022-03-14 00:00:59,651] {processor.py:642} INFO - Processing file /home/airflow/.local/lib/python3.7/site-packages/airflow/example_dags/example_task_group.py for tasks to queue
[2022-03-14 00:00:59,651] {logging_mixin.py:109} INFO - [2022-03-14 00:00:59,651] {dagbag.py:500} INFO - Filling up the DagBag from /home/airflow/.local/lib/python3.7/site-packages/airflow/example_dags/example_task_group.py
[2022-03-14 00:00:59,675] {processor.py:654} INFO - DAG(s) dict_keys(['example_task_group']) retrieved from /home/airflow/.local/lib/python3.7/site-packages/airflow/example_dags/example_task_group.py
[2022-03-14 00:00:59,684] {logging_mixin.py:109} INFO - [2022-03-14 00:00:59,684] {dag.py:2398} INFO - Sync 1 DAGs
[2022-03-14 00:00:59,696] {logging_mixin.py:109} INFO - [2022-03-14 00:00:59,696] {dag.py:2937} INFO - Setting next_dagrun for example_task_group to 2022-03-13T00:00:59.696577+00:00
[2022-03-14 00:00:59,711] {processor.py:171} INFO - Processing /home/airflow/.local/lib/python3.7/site-packages/airflow/example_dags/example_task_group.py took 0.062 seconds
[2022-03-14 00:01:30,435] {processor.py:163} INFO - Started process (PID=4280) to work on /home/airflow/.local/lib/python3.7/site-packages/airflow/example_dags/example_task_group.py
[2022-03-14 00:01:30,436] {processor.py:642} INFO - Processing file /home/airflow/.local/lib/python3.7/site-packages/airflow/example_dags/example_task_group.py for tasks to queue
[2022-03-14 00:01:30,436] {logging_mixin.py:109} INFO - [2022-03-14 00:01:30,436] {dagbag.py:500} INFO - Filling up the DagBag from /home/airflow/.local/lib/python3.7/site-packages/airflow/example_dags/example_task_group.py
[2022-03-14 00:01:30,462] {processor.py:654} INFO - DAG(s) dict_keys(['example_task_group']) retrieved from /home/airflow/.local/lib/python3.7/site-packages/airflow/example_dags/example_task_group.py
[2022-03-14 00:01:30,473] {logging_mixin.py:109} INFO - [2022-03-14 00:01:30,473] {dag.py:2398} INFO - Sync 1 DAGs
[2022-03-14 00:01:30,489] {logging_mixin.py:109} INFO - [2022-03-14 00:01:30,489] {dag.py:2937} INFO - Setting next_dagrun for example_task_group to 2022-03-13T00:01:30.489556+00:00
[2022-03-14 00:01:30,504] {processor.py:171} INFO - Processing /home/airflow/.local/lib/python3.7/site-packages/airflow/example_dags/example_task_group.py took 0.071 seconds
[2022-03-14 00:02:01,535] {processor.py:163} INFO - Started process (PID=4341) to work on /home/airflow/.local/lib/python3.7/site-packages/airflow/example_dags/example_task_group.py
[2022-03-14 00:02:01,536] {processor.py:642} INFO - Processing file /home/airflow/.local/lib/python3.7/site-packages/airflow/example_dags/example_task_group.py for tasks to queue
[2022-03-14 00:02:01,536] {logging_mixin.py:109} INFO - [2022-03-14 00:02:01,536] {dagbag.py:500} INFO - Filling up the DagBag from /home/airflow/.local/lib/python3.7/site-packages/airflow/example_dags/example_task_group.py
[2022-03-14 00:02:01,559] {processor.py:654} INFO - DAG(s) dict_keys(['example_task_group']) retrieved from /home/airflow/.local/lib/python3.7/site-packages/airflow/example_dags/example_task_group.py
[2022-03-14 00:02:01,569] {logging_mixin.py:109} INFO - [2022-03-14 00:02:01,569] {dag.py:2398} INFO - Sync 1 DAGs
[2022-03-14 00:02:01,582] {logging_mixin.py:109} INFO - [2022-03-14 00:02:01,582] {dag.py:2937} INFO - Setting next_dagrun for example_task_group to 2022-03-13T00:02:01.582190+00:00
[2022-03-14 00:02:01,598] {processor.py:171} INFO - Processing /home/airflow/.local/lib/python3.7/site-packages/airflow/example_dags/example_task_group.py took 0.064 seconds
[2022-03-14 00:02:31,986] {processor.py:163} INFO - Started process (PID=4395) to work on /home/airflow/.local/lib/python3.7/site-packages/airflow/example_dags/example_task_group.py
[2022-03-14 00:02:31,987] {processor.py:642} INFO - Processing file /home/airflow/.local/lib/python3.7/site-packages/airflow/example_dags/example_task_group.py for tasks to queue
[2022-03-14 00:02:31,987] {logging_mixin.py:109} INFO - [2022-03-14 00:02:31,987] {dagbag.py:500} INFO - Filling up the DagBag from /home/airflow/.local/lib/python3.7/site-packages/airflow/example_dags/example_task_group.py
[2022-03-14 00:02:32,009] {processor.py:654} INFO - DAG(s) dict_keys(['example_task_group']) retrieved from /home/airflow/.local/lib/python3.7/site-packages/airflow/example_dags/example_task_group.py
[2022-03-14 00:02:32,016] {logging_mixin.py:109} INFO - [2022-03-14 00:02:32,016] {dag.py:2398} INFO - Sync 1 DAGs
[2022-03-14 00:02:32,028] {logging_mixin.py:109} INFO - [2022-03-14 00:02:32,027] {dag.py:2937} INFO - Setting next_dagrun for example_task_group to 2022-03-13T00:02:32.027765+00:00
[2022-03-14 00:02:32,035] {processor.py:171} INFO - Processing /home/airflow/.local/lib/python3.7/site-packages/airflow/example_dags/example_task_group.py took 0.051 seconds
[2022-03-14 00:03:02,610] {processor.py:163} INFO - Started process (PID=4456) to work on /home/airflow/.local/lib/python3.7/site-packages/airflow/example_dags/example_task_group.py
[2022-03-14 00:03:02,611] {processor.py:642} INFO - Processing file /home/airflow/.local/lib/python3.7/site-packages/airflow/example_dags/example_task_group.py for tasks to queue
[2022-03-14 00:03:02,612] {logging_mixin.py:109} INFO - [2022-03-14 00:03:02,612] {dagbag.py:500} INFO - Filling up the DagBag from /home/airflow/.local/lib/python3.7/site-packages/airflow/example_dags/example_task_group.py
[2022-03-14 00:03:02,633] {processor.py:654} INFO - DAG(s) dict_keys(['example_task_group']) retrieved from /home/airflow/.local/lib/python3.7/site-packages/airflow/example_dags/example_task_group.py
[2022-03-14 00:03:02,641] {logging_mixin.py:109} INFO - [2022-03-14 00:03:02,641] {dag.py:2398} INFO - Sync 1 DAGs
[2022-03-14 00:03:02,652] {logging_mixin.py:109} INFO - [2022-03-14 00:03:02,652] {dag.py:2937} INFO - Setting next_dagrun for example_task_group to 2022-03-13T00:03:02.652604+00:00
[2022-03-14 00:03:02,666] {processor.py:171} INFO - Processing /home/airflow/.local/lib/python3.7/site-packages/airflow/example_dags/example_task_group.py took 0.057 seconds
[2022-03-14 00:03:33,651] {processor.py:163} INFO - Started process (PID=4508) to work on /home/airflow/.local/lib/python3.7/site-packages/airflow/example_dags/example_task_group.py
[2022-03-14 00:03:33,652] {processor.py:642} INFO - Processing file /home/airflow/.local/lib/python3.7/site-packages/airflow/example_dags/example_task_group.py for tasks to queue
[2022-03-14 00:03:33,652] {logging_mixin.py:109} INFO - [2022-03-14 00:03:33,652] {dagbag.py:500} INFO - Filling up the DagBag from /home/airflow/.local/lib/python3.7/site-packages/airflow/example_dags/example_task_group.py
[2022-03-14 00:03:33,675] {processor.py:654} INFO - DAG(s) dict_keys(['example_task_group']) retrieved from /home/airflow/.local/lib/python3.7/site-packages/airflow/example_dags/example_task_group.py
[2022-03-14 00:03:33,684] {logging_mixin.py:109} INFO - [2022-03-14 00:03:33,684] {dag.py:2398} INFO - Sync 1 DAGs
[2022-03-14 00:03:33,696] {logging_mixin.py:109} INFO - [2022-03-14 00:03:33,696] {dag.py:2937} INFO - Setting next_dagrun for example_task_group to 2022-03-13T00:03:33.696539+00:00
[2022-03-14 00:03:33,705] {processor.py:171} INFO - Processing /home/airflow/.local/lib/python3.7/site-packages/airflow/example_dags/example_task_group.py took 0.056 seconds
[2022-03-14 00:04:04,785] {processor.py:163} INFO - Started process (PID=4569) to work on /home/airflow/.local/lib/python3.7/site-packages/airflow/example_dags/example_task_group.py
[2022-03-14 00:04:04,786] {processor.py:642} INFO - Processing file /home/airflow/.local/lib/python3.7/site-packages/airflow/example_dags/example_task_group.py for tasks to queue
[2022-03-14 00:04:04,786] {logging_mixin.py:109} INFO - [2022-03-14 00:04:04,786] {dagbag.py:500} INFO - Filling up the DagBag from /home/airflow/.local/lib/python3.7/site-packages/airflow/example_dags/example_task_group.py
[2022-03-14 00:04:04,807] {processor.py:654} INFO - DAG(s) dict_keys(['example_task_group']) retrieved from /home/airflow/.local/lib/python3.7/site-packages/airflow/example_dags/example_task_group.py
[2022-03-14 00:04:04,815] {logging_mixin.py:109} INFO - [2022-03-14 00:04:04,815] {dag.py:2398} INFO - Sync 1 DAGs
[2022-03-14 00:04:04,826] {logging_mixin.py:109} INFO - [2022-03-14 00:04:04,826] {dag.py:2937} INFO - Setting next_dagrun for example_task_group to 2022-03-13T00:04:04.826434+00:00
[2022-03-14 00:04:04,834] {processor.py:171} INFO - Processing /home/airflow/.local/lib/python3.7/site-packages/airflow/example_dags/example_task_group.py took 0.051 seconds
[2022-03-14 00:04:35,674] {processor.py:163} INFO - Started process (PID=4621) to work on /home/airflow/.local/lib/python3.7/site-packages/airflow/example_dags/example_task_group.py
[2022-03-14 00:04:35,675] {processor.py:642} INFO - Processing file /home/airflow/.local/lib/python3.7/site-packages/airflow/example_dags/example_task_group.py for tasks to queue
[2022-03-14 00:04:35,676] {logging_mixin.py:109} INFO - [2022-03-14 00:04:35,676] {dagbag.py:500} INFO - Filling up the DagBag from /home/airflow/.local/lib/python3.7/site-packages/airflow/example_dags/example_task_group.py
[2022-03-14 00:04:35,700] {processor.py:654} INFO - DAG(s) dict_keys(['example_task_group']) retrieved from /home/airflow/.local/lib/python3.7/site-packages/airflow/example_dags/example_task_group.py
[2022-03-14 00:04:35,711] {logging_mixin.py:109} INFO - [2022-03-14 00:04:35,711] {dag.py:2398} INFO - Sync 1 DAGs
[2022-03-14 00:04:35,727] {logging_mixin.py:109} INFO - [2022-03-14 00:04:35,726] {dag.py:2937} INFO - Setting next_dagrun for example_task_group to 2022-03-13T00:04:35.726634+00:00
[2022-03-14 00:04:35,742] {processor.py:171} INFO - Processing /home/airflow/.local/lib/python3.7/site-packages/airflow/example_dags/example_task_group.py took 0.070 seconds
[2022-03-14 00:05:06,331] {processor.py:163} INFO - Started process (PID=4682) to work on /home/airflow/.local/lib/python3.7/site-packages/airflow/example_dags/example_task_group.py
[2022-03-14 00:05:06,332] {processor.py:642} INFO - Processing file /home/airflow/.local/lib/python3.7/site-packages/airflow/example_dags/example_task_group.py for tasks to queue
[2022-03-14 00:05:06,332] {logging_mixin.py:109} INFO - [2022-03-14 00:05:06,332] {dagbag.py:500} INFO - Filling up the DagBag from /home/airflow/.local/lib/python3.7/site-packages/airflow/example_dags/example_task_group.py
[2022-03-14 00:05:06,353] {processor.py:654} INFO - DAG(s) dict_keys(['example_task_group']) retrieved from /home/airflow/.local/lib/python3.7/site-packages/airflow/example_dags/example_task_group.py
[2022-03-14 00:05:06,361] {logging_mixin.py:109} INFO - [2022-03-14 00:05:06,361] {dag.py:2398} INFO - Sync 1 DAGs
[2022-03-14 00:05:06,372] {logging_mixin.py:109} INFO - [2022-03-14 00:05:06,372] {dag.py:2937} INFO - Setting next_dagrun for example_task_group to 2022-03-13T00:05:06.372377+00:00
[2022-03-14 00:05:06,385] {processor.py:171} INFO - Processing /home/airflow/.local/lib/python3.7/site-packages/airflow/example_dags/example_task_group.py took 0.056 seconds
[2022-03-14 00:05:37,195] {processor.py:163} INFO - Started process (PID=4734) to work on /home/airflow/.local/lib/python3.7/site-packages/airflow/example_dags/example_task_group.py
[2022-03-14 00:05:37,196] {processor.py:642} INFO - Processing file /home/airflow/.local/lib/python3.7/site-packages/airflow/example_dags/example_task_group.py for tasks to queue
[2022-03-14 00:05:37,197] {logging_mixin.py:109} INFO - [2022-03-14 00:05:37,197] {dagbag.py:500} INFO - Filling up the DagBag from /home/airflow/.local/lib/python3.7/site-packages/airflow/example_dags/example_task_group.py
[2022-03-14 00:05:37,220] {processor.py:654} INFO - DAG(s) dict_keys(['example_task_group']) retrieved from /home/airflow/.local/lib/python3.7/site-packages/airflow/example_dags/example_task_group.py
[2022-03-14 00:05:37,230] {logging_mixin.py:109} INFO - [2022-03-14 00:05:37,230] {dag.py:2398} INFO - Sync 1 DAGs
[2022-03-14 00:05:37,243] {logging_mixin.py:109} INFO - [2022-03-14 00:05:37,243] {dag.py:2937} INFO - Setting next_dagrun for example_task_group to 2022-03-13T00:05:37.243181+00:00
[2022-03-14 00:05:37,258] {processor.py:171} INFO - Processing /home/airflow/.local/lib/python3.7/site-packages/airflow/example_dags/example_task_group.py took 0.065 seconds
[2022-03-14 00:06:08,104] {processor.py:163} INFO - Started process (PID=4795) to work on /home/airflow/.local/lib/python3.7/site-packages/airflow/example_dags/example_task_group.py
[2022-03-14 00:06:08,105] {processor.py:642} INFO - Processing file /home/airflow/.local/lib/python3.7/site-packages/airflow/example_dags/example_task_group.py for tasks to queue
[2022-03-14 00:06:08,105] {logging_mixin.py:109} INFO - [2022-03-14 00:06:08,105] {dagbag.py:500} INFO - Filling up the DagBag from /home/airflow/.local/lib/python3.7/site-packages/airflow/example_dags/example_task_group.py
[2022-03-14 00:06:08,127] {processor.py:654} INFO - DAG(s) dict_keys(['example_task_group']) retrieved from /home/airflow/.local/lib/python3.7/site-packages/airflow/example_dags/example_task_group.py
[2022-03-14 00:06:08,136] {logging_mixin.py:109} INFO - [2022-03-14 00:06:08,136] {dag.py:2398} INFO - Sync 1 DAGs
[2022-03-14 00:06:08,147] {logging_mixin.py:109} INFO - [2022-03-14 00:06:08,147] {dag.py:2937} INFO - Setting next_dagrun for example_task_group to 2022-03-13T00:06:08.147520+00:00
[2022-03-14 00:06:08,161] {processor.py:171} INFO - Processing /home/airflow/.local/lib/python3.7/site-packages/airflow/example_dags/example_task_group.py took 0.059 seconds
[2022-03-14 00:06:38,827] {processor.py:163} INFO - Started process (PID=4847) to work on /home/airflow/.local/lib/python3.7/site-packages/airflow/example_dags/example_task_group.py
[2022-03-14 00:06:38,827] {processor.py:642} INFO - Processing file /home/airflow/.local/lib/python3.7/site-packages/airflow/example_dags/example_task_group.py for tasks to queue
[2022-03-14 00:06:38,828] {logging_mixin.py:109} INFO - [2022-03-14 00:06:38,828] {dagbag.py:500} INFO - Filling up the DagBag from /home/airflow/.local/lib/python3.7/site-packages/airflow/example_dags/example_task_group.py
[2022-03-14 00:06:38,850] {processor.py:654} INFO - DAG(s) dict_keys(['example_task_group']) retrieved from /home/airflow/.local/lib/python3.7/site-packages/airflow/example_dags/example_task_group.py
[2022-03-14 00:06:38,859] {logging_mixin.py:109} INFO - [2022-03-14 00:06:38,859] {dag.py:2398} INFO - Sync 1 DAGs
[2022-03-14 00:06:38,871] {logging_mixin.py:109} INFO - [2022-03-14 00:06:38,871] {dag.py:2937} INFO - Setting next_dagrun for example_task_group to 2022-03-13T00:06:38.871606+00:00
[2022-03-14 00:06:38,886] {processor.py:171} INFO - Processing /home/airflow/.local/lib/python3.7/site-packages/airflow/example_dags/example_task_group.py took 0.061 seconds
[2022-03-14 00:07:09,628] {processor.py:163} INFO - Started process (PID=4908) to work on /home/airflow/.local/lib/python3.7/site-packages/airflow/example_dags/example_task_group.py
[2022-03-14 00:07:09,629] {processor.py:642} INFO - Processing file /home/airflow/.local/lib/python3.7/site-packages/airflow/example_dags/example_task_group.py for tasks to queue
[2022-03-14 00:07:09,629] {logging_mixin.py:109} INFO - [2022-03-14 00:07:09,629] {dagbag.py:500} INFO - Filling up the DagBag from /home/airflow/.local/lib/python3.7/site-packages/airflow/example_dags/example_task_group.py
[2022-03-14 00:07:09,654] {processor.py:654} INFO - DAG(s) dict_keys(['example_task_group']) retrieved from /home/airflow/.local/lib/python3.7/site-packages/airflow/example_dags/example_task_group.py
[2022-03-14 00:07:09,666] {logging_mixin.py:109} INFO - [2022-03-14 00:07:09,666] {dag.py:2398} INFO - Sync 1 DAGs
[2022-03-14 00:07:09,689] {logging_mixin.py:109} INFO - [2022-03-14 00:07:09,689] {dag.py:2937} INFO - Setting next_dagrun for example_task_group to 2022-03-13T00:07:09.688739+00:00
[2022-03-14 00:07:09,705] {processor.py:171} INFO - Processing /home/airflow/.local/lib/python3.7/site-packages/airflow/example_dags/example_task_group.py took 0.079 seconds
[2022-03-14 00:07:40,508] {processor.py:163} INFO - Started process (PID=4960) to work on /home/airflow/.local/lib/python3.7/site-packages/airflow/example_dags/example_task_group.py
[2022-03-14 00:07:40,509] {processor.py:642} INFO - Processing file /home/airflow/.local/lib/python3.7/site-packages/airflow/example_dags/example_task_group.py for tasks to queue
[2022-03-14 00:07:40,509] {logging_mixin.py:109} INFO - [2022-03-14 00:07:40,509] {dagbag.py:500} INFO - Filling up the DagBag from /home/airflow/.local/lib/python3.7/site-packages/airflow/example_dags/example_task_group.py
[2022-03-14 00:07:40,534] {processor.py:654} INFO - DAG(s) dict_keys(['example_task_group']) retrieved from /home/airflow/.local/lib/python3.7/site-packages/airflow/example_dags/example_task_group.py
[2022-03-14 00:07:40,543] {logging_mixin.py:109} INFO - [2022-03-14 00:07:40,543] {dag.py:2398} INFO - Sync 1 DAGs
[2022-03-14 00:07:40,555] {logging_mixin.py:109} INFO - [2022-03-14 00:07:40,555] {dag.py:2937} INFO - Setting next_dagrun for example_task_group to 2022-03-13T00:07:40.555544+00:00
[2022-03-14 00:07:40,564] {processor.py:171} INFO - Processing /home/airflow/.local/lib/python3.7/site-packages/airflow/example_dags/example_task_group.py took 0.058 seconds
[2022-03-14 00:08:11,606] {processor.py:163} INFO - Started process (PID=5021) to work on /home/airflow/.local/lib/python3.7/site-packages/airflow/example_dags/example_task_group.py
[2022-03-14 00:08:11,607] {processor.py:642} INFO - Processing file /home/airflow/.local/lib/python3.7/site-packages/airflow/example_dags/example_task_group.py for tasks to queue
[2022-03-14 00:08:11,607] {logging_mixin.py:109} INFO - [2022-03-14 00:08:11,607] {dagbag.py:500} INFO - Filling up the DagBag from /home/airflow/.local/lib/python3.7/site-packages/airflow/example_dags/example_task_group.py
[2022-03-14 00:08:11,631] {processor.py:654} INFO - DAG(s) dict_keys(['example_task_group']) retrieved from /home/airflow/.local/lib/python3.7/site-packages/airflow/example_dags/example_task_group.py
[2022-03-14 00:08:11,641] {logging_mixin.py:109} INFO - [2022-03-14 00:08:11,641] {dag.py:2398} INFO - Sync 1 DAGs
[2022-03-14 00:08:11,655] {logging_mixin.py:109} INFO - [2022-03-14 00:08:11,655] {dag.py:2937} INFO - Setting next_dagrun for example_task_group to 2022-03-13T00:08:11.655400+00:00
[2022-03-14 00:08:11,675] {processor.py:171} INFO - Processing /home/airflow/.local/lib/python3.7/site-packages/airflow/example_dags/example_task_group.py took 0.071 seconds
[2022-03-14 00:08:42,344] {processor.py:163} INFO - Started process (PID=5073) to work on /home/airflow/.local/lib/python3.7/site-packages/airflow/example_dags/example_task_group.py
[2022-03-14 00:08:42,344] {processor.py:642} INFO - Processing file /home/airflow/.local/lib/python3.7/site-packages/airflow/example_dags/example_task_group.py for tasks to queue
[2022-03-14 00:08:42,345] {logging_mixin.py:109} INFO - [2022-03-14 00:08:42,345] {dagbag.py:500} INFO - Filling up the DagBag from /home/airflow/.local/lib/python3.7/site-packages/airflow/example_dags/example_task_group.py
[2022-03-14 00:08:42,367] {processor.py:654} INFO - DAG(s) dict_keys(['example_task_group']) retrieved from /home/airflow/.local/lib/python3.7/site-packages/airflow/example_dags/example_task_group.py
[2022-03-14 00:08:42,375] {logging_mixin.py:109} INFO - [2022-03-14 00:08:42,375] {dag.py:2398} INFO - Sync 1 DAGs
[2022-03-14 00:08:42,387] {logging_mixin.py:109} INFO - [2022-03-14 00:08:42,387] {dag.py:2937} INFO - Setting next_dagrun for example_task_group to 2022-03-13T00:08:42.387255+00:00
[2022-03-14 00:08:42,407] {processor.py:171} INFO - Processing /home/airflow/.local/lib/python3.7/site-packages/airflow/example_dags/example_task_group.py took 0.065 seconds
[2022-03-14 00:09:13,099] {processor.py:163} INFO - Started process (PID=5126) to work on /home/airflow/.local/lib/python3.7/site-packages/airflow/example_dags/example_task_group.py
[2022-03-14 00:09:13,100] {processor.py:642} INFO - Processing file /home/airflow/.local/lib/python3.7/site-packages/airflow/example_dags/example_task_group.py for tasks to queue
[2022-03-14 00:09:13,101] {logging_mixin.py:109} INFO - [2022-03-14 00:09:13,101] {dagbag.py:500} INFO - Filling up the DagBag from /home/airflow/.local/lib/python3.7/site-packages/airflow/example_dags/example_task_group.py
[2022-03-14 00:09:13,125] {processor.py:654} INFO - DAG(s) dict_keys(['example_task_group']) retrieved from /home/airflow/.local/lib/python3.7/site-packages/airflow/example_dags/example_task_group.py
[2022-03-14 00:09:13,133] {logging_mixin.py:109} INFO - [2022-03-14 00:09:13,133] {dag.py:2398} INFO - Sync 1 DAGs
[2022-03-14 00:09:13,145] {logging_mixin.py:109} INFO - [2022-03-14 00:09:13,145] {dag.py:2937} INFO - Setting next_dagrun for example_task_group to 2022-03-13T00:09:13.145532+00:00
[2022-03-14 00:09:13,160] {processor.py:171} INFO - Processing /home/airflow/.local/lib/python3.7/site-packages/airflow/example_dags/example_task_group.py took 0.062 seconds
[2022-03-14 00:09:44,035] {processor.py:163} INFO - Started process (PID=5187) to work on /home/airflow/.local/lib/python3.7/site-packages/airflow/example_dags/example_task_group.py
[2022-03-14 00:09:44,035] {processor.py:642} INFO - Processing file /home/airflow/.local/lib/python3.7/site-packages/airflow/example_dags/example_task_group.py for tasks to queue
[2022-03-14 00:09:44,036] {logging_mixin.py:109} INFO - [2022-03-14 00:09:44,036] {dagbag.py:500} INFO - Filling up the DagBag from /home/airflow/.local/lib/python3.7/site-packages/airflow/example_dags/example_task_group.py
[2022-03-14 00:09:44,059] {processor.py:654} INFO - DAG(s) dict_keys(['example_task_group']) retrieved from /home/airflow/.local/lib/python3.7/site-packages/airflow/example_dags/example_task_group.py
[2022-03-14 00:09:44,070] {logging_mixin.py:109} INFO - [2022-03-14 00:09:44,070] {dag.py:2398} INFO - Sync 1 DAGs
[2022-03-14 00:09:44,085] {logging_mixin.py:109} INFO - [2022-03-14 00:09:44,085] {dag.py:2937} INFO - Setting next_dagrun for example_task_group to 2022-03-13T00:09:44.085356+00:00
[2022-03-14 00:09:44,094] {processor.py:171} INFO - Processing /home/airflow/.local/lib/python3.7/site-packages/airflow/example_dags/example_task_group.py took 0.062 seconds
[2022-03-14 00:10:14,692] {processor.py:163} INFO - Started process (PID=5239) to work on /home/airflow/.local/lib/python3.7/site-packages/airflow/example_dags/example_task_group.py
[2022-03-14 00:10:14,693] {processor.py:642} INFO - Processing file /home/airflow/.local/lib/python3.7/site-packages/airflow/example_dags/example_task_group.py for tasks to queue
[2022-03-14 00:10:14,694] {logging_mixin.py:109} INFO - [2022-03-14 00:10:14,694] {dagbag.py:500} INFO - Filling up the DagBag from /home/airflow/.local/lib/python3.7/site-packages/airflow/example_dags/example_task_group.py
[2022-03-14 00:10:14,717] {processor.py:654} INFO - DAG(s) dict_keys(['example_task_group']) retrieved from /home/airflow/.local/lib/python3.7/site-packages/airflow/example_dags/example_task_group.py
[2022-03-14 00:10:14,726] {logging_mixin.py:109} INFO - [2022-03-14 00:10:14,726] {dag.py:2398} INFO - Sync 1 DAGs
[2022-03-14 00:10:14,739] {logging_mixin.py:109} INFO - [2022-03-14 00:10:14,739] {dag.py:2937} INFO - Setting next_dagrun for example_task_group to 2022-03-13T00:10:14.738922+00:00
[2022-03-14 00:10:14,753] {processor.py:171} INFO - Processing /home/airflow/.local/lib/python3.7/site-packages/airflow/example_dags/example_task_group.py took 0.063 seconds
[2022-03-14 00:10:45,541] {processor.py:163} INFO - Started process (PID=5300) to work on /home/airflow/.local/lib/python3.7/site-packages/airflow/example_dags/example_task_group.py
[2022-03-14 00:10:45,542] {processor.py:642} INFO - Processing file /home/airflow/.local/lib/python3.7/site-packages/airflow/example_dags/example_task_group.py for tasks to queue
[2022-03-14 00:10:45,542] {logging_mixin.py:109} INFO - [2022-03-14 00:10:45,542] {dagbag.py:500} INFO - Filling up the DagBag from /home/airflow/.local/lib/python3.7/site-packages/airflow/example_dags/example_task_group.py
[2022-03-14 00:10:45,564] {processor.py:654} INFO - DAG(s) dict_keys(['example_task_group']) retrieved from /home/airflow/.local/lib/python3.7/site-packages/airflow/example_dags/example_task_group.py
[2022-03-14 00:10:45,573] {logging_mixin.py:109} INFO - [2022-03-14 00:10:45,573] {dag.py:2398} INFO - Sync 1 DAGs
[2022-03-14 00:10:45,586] {logging_mixin.py:109} INFO - [2022-03-14 00:10:45,586] {dag.py:2937} INFO - Setting next_dagrun for example_task_group to 2022-03-13T00:10:45.586023+00:00
[2022-03-14 00:10:45,594] {processor.py:171} INFO - Processing /home/airflow/.local/lib/python3.7/site-packages/airflow/example_dags/example_task_group.py took 0.056 seconds
[2022-03-14 00:11:16,312] {processor.py:163} INFO - Started process (PID=5352) to work on /home/airflow/.local/lib/python3.7/site-packages/airflow/example_dags/example_task_group.py
[2022-03-14 00:11:16,313] {processor.py:642} INFO - Processing file /home/airflow/.local/lib/python3.7/site-packages/airflow/example_dags/example_task_group.py for tasks to queue
[2022-03-14 00:11:16,314] {logging_mixin.py:109} INFO - [2022-03-14 00:11:16,314] {dagbag.py:500} INFO - Filling up the DagBag from /home/airflow/.local/lib/python3.7/site-packages/airflow/example_dags/example_task_group.py
[2022-03-14 00:11:16,337] {processor.py:654} INFO - DAG(s) dict_keys(['example_task_group']) retrieved from /home/airflow/.local/lib/python3.7/site-packages/airflow/example_dags/example_task_group.py
[2022-03-14 00:11:16,347] {logging_mixin.py:109} INFO - [2022-03-14 00:11:16,347] {dag.py:2398} INFO - Sync 1 DAGs
[2022-03-14 00:11:16,361] {logging_mixin.py:109} INFO - [2022-03-14 00:11:16,361] {dag.py:2937} INFO - Setting next_dagrun for example_task_group to 2022-03-13T00:11:16.360804+00:00
[2022-03-14 00:11:16,375] {processor.py:171} INFO - Processing /home/airflow/.local/lib/python3.7/site-packages/airflow/example_dags/example_task_group.py took 0.064 seconds
[2022-03-14 00:11:47,143] {processor.py:163} INFO - Started process (PID=5414) to work on /home/airflow/.local/lib/python3.7/site-packages/airflow/example_dags/example_task_group.py
[2022-03-14 00:11:47,143] {processor.py:642} INFO - Processing file /home/airflow/.local/lib/python3.7/site-packages/airflow/example_dags/example_task_group.py for tasks to queue
[2022-03-14 00:11:47,144] {logging_mixin.py:109} INFO - [2022-03-14 00:11:47,144] {dagbag.py:500} INFO - Filling up the DagBag from /home/airflow/.local/lib/python3.7/site-packages/airflow/example_dags/example_task_group.py
[2022-03-14 00:11:47,165] {processor.py:654} INFO - DAG(s) dict_keys(['example_task_group']) retrieved from /home/airflow/.local/lib/python3.7/site-packages/airflow/example_dags/example_task_group.py
[2022-03-14 00:11:47,173] {logging_mixin.py:109} INFO - [2022-03-14 00:11:47,173] {dag.py:2398} INFO - Sync 1 DAGs
[2022-03-14 00:11:47,184] {logging_mixin.py:109} INFO - [2022-03-14 00:11:47,184] {dag.py:2937} INFO - Setting next_dagrun for example_task_group to 2022-03-13T00:11:47.184511+00:00
[2022-03-14 00:11:47,197] {processor.py:171} INFO - Processing /home/airflow/.local/lib/python3.7/site-packages/airflow/example_dags/example_task_group.py took 0.057 seconds
[2022-03-14 00:12:18,072] {processor.py:163} INFO - Started process (PID=5465) to work on /home/airflow/.local/lib/python3.7/site-packages/airflow/example_dags/example_task_group.py
[2022-03-14 00:12:18,073] {processor.py:642} INFO - Processing file /home/airflow/.local/lib/python3.7/site-packages/airflow/example_dags/example_task_group.py for tasks to queue
[2022-03-14 00:12:18,074] {logging_mixin.py:109} INFO - [2022-03-14 00:12:18,073] {dagbag.py:500} INFO - Filling up the DagBag from /home/airflow/.local/lib/python3.7/site-packages/airflow/example_dags/example_task_group.py
[2022-03-14 00:12:18,097] {processor.py:654} INFO - DAG(s) dict_keys(['example_task_group']) retrieved from /home/airflow/.local/lib/python3.7/site-packages/airflow/example_dags/example_task_group.py
[2022-03-14 00:12:18,107] {logging_mixin.py:109} INFO - [2022-03-14 00:12:18,107] {dag.py:2398} INFO - Sync 1 DAGs
[2022-03-14 00:12:18,121] {logging_mixin.py:109} INFO - [2022-03-14 00:12:18,121] {dag.py:2937} INFO - Setting next_dagrun for example_task_group to 2022-03-13T00:12:18.121462+00:00
[2022-03-14 00:12:18,130] {processor.py:171} INFO - Processing /home/airflow/.local/lib/python3.7/site-packages/airflow/example_dags/example_task_group.py took 0.060 seconds
[2022-03-14 00:12:48,856] {processor.py:163} INFO - Started process (PID=5526) to work on /home/airflow/.local/lib/python3.7/site-packages/airflow/example_dags/example_task_group.py
[2022-03-14 00:12:48,856] {processor.py:642} INFO - Processing file /home/airflow/.local/lib/python3.7/site-packages/airflow/example_dags/example_task_group.py for tasks to queue
[2022-03-14 00:12:48,857] {logging_mixin.py:109} INFO - [2022-03-14 00:12:48,857] {dagbag.py:500} INFO - Filling up the DagBag from /home/airflow/.local/lib/python3.7/site-packages/airflow/example_dags/example_task_group.py
[2022-03-14 00:12:48,879] {processor.py:654} INFO - DAG(s) dict_keys(['example_task_group']) retrieved from /home/airflow/.local/lib/python3.7/site-packages/airflow/example_dags/example_task_group.py
[2022-03-14 00:12:48,888] {logging_mixin.py:109} INFO - [2022-03-14 00:12:48,888] {dag.py:2398} INFO - Sync 1 DAGs
[2022-03-14 00:12:48,899] {logging_mixin.py:109} INFO - [2022-03-14 00:12:48,899] {dag.py:2937} INFO - Setting next_dagrun for example_task_group to 2022-03-13T00:12:48.899713+00:00
[2022-03-14 00:12:48,914] {processor.py:171} INFO - Processing /home/airflow/.local/lib/python3.7/site-packages/airflow/example_dags/example_task_group.py took 0.060 seconds
[2022-03-14 00:13:19,756] {processor.py:163} INFO - Started process (PID=5579) to work on /home/airflow/.local/lib/python3.7/site-packages/airflow/example_dags/example_task_group.py
[2022-03-14 00:13:19,757] {processor.py:642} INFO - Processing file /home/airflow/.local/lib/python3.7/site-packages/airflow/example_dags/example_task_group.py for tasks to queue
[2022-03-14 00:13:19,757] {logging_mixin.py:109} INFO - [2022-03-14 00:13:19,757] {dagbag.py:500} INFO - Filling up the DagBag from /home/airflow/.local/lib/python3.7/site-packages/airflow/example_dags/example_task_group.py
[2022-03-14 00:13:19,779] {processor.py:654} INFO - DAG(s) dict_keys(['example_task_group']) retrieved from /home/airflow/.local/lib/python3.7/site-packages/airflow/example_dags/example_task_group.py
[2022-03-14 00:13:19,789] {logging_mixin.py:109} INFO - [2022-03-14 00:13:19,789] {dag.py:2398} INFO - Sync 1 DAGs
[2022-03-14 00:13:19,802] {logging_mixin.py:109} INFO - [2022-03-14 00:13:19,802] {dag.py:2937} INFO - Setting next_dagrun for example_task_group to 2022-03-13T00:13:19.802612+00:00
[2022-03-14 00:13:19,817] {processor.py:171} INFO - Processing /home/airflow/.local/lib/python3.7/site-packages/airflow/example_dags/example_task_group.py took 0.063 seconds
[2022-03-14 00:13:50,631] {processor.py:163} INFO - Started process (PID=5641) to work on /home/airflow/.local/lib/python3.7/site-packages/airflow/example_dags/example_task_group.py
[2022-03-14 00:13:50,632] {processor.py:642} INFO - Processing file /home/airflow/.local/lib/python3.7/site-packages/airflow/example_dags/example_task_group.py for tasks to queue
[2022-03-14 00:13:50,632] {logging_mixin.py:109} INFO - [2022-03-14 00:13:50,632] {dagbag.py:500} INFO - Filling up the DagBag from /home/airflow/.local/lib/python3.7/site-packages/airflow/example_dags/example_task_group.py
[2022-03-14 00:13:50,658] {processor.py:654} INFO - DAG(s) dict_keys(['example_task_group']) retrieved from /home/airflow/.local/lib/python3.7/site-packages/airflow/example_dags/example_task_group.py
[2022-03-14 00:13:50,671] {logging_mixin.py:109} INFO - [2022-03-14 00:13:50,670] {dag.py:2398} INFO - Sync 1 DAGs
[2022-03-14 00:13:50,688] {logging_mixin.py:109} INFO - [2022-03-14 00:13:50,688] {dag.py:2937} INFO - Setting next_dagrun for example_task_group to 2022-03-13T00:13:50.688509+00:00
[2022-03-14 00:13:50,700] {processor.py:171} INFO - Processing /home/airflow/.local/lib/python3.7/site-packages/airflow/example_dags/example_task_group.py took 0.071 seconds
[2022-03-14 00:14:21,804] {processor.py:163} INFO - Started process (PID=5694) to work on /home/airflow/.local/lib/python3.7/site-packages/airflow/example_dags/example_task_group.py
[2022-03-14 00:14:21,806] {processor.py:642} INFO - Processing file /home/airflow/.local/lib/python3.7/site-packages/airflow/example_dags/example_task_group.py for tasks to queue
[2022-03-14 00:14:21,806] {logging_mixin.py:109} INFO - [2022-03-14 00:14:21,806] {dagbag.py:500} INFO - Filling up the DagBag from /home/airflow/.local/lib/python3.7/site-packages/airflow/example_dags/example_task_group.py
[2022-03-14 00:14:21,830] {processor.py:654} INFO - DAG(s) dict_keys(['example_task_group']) retrieved from /home/airflow/.local/lib/python3.7/site-packages/airflow/example_dags/example_task_group.py
[2022-03-14 00:14:21,842] {logging_mixin.py:109} INFO - [2022-03-14 00:14:21,842] {dag.py:2398} INFO - Sync 1 DAGs
[2022-03-14 00:14:21,857] {logging_mixin.py:109} INFO - [2022-03-14 00:14:21,857] {dag.py:2937} INFO - Setting next_dagrun for example_task_group to 2022-03-13T00:14:21.857026+00:00
[2022-03-14 00:14:21,873] {processor.py:171} INFO - Processing /home/airflow/.local/lib/python3.7/site-packages/airflow/example_dags/example_task_group.py took 0.071 seconds
[2022-03-14 00:14:52,956] {processor.py:163} INFO - Started process (PID=5755) to work on /home/airflow/.local/lib/python3.7/site-packages/airflow/example_dags/example_task_group.py
[2022-03-14 00:14:52,957] {processor.py:642} INFO - Processing file /home/airflow/.local/lib/python3.7/site-packages/airflow/example_dags/example_task_group.py for tasks to queue
[2022-03-14 00:14:52,958] {logging_mixin.py:109} INFO - [2022-03-14 00:14:52,958] {dagbag.py:500} INFO - Filling up the DagBag from /home/airflow/.local/lib/python3.7/site-packages/airflow/example_dags/example_task_group.py
[2022-03-14 00:14:52,988] {processor.py:654} INFO - DAG(s) dict_keys(['example_task_group']) retrieved from /home/airflow/.local/lib/python3.7/site-packages/airflow/example_dags/example_task_group.py
[2022-03-14 00:14:53,001] {logging_mixin.py:109} INFO - [2022-03-14 00:14:53,001] {dag.py:2398} INFO - Sync 1 DAGs
[2022-03-14 00:14:53,019] {logging_mixin.py:109} INFO - [2022-03-14 00:14:53,019] {dag.py:2937} INFO - Setting next_dagrun for example_task_group to 2022-03-13T00:14:53.019212+00:00
[2022-03-14 00:14:53,030] {processor.py:171} INFO - Processing /home/airflow/.local/lib/python3.7/site-packages/airflow/example_dags/example_task_group.py took 0.077 seconds
[2022-03-14 00:15:24,074] {processor.py:163} INFO - Started process (PID=5807) to work on /home/airflow/.local/lib/python3.7/site-packages/airflow/example_dags/example_task_group.py
[2022-03-14 00:15:24,075] {processor.py:642} INFO - Processing file /home/airflow/.local/lib/python3.7/site-packages/airflow/example_dags/example_task_group.py for tasks to queue
[2022-03-14 00:15:24,076] {logging_mixin.py:109} INFO - [2022-03-14 00:15:24,076] {dagbag.py:500} INFO - Filling up the DagBag from /home/airflow/.local/lib/python3.7/site-packages/airflow/example_dags/example_task_group.py
[2022-03-14 00:15:24,099] {processor.py:654} INFO - DAG(s) dict_keys(['example_task_group']) retrieved from /home/airflow/.local/lib/python3.7/site-packages/airflow/example_dags/example_task_group.py
[2022-03-14 00:15:24,108] {logging_mixin.py:109} INFO - [2022-03-14 00:15:24,108] {dag.py:2398} INFO - Sync 1 DAGs
[2022-03-14 00:15:24,120] {logging_mixin.py:109} INFO - [2022-03-14 00:15:24,120] {dag.py:2937} INFO - Setting next_dagrun for example_task_group to 2022-03-13T00:15:24.120032+00:00
[2022-03-14 00:15:24,128] {processor.py:171} INFO - Processing /home/airflow/.local/lib/python3.7/site-packages/airflow/example_dags/example_task_group.py took 0.057 seconds
[2022-03-14 00:15:55,233] {processor.py:163} INFO - Started process (PID=5868) to work on /home/airflow/.local/lib/python3.7/site-packages/airflow/example_dags/example_task_group.py
[2022-03-14 00:15:55,233] {processor.py:642} INFO - Processing file /home/airflow/.local/lib/python3.7/site-packages/airflow/example_dags/example_task_group.py for tasks to queue
[2022-03-14 00:15:55,234] {logging_mixin.py:109} INFO - [2022-03-14 00:15:55,234] {dagbag.py:500} INFO - Filling up the DagBag from /home/airflow/.local/lib/python3.7/site-packages/airflow/example_dags/example_task_group.py
[2022-03-14 00:15:55,258] {processor.py:654} INFO - DAG(s) dict_keys(['example_task_group']) retrieved from /home/airflow/.local/lib/python3.7/site-packages/airflow/example_dags/example_task_group.py
[2022-03-14 00:15:55,270] {logging_mixin.py:109} INFO - [2022-03-14 00:15:55,270] {dag.py:2398} INFO - Sync 1 DAGs
[2022-03-14 00:15:55,287] {logging_mixin.py:109} INFO - [2022-03-14 00:15:55,287] {dag.py:2937} INFO - Setting next_dagrun for example_task_group to 2022-03-13T00:15:55.287477+00:00
[2022-03-14 00:15:55,298] {processor.py:171} INFO - Processing /home/airflow/.local/lib/python3.7/site-packages/airflow/example_dags/example_task_group.py took 0.068 seconds
[2022-03-14 00:16:25,826] {processor.py:163} INFO - Started process (PID=5920) to work on /home/airflow/.local/lib/python3.7/site-packages/airflow/example_dags/example_task_group.py
[2022-03-14 00:16:25,827] {processor.py:642} INFO - Processing file /home/airflow/.local/lib/python3.7/site-packages/airflow/example_dags/example_task_group.py for tasks to queue
[2022-03-14 00:16:25,827] {logging_mixin.py:109} INFO - [2022-03-14 00:16:25,827] {dagbag.py:500} INFO - Filling up the DagBag from /home/airflow/.local/lib/python3.7/site-packages/airflow/example_dags/example_task_group.py
[2022-03-14 00:16:25,851] {processor.py:654} INFO - DAG(s) dict_keys(['example_task_group']) retrieved from /home/airflow/.local/lib/python3.7/site-packages/airflow/example_dags/example_task_group.py
[2022-03-14 00:16:25,860] {logging_mixin.py:109} INFO - [2022-03-14 00:16:25,860] {dag.py:2398} INFO - Sync 1 DAGs
[2022-03-14 00:16:25,873] {logging_mixin.py:109} INFO - [2022-03-14 00:16:25,873] {dag.py:2937} INFO - Setting next_dagrun for example_task_group to 2022-03-13T00:16:25.872856+00:00
[2022-03-14 00:16:25,881] {processor.py:171} INFO - Processing /home/airflow/.local/lib/python3.7/site-packages/airflow/example_dags/example_task_group.py took 0.057 seconds
[2022-03-14 00:16:56,419] {processor.py:163} INFO - Started process (PID=5973) to work on /home/airflow/.local/lib/python3.7/site-packages/airflow/example_dags/example_task_group.py
[2022-03-14 00:16:56,420] {processor.py:642} INFO - Processing file /home/airflow/.local/lib/python3.7/site-packages/airflow/example_dags/example_task_group.py for tasks to queue
[2022-03-14 00:16:56,421] {logging_mixin.py:109} INFO - [2022-03-14 00:16:56,421] {dagbag.py:500} INFO - Filling up the DagBag from /home/airflow/.local/lib/python3.7/site-packages/airflow/example_dags/example_task_group.py
[2022-03-14 00:16:56,443] {processor.py:654} INFO - DAG(s) dict_keys(['example_task_group']) retrieved from /home/airflow/.local/lib/python3.7/site-packages/airflow/example_dags/example_task_group.py
[2022-03-14 00:16:56,451] {logging_mixin.py:109} INFO - [2022-03-14 00:16:56,451] {dag.py:2398} INFO - Sync 1 DAGs
[2022-03-14 00:16:56,464] {logging_mixin.py:109} INFO - [2022-03-14 00:16:56,464] {dag.py:2937} INFO - Setting next_dagrun for example_task_group to 2022-03-13T00:16:56.464235+00:00
[2022-03-14 00:16:56,478] {processor.py:171} INFO - Processing /home/airflow/.local/lib/python3.7/site-packages/airflow/example_dags/example_task_group.py took 0.061 seconds
[2022-03-14 00:17:27,329] {processor.py:163} INFO - Started process (PID=6034) to work on /home/airflow/.local/lib/python3.7/site-packages/airflow/example_dags/example_task_group.py
[2022-03-14 00:17:27,330] {processor.py:642} INFO - Processing file /home/airflow/.local/lib/python3.7/site-packages/airflow/example_dags/example_task_group.py for tasks to queue
[2022-03-14 00:17:27,330] {logging_mixin.py:109} INFO - [2022-03-14 00:17:27,330] {dagbag.py:500} INFO - Filling up the DagBag from /home/airflow/.local/lib/python3.7/site-packages/airflow/example_dags/example_task_group.py
[2022-03-14 00:17:27,352] {processor.py:654} INFO - DAG(s) dict_keys(['example_task_group']) retrieved from /home/airflow/.local/lib/python3.7/site-packages/airflow/example_dags/example_task_group.py
[2022-03-14 00:17:27,361] {logging_mixin.py:109} INFO - [2022-03-14 00:17:27,361] {dag.py:2398} INFO - Sync 1 DAGs
[2022-03-14 00:17:27,374] {logging_mixin.py:109} INFO - [2022-03-14 00:17:27,374] {dag.py:2937} INFO - Setting next_dagrun for example_task_group to 2022-03-13T00:17:27.373871+00:00
[2022-03-14 00:17:27,382] {processor.py:171} INFO - Processing /home/airflow/.local/lib/python3.7/site-packages/airflow/example_dags/example_task_group.py took 0.055 seconds
[2022-03-14 00:17:58,125] {processor.py:163} INFO - Started process (PID=6086) to work on /home/airflow/.local/lib/python3.7/site-packages/airflow/example_dags/example_task_group.py
[2022-03-14 00:17:58,126] {processor.py:642} INFO - Processing file /home/airflow/.local/lib/python3.7/site-packages/airflow/example_dags/example_task_group.py for tasks to queue
[2022-03-14 00:17:58,127] {logging_mixin.py:109} INFO - [2022-03-14 00:17:58,127] {dagbag.py:500} INFO - Filling up the DagBag from /home/airflow/.local/lib/python3.7/site-packages/airflow/example_dags/example_task_group.py
[2022-03-14 00:17:58,151] {processor.py:654} INFO - DAG(s) dict_keys(['example_task_group']) retrieved from /home/airflow/.local/lib/python3.7/site-packages/airflow/example_dags/example_task_group.py
[2022-03-14 00:17:58,160] {logging_mixin.py:109} INFO - [2022-03-14 00:17:58,160] {dag.py:2398} INFO - Sync 1 DAGs
[2022-03-14 00:17:58,174] {logging_mixin.py:109} INFO - [2022-03-14 00:17:58,173] {dag.py:2937} INFO - Setting next_dagrun for example_task_group to 2022-03-13T00:17:58.173772+00:00
[2022-03-14 00:17:58,182] {processor.py:171} INFO - Processing /home/airflow/.local/lib/python3.7/site-packages/airflow/example_dags/example_task_group.py took 0.059 seconds
[2022-03-14 00:18:28,971] {processor.py:163} INFO - Started process (PID=6147) to work on /home/airflow/.local/lib/python3.7/site-packages/airflow/example_dags/example_task_group.py
[2022-03-14 00:18:28,972] {processor.py:642} INFO - Processing file /home/airflow/.local/lib/python3.7/site-packages/airflow/example_dags/example_task_group.py for tasks to queue
[2022-03-14 00:18:28,972] {logging_mixin.py:109} INFO - [2022-03-14 00:18:28,972] {dagbag.py:500} INFO - Filling up the DagBag from /home/airflow/.local/lib/python3.7/site-packages/airflow/example_dags/example_task_group.py
[2022-03-14 00:18:28,995] {processor.py:654} INFO - DAG(s) dict_keys(['example_task_group']) retrieved from /home/airflow/.local/lib/python3.7/site-packages/airflow/example_dags/example_task_group.py
[2022-03-14 00:18:29,005] {logging_mixin.py:109} INFO - [2022-03-14 00:18:29,005] {dag.py:2398} INFO - Sync 1 DAGs
[2022-03-14 00:18:29,017] {logging_mixin.py:109} INFO - [2022-03-14 00:18:29,017] {dag.py:2937} INFO - Setting next_dagrun for example_task_group to 2022-03-13T00:18:29.017200+00:00
[2022-03-14 00:18:29,025] {processor.py:171} INFO - Processing /home/airflow/.local/lib/python3.7/site-packages/airflow/example_dags/example_task_group.py took 0.056 seconds
[2022-03-14 00:18:59,875] {processor.py:163} INFO - Started process (PID=6200) to work on /home/airflow/.local/lib/python3.7/site-packages/airflow/example_dags/example_task_group.py
[2022-03-14 00:18:59,875] {processor.py:642} INFO - Processing file /home/airflow/.local/lib/python3.7/site-packages/airflow/example_dags/example_task_group.py for tasks to queue
[2022-03-14 00:18:59,876] {logging_mixin.py:109} INFO - [2022-03-14 00:18:59,876] {dagbag.py:500} INFO - Filling up the DagBag from /home/airflow/.local/lib/python3.7/site-packages/airflow/example_dags/example_task_group.py
[2022-03-14 00:18:59,899] {processor.py:654} INFO - DAG(s) dict_keys(['example_task_group']) retrieved from /home/airflow/.local/lib/python3.7/site-packages/airflow/example_dags/example_task_group.py
[2022-03-14 00:18:59,907] {logging_mixin.py:109} INFO - [2022-03-14 00:18:59,907] {dag.py:2398} INFO - Sync 1 DAGs
[2022-03-14 00:18:59,919] {logging_mixin.py:109} INFO - [2022-03-14 00:18:59,919] {dag.py:2937} INFO - Setting next_dagrun for example_task_group to 2022-03-13T00:18:59.919343+00:00
[2022-03-14 00:18:59,941] {processor.py:171} INFO - Processing /home/airflow/.local/lib/python3.7/site-packages/airflow/example_dags/example_task_group.py took 0.068 seconds
[2022-03-14 00:19:30,791] {processor.py:163} INFO - Started process (PID=6261) to work on /home/airflow/.local/lib/python3.7/site-packages/airflow/example_dags/example_task_group.py
[2022-03-14 00:19:30,792] {processor.py:642} INFO - Processing file /home/airflow/.local/lib/python3.7/site-packages/airflow/example_dags/example_task_group.py for tasks to queue
[2022-03-14 00:19:30,792] {logging_mixin.py:109} INFO - [2022-03-14 00:19:30,792] {dagbag.py:500} INFO - Filling up the DagBag from /home/airflow/.local/lib/python3.7/site-packages/airflow/example_dags/example_task_group.py
[2022-03-14 00:19:30,815] {processor.py:654} INFO - DAG(s) dict_keys(['example_task_group']) retrieved from /home/airflow/.local/lib/python3.7/site-packages/airflow/example_dags/example_task_group.py
[2022-03-14 00:19:30,824] {logging_mixin.py:109} INFO - [2022-03-14 00:19:30,824] {dag.py:2398} INFO - Sync 1 DAGs
[2022-03-14 00:19:30,836] {logging_mixin.py:109} INFO - [2022-03-14 00:19:30,836] {dag.py:2937} INFO - Setting next_dagrun for example_task_group to 2022-03-13T00:19:30.836570+00:00
[2022-03-14 00:19:30,858] {processor.py:171} INFO - Processing /home/airflow/.local/lib/python3.7/site-packages/airflow/example_dags/example_task_group.py took 0.069 seconds
[2022-03-14 00:20:01,755] {processor.py:163} INFO - Started process (PID=6316) to work on /home/airflow/.local/lib/python3.7/site-packages/airflow/example_dags/example_task_group.py
[2022-03-14 00:20:01,756] {processor.py:642} INFO - Processing file /home/airflow/.local/lib/python3.7/site-packages/airflow/example_dags/example_task_group.py for tasks to queue
[2022-03-14 00:20:01,756] {logging_mixin.py:109} INFO - [2022-03-14 00:20:01,756] {dagbag.py:500} INFO - Filling up the DagBag from /home/airflow/.local/lib/python3.7/site-packages/airflow/example_dags/example_task_group.py
[2022-03-14 00:20:01,780] {processor.py:654} INFO - DAG(s) dict_keys(['example_task_group']) retrieved from /home/airflow/.local/lib/python3.7/site-packages/airflow/example_dags/example_task_group.py
[2022-03-14 00:20:01,789] {logging_mixin.py:109} INFO - [2022-03-14 00:20:01,788] {dag.py:2398} INFO - Sync 1 DAGs
[2022-03-14 00:20:01,800] {logging_mixin.py:109} INFO - [2022-03-14 00:20:01,800] {dag.py:2937} INFO - Setting next_dagrun for example_task_group to 2022-03-13T00:20:01.800322+00:00
[2022-03-14 00:20:01,814] {processor.py:171} INFO - Processing /home/airflow/.local/lib/python3.7/site-packages/airflow/example_dags/example_task_group.py took 0.061 seconds
[2022-03-14 00:20:32,395] {processor.py:163} INFO - Started process (PID=6375) to work on /home/airflow/.local/lib/python3.7/site-packages/airflow/example_dags/example_task_group.py
[2022-03-14 00:20:32,396] {processor.py:642} INFO - Processing file /home/airflow/.local/lib/python3.7/site-packages/airflow/example_dags/example_task_group.py for tasks to queue
[2022-03-14 00:20:32,396] {logging_mixin.py:109} INFO - [2022-03-14 00:20:32,396] {dagbag.py:500} INFO - Filling up the DagBag from /home/airflow/.local/lib/python3.7/site-packages/airflow/example_dags/example_task_group.py
[2022-03-14 00:20:32,419] {processor.py:654} INFO - DAG(s) dict_keys(['example_task_group']) retrieved from /home/airflow/.local/lib/python3.7/site-packages/airflow/example_dags/example_task_group.py
[2022-03-14 00:20:32,429] {logging_mixin.py:109} INFO - [2022-03-14 00:20:32,428] {dag.py:2398} INFO - Sync 1 DAGs
[2022-03-14 00:20:32,442] {logging_mixin.py:109} INFO - [2022-03-14 00:20:32,442] {dag.py:2937} INFO - Setting next_dagrun for example_task_group to 2022-03-13T00:20:32.441899+00:00
[2022-03-14 00:20:32,456] {processor.py:171} INFO - Processing /home/airflow/.local/lib/python3.7/site-packages/airflow/example_dags/example_task_group.py took 0.064 seconds
[2022-03-14 00:21:03,237] {processor.py:163} INFO - Started process (PID=6427) to work on /home/airflow/.local/lib/python3.7/site-packages/airflow/example_dags/example_task_group.py
[2022-03-14 00:21:03,238] {processor.py:642} INFO - Processing file /home/airflow/.local/lib/python3.7/site-packages/airflow/example_dags/example_task_group.py for tasks to queue
[2022-03-14 00:21:03,238] {logging_mixin.py:109} INFO - [2022-03-14 00:21:03,238] {dagbag.py:500} INFO - Filling up the DagBag from /home/airflow/.local/lib/python3.7/site-packages/airflow/example_dags/example_task_group.py
[2022-03-14 00:21:03,262] {processor.py:654} INFO - DAG(s) dict_keys(['example_task_group']) retrieved from /home/airflow/.local/lib/python3.7/site-packages/airflow/example_dags/example_task_group.py
[2022-03-14 00:21:03,271] {logging_mixin.py:109} INFO - [2022-03-14 00:21:03,270] {dag.py:2398} INFO - Sync 1 DAGs
[2022-03-14 00:21:03,283] {logging_mixin.py:109} INFO - [2022-03-14 00:21:03,283] {dag.py:2937} INFO - Setting next_dagrun for example_task_group to 2022-03-13T00:21:03.282941+00:00
[2022-03-14 00:21:03,301] {processor.py:171} INFO - Processing /home/airflow/.local/lib/python3.7/site-packages/airflow/example_dags/example_task_group.py took 0.066 seconds
[2022-03-14 00:21:34,102] {processor.py:163} INFO - Started process (PID=6489) to work on /home/airflow/.local/lib/python3.7/site-packages/airflow/example_dags/example_task_group.py
[2022-03-14 00:21:34,103] {processor.py:642} INFO - Processing file /home/airflow/.local/lib/python3.7/site-packages/airflow/example_dags/example_task_group.py for tasks to queue
[2022-03-14 00:21:34,104] {logging_mixin.py:109} INFO - [2022-03-14 00:21:34,104] {dagbag.py:500} INFO - Filling up the DagBag from /home/airflow/.local/lib/python3.7/site-packages/airflow/example_dags/example_task_group.py
[2022-03-14 00:21:34,160] {processor.py:654} INFO - DAG(s) dict_keys(['example_task_group']) retrieved from /home/airflow/.local/lib/python3.7/site-packages/airflow/example_dags/example_task_group.py
[2022-03-14 00:21:34,176] {logging_mixin.py:109} INFO - [2022-03-14 00:21:34,176] {dag.py:2398} INFO - Sync 1 DAGs
[2022-03-14 00:21:34,194] {logging_mixin.py:109} INFO - [2022-03-14 00:21:34,194] {dag.py:2937} INFO - Setting next_dagrun for example_task_group to 2022-03-13T00:21:34.194151+00:00
[2022-03-14 00:21:34,217] {processor.py:171} INFO - Processing /home/airflow/.local/lib/python3.7/site-packages/airflow/example_dags/example_task_group.py took 0.118 seconds
[2022-03-14 00:22:05,155] {processor.py:163} INFO - Started process (PID=6542) to work on /home/airflow/.local/lib/python3.7/site-packages/airflow/example_dags/example_task_group.py
[2022-03-14 00:22:05,155] {processor.py:642} INFO - Processing file /home/airflow/.local/lib/python3.7/site-packages/airflow/example_dags/example_task_group.py for tasks to queue
[2022-03-14 00:22:05,156] {logging_mixin.py:109} INFO - [2022-03-14 00:22:05,156] {dagbag.py:500} INFO - Filling up the DagBag from /home/airflow/.local/lib/python3.7/site-packages/airflow/example_dags/example_task_group.py
[2022-03-14 00:22:05,178] {processor.py:654} INFO - DAG(s) dict_keys(['example_task_group']) retrieved from /home/airflow/.local/lib/python3.7/site-packages/airflow/example_dags/example_task_group.py
[2022-03-14 00:22:05,187] {logging_mixin.py:109} INFO - [2022-03-14 00:22:05,187] {dag.py:2398} INFO - Sync 1 DAGs
[2022-03-14 00:22:05,200] {logging_mixin.py:109} INFO - [2022-03-14 00:22:05,200] {dag.py:2937} INFO - Setting next_dagrun for example_task_group to 2022-03-13T00:22:05.199954+00:00
[2022-03-14 00:22:05,208] {processor.py:171} INFO - Processing /home/airflow/.local/lib/python3.7/site-packages/airflow/example_dags/example_task_group.py took 0.056 seconds
[2022-03-14 00:22:36,215] {processor.py:163} INFO - Started process (PID=6605) to work on /home/airflow/.local/lib/python3.7/site-packages/airflow/example_dags/example_task_group.py
[2022-03-14 00:22:36,216] {processor.py:642} INFO - Processing file /home/airflow/.local/lib/python3.7/site-packages/airflow/example_dags/example_task_group.py for tasks to queue
[2022-03-14 00:22:36,216] {logging_mixin.py:109} INFO - [2022-03-14 00:22:36,216] {dagbag.py:500} INFO - Filling up the DagBag from /home/airflow/.local/lib/python3.7/site-packages/airflow/example_dags/example_task_group.py
[2022-03-14 00:22:36,245] {processor.py:654} INFO - DAG(s) dict_keys(['example_task_group']) retrieved from /home/airflow/.local/lib/python3.7/site-packages/airflow/example_dags/example_task_group.py
[2022-03-14 00:22:36,254] {logging_mixin.py:109} INFO - [2022-03-14 00:22:36,254] {dag.py:2398} INFO - Sync 1 DAGs
[2022-03-14 00:22:36,268] {logging_mixin.py:109} INFO - [2022-03-14 00:22:36,268] {dag.py:2937} INFO - Setting next_dagrun for example_task_group to 2022-03-13T00:22:36.267909+00:00
[2022-03-14 00:22:36,283] {processor.py:171} INFO - Processing /home/airflow/.local/lib/python3.7/site-packages/airflow/example_dags/example_task_group.py took 0.072 seconds
