[2022-03-14 00:00:27,709] {processor.py:163} INFO - Started process (PID=4154) to work on /home/airflow/.local/lib/python3.7/site-packages/airflow/example_dags/example_skip_dag.py
[2022-03-14 00:00:27,710] {processor.py:642} INFO - Processing file /home/airflow/.local/lib/python3.7/site-packages/airflow/example_dags/example_skip_dag.py for tasks to queue
[2022-03-14 00:00:27,710] {logging_mixin.py:109} INFO - [2022-03-14 00:00:27,710] {dagbag.py:500} INFO - Filling up the DagBag from /home/airflow/.local/lib/python3.7/site-packages/airflow/example_dags/example_skip_dag.py
[2022-03-14 00:00:27,734] {processor.py:654} INFO - DAG(s) dict_keys(['example_skip_dag']) retrieved from /home/airflow/.local/lib/python3.7/site-packages/airflow/example_dags/example_skip_dag.py
[2022-03-14 00:00:27,743] {logging_mixin.py:109} INFO - [2022-03-14 00:00:27,743] {dag.py:2398} INFO - Sync 1 DAGs
[2022-03-14 00:00:27,756] {logging_mixin.py:109} INFO - [2022-03-14 00:00:27,756] {dag.py:2937} INFO - Setting next_dagrun for example_skip_dag to 2022-03-13T00:00:27.756221+00:00
[2022-03-14 00:00:27,764] {processor.py:171} INFO - Processing /home/airflow/.local/lib/python3.7/site-packages/airflow/example_dags/example_skip_dag.py took 0.058 seconds
[2022-03-14 00:00:57,852] {processor.py:163} INFO - Started process (PID=4214) to work on /home/airflow/.local/lib/python3.7/site-packages/airflow/example_dags/example_skip_dag.py
[2022-03-14 00:00:57,853] {processor.py:642} INFO - Processing file /home/airflow/.local/lib/python3.7/site-packages/airflow/example_dags/example_skip_dag.py for tasks to queue
[2022-03-14 00:00:57,853] {logging_mixin.py:109} INFO - [2022-03-14 00:00:57,853] {dagbag.py:500} INFO - Filling up the DagBag from /home/airflow/.local/lib/python3.7/site-packages/airflow/example_dags/example_skip_dag.py
[2022-03-14 00:00:57,875] {processor.py:654} INFO - DAG(s) dict_keys(['example_skip_dag']) retrieved from /home/airflow/.local/lib/python3.7/site-packages/airflow/example_dags/example_skip_dag.py
[2022-03-14 00:00:57,883] {logging_mixin.py:109} INFO - [2022-03-14 00:00:57,883] {dag.py:2398} INFO - Sync 1 DAGs
[2022-03-14 00:00:57,895] {logging_mixin.py:109} INFO - [2022-03-14 00:00:57,895] {dag.py:2937} INFO - Setting next_dagrun for example_skip_dag to 2022-03-13T00:00:57.895551+00:00
[2022-03-14 00:00:57,909] {processor.py:171} INFO - Processing /home/airflow/.local/lib/python3.7/site-packages/airflow/example_dags/example_skip_dag.py took 0.059 seconds
[2022-03-14 00:01:28,638] {processor.py:163} INFO - Started process (PID=4266) to work on /home/airflow/.local/lib/python3.7/site-packages/airflow/example_dags/example_skip_dag.py
[2022-03-14 00:01:28,639] {processor.py:642} INFO - Processing file /home/airflow/.local/lib/python3.7/site-packages/airflow/example_dags/example_skip_dag.py for tasks to queue
[2022-03-14 00:01:28,640] {logging_mixin.py:109} INFO - [2022-03-14 00:01:28,640] {dagbag.py:500} INFO - Filling up the DagBag from /home/airflow/.local/lib/python3.7/site-packages/airflow/example_dags/example_skip_dag.py
[2022-03-14 00:01:28,665] {processor.py:654} INFO - DAG(s) dict_keys(['example_skip_dag']) retrieved from /home/airflow/.local/lib/python3.7/site-packages/airflow/example_dags/example_skip_dag.py
[2022-03-14 00:01:28,674] {logging_mixin.py:109} INFO - [2022-03-14 00:01:28,674] {dag.py:2398} INFO - Sync 1 DAGs
[2022-03-14 00:01:28,687] {logging_mixin.py:109} INFO - [2022-03-14 00:01:28,687] {dag.py:2937} INFO - Setting next_dagrun for example_skip_dag to 2022-03-13T00:01:28.687051+00:00
[2022-03-14 00:01:28,702] {processor.py:171} INFO - Processing /home/airflow/.local/lib/python3.7/site-packages/airflow/example_dags/example_skip_dag.py took 0.066 seconds
[2022-03-14 00:01:59,607] {processor.py:163} INFO - Started process (PID=4327) to work on /home/airflow/.local/lib/python3.7/site-packages/airflow/example_dags/example_skip_dag.py
[2022-03-14 00:01:59,608] {processor.py:642} INFO - Processing file /home/airflow/.local/lib/python3.7/site-packages/airflow/example_dags/example_skip_dag.py for tasks to queue
[2022-03-14 00:01:59,608] {logging_mixin.py:109} INFO - [2022-03-14 00:01:59,608] {dagbag.py:500} INFO - Filling up the DagBag from /home/airflow/.local/lib/python3.7/site-packages/airflow/example_dags/example_skip_dag.py
[2022-03-14 00:01:59,634] {processor.py:654} INFO - DAG(s) dict_keys(['example_skip_dag']) retrieved from /home/airflow/.local/lib/python3.7/site-packages/airflow/example_dags/example_skip_dag.py
[2022-03-14 00:01:59,642] {logging_mixin.py:109} INFO - [2022-03-14 00:01:59,642] {dag.py:2398} INFO - Sync 1 DAGs
[2022-03-14 00:01:59,654] {logging_mixin.py:109} INFO - [2022-03-14 00:01:59,654] {dag.py:2937} INFO - Setting next_dagrun for example_skip_dag to 2022-03-13T00:01:59.654061+00:00
[2022-03-14 00:01:59,673] {processor.py:171} INFO - Processing /home/airflow/.local/lib/python3.7/site-packages/airflow/example_dags/example_skip_dag.py took 0.068 seconds
[2022-03-14 00:02:30,122] {processor.py:163} INFO - Started process (PID=4380) to work on /home/airflow/.local/lib/python3.7/site-packages/airflow/example_dags/example_skip_dag.py
[2022-03-14 00:02:30,125] {processor.py:642} INFO - Processing file /home/airflow/.local/lib/python3.7/site-packages/airflow/example_dags/example_skip_dag.py for tasks to queue
[2022-03-14 00:02:30,126] {logging_mixin.py:109} INFO - [2022-03-14 00:02:30,126] {dagbag.py:500} INFO - Filling up the DagBag from /home/airflow/.local/lib/python3.7/site-packages/airflow/example_dags/example_skip_dag.py
[2022-03-14 00:02:30,152] {processor.py:654} INFO - DAG(s) dict_keys(['example_skip_dag']) retrieved from /home/airflow/.local/lib/python3.7/site-packages/airflow/example_dags/example_skip_dag.py
[2022-03-14 00:02:30,162] {logging_mixin.py:109} INFO - [2022-03-14 00:02:30,161] {dag.py:2398} INFO - Sync 1 DAGs
[2022-03-14 00:02:30,175] {logging_mixin.py:109} INFO - [2022-03-14 00:02:30,175] {dag.py:2937} INFO - Setting next_dagrun for example_skip_dag to 2022-03-13T00:02:30.175594+00:00
[2022-03-14 00:02:30,184] {processor.py:171} INFO - Processing /home/airflow/.local/lib/python3.7/site-packages/airflow/example_dags/example_skip_dag.py took 0.065 seconds
[2022-03-14 00:03:00,727] {processor.py:163} INFO - Started process (PID=4442) to work on /home/airflow/.local/lib/python3.7/site-packages/airflow/example_dags/example_skip_dag.py
[2022-03-14 00:03:00,729] {processor.py:642} INFO - Processing file /home/airflow/.local/lib/python3.7/site-packages/airflow/example_dags/example_skip_dag.py for tasks to queue
[2022-03-14 00:03:00,730] {logging_mixin.py:109} INFO - [2022-03-14 00:03:00,730] {dagbag.py:500} INFO - Filling up the DagBag from /home/airflow/.local/lib/python3.7/site-packages/airflow/example_dags/example_skip_dag.py
[2022-03-14 00:03:00,753] {processor.py:654} INFO - DAG(s) dict_keys(['example_skip_dag']) retrieved from /home/airflow/.local/lib/python3.7/site-packages/airflow/example_dags/example_skip_dag.py
[2022-03-14 00:03:00,760] {logging_mixin.py:109} INFO - [2022-03-14 00:03:00,760] {dag.py:2398} INFO - Sync 1 DAGs
[2022-03-14 00:03:00,771] {logging_mixin.py:109} INFO - [2022-03-14 00:03:00,771] {dag.py:2937} INFO - Setting next_dagrun for example_skip_dag to 2022-03-13T00:03:00.771660+00:00
[2022-03-14 00:03:00,779] {processor.py:171} INFO - Processing /home/airflow/.local/lib/python3.7/site-packages/airflow/example_dags/example_skip_dag.py took 0.054 seconds
[2022-03-14 00:03:30,824] {processor.py:163} INFO - Started process (PID=4494) to work on /home/airflow/.local/lib/python3.7/site-packages/airflow/example_dags/example_skip_dag.py
[2022-03-14 00:03:30,825] {processor.py:642} INFO - Processing file /home/airflow/.local/lib/python3.7/site-packages/airflow/example_dags/example_skip_dag.py for tasks to queue
[2022-03-14 00:03:30,825] {logging_mixin.py:109} INFO - [2022-03-14 00:03:30,825] {dagbag.py:500} INFO - Filling up the DagBag from /home/airflow/.local/lib/python3.7/site-packages/airflow/example_dags/example_skip_dag.py
[2022-03-14 00:03:30,846] {processor.py:654} INFO - DAG(s) dict_keys(['example_skip_dag']) retrieved from /home/airflow/.local/lib/python3.7/site-packages/airflow/example_dags/example_skip_dag.py
[2022-03-14 00:03:30,853] {logging_mixin.py:109} INFO - [2022-03-14 00:03:30,853] {dag.py:2398} INFO - Sync 1 DAGs
[2022-03-14 00:03:30,864] {logging_mixin.py:109} INFO - [2022-03-14 00:03:30,864] {dag.py:2937} INFO - Setting next_dagrun for example_skip_dag to 2022-03-13T00:03:30.864670+00:00
[2022-03-14 00:03:30,878] {processor.py:171} INFO - Processing /home/airflow/.local/lib/python3.7/site-packages/airflow/example_dags/example_skip_dag.py took 0.056 seconds
[2022-03-14 00:04:01,763] {processor.py:163} INFO - Started process (PID=4555) to work on /home/airflow/.local/lib/python3.7/site-packages/airflow/example_dags/example_skip_dag.py
[2022-03-14 00:04:01,764] {processor.py:642} INFO - Processing file /home/airflow/.local/lib/python3.7/site-packages/airflow/example_dags/example_skip_dag.py for tasks to queue
[2022-03-14 00:04:01,764] {logging_mixin.py:109} INFO - [2022-03-14 00:04:01,764] {dagbag.py:500} INFO - Filling up the DagBag from /home/airflow/.local/lib/python3.7/site-packages/airflow/example_dags/example_skip_dag.py
[2022-03-14 00:04:01,786] {processor.py:654} INFO - DAG(s) dict_keys(['example_skip_dag']) retrieved from /home/airflow/.local/lib/python3.7/site-packages/airflow/example_dags/example_skip_dag.py
[2022-03-14 00:04:01,794] {logging_mixin.py:109} INFO - [2022-03-14 00:04:01,794] {dag.py:2398} INFO - Sync 1 DAGs
[2022-03-14 00:04:01,806] {logging_mixin.py:109} INFO - [2022-03-14 00:04:01,805] {dag.py:2937} INFO - Setting next_dagrun for example_skip_dag to 2022-03-13T00:04:01.805727+00:00
[2022-03-14 00:04:01,813] {processor.py:171} INFO - Processing /home/airflow/.local/lib/python3.7/site-packages/airflow/example_dags/example_skip_dag.py took 0.053 seconds
[2022-03-14 00:04:31,859] {processor.py:163} INFO - Started process (PID=4607) to work on /home/airflow/.local/lib/python3.7/site-packages/airflow/example_dags/example_skip_dag.py
[2022-03-14 00:04:31,860] {processor.py:642} INFO - Processing file /home/airflow/.local/lib/python3.7/site-packages/airflow/example_dags/example_skip_dag.py for tasks to queue
[2022-03-14 00:04:31,861] {logging_mixin.py:109} INFO - [2022-03-14 00:04:31,861] {dagbag.py:500} INFO - Filling up the DagBag from /home/airflow/.local/lib/python3.7/site-packages/airflow/example_dags/example_skip_dag.py
[2022-03-14 00:04:31,880] {processor.py:654} INFO - DAG(s) dict_keys(['example_skip_dag']) retrieved from /home/airflow/.local/lib/python3.7/site-packages/airflow/example_dags/example_skip_dag.py
[2022-03-14 00:04:31,889] {logging_mixin.py:109} INFO - [2022-03-14 00:04:31,889] {dag.py:2398} INFO - Sync 1 DAGs
[2022-03-14 00:04:31,902] {logging_mixin.py:109} INFO - [2022-03-14 00:04:31,902] {dag.py:2937} INFO - Setting next_dagrun for example_skip_dag to 2022-03-13T00:04:31.902184+00:00
[2022-03-14 00:04:31,916] {processor.py:171} INFO - Processing /home/airflow/.local/lib/python3.7/site-packages/airflow/example_dags/example_skip_dag.py took 0.059 seconds
[2022-03-14 00:05:02,486] {processor.py:163} INFO - Started process (PID=4659) to work on /home/airflow/.local/lib/python3.7/site-packages/airflow/example_dags/example_skip_dag.py
[2022-03-14 00:05:02,487] {processor.py:642} INFO - Processing file /home/airflow/.local/lib/python3.7/site-packages/airflow/example_dags/example_skip_dag.py for tasks to queue
[2022-03-14 00:05:02,488] {logging_mixin.py:109} INFO - [2022-03-14 00:05:02,487] {dagbag.py:500} INFO - Filling up the DagBag from /home/airflow/.local/lib/python3.7/site-packages/airflow/example_dags/example_skip_dag.py
[2022-03-14 00:05:02,509] {processor.py:654} INFO - DAG(s) dict_keys(['example_skip_dag']) retrieved from /home/airflow/.local/lib/python3.7/site-packages/airflow/example_dags/example_skip_dag.py
[2022-03-14 00:05:02,516] {logging_mixin.py:109} INFO - [2022-03-14 00:05:02,516] {dag.py:2398} INFO - Sync 1 DAGs
[2022-03-14 00:05:02,528] {logging_mixin.py:109} INFO - [2022-03-14 00:05:02,527] {dag.py:2937} INFO - Setting next_dagrun for example_skip_dag to 2022-03-13T00:05:02.527776+00:00
[2022-03-14 00:05:02,541] {processor.py:171} INFO - Processing /home/airflow/.local/lib/python3.7/site-packages/airflow/example_dags/example_skip_dag.py took 0.057 seconds
[2022-03-14 00:05:33,386] {processor.py:163} INFO - Started process (PID=4720) to work on /home/airflow/.local/lib/python3.7/site-packages/airflow/example_dags/example_skip_dag.py
[2022-03-14 00:05:33,387] {processor.py:642} INFO - Processing file /home/airflow/.local/lib/python3.7/site-packages/airflow/example_dags/example_skip_dag.py for tasks to queue
[2022-03-14 00:05:33,387] {logging_mixin.py:109} INFO - [2022-03-14 00:05:33,387] {dagbag.py:500} INFO - Filling up the DagBag from /home/airflow/.local/lib/python3.7/site-packages/airflow/example_dags/example_skip_dag.py
[2022-03-14 00:05:33,408] {processor.py:654} INFO - DAG(s) dict_keys(['example_skip_dag']) retrieved from /home/airflow/.local/lib/python3.7/site-packages/airflow/example_dags/example_skip_dag.py
[2022-03-14 00:05:33,417] {logging_mixin.py:109} INFO - [2022-03-14 00:05:33,417] {dag.py:2398} INFO - Sync 1 DAGs
[2022-03-14 00:05:33,428] {logging_mixin.py:109} INFO - [2022-03-14 00:05:33,428] {dag.py:2937} INFO - Setting next_dagrun for example_skip_dag to 2022-03-13T00:05:33.428480+00:00
[2022-03-14 00:05:33,444] {processor.py:171} INFO - Processing /home/airflow/.local/lib/python3.7/site-packages/airflow/example_dags/example_skip_dag.py took 0.060 seconds
[2022-03-14 00:06:04,197] {processor.py:163} INFO - Started process (PID=4772) to work on /home/airflow/.local/lib/python3.7/site-packages/airflow/example_dags/example_skip_dag.py
[2022-03-14 00:06:04,198] {processor.py:642} INFO - Processing file /home/airflow/.local/lib/python3.7/site-packages/airflow/example_dags/example_skip_dag.py for tasks to queue
[2022-03-14 00:06:04,198] {logging_mixin.py:109} INFO - [2022-03-14 00:06:04,198] {dagbag.py:500} INFO - Filling up the DagBag from /home/airflow/.local/lib/python3.7/site-packages/airflow/example_dags/example_skip_dag.py
[2022-03-14 00:06:04,250] {processor.py:654} INFO - DAG(s) dict_keys(['example_skip_dag']) retrieved from /home/airflow/.local/lib/python3.7/site-packages/airflow/example_dags/example_skip_dag.py
[2022-03-14 00:06:04,258] {logging_mixin.py:109} INFO - [2022-03-14 00:06:04,257] {dag.py:2398} INFO - Sync 1 DAGs
[2022-03-14 00:06:04,271] {logging_mixin.py:109} INFO - [2022-03-14 00:06:04,271] {dag.py:2937} INFO - Setting next_dagrun for example_skip_dag to 2022-03-13T00:06:04.271184+00:00
[2022-03-14 00:06:04,285] {processor.py:171} INFO - Processing /home/airflow/.local/lib/python3.7/site-packages/airflow/example_dags/example_skip_dag.py took 0.090 seconds
[2022-03-14 00:06:35,036] {processor.py:163} INFO - Started process (PID=4833) to work on /home/airflow/.local/lib/python3.7/site-packages/airflow/example_dags/example_skip_dag.py
[2022-03-14 00:06:35,037] {processor.py:642} INFO - Processing file /home/airflow/.local/lib/python3.7/site-packages/airflow/example_dags/example_skip_dag.py for tasks to queue
[2022-03-14 00:06:35,038] {logging_mixin.py:109} INFO - [2022-03-14 00:06:35,038] {dagbag.py:500} INFO - Filling up the DagBag from /home/airflow/.local/lib/python3.7/site-packages/airflow/example_dags/example_skip_dag.py
[2022-03-14 00:06:35,059] {processor.py:654} INFO - DAG(s) dict_keys(['example_skip_dag']) retrieved from /home/airflow/.local/lib/python3.7/site-packages/airflow/example_dags/example_skip_dag.py
[2022-03-14 00:06:35,067] {logging_mixin.py:109} INFO - [2022-03-14 00:06:35,067] {dag.py:2398} INFO - Sync 1 DAGs
[2022-03-14 00:06:35,082] {logging_mixin.py:109} INFO - [2022-03-14 00:06:35,082] {dag.py:2937} INFO - Setting next_dagrun for example_skip_dag to 2022-03-13T00:06:35.082392+00:00
[2022-03-14 00:06:35,095] {processor.py:171} INFO - Processing /home/airflow/.local/lib/python3.7/site-packages/airflow/example_dags/example_skip_dag.py took 0.063 seconds
[2022-03-14 00:07:05,627] {processor.py:163} INFO - Started process (PID=4885) to work on /home/airflow/.local/lib/python3.7/site-packages/airflow/example_dags/example_skip_dag.py
[2022-03-14 00:07:05,628] {processor.py:642} INFO - Processing file /home/airflow/.local/lib/python3.7/site-packages/airflow/example_dags/example_skip_dag.py for tasks to queue
[2022-03-14 00:07:05,629] {logging_mixin.py:109} INFO - [2022-03-14 00:07:05,629] {dagbag.py:500} INFO - Filling up the DagBag from /home/airflow/.local/lib/python3.7/site-packages/airflow/example_dags/example_skip_dag.py
[2022-03-14 00:07:05,649] {processor.py:654} INFO - DAG(s) dict_keys(['example_skip_dag']) retrieved from /home/airflow/.local/lib/python3.7/site-packages/airflow/example_dags/example_skip_dag.py
[2022-03-14 00:07:05,656] {logging_mixin.py:109} INFO - [2022-03-14 00:07:05,656] {dag.py:2398} INFO - Sync 1 DAGs
[2022-03-14 00:07:05,667] {logging_mixin.py:109} INFO - [2022-03-14 00:07:05,667] {dag.py:2937} INFO - Setting next_dagrun for example_skip_dag to 2022-03-13T00:07:05.667190+00:00
[2022-03-14 00:07:05,682] {processor.py:171} INFO - Processing /home/airflow/.local/lib/python3.7/site-packages/airflow/example_dags/example_skip_dag.py took 0.057 seconds
[2022-03-14 00:07:35,699] {processor.py:163} INFO - Started process (PID=4946) to work on /home/airflow/.local/lib/python3.7/site-packages/airflow/example_dags/example_skip_dag.py
[2022-03-14 00:07:35,702] {processor.py:642} INFO - Processing file /home/airflow/.local/lib/python3.7/site-packages/airflow/example_dags/example_skip_dag.py for tasks to queue
[2022-03-14 00:07:35,703] {logging_mixin.py:109} INFO - [2022-03-14 00:07:35,703] {dagbag.py:500} INFO - Filling up the DagBag from /home/airflow/.local/lib/python3.7/site-packages/airflow/example_dags/example_skip_dag.py
[2022-03-14 00:07:35,730] {processor.py:654} INFO - DAG(s) dict_keys(['example_skip_dag']) retrieved from /home/airflow/.local/lib/python3.7/site-packages/airflow/example_dags/example_skip_dag.py
[2022-03-14 00:07:35,742] {logging_mixin.py:109} INFO - [2022-03-14 00:07:35,742] {dag.py:2398} INFO - Sync 1 DAGs
[2022-03-14 00:07:35,758] {logging_mixin.py:109} INFO - [2022-03-14 00:07:35,758] {dag.py:2937} INFO - Setting next_dagrun for example_skip_dag to 2022-03-13T00:07:35.757939+00:00
[2022-03-14 00:07:35,772] {processor.py:171} INFO - Processing /home/airflow/.local/lib/python3.7/site-packages/airflow/example_dags/example_skip_dag.py took 0.076 seconds
[2022-03-14 00:08:06,630] {processor.py:163} INFO - Started process (PID=4998) to work on /home/airflow/.local/lib/python3.7/site-packages/airflow/example_dags/example_skip_dag.py
[2022-03-14 00:08:06,631] {processor.py:642} INFO - Processing file /home/airflow/.local/lib/python3.7/site-packages/airflow/example_dags/example_skip_dag.py for tasks to queue
[2022-03-14 00:08:06,631] {logging_mixin.py:109} INFO - [2022-03-14 00:08:06,631] {dagbag.py:500} INFO - Filling up the DagBag from /home/airflow/.local/lib/python3.7/site-packages/airflow/example_dags/example_skip_dag.py
[2022-03-14 00:08:06,653] {processor.py:654} INFO - DAG(s) dict_keys(['example_skip_dag']) retrieved from /home/airflow/.local/lib/python3.7/site-packages/airflow/example_dags/example_skip_dag.py
[2022-03-14 00:08:06,661] {logging_mixin.py:109} INFO - [2022-03-14 00:08:06,660] {dag.py:2398} INFO - Sync 1 DAGs
[2022-03-14 00:08:06,672] {logging_mixin.py:109} INFO - [2022-03-14 00:08:06,672] {dag.py:2937} INFO - Setting next_dagrun for example_skip_dag to 2022-03-13T00:08:06.672275+00:00
[2022-03-14 00:08:06,680] {processor.py:171} INFO - Processing /home/airflow/.local/lib/python3.7/site-packages/airflow/example_dags/example_skip_dag.py took 0.052 seconds
[2022-03-14 00:08:37,628] {processor.py:163} INFO - Started process (PID=5059) to work on /home/airflow/.local/lib/python3.7/site-packages/airflow/example_dags/example_skip_dag.py
[2022-03-14 00:08:37,628] {processor.py:642} INFO - Processing file /home/airflow/.local/lib/python3.7/site-packages/airflow/example_dags/example_skip_dag.py for tasks to queue
[2022-03-14 00:08:37,629] {logging_mixin.py:109} INFO - [2022-03-14 00:08:37,629] {dagbag.py:500} INFO - Filling up the DagBag from /home/airflow/.local/lib/python3.7/site-packages/airflow/example_dags/example_skip_dag.py
[2022-03-14 00:08:37,650] {processor.py:654} INFO - DAG(s) dict_keys(['example_skip_dag']) retrieved from /home/airflow/.local/lib/python3.7/site-packages/airflow/example_dags/example_skip_dag.py
[2022-03-14 00:08:37,658] {logging_mixin.py:109} INFO - [2022-03-14 00:08:37,658] {dag.py:2398} INFO - Sync 1 DAGs
[2022-03-14 00:08:37,671] {logging_mixin.py:109} INFO - [2022-03-14 00:08:37,671] {dag.py:2937} INFO - Setting next_dagrun for example_skip_dag to 2022-03-13T00:08:37.671105+00:00
[2022-03-14 00:08:37,679] {processor.py:171} INFO - Processing /home/airflow/.local/lib/python3.7/site-packages/airflow/example_dags/example_skip_dag.py took 0.054 seconds
[2022-03-14 00:09:08,257] {processor.py:163} INFO - Started process (PID=5112) to work on /home/airflow/.local/lib/python3.7/site-packages/airflow/example_dags/example_skip_dag.py
[2022-03-14 00:09:08,258] {processor.py:642} INFO - Processing file /home/airflow/.local/lib/python3.7/site-packages/airflow/example_dags/example_skip_dag.py for tasks to queue
[2022-03-14 00:09:08,259] {logging_mixin.py:109} INFO - [2022-03-14 00:09:08,258] {dagbag.py:500} INFO - Filling up the DagBag from /home/airflow/.local/lib/python3.7/site-packages/airflow/example_dags/example_skip_dag.py
[2022-03-14 00:09:08,279] {processor.py:654} INFO - DAG(s) dict_keys(['example_skip_dag']) retrieved from /home/airflow/.local/lib/python3.7/site-packages/airflow/example_dags/example_skip_dag.py
[2022-03-14 00:09:08,287] {logging_mixin.py:109} INFO - [2022-03-14 00:09:08,287] {dag.py:2398} INFO - Sync 1 DAGs
[2022-03-14 00:09:08,300] {logging_mixin.py:109} INFO - [2022-03-14 00:09:08,300] {dag.py:2937} INFO - Setting next_dagrun for example_skip_dag to 2022-03-13T00:09:08.299926+00:00
[2022-03-14 00:09:08,307] {processor.py:171} INFO - Processing /home/airflow/.local/lib/python3.7/site-packages/airflow/example_dags/example_skip_dag.py took 0.052 seconds
[2022-03-14 00:09:39,180] {processor.py:163} INFO - Started process (PID=5173) to work on /home/airflow/.local/lib/python3.7/site-packages/airflow/example_dags/example_skip_dag.py
[2022-03-14 00:09:39,181] {processor.py:642} INFO - Processing file /home/airflow/.local/lib/python3.7/site-packages/airflow/example_dags/example_skip_dag.py for tasks to queue
[2022-03-14 00:09:39,181] {logging_mixin.py:109} INFO - [2022-03-14 00:09:39,181] {dagbag.py:500} INFO - Filling up the DagBag from /home/airflow/.local/lib/python3.7/site-packages/airflow/example_dags/example_skip_dag.py
[2022-03-14 00:09:39,202] {processor.py:654} INFO - DAG(s) dict_keys(['example_skip_dag']) retrieved from /home/airflow/.local/lib/python3.7/site-packages/airflow/example_dags/example_skip_dag.py
[2022-03-14 00:09:39,210] {logging_mixin.py:109} INFO - [2022-03-14 00:09:39,210] {dag.py:2398} INFO - Sync 1 DAGs
[2022-03-14 00:09:39,223] {logging_mixin.py:109} INFO - [2022-03-14 00:09:39,223] {dag.py:2937} INFO - Setting next_dagrun for example_skip_dag to 2022-03-13T00:09:39.223007+00:00
[2022-03-14 00:09:39,236] {processor.py:171} INFO - Processing /home/airflow/.local/lib/python3.7/site-packages/airflow/example_dags/example_skip_dag.py took 0.058 seconds
[2022-03-14 00:10:09,786] {processor.py:163} INFO - Started process (PID=5225) to work on /home/airflow/.local/lib/python3.7/site-packages/airflow/example_dags/example_skip_dag.py
[2022-03-14 00:10:09,787] {processor.py:642} INFO - Processing file /home/airflow/.local/lib/python3.7/site-packages/airflow/example_dags/example_skip_dag.py for tasks to queue
[2022-03-14 00:10:09,788] {logging_mixin.py:109} INFO - [2022-03-14 00:10:09,787] {dagbag.py:500} INFO - Filling up the DagBag from /home/airflow/.local/lib/python3.7/site-packages/airflow/example_dags/example_skip_dag.py
[2022-03-14 00:10:09,808] {processor.py:654} INFO - DAG(s) dict_keys(['example_skip_dag']) retrieved from /home/airflow/.local/lib/python3.7/site-packages/airflow/example_dags/example_skip_dag.py
[2022-03-14 00:10:09,817] {logging_mixin.py:109} INFO - [2022-03-14 00:10:09,816] {dag.py:2398} INFO - Sync 1 DAGs
[2022-03-14 00:10:09,829] {logging_mixin.py:109} INFO - [2022-03-14 00:10:09,829] {dag.py:2937} INFO - Setting next_dagrun for example_skip_dag to 2022-03-13T00:10:09.829205+00:00
[2022-03-14 00:10:09,838] {processor.py:171} INFO - Processing /home/airflow/.local/lib/python3.7/site-packages/airflow/example_dags/example_skip_dag.py took 0.054 seconds
[2022-03-14 00:10:40,692] {processor.py:163} INFO - Started process (PID=5277) to work on /home/airflow/.local/lib/python3.7/site-packages/airflow/example_dags/example_skip_dag.py
[2022-03-14 00:10:40,693] {processor.py:642} INFO - Processing file /home/airflow/.local/lib/python3.7/site-packages/airflow/example_dags/example_skip_dag.py for tasks to queue
[2022-03-14 00:10:40,693] {logging_mixin.py:109} INFO - [2022-03-14 00:10:40,693] {dagbag.py:500} INFO - Filling up the DagBag from /home/airflow/.local/lib/python3.7/site-packages/airflow/example_dags/example_skip_dag.py
[2022-03-14 00:10:40,714] {processor.py:654} INFO - DAG(s) dict_keys(['example_skip_dag']) retrieved from /home/airflow/.local/lib/python3.7/site-packages/airflow/example_dags/example_skip_dag.py
[2022-03-14 00:10:40,721] {logging_mixin.py:109} INFO - [2022-03-14 00:10:40,721] {dag.py:2398} INFO - Sync 1 DAGs
[2022-03-14 00:10:40,734] {logging_mixin.py:109} INFO - [2022-03-14 00:10:40,734] {dag.py:2937} INFO - Setting next_dagrun for example_skip_dag to 2022-03-13T00:10:40.734443+00:00
[2022-03-14 00:10:40,748] {processor.py:171} INFO - Processing /home/airflow/.local/lib/python3.7/site-packages/airflow/example_dags/example_skip_dag.py took 0.059 seconds
[2022-03-14 00:11:11,456] {processor.py:163} INFO - Started process (PID=5338) to work on /home/airflow/.local/lib/python3.7/site-packages/airflow/example_dags/example_skip_dag.py
[2022-03-14 00:11:11,457] {processor.py:642} INFO - Processing file /home/airflow/.local/lib/python3.7/site-packages/airflow/example_dags/example_skip_dag.py for tasks to queue
[2022-03-14 00:11:11,457] {logging_mixin.py:109} INFO - [2022-03-14 00:11:11,457] {dagbag.py:500} INFO - Filling up the DagBag from /home/airflow/.local/lib/python3.7/site-packages/airflow/example_dags/example_skip_dag.py
[2022-03-14 00:11:11,478] {processor.py:654} INFO - DAG(s) dict_keys(['example_skip_dag']) retrieved from /home/airflow/.local/lib/python3.7/site-packages/airflow/example_dags/example_skip_dag.py
[2022-03-14 00:11:11,485] {logging_mixin.py:109} INFO - [2022-03-14 00:11:11,485] {dag.py:2398} INFO - Sync 1 DAGs
[2022-03-14 00:11:11,498] {logging_mixin.py:109} INFO - [2022-03-14 00:11:11,498] {dag.py:2937} INFO - Setting next_dagrun for example_skip_dag to 2022-03-13T00:11:11.497925+00:00
[2022-03-14 00:11:11,506] {processor.py:171} INFO - Processing /home/airflow/.local/lib/python3.7/site-packages/airflow/example_dags/example_skip_dag.py took 0.052 seconds
[2022-03-14 00:11:42,348] {processor.py:163} INFO - Started process (PID=5390) to work on /home/airflow/.local/lib/python3.7/site-packages/airflow/example_dags/example_skip_dag.py
[2022-03-14 00:11:42,349] {processor.py:642} INFO - Processing file /home/airflow/.local/lib/python3.7/site-packages/airflow/example_dags/example_skip_dag.py for tasks to queue
[2022-03-14 00:11:42,349] {logging_mixin.py:109} INFO - [2022-03-14 00:11:42,349] {dagbag.py:500} INFO - Filling up the DagBag from /home/airflow/.local/lib/python3.7/site-packages/airflow/example_dags/example_skip_dag.py
[2022-03-14 00:11:42,371] {processor.py:654} INFO - DAG(s) dict_keys(['example_skip_dag']) retrieved from /home/airflow/.local/lib/python3.7/site-packages/airflow/example_dags/example_skip_dag.py
[2022-03-14 00:11:42,380] {logging_mixin.py:109} INFO - [2022-03-14 00:11:42,379] {dag.py:2398} INFO - Sync 1 DAGs
[2022-03-14 00:11:42,392] {logging_mixin.py:109} INFO - [2022-03-14 00:11:42,392] {dag.py:2937} INFO - Setting next_dagrun for example_skip_dag to 2022-03-13T00:11:42.392150+00:00
[2022-03-14 00:11:42,400] {processor.py:171} INFO - Processing /home/airflow/.local/lib/python3.7/site-packages/airflow/example_dags/example_skip_dag.py took 0.055 seconds
[2022-03-14 00:12:13,260] {processor.py:163} INFO - Started process (PID=5451) to work on /home/airflow/.local/lib/python3.7/site-packages/airflow/example_dags/example_skip_dag.py
[2022-03-14 00:12:13,261] {processor.py:642} INFO - Processing file /home/airflow/.local/lib/python3.7/site-packages/airflow/example_dags/example_skip_dag.py for tasks to queue
[2022-03-14 00:12:13,261] {logging_mixin.py:109} INFO - [2022-03-14 00:12:13,261] {dagbag.py:500} INFO - Filling up the DagBag from /home/airflow/.local/lib/python3.7/site-packages/airflow/example_dags/example_skip_dag.py
[2022-03-14 00:12:13,283] {processor.py:654} INFO - DAG(s) dict_keys(['example_skip_dag']) retrieved from /home/airflow/.local/lib/python3.7/site-packages/airflow/example_dags/example_skip_dag.py
[2022-03-14 00:12:13,291] {logging_mixin.py:109} INFO - [2022-03-14 00:12:13,291] {dag.py:2398} INFO - Sync 1 DAGs
[2022-03-14 00:12:13,303] {logging_mixin.py:109} INFO - [2022-03-14 00:12:13,303] {dag.py:2937} INFO - Setting next_dagrun for example_skip_dag to 2022-03-13T00:12:13.303473+00:00
[2022-03-14 00:12:13,317] {processor.py:171} INFO - Processing /home/airflow/.local/lib/python3.7/site-packages/airflow/example_dags/example_skip_dag.py took 0.059 seconds
[2022-03-14 00:12:43,929] {processor.py:163} INFO - Started process (PID=5503) to work on /home/airflow/.local/lib/python3.7/site-packages/airflow/example_dags/example_skip_dag.py
[2022-03-14 00:12:43,930] {processor.py:642} INFO - Processing file /home/airflow/.local/lib/python3.7/site-packages/airflow/example_dags/example_skip_dag.py for tasks to queue
[2022-03-14 00:12:43,930] {logging_mixin.py:109} INFO - [2022-03-14 00:12:43,930] {dagbag.py:500} INFO - Filling up the DagBag from /home/airflow/.local/lib/python3.7/site-packages/airflow/example_dags/example_skip_dag.py
[2022-03-14 00:12:43,952] {processor.py:654} INFO - DAG(s) dict_keys(['example_skip_dag']) retrieved from /home/airflow/.local/lib/python3.7/site-packages/airflow/example_dags/example_skip_dag.py
[2022-03-14 00:12:43,959] {logging_mixin.py:109} INFO - [2022-03-14 00:12:43,959] {dag.py:2398} INFO - Sync 1 DAGs
[2022-03-14 00:12:43,971] {logging_mixin.py:109} INFO - [2022-03-14 00:12:43,971] {dag.py:2937} INFO - Setting next_dagrun for example_skip_dag to 2022-03-13T00:12:43.971256+00:00
[2022-03-14 00:12:43,984] {processor.py:171} INFO - Processing /home/airflow/.local/lib/python3.7/site-packages/airflow/example_dags/example_skip_dag.py took 0.058 seconds
[2022-03-14 00:13:14,870] {processor.py:163} INFO - Started process (PID=5565) to work on /home/airflow/.local/lib/python3.7/site-packages/airflow/example_dags/example_skip_dag.py
[2022-03-14 00:13:14,871] {processor.py:642} INFO - Processing file /home/airflow/.local/lib/python3.7/site-packages/airflow/example_dags/example_skip_dag.py for tasks to queue
[2022-03-14 00:13:14,871] {logging_mixin.py:109} INFO - [2022-03-14 00:13:14,871] {dagbag.py:500} INFO - Filling up the DagBag from /home/airflow/.local/lib/python3.7/site-packages/airflow/example_dags/example_skip_dag.py
[2022-03-14 00:13:14,894] {processor.py:654} INFO - DAG(s) dict_keys(['example_skip_dag']) retrieved from /home/airflow/.local/lib/python3.7/site-packages/airflow/example_dags/example_skip_dag.py
[2022-03-14 00:13:14,904] {logging_mixin.py:109} INFO - [2022-03-14 00:13:14,904] {dag.py:2398} INFO - Sync 1 DAGs
[2022-03-14 00:13:14,920] {logging_mixin.py:109} INFO - [2022-03-14 00:13:14,920] {dag.py:2937} INFO - Setting next_dagrun for example_skip_dag to 2022-03-13T00:13:14.919781+00:00
[2022-03-14 00:13:14,938] {processor.py:171} INFO - Processing /home/airflow/.local/lib/python3.7/site-packages/airflow/example_dags/example_skip_dag.py took 0.071 seconds
[2022-03-14 00:13:45,750] {processor.py:163} INFO - Started process (PID=5617) to work on /home/airflow/.local/lib/python3.7/site-packages/airflow/example_dags/example_skip_dag.py
[2022-03-14 00:13:45,751] {processor.py:642} INFO - Processing file /home/airflow/.local/lib/python3.7/site-packages/airflow/example_dags/example_skip_dag.py for tasks to queue
[2022-03-14 00:13:45,751] {logging_mixin.py:109} INFO - [2022-03-14 00:13:45,751] {dagbag.py:500} INFO - Filling up the DagBag from /home/airflow/.local/lib/python3.7/site-packages/airflow/example_dags/example_skip_dag.py
[2022-03-14 00:13:45,771] {processor.py:654} INFO - DAG(s) dict_keys(['example_skip_dag']) retrieved from /home/airflow/.local/lib/python3.7/site-packages/airflow/example_dags/example_skip_dag.py
[2022-03-14 00:13:45,779] {logging_mixin.py:109} INFO - [2022-03-14 00:13:45,779] {dag.py:2398} INFO - Sync 1 DAGs
[2022-03-14 00:13:45,791] {logging_mixin.py:109} INFO - [2022-03-14 00:13:45,790] {dag.py:2937} INFO - Setting next_dagrun for example_skip_dag to 2022-03-13T00:13:45.790764+00:00
[2022-03-14 00:13:45,798] {processor.py:171} INFO - Processing /home/airflow/.local/lib/python3.7/site-packages/airflow/example_dags/example_skip_dag.py took 0.050 seconds
[2022-03-14 00:14:16,742] {processor.py:163} INFO - Started process (PID=5680) to work on /home/airflow/.local/lib/python3.7/site-packages/airflow/example_dags/example_skip_dag.py
[2022-03-14 00:14:16,743] {processor.py:642} INFO - Processing file /home/airflow/.local/lib/python3.7/site-packages/airflow/example_dags/example_skip_dag.py for tasks to queue
[2022-03-14 00:14:16,743] {logging_mixin.py:109} INFO - [2022-03-14 00:14:16,743] {dagbag.py:500} INFO - Filling up the DagBag from /home/airflow/.local/lib/python3.7/site-packages/airflow/example_dags/example_skip_dag.py
[2022-03-14 00:14:16,763] {processor.py:654} INFO - DAG(s) dict_keys(['example_skip_dag']) retrieved from /home/airflow/.local/lib/python3.7/site-packages/airflow/example_dags/example_skip_dag.py
[2022-03-14 00:14:16,770] {logging_mixin.py:109} INFO - [2022-03-14 00:14:16,770] {dag.py:2398} INFO - Sync 1 DAGs
[2022-03-14 00:14:16,782] {logging_mixin.py:109} INFO - [2022-03-14 00:14:16,782] {dag.py:2937} INFO - Setting next_dagrun for example_skip_dag to 2022-03-13T00:14:16.782187+00:00
[2022-03-14 00:14:16,799] {processor.py:171} INFO - Processing /home/airflow/.local/lib/python3.7/site-packages/airflow/example_dags/example_skip_dag.py took 0.059 seconds
[2022-03-14 00:14:46,907] {processor.py:163} INFO - Started process (PID=5732) to work on /home/airflow/.local/lib/python3.7/site-packages/airflow/example_dags/example_skip_dag.py
[2022-03-14 00:14:46,908] {processor.py:642} INFO - Processing file /home/airflow/.local/lib/python3.7/site-packages/airflow/example_dags/example_skip_dag.py for tasks to queue
[2022-03-14 00:14:46,908] {logging_mixin.py:109} INFO - [2022-03-14 00:14:46,908] {dagbag.py:500} INFO - Filling up the DagBag from /home/airflow/.local/lib/python3.7/site-packages/airflow/example_dags/example_skip_dag.py
[2022-03-14 00:14:46,929] {processor.py:654} INFO - DAG(s) dict_keys(['example_skip_dag']) retrieved from /home/airflow/.local/lib/python3.7/site-packages/airflow/example_dags/example_skip_dag.py
[2022-03-14 00:14:46,936] {logging_mixin.py:109} INFO - [2022-03-14 00:14:46,936] {dag.py:2398} INFO - Sync 1 DAGs
[2022-03-14 00:14:46,948] {logging_mixin.py:109} INFO - [2022-03-14 00:14:46,948] {dag.py:2937} INFO - Setting next_dagrun for example_skip_dag to 2022-03-13T00:14:46.948044+00:00
[2022-03-14 00:14:46,963] {processor.py:171} INFO - Processing /home/airflow/.local/lib/python3.7/site-packages/airflow/example_dags/example_skip_dag.py took 0.058 seconds
[2022-03-14 00:15:17,142] {processor.py:163} INFO - Started process (PID=5793) to work on /home/airflow/.local/lib/python3.7/site-packages/airflow/example_dags/example_skip_dag.py
[2022-03-14 00:15:17,144] {processor.py:642} INFO - Processing file /home/airflow/.local/lib/python3.7/site-packages/airflow/example_dags/example_skip_dag.py for tasks to queue
[2022-03-14 00:15:17,144] {logging_mixin.py:109} INFO - [2022-03-14 00:15:17,144] {dagbag.py:500} INFO - Filling up the DagBag from /home/airflow/.local/lib/python3.7/site-packages/airflow/example_dags/example_skip_dag.py
[2022-03-14 00:15:17,173] {processor.py:654} INFO - DAG(s) dict_keys(['example_skip_dag']) retrieved from /home/airflow/.local/lib/python3.7/site-packages/airflow/example_dags/example_skip_dag.py
[2022-03-14 00:15:17,185] {logging_mixin.py:109} INFO - [2022-03-14 00:15:17,185] {dag.py:2398} INFO - Sync 1 DAGs
[2022-03-14 00:15:17,204] {logging_mixin.py:109} INFO - [2022-03-14 00:15:17,204] {dag.py:2937} INFO - Setting next_dagrun for example_skip_dag to 2022-03-13T00:15:17.203948+00:00
[2022-03-14 00:15:17,221] {processor.py:171} INFO - Processing /home/airflow/.local/lib/python3.7/site-packages/airflow/example_dags/example_skip_dag.py took 0.082 seconds
[2022-03-14 00:15:47,254] {processor.py:163} INFO - Started process (PID=5845) to work on /home/airflow/.local/lib/python3.7/site-packages/airflow/example_dags/example_skip_dag.py
[2022-03-14 00:15:47,255] {processor.py:642} INFO - Processing file /home/airflow/.local/lib/python3.7/site-packages/airflow/example_dags/example_skip_dag.py for tasks to queue
[2022-03-14 00:15:47,255] {logging_mixin.py:109} INFO - [2022-03-14 00:15:47,255] {dagbag.py:500} INFO - Filling up the DagBag from /home/airflow/.local/lib/python3.7/site-packages/airflow/example_dags/example_skip_dag.py
[2022-03-14 00:15:47,277] {processor.py:654} INFO - DAG(s) dict_keys(['example_skip_dag']) retrieved from /home/airflow/.local/lib/python3.7/site-packages/airflow/example_dags/example_skip_dag.py
[2022-03-14 00:15:47,285] {logging_mixin.py:109} INFO - [2022-03-14 00:15:47,285] {dag.py:2398} INFO - Sync 1 DAGs
[2022-03-14 00:15:47,298] {logging_mixin.py:109} INFO - [2022-03-14 00:15:47,298] {dag.py:2937} INFO - Setting next_dagrun for example_skip_dag to 2022-03-13T00:15:47.298342+00:00
[2022-03-14 00:15:47,313] {processor.py:171} INFO - Processing /home/airflow/.local/lib/python3.7/site-packages/airflow/example_dags/example_skip_dag.py took 0.061 seconds
[2022-03-14 00:16:17,973] {processor.py:163} INFO - Started process (PID=5897) to work on /home/airflow/.local/lib/python3.7/site-packages/airflow/example_dags/example_skip_dag.py
[2022-03-14 00:16:17,974] {processor.py:642} INFO - Processing file /home/airflow/.local/lib/python3.7/site-packages/airflow/example_dags/example_skip_dag.py for tasks to queue
[2022-03-14 00:16:17,974] {logging_mixin.py:109} INFO - [2022-03-14 00:16:17,974] {dagbag.py:500} INFO - Filling up the DagBag from /home/airflow/.local/lib/python3.7/site-packages/airflow/example_dags/example_skip_dag.py
[2022-03-14 00:16:17,996] {processor.py:654} INFO - DAG(s) dict_keys(['example_skip_dag']) retrieved from /home/airflow/.local/lib/python3.7/site-packages/airflow/example_dags/example_skip_dag.py
[2022-03-14 00:16:18,004] {logging_mixin.py:109} INFO - [2022-03-14 00:16:18,004] {dag.py:2398} INFO - Sync 1 DAGs
[2022-03-14 00:16:18,015] {logging_mixin.py:109} INFO - [2022-03-14 00:16:18,015] {dag.py:2937} INFO - Setting next_dagrun for example_skip_dag to 2022-03-13T00:16:18.015687+00:00
[2022-03-14 00:16:18,023] {processor.py:171} INFO - Processing /home/airflow/.local/lib/python3.7/site-packages/airflow/example_dags/example_skip_dag.py took 0.053 seconds
[2022-03-14 00:16:48,607] {processor.py:163} INFO - Started process (PID=5959) to work on /home/airflow/.local/lib/python3.7/site-packages/airflow/example_dags/example_skip_dag.py
[2022-03-14 00:16:48,608] {processor.py:642} INFO - Processing file /home/airflow/.local/lib/python3.7/site-packages/airflow/example_dags/example_skip_dag.py for tasks to queue
[2022-03-14 00:16:48,608] {logging_mixin.py:109} INFO - [2022-03-14 00:16:48,608] {dagbag.py:500} INFO - Filling up the DagBag from /home/airflow/.local/lib/python3.7/site-packages/airflow/example_dags/example_skip_dag.py
[2022-03-14 00:16:48,628] {processor.py:654} INFO - DAG(s) dict_keys(['example_skip_dag']) retrieved from /home/airflow/.local/lib/python3.7/site-packages/airflow/example_dags/example_skip_dag.py
[2022-03-14 00:16:48,636] {logging_mixin.py:109} INFO - [2022-03-14 00:16:48,635] {dag.py:2398} INFO - Sync 1 DAGs
[2022-03-14 00:16:48,647] {logging_mixin.py:109} INFO - [2022-03-14 00:16:48,647] {dag.py:2937} INFO - Setting next_dagrun for example_skip_dag to 2022-03-13T00:16:48.646903+00:00
[2022-03-14 00:16:48,660] {processor.py:171} INFO - Processing /home/airflow/.local/lib/python3.7/site-packages/airflow/example_dags/example_skip_dag.py took 0.055 seconds
[2022-03-14 00:17:19,516] {processor.py:163} INFO - Started process (PID=6011) to work on /home/airflow/.local/lib/python3.7/site-packages/airflow/example_dags/example_skip_dag.py
[2022-03-14 00:17:19,517] {processor.py:642} INFO - Processing file /home/airflow/.local/lib/python3.7/site-packages/airflow/example_dags/example_skip_dag.py for tasks to queue
[2022-03-14 00:17:19,518] {logging_mixin.py:109} INFO - [2022-03-14 00:17:19,518] {dagbag.py:500} INFO - Filling up the DagBag from /home/airflow/.local/lib/python3.7/site-packages/airflow/example_dags/example_skip_dag.py
[2022-03-14 00:17:19,538] {processor.py:654} INFO - DAG(s) dict_keys(['example_skip_dag']) retrieved from /home/airflow/.local/lib/python3.7/site-packages/airflow/example_dags/example_skip_dag.py
[2022-03-14 00:17:19,546] {logging_mixin.py:109} INFO - [2022-03-14 00:17:19,546] {dag.py:2398} INFO - Sync 1 DAGs
[2022-03-14 00:17:19,557] {logging_mixin.py:109} INFO - [2022-03-14 00:17:19,557] {dag.py:2937} INFO - Setting next_dagrun for example_skip_dag to 2022-03-13T00:17:19.557133+00:00
[2022-03-14 00:17:19,564] {processor.py:171} INFO - Processing /home/airflow/.local/lib/python3.7/site-packages/airflow/example_dags/example_skip_dag.py took 0.050 seconds
[2022-03-14 00:17:50,190] {processor.py:163} INFO - Started process (PID=6072) to work on /home/airflow/.local/lib/python3.7/site-packages/airflow/example_dags/example_skip_dag.py
[2022-03-14 00:17:50,191] {processor.py:642} INFO - Processing file /home/airflow/.local/lib/python3.7/site-packages/airflow/example_dags/example_skip_dag.py for tasks to queue
[2022-03-14 00:17:50,191] {logging_mixin.py:109} INFO - [2022-03-14 00:17:50,191] {dagbag.py:500} INFO - Filling up the DagBag from /home/airflow/.local/lib/python3.7/site-packages/airflow/example_dags/example_skip_dag.py
[2022-03-14 00:17:50,213] {processor.py:654} INFO - DAG(s) dict_keys(['example_skip_dag']) retrieved from /home/airflow/.local/lib/python3.7/site-packages/airflow/example_dags/example_skip_dag.py
[2022-03-14 00:17:50,221] {logging_mixin.py:109} INFO - [2022-03-14 00:17:50,221] {dag.py:2398} INFO - Sync 1 DAGs
[2022-03-14 00:17:50,233] {logging_mixin.py:109} INFO - [2022-03-14 00:17:50,233] {dag.py:2937} INFO - Setting next_dagrun for example_skip_dag to 2022-03-13T00:17:50.233118+00:00
[2022-03-14 00:17:50,247] {processor.py:171} INFO - Processing /home/airflow/.local/lib/python3.7/site-packages/airflow/example_dags/example_skip_dag.py took 0.059 seconds
[2022-03-14 00:18:21,174] {processor.py:163} INFO - Started process (PID=6124) to work on /home/airflow/.local/lib/python3.7/site-packages/airflow/example_dags/example_skip_dag.py
[2022-03-14 00:18:21,175] {processor.py:642} INFO - Processing file /home/airflow/.local/lib/python3.7/site-packages/airflow/example_dags/example_skip_dag.py for tasks to queue
[2022-03-14 00:18:21,175] {logging_mixin.py:109} INFO - [2022-03-14 00:18:21,175] {dagbag.py:500} INFO - Filling up the DagBag from /home/airflow/.local/lib/python3.7/site-packages/airflow/example_dags/example_skip_dag.py
[2022-03-14 00:18:21,196] {processor.py:654} INFO - DAG(s) dict_keys(['example_skip_dag']) retrieved from /home/airflow/.local/lib/python3.7/site-packages/airflow/example_dags/example_skip_dag.py
[2022-03-14 00:18:21,203] {logging_mixin.py:109} INFO - [2022-03-14 00:18:21,203] {dag.py:2398} INFO - Sync 1 DAGs
[2022-03-14 00:18:21,214] {logging_mixin.py:109} INFO - [2022-03-14 00:18:21,214] {dag.py:2937} INFO - Setting next_dagrun for example_skip_dag to 2022-03-13T00:18:21.214546+00:00
[2022-03-14 00:18:21,228] {processor.py:171} INFO - Processing /home/airflow/.local/lib/python3.7/site-packages/airflow/example_dags/example_skip_dag.py took 0.056 seconds
[2022-03-14 00:18:52,034] {processor.py:163} INFO - Started process (PID=6186) to work on /home/airflow/.local/lib/python3.7/site-packages/airflow/example_dags/example_skip_dag.py
[2022-03-14 00:18:52,035] {processor.py:642} INFO - Processing file /home/airflow/.local/lib/python3.7/site-packages/airflow/example_dags/example_skip_dag.py for tasks to queue
[2022-03-14 00:18:52,035] {logging_mixin.py:109} INFO - [2022-03-14 00:18:52,035] {dagbag.py:500} INFO - Filling up the DagBag from /home/airflow/.local/lib/python3.7/site-packages/airflow/example_dags/example_skip_dag.py
[2022-03-14 00:18:52,056] {processor.py:654} INFO - DAG(s) dict_keys(['example_skip_dag']) retrieved from /home/airflow/.local/lib/python3.7/site-packages/airflow/example_dags/example_skip_dag.py
[2022-03-14 00:18:52,064] {logging_mixin.py:109} INFO - [2022-03-14 00:18:52,064] {dag.py:2398} INFO - Sync 1 DAGs
[2022-03-14 00:18:52,075] {logging_mixin.py:109} INFO - [2022-03-14 00:18:52,075] {dag.py:2937} INFO - Setting next_dagrun for example_skip_dag to 2022-03-13T00:18:52.075270+00:00
[2022-03-14 00:18:52,088] {processor.py:171} INFO - Processing /home/airflow/.local/lib/python3.7/site-packages/airflow/example_dags/example_skip_dag.py took 0.056 seconds
[2022-03-14 00:19:22,883] {processor.py:163} INFO - Started process (PID=6238) to work on /home/airflow/.local/lib/python3.7/site-packages/airflow/example_dags/example_skip_dag.py
[2022-03-14 00:19:22,884] {processor.py:642} INFO - Processing file /home/airflow/.local/lib/python3.7/site-packages/airflow/example_dags/example_skip_dag.py for tasks to queue
[2022-03-14 00:19:22,884] {logging_mixin.py:109} INFO - [2022-03-14 00:19:22,884] {dagbag.py:500} INFO - Filling up the DagBag from /home/airflow/.local/lib/python3.7/site-packages/airflow/example_dags/example_skip_dag.py
[2022-03-14 00:19:22,906] {processor.py:654} INFO - DAG(s) dict_keys(['example_skip_dag']) retrieved from /home/airflow/.local/lib/python3.7/site-packages/airflow/example_dags/example_skip_dag.py
[2022-03-14 00:19:22,917] {logging_mixin.py:109} INFO - [2022-03-14 00:19:22,917] {dag.py:2398} INFO - Sync 1 DAGs
[2022-03-14 00:19:22,932] {logging_mixin.py:109} INFO - [2022-03-14 00:19:22,932] {dag.py:2937} INFO - Setting next_dagrun for example_skip_dag to 2022-03-13T00:19:22.931864+00:00
[2022-03-14 00:19:22,945] {processor.py:171} INFO - Processing /home/airflow/.local/lib/python3.7/site-packages/airflow/example_dags/example_skip_dag.py took 0.064 seconds
[2022-03-14 00:19:53,782] {processor.py:163} INFO - Started process (PID=6300) to work on /home/airflow/.local/lib/python3.7/site-packages/airflow/example_dags/example_skip_dag.py
[2022-03-14 00:19:53,783] {processor.py:642} INFO - Processing file /home/airflow/.local/lib/python3.7/site-packages/airflow/example_dags/example_skip_dag.py for tasks to queue
[2022-03-14 00:19:53,783] {logging_mixin.py:109} INFO - [2022-03-14 00:19:53,783] {dagbag.py:500} INFO - Filling up the DagBag from /home/airflow/.local/lib/python3.7/site-packages/airflow/example_dags/example_skip_dag.py
[2022-03-14 00:19:53,806] {processor.py:654} INFO - DAG(s) dict_keys(['example_skip_dag']) retrieved from /home/airflow/.local/lib/python3.7/site-packages/airflow/example_dags/example_skip_dag.py
[2022-03-14 00:19:53,815] {logging_mixin.py:109} INFO - [2022-03-14 00:19:53,814] {dag.py:2398} INFO - Sync 1 DAGs
[2022-03-14 00:19:53,828] {logging_mixin.py:109} INFO - [2022-03-14 00:19:53,828] {dag.py:2937} INFO - Setting next_dagrun for example_skip_dag to 2022-03-13T00:19:53.828506+00:00
[2022-03-14 00:19:53,844] {processor.py:171} INFO - Processing /home/airflow/.local/lib/python3.7/site-packages/airflow/example_dags/example_skip_dag.py took 0.064 seconds
[2022-03-14 00:20:24,543] {processor.py:163} INFO - Started process (PID=6352) to work on /home/airflow/.local/lib/python3.7/site-packages/airflow/example_dags/example_skip_dag.py
[2022-03-14 00:20:24,545] {processor.py:642} INFO - Processing file /home/airflow/.local/lib/python3.7/site-packages/airflow/example_dags/example_skip_dag.py for tasks to queue
[2022-03-14 00:20:24,545] {logging_mixin.py:109} INFO - [2022-03-14 00:20:24,545] {dagbag.py:500} INFO - Filling up the DagBag from /home/airflow/.local/lib/python3.7/site-packages/airflow/example_dags/example_skip_dag.py
[2022-03-14 00:20:24,568] {processor.py:654} INFO - DAG(s) dict_keys(['example_skip_dag']) retrieved from /home/airflow/.local/lib/python3.7/site-packages/airflow/example_dags/example_skip_dag.py
[2022-03-14 00:20:24,576] {logging_mixin.py:109} INFO - [2022-03-14 00:20:24,576] {dag.py:2398} INFO - Sync 1 DAGs
[2022-03-14 00:20:24,588] {logging_mixin.py:109} INFO - [2022-03-14 00:20:24,588] {dag.py:2937} INFO - Setting next_dagrun for example_skip_dag to 2022-03-13T00:20:24.588224+00:00
[2022-03-14 00:20:24,603] {processor.py:171} INFO - Processing /home/airflow/.local/lib/python3.7/site-packages/airflow/example_dags/example_skip_dag.py took 0.062 seconds
[2022-03-14 00:20:55,433] {processor.py:163} INFO - Started process (PID=6413) to work on /home/airflow/.local/lib/python3.7/site-packages/airflow/example_dags/example_skip_dag.py
[2022-03-14 00:20:55,433] {processor.py:642} INFO - Processing file /home/airflow/.local/lib/python3.7/site-packages/airflow/example_dags/example_skip_dag.py for tasks to queue
[2022-03-14 00:20:55,434] {logging_mixin.py:109} INFO - [2022-03-14 00:20:55,434] {dagbag.py:500} INFO - Filling up the DagBag from /home/airflow/.local/lib/python3.7/site-packages/airflow/example_dags/example_skip_dag.py
[2022-03-14 00:20:55,455] {processor.py:654} INFO - DAG(s) dict_keys(['example_skip_dag']) retrieved from /home/airflow/.local/lib/python3.7/site-packages/airflow/example_dags/example_skip_dag.py
[2022-03-14 00:20:55,462] {logging_mixin.py:109} INFO - [2022-03-14 00:20:55,462] {dag.py:2398} INFO - Sync 1 DAGs
[2022-03-14 00:20:55,474] {logging_mixin.py:109} INFO - [2022-03-14 00:20:55,474] {dag.py:2937} INFO - Setting next_dagrun for example_skip_dag to 2022-03-13T00:20:55.474052+00:00
[2022-03-14 00:20:55,487] {processor.py:171} INFO - Processing /home/airflow/.local/lib/python3.7/site-packages/airflow/example_dags/example_skip_dag.py took 0.057 seconds
[2022-03-14 00:21:26,212] {processor.py:163} INFO - Started process (PID=6466) to work on /home/airflow/.local/lib/python3.7/site-packages/airflow/example_dags/example_skip_dag.py
[2022-03-14 00:21:26,213] {processor.py:642} INFO - Processing file /home/airflow/.local/lib/python3.7/site-packages/airflow/example_dags/example_skip_dag.py for tasks to queue
[2022-03-14 00:21:26,213] {logging_mixin.py:109} INFO - [2022-03-14 00:21:26,213] {dagbag.py:500} INFO - Filling up the DagBag from /home/airflow/.local/lib/python3.7/site-packages/airflow/example_dags/example_skip_dag.py
[2022-03-14 00:21:26,234] {processor.py:654} INFO - DAG(s) dict_keys(['example_skip_dag']) retrieved from /home/airflow/.local/lib/python3.7/site-packages/airflow/example_dags/example_skip_dag.py
[2022-03-14 00:21:26,242] {logging_mixin.py:109} INFO - [2022-03-14 00:21:26,242] {dag.py:2398} INFO - Sync 1 DAGs
[2022-03-14 00:21:26,253] {logging_mixin.py:109} INFO - [2022-03-14 00:21:26,253] {dag.py:2937} INFO - Setting next_dagrun for example_skip_dag to 2022-03-13T00:21:26.253064+00:00
[2022-03-14 00:21:26,266] {processor.py:171} INFO - Processing /home/airflow/.local/lib/python3.7/site-packages/airflow/example_dags/example_skip_dag.py took 0.056 seconds
[2022-03-14 00:21:57,257] {processor.py:163} INFO - Started process (PID=6526) to work on /home/airflow/.local/lib/python3.7/site-packages/airflow/example_dags/example_skip_dag.py
[2022-03-14 00:21:57,258] {processor.py:642} INFO - Processing file /home/airflow/.local/lib/python3.7/site-packages/airflow/example_dags/example_skip_dag.py for tasks to queue
[2022-03-14 00:21:57,258] {logging_mixin.py:109} INFO - [2022-03-14 00:21:57,258] {dagbag.py:500} INFO - Filling up the DagBag from /home/airflow/.local/lib/python3.7/site-packages/airflow/example_dags/example_skip_dag.py
[2022-03-14 00:21:57,285] {processor.py:654} INFO - DAG(s) dict_keys(['example_skip_dag']) retrieved from /home/airflow/.local/lib/python3.7/site-packages/airflow/example_dags/example_skip_dag.py
[2022-03-14 00:21:57,293] {logging_mixin.py:109} INFO - [2022-03-14 00:21:57,293] {dag.py:2398} INFO - Sync 1 DAGs
[2022-03-14 00:21:57,306] {logging_mixin.py:109} INFO - [2022-03-14 00:21:57,306] {dag.py:2937} INFO - Setting next_dagrun for example_skip_dag to 2022-03-13T00:21:57.306317+00:00
[2022-03-14 00:21:57,327] {processor.py:171} INFO - Processing /home/airflow/.local/lib/python3.7/site-packages/airflow/example_dags/example_skip_dag.py took 0.073 seconds
[2022-03-14 00:22:28,063] {processor.py:163} INFO - Started process (PID=6582) to work on /home/airflow/.local/lib/python3.7/site-packages/airflow/example_dags/example_skip_dag.py
[2022-03-14 00:22:28,064] {processor.py:642} INFO - Processing file /home/airflow/.local/lib/python3.7/site-packages/airflow/example_dags/example_skip_dag.py for tasks to queue
[2022-03-14 00:22:28,065] {logging_mixin.py:109} INFO - [2022-03-14 00:22:28,065] {dagbag.py:500} INFO - Filling up the DagBag from /home/airflow/.local/lib/python3.7/site-packages/airflow/example_dags/example_skip_dag.py
[2022-03-14 00:22:28,085] {processor.py:654} INFO - DAG(s) dict_keys(['example_skip_dag']) retrieved from /home/airflow/.local/lib/python3.7/site-packages/airflow/example_dags/example_skip_dag.py
[2022-03-14 00:22:28,093] {logging_mixin.py:109} INFO - [2022-03-14 00:22:28,093] {dag.py:2398} INFO - Sync 1 DAGs
[2022-03-14 00:22:28,104] {logging_mixin.py:109} INFO - [2022-03-14 00:22:28,104] {dag.py:2937} INFO - Setting next_dagrun for example_skip_dag to 2022-03-13T00:22:28.104391+00:00
[2022-03-14 00:22:28,112] {processor.py:171} INFO - Processing /home/airflow/.local/lib/python3.7/site-packages/airflow/example_dags/example_skip_dag.py took 0.051 seconds
