[2022-03-14 00:00:28,627] {processor.py:163} INFO - Started process (PID=4174) to work on /home/airflow/.local/lib/python3.7/site-packages/airflow/example_dags/example_bash_operator.py
[2022-03-14 00:00:28,628] {processor.py:642} INFO - Processing file /home/airflow/.local/lib/python3.7/site-packages/airflow/example_dags/example_bash_operator.py for tasks to queue
[2022-03-14 00:00:28,628] {logging_mixin.py:109} INFO - [2022-03-14 00:00:28,628] {dagbag.py:500} INFO - Filling up the DagBag from /home/airflow/.local/lib/python3.7/site-packages/airflow/example_dags/example_bash_operator.py
[2022-03-14 00:00:28,653] {processor.py:654} INFO - DAG(s) dict_keys(['example_bash_operator']) retrieved from /home/airflow/.local/lib/python3.7/site-packages/airflow/example_dags/example_bash_operator.py
[2022-03-14 00:00:28,666] {logging_mixin.py:109} INFO - [2022-03-14 00:00:28,666] {dag.py:2398} INFO - Sync 1 DAGs
[2022-03-14 00:00:28,687] {logging_mixin.py:109} INFO - [2022-03-14 00:00:28,687] {dag.py:2937} INFO - Setting next_dagrun for example_bash_operator to 2022-03-13 00:00:00+00:00
[2022-03-14 00:00:28,698] {processor.py:171} INFO - Processing /home/airflow/.local/lib/python3.7/site-packages/airflow/example_dags/example_bash_operator.py took 0.073 seconds
[2022-03-14 00:00:59,585] {processor.py:163} INFO - Started process (PID=4226) to work on /home/airflow/.local/lib/python3.7/site-packages/airflow/example_dags/example_bash_operator.py
[2022-03-14 00:00:59,586] {processor.py:642} INFO - Processing file /home/airflow/.local/lib/python3.7/site-packages/airflow/example_dags/example_bash_operator.py for tasks to queue
[2022-03-14 00:00:59,586] {logging_mixin.py:109} INFO - [2022-03-14 00:00:59,586] {dagbag.py:500} INFO - Filling up the DagBag from /home/airflow/.local/lib/python3.7/site-packages/airflow/example_dags/example_bash_operator.py
[2022-03-14 00:00:59,611] {processor.py:654} INFO - DAG(s) dict_keys(['example_bash_operator']) retrieved from /home/airflow/.local/lib/python3.7/site-packages/airflow/example_dags/example_bash_operator.py
[2022-03-14 00:00:59,620] {logging_mixin.py:109} INFO - [2022-03-14 00:00:59,620] {dag.py:2398} INFO - Sync 1 DAGs
[2022-03-14 00:00:59,632] {logging_mixin.py:109} INFO - [2022-03-14 00:00:59,632] {dag.py:2937} INFO - Setting next_dagrun for example_bash_operator to 2022-03-13 00:00:00+00:00
[2022-03-14 00:00:59,640] {processor.py:171} INFO - Processing /home/airflow/.local/lib/python3.7/site-packages/airflow/example_dags/example_bash_operator.py took 0.057 seconds
[2022-03-14 00:01:30,361] {processor.py:163} INFO - Started process (PID=4278) to work on /home/airflow/.local/lib/python3.7/site-packages/airflow/example_dags/example_bash_operator.py
[2022-03-14 00:01:30,369] {processor.py:642} INFO - Processing file /home/airflow/.local/lib/python3.7/site-packages/airflow/example_dags/example_bash_operator.py for tasks to queue
[2022-03-14 00:01:30,369] {logging_mixin.py:109} INFO - [2022-03-14 00:01:30,369] {dagbag.py:500} INFO - Filling up the DagBag from /home/airflow/.local/lib/python3.7/site-packages/airflow/example_dags/example_bash_operator.py
[2022-03-14 00:01:30,394] {processor.py:654} INFO - DAG(s) dict_keys(['example_bash_operator']) retrieved from /home/airflow/.local/lib/python3.7/site-packages/airflow/example_dags/example_bash_operator.py
[2022-03-14 00:01:30,403] {logging_mixin.py:109} INFO - [2022-03-14 00:01:30,403] {dag.py:2398} INFO - Sync 1 DAGs
[2022-03-14 00:01:30,417] {logging_mixin.py:109} INFO - [2022-03-14 00:01:30,417] {dag.py:2937} INFO - Setting next_dagrun for example_bash_operator to 2022-03-13 00:00:00+00:00
[2022-03-14 00:01:30,425] {processor.py:171} INFO - Processing /home/airflow/.local/lib/python3.7/site-packages/airflow/example_dags/example_bash_operator.py took 0.066 seconds
[2022-03-14 00:02:01,456] {processor.py:163} INFO - Started process (PID=4339) to work on /home/airflow/.local/lib/python3.7/site-packages/airflow/example_dags/example_bash_operator.py
[2022-03-14 00:02:01,457] {processor.py:642} INFO - Processing file /home/airflow/.local/lib/python3.7/site-packages/airflow/example_dags/example_bash_operator.py for tasks to queue
[2022-03-14 00:02:01,458] {logging_mixin.py:109} INFO - [2022-03-14 00:02:01,458] {dagbag.py:500} INFO - Filling up the DagBag from /home/airflow/.local/lib/python3.7/site-packages/airflow/example_dags/example_bash_operator.py
[2022-03-14 00:02:01,484] {processor.py:654} INFO - DAG(s) dict_keys(['example_bash_operator']) retrieved from /home/airflow/.local/lib/python3.7/site-packages/airflow/example_dags/example_bash_operator.py
[2022-03-14 00:02:01,494] {logging_mixin.py:109} INFO - [2022-03-14 00:02:01,494] {dag.py:2398} INFO - Sync 1 DAGs
[2022-03-14 00:02:01,510] {logging_mixin.py:109} INFO - [2022-03-14 00:02:01,510] {dag.py:2937} INFO - Setting next_dagrun for example_bash_operator to 2022-03-13 00:00:00+00:00
[2022-03-14 00:02:01,524] {processor.py:171} INFO - Processing /home/airflow/.local/lib/python3.7/site-packages/airflow/example_dags/example_bash_operator.py took 0.070 seconds
[2022-03-14 00:02:31,885] {processor.py:163} INFO - Started process (PID=4392) to work on /home/airflow/.local/lib/python3.7/site-packages/airflow/example_dags/example_bash_operator.py
[2022-03-14 00:02:31,886] {processor.py:642} INFO - Processing file /home/airflow/.local/lib/python3.7/site-packages/airflow/example_dags/example_bash_operator.py for tasks to queue
[2022-03-14 00:02:31,886] {logging_mixin.py:109} INFO - [2022-03-14 00:02:31,886] {dagbag.py:500} INFO - Filling up the DagBag from /home/airflow/.local/lib/python3.7/site-packages/airflow/example_dags/example_bash_operator.py
[2022-03-14 00:02:31,911] {processor.py:654} INFO - DAG(s) dict_keys(['example_bash_operator']) retrieved from /home/airflow/.local/lib/python3.7/site-packages/airflow/example_dags/example_bash_operator.py
[2022-03-14 00:02:31,919] {logging_mixin.py:109} INFO - [2022-03-14 00:02:31,919] {dag.py:2398} INFO - Sync 1 DAGs
[2022-03-14 00:02:31,932] {logging_mixin.py:109} INFO - [2022-03-14 00:02:31,932] {dag.py:2937} INFO - Setting next_dagrun for example_bash_operator to 2022-03-13 00:00:00+00:00
[2022-03-14 00:02:31,950] {processor.py:171} INFO - Processing /home/airflow/.local/lib/python3.7/site-packages/airflow/example_dags/example_bash_operator.py took 0.067 seconds
[2022-03-14 00:03:02,538] {processor.py:163} INFO - Started process (PID=4454) to work on /home/airflow/.local/lib/python3.7/site-packages/airflow/example_dags/example_bash_operator.py
[2022-03-14 00:03:02,539] {processor.py:642} INFO - Processing file /home/airflow/.local/lib/python3.7/site-packages/airflow/example_dags/example_bash_operator.py for tasks to queue
[2022-03-14 00:03:02,539] {logging_mixin.py:109} INFO - [2022-03-14 00:03:02,539] {dagbag.py:500} INFO - Filling up the DagBag from /home/airflow/.local/lib/python3.7/site-packages/airflow/example_dags/example_bash_operator.py
[2022-03-14 00:03:02,562] {processor.py:654} INFO - DAG(s) dict_keys(['example_bash_operator']) retrieved from /home/airflow/.local/lib/python3.7/site-packages/airflow/example_dags/example_bash_operator.py
[2022-03-14 00:03:02,573] {logging_mixin.py:109} INFO - [2022-03-14 00:03:02,572] {dag.py:2398} INFO - Sync 1 DAGs
[2022-03-14 00:03:02,585] {logging_mixin.py:109} INFO - [2022-03-14 00:03:02,585] {dag.py:2937} INFO - Setting next_dagrun for example_bash_operator to 2022-03-13 00:00:00+00:00
[2022-03-14 00:03:02,598] {processor.py:171} INFO - Processing /home/airflow/.local/lib/python3.7/site-packages/airflow/example_dags/example_bash_operator.py took 0.062 seconds
[2022-03-14 00:03:33,586] {processor.py:163} INFO - Started process (PID=4506) to work on /home/airflow/.local/lib/python3.7/site-packages/airflow/example_dags/example_bash_operator.py
[2022-03-14 00:03:33,586] {processor.py:642} INFO - Processing file /home/airflow/.local/lib/python3.7/site-packages/airflow/example_dags/example_bash_operator.py for tasks to queue
[2022-03-14 00:03:33,587] {logging_mixin.py:109} INFO - [2022-03-14 00:03:33,587] {dagbag.py:500} INFO - Filling up the DagBag from /home/airflow/.local/lib/python3.7/site-packages/airflow/example_dags/example_bash_operator.py
[2022-03-14 00:03:33,611] {processor.py:654} INFO - DAG(s) dict_keys(['example_bash_operator']) retrieved from /home/airflow/.local/lib/python3.7/site-packages/airflow/example_dags/example_bash_operator.py
[2022-03-14 00:03:33,619] {logging_mixin.py:109} INFO - [2022-03-14 00:03:33,619] {dag.py:2398} INFO - Sync 1 DAGs
[2022-03-14 00:03:33,633] {logging_mixin.py:109} INFO - [2022-03-14 00:03:33,633] {dag.py:2937} INFO - Setting next_dagrun for example_bash_operator to 2022-03-13 00:00:00+00:00
[2022-03-14 00:03:33,641] {processor.py:171} INFO - Processing /home/airflow/.local/lib/python3.7/site-packages/airflow/example_dags/example_bash_operator.py took 0.057 seconds
[2022-03-14 00:04:04,715] {processor.py:163} INFO - Started process (PID=4567) to work on /home/airflow/.local/lib/python3.7/site-packages/airflow/example_dags/example_bash_operator.py
[2022-03-14 00:04:04,716] {processor.py:642} INFO - Processing file /home/airflow/.local/lib/python3.7/site-packages/airflow/example_dags/example_bash_operator.py for tasks to queue
[2022-03-14 00:04:04,716] {logging_mixin.py:109} INFO - [2022-03-14 00:04:04,716] {dagbag.py:500} INFO - Filling up the DagBag from /home/airflow/.local/lib/python3.7/site-packages/airflow/example_dags/example_bash_operator.py
[2022-03-14 00:04:04,740] {processor.py:654} INFO - DAG(s) dict_keys(['example_bash_operator']) retrieved from /home/airflow/.local/lib/python3.7/site-packages/airflow/example_dags/example_bash_operator.py
[2022-03-14 00:04:04,748] {logging_mixin.py:109} INFO - [2022-03-14 00:04:04,748] {dag.py:2398} INFO - Sync 1 DAGs
[2022-03-14 00:04:04,761] {logging_mixin.py:109} INFO - [2022-03-14 00:04:04,761] {dag.py:2937} INFO - Setting next_dagrun for example_bash_operator to 2022-03-13 00:00:00+00:00
[2022-03-14 00:04:04,775] {processor.py:171} INFO - Processing /home/airflow/.local/lib/python3.7/site-packages/airflow/example_dags/example_bash_operator.py took 0.062 seconds
[2022-03-14 00:04:35,602] {processor.py:163} INFO - Started process (PID=4619) to work on /home/airflow/.local/lib/python3.7/site-packages/airflow/example_dags/example_bash_operator.py
[2022-03-14 00:04:35,602] {processor.py:642} INFO - Processing file /home/airflow/.local/lib/python3.7/site-packages/airflow/example_dags/example_bash_operator.py for tasks to queue
[2022-03-14 00:04:35,603] {logging_mixin.py:109} INFO - [2022-03-14 00:04:35,603] {dagbag.py:500} INFO - Filling up the DagBag from /home/airflow/.local/lib/python3.7/site-packages/airflow/example_dags/example_bash_operator.py
[2022-03-14 00:04:35,626] {processor.py:654} INFO - DAG(s) dict_keys(['example_bash_operator']) retrieved from /home/airflow/.local/lib/python3.7/site-packages/airflow/example_dags/example_bash_operator.py
[2022-03-14 00:04:35,634] {logging_mixin.py:109} INFO - [2022-03-14 00:04:35,634] {dag.py:2398} INFO - Sync 1 DAGs
[2022-03-14 00:04:35,647] {logging_mixin.py:109} INFO - [2022-03-14 00:04:35,647] {dag.py:2937} INFO - Setting next_dagrun for example_bash_operator to 2022-03-13 00:00:00+00:00
[2022-03-14 00:04:35,660] {processor.py:171} INFO - Processing /home/airflow/.local/lib/python3.7/site-packages/airflow/example_dags/example_bash_operator.py took 0.061 seconds
[2022-03-14 00:05:06,261] {processor.py:163} INFO - Started process (PID=4680) to work on /home/airflow/.local/lib/python3.7/site-packages/airflow/example_dags/example_bash_operator.py
[2022-03-14 00:05:06,262] {processor.py:642} INFO - Processing file /home/airflow/.local/lib/python3.7/site-packages/airflow/example_dags/example_bash_operator.py for tasks to queue
[2022-03-14 00:05:06,262] {logging_mixin.py:109} INFO - [2022-03-14 00:05:06,262] {dagbag.py:500} INFO - Filling up the DagBag from /home/airflow/.local/lib/python3.7/site-packages/airflow/example_dags/example_bash_operator.py
[2022-03-14 00:05:06,286] {processor.py:654} INFO - DAG(s) dict_keys(['example_bash_operator']) retrieved from /home/airflow/.local/lib/python3.7/site-packages/airflow/example_dags/example_bash_operator.py
[2022-03-14 00:05:06,295] {logging_mixin.py:109} INFO - [2022-03-14 00:05:06,295] {dag.py:2398} INFO - Sync 1 DAGs
[2022-03-14 00:05:06,307] {logging_mixin.py:109} INFO - [2022-03-14 00:05:06,307] {dag.py:2937} INFO - Setting next_dagrun for example_bash_operator to 2022-03-13 00:00:00+00:00
[2022-03-14 00:05:06,320] {processor.py:171} INFO - Processing /home/airflow/.local/lib/python3.7/site-packages/airflow/example_dags/example_bash_operator.py took 0.061 seconds
[2022-03-14 00:05:37,118] {processor.py:163} INFO - Started process (PID=4732) to work on /home/airflow/.local/lib/python3.7/site-packages/airflow/example_dags/example_bash_operator.py
[2022-03-14 00:05:37,118] {processor.py:642} INFO - Processing file /home/airflow/.local/lib/python3.7/site-packages/airflow/example_dags/example_bash_operator.py for tasks to queue
[2022-03-14 00:05:37,119] {logging_mixin.py:109} INFO - [2022-03-14 00:05:37,119] {dagbag.py:500} INFO - Filling up the DagBag from /home/airflow/.local/lib/python3.7/site-packages/airflow/example_dags/example_bash_operator.py
[2022-03-14 00:05:37,142] {processor.py:654} INFO - DAG(s) dict_keys(['example_bash_operator']) retrieved from /home/airflow/.local/lib/python3.7/site-packages/airflow/example_dags/example_bash_operator.py
[2022-03-14 00:05:37,151] {logging_mixin.py:109} INFO - [2022-03-14 00:05:37,151] {dag.py:2398} INFO - Sync 1 DAGs
[2022-03-14 00:05:37,163] {logging_mixin.py:109} INFO - [2022-03-14 00:05:37,163] {dag.py:2937} INFO - Setting next_dagrun for example_bash_operator to 2022-03-13 00:00:00+00:00
[2022-03-14 00:05:37,185] {processor.py:171} INFO - Processing /home/airflow/.local/lib/python3.7/site-packages/airflow/example_dags/example_bash_operator.py took 0.069 seconds
[2022-03-14 00:06:08,033] {processor.py:163} INFO - Started process (PID=4793) to work on /home/airflow/.local/lib/python3.7/site-packages/airflow/example_dags/example_bash_operator.py
[2022-03-14 00:06:08,034] {processor.py:642} INFO - Processing file /home/airflow/.local/lib/python3.7/site-packages/airflow/example_dags/example_bash_operator.py for tasks to queue
[2022-03-14 00:06:08,034] {logging_mixin.py:109} INFO - [2022-03-14 00:06:08,034] {dagbag.py:500} INFO - Filling up the DagBag from /home/airflow/.local/lib/python3.7/site-packages/airflow/example_dags/example_bash_operator.py
[2022-03-14 00:06:08,058] {processor.py:654} INFO - DAG(s) dict_keys(['example_bash_operator']) retrieved from /home/airflow/.local/lib/python3.7/site-packages/airflow/example_dags/example_bash_operator.py
[2022-03-14 00:06:08,066] {logging_mixin.py:109} INFO - [2022-03-14 00:06:08,066] {dag.py:2398} INFO - Sync 1 DAGs
[2022-03-14 00:06:08,078] {logging_mixin.py:109} INFO - [2022-03-14 00:06:08,078] {dag.py:2937} INFO - Setting next_dagrun for example_bash_operator to 2022-03-13 00:00:00+00:00
[2022-03-14 00:06:08,092] {processor.py:171} INFO - Processing /home/airflow/.local/lib/python3.7/site-packages/airflow/example_dags/example_bash_operator.py took 0.061 seconds
[2022-03-14 00:06:38,755] {processor.py:163} INFO - Started process (PID=4845) to work on /home/airflow/.local/lib/python3.7/site-packages/airflow/example_dags/example_bash_operator.py
[2022-03-14 00:06:38,756] {processor.py:642} INFO - Processing file /home/airflow/.local/lib/python3.7/site-packages/airflow/example_dags/example_bash_operator.py for tasks to queue
[2022-03-14 00:06:38,756] {logging_mixin.py:109} INFO - [2022-03-14 00:06:38,756] {dagbag.py:500} INFO - Filling up the DagBag from /home/airflow/.local/lib/python3.7/site-packages/airflow/example_dags/example_bash_operator.py
[2022-03-14 00:06:38,780] {processor.py:654} INFO - DAG(s) dict_keys(['example_bash_operator']) retrieved from /home/airflow/.local/lib/python3.7/site-packages/airflow/example_dags/example_bash_operator.py
[2022-03-14 00:06:38,788] {logging_mixin.py:109} INFO - [2022-03-14 00:06:38,788] {dag.py:2398} INFO - Sync 1 DAGs
[2022-03-14 00:06:38,802] {logging_mixin.py:109} INFO - [2022-03-14 00:06:38,802] {dag.py:2937} INFO - Setting next_dagrun for example_bash_operator to 2022-03-13 00:00:00+00:00
[2022-03-14 00:06:38,816] {processor.py:171} INFO - Processing /home/airflow/.local/lib/python3.7/site-packages/airflow/example_dags/example_bash_operator.py took 0.063 seconds
[2022-03-14 00:07:09,546] {processor.py:163} INFO - Started process (PID=4906) to work on /home/airflow/.local/lib/python3.7/site-packages/airflow/example_dags/example_bash_operator.py
[2022-03-14 00:07:09,547] {processor.py:642} INFO - Processing file /home/airflow/.local/lib/python3.7/site-packages/airflow/example_dags/example_bash_operator.py for tasks to queue
[2022-03-14 00:07:09,548] {logging_mixin.py:109} INFO - [2022-03-14 00:07:09,548] {dagbag.py:500} INFO - Filling up the DagBag from /home/airflow/.local/lib/python3.7/site-packages/airflow/example_dags/example_bash_operator.py
[2022-03-14 00:07:09,580] {processor.py:654} INFO - DAG(s) dict_keys(['example_bash_operator']) retrieved from /home/airflow/.local/lib/python3.7/site-packages/airflow/example_dags/example_bash_operator.py
[2022-03-14 00:07:09,588] {logging_mixin.py:109} INFO - [2022-03-14 00:07:09,588] {dag.py:2398} INFO - Sync 1 DAGs
[2022-03-14 00:07:09,602] {logging_mixin.py:109} INFO - [2022-03-14 00:07:09,601] {dag.py:2937} INFO - Setting next_dagrun for example_bash_operator to 2022-03-13 00:00:00+00:00
[2022-03-14 00:07:09,615] {processor.py:171} INFO - Processing /home/airflow/.local/lib/python3.7/site-packages/airflow/example_dags/example_bash_operator.py took 0.072 seconds
[2022-03-14 00:07:40,436] {processor.py:163} INFO - Started process (PID=4958) to work on /home/airflow/.local/lib/python3.7/site-packages/airflow/example_dags/example_bash_operator.py
[2022-03-14 00:07:40,437] {processor.py:642} INFO - Processing file /home/airflow/.local/lib/python3.7/site-packages/airflow/example_dags/example_bash_operator.py for tasks to queue
[2022-03-14 00:07:40,438] {logging_mixin.py:109} INFO - [2022-03-14 00:07:40,438] {dagbag.py:500} INFO - Filling up the DagBag from /home/airflow/.local/lib/python3.7/site-packages/airflow/example_dags/example_bash_operator.py
[2022-03-14 00:07:40,461] {processor.py:654} INFO - DAG(s) dict_keys(['example_bash_operator']) retrieved from /home/airflow/.local/lib/python3.7/site-packages/airflow/example_dags/example_bash_operator.py
[2022-03-14 00:07:40,468] {logging_mixin.py:109} INFO - [2022-03-14 00:07:40,468] {dag.py:2398} INFO - Sync 1 DAGs
[2022-03-14 00:07:40,481] {logging_mixin.py:109} INFO - [2022-03-14 00:07:40,481] {dag.py:2937} INFO - Setting next_dagrun for example_bash_operator to 2022-03-13 00:00:00+00:00
[2022-03-14 00:07:40,494] {processor.py:171} INFO - Processing /home/airflow/.local/lib/python3.7/site-packages/airflow/example_dags/example_bash_operator.py took 0.060 seconds
[2022-03-14 00:08:11,535] {processor.py:163} INFO - Started process (PID=5019) to work on /home/airflow/.local/lib/python3.7/site-packages/airflow/example_dags/example_bash_operator.py
[2022-03-14 00:08:11,536] {processor.py:642} INFO - Processing file /home/airflow/.local/lib/python3.7/site-packages/airflow/example_dags/example_bash_operator.py for tasks to queue
[2022-03-14 00:08:11,536] {logging_mixin.py:109} INFO - [2022-03-14 00:08:11,536] {dagbag.py:500} INFO - Filling up the DagBag from /home/airflow/.local/lib/python3.7/site-packages/airflow/example_dags/example_bash_operator.py
[2022-03-14 00:08:11,560] {processor.py:654} INFO - DAG(s) dict_keys(['example_bash_operator']) retrieved from /home/airflow/.local/lib/python3.7/site-packages/airflow/example_dags/example_bash_operator.py
[2022-03-14 00:08:11,569] {logging_mixin.py:109} INFO - [2022-03-14 00:08:11,569] {dag.py:2398} INFO - Sync 1 DAGs
[2022-03-14 00:08:11,583] {logging_mixin.py:109} INFO - [2022-03-14 00:08:11,583] {dag.py:2937} INFO - Setting next_dagrun for example_bash_operator to 2022-03-13 00:00:00+00:00
[2022-03-14 00:08:11,591] {processor.py:171} INFO - Processing /home/airflow/.local/lib/python3.7/site-packages/airflow/example_dags/example_bash_operator.py took 0.059 seconds
[2022-03-14 00:08:42,280] {processor.py:163} INFO - Started process (PID=5071) to work on /home/airflow/.local/lib/python3.7/site-packages/airflow/example_dags/example_bash_operator.py
[2022-03-14 00:08:42,280] {processor.py:642} INFO - Processing file /home/airflow/.local/lib/python3.7/site-packages/airflow/example_dags/example_bash_operator.py for tasks to queue
[2022-03-14 00:08:42,281] {logging_mixin.py:109} INFO - [2022-03-14 00:08:42,281] {dagbag.py:500} INFO - Filling up the DagBag from /home/airflow/.local/lib/python3.7/site-packages/airflow/example_dags/example_bash_operator.py
[2022-03-14 00:08:42,305] {processor.py:654} INFO - DAG(s) dict_keys(['example_bash_operator']) retrieved from /home/airflow/.local/lib/python3.7/site-packages/airflow/example_dags/example_bash_operator.py
[2022-03-14 00:08:42,312] {logging_mixin.py:109} INFO - [2022-03-14 00:08:42,312] {dag.py:2398} INFO - Sync 1 DAGs
[2022-03-14 00:08:42,325] {logging_mixin.py:109} INFO - [2022-03-14 00:08:42,325] {dag.py:2937} INFO - Setting next_dagrun for example_bash_operator to 2022-03-13 00:00:00+00:00
[2022-03-14 00:08:42,333] {processor.py:171} INFO - Processing /home/airflow/.local/lib/python3.7/site-packages/airflow/example_dags/example_bash_operator.py took 0.055 seconds
[2022-03-14 00:09:13,029] {processor.py:163} INFO - Started process (PID=5124) to work on /home/airflow/.local/lib/python3.7/site-packages/airflow/example_dags/example_bash_operator.py
[2022-03-14 00:09:13,030] {processor.py:642} INFO - Processing file /home/airflow/.local/lib/python3.7/site-packages/airflow/example_dags/example_bash_operator.py for tasks to queue
[2022-03-14 00:09:13,030] {logging_mixin.py:109} INFO - [2022-03-14 00:09:13,030] {dagbag.py:500} INFO - Filling up the DagBag from /home/airflow/.local/lib/python3.7/site-packages/airflow/example_dags/example_bash_operator.py
[2022-03-14 00:09:13,054] {processor.py:654} INFO - DAG(s) dict_keys(['example_bash_operator']) retrieved from /home/airflow/.local/lib/python3.7/site-packages/airflow/example_dags/example_bash_operator.py
[2022-03-14 00:09:13,062] {logging_mixin.py:109} INFO - [2022-03-14 00:09:13,062] {dag.py:2398} INFO - Sync 1 DAGs
[2022-03-14 00:09:13,074] {logging_mixin.py:109} INFO - [2022-03-14 00:09:13,074] {dag.py:2937} INFO - Setting next_dagrun for example_bash_operator to 2022-03-13 00:00:00+00:00
[2022-03-14 00:09:13,088] {processor.py:171} INFO - Processing /home/airflow/.local/lib/python3.7/site-packages/airflow/example_dags/example_bash_operator.py took 0.062 seconds
[2022-03-14 00:09:43,942] {processor.py:163} INFO - Started process (PID=5185) to work on /home/airflow/.local/lib/python3.7/site-packages/airflow/example_dags/example_bash_operator.py
[2022-03-14 00:09:43,943] {processor.py:642} INFO - Processing file /home/airflow/.local/lib/python3.7/site-packages/airflow/example_dags/example_bash_operator.py for tasks to queue
[2022-03-14 00:09:43,943] {logging_mixin.py:109} INFO - [2022-03-14 00:09:43,943] {dagbag.py:500} INFO - Filling up the DagBag from /home/airflow/.local/lib/python3.7/site-packages/airflow/example_dags/example_bash_operator.py
[2022-03-14 00:09:43,973] {processor.py:654} INFO - DAG(s) dict_keys(['example_bash_operator']) retrieved from /home/airflow/.local/lib/python3.7/site-packages/airflow/example_dags/example_bash_operator.py
[2022-03-14 00:09:43,985] {logging_mixin.py:109} INFO - [2022-03-14 00:09:43,984] {dag.py:2398} INFO - Sync 1 DAGs
[2022-03-14 00:09:44,001] {logging_mixin.py:109} INFO - [2022-03-14 00:09:44,001] {dag.py:2937} INFO - Setting next_dagrun for example_bash_operator to 2022-03-13 00:00:00+00:00
[2022-03-14 00:09:44,024] {processor.py:171} INFO - Processing /home/airflow/.local/lib/python3.7/site-packages/airflow/example_dags/example_bash_operator.py took 0.084 seconds
[2022-03-14 00:10:14,619] {processor.py:163} INFO - Started process (PID=5237) to work on /home/airflow/.local/lib/python3.7/site-packages/airflow/example_dags/example_bash_operator.py
[2022-03-14 00:10:14,619] {processor.py:642} INFO - Processing file /home/airflow/.local/lib/python3.7/site-packages/airflow/example_dags/example_bash_operator.py for tasks to queue
[2022-03-14 00:10:14,620] {logging_mixin.py:109} INFO - [2022-03-14 00:10:14,620] {dagbag.py:500} INFO - Filling up the DagBag from /home/airflow/.local/lib/python3.7/site-packages/airflow/example_dags/example_bash_operator.py
[2022-03-14 00:10:14,644] {processor.py:654} INFO - DAG(s) dict_keys(['example_bash_operator']) retrieved from /home/airflow/.local/lib/python3.7/site-packages/airflow/example_dags/example_bash_operator.py
[2022-03-14 00:10:14,653] {logging_mixin.py:109} INFO - [2022-03-14 00:10:14,652] {dag.py:2398} INFO - Sync 1 DAGs
[2022-03-14 00:10:14,666] {logging_mixin.py:109} INFO - [2022-03-14 00:10:14,666] {dag.py:2937} INFO - Setting next_dagrun for example_bash_operator to 2022-03-13 00:00:00+00:00
[2022-03-14 00:10:14,680] {processor.py:171} INFO - Processing /home/airflow/.local/lib/python3.7/site-packages/airflow/example_dags/example_bash_operator.py took 0.063 seconds
[2022-03-14 00:10:45,470] {processor.py:163} INFO - Started process (PID=5298) to work on /home/airflow/.local/lib/python3.7/site-packages/airflow/example_dags/example_bash_operator.py
[2022-03-14 00:10:45,471] {processor.py:642} INFO - Processing file /home/airflow/.local/lib/python3.7/site-packages/airflow/example_dags/example_bash_operator.py for tasks to queue
[2022-03-14 00:10:45,472] {logging_mixin.py:109} INFO - [2022-03-14 00:10:45,472] {dagbag.py:500} INFO - Filling up the DagBag from /home/airflow/.local/lib/python3.7/site-packages/airflow/example_dags/example_bash_operator.py
[2022-03-14 00:10:45,495] {processor.py:654} INFO - DAG(s) dict_keys(['example_bash_operator']) retrieved from /home/airflow/.local/lib/python3.7/site-packages/airflow/example_dags/example_bash_operator.py
[2022-03-14 00:10:45,504] {logging_mixin.py:109} INFO - [2022-03-14 00:10:45,504] {dag.py:2398} INFO - Sync 1 DAGs
[2022-03-14 00:10:45,517] {logging_mixin.py:109} INFO - [2022-03-14 00:10:45,516] {dag.py:2937} INFO - Setting next_dagrun for example_bash_operator to 2022-03-13 00:00:00+00:00
[2022-03-14 00:10:45,529] {processor.py:171} INFO - Processing /home/airflow/.local/lib/python3.7/site-packages/airflow/example_dags/example_bash_operator.py took 0.061 seconds
[2022-03-14 00:11:16,247] {processor.py:163} INFO - Started process (PID=5350) to work on /home/airflow/.local/lib/python3.7/site-packages/airflow/example_dags/example_bash_operator.py
[2022-03-14 00:11:16,248] {processor.py:642} INFO - Processing file /home/airflow/.local/lib/python3.7/site-packages/airflow/example_dags/example_bash_operator.py for tasks to queue
[2022-03-14 00:11:16,248] {logging_mixin.py:109} INFO - [2022-03-14 00:11:16,248] {dagbag.py:500} INFO - Filling up the DagBag from /home/airflow/.local/lib/python3.7/site-packages/airflow/example_dags/example_bash_operator.py
[2022-03-14 00:11:16,272] {processor.py:654} INFO - DAG(s) dict_keys(['example_bash_operator']) retrieved from /home/airflow/.local/lib/python3.7/site-packages/airflow/example_dags/example_bash_operator.py
[2022-03-14 00:11:16,280] {logging_mixin.py:109} INFO - [2022-03-14 00:11:16,280] {dag.py:2398} INFO - Sync 1 DAGs
[2022-03-14 00:11:16,294] {logging_mixin.py:109} INFO - [2022-03-14 00:11:16,294] {dag.py:2937} INFO - Setting next_dagrun for example_bash_operator to 2022-03-13 00:00:00+00:00
[2022-03-14 00:11:16,302] {processor.py:171} INFO - Processing /home/airflow/.local/lib/python3.7/site-packages/airflow/example_dags/example_bash_operator.py took 0.057 seconds
[2022-03-14 00:11:47,046] {processor.py:163} INFO - Started process (PID=5411) to work on /home/airflow/.local/lib/python3.7/site-packages/airflow/example_dags/example_bash_operator.py
[2022-03-14 00:11:47,046] {processor.py:642} INFO - Processing file /home/airflow/.local/lib/python3.7/site-packages/airflow/example_dags/example_bash_operator.py for tasks to queue
[2022-03-14 00:11:47,047] {logging_mixin.py:109} INFO - [2022-03-14 00:11:47,047] {dagbag.py:500} INFO - Filling up the DagBag from /home/airflow/.local/lib/python3.7/site-packages/airflow/example_dags/example_bash_operator.py
[2022-03-14 00:11:47,071] {processor.py:654} INFO - DAG(s) dict_keys(['example_bash_operator']) retrieved from /home/airflow/.local/lib/python3.7/site-packages/airflow/example_dags/example_bash_operator.py
[2022-03-14 00:11:47,079] {logging_mixin.py:109} INFO - [2022-03-14 00:11:47,079] {dag.py:2398} INFO - Sync 1 DAGs
[2022-03-14 00:11:47,092] {logging_mixin.py:109} INFO - [2022-03-14 00:11:47,092] {dag.py:2937} INFO - Setting next_dagrun for example_bash_operator to 2022-03-13 00:00:00+00:00
[2022-03-14 00:11:47,106] {processor.py:171} INFO - Processing /home/airflow/.local/lib/python3.7/site-packages/airflow/example_dags/example_bash_operator.py took 0.062 seconds
[2022-03-14 00:12:18,001] {processor.py:163} INFO - Started process (PID=5463) to work on /home/airflow/.local/lib/python3.7/site-packages/airflow/example_dags/example_bash_operator.py
[2022-03-14 00:12:18,003] {processor.py:642} INFO - Processing file /home/airflow/.local/lib/python3.7/site-packages/airflow/example_dags/example_bash_operator.py for tasks to queue
[2022-03-14 00:12:18,003] {logging_mixin.py:109} INFO - [2022-03-14 00:12:18,003] {dagbag.py:500} INFO - Filling up the DagBag from /home/airflow/.local/lib/python3.7/site-packages/airflow/example_dags/example_bash_operator.py
[2022-03-14 00:12:18,027] {processor.py:654} INFO - DAG(s) dict_keys(['example_bash_operator']) retrieved from /home/airflow/.local/lib/python3.7/site-packages/airflow/example_dags/example_bash_operator.py
[2022-03-14 00:12:18,035] {logging_mixin.py:109} INFO - [2022-03-14 00:12:18,035] {dag.py:2398} INFO - Sync 1 DAGs
[2022-03-14 00:12:18,048] {logging_mixin.py:109} INFO - [2022-03-14 00:12:18,048] {dag.py:2937} INFO - Setting next_dagrun for example_bash_operator to 2022-03-13 00:00:00+00:00
[2022-03-14 00:12:18,061] {processor.py:171} INFO - Processing /home/airflow/.local/lib/python3.7/site-packages/airflow/example_dags/example_bash_operator.py took 0.063 seconds
[2022-03-14 00:12:48,784] {processor.py:163} INFO - Started process (PID=5524) to work on /home/airflow/.local/lib/python3.7/site-packages/airflow/example_dags/example_bash_operator.py
[2022-03-14 00:12:48,784] {processor.py:642} INFO - Processing file /home/airflow/.local/lib/python3.7/site-packages/airflow/example_dags/example_bash_operator.py for tasks to queue
[2022-03-14 00:12:48,785] {logging_mixin.py:109} INFO - [2022-03-14 00:12:48,785] {dagbag.py:500} INFO - Filling up the DagBag from /home/airflow/.local/lib/python3.7/site-packages/airflow/example_dags/example_bash_operator.py
[2022-03-14 00:12:48,809] {processor.py:654} INFO - DAG(s) dict_keys(['example_bash_operator']) retrieved from /home/airflow/.local/lib/python3.7/site-packages/airflow/example_dags/example_bash_operator.py
[2022-03-14 00:12:48,817] {logging_mixin.py:109} INFO - [2022-03-14 00:12:48,817] {dag.py:2398} INFO - Sync 1 DAGs
[2022-03-14 00:12:48,831] {logging_mixin.py:109} INFO - [2022-03-14 00:12:48,830] {dag.py:2937} INFO - Setting next_dagrun for example_bash_operator to 2022-03-13 00:00:00+00:00
[2022-03-14 00:12:48,845] {processor.py:171} INFO - Processing /home/airflow/.local/lib/python3.7/site-packages/airflow/example_dags/example_bash_operator.py took 0.064 seconds
[2022-03-14 00:13:19,679] {processor.py:163} INFO - Started process (PID=5577) to work on /home/airflow/.local/lib/python3.7/site-packages/airflow/example_dags/example_bash_operator.py
[2022-03-14 00:13:19,679] {processor.py:642} INFO - Processing file /home/airflow/.local/lib/python3.7/site-packages/airflow/example_dags/example_bash_operator.py for tasks to queue
[2022-03-14 00:13:19,680] {logging_mixin.py:109} INFO - [2022-03-14 00:13:19,679] {dagbag.py:500} INFO - Filling up the DagBag from /home/airflow/.local/lib/python3.7/site-packages/airflow/example_dags/example_bash_operator.py
[2022-03-14 00:13:19,703] {processor.py:654} INFO - DAG(s) dict_keys(['example_bash_operator']) retrieved from /home/airflow/.local/lib/python3.7/site-packages/airflow/example_dags/example_bash_operator.py
[2022-03-14 00:13:19,714] {logging_mixin.py:109} INFO - [2022-03-14 00:13:19,714] {dag.py:2398} INFO - Sync 1 DAGs
[2022-03-14 00:13:19,732] {logging_mixin.py:109} INFO - [2022-03-14 00:13:19,731] {dag.py:2937} INFO - Setting next_dagrun for example_bash_operator to 2022-03-13 00:00:00+00:00
[2022-03-14 00:13:19,746] {processor.py:171} INFO - Processing /home/airflow/.local/lib/python3.7/site-packages/airflow/example_dags/example_bash_operator.py took 0.069 seconds
[2022-03-14 00:13:50,555] {processor.py:163} INFO - Started process (PID=5639) to work on /home/airflow/.local/lib/python3.7/site-packages/airflow/example_dags/example_bash_operator.py
[2022-03-14 00:13:50,555] {processor.py:642} INFO - Processing file /home/airflow/.local/lib/python3.7/site-packages/airflow/example_dags/example_bash_operator.py for tasks to queue
[2022-03-14 00:13:50,556] {logging_mixin.py:109} INFO - [2022-03-14 00:13:50,556] {dagbag.py:500} INFO - Filling up the DagBag from /home/airflow/.local/lib/python3.7/site-packages/airflow/example_dags/example_bash_operator.py
[2022-03-14 00:13:50,581] {processor.py:654} INFO - DAG(s) dict_keys(['example_bash_operator']) retrieved from /home/airflow/.local/lib/python3.7/site-packages/airflow/example_dags/example_bash_operator.py
[2022-03-14 00:13:50,589] {logging_mixin.py:109} INFO - [2022-03-14 00:13:50,589] {dag.py:2398} INFO - Sync 1 DAGs
[2022-03-14 00:13:50,603] {logging_mixin.py:109} INFO - [2022-03-14 00:13:50,603] {dag.py:2937} INFO - Setting next_dagrun for example_bash_operator to 2022-03-13 00:00:00+00:00
[2022-03-14 00:13:50,617] {processor.py:171} INFO - Processing /home/airflow/.local/lib/python3.7/site-packages/airflow/example_dags/example_bash_operator.py took 0.065 seconds
[2022-03-14 00:14:21,727] {processor.py:163} INFO - Started process (PID=5692) to work on /home/airflow/.local/lib/python3.7/site-packages/airflow/example_dags/example_bash_operator.py
[2022-03-14 00:14:21,728] {processor.py:642} INFO - Processing file /home/airflow/.local/lib/python3.7/site-packages/airflow/example_dags/example_bash_operator.py for tasks to queue
[2022-03-14 00:14:21,728] {logging_mixin.py:109} INFO - [2022-03-14 00:14:21,728] {dagbag.py:500} INFO - Filling up the DagBag from /home/airflow/.local/lib/python3.7/site-packages/airflow/example_dags/example_bash_operator.py
[2022-03-14 00:14:21,754] {processor.py:654} INFO - DAG(s) dict_keys(['example_bash_operator']) retrieved from /home/airflow/.local/lib/python3.7/site-packages/airflow/example_dags/example_bash_operator.py
[2022-03-14 00:14:21,763] {logging_mixin.py:109} INFO - [2022-03-14 00:14:21,763] {dag.py:2398} INFO - Sync 1 DAGs
[2022-03-14 00:14:21,776] {logging_mixin.py:109} INFO - [2022-03-14 00:14:21,776] {dag.py:2937} INFO - Setting next_dagrun for example_bash_operator to 2022-03-13 00:00:00+00:00
[2022-03-14 00:14:21,790] {processor.py:171} INFO - Processing /home/airflow/.local/lib/python3.7/site-packages/airflow/example_dags/example_bash_operator.py took 0.066 seconds
[2022-03-14 00:14:52,877] {processor.py:163} INFO - Started process (PID=5753) to work on /home/airflow/.local/lib/python3.7/site-packages/airflow/example_dags/example_bash_operator.py
[2022-03-14 00:14:52,877] {processor.py:642} INFO - Processing file /home/airflow/.local/lib/python3.7/site-packages/airflow/example_dags/example_bash_operator.py for tasks to queue
[2022-03-14 00:14:52,878] {logging_mixin.py:109} INFO - [2022-03-14 00:14:52,878] {dagbag.py:500} INFO - Filling up the DagBag from /home/airflow/.local/lib/python3.7/site-packages/airflow/example_dags/example_bash_operator.py
[2022-03-14 00:14:52,903] {processor.py:654} INFO - DAG(s) dict_keys(['example_bash_operator']) retrieved from /home/airflow/.local/lib/python3.7/site-packages/airflow/example_dags/example_bash_operator.py
[2022-03-14 00:14:52,911] {logging_mixin.py:109} INFO - [2022-03-14 00:14:52,911] {dag.py:2398} INFO - Sync 1 DAGs
[2022-03-14 00:14:52,925] {logging_mixin.py:109} INFO - [2022-03-14 00:14:52,925] {dag.py:2937} INFO - Setting next_dagrun for example_bash_operator to 2022-03-13 00:00:00+00:00
[2022-03-14 00:14:52,940] {processor.py:171} INFO - Processing /home/airflow/.local/lib/python3.7/site-packages/airflow/example_dags/example_bash_operator.py took 0.065 seconds
[2022-03-14 00:15:24,006] {processor.py:163} INFO - Started process (PID=5805) to work on /home/airflow/.local/lib/python3.7/site-packages/airflow/example_dags/example_bash_operator.py
[2022-03-14 00:15:24,007] {processor.py:642} INFO - Processing file /home/airflow/.local/lib/python3.7/site-packages/airflow/example_dags/example_bash_operator.py for tasks to queue
[2022-03-14 00:15:24,008] {logging_mixin.py:109} INFO - [2022-03-14 00:15:24,007] {dagbag.py:500} INFO - Filling up the DagBag from /home/airflow/.local/lib/python3.7/site-packages/airflow/example_dags/example_bash_operator.py
[2022-03-14 00:15:24,032] {processor.py:654} INFO - DAG(s) dict_keys(['example_bash_operator']) retrieved from /home/airflow/.local/lib/python3.7/site-packages/airflow/example_dags/example_bash_operator.py
[2022-03-14 00:15:24,040] {logging_mixin.py:109} INFO - [2022-03-14 00:15:24,040] {dag.py:2398} INFO - Sync 1 DAGs
[2022-03-14 00:15:24,054] {logging_mixin.py:109} INFO - [2022-03-14 00:15:24,054] {dag.py:2937} INFO - Setting next_dagrun for example_bash_operator to 2022-03-13 00:00:00+00:00
[2022-03-14 00:15:24,062] {processor.py:171} INFO - Processing /home/airflow/.local/lib/python3.7/site-packages/airflow/example_dags/example_bash_operator.py took 0.057 seconds
[2022-03-14 00:15:55,157] {processor.py:163} INFO - Started process (PID=5866) to work on /home/airflow/.local/lib/python3.7/site-packages/airflow/example_dags/example_bash_operator.py
[2022-03-14 00:15:55,158] {processor.py:642} INFO - Processing file /home/airflow/.local/lib/python3.7/site-packages/airflow/example_dags/example_bash_operator.py for tasks to queue
[2022-03-14 00:15:55,158] {logging_mixin.py:109} INFO - [2022-03-14 00:15:55,158] {dagbag.py:500} INFO - Filling up the DagBag from /home/airflow/.local/lib/python3.7/site-packages/airflow/example_dags/example_bash_operator.py
[2022-03-14 00:15:55,184] {processor.py:654} INFO - DAG(s) dict_keys(['example_bash_operator']) retrieved from /home/airflow/.local/lib/python3.7/site-packages/airflow/example_dags/example_bash_operator.py
[2022-03-14 00:15:55,192] {logging_mixin.py:109} INFO - [2022-03-14 00:15:55,192] {dag.py:2398} INFO - Sync 1 DAGs
[2022-03-14 00:15:55,206] {logging_mixin.py:109} INFO - [2022-03-14 00:15:55,206] {dag.py:2937} INFO - Setting next_dagrun for example_bash_operator to 2022-03-13 00:00:00+00:00
[2022-03-14 00:15:55,221] {processor.py:171} INFO - Processing /home/airflow/.local/lib/python3.7/site-packages/airflow/example_dags/example_bash_operator.py took 0.067 seconds
[2022-03-14 00:16:25,758] {processor.py:163} INFO - Started process (PID=5918) to work on /home/airflow/.local/lib/python3.7/site-packages/airflow/example_dags/example_bash_operator.py
[2022-03-14 00:16:25,759] {processor.py:642} INFO - Processing file /home/airflow/.local/lib/python3.7/site-packages/airflow/example_dags/example_bash_operator.py for tasks to queue
[2022-03-14 00:16:25,759] {logging_mixin.py:109} INFO - [2022-03-14 00:16:25,759] {dagbag.py:500} INFO - Filling up the DagBag from /home/airflow/.local/lib/python3.7/site-packages/airflow/example_dags/example_bash_operator.py
[2022-03-14 00:16:25,784] {processor.py:654} INFO - DAG(s) dict_keys(['example_bash_operator']) retrieved from /home/airflow/.local/lib/python3.7/site-packages/airflow/example_dags/example_bash_operator.py
[2022-03-14 00:16:25,793] {logging_mixin.py:109} INFO - [2022-03-14 00:16:25,793] {dag.py:2398} INFO - Sync 1 DAGs
[2022-03-14 00:16:25,806] {logging_mixin.py:109} INFO - [2022-03-14 00:16:25,806] {dag.py:2937} INFO - Setting next_dagrun for example_bash_operator to 2022-03-13 00:00:00+00:00
[2022-03-14 00:16:25,814] {processor.py:171} INFO - Processing /home/airflow/.local/lib/python3.7/site-packages/airflow/example_dags/example_bash_operator.py took 0.059 seconds
[2022-03-14 00:16:56,337] {processor.py:163} INFO - Started process (PID=5971) to work on /home/airflow/.local/lib/python3.7/site-packages/airflow/example_dags/example_bash_operator.py
[2022-03-14 00:16:56,337] {processor.py:642} INFO - Processing file /home/airflow/.local/lib/python3.7/site-packages/airflow/example_dags/example_bash_operator.py for tasks to queue
[2022-03-14 00:16:56,338] {logging_mixin.py:109} INFO - [2022-03-14 00:16:56,338] {dagbag.py:500} INFO - Filling up the DagBag from /home/airflow/.local/lib/python3.7/site-packages/airflow/example_dags/example_bash_operator.py
[2022-03-14 00:16:56,363] {processor.py:654} INFO - DAG(s) dict_keys(['example_bash_operator']) retrieved from /home/airflow/.local/lib/python3.7/site-packages/airflow/example_dags/example_bash_operator.py
[2022-03-14 00:16:56,370] {logging_mixin.py:109} INFO - [2022-03-14 00:16:56,370] {dag.py:2398} INFO - Sync 1 DAGs
[2022-03-14 00:16:56,383] {logging_mixin.py:109} INFO - [2022-03-14 00:16:56,383] {dag.py:2937} INFO - Setting next_dagrun for example_bash_operator to 2022-03-13 00:00:00+00:00
[2022-03-14 00:16:56,391] {processor.py:171} INFO - Processing /home/airflow/.local/lib/python3.7/site-packages/airflow/example_dags/example_bash_operator.py took 0.056 seconds
[2022-03-14 00:17:27,261] {processor.py:163} INFO - Started process (PID=6032) to work on /home/airflow/.local/lib/python3.7/site-packages/airflow/example_dags/example_bash_operator.py
[2022-03-14 00:17:27,262] {processor.py:642} INFO - Processing file /home/airflow/.local/lib/python3.7/site-packages/airflow/example_dags/example_bash_operator.py for tasks to queue
[2022-03-14 00:17:27,263] {logging_mixin.py:109} INFO - [2022-03-14 00:17:27,263] {dagbag.py:500} INFO - Filling up the DagBag from /home/airflow/.local/lib/python3.7/site-packages/airflow/example_dags/example_bash_operator.py
[2022-03-14 00:17:27,288] {processor.py:654} INFO - DAG(s) dict_keys(['example_bash_operator']) retrieved from /home/airflow/.local/lib/python3.7/site-packages/airflow/example_dags/example_bash_operator.py
[2022-03-14 00:17:27,296] {logging_mixin.py:109} INFO - [2022-03-14 00:17:27,296] {dag.py:2398} INFO - Sync 1 DAGs
[2022-03-14 00:17:27,310] {logging_mixin.py:109} INFO - [2022-03-14 00:17:27,310] {dag.py:2937} INFO - Setting next_dagrun for example_bash_operator to 2022-03-13 00:00:00+00:00
[2022-03-14 00:17:27,318] {processor.py:171} INFO - Processing /home/airflow/.local/lib/python3.7/site-packages/airflow/example_dags/example_bash_operator.py took 0.059 seconds
[2022-03-14 00:17:58,057] {processor.py:163} INFO - Started process (PID=6084) to work on /home/airflow/.local/lib/python3.7/site-packages/airflow/example_dags/example_bash_operator.py
[2022-03-14 00:17:58,058] {processor.py:642} INFO - Processing file /home/airflow/.local/lib/python3.7/site-packages/airflow/example_dags/example_bash_operator.py for tasks to queue
[2022-03-14 00:17:58,058] {logging_mixin.py:109} INFO - [2022-03-14 00:17:58,058] {dagbag.py:500} INFO - Filling up the DagBag from /home/airflow/.local/lib/python3.7/site-packages/airflow/example_dags/example_bash_operator.py
[2022-03-14 00:17:58,083] {processor.py:654} INFO - DAG(s) dict_keys(['example_bash_operator']) retrieved from /home/airflow/.local/lib/python3.7/site-packages/airflow/example_dags/example_bash_operator.py
[2022-03-14 00:17:58,091] {logging_mixin.py:109} INFO - [2022-03-14 00:17:58,091] {dag.py:2398} INFO - Sync 1 DAGs
[2022-03-14 00:17:58,106] {logging_mixin.py:109} INFO - [2022-03-14 00:17:58,105] {dag.py:2937} INFO - Setting next_dagrun for example_bash_operator to 2022-03-13 00:00:00+00:00
[2022-03-14 00:17:58,114] {processor.py:171} INFO - Processing /home/airflow/.local/lib/python3.7/site-packages/airflow/example_dags/example_bash_operator.py took 0.059 seconds
[2022-03-14 00:18:28,906] {processor.py:163} INFO - Started process (PID=6145) to work on /home/airflow/.local/lib/python3.7/site-packages/airflow/example_dags/example_bash_operator.py
[2022-03-14 00:18:28,907] {processor.py:642} INFO - Processing file /home/airflow/.local/lib/python3.7/site-packages/airflow/example_dags/example_bash_operator.py for tasks to queue
[2022-03-14 00:18:28,907] {logging_mixin.py:109} INFO - [2022-03-14 00:18:28,907] {dagbag.py:500} INFO - Filling up the DagBag from /home/airflow/.local/lib/python3.7/site-packages/airflow/example_dags/example_bash_operator.py
[2022-03-14 00:18:28,932] {processor.py:654} INFO - DAG(s) dict_keys(['example_bash_operator']) retrieved from /home/airflow/.local/lib/python3.7/site-packages/airflow/example_dags/example_bash_operator.py
[2022-03-14 00:18:28,939] {logging_mixin.py:109} INFO - [2022-03-14 00:18:28,939] {dag.py:2398} INFO - Sync 1 DAGs
[2022-03-14 00:18:28,953] {logging_mixin.py:109} INFO - [2022-03-14 00:18:28,953] {dag.py:2937} INFO - Setting next_dagrun for example_bash_operator to 2022-03-13 00:00:00+00:00
[2022-03-14 00:18:28,961] {processor.py:171} INFO - Processing /home/airflow/.local/lib/python3.7/site-packages/airflow/example_dags/example_bash_operator.py took 0.057 seconds
[2022-03-14 00:18:59,803] {processor.py:163} INFO - Started process (PID=6198) to work on /home/airflow/.local/lib/python3.7/site-packages/airflow/example_dags/example_bash_operator.py
[2022-03-14 00:18:59,803] {processor.py:642} INFO - Processing file /home/airflow/.local/lib/python3.7/site-packages/airflow/example_dags/example_bash_operator.py for tasks to queue
[2022-03-14 00:18:59,804] {logging_mixin.py:109} INFO - [2022-03-14 00:18:59,804] {dagbag.py:500} INFO - Filling up the DagBag from /home/airflow/.local/lib/python3.7/site-packages/airflow/example_dags/example_bash_operator.py
[2022-03-14 00:18:59,828] {processor.py:654} INFO - DAG(s) dict_keys(['example_bash_operator']) retrieved from /home/airflow/.local/lib/python3.7/site-packages/airflow/example_dags/example_bash_operator.py
[2022-03-14 00:18:59,836] {logging_mixin.py:109} INFO - [2022-03-14 00:18:59,836] {dag.py:2398} INFO - Sync 1 DAGs
[2022-03-14 00:18:59,850] {logging_mixin.py:109} INFO - [2022-03-14 00:18:59,850] {dag.py:2937} INFO - Setting next_dagrun for example_bash_operator to 2022-03-13 00:00:00+00:00
[2022-03-14 00:18:59,864] {processor.py:171} INFO - Processing /home/airflow/.local/lib/python3.7/site-packages/airflow/example_dags/example_bash_operator.py took 0.063 seconds
[2022-03-14 00:19:30,717] {processor.py:163} INFO - Started process (PID=6259) to work on /home/airflow/.local/lib/python3.7/site-packages/airflow/example_dags/example_bash_operator.py
[2022-03-14 00:19:30,719] {processor.py:642} INFO - Processing file /home/airflow/.local/lib/python3.7/site-packages/airflow/example_dags/example_bash_operator.py for tasks to queue
[2022-03-14 00:19:30,720] {logging_mixin.py:109} INFO - [2022-03-14 00:19:30,720] {dagbag.py:500} INFO - Filling up the DagBag from /home/airflow/.local/lib/python3.7/site-packages/airflow/example_dags/example_bash_operator.py
[2022-03-14 00:19:30,745] {processor.py:654} INFO - DAG(s) dict_keys(['example_bash_operator']) retrieved from /home/airflow/.local/lib/python3.7/site-packages/airflow/example_dags/example_bash_operator.py
[2022-03-14 00:19:30,753] {logging_mixin.py:109} INFO - [2022-03-14 00:19:30,753] {dag.py:2398} INFO - Sync 1 DAGs
[2022-03-14 00:19:30,766] {logging_mixin.py:109} INFO - [2022-03-14 00:19:30,766] {dag.py:2937} INFO - Setting next_dagrun for example_bash_operator to 2022-03-13 00:00:00+00:00
[2022-03-14 00:19:30,780] {processor.py:171} INFO - Processing /home/airflow/.local/lib/python3.7/site-packages/airflow/example_dags/example_bash_operator.py took 0.065 seconds
[2022-03-14 00:20:01,629] {processor.py:163} INFO - Started process (PID=6312) to work on /home/airflow/.local/lib/python3.7/site-packages/airflow/example_dags/example_bash_operator.py
[2022-03-14 00:20:01,630] {processor.py:642} INFO - Processing file /home/airflow/.local/lib/python3.7/site-packages/airflow/example_dags/example_bash_operator.py for tasks to queue
[2022-03-14 00:20:01,630] {logging_mixin.py:109} INFO - [2022-03-14 00:20:01,630] {dagbag.py:500} INFO - Filling up the DagBag from /home/airflow/.local/lib/python3.7/site-packages/airflow/example_dags/example_bash_operator.py
[2022-03-14 00:20:01,654] {processor.py:654} INFO - DAG(s) dict_keys(['example_bash_operator']) retrieved from /home/airflow/.local/lib/python3.7/site-packages/airflow/example_dags/example_bash_operator.py
[2022-03-14 00:20:01,662] {logging_mixin.py:109} INFO - [2022-03-14 00:20:01,662] {dag.py:2398} INFO - Sync 1 DAGs
[2022-03-14 00:20:01,677] {logging_mixin.py:109} INFO - [2022-03-14 00:20:01,677] {dag.py:2937} INFO - Setting next_dagrun for example_bash_operator to 2022-03-13 00:00:00+00:00
[2022-03-14 00:20:01,689] {processor.py:171} INFO - Processing /home/airflow/.local/lib/python3.7/site-packages/airflow/example_dags/example_bash_operator.py took 0.062 seconds
[2022-03-14 00:20:32,325] {processor.py:163} INFO - Started process (PID=6373) to work on /home/airflow/.local/lib/python3.7/site-packages/airflow/example_dags/example_bash_operator.py
[2022-03-14 00:20:32,326] {processor.py:642} INFO - Processing file /home/airflow/.local/lib/python3.7/site-packages/airflow/example_dags/example_bash_operator.py for tasks to queue
[2022-03-14 00:20:32,327] {logging_mixin.py:109} INFO - [2022-03-14 00:20:32,327] {dagbag.py:500} INFO - Filling up the DagBag from /home/airflow/.local/lib/python3.7/site-packages/airflow/example_dags/example_bash_operator.py
[2022-03-14 00:20:32,351] {processor.py:654} INFO - DAG(s) dict_keys(['example_bash_operator']) retrieved from /home/airflow/.local/lib/python3.7/site-packages/airflow/example_dags/example_bash_operator.py
[2022-03-14 00:20:32,359] {logging_mixin.py:109} INFO - [2022-03-14 00:20:32,359] {dag.py:2398} INFO - Sync 1 DAGs
[2022-03-14 00:20:32,373] {logging_mixin.py:109} INFO - [2022-03-14 00:20:32,373] {dag.py:2937} INFO - Setting next_dagrun for example_bash_operator to 2022-03-13 00:00:00+00:00
[2022-03-14 00:20:32,382] {processor.py:171} INFO - Processing /home/airflow/.local/lib/python3.7/site-packages/airflow/example_dags/example_bash_operator.py took 0.059 seconds
[2022-03-14 00:21:03,166] {processor.py:163} INFO - Started process (PID=6425) to work on /home/airflow/.local/lib/python3.7/site-packages/airflow/example_dags/example_bash_operator.py
[2022-03-14 00:21:03,167] {processor.py:642} INFO - Processing file /home/airflow/.local/lib/python3.7/site-packages/airflow/example_dags/example_bash_operator.py for tasks to queue
[2022-03-14 00:21:03,167] {logging_mixin.py:109} INFO - [2022-03-14 00:21:03,167] {dagbag.py:500} INFO - Filling up the DagBag from /home/airflow/.local/lib/python3.7/site-packages/airflow/example_dags/example_bash_operator.py
[2022-03-14 00:21:03,191] {processor.py:654} INFO - DAG(s) dict_keys(['example_bash_operator']) retrieved from /home/airflow/.local/lib/python3.7/site-packages/airflow/example_dags/example_bash_operator.py
[2022-03-14 00:21:03,199] {logging_mixin.py:109} INFO - [2022-03-14 00:21:03,199] {dag.py:2398} INFO - Sync 1 DAGs
[2022-03-14 00:21:03,213] {logging_mixin.py:109} INFO - [2022-03-14 00:21:03,213] {dag.py:2937} INFO - Setting next_dagrun for example_bash_operator to 2022-03-13 00:00:00+00:00
[2022-03-14 00:21:03,227] {processor.py:171} INFO - Processing /home/airflow/.local/lib/python3.7/site-packages/airflow/example_dags/example_bash_operator.py took 0.063 seconds
[2022-03-14 00:21:34,017] {processor.py:163} INFO - Started process (PID=6487) to work on /home/airflow/.local/lib/python3.7/site-packages/airflow/example_dags/example_bash_operator.py
[2022-03-14 00:21:34,018] {processor.py:642} INFO - Processing file /home/airflow/.local/lib/python3.7/site-packages/airflow/example_dags/example_bash_operator.py for tasks to queue
[2022-03-14 00:21:34,018] {logging_mixin.py:109} INFO - [2022-03-14 00:21:34,018] {dagbag.py:500} INFO - Filling up the DagBag from /home/airflow/.local/lib/python3.7/site-packages/airflow/example_dags/example_bash_operator.py
[2022-03-14 00:21:34,044] {processor.py:654} INFO - DAG(s) dict_keys(['example_bash_operator']) retrieved from /home/airflow/.local/lib/python3.7/site-packages/airflow/example_dags/example_bash_operator.py
[2022-03-14 00:21:34,057] {logging_mixin.py:109} INFO - [2022-03-14 00:21:34,057] {dag.py:2398} INFO - Sync 1 DAGs
[2022-03-14 00:21:34,077] {logging_mixin.py:109} INFO - [2022-03-14 00:21:34,077] {dag.py:2937} INFO - Setting next_dagrun for example_bash_operator to 2022-03-13 00:00:00+00:00
[2022-03-14 00:21:34,088] {processor.py:171} INFO - Processing /home/airflow/.local/lib/python3.7/site-packages/airflow/example_dags/example_bash_operator.py took 0.073 seconds
[2022-03-14 00:22:05,083] {processor.py:163} INFO - Started process (PID=6540) to work on /home/airflow/.local/lib/python3.7/site-packages/airflow/example_dags/example_bash_operator.py
[2022-03-14 00:22:05,084] {processor.py:642} INFO - Processing file /home/airflow/.local/lib/python3.7/site-packages/airflow/example_dags/example_bash_operator.py for tasks to queue
[2022-03-14 00:22:05,084] {logging_mixin.py:109} INFO - [2022-03-14 00:22:05,084] {dagbag.py:500} INFO - Filling up the DagBag from /home/airflow/.local/lib/python3.7/site-packages/airflow/example_dags/example_bash_operator.py
[2022-03-14 00:22:05,108] {processor.py:654} INFO - DAG(s) dict_keys(['example_bash_operator']) retrieved from /home/airflow/.local/lib/python3.7/site-packages/airflow/example_dags/example_bash_operator.py
[2022-03-14 00:22:05,116] {logging_mixin.py:109} INFO - [2022-03-14 00:22:05,116] {dag.py:2398} INFO - Sync 1 DAGs
[2022-03-14 00:22:05,129] {logging_mixin.py:109} INFO - [2022-03-14 00:22:05,129] {dag.py:2937} INFO - Setting next_dagrun for example_bash_operator to 2022-03-13 00:00:00+00:00
[2022-03-14 00:22:05,144] {processor.py:171} INFO - Processing /home/airflow/.local/lib/python3.7/site-packages/airflow/example_dags/example_bash_operator.py took 0.063 seconds
[2022-03-14 00:22:36,121] {processor.py:163} INFO - Started process (PID=6603) to work on /home/airflow/.local/lib/python3.7/site-packages/airflow/example_dags/example_bash_operator.py
[2022-03-14 00:22:36,122] {processor.py:642} INFO - Processing file /home/airflow/.local/lib/python3.7/site-packages/airflow/example_dags/example_bash_operator.py for tasks to queue
[2022-03-14 00:22:36,123] {logging_mixin.py:109} INFO - [2022-03-14 00:22:36,123] {dagbag.py:500} INFO - Filling up the DagBag from /home/airflow/.local/lib/python3.7/site-packages/airflow/example_dags/example_bash_operator.py
[2022-03-14 00:22:36,159] {processor.py:654} INFO - DAG(s) dict_keys(['example_bash_operator']) retrieved from /home/airflow/.local/lib/python3.7/site-packages/airflow/example_dags/example_bash_operator.py
[2022-03-14 00:22:36,169] {logging_mixin.py:109} INFO - [2022-03-14 00:22:36,169] {dag.py:2398} INFO - Sync 1 DAGs
[2022-03-14 00:22:36,185] {logging_mixin.py:109} INFO - [2022-03-14 00:22:36,185] {dag.py:2937} INFO - Setting next_dagrun for example_bash_operator to 2022-03-13 00:00:00+00:00
[2022-03-14 00:22:36,199] {processor.py:171} INFO - Processing /home/airflow/.local/lib/python3.7/site-packages/airflow/example_dags/example_bash_operator.py took 0.080 seconds
