[2022-03-14 00:00:26,619] {processor.py:163} INFO - Started process (PID=4151) to work on /home/airflow/.local/lib/python3.7/site-packages/airflow/example_dags/example_short_circuit_operator.py
[2022-03-14 00:00:26,620] {processor.py:642} INFO - Processing file /home/airflow/.local/lib/python3.7/site-packages/airflow/example_dags/example_short_circuit_operator.py for tasks to queue
[2022-03-14 00:00:26,620] {logging_mixin.py:109} INFO - [2022-03-14 00:00:26,620] {dagbag.py:500} INFO - Filling up the DagBag from /home/airflow/.local/lib/python3.7/site-packages/airflow/example_dags/example_short_circuit_operator.py
[2022-03-14 00:00:26,646] {processor.py:654} INFO - DAG(s) dict_keys(['example_short_circuit_operator']) retrieved from /home/airflow/.local/lib/python3.7/site-packages/airflow/example_dags/example_short_circuit_operator.py
[2022-03-14 00:00:26,655] {logging_mixin.py:109} INFO - [2022-03-14 00:00:26,655] {dag.py:2398} INFO - Sync 1 DAGs
[2022-03-14 00:00:26,667] {logging_mixin.py:109} INFO - [2022-03-14 00:00:26,667] {dag.py:2937} INFO - Setting next_dagrun for example_short_circuit_operator to 2022-03-13T00:00:26.667694+00:00
[2022-03-14 00:00:26,682] {processor.py:171} INFO - Processing /home/airflow/.local/lib/python3.7/site-packages/airflow/example_dags/example_short_circuit_operator.py took 0.066 seconds
[2022-03-14 00:00:56,775] {processor.py:163} INFO - Started process (PID=4212) to work on /home/airflow/.local/lib/python3.7/site-packages/airflow/example_dags/example_short_circuit_operator.py
[2022-03-14 00:00:56,776] {processor.py:642} INFO - Processing file /home/airflow/.local/lib/python3.7/site-packages/airflow/example_dags/example_short_circuit_operator.py for tasks to queue
[2022-03-14 00:00:56,776] {logging_mixin.py:109} INFO - [2022-03-14 00:00:56,776] {dagbag.py:500} INFO - Filling up the DagBag from /home/airflow/.local/lib/python3.7/site-packages/airflow/example_dags/example_short_circuit_operator.py
[2022-03-14 00:00:56,800] {processor.py:654} INFO - DAG(s) dict_keys(['example_short_circuit_operator']) retrieved from /home/airflow/.local/lib/python3.7/site-packages/airflow/example_dags/example_short_circuit_operator.py
[2022-03-14 00:00:56,810] {logging_mixin.py:109} INFO - [2022-03-14 00:00:56,809] {dag.py:2398} INFO - Sync 1 DAGs
[2022-03-14 00:00:56,822] {logging_mixin.py:109} INFO - [2022-03-14 00:00:56,822] {dag.py:2937} INFO - Setting next_dagrun for example_short_circuit_operator to 2022-03-13T00:00:56.822000+00:00
[2022-03-14 00:00:56,837] {processor.py:171} INFO - Processing /home/airflow/.local/lib/python3.7/site-packages/airflow/example_dags/example_short_circuit_operator.py took 0.064 seconds
[2022-03-14 00:01:27,550] {processor.py:163} INFO - Started process (PID=4264) to work on /home/airflow/.local/lib/python3.7/site-packages/airflow/example_dags/example_short_circuit_operator.py
[2022-03-14 00:01:27,552] {processor.py:642} INFO - Processing file /home/airflow/.local/lib/python3.7/site-packages/airflow/example_dags/example_short_circuit_operator.py for tasks to queue
[2022-03-14 00:01:27,552] {logging_mixin.py:109} INFO - [2022-03-14 00:01:27,552] {dagbag.py:500} INFO - Filling up the DagBag from /home/airflow/.local/lib/python3.7/site-packages/airflow/example_dags/example_short_circuit_operator.py
[2022-03-14 00:01:27,581] {processor.py:654} INFO - DAG(s) dict_keys(['example_short_circuit_operator']) retrieved from /home/airflow/.local/lib/python3.7/site-packages/airflow/example_dags/example_short_circuit_operator.py
[2022-03-14 00:01:27,589] {logging_mixin.py:109} INFO - [2022-03-14 00:01:27,589] {dag.py:2398} INFO - Sync 1 DAGs
[2022-03-14 00:01:27,601] {logging_mixin.py:109} INFO - [2022-03-14 00:01:27,601] {dag.py:2937} INFO - Setting next_dagrun for example_short_circuit_operator to 2022-03-13T00:01:27.601188+00:00
[2022-03-14 00:01:27,620] {processor.py:171} INFO - Processing /home/airflow/.local/lib/python3.7/site-packages/airflow/example_dags/example_short_circuit_operator.py took 0.073 seconds
[2022-03-14 00:01:58,530] {processor.py:163} INFO - Started process (PID=4325) to work on /home/airflow/.local/lib/python3.7/site-packages/airflow/example_dags/example_short_circuit_operator.py
[2022-03-14 00:01:58,530] {processor.py:642} INFO - Processing file /home/airflow/.local/lib/python3.7/site-packages/airflow/example_dags/example_short_circuit_operator.py for tasks to queue
[2022-03-14 00:01:58,531] {logging_mixin.py:109} INFO - [2022-03-14 00:01:58,531] {dagbag.py:500} INFO - Filling up the DagBag from /home/airflow/.local/lib/python3.7/site-packages/airflow/example_dags/example_short_circuit_operator.py
[2022-03-14 00:01:58,555] {processor.py:654} INFO - DAG(s) dict_keys(['example_short_circuit_operator']) retrieved from /home/airflow/.local/lib/python3.7/site-packages/airflow/example_dags/example_short_circuit_operator.py
[2022-03-14 00:01:58,564] {logging_mixin.py:109} INFO - [2022-03-14 00:01:58,564] {dag.py:2398} INFO - Sync 1 DAGs
[2022-03-14 00:01:58,577] {logging_mixin.py:109} INFO - [2022-03-14 00:01:58,577] {dag.py:2937} INFO - Setting next_dagrun for example_short_circuit_operator to 2022-03-13T00:01:58.576914+00:00
[2022-03-14 00:01:58,590] {processor.py:171} INFO - Processing /home/airflow/.local/lib/python3.7/site-packages/airflow/example_dags/example_short_circuit_operator.py took 0.062 seconds
[2022-03-14 00:02:29,107] {processor.py:163} INFO - Started process (PID=4378) to work on /home/airflow/.local/lib/python3.7/site-packages/airflow/example_dags/example_short_circuit_operator.py
[2022-03-14 00:02:29,108] {processor.py:642} INFO - Processing file /home/airflow/.local/lib/python3.7/site-packages/airflow/example_dags/example_short_circuit_operator.py for tasks to queue
[2022-03-14 00:02:29,109] {logging_mixin.py:109} INFO - [2022-03-14 00:02:29,109] {dagbag.py:500} INFO - Filling up the DagBag from /home/airflow/.local/lib/python3.7/site-packages/airflow/example_dags/example_short_circuit_operator.py
[2022-03-14 00:02:29,136] {processor.py:654} INFO - DAG(s) dict_keys(['example_short_circuit_operator']) retrieved from /home/airflow/.local/lib/python3.7/site-packages/airflow/example_dags/example_short_circuit_operator.py
[2022-03-14 00:02:29,143] {logging_mixin.py:109} INFO - [2022-03-14 00:02:29,143] {dag.py:2398} INFO - Sync 1 DAGs
[2022-03-14 00:02:29,155] {logging_mixin.py:109} INFO - [2022-03-14 00:02:29,155] {dag.py:2937} INFO - Setting next_dagrun for example_short_circuit_operator to 2022-03-13T00:02:29.155023+00:00
[2022-03-14 00:02:29,168] {processor.py:171} INFO - Processing /home/airflow/.local/lib/python3.7/site-packages/airflow/example_dags/example_short_circuit_operator.py took 0.065 seconds
[2022-03-14 00:02:59,635] {processor.py:163} INFO - Started process (PID=4440) to work on /home/airflow/.local/lib/python3.7/site-packages/airflow/example_dags/example_short_circuit_operator.py
[2022-03-14 00:02:59,637] {processor.py:642} INFO - Processing file /home/airflow/.local/lib/python3.7/site-packages/airflow/example_dags/example_short_circuit_operator.py for tasks to queue
[2022-03-14 00:02:59,637] {logging_mixin.py:109} INFO - [2022-03-14 00:02:59,637] {dagbag.py:500} INFO - Filling up the DagBag from /home/airflow/.local/lib/python3.7/site-packages/airflow/example_dags/example_short_circuit_operator.py
[2022-03-14 00:02:59,662] {processor.py:654} INFO - DAG(s) dict_keys(['example_short_circuit_operator']) retrieved from /home/airflow/.local/lib/python3.7/site-packages/airflow/example_dags/example_short_circuit_operator.py
[2022-03-14 00:02:59,673] {logging_mixin.py:109} INFO - [2022-03-14 00:02:59,673] {dag.py:2398} INFO - Sync 1 DAGs
[2022-03-14 00:02:59,692] {logging_mixin.py:109} INFO - [2022-03-14 00:02:59,692] {dag.py:2937} INFO - Setting next_dagrun for example_short_circuit_operator to 2022-03-13T00:02:59.692254+00:00
[2022-03-14 00:02:59,708] {processor.py:171} INFO - Processing /home/airflow/.local/lib/python3.7/site-packages/airflow/example_dags/example_short_circuit_operator.py took 0.074 seconds
[2022-03-14 00:03:29,733] {processor.py:163} INFO - Started process (PID=4492) to work on /home/airflow/.local/lib/python3.7/site-packages/airflow/example_dags/example_short_circuit_operator.py
[2022-03-14 00:03:29,734] {processor.py:642} INFO - Processing file /home/airflow/.local/lib/python3.7/site-packages/airflow/example_dags/example_short_circuit_operator.py for tasks to queue
[2022-03-14 00:03:29,734] {logging_mixin.py:109} INFO - [2022-03-14 00:03:29,734] {dagbag.py:500} INFO - Filling up the DagBag from /home/airflow/.local/lib/python3.7/site-packages/airflow/example_dags/example_short_circuit_operator.py
[2022-03-14 00:03:29,777] {processor.py:654} INFO - DAG(s) dict_keys(['example_short_circuit_operator']) retrieved from /home/airflow/.local/lib/python3.7/site-packages/airflow/example_dags/example_short_circuit_operator.py
[2022-03-14 00:03:29,785] {logging_mixin.py:109} INFO - [2022-03-14 00:03:29,785] {dag.py:2398} INFO - Sync 1 DAGs
[2022-03-14 00:03:29,801] {logging_mixin.py:109} INFO - [2022-03-14 00:03:29,801] {dag.py:2937} INFO - Setting next_dagrun for example_short_circuit_operator to 2022-03-13T00:03:29.801535+00:00
[2022-03-14 00:03:29,810] {processor.py:171} INFO - Processing /home/airflow/.local/lib/python3.7/site-packages/airflow/example_dags/example_short_circuit_operator.py took 0.080 seconds
[2022-03-14 00:04:00,668] {processor.py:163} INFO - Started process (PID=4551) to work on /home/airflow/.local/lib/python3.7/site-packages/airflow/example_dags/example_short_circuit_operator.py
[2022-03-14 00:04:00,670] {processor.py:642} INFO - Processing file /home/airflow/.local/lib/python3.7/site-packages/airflow/example_dags/example_short_circuit_operator.py for tasks to queue
[2022-03-14 00:04:00,671] {logging_mixin.py:109} INFO - [2022-03-14 00:04:00,671] {dagbag.py:500} INFO - Filling up the DagBag from /home/airflow/.local/lib/python3.7/site-packages/airflow/example_dags/example_short_circuit_operator.py
[2022-03-14 00:04:00,699] {processor.py:654} INFO - DAG(s) dict_keys(['example_short_circuit_operator']) retrieved from /home/airflow/.local/lib/python3.7/site-packages/airflow/example_dags/example_short_circuit_operator.py
[2022-03-14 00:04:00,708] {logging_mixin.py:109} INFO - [2022-03-14 00:04:00,708] {dag.py:2398} INFO - Sync 1 DAGs
[2022-03-14 00:04:00,723] {logging_mixin.py:109} INFO - [2022-03-14 00:04:00,723] {dag.py:2937} INFO - Setting next_dagrun for example_short_circuit_operator to 2022-03-13T00:04:00.723370+00:00
[2022-03-14 00:04:00,747] {processor.py:171} INFO - Processing /home/airflow/.local/lib/python3.7/site-packages/airflow/example_dags/example_short_circuit_operator.py took 0.082 seconds
[2022-03-14 00:04:30,796] {processor.py:163} INFO - Started process (PID=4605) to work on /home/airflow/.local/lib/python3.7/site-packages/airflow/example_dags/example_short_circuit_operator.py
[2022-03-14 00:04:30,797] {processor.py:642} INFO - Processing file /home/airflow/.local/lib/python3.7/site-packages/airflow/example_dags/example_short_circuit_operator.py for tasks to queue
[2022-03-14 00:04:30,797] {logging_mixin.py:109} INFO - [2022-03-14 00:04:30,797] {dagbag.py:500} INFO - Filling up the DagBag from /home/airflow/.local/lib/python3.7/site-packages/airflow/example_dags/example_short_circuit_operator.py
[2022-03-14 00:04:30,819] {processor.py:654} INFO - DAG(s) dict_keys(['example_short_circuit_operator']) retrieved from /home/airflow/.local/lib/python3.7/site-packages/airflow/example_dags/example_short_circuit_operator.py
[2022-03-14 00:04:30,826] {logging_mixin.py:109} INFO - [2022-03-14 00:04:30,826] {dag.py:2398} INFO - Sync 1 DAGs
[2022-03-14 00:04:30,838] {logging_mixin.py:109} INFO - [2022-03-14 00:04:30,838] {dag.py:2937} INFO - Setting next_dagrun for example_short_circuit_operator to 2022-03-13T00:04:30.838167+00:00
[2022-03-14 00:04:30,845] {processor.py:171} INFO - Processing /home/airflow/.local/lib/python3.7/site-packages/airflow/example_dags/example_short_circuit_operator.py took 0.052 seconds
[2022-03-14 00:05:01,419] {processor.py:163} INFO - Started process (PID=4657) to work on /home/airflow/.local/lib/python3.7/site-packages/airflow/example_dags/example_short_circuit_operator.py
[2022-03-14 00:05:01,420] {processor.py:642} INFO - Processing file /home/airflow/.local/lib/python3.7/site-packages/airflow/example_dags/example_short_circuit_operator.py for tasks to queue
[2022-03-14 00:05:01,421] {logging_mixin.py:109} INFO - [2022-03-14 00:05:01,420] {dagbag.py:500} INFO - Filling up the DagBag from /home/airflow/.local/lib/python3.7/site-packages/airflow/example_dags/example_short_circuit_operator.py
[2022-03-14 00:05:01,443] {processor.py:654} INFO - DAG(s) dict_keys(['example_short_circuit_operator']) retrieved from /home/airflow/.local/lib/python3.7/site-packages/airflow/example_dags/example_short_circuit_operator.py
[2022-03-14 00:05:01,451] {logging_mixin.py:109} INFO - [2022-03-14 00:05:01,451] {dag.py:2398} INFO - Sync 1 DAGs
[2022-03-14 00:05:01,463] {logging_mixin.py:109} INFO - [2022-03-14 00:05:01,463] {dag.py:2937} INFO - Setting next_dagrun for example_short_circuit_operator to 2022-03-13T00:05:01.462807+00:00
[2022-03-14 00:05:01,471] {processor.py:171} INFO - Processing /home/airflow/.local/lib/python3.7/site-packages/airflow/example_dags/example_short_circuit_operator.py took 0.054 seconds
[2022-03-14 00:05:32,319] {processor.py:163} INFO - Started process (PID=4718) to work on /home/airflow/.local/lib/python3.7/site-packages/airflow/example_dags/example_short_circuit_operator.py
[2022-03-14 00:05:32,320] {processor.py:642} INFO - Processing file /home/airflow/.local/lib/python3.7/site-packages/airflow/example_dags/example_short_circuit_operator.py for tasks to queue
[2022-03-14 00:05:32,320] {logging_mixin.py:109} INFO - [2022-03-14 00:05:32,320] {dagbag.py:500} INFO - Filling up the DagBag from /home/airflow/.local/lib/python3.7/site-packages/airflow/example_dags/example_short_circuit_operator.py
[2022-03-14 00:05:32,341] {processor.py:654} INFO - DAG(s) dict_keys(['example_short_circuit_operator']) retrieved from /home/airflow/.local/lib/python3.7/site-packages/airflow/example_dags/example_short_circuit_operator.py
[2022-03-14 00:05:32,350] {logging_mixin.py:109} INFO - [2022-03-14 00:05:32,350] {dag.py:2398} INFO - Sync 1 DAGs
[2022-03-14 00:05:32,363] {logging_mixin.py:109} INFO - [2022-03-14 00:05:32,363] {dag.py:2937} INFO - Setting next_dagrun for example_short_circuit_operator to 2022-03-13T00:05:32.362987+00:00
[2022-03-14 00:05:32,372] {processor.py:171} INFO - Processing /home/airflow/.local/lib/python3.7/site-packages/airflow/example_dags/example_short_circuit_operator.py took 0.055 seconds
[2022-03-14 00:06:03,126] {processor.py:163} INFO - Started process (PID=4770) to work on /home/airflow/.local/lib/python3.7/site-packages/airflow/example_dags/example_short_circuit_operator.py
[2022-03-14 00:06:03,127] {processor.py:642} INFO - Processing file /home/airflow/.local/lib/python3.7/site-packages/airflow/example_dags/example_short_circuit_operator.py for tasks to queue
[2022-03-14 00:06:03,127] {logging_mixin.py:109} INFO - [2022-03-14 00:06:03,127] {dagbag.py:500} INFO - Filling up the DagBag from /home/airflow/.local/lib/python3.7/site-packages/airflow/example_dags/example_short_circuit_operator.py
[2022-03-14 00:06:03,149] {processor.py:654} INFO - DAG(s) dict_keys(['example_short_circuit_operator']) retrieved from /home/airflow/.local/lib/python3.7/site-packages/airflow/example_dags/example_short_circuit_operator.py
[2022-03-14 00:06:03,156] {logging_mixin.py:109} INFO - [2022-03-14 00:06:03,156] {dag.py:2398} INFO - Sync 1 DAGs
[2022-03-14 00:06:03,169] {logging_mixin.py:109} INFO - [2022-03-14 00:06:03,169] {dag.py:2937} INFO - Setting next_dagrun for example_short_circuit_operator to 2022-03-13T00:06:03.169167+00:00
[2022-03-14 00:06:03,183] {processor.py:171} INFO - Processing /home/airflow/.local/lib/python3.7/site-packages/airflow/example_dags/example_short_circuit_operator.py took 0.059 seconds
[2022-03-14 00:06:33,962] {processor.py:163} INFO - Started process (PID=4831) to work on /home/airflow/.local/lib/python3.7/site-packages/airflow/example_dags/example_short_circuit_operator.py
[2022-03-14 00:06:33,963] {processor.py:642} INFO - Processing file /home/airflow/.local/lib/python3.7/site-packages/airflow/example_dags/example_short_circuit_operator.py for tasks to queue
[2022-03-14 00:06:33,964] {logging_mixin.py:109} INFO - [2022-03-14 00:06:33,964] {dagbag.py:500} INFO - Filling up the DagBag from /home/airflow/.local/lib/python3.7/site-packages/airflow/example_dags/example_short_circuit_operator.py
[2022-03-14 00:06:33,986] {processor.py:654} INFO - DAG(s) dict_keys(['example_short_circuit_operator']) retrieved from /home/airflow/.local/lib/python3.7/site-packages/airflow/example_dags/example_short_circuit_operator.py
[2022-03-14 00:06:33,993] {logging_mixin.py:109} INFO - [2022-03-14 00:06:33,993] {dag.py:2398} INFO - Sync 1 DAGs
[2022-03-14 00:06:34,005] {logging_mixin.py:109} INFO - [2022-03-14 00:06:34,005] {dag.py:2937} INFO - Setting next_dagrun for example_short_circuit_operator to 2022-03-13T00:06:34.005626+00:00
[2022-03-14 00:06:34,013] {processor.py:171} INFO - Processing /home/airflow/.local/lib/python3.7/site-packages/airflow/example_dags/example_short_circuit_operator.py took 0.053 seconds
[2022-03-14 00:07:04,547] {processor.py:163} INFO - Started process (PID=4883) to work on /home/airflow/.local/lib/python3.7/site-packages/airflow/example_dags/example_short_circuit_operator.py
[2022-03-14 00:07:04,548] {processor.py:642} INFO - Processing file /home/airflow/.local/lib/python3.7/site-packages/airflow/example_dags/example_short_circuit_operator.py for tasks to queue
[2022-03-14 00:07:04,549] {logging_mixin.py:109} INFO - [2022-03-14 00:07:04,549] {dagbag.py:500} INFO - Filling up the DagBag from /home/airflow/.local/lib/python3.7/site-packages/airflow/example_dags/example_short_circuit_operator.py
[2022-03-14 00:07:04,571] {processor.py:654} INFO - DAG(s) dict_keys(['example_short_circuit_operator']) retrieved from /home/airflow/.local/lib/python3.7/site-packages/airflow/example_dags/example_short_circuit_operator.py
[2022-03-14 00:07:04,580] {logging_mixin.py:109} INFO - [2022-03-14 00:07:04,580] {dag.py:2398} INFO - Sync 1 DAGs
[2022-03-14 00:07:04,593] {logging_mixin.py:109} INFO - [2022-03-14 00:07:04,593] {dag.py:2937} INFO - Setting next_dagrun for example_short_circuit_operator to 2022-03-13T00:07:04.593104+00:00
[2022-03-14 00:07:04,607] {processor.py:171} INFO - Processing /home/airflow/.local/lib/python3.7/site-packages/airflow/example_dags/example_short_circuit_operator.py took 0.062 seconds
[2022-03-14 00:07:35,618] {processor.py:163} INFO - Started process (PID=4944) to work on /home/airflow/.local/lib/python3.7/site-packages/airflow/example_dags/example_short_circuit_operator.py
[2022-03-14 00:07:35,620] {processor.py:642} INFO - Processing file /home/airflow/.local/lib/python3.7/site-packages/airflow/example_dags/example_short_circuit_operator.py for tasks to queue
[2022-03-14 00:07:35,621] {logging_mixin.py:109} INFO - [2022-03-14 00:07:35,621] {dagbag.py:500} INFO - Filling up the DagBag from /home/airflow/.local/lib/python3.7/site-packages/airflow/example_dags/example_short_circuit_operator.py
[2022-03-14 00:07:35,647] {processor.py:654} INFO - DAG(s) dict_keys(['example_short_circuit_operator']) retrieved from /home/airflow/.local/lib/python3.7/site-packages/airflow/example_dags/example_short_circuit_operator.py
[2022-03-14 00:07:35,655] {logging_mixin.py:109} INFO - [2022-03-14 00:07:35,655] {dag.py:2398} INFO - Sync 1 DAGs
[2022-03-14 00:07:35,672] {logging_mixin.py:109} INFO - [2022-03-14 00:07:35,672] {dag.py:2937} INFO - Setting next_dagrun for example_short_circuit_operator to 2022-03-13T00:07:35.672233+00:00
[2022-03-14 00:07:35,683] {processor.py:171} INFO - Processing /home/airflow/.local/lib/python3.7/site-packages/airflow/example_dags/example_short_circuit_operator.py took 0.067 seconds
[2022-03-14 00:08:06,563] {processor.py:163} INFO - Started process (PID=4996) to work on /home/airflow/.local/lib/python3.7/site-packages/airflow/example_dags/example_short_circuit_operator.py
[2022-03-14 00:08:06,564] {processor.py:642} INFO - Processing file /home/airflow/.local/lib/python3.7/site-packages/airflow/example_dags/example_short_circuit_operator.py for tasks to queue
[2022-03-14 00:08:06,564] {logging_mixin.py:109} INFO - [2022-03-14 00:08:06,564] {dagbag.py:500} INFO - Filling up the DagBag from /home/airflow/.local/lib/python3.7/site-packages/airflow/example_dags/example_short_circuit_operator.py
[2022-03-14 00:08:06,587] {processor.py:654} INFO - DAG(s) dict_keys(['example_short_circuit_operator']) retrieved from /home/airflow/.local/lib/python3.7/site-packages/airflow/example_dags/example_short_circuit_operator.py
[2022-03-14 00:08:06,597] {logging_mixin.py:109} INFO - [2022-03-14 00:08:06,597] {dag.py:2398} INFO - Sync 1 DAGs
[2022-03-14 00:08:06,612] {logging_mixin.py:109} INFO - [2022-03-14 00:08:06,611] {dag.py:2937} INFO - Setting next_dagrun for example_short_circuit_operator to 2022-03-13T00:08:06.611763+00:00
[2022-03-14 00:08:06,620] {processor.py:171} INFO - Processing /home/airflow/.local/lib/python3.7/site-packages/airflow/example_dags/example_short_circuit_operator.py took 0.059 seconds
[2022-03-14 00:08:37,556] {processor.py:163} INFO - Started process (PID=5057) to work on /home/airflow/.local/lib/python3.7/site-packages/airflow/example_dags/example_short_circuit_operator.py
[2022-03-14 00:08:37,557] {processor.py:642} INFO - Processing file /home/airflow/.local/lib/python3.7/site-packages/airflow/example_dags/example_short_circuit_operator.py for tasks to queue
[2022-03-14 00:08:37,558] {logging_mixin.py:109} INFO - [2022-03-14 00:08:37,558] {dagbag.py:500} INFO - Filling up the DagBag from /home/airflow/.local/lib/python3.7/site-packages/airflow/example_dags/example_short_circuit_operator.py
[2022-03-14 00:08:37,582] {processor.py:654} INFO - DAG(s) dict_keys(['example_short_circuit_operator']) retrieved from /home/airflow/.local/lib/python3.7/site-packages/airflow/example_dags/example_short_circuit_operator.py
[2022-03-14 00:08:37,590] {logging_mixin.py:109} INFO - [2022-03-14 00:08:37,590] {dag.py:2398} INFO - Sync 1 DAGs
[2022-03-14 00:08:37,603] {logging_mixin.py:109} INFO - [2022-03-14 00:08:37,603] {dag.py:2937} INFO - Setting next_dagrun for example_short_circuit_operator to 2022-03-13T00:08:37.602871+00:00
[2022-03-14 00:08:37,616] {processor.py:171} INFO - Processing /home/airflow/.local/lib/python3.7/site-packages/airflow/example_dags/example_short_circuit_operator.py took 0.062 seconds
[2022-03-14 00:09:08,178] {processor.py:163} INFO - Started process (PID=5110) to work on /home/airflow/.local/lib/python3.7/site-packages/airflow/example_dags/example_short_circuit_operator.py
[2022-03-14 00:09:08,179] {processor.py:642} INFO - Processing file /home/airflow/.local/lib/python3.7/site-packages/airflow/example_dags/example_short_circuit_operator.py for tasks to queue
[2022-03-14 00:09:08,180] {logging_mixin.py:109} INFO - [2022-03-14 00:09:08,180] {dagbag.py:500} INFO - Filling up the DagBag from /home/airflow/.local/lib/python3.7/site-packages/airflow/example_dags/example_short_circuit_operator.py
[2022-03-14 00:09:08,207] {processor.py:654} INFO - DAG(s) dict_keys(['example_short_circuit_operator']) retrieved from /home/airflow/.local/lib/python3.7/site-packages/airflow/example_dags/example_short_circuit_operator.py
[2022-03-14 00:09:08,217] {logging_mixin.py:109} INFO - [2022-03-14 00:09:08,217] {dag.py:2398} INFO - Sync 1 DAGs
[2022-03-14 00:09:08,231] {logging_mixin.py:109} INFO - [2022-03-14 00:09:08,231] {dag.py:2937} INFO - Setting next_dagrun for example_short_circuit_operator to 2022-03-13T00:09:08.231597+00:00
[2022-03-14 00:09:08,246] {processor.py:171} INFO - Processing /home/airflow/.local/lib/python3.7/site-packages/airflow/example_dags/example_short_circuit_operator.py took 0.070 seconds
[2022-03-14 00:09:39,098] {processor.py:163} INFO - Started process (PID=5171) to work on /home/airflow/.local/lib/python3.7/site-packages/airflow/example_dags/example_short_circuit_operator.py
[2022-03-14 00:09:39,099] {processor.py:642} INFO - Processing file /home/airflow/.local/lib/python3.7/site-packages/airflow/example_dags/example_short_circuit_operator.py for tasks to queue
[2022-03-14 00:09:39,099] {logging_mixin.py:109} INFO - [2022-03-14 00:09:39,099] {dagbag.py:500} INFO - Filling up the DagBag from /home/airflow/.local/lib/python3.7/site-packages/airflow/example_dags/example_short_circuit_operator.py
[2022-03-14 00:09:39,123] {processor.py:654} INFO - DAG(s) dict_keys(['example_short_circuit_operator']) retrieved from /home/airflow/.local/lib/python3.7/site-packages/airflow/example_dags/example_short_circuit_operator.py
[2022-03-14 00:09:39,134] {logging_mixin.py:109} INFO - [2022-03-14 00:09:39,134] {dag.py:2398} INFO - Sync 1 DAGs
[2022-03-14 00:09:39,151] {logging_mixin.py:109} INFO - [2022-03-14 00:09:39,151] {dag.py:2937} INFO - Setting next_dagrun for example_short_circuit_operator to 2022-03-13T00:09:39.151170+00:00
[2022-03-14 00:09:39,174] {processor.py:171} INFO - Processing /home/airflow/.local/lib/python3.7/site-packages/airflow/example_dags/example_short_circuit_operator.py took 0.079 seconds
[2022-03-14 00:10:09,718] {processor.py:163} INFO - Started process (PID=5223) to work on /home/airflow/.local/lib/python3.7/site-packages/airflow/example_dags/example_short_circuit_operator.py
[2022-03-14 00:10:09,719] {processor.py:642} INFO - Processing file /home/airflow/.local/lib/python3.7/site-packages/airflow/example_dags/example_short_circuit_operator.py for tasks to queue
[2022-03-14 00:10:09,719] {logging_mixin.py:109} INFO - [2022-03-14 00:10:09,719] {dagbag.py:500} INFO - Filling up the DagBag from /home/airflow/.local/lib/python3.7/site-packages/airflow/example_dags/example_short_circuit_operator.py
[2022-03-14 00:10:09,740] {processor.py:654} INFO - DAG(s) dict_keys(['example_short_circuit_operator']) retrieved from /home/airflow/.local/lib/python3.7/site-packages/airflow/example_dags/example_short_circuit_operator.py
[2022-03-14 00:10:09,748] {logging_mixin.py:109} INFO - [2022-03-14 00:10:09,748] {dag.py:2398} INFO - Sync 1 DAGs
[2022-03-14 00:10:09,759] {logging_mixin.py:109} INFO - [2022-03-14 00:10:09,759] {dag.py:2937} INFO - Setting next_dagrun for example_short_circuit_operator to 2022-03-13T00:10:09.759649+00:00
[2022-03-14 00:10:09,773] {processor.py:171} INFO - Processing /home/airflow/.local/lib/python3.7/site-packages/airflow/example_dags/example_short_circuit_operator.py took 0.057 seconds
[2022-03-14 00:10:40,623] {processor.py:163} INFO - Started process (PID=5275) to work on /home/airflow/.local/lib/python3.7/site-packages/airflow/example_dags/example_short_circuit_operator.py
[2022-03-14 00:10:40,624] {processor.py:642} INFO - Processing file /home/airflow/.local/lib/python3.7/site-packages/airflow/example_dags/example_short_circuit_operator.py for tasks to queue
[2022-03-14 00:10:40,624] {logging_mixin.py:109} INFO - [2022-03-14 00:10:40,624] {dagbag.py:500} INFO - Filling up the DagBag from /home/airflow/.local/lib/python3.7/site-packages/airflow/example_dags/example_short_circuit_operator.py
[2022-03-14 00:10:40,646] {processor.py:654} INFO - DAG(s) dict_keys(['example_short_circuit_operator']) retrieved from /home/airflow/.local/lib/python3.7/site-packages/airflow/example_dags/example_short_circuit_operator.py
[2022-03-14 00:10:40,653] {logging_mixin.py:109} INFO - [2022-03-14 00:10:40,653] {dag.py:2398} INFO - Sync 1 DAGs
[2022-03-14 00:10:40,666] {logging_mixin.py:109} INFO - [2022-03-14 00:10:40,666] {dag.py:2937} INFO - Setting next_dagrun for example_short_circuit_operator to 2022-03-13T00:10:40.666369+00:00
[2022-03-14 00:10:40,680] {processor.py:171} INFO - Processing /home/airflow/.local/lib/python3.7/site-packages/airflow/example_dags/example_short_circuit_operator.py took 0.059 seconds
[2022-03-14 00:11:11,394] {processor.py:163} INFO - Started process (PID=5336) to work on /home/airflow/.local/lib/python3.7/site-packages/airflow/example_dags/example_short_circuit_operator.py
[2022-03-14 00:11:11,395] {processor.py:642} INFO - Processing file /home/airflow/.local/lib/python3.7/site-packages/airflow/example_dags/example_short_circuit_operator.py for tasks to queue
[2022-03-14 00:11:11,395] {logging_mixin.py:109} INFO - [2022-03-14 00:11:11,395] {dagbag.py:500} INFO - Filling up the DagBag from /home/airflow/.local/lib/python3.7/site-packages/airflow/example_dags/example_short_circuit_operator.py
[2022-03-14 00:11:11,416] {processor.py:654} INFO - DAG(s) dict_keys(['example_short_circuit_operator']) retrieved from /home/airflow/.local/lib/python3.7/site-packages/airflow/example_dags/example_short_circuit_operator.py
[2022-03-14 00:11:11,424] {logging_mixin.py:109} INFO - [2022-03-14 00:11:11,424] {dag.py:2398} INFO - Sync 1 DAGs
[2022-03-14 00:11:11,437] {logging_mixin.py:109} INFO - [2022-03-14 00:11:11,437] {dag.py:2937} INFO - Setting next_dagrun for example_short_circuit_operator to 2022-03-13T00:11:11.436812+00:00
[2022-03-14 00:11:11,445] {processor.py:171} INFO - Processing /home/airflow/.local/lib/python3.7/site-packages/airflow/example_dags/example_short_circuit_operator.py took 0.053 seconds
[2022-03-14 00:11:42,282] {processor.py:163} INFO - Started process (PID=5388) to work on /home/airflow/.local/lib/python3.7/site-packages/airflow/example_dags/example_short_circuit_operator.py
[2022-03-14 00:11:42,283] {processor.py:642} INFO - Processing file /home/airflow/.local/lib/python3.7/site-packages/airflow/example_dags/example_short_circuit_operator.py for tasks to queue
[2022-03-14 00:11:42,283] {logging_mixin.py:109} INFO - [2022-03-14 00:11:42,283] {dagbag.py:500} INFO - Filling up the DagBag from /home/airflow/.local/lib/python3.7/site-packages/airflow/example_dags/example_short_circuit_operator.py
[2022-03-14 00:11:42,304] {processor.py:654} INFO - DAG(s) dict_keys(['example_short_circuit_operator']) retrieved from /home/airflow/.local/lib/python3.7/site-packages/airflow/example_dags/example_short_circuit_operator.py
[2022-03-14 00:11:42,312] {logging_mixin.py:109} INFO - [2022-03-14 00:11:42,312] {dag.py:2398} INFO - Sync 1 DAGs
[2022-03-14 00:11:42,324] {logging_mixin.py:109} INFO - [2022-03-14 00:11:42,324] {dag.py:2937} INFO - Setting next_dagrun for example_short_circuit_operator to 2022-03-13T00:11:42.323918+00:00
[2022-03-14 00:11:42,337] {processor.py:171} INFO - Processing /home/airflow/.local/lib/python3.7/site-packages/airflow/example_dags/example_short_circuit_operator.py took 0.057 seconds
[2022-03-14 00:12:13,119] {processor.py:163} INFO - Started process (PID=5449) to work on /home/airflow/.local/lib/python3.7/site-packages/airflow/example_dags/example_short_circuit_operator.py
[2022-03-14 00:12:13,120] {processor.py:642} INFO - Processing file /home/airflow/.local/lib/python3.7/site-packages/airflow/example_dags/example_short_circuit_operator.py for tasks to queue
[2022-03-14 00:12:13,121] {logging_mixin.py:109} INFO - [2022-03-14 00:12:13,121] {dagbag.py:500} INFO - Filling up the DagBag from /home/airflow/.local/lib/python3.7/site-packages/airflow/example_dags/example_short_circuit_operator.py
[2022-03-14 00:12:13,142] {processor.py:654} INFO - DAG(s) dict_keys(['example_short_circuit_operator']) retrieved from /home/airflow/.local/lib/python3.7/site-packages/airflow/example_dags/example_short_circuit_operator.py
[2022-03-14 00:12:13,150] {logging_mixin.py:109} INFO - [2022-03-14 00:12:13,150] {dag.py:2398} INFO - Sync 1 DAGs
[2022-03-14 00:12:13,161] {logging_mixin.py:109} INFO - [2022-03-14 00:12:13,161] {dag.py:2937} INFO - Setting next_dagrun for example_short_circuit_operator to 2022-03-13T00:12:13.161215+00:00
[2022-03-14 00:12:13,174] {processor.py:171} INFO - Processing /home/airflow/.local/lib/python3.7/site-packages/airflow/example_dags/example_short_circuit_operator.py took 0.057 seconds
[2022-03-14 00:12:43,859] {processor.py:163} INFO - Started process (PID=5501) to work on /home/airflow/.local/lib/python3.7/site-packages/airflow/example_dags/example_short_circuit_operator.py
[2022-03-14 00:12:43,859] {processor.py:642} INFO - Processing file /home/airflow/.local/lib/python3.7/site-packages/airflow/example_dags/example_short_circuit_operator.py for tasks to queue
[2022-03-14 00:12:43,860] {logging_mixin.py:109} INFO - [2022-03-14 00:12:43,860] {dagbag.py:500} INFO - Filling up the DagBag from /home/airflow/.local/lib/python3.7/site-packages/airflow/example_dags/example_short_circuit_operator.py
[2022-03-14 00:12:43,882] {processor.py:654} INFO - DAG(s) dict_keys(['example_short_circuit_operator']) retrieved from /home/airflow/.local/lib/python3.7/site-packages/airflow/example_dags/example_short_circuit_operator.py
[2022-03-14 00:12:43,891] {logging_mixin.py:109} INFO - [2022-03-14 00:12:43,890] {dag.py:2398} INFO - Sync 1 DAGs
[2022-03-14 00:12:43,903] {logging_mixin.py:109} INFO - [2022-03-14 00:12:43,903] {dag.py:2937} INFO - Setting next_dagrun for example_short_circuit_operator to 2022-03-13T00:12:43.902877+00:00
[2022-03-14 00:12:43,917] {processor.py:171} INFO - Processing /home/airflow/.local/lib/python3.7/site-packages/airflow/example_dags/example_short_circuit_operator.py took 0.060 seconds
[2022-03-14 00:13:14,802] {processor.py:163} INFO - Started process (PID=5563) to work on /home/airflow/.local/lib/python3.7/site-packages/airflow/example_dags/example_short_circuit_operator.py
[2022-03-14 00:13:14,803] {processor.py:642} INFO - Processing file /home/airflow/.local/lib/python3.7/site-packages/airflow/example_dags/example_short_circuit_operator.py for tasks to queue
[2022-03-14 00:13:14,804] {logging_mixin.py:109} INFO - [2022-03-14 00:13:14,804] {dagbag.py:500} INFO - Filling up the DagBag from /home/airflow/.local/lib/python3.7/site-packages/airflow/example_dags/example_short_circuit_operator.py
[2022-03-14 00:13:14,825] {processor.py:654} INFO - DAG(s) dict_keys(['example_short_circuit_operator']) retrieved from /home/airflow/.local/lib/python3.7/site-packages/airflow/example_dags/example_short_circuit_operator.py
[2022-03-14 00:13:14,833] {logging_mixin.py:109} INFO - [2022-03-14 00:13:14,833] {dag.py:2398} INFO - Sync 1 DAGs
[2022-03-14 00:13:14,846] {logging_mixin.py:109} INFO - [2022-03-14 00:13:14,846] {dag.py:2937} INFO - Setting next_dagrun for example_short_circuit_operator to 2022-03-13T00:13:14.846289+00:00
[2022-03-14 00:13:14,858] {processor.py:171} INFO - Processing /home/airflow/.local/lib/python3.7/site-packages/airflow/example_dags/example_short_circuit_operator.py took 0.058 seconds
[2022-03-14 00:13:45,675] {processor.py:163} INFO - Started process (PID=5615) to work on /home/airflow/.local/lib/python3.7/site-packages/airflow/example_dags/example_short_circuit_operator.py
[2022-03-14 00:13:45,675] {processor.py:642} INFO - Processing file /home/airflow/.local/lib/python3.7/site-packages/airflow/example_dags/example_short_circuit_operator.py for tasks to queue
[2022-03-14 00:13:45,676] {logging_mixin.py:109} INFO - [2022-03-14 00:13:45,676] {dagbag.py:500} INFO - Filling up the DagBag from /home/airflow/.local/lib/python3.7/site-packages/airflow/example_dags/example_short_circuit_operator.py
[2022-03-14 00:13:45,698] {processor.py:654} INFO - DAG(s) dict_keys(['example_short_circuit_operator']) retrieved from /home/airflow/.local/lib/python3.7/site-packages/airflow/example_dags/example_short_circuit_operator.py
[2022-03-14 00:13:45,708] {logging_mixin.py:109} INFO - [2022-03-14 00:13:45,708] {dag.py:2398} INFO - Sync 1 DAGs
[2022-03-14 00:13:45,724] {logging_mixin.py:109} INFO - [2022-03-14 00:13:45,724] {dag.py:2937} INFO - Setting next_dagrun for example_short_circuit_operator to 2022-03-13T00:13:45.724188+00:00
[2022-03-14 00:13:45,739] {processor.py:171} INFO - Processing /home/airflow/.local/lib/python3.7/site-packages/airflow/example_dags/example_short_circuit_operator.py took 0.066 seconds
[2022-03-14 00:14:16,675] {processor.py:163} INFO - Started process (PID=5678) to work on /home/airflow/.local/lib/python3.7/site-packages/airflow/example_dags/example_short_circuit_operator.py
[2022-03-14 00:14:16,675] {processor.py:642} INFO - Processing file /home/airflow/.local/lib/python3.7/site-packages/airflow/example_dags/example_short_circuit_operator.py for tasks to queue
[2022-03-14 00:14:16,676] {logging_mixin.py:109} INFO - [2022-03-14 00:14:16,676] {dagbag.py:500} INFO - Filling up the DagBag from /home/airflow/.local/lib/python3.7/site-packages/airflow/example_dags/example_short_circuit_operator.py
[2022-03-14 00:14:16,699] {processor.py:654} INFO - DAG(s) dict_keys(['example_short_circuit_operator']) retrieved from /home/airflow/.local/lib/python3.7/site-packages/airflow/example_dags/example_short_circuit_operator.py
[2022-03-14 00:14:16,706] {logging_mixin.py:109} INFO - [2022-03-14 00:14:16,706] {dag.py:2398} INFO - Sync 1 DAGs
[2022-03-14 00:14:16,718] {logging_mixin.py:109} INFO - [2022-03-14 00:14:16,718] {dag.py:2937} INFO - Setting next_dagrun for example_short_circuit_operator to 2022-03-13T00:14:16.718561+00:00
[2022-03-14 00:14:16,732] {processor.py:171} INFO - Processing /home/airflow/.local/lib/python3.7/site-packages/airflow/example_dags/example_short_circuit_operator.py took 0.059 seconds
[2022-03-14 00:14:46,847] {processor.py:163} INFO - Started process (PID=5730) to work on /home/airflow/.local/lib/python3.7/site-packages/airflow/example_dags/example_short_circuit_operator.py
[2022-03-14 00:14:46,847] {processor.py:642} INFO - Processing file /home/airflow/.local/lib/python3.7/site-packages/airflow/example_dags/example_short_circuit_operator.py for tasks to queue
[2022-03-14 00:14:46,848] {logging_mixin.py:109} INFO - [2022-03-14 00:14:46,848] {dagbag.py:500} INFO - Filling up the DagBag from /home/airflow/.local/lib/python3.7/site-packages/airflow/example_dags/example_short_circuit_operator.py
[2022-03-14 00:14:46,869] {processor.py:654} INFO - DAG(s) dict_keys(['example_short_circuit_operator']) retrieved from /home/airflow/.local/lib/python3.7/site-packages/airflow/example_dags/example_short_circuit_operator.py
[2022-03-14 00:14:46,877] {logging_mixin.py:109} INFO - [2022-03-14 00:14:46,877] {dag.py:2398} INFO - Sync 1 DAGs
[2022-03-14 00:14:46,889] {logging_mixin.py:109} INFO - [2022-03-14 00:14:46,889] {dag.py:2937} INFO - Setting next_dagrun for example_short_circuit_operator to 2022-03-13T00:14:46.889047+00:00
[2022-03-14 00:14:46,896] {processor.py:171} INFO - Processing /home/airflow/.local/lib/python3.7/site-packages/airflow/example_dags/example_short_circuit_operator.py took 0.052 seconds
[2022-03-14 00:15:17,062] {processor.py:163} INFO - Started process (PID=5791) to work on /home/airflow/.local/lib/python3.7/site-packages/airflow/example_dags/example_short_circuit_operator.py
[2022-03-14 00:15:17,063] {processor.py:642} INFO - Processing file /home/airflow/.local/lib/python3.7/site-packages/airflow/example_dags/example_short_circuit_operator.py for tasks to queue
[2022-03-14 00:15:17,064] {logging_mixin.py:109} INFO - [2022-03-14 00:15:17,064] {dagbag.py:500} INFO - Filling up the DagBag from /home/airflow/.local/lib/python3.7/site-packages/airflow/example_dags/example_short_circuit_operator.py
[2022-03-14 00:15:17,086] {processor.py:654} INFO - DAG(s) dict_keys(['example_short_circuit_operator']) retrieved from /home/airflow/.local/lib/python3.7/site-packages/airflow/example_dags/example_short_circuit_operator.py
[2022-03-14 00:15:17,095] {logging_mixin.py:109} INFO - [2022-03-14 00:15:17,095] {dag.py:2398} INFO - Sync 1 DAGs
[2022-03-14 00:15:17,110] {logging_mixin.py:109} INFO - [2022-03-14 00:15:17,110] {dag.py:2937} INFO - Setting next_dagrun for example_short_circuit_operator to 2022-03-13T00:15:17.109811+00:00
[2022-03-14 00:15:17,125] {processor.py:171} INFO - Processing /home/airflow/.local/lib/python3.7/site-packages/airflow/example_dags/example_short_circuit_operator.py took 0.064 seconds
[2022-03-14 00:15:47,182] {processor.py:163} INFO - Started process (PID=5843) to work on /home/airflow/.local/lib/python3.7/site-packages/airflow/example_dags/example_short_circuit_operator.py
[2022-03-14 00:15:47,182] {processor.py:642} INFO - Processing file /home/airflow/.local/lib/python3.7/site-packages/airflow/example_dags/example_short_circuit_operator.py for tasks to queue
[2022-03-14 00:15:47,183] {logging_mixin.py:109} INFO - [2022-03-14 00:15:47,183] {dagbag.py:500} INFO - Filling up the DagBag from /home/airflow/.local/lib/python3.7/site-packages/airflow/example_dags/example_short_circuit_operator.py
[2022-03-14 00:15:47,206] {processor.py:654} INFO - DAG(s) dict_keys(['example_short_circuit_operator']) retrieved from /home/airflow/.local/lib/python3.7/site-packages/airflow/example_dags/example_short_circuit_operator.py
[2022-03-14 00:15:47,214] {logging_mixin.py:109} INFO - [2022-03-14 00:15:47,214] {dag.py:2398} INFO - Sync 1 DAGs
[2022-03-14 00:15:47,226] {logging_mixin.py:109} INFO - [2022-03-14 00:15:47,226] {dag.py:2937} INFO - Setting next_dagrun for example_short_circuit_operator to 2022-03-13T00:15:47.226644+00:00
[2022-03-14 00:15:47,240] {processor.py:171} INFO - Processing /home/airflow/.local/lib/python3.7/site-packages/airflow/example_dags/example_short_circuit_operator.py took 0.061 seconds
[2022-03-14 00:16:17,911] {processor.py:163} INFO - Started process (PID=5895) to work on /home/airflow/.local/lib/python3.7/site-packages/airflow/example_dags/example_short_circuit_operator.py
[2022-03-14 00:16:17,912] {processor.py:642} INFO - Processing file /home/airflow/.local/lib/python3.7/site-packages/airflow/example_dags/example_short_circuit_operator.py for tasks to queue
[2022-03-14 00:16:17,913] {logging_mixin.py:109} INFO - [2022-03-14 00:16:17,913] {dagbag.py:500} INFO - Filling up the DagBag from /home/airflow/.local/lib/python3.7/site-packages/airflow/example_dags/example_short_circuit_operator.py
[2022-03-14 00:16:17,934] {processor.py:654} INFO - DAG(s) dict_keys(['example_short_circuit_operator']) retrieved from /home/airflow/.local/lib/python3.7/site-packages/airflow/example_dags/example_short_circuit_operator.py
[2022-03-14 00:16:17,942] {logging_mixin.py:109} INFO - [2022-03-14 00:16:17,942] {dag.py:2398} INFO - Sync 1 DAGs
[2022-03-14 00:16:17,955] {logging_mixin.py:109} INFO - [2022-03-14 00:16:17,955] {dag.py:2937} INFO - Setting next_dagrun for example_short_circuit_operator to 2022-03-13T00:16:17.954900+00:00
[2022-03-14 00:16:17,963] {processor.py:171} INFO - Processing /home/airflow/.local/lib/python3.7/site-packages/airflow/example_dags/example_short_circuit_operator.py took 0.053 seconds
[2022-03-14 00:16:48,539] {processor.py:163} INFO - Started process (PID=5957) to work on /home/airflow/.local/lib/python3.7/site-packages/airflow/example_dags/example_short_circuit_operator.py
[2022-03-14 00:16:48,540] {processor.py:642} INFO - Processing file /home/airflow/.local/lib/python3.7/site-packages/airflow/example_dags/example_short_circuit_operator.py for tasks to queue
[2022-03-14 00:16:48,540] {logging_mixin.py:109} INFO - [2022-03-14 00:16:48,540] {dagbag.py:500} INFO - Filling up the DagBag from /home/airflow/.local/lib/python3.7/site-packages/airflow/example_dags/example_short_circuit_operator.py
[2022-03-14 00:16:48,562] {processor.py:654} INFO - DAG(s) dict_keys(['example_short_circuit_operator']) retrieved from /home/airflow/.local/lib/python3.7/site-packages/airflow/example_dags/example_short_circuit_operator.py
[2022-03-14 00:16:48,570] {logging_mixin.py:109} INFO - [2022-03-14 00:16:48,570] {dag.py:2398} INFO - Sync 1 DAGs
[2022-03-14 00:16:48,583] {logging_mixin.py:109} INFO - [2022-03-14 00:16:48,583] {dag.py:2937} INFO - Setting next_dagrun for example_short_circuit_operator to 2022-03-13T00:16:48.582983+00:00
[2022-03-14 00:16:48,596] {processor.py:171} INFO - Processing /home/airflow/.local/lib/python3.7/site-packages/airflow/example_dags/example_short_circuit_operator.py took 0.060 seconds
[2022-03-14 00:17:19,450] {processor.py:163} INFO - Started process (PID=6009) to work on /home/airflow/.local/lib/python3.7/site-packages/airflow/example_dags/example_short_circuit_operator.py
[2022-03-14 00:17:19,451] {processor.py:642} INFO - Processing file /home/airflow/.local/lib/python3.7/site-packages/airflow/example_dags/example_short_circuit_operator.py for tasks to queue
[2022-03-14 00:17:19,451] {logging_mixin.py:109} INFO - [2022-03-14 00:17:19,451] {dagbag.py:500} INFO - Filling up the DagBag from /home/airflow/.local/lib/python3.7/site-packages/airflow/example_dags/example_short_circuit_operator.py
[2022-03-14 00:17:19,474] {processor.py:654} INFO - DAG(s) dict_keys(['example_short_circuit_operator']) retrieved from /home/airflow/.local/lib/python3.7/site-packages/airflow/example_dags/example_short_circuit_operator.py
[2022-03-14 00:17:19,481] {logging_mixin.py:109} INFO - [2022-03-14 00:17:19,481] {dag.py:2398} INFO - Sync 1 DAGs
[2022-03-14 00:17:19,493] {logging_mixin.py:109} INFO - [2022-03-14 00:17:19,493] {dag.py:2937} INFO - Setting next_dagrun for example_short_circuit_operator to 2022-03-13T00:17:19.493136+00:00
[2022-03-14 00:17:19,506] {processor.py:171} INFO - Processing /home/airflow/.local/lib/python3.7/site-packages/airflow/example_dags/example_short_circuit_operator.py took 0.059 seconds
[2022-03-14 00:17:50,105] {processor.py:163} INFO - Started process (PID=6070) to work on /home/airflow/.local/lib/python3.7/site-packages/airflow/example_dags/example_short_circuit_operator.py
[2022-03-14 00:17:50,106] {processor.py:642} INFO - Processing file /home/airflow/.local/lib/python3.7/site-packages/airflow/example_dags/example_short_circuit_operator.py for tasks to queue
[2022-03-14 00:17:50,106] {logging_mixin.py:109} INFO - [2022-03-14 00:17:50,106] {dagbag.py:500} INFO - Filling up the DagBag from /home/airflow/.local/lib/python3.7/site-packages/airflow/example_dags/example_short_circuit_operator.py
[2022-03-14 00:17:50,133] {processor.py:654} INFO - DAG(s) dict_keys(['example_short_circuit_operator']) retrieved from /home/airflow/.local/lib/python3.7/site-packages/airflow/example_dags/example_short_circuit_operator.py
[2022-03-14 00:17:50,144] {logging_mixin.py:109} INFO - [2022-03-14 00:17:50,144] {dag.py:2398} INFO - Sync 1 DAGs
[2022-03-14 00:17:50,161] {logging_mixin.py:109} INFO - [2022-03-14 00:17:50,160] {dag.py:2937} INFO - Setting next_dagrun for example_short_circuit_operator to 2022-03-13T00:17:50.160693+00:00
[2022-03-14 00:17:50,178] {processor.py:171} INFO - Processing /home/airflow/.local/lib/python3.7/site-packages/airflow/example_dags/example_short_circuit_operator.py took 0.076 seconds
[2022-03-14 00:18:21,107] {processor.py:163} INFO - Started process (PID=6122) to work on /home/airflow/.local/lib/python3.7/site-packages/airflow/example_dags/example_short_circuit_operator.py
[2022-03-14 00:18:21,108] {processor.py:642} INFO - Processing file /home/airflow/.local/lib/python3.7/site-packages/airflow/example_dags/example_short_circuit_operator.py for tasks to queue
[2022-03-14 00:18:21,108] {logging_mixin.py:109} INFO - [2022-03-14 00:18:21,108] {dagbag.py:500} INFO - Filling up the DagBag from /home/airflow/.local/lib/python3.7/site-packages/airflow/example_dags/example_short_circuit_operator.py
[2022-03-14 00:18:21,131] {processor.py:654} INFO - DAG(s) dict_keys(['example_short_circuit_operator']) retrieved from /home/airflow/.local/lib/python3.7/site-packages/airflow/example_dags/example_short_circuit_operator.py
[2022-03-14 00:18:21,139] {logging_mixin.py:109} INFO - [2022-03-14 00:18:21,139] {dag.py:2398} INFO - Sync 1 DAGs
[2022-03-14 00:18:21,150] {logging_mixin.py:109} INFO - [2022-03-14 00:18:21,150] {dag.py:2937} INFO - Setting next_dagrun for example_short_circuit_operator to 2022-03-13T00:18:21.150565+00:00
[2022-03-14 00:18:21,164] {processor.py:171} INFO - Processing /home/airflow/.local/lib/python3.7/site-packages/airflow/example_dags/example_short_circuit_operator.py took 0.059 seconds
[2022-03-14 00:18:51,961] {processor.py:163} INFO - Started process (PID=6184) to work on /home/airflow/.local/lib/python3.7/site-packages/airflow/example_dags/example_short_circuit_operator.py
[2022-03-14 00:18:51,962] {processor.py:642} INFO - Processing file /home/airflow/.local/lib/python3.7/site-packages/airflow/example_dags/example_short_circuit_operator.py for tasks to queue
[2022-03-14 00:18:51,962] {logging_mixin.py:109} INFO - [2022-03-14 00:18:51,962] {dagbag.py:500} INFO - Filling up the DagBag from /home/airflow/.local/lib/python3.7/site-packages/airflow/example_dags/example_short_circuit_operator.py
[2022-03-14 00:18:51,984] {processor.py:654} INFO - DAG(s) dict_keys(['example_short_circuit_operator']) retrieved from /home/airflow/.local/lib/python3.7/site-packages/airflow/example_dags/example_short_circuit_operator.py
[2022-03-14 00:18:51,993] {logging_mixin.py:109} INFO - [2022-03-14 00:18:51,993] {dag.py:2398} INFO - Sync 1 DAGs
[2022-03-14 00:18:52,007] {logging_mixin.py:109} INFO - [2022-03-14 00:18:52,007] {dag.py:2937} INFO - Setting next_dagrun for example_short_circuit_operator to 2022-03-13T00:18:52.006863+00:00
[2022-03-14 00:18:52,022] {processor.py:171} INFO - Processing /home/airflow/.local/lib/python3.7/site-packages/airflow/example_dags/example_short_circuit_operator.py took 0.063 seconds
[2022-03-14 00:19:22,817] {processor.py:163} INFO - Started process (PID=6236) to work on /home/airflow/.local/lib/python3.7/site-packages/airflow/example_dags/example_short_circuit_operator.py
[2022-03-14 00:19:22,818] {processor.py:642} INFO - Processing file /home/airflow/.local/lib/python3.7/site-packages/airflow/example_dags/example_short_circuit_operator.py for tasks to queue
[2022-03-14 00:19:22,818] {logging_mixin.py:109} INFO - [2022-03-14 00:19:22,818] {dagbag.py:500} INFO - Filling up the DagBag from /home/airflow/.local/lib/python3.7/site-packages/airflow/example_dags/example_short_circuit_operator.py
[2022-03-14 00:19:22,841] {processor.py:654} INFO - DAG(s) dict_keys(['example_short_circuit_operator']) retrieved from /home/airflow/.local/lib/python3.7/site-packages/airflow/example_dags/example_short_circuit_operator.py
[2022-03-14 00:19:22,849] {logging_mixin.py:109} INFO - [2022-03-14 00:19:22,849] {dag.py:2398} INFO - Sync 1 DAGs
[2022-03-14 00:19:22,862] {logging_mixin.py:109} INFO - [2022-03-14 00:19:22,862] {dag.py:2937} INFO - Setting next_dagrun for example_short_circuit_operator to 2022-03-13T00:19:22.862201+00:00
[2022-03-14 00:19:22,871] {processor.py:171} INFO - Processing /home/airflow/.local/lib/python3.7/site-packages/airflow/example_dags/example_short_circuit_operator.py took 0.057 seconds
[2022-03-14 00:19:53,711] {processor.py:163} INFO - Started process (PID=6298) to work on /home/airflow/.local/lib/python3.7/site-packages/airflow/example_dags/example_short_circuit_operator.py
[2022-03-14 00:19:53,712] {processor.py:642} INFO - Processing file /home/airflow/.local/lib/python3.7/site-packages/airflow/example_dags/example_short_circuit_operator.py for tasks to queue
[2022-03-14 00:19:53,712] {logging_mixin.py:109} INFO - [2022-03-14 00:19:53,712] {dagbag.py:500} INFO - Filling up the DagBag from /home/airflow/.local/lib/python3.7/site-packages/airflow/example_dags/example_short_circuit_operator.py
[2022-03-14 00:19:53,734] {processor.py:654} INFO - DAG(s) dict_keys(['example_short_circuit_operator']) retrieved from /home/airflow/.local/lib/python3.7/site-packages/airflow/example_dags/example_short_circuit_operator.py
[2022-03-14 00:19:53,743] {logging_mixin.py:109} INFO - [2022-03-14 00:19:53,743] {dag.py:2398} INFO - Sync 1 DAGs
[2022-03-14 00:19:53,755] {logging_mixin.py:109} INFO - [2022-03-14 00:19:53,755] {dag.py:2937} INFO - Setting next_dagrun for example_short_circuit_operator to 2022-03-13T00:19:53.755539+00:00
[2022-03-14 00:19:53,770] {processor.py:171} INFO - Processing /home/airflow/.local/lib/python3.7/site-packages/airflow/example_dags/example_short_circuit_operator.py took 0.061 seconds
[2022-03-14 00:20:24,471] {processor.py:163} INFO - Started process (PID=6350) to work on /home/airflow/.local/lib/python3.7/site-packages/airflow/example_dags/example_short_circuit_operator.py
[2022-03-14 00:20:24,472] {processor.py:642} INFO - Processing file /home/airflow/.local/lib/python3.7/site-packages/airflow/example_dags/example_short_circuit_operator.py for tasks to queue
[2022-03-14 00:20:24,472] {logging_mixin.py:109} INFO - [2022-03-14 00:20:24,472] {dagbag.py:500} INFO - Filling up the DagBag from /home/airflow/.local/lib/python3.7/site-packages/airflow/example_dags/example_short_circuit_operator.py
[2022-03-14 00:20:24,495] {processor.py:654} INFO - DAG(s) dict_keys(['example_short_circuit_operator']) retrieved from /home/airflow/.local/lib/python3.7/site-packages/airflow/example_dags/example_short_circuit_operator.py
[2022-03-14 00:20:24,502] {logging_mixin.py:109} INFO - [2022-03-14 00:20:24,502] {dag.py:2398} INFO - Sync 1 DAGs
[2022-03-14 00:20:24,517] {logging_mixin.py:109} INFO - [2022-03-14 00:20:24,516] {dag.py:2937} INFO - Setting next_dagrun for example_short_circuit_operator to 2022-03-13T00:20:24.516738+00:00
[2022-03-14 00:20:24,531] {processor.py:171} INFO - Processing /home/airflow/.local/lib/python3.7/site-packages/airflow/example_dags/example_short_circuit_operator.py took 0.063 seconds
[2022-03-14 00:20:55,342] {processor.py:163} INFO - Started process (PID=6411) to work on /home/airflow/.local/lib/python3.7/site-packages/airflow/example_dags/example_short_circuit_operator.py
[2022-03-14 00:20:55,343] {processor.py:642} INFO - Processing file /home/airflow/.local/lib/python3.7/site-packages/airflow/example_dags/example_short_circuit_operator.py for tasks to queue
[2022-03-14 00:20:55,343] {logging_mixin.py:109} INFO - [2022-03-14 00:20:55,343] {dagbag.py:500} INFO - Filling up the DagBag from /home/airflow/.local/lib/python3.7/site-packages/airflow/example_dags/example_short_circuit_operator.py
[2022-03-14 00:20:55,371] {processor.py:654} INFO - DAG(s) dict_keys(['example_short_circuit_operator']) retrieved from /home/airflow/.local/lib/python3.7/site-packages/airflow/example_dags/example_short_circuit_operator.py
[2022-03-14 00:20:55,380] {logging_mixin.py:109} INFO - [2022-03-14 00:20:55,380] {dag.py:2398} INFO - Sync 1 DAGs
[2022-03-14 00:20:55,395] {logging_mixin.py:109} INFO - [2022-03-14 00:20:55,395] {dag.py:2937} INFO - Setting next_dagrun for example_short_circuit_operator to 2022-03-13T00:20:55.394889+00:00
[2022-03-14 00:20:55,421] {processor.py:171} INFO - Processing /home/airflow/.local/lib/python3.7/site-packages/airflow/example_dags/example_short_circuit_operator.py took 0.081 seconds
[2022-03-14 00:21:26,140] {processor.py:163} INFO - Started process (PID=6464) to work on /home/airflow/.local/lib/python3.7/site-packages/airflow/example_dags/example_short_circuit_operator.py
[2022-03-14 00:21:26,144] {processor.py:642} INFO - Processing file /home/airflow/.local/lib/python3.7/site-packages/airflow/example_dags/example_short_circuit_operator.py for tasks to queue
[2022-03-14 00:21:26,144] {logging_mixin.py:109} INFO - [2022-03-14 00:21:26,144] {dagbag.py:500} INFO - Filling up the DagBag from /home/airflow/.local/lib/python3.7/site-packages/airflow/example_dags/example_short_circuit_operator.py
[2022-03-14 00:21:26,167] {processor.py:654} INFO - DAG(s) dict_keys(['example_short_circuit_operator']) retrieved from /home/airflow/.local/lib/python3.7/site-packages/airflow/example_dags/example_short_circuit_operator.py
[2022-03-14 00:21:26,175] {logging_mixin.py:109} INFO - [2022-03-14 00:21:26,175] {dag.py:2398} INFO - Sync 1 DAGs
[2022-03-14 00:21:26,188] {logging_mixin.py:109} INFO - [2022-03-14 00:21:26,188] {dag.py:2937} INFO - Setting next_dagrun for example_short_circuit_operator to 2022-03-13T00:21:26.188106+00:00
[2022-03-14 00:21:26,202] {processor.py:171} INFO - Processing /home/airflow/.local/lib/python3.7/site-packages/airflow/example_dags/example_short_circuit_operator.py took 0.064 seconds
[2022-03-14 00:21:57,178] {processor.py:163} INFO - Started process (PID=6524) to work on /home/airflow/.local/lib/python3.7/site-packages/airflow/example_dags/example_short_circuit_operator.py
[2022-03-14 00:21:57,179] {processor.py:642} INFO - Processing file /home/airflow/.local/lib/python3.7/site-packages/airflow/example_dags/example_short_circuit_operator.py for tasks to queue
[2022-03-14 00:21:57,179] {logging_mixin.py:109} INFO - [2022-03-14 00:21:57,179] {dagbag.py:500} INFO - Filling up the DagBag from /home/airflow/.local/lib/python3.7/site-packages/airflow/example_dags/example_short_circuit_operator.py
[2022-03-14 00:21:57,202] {processor.py:654} INFO - DAG(s) dict_keys(['example_short_circuit_operator']) retrieved from /home/airflow/.local/lib/python3.7/site-packages/airflow/example_dags/example_short_circuit_operator.py
[2022-03-14 00:21:57,210] {logging_mixin.py:109} INFO - [2022-03-14 00:21:57,210] {dag.py:2398} INFO - Sync 1 DAGs
[2022-03-14 00:21:57,224] {logging_mixin.py:109} INFO - [2022-03-14 00:21:57,224] {dag.py:2937} INFO - Setting next_dagrun for example_short_circuit_operator to 2022-03-13T00:21:57.224620+00:00
[2022-03-14 00:21:57,239] {processor.py:171} INFO - Processing /home/airflow/.local/lib/python3.7/site-packages/airflow/example_dags/example_short_circuit_operator.py took 0.064 seconds
[2022-03-14 00:22:27,992] {processor.py:163} INFO - Started process (PID=6580) to work on /home/airflow/.local/lib/python3.7/site-packages/airflow/example_dags/example_short_circuit_operator.py
[2022-03-14 00:22:27,993] {processor.py:642} INFO - Processing file /home/airflow/.local/lib/python3.7/site-packages/airflow/example_dags/example_short_circuit_operator.py for tasks to queue
[2022-03-14 00:22:27,994] {logging_mixin.py:109} INFO - [2022-03-14 00:22:27,994] {dagbag.py:500} INFO - Filling up the DagBag from /home/airflow/.local/lib/python3.7/site-packages/airflow/example_dags/example_short_circuit_operator.py
[2022-03-14 00:22:28,017] {processor.py:654} INFO - DAG(s) dict_keys(['example_short_circuit_operator']) retrieved from /home/airflow/.local/lib/python3.7/site-packages/airflow/example_dags/example_short_circuit_operator.py
[2022-03-14 00:22:28,025] {logging_mixin.py:109} INFO - [2022-03-14 00:22:28,025] {dag.py:2398} INFO - Sync 1 DAGs
[2022-03-14 00:22:28,038] {logging_mixin.py:109} INFO - [2022-03-14 00:22:28,038] {dag.py:2937} INFO - Setting next_dagrun for example_short_circuit_operator to 2022-03-13T00:22:28.038043+00:00
[2022-03-14 00:22:28,052] {processor.py:171} INFO - Processing /home/airflow/.local/lib/python3.7/site-packages/airflow/example_dags/example_short_circuit_operator.py took 0.062 seconds
