[2022-03-14 00:00:26,622] {processor.py:163} INFO - Started process (PID=4152) to work on /home/airflow/.local/lib/python3.7/site-packages/airflow/example_dags/example_branch_datetime_operator.py
[2022-03-14 00:00:26,623] {processor.py:642} INFO - Processing file /home/airflow/.local/lib/python3.7/site-packages/airflow/example_dags/example_branch_datetime_operator.py for tasks to queue
[2022-03-14 00:00:26,623] {logging_mixin.py:109} INFO - [2022-03-14 00:00:26,623] {dagbag.py:500} INFO - Filling up the DagBag from /home/airflow/.local/lib/python3.7/site-packages/airflow/example_dags/example_branch_datetime_operator.py
[2022-03-14 00:00:26,648] {processor.py:654} INFO - DAG(s) dict_keys(['example_branch_datetime_operator_2']) retrieved from /home/airflow/.local/lib/python3.7/site-packages/airflow/example_dags/example_branch_datetime_operator.py
[2022-03-14 00:00:26,654] {logging_mixin.py:109} INFO - [2022-03-14 00:00:26,654] {dag.py:2398} INFO - Sync 1 DAGs
[2022-03-14 00:00:26,668] {logging_mixin.py:109} INFO - [2022-03-14 00:00:26,668] {dag.py:2937} INFO - Setting next_dagrun for example_branch_datetime_operator_2 to 2022-03-13 00:00:00+00:00
[2022-03-14 00:00:26,690] {processor.py:171} INFO - Processing /home/airflow/.local/lib/python3.7/site-packages/airflow/example_dags/example_branch_datetime_operator.py took 0.070 seconds
[2022-03-14 00:00:56,778] {processor.py:163} INFO - Started process (PID=4213) to work on /home/airflow/.local/lib/python3.7/site-packages/airflow/example_dags/example_branch_datetime_operator.py
[2022-03-14 00:00:56,779] {processor.py:642} INFO - Processing file /home/airflow/.local/lib/python3.7/site-packages/airflow/example_dags/example_branch_datetime_operator.py for tasks to queue
[2022-03-14 00:00:56,779] {logging_mixin.py:109} INFO - [2022-03-14 00:00:56,779] {dagbag.py:500} INFO - Filling up the DagBag from /home/airflow/.local/lib/python3.7/site-packages/airflow/example_dags/example_branch_datetime_operator.py
[2022-03-14 00:00:56,802] {processor.py:654} INFO - DAG(s) dict_keys(['example_branch_datetime_operator_2']) retrieved from /home/airflow/.local/lib/python3.7/site-packages/airflow/example_dags/example_branch_datetime_operator.py
[2022-03-14 00:00:56,810] {logging_mixin.py:109} INFO - [2022-03-14 00:00:56,810] {dag.py:2398} INFO - Sync 1 DAGs
[2022-03-14 00:00:56,823] {logging_mixin.py:109} INFO - [2022-03-14 00:00:56,823] {dag.py:2937} INFO - Setting next_dagrun for example_branch_datetime_operator_2 to 2022-03-13 00:00:00+00:00
[2022-03-14 00:00:56,844] {processor.py:171} INFO - Processing /home/airflow/.local/lib/python3.7/site-packages/airflow/example_dags/example_branch_datetime_operator.py took 0.068 seconds
[2022-03-14 00:01:27,553] {processor.py:163} INFO - Started process (PID=4265) to work on /home/airflow/.local/lib/python3.7/site-packages/airflow/example_dags/example_branch_datetime_operator.py
[2022-03-14 00:01:27,554] {processor.py:642} INFO - Processing file /home/airflow/.local/lib/python3.7/site-packages/airflow/example_dags/example_branch_datetime_operator.py for tasks to queue
[2022-03-14 00:01:27,555] {logging_mixin.py:109} INFO - [2022-03-14 00:01:27,555] {dagbag.py:500} INFO - Filling up the DagBag from /home/airflow/.local/lib/python3.7/site-packages/airflow/example_dags/example_branch_datetime_operator.py
[2022-03-14 00:01:27,582] {processor.py:654} INFO - DAG(s) dict_keys(['example_branch_datetime_operator_2']) retrieved from /home/airflow/.local/lib/python3.7/site-packages/airflow/example_dags/example_branch_datetime_operator.py
[2022-03-14 00:01:27,588] {logging_mixin.py:109} INFO - [2022-03-14 00:01:27,588] {dag.py:2398} INFO - Sync 1 DAGs
[2022-03-14 00:01:27,601] {logging_mixin.py:109} INFO - [2022-03-14 00:01:27,601] {dag.py:2937} INFO - Setting next_dagrun for example_branch_datetime_operator_2 to 2022-03-13 00:00:00+00:00
[2022-03-14 00:01:27,615] {processor.py:171} INFO - Processing /home/airflow/.local/lib/python3.7/site-packages/airflow/example_dags/example_branch_datetime_operator.py took 0.064 seconds
[2022-03-14 00:01:58,533] {processor.py:163} INFO - Started process (PID=4326) to work on /home/airflow/.local/lib/python3.7/site-packages/airflow/example_dags/example_branch_datetime_operator.py
[2022-03-14 00:01:58,533] {processor.py:642} INFO - Processing file /home/airflow/.local/lib/python3.7/site-packages/airflow/example_dags/example_branch_datetime_operator.py for tasks to queue
[2022-03-14 00:01:58,534] {logging_mixin.py:109} INFO - [2022-03-14 00:01:58,534] {dagbag.py:500} INFO - Filling up the DagBag from /home/airflow/.local/lib/python3.7/site-packages/airflow/example_dags/example_branch_datetime_operator.py
[2022-03-14 00:01:58,557] {processor.py:654} INFO - DAG(s) dict_keys(['example_branch_datetime_operator_2']) retrieved from /home/airflow/.local/lib/python3.7/site-packages/airflow/example_dags/example_branch_datetime_operator.py
[2022-03-14 00:01:58,565] {logging_mixin.py:109} INFO - [2022-03-14 00:01:58,564] {dag.py:2398} INFO - Sync 1 DAGs
[2022-03-14 00:01:58,579] {logging_mixin.py:109} INFO - [2022-03-14 00:01:58,579] {dag.py:2937} INFO - Setting next_dagrun for example_branch_datetime_operator_2 to 2022-03-13 00:00:00+00:00
[2022-03-14 00:01:58,599] {processor.py:171} INFO - Processing /home/airflow/.local/lib/python3.7/site-packages/airflow/example_dags/example_branch_datetime_operator.py took 0.068 seconds
[2022-03-14 00:02:29,110] {processor.py:163} INFO - Started process (PID=4379) to work on /home/airflow/.local/lib/python3.7/site-packages/airflow/example_dags/example_branch_datetime_operator.py
[2022-03-14 00:02:29,111] {processor.py:642} INFO - Processing file /home/airflow/.local/lib/python3.7/site-packages/airflow/example_dags/example_branch_datetime_operator.py for tasks to queue
[2022-03-14 00:02:29,111] {logging_mixin.py:109} INFO - [2022-03-14 00:02:29,111] {dagbag.py:500} INFO - Filling up the DagBag from /home/airflow/.local/lib/python3.7/site-packages/airflow/example_dags/example_branch_datetime_operator.py
[2022-03-14 00:02:29,136] {processor.py:654} INFO - DAG(s) dict_keys(['example_branch_datetime_operator_2']) retrieved from /home/airflow/.local/lib/python3.7/site-packages/airflow/example_dags/example_branch_datetime_operator.py
[2022-03-14 00:02:29,143] {logging_mixin.py:109} INFO - [2022-03-14 00:02:29,143] {dag.py:2398} INFO - Sync 1 DAGs
[2022-03-14 00:02:29,156] {logging_mixin.py:109} INFO - [2022-03-14 00:02:29,156] {dag.py:2937} INFO - Setting next_dagrun for example_branch_datetime_operator_2 to 2022-03-13 00:00:00+00:00
[2022-03-14 00:02:29,170] {processor.py:171} INFO - Processing /home/airflow/.local/lib/python3.7/site-packages/airflow/example_dags/example_branch_datetime_operator.py took 0.063 seconds
[2022-03-14 00:02:59,639] {processor.py:163} INFO - Started process (PID=4441) to work on /home/airflow/.local/lib/python3.7/site-packages/airflow/example_dags/example_branch_datetime_operator.py
[2022-03-14 00:02:59,640] {processor.py:642} INFO - Processing file /home/airflow/.local/lib/python3.7/site-packages/airflow/example_dags/example_branch_datetime_operator.py for tasks to queue
[2022-03-14 00:02:59,640] {logging_mixin.py:109} INFO - [2022-03-14 00:02:59,640] {dagbag.py:500} INFO - Filling up the DagBag from /home/airflow/.local/lib/python3.7/site-packages/airflow/example_dags/example_branch_datetime_operator.py
[2022-03-14 00:02:59,665] {processor.py:654} INFO - DAG(s) dict_keys(['example_branch_datetime_operator_2']) retrieved from /home/airflow/.local/lib/python3.7/site-packages/airflow/example_dags/example_branch_datetime_operator.py
[2022-03-14 00:02:59,674] {logging_mixin.py:109} INFO - [2022-03-14 00:02:59,674] {dag.py:2398} INFO - Sync 1 DAGs
[2022-03-14 00:02:59,695] {logging_mixin.py:109} INFO - [2022-03-14 00:02:59,695] {dag.py:2937} INFO - Setting next_dagrun for example_branch_datetime_operator_2 to 2022-03-13 00:00:00+00:00
[2022-03-14 00:02:59,715] {processor.py:171} INFO - Processing /home/airflow/.local/lib/python3.7/site-packages/airflow/example_dags/example_branch_datetime_operator.py took 0.079 seconds
[2022-03-14 00:03:29,802] {processor.py:163} INFO - Started process (PID=4493) to work on /home/airflow/.local/lib/python3.7/site-packages/airflow/example_dags/example_branch_datetime_operator.py
[2022-03-14 00:03:29,803] {processor.py:642} INFO - Processing file /home/airflow/.local/lib/python3.7/site-packages/airflow/example_dags/example_branch_datetime_operator.py for tasks to queue
[2022-03-14 00:03:29,803] {logging_mixin.py:109} INFO - [2022-03-14 00:03:29,803] {dagbag.py:500} INFO - Filling up the DagBag from /home/airflow/.local/lib/python3.7/site-packages/airflow/example_dags/example_branch_datetime_operator.py
[2022-03-14 00:03:29,832] {processor.py:654} INFO - DAG(s) dict_keys(['example_branch_datetime_operator_2']) retrieved from /home/airflow/.local/lib/python3.7/site-packages/airflow/example_dags/example_branch_datetime_operator.py
[2022-03-14 00:03:29,839] {logging_mixin.py:109} INFO - [2022-03-14 00:03:29,839] {dag.py:2398} INFO - Sync 1 DAGs
[2022-03-14 00:03:29,852] {logging_mixin.py:109} INFO - [2022-03-14 00:03:29,852] {dag.py:2937} INFO - Setting next_dagrun for example_branch_datetime_operator_2 to 2022-03-13 00:00:00+00:00
[2022-03-14 00:03:29,866] {processor.py:171} INFO - Processing /home/airflow/.local/lib/python3.7/site-packages/airflow/example_dags/example_branch_datetime_operator.py took 0.067 seconds
[2022-03-14 00:04:00,692] {processor.py:163} INFO - Started process (PID=4552) to work on /home/airflow/.local/lib/python3.7/site-packages/airflow/example_dags/example_branch_datetime_operator.py
[2022-03-14 00:04:00,693] {processor.py:642} INFO - Processing file /home/airflow/.local/lib/python3.7/site-packages/airflow/example_dags/example_branch_datetime_operator.py for tasks to queue
[2022-03-14 00:04:00,694] {logging_mixin.py:109} INFO - [2022-03-14 00:04:00,694] {dagbag.py:500} INFO - Filling up the DagBag from /home/airflow/.local/lib/python3.7/site-packages/airflow/example_dags/example_branch_datetime_operator.py
[2022-03-14 00:04:00,727] {processor.py:654} INFO - DAG(s) dict_keys(['example_branch_datetime_operator_2']) retrieved from /home/airflow/.local/lib/python3.7/site-packages/airflow/example_dags/example_branch_datetime_operator.py
[2022-03-14 00:04:00,738] {logging_mixin.py:109} INFO - [2022-03-14 00:04:00,738] {dag.py:2398} INFO - Sync 1 DAGs
[2022-03-14 00:04:00,754] {logging_mixin.py:109} INFO - [2022-03-14 00:04:00,753] {dag.py:2937} INFO - Setting next_dagrun for example_branch_datetime_operator_2 to 2022-03-13 00:00:00+00:00
[2022-03-14 00:04:00,762] {processor.py:171} INFO - Processing /home/airflow/.local/lib/python3.7/site-packages/airflow/example_dags/example_branch_datetime_operator.py took 0.073 seconds
[2022-03-14 00:04:30,799] {processor.py:163} INFO - Started process (PID=4606) to work on /home/airflow/.local/lib/python3.7/site-packages/airflow/example_dags/example_branch_datetime_operator.py
[2022-03-14 00:04:30,799] {processor.py:642} INFO - Processing file /home/airflow/.local/lib/python3.7/site-packages/airflow/example_dags/example_branch_datetime_operator.py for tasks to queue
[2022-03-14 00:04:30,800] {logging_mixin.py:109} INFO - [2022-03-14 00:04:30,800] {dagbag.py:500} INFO - Filling up the DagBag from /home/airflow/.local/lib/python3.7/site-packages/airflow/example_dags/example_branch_datetime_operator.py
[2022-03-14 00:04:30,820] {processor.py:654} INFO - DAG(s) dict_keys(['example_branch_datetime_operator_2']) retrieved from /home/airflow/.local/lib/python3.7/site-packages/airflow/example_dags/example_branch_datetime_operator.py
[2022-03-14 00:04:30,827] {logging_mixin.py:109} INFO - [2022-03-14 00:04:30,827] {dag.py:2398} INFO - Sync 1 DAGs
[2022-03-14 00:04:30,839] {logging_mixin.py:109} INFO - [2022-03-14 00:04:30,839] {dag.py:2937} INFO - Setting next_dagrun for example_branch_datetime_operator_2 to 2022-03-13 00:00:00+00:00
[2022-03-14 00:04:30,854] {processor.py:171} INFO - Processing /home/airflow/.local/lib/python3.7/site-packages/airflow/example_dags/example_branch_datetime_operator.py took 0.057 seconds
[2022-03-14 00:05:01,479] {processor.py:163} INFO - Started process (PID=4658) to work on /home/airflow/.local/lib/python3.7/site-packages/airflow/example_dags/example_branch_datetime_operator.py
[2022-03-14 00:05:01,480] {processor.py:642} INFO - Processing file /home/airflow/.local/lib/python3.7/site-packages/airflow/example_dags/example_branch_datetime_operator.py for tasks to queue
[2022-03-14 00:05:01,480] {logging_mixin.py:109} INFO - [2022-03-14 00:05:01,480] {dagbag.py:500} INFO - Filling up the DagBag from /home/airflow/.local/lib/python3.7/site-packages/airflow/example_dags/example_branch_datetime_operator.py
[2022-03-14 00:05:01,501] {processor.py:654} INFO - DAG(s) dict_keys(['example_branch_datetime_operator_2']) retrieved from /home/airflow/.local/lib/python3.7/site-packages/airflow/example_dags/example_branch_datetime_operator.py
[2022-03-14 00:05:01,508] {logging_mixin.py:109} INFO - [2022-03-14 00:05:01,508] {dag.py:2398} INFO - Sync 1 DAGs
[2022-03-14 00:05:01,521] {logging_mixin.py:109} INFO - [2022-03-14 00:05:01,521] {dag.py:2937} INFO - Setting next_dagrun for example_branch_datetime_operator_2 to 2022-03-13 00:00:00+00:00
[2022-03-14 00:05:01,535] {processor.py:171} INFO - Processing /home/airflow/.local/lib/python3.7/site-packages/airflow/example_dags/example_branch_datetime_operator.py took 0.058 seconds
[2022-03-14 00:05:32,355] {processor.py:163} INFO - Started process (PID=4719) to work on /home/airflow/.local/lib/python3.7/site-packages/airflow/example_dags/example_branch_datetime_operator.py
[2022-03-14 00:05:32,356] {processor.py:642} INFO - Processing file /home/airflow/.local/lib/python3.7/site-packages/airflow/example_dags/example_branch_datetime_operator.py for tasks to queue
[2022-03-14 00:05:32,356] {logging_mixin.py:109} INFO - [2022-03-14 00:05:32,356] {dagbag.py:500} INFO - Filling up the DagBag from /home/airflow/.local/lib/python3.7/site-packages/airflow/example_dags/example_branch_datetime_operator.py
[2022-03-14 00:05:32,378] {processor.py:654} INFO - DAG(s) dict_keys(['example_branch_datetime_operator_2']) retrieved from /home/airflow/.local/lib/python3.7/site-packages/airflow/example_dags/example_branch_datetime_operator.py
[2022-03-14 00:05:32,384] {logging_mixin.py:109} INFO - [2022-03-14 00:05:32,384] {dag.py:2398} INFO - Sync 1 DAGs
[2022-03-14 00:05:32,396] {logging_mixin.py:109} INFO - [2022-03-14 00:05:32,396] {dag.py:2937} INFO - Setting next_dagrun for example_branch_datetime_operator_2 to 2022-03-13 00:00:00+00:00
[2022-03-14 00:05:32,403] {processor.py:171} INFO - Processing /home/airflow/.local/lib/python3.7/site-packages/airflow/example_dags/example_branch_datetime_operator.py took 0.051 seconds
[2022-03-14 00:06:03,147] {processor.py:163} INFO - Started process (PID=4771) to work on /home/airflow/.local/lib/python3.7/site-packages/airflow/example_dags/example_branch_datetime_operator.py
[2022-03-14 00:06:03,148] {processor.py:642} INFO - Processing file /home/airflow/.local/lib/python3.7/site-packages/airflow/example_dags/example_branch_datetime_operator.py for tasks to queue
[2022-03-14 00:06:03,148] {logging_mixin.py:109} INFO - [2022-03-14 00:06:03,148] {dagbag.py:500} INFO - Filling up the DagBag from /home/airflow/.local/lib/python3.7/site-packages/airflow/example_dags/example_branch_datetime_operator.py
[2022-03-14 00:06:03,170] {processor.py:654} INFO - DAG(s) dict_keys(['example_branch_datetime_operator_2']) retrieved from /home/airflow/.local/lib/python3.7/site-packages/airflow/example_dags/example_branch_datetime_operator.py
[2022-03-14 00:06:03,176] {logging_mixin.py:109} INFO - [2022-03-14 00:06:03,176] {dag.py:2398} INFO - Sync 1 DAGs
[2022-03-14 00:06:03,192] {logging_mixin.py:109} INFO - [2022-03-14 00:06:03,192] {dag.py:2937} INFO - Setting next_dagrun for example_branch_datetime_operator_2 to 2022-03-13 00:00:00+00:00
[2022-03-14 00:06:03,205] {processor.py:171} INFO - Processing /home/airflow/.local/lib/python3.7/site-packages/airflow/example_dags/example_branch_datetime_operator.py took 0.060 seconds
[2022-03-14 00:06:33,966] {processor.py:163} INFO - Started process (PID=4832) to work on /home/airflow/.local/lib/python3.7/site-packages/airflow/example_dags/example_branch_datetime_operator.py
[2022-03-14 00:06:33,978] {processor.py:642} INFO - Processing file /home/airflow/.local/lib/python3.7/site-packages/airflow/example_dags/example_branch_datetime_operator.py for tasks to queue
[2022-03-14 00:06:33,978] {logging_mixin.py:109} INFO - [2022-03-14 00:06:33,978] {dagbag.py:500} INFO - Filling up the DagBag from /home/airflow/.local/lib/python3.7/site-packages/airflow/example_dags/example_branch_datetime_operator.py
[2022-03-14 00:06:34,001] {processor.py:654} INFO - DAG(s) dict_keys(['example_branch_datetime_operator_2']) retrieved from /home/airflow/.local/lib/python3.7/site-packages/airflow/example_dags/example_branch_datetime_operator.py
[2022-03-14 00:06:34,007] {logging_mixin.py:109} INFO - [2022-03-14 00:06:34,007] {dag.py:2398} INFO - Sync 1 DAGs
[2022-03-14 00:06:34,021] {logging_mixin.py:109} INFO - [2022-03-14 00:06:34,021] {dag.py:2937} INFO - Setting next_dagrun for example_branch_datetime_operator_2 to 2022-03-13 00:00:00+00:00
[2022-03-14 00:06:34,034] {processor.py:171} INFO - Processing /home/airflow/.local/lib/python3.7/site-packages/airflow/example_dags/example_branch_datetime_operator.py took 0.070 seconds
[2022-03-14 00:07:04,599] {processor.py:163} INFO - Started process (PID=4884) to work on /home/airflow/.local/lib/python3.7/site-packages/airflow/example_dags/example_branch_datetime_operator.py
[2022-03-14 00:07:04,605] {processor.py:642} INFO - Processing file /home/airflow/.local/lib/python3.7/site-packages/airflow/example_dags/example_branch_datetime_operator.py for tasks to queue
[2022-03-14 00:07:04,606] {logging_mixin.py:109} INFO - [2022-03-14 00:07:04,606] {dagbag.py:500} INFO - Filling up the DagBag from /home/airflow/.local/lib/python3.7/site-packages/airflow/example_dags/example_branch_datetime_operator.py
[2022-03-14 00:07:04,627] {processor.py:654} INFO - DAG(s) dict_keys(['example_branch_datetime_operator_2']) retrieved from /home/airflow/.local/lib/python3.7/site-packages/airflow/example_dags/example_branch_datetime_operator.py
[2022-03-14 00:07:04,634] {logging_mixin.py:109} INFO - [2022-03-14 00:07:04,634] {dag.py:2398} INFO - Sync 1 DAGs
[2022-03-14 00:07:04,648] {logging_mixin.py:109} INFO - [2022-03-14 00:07:04,648] {dag.py:2937} INFO - Setting next_dagrun for example_branch_datetime_operator_2 to 2022-03-13 00:00:00+00:00
[2022-03-14 00:07:04,676] {processor.py:171} INFO - Processing /home/airflow/.local/lib/python3.7/site-packages/airflow/example_dags/example_branch_datetime_operator.py took 0.079 seconds
[2022-03-14 00:07:35,637] {processor.py:163} INFO - Started process (PID=4945) to work on /home/airflow/.local/lib/python3.7/site-packages/airflow/example_dags/example_branch_datetime_operator.py
[2022-03-14 00:07:35,639] {processor.py:642} INFO - Processing file /home/airflow/.local/lib/python3.7/site-packages/airflow/example_dags/example_branch_datetime_operator.py for tasks to queue
[2022-03-14 00:07:35,639] {logging_mixin.py:109} INFO - [2022-03-14 00:07:35,639] {dagbag.py:500} INFO - Filling up the DagBag from /home/airflow/.local/lib/python3.7/site-packages/airflow/example_dags/example_branch_datetime_operator.py
[2022-03-14 00:07:35,668] {processor.py:654} INFO - DAG(s) dict_keys(['example_branch_datetime_operator_2']) retrieved from /home/airflow/.local/lib/python3.7/site-packages/airflow/example_dags/example_branch_datetime_operator.py
[2022-03-14 00:07:35,676] {logging_mixin.py:109} INFO - [2022-03-14 00:07:35,675] {dag.py:2398} INFO - Sync 1 DAGs
[2022-03-14 00:07:35,690] {logging_mixin.py:109} INFO - [2022-03-14 00:07:35,690] {dag.py:2937} INFO - Setting next_dagrun for example_branch_datetime_operator_2 to 2022-03-13 00:00:00+00:00
[2022-03-14 00:07:35,704] {processor.py:171} INFO - Processing /home/airflow/.local/lib/python3.7/site-packages/airflow/example_dags/example_branch_datetime_operator.py took 0.069 seconds
[2022-03-14 00:08:06,618] {processor.py:163} INFO - Started process (PID=4997) to work on /home/airflow/.local/lib/python3.7/site-packages/airflow/example_dags/example_branch_datetime_operator.py
[2022-03-14 00:08:06,618] {processor.py:642} INFO - Processing file /home/airflow/.local/lib/python3.7/site-packages/airflow/example_dags/example_branch_datetime_operator.py for tasks to queue
[2022-03-14 00:08:06,619] {logging_mixin.py:109} INFO - [2022-03-14 00:08:06,619] {dagbag.py:500} INFO - Filling up the DagBag from /home/airflow/.local/lib/python3.7/site-packages/airflow/example_dags/example_branch_datetime_operator.py
[2022-03-14 00:08:06,642] {processor.py:654} INFO - DAG(s) dict_keys(['example_branch_datetime_operator_2']) retrieved from /home/airflow/.local/lib/python3.7/site-packages/airflow/example_dags/example_branch_datetime_operator.py
[2022-03-14 00:08:06,650] {logging_mixin.py:109} INFO - [2022-03-14 00:08:06,650] {dag.py:2398} INFO - Sync 1 DAGs
[2022-03-14 00:08:06,663] {logging_mixin.py:109} INFO - [2022-03-14 00:08:06,663] {dag.py:2937} INFO - Setting next_dagrun for example_branch_datetime_operator_2 to 2022-03-13 00:00:00+00:00
[2022-03-14 00:08:06,676] {processor.py:171} INFO - Processing /home/airflow/.local/lib/python3.7/site-packages/airflow/example_dags/example_branch_datetime_operator.py took 0.061 seconds
[2022-03-14 00:08:37,583] {processor.py:163} INFO - Started process (PID=5058) to work on /home/airflow/.local/lib/python3.7/site-packages/airflow/example_dags/example_branch_datetime_operator.py
[2022-03-14 00:08:37,584] {processor.py:642} INFO - Processing file /home/airflow/.local/lib/python3.7/site-packages/airflow/example_dags/example_branch_datetime_operator.py for tasks to queue
[2022-03-14 00:08:37,584] {logging_mixin.py:109} INFO - [2022-03-14 00:08:37,584] {dagbag.py:500} INFO - Filling up the DagBag from /home/airflow/.local/lib/python3.7/site-packages/airflow/example_dags/example_branch_datetime_operator.py
[2022-03-14 00:08:37,608] {processor.py:654} INFO - DAG(s) dict_keys(['example_branch_datetime_operator_2']) retrieved from /home/airflow/.local/lib/python3.7/site-packages/airflow/example_dags/example_branch_datetime_operator.py
[2022-03-14 00:08:37,617] {logging_mixin.py:109} INFO - [2022-03-14 00:08:37,617] {dag.py:2398} INFO - Sync 1 DAGs
[2022-03-14 00:08:37,639] {logging_mixin.py:109} INFO - [2022-03-14 00:08:37,639] {dag.py:2937} INFO - Setting next_dagrun for example_branch_datetime_operator_2 to 2022-03-13 00:00:00+00:00
[2022-03-14 00:08:37,649] {processor.py:171} INFO - Processing /home/airflow/.local/lib/python3.7/site-packages/airflow/example_dags/example_branch_datetime_operator.py took 0.068 seconds
[2022-03-14 00:09:08,231] {processor.py:163} INFO - Started process (PID=5111) to work on /home/airflow/.local/lib/python3.7/site-packages/airflow/example_dags/example_branch_datetime_operator.py
[2022-03-14 00:09:08,232] {processor.py:642} INFO - Processing file /home/airflow/.local/lib/python3.7/site-packages/airflow/example_dags/example_branch_datetime_operator.py for tasks to queue
[2022-03-14 00:09:08,233] {logging_mixin.py:109} INFO - [2022-03-14 00:09:08,233] {dagbag.py:500} INFO - Filling up the DagBag from /home/airflow/.local/lib/python3.7/site-packages/airflow/example_dags/example_branch_datetime_operator.py
[2022-03-14 00:09:08,255] {processor.py:654} INFO - DAG(s) dict_keys(['example_branch_datetime_operator_2']) retrieved from /home/airflow/.local/lib/python3.7/site-packages/airflow/example_dags/example_branch_datetime_operator.py
[2022-03-14 00:09:08,261] {logging_mixin.py:109} INFO - [2022-03-14 00:09:08,261] {dag.py:2398} INFO - Sync 1 DAGs
[2022-03-14 00:09:08,275] {logging_mixin.py:109} INFO - [2022-03-14 00:09:08,275] {dag.py:2937} INFO - Setting next_dagrun for example_branch_datetime_operator_2 to 2022-03-13 00:00:00+00:00
[2022-03-14 00:09:08,288] {processor.py:171} INFO - Processing /home/airflow/.local/lib/python3.7/site-packages/airflow/example_dags/example_branch_datetime_operator.py took 0.059 seconds
[2022-03-14 00:09:39,109] {processor.py:163} INFO - Started process (PID=5172) to work on /home/airflow/.local/lib/python3.7/site-packages/airflow/example_dags/example_branch_datetime_operator.py
[2022-03-14 00:09:39,109] {processor.py:642} INFO - Processing file /home/airflow/.local/lib/python3.7/site-packages/airflow/example_dags/example_branch_datetime_operator.py for tasks to queue
[2022-03-14 00:09:39,110] {logging_mixin.py:109} INFO - [2022-03-14 00:09:39,110] {dagbag.py:500} INFO - Filling up the DagBag from /home/airflow/.local/lib/python3.7/site-packages/airflow/example_dags/example_branch_datetime_operator.py
[2022-03-14 00:09:39,132] {processor.py:654} INFO - DAG(s) dict_keys(['example_branch_datetime_operator_2']) retrieved from /home/airflow/.local/lib/python3.7/site-packages/airflow/example_dags/example_branch_datetime_operator.py
[2022-03-14 00:09:39,139] {logging_mixin.py:109} INFO - [2022-03-14 00:09:39,139] {dag.py:2398} INFO - Sync 1 DAGs
[2022-03-14 00:09:39,153] {logging_mixin.py:109} INFO - [2022-03-14 00:09:39,152] {dag.py:2937} INFO - Setting next_dagrun for example_branch_datetime_operator_2 to 2022-03-13 00:00:00+00:00
[2022-03-14 00:09:39,167] {processor.py:171} INFO - Processing /home/airflow/.local/lib/python3.7/site-packages/airflow/example_dags/example_branch_datetime_operator.py took 0.060 seconds
[2022-03-14 00:10:09,784] {processor.py:163} INFO - Started process (PID=5224) to work on /home/airflow/.local/lib/python3.7/site-packages/airflow/example_dags/example_branch_datetime_operator.py
[2022-03-14 00:10:09,785] {processor.py:642} INFO - Processing file /home/airflow/.local/lib/python3.7/site-packages/airflow/example_dags/example_branch_datetime_operator.py for tasks to queue
[2022-03-14 00:10:09,785] {logging_mixin.py:109} INFO - [2022-03-14 00:10:09,785] {dagbag.py:500} INFO - Filling up the DagBag from /home/airflow/.local/lib/python3.7/site-packages/airflow/example_dags/example_branch_datetime_operator.py
[2022-03-14 00:10:09,808] {processor.py:654} INFO - DAG(s) dict_keys(['example_branch_datetime_operator_2']) retrieved from /home/airflow/.local/lib/python3.7/site-packages/airflow/example_dags/example_branch_datetime_operator.py
[2022-03-14 00:10:09,815] {logging_mixin.py:109} INFO - [2022-03-14 00:10:09,815] {dag.py:2398} INFO - Sync 1 DAGs
[2022-03-14 00:10:09,831] {logging_mixin.py:109} INFO - [2022-03-14 00:10:09,831] {dag.py:2937} INFO - Setting next_dagrun for example_branch_datetime_operator_2 to 2022-03-13 00:00:00+00:00
[2022-03-14 00:10:09,846] {processor.py:171} INFO - Processing /home/airflow/.local/lib/python3.7/site-packages/airflow/example_dags/example_branch_datetime_operator.py took 0.064 seconds
[2022-03-14 00:10:40,667] {processor.py:163} INFO - Started process (PID=5276) to work on /home/airflow/.local/lib/python3.7/site-packages/airflow/example_dags/example_branch_datetime_operator.py
[2022-03-14 00:10:40,668] {processor.py:642} INFO - Processing file /home/airflow/.local/lib/python3.7/site-packages/airflow/example_dags/example_branch_datetime_operator.py for tasks to queue
[2022-03-14 00:10:40,668] {logging_mixin.py:109} INFO - [2022-03-14 00:10:40,668] {dagbag.py:500} INFO - Filling up the DagBag from /home/airflow/.local/lib/python3.7/site-packages/airflow/example_dags/example_branch_datetime_operator.py
[2022-03-14 00:10:40,691] {processor.py:654} INFO - DAG(s) dict_keys(['example_branch_datetime_operator_2']) retrieved from /home/airflow/.local/lib/python3.7/site-packages/airflow/example_dags/example_branch_datetime_operator.py
[2022-03-14 00:10:40,698] {logging_mixin.py:109} INFO - [2022-03-14 00:10:40,698] {dag.py:2398} INFO - Sync 1 DAGs
[2022-03-14 00:10:40,712] {logging_mixin.py:109} INFO - [2022-03-14 00:10:40,712] {dag.py:2937} INFO - Setting next_dagrun for example_branch_datetime_operator_2 to 2022-03-13 00:00:00+00:00
[2022-03-14 00:10:40,726] {processor.py:171} INFO - Processing /home/airflow/.local/lib/python3.7/site-packages/airflow/example_dags/example_branch_datetime_operator.py took 0.060 seconds
[2022-03-14 00:11:11,431] {processor.py:163} INFO - Started process (PID=5337) to work on /home/airflow/.local/lib/python3.7/site-packages/airflow/example_dags/example_branch_datetime_operator.py
[2022-03-14 00:11:11,432] {processor.py:642} INFO - Processing file /home/airflow/.local/lib/python3.7/site-packages/airflow/example_dags/example_branch_datetime_operator.py for tasks to queue
[2022-03-14 00:11:11,432] {logging_mixin.py:109} INFO - [2022-03-14 00:11:11,432] {dagbag.py:500} INFO - Filling up the DagBag from /home/airflow/.local/lib/python3.7/site-packages/airflow/example_dags/example_branch_datetime_operator.py
[2022-03-14 00:11:11,454] {processor.py:654} INFO - DAG(s) dict_keys(['example_branch_datetime_operator_2']) retrieved from /home/airflow/.local/lib/python3.7/site-packages/airflow/example_dags/example_branch_datetime_operator.py
[2022-03-14 00:11:11,462] {logging_mixin.py:109} INFO - [2022-03-14 00:11:11,461] {dag.py:2398} INFO - Sync 1 DAGs
[2022-03-14 00:11:11,476] {logging_mixin.py:109} INFO - [2022-03-14 00:11:11,476] {dag.py:2937} INFO - Setting next_dagrun for example_branch_datetime_operator_2 to 2022-03-13 00:00:00+00:00
[2022-03-14 00:11:11,489] {processor.py:171} INFO - Processing /home/airflow/.local/lib/python3.7/site-packages/airflow/example_dags/example_branch_datetime_operator.py took 0.060 seconds
[2022-03-14 00:11:42,284] {processor.py:163} INFO - Started process (PID=5389) to work on /home/airflow/.local/lib/python3.7/site-packages/airflow/example_dags/example_branch_datetime_operator.py
[2022-03-14 00:11:42,285] {processor.py:642} INFO - Processing file /home/airflow/.local/lib/python3.7/site-packages/airflow/example_dags/example_branch_datetime_operator.py for tasks to queue
[2022-03-14 00:11:42,285] {logging_mixin.py:109} INFO - [2022-03-14 00:11:42,285] {dagbag.py:500} INFO - Filling up the DagBag from /home/airflow/.local/lib/python3.7/site-packages/airflow/example_dags/example_branch_datetime_operator.py
[2022-03-14 00:11:42,306] {processor.py:654} INFO - DAG(s) dict_keys(['example_branch_datetime_operator_2']) retrieved from /home/airflow/.local/lib/python3.7/site-packages/airflow/example_dags/example_branch_datetime_operator.py
[2022-03-14 00:11:42,312] {logging_mixin.py:109} INFO - [2022-03-14 00:11:42,312] {dag.py:2398} INFO - Sync 1 DAGs
[2022-03-14 00:11:42,325] {logging_mixin.py:109} INFO - [2022-03-14 00:11:42,325] {dag.py:2937} INFO - Setting next_dagrun for example_branch_datetime_operator_2 to 2022-03-13 00:00:00+00:00
[2022-03-14 00:11:42,339] {processor.py:171} INFO - Processing /home/airflow/.local/lib/python3.7/site-packages/airflow/example_dags/example_branch_datetime_operator.py took 0.057 seconds
[2022-03-14 00:12:13,183] {processor.py:163} INFO - Started process (PID=5450) to work on /home/airflow/.local/lib/python3.7/site-packages/airflow/example_dags/example_branch_datetime_operator.py
[2022-03-14 00:12:13,184] {processor.py:642} INFO - Processing file /home/airflow/.local/lib/python3.7/site-packages/airflow/example_dags/example_branch_datetime_operator.py for tasks to queue
[2022-03-14 00:12:13,184] {logging_mixin.py:109} INFO - [2022-03-14 00:12:13,184] {dagbag.py:500} INFO - Filling up the DagBag from /home/airflow/.local/lib/python3.7/site-packages/airflow/example_dags/example_branch_datetime_operator.py
[2022-03-14 00:12:13,208] {processor.py:654} INFO - DAG(s) dict_keys(['example_branch_datetime_operator_2']) retrieved from /home/airflow/.local/lib/python3.7/site-packages/airflow/example_dags/example_branch_datetime_operator.py
[2022-03-14 00:12:13,215] {logging_mixin.py:109} INFO - [2022-03-14 00:12:13,215] {dag.py:2398} INFO - Sync 1 DAGs
[2022-03-14 00:12:13,229] {logging_mixin.py:109} INFO - [2022-03-14 00:12:13,228] {dag.py:2937} INFO - Setting next_dagrun for example_branch_datetime_operator_2 to 2022-03-13 00:00:00+00:00
[2022-03-14 00:12:13,249] {processor.py:171} INFO - Processing /home/airflow/.local/lib/python3.7/site-packages/airflow/example_dags/example_branch_datetime_operator.py took 0.068 seconds
[2022-03-14 00:12:43,862] {processor.py:163} INFO - Started process (PID=5502) to work on /home/airflow/.local/lib/python3.7/site-packages/airflow/example_dags/example_branch_datetime_operator.py
[2022-03-14 00:12:43,863] {processor.py:642} INFO - Processing file /home/airflow/.local/lib/python3.7/site-packages/airflow/example_dags/example_branch_datetime_operator.py for tasks to queue
[2022-03-14 00:12:43,863] {logging_mixin.py:109} INFO - [2022-03-14 00:12:43,863] {dagbag.py:500} INFO - Filling up the DagBag from /home/airflow/.local/lib/python3.7/site-packages/airflow/example_dags/example_branch_datetime_operator.py
[2022-03-14 00:12:43,885] {processor.py:654} INFO - DAG(s) dict_keys(['example_branch_datetime_operator_2']) retrieved from /home/airflow/.local/lib/python3.7/site-packages/airflow/example_dags/example_branch_datetime_operator.py
[2022-03-14 00:12:43,892] {logging_mixin.py:109} INFO - [2022-03-14 00:12:43,891] {dag.py:2398} INFO - Sync 1 DAGs
[2022-03-14 00:12:43,905] {logging_mixin.py:109} INFO - [2022-03-14 00:12:43,904] {dag.py:2937} INFO - Setting next_dagrun for example_branch_datetime_operator_2 to 2022-03-13 00:00:00+00:00
[2022-03-14 00:12:43,925] {processor.py:171} INFO - Processing /home/airflow/.local/lib/python3.7/site-packages/airflow/example_dags/example_branch_datetime_operator.py took 0.065 seconds
[2022-03-14 00:13:14,863] {processor.py:163} INFO - Started process (PID=5564) to work on /home/airflow/.local/lib/python3.7/site-packages/airflow/example_dags/example_branch_datetime_operator.py
[2022-03-14 00:13:14,864] {processor.py:642} INFO - Processing file /home/airflow/.local/lib/python3.7/site-packages/airflow/example_dags/example_branch_datetime_operator.py for tasks to queue
[2022-03-14 00:13:14,865] {logging_mixin.py:109} INFO - [2022-03-14 00:13:14,865] {dagbag.py:500} INFO - Filling up the DagBag from /home/airflow/.local/lib/python3.7/site-packages/airflow/example_dags/example_branch_datetime_operator.py
[2022-03-14 00:13:14,889] {processor.py:654} INFO - DAG(s) dict_keys(['example_branch_datetime_operator_2']) retrieved from /home/airflow/.local/lib/python3.7/site-packages/airflow/example_dags/example_branch_datetime_operator.py
[2022-03-14 00:13:14,898] {logging_mixin.py:109} INFO - [2022-03-14 00:13:14,898] {dag.py:2398} INFO - Sync 1 DAGs
[2022-03-14 00:13:14,916] {logging_mixin.py:109} INFO - [2022-03-14 00:13:14,916] {dag.py:2937} INFO - Setting next_dagrun for example_branch_datetime_operator_2 to 2022-03-13 00:00:00+00:00
[2022-03-14 00:13:14,931] {processor.py:171} INFO - Processing /home/airflow/.local/lib/python3.7/site-packages/airflow/example_dags/example_branch_datetime_operator.py took 0.070 seconds
[2022-03-14 00:13:45,680] {processor.py:163} INFO - Started process (PID=5616) to work on /home/airflow/.local/lib/python3.7/site-packages/airflow/example_dags/example_branch_datetime_operator.py
[2022-03-14 00:13:45,680] {processor.py:642} INFO - Processing file /home/airflow/.local/lib/python3.7/site-packages/airflow/example_dags/example_branch_datetime_operator.py for tasks to queue
[2022-03-14 00:13:45,681] {logging_mixin.py:109} INFO - [2022-03-14 00:13:45,680] {dagbag.py:500} INFO - Filling up the DagBag from /home/airflow/.local/lib/python3.7/site-packages/airflow/example_dags/example_branch_datetime_operator.py
[2022-03-14 00:13:45,703] {processor.py:654} INFO - DAG(s) dict_keys(['example_branch_datetime_operator_2']) retrieved from /home/airflow/.local/lib/python3.7/site-packages/airflow/example_dags/example_branch_datetime_operator.py
[2022-03-14 00:13:45,713] {logging_mixin.py:109} INFO - [2022-03-14 00:13:45,713] {dag.py:2398} INFO - Sync 1 DAGs
[2022-03-14 00:13:45,731] {logging_mixin.py:109} INFO - [2022-03-14 00:13:45,731] {dag.py:2937} INFO - Setting next_dagrun for example_branch_datetime_operator_2 to 2022-03-13 00:00:00+00:00
[2022-03-14 00:13:45,741] {processor.py:171} INFO - Processing /home/airflow/.local/lib/python3.7/site-packages/airflow/example_dags/example_branch_datetime_operator.py took 0.064 seconds
[2022-03-14 00:14:16,677] {processor.py:163} INFO - Started process (PID=5679) to work on /home/airflow/.local/lib/python3.7/site-packages/airflow/example_dags/example_branch_datetime_operator.py
[2022-03-14 00:14:16,678] {processor.py:642} INFO - Processing file /home/airflow/.local/lib/python3.7/site-packages/airflow/example_dags/example_branch_datetime_operator.py for tasks to queue
[2022-03-14 00:14:16,678] {logging_mixin.py:109} INFO - [2022-03-14 00:14:16,678] {dagbag.py:500} INFO - Filling up the DagBag from /home/airflow/.local/lib/python3.7/site-packages/airflow/example_dags/example_branch_datetime_operator.py
[2022-03-14 00:14:16,699] {processor.py:654} INFO - DAG(s) dict_keys(['example_branch_datetime_operator_2']) retrieved from /home/airflow/.local/lib/python3.7/site-packages/airflow/example_dags/example_branch_datetime_operator.py
[2022-03-14 00:14:16,706] {logging_mixin.py:109} INFO - [2022-03-14 00:14:16,706] {dag.py:2398} INFO - Sync 1 DAGs
[2022-03-14 00:14:16,720] {logging_mixin.py:109} INFO - [2022-03-14 00:14:16,720] {dag.py:2937} INFO - Setting next_dagrun for example_branch_datetime_operator_2 to 2022-03-13 00:00:00+00:00
[2022-03-14 00:14:16,734] {processor.py:171} INFO - Processing /home/airflow/.local/lib/python3.7/site-packages/airflow/example_dags/example_branch_datetime_operator.py took 0.059 seconds
[2022-03-14 00:14:46,903] {processor.py:163} INFO - Started process (PID=5731) to work on /home/airflow/.local/lib/python3.7/site-packages/airflow/example_dags/example_branch_datetime_operator.py
[2022-03-14 00:14:46,904] {processor.py:642} INFO - Processing file /home/airflow/.local/lib/python3.7/site-packages/airflow/example_dags/example_branch_datetime_operator.py for tasks to queue
[2022-03-14 00:14:46,905] {logging_mixin.py:109} INFO - [2022-03-14 00:14:46,904] {dagbag.py:500} INFO - Filling up the DagBag from /home/airflow/.local/lib/python3.7/site-packages/airflow/example_dags/example_branch_datetime_operator.py
[2022-03-14 00:14:46,927] {processor.py:654} INFO - DAG(s) dict_keys(['example_branch_datetime_operator_2']) retrieved from /home/airflow/.local/lib/python3.7/site-packages/airflow/example_dags/example_branch_datetime_operator.py
[2022-03-14 00:14:46,934] {logging_mixin.py:109} INFO - [2022-03-14 00:14:46,934] {dag.py:2398} INFO - Sync 1 DAGs
[2022-03-14 00:14:46,948] {logging_mixin.py:109} INFO - [2022-03-14 00:14:46,948] {dag.py:2937} INFO - Setting next_dagrun for example_branch_datetime_operator_2 to 2022-03-13 00:00:00+00:00
[2022-03-14 00:14:46,961] {processor.py:171} INFO - Processing /home/airflow/.local/lib/python3.7/site-packages/airflow/example_dags/example_branch_datetime_operator.py took 0.060 seconds
[2022-03-14 00:15:17,138] {processor.py:163} INFO - Started process (PID=5792) to work on /home/airflow/.local/lib/python3.7/site-packages/airflow/example_dags/example_branch_datetime_operator.py
[2022-03-14 00:15:17,139] {processor.py:642} INFO - Processing file /home/airflow/.local/lib/python3.7/site-packages/airflow/example_dags/example_branch_datetime_operator.py for tasks to queue
[2022-03-14 00:15:17,140] {logging_mixin.py:109} INFO - [2022-03-14 00:15:17,139] {dagbag.py:500} INFO - Filling up the DagBag from /home/airflow/.local/lib/python3.7/site-packages/airflow/example_dags/example_branch_datetime_operator.py
[2022-03-14 00:15:17,173] {processor.py:654} INFO - DAG(s) dict_keys(['example_branch_datetime_operator_2']) retrieved from /home/airflow/.local/lib/python3.7/site-packages/airflow/example_dags/example_branch_datetime_operator.py
[2022-03-14 00:15:17,184] {logging_mixin.py:109} INFO - [2022-03-14 00:15:17,184] {dag.py:2398} INFO - Sync 1 DAGs
[2022-03-14 00:15:17,206] {logging_mixin.py:109} INFO - [2022-03-14 00:15:17,206] {dag.py:2937} INFO - Setting next_dagrun for example_branch_datetime_operator_2 to 2022-03-13 00:00:00+00:00
[2022-03-14 00:15:17,228] {processor.py:171} INFO - Processing /home/airflow/.local/lib/python3.7/site-packages/airflow/example_dags/example_branch_datetime_operator.py took 0.094 seconds
[2022-03-14 00:15:47,252] {processor.py:163} INFO - Started process (PID=5844) to work on /home/airflow/.local/lib/python3.7/site-packages/airflow/example_dags/example_branch_datetime_operator.py
[2022-03-14 00:15:47,252] {processor.py:642} INFO - Processing file /home/airflow/.local/lib/python3.7/site-packages/airflow/example_dags/example_branch_datetime_operator.py for tasks to queue
[2022-03-14 00:15:47,253] {logging_mixin.py:109} INFO - [2022-03-14 00:15:47,253] {dagbag.py:500} INFO - Filling up the DagBag from /home/airflow/.local/lib/python3.7/site-packages/airflow/example_dags/example_branch_datetime_operator.py
[2022-03-14 00:15:47,276] {processor.py:654} INFO - DAG(s) dict_keys(['example_branch_datetime_operator_2']) retrieved from /home/airflow/.local/lib/python3.7/site-packages/airflow/example_dags/example_branch_datetime_operator.py
[2022-03-14 00:15:47,284] {logging_mixin.py:109} INFO - [2022-03-14 00:15:47,284] {dag.py:2398} INFO - Sync 1 DAGs
[2022-03-14 00:15:47,300] {logging_mixin.py:109} INFO - [2022-03-14 00:15:47,300] {dag.py:2937} INFO - Setting next_dagrun for example_branch_datetime_operator_2 to 2022-03-13 00:00:00+00:00
[2022-03-14 00:15:47,320] {processor.py:171} INFO - Processing /home/airflow/.local/lib/python3.7/site-packages/airflow/example_dags/example_branch_datetime_operator.py took 0.071 seconds
[2022-03-14 00:16:17,958] {processor.py:163} INFO - Started process (PID=5896) to work on /home/airflow/.local/lib/python3.7/site-packages/airflow/example_dags/example_branch_datetime_operator.py
[2022-03-14 00:16:17,959] {processor.py:642} INFO - Processing file /home/airflow/.local/lib/python3.7/site-packages/airflow/example_dags/example_branch_datetime_operator.py for tasks to queue
[2022-03-14 00:16:17,959] {logging_mixin.py:109} INFO - [2022-03-14 00:16:17,959] {dagbag.py:500} INFO - Filling up the DagBag from /home/airflow/.local/lib/python3.7/site-packages/airflow/example_dags/example_branch_datetime_operator.py
[2022-03-14 00:16:17,982] {processor.py:654} INFO - DAG(s) dict_keys(['example_branch_datetime_operator_2']) retrieved from /home/airflow/.local/lib/python3.7/site-packages/airflow/example_dags/example_branch_datetime_operator.py
[2022-03-14 00:16:17,989] {logging_mixin.py:109} INFO - [2022-03-14 00:16:17,989] {dag.py:2398} INFO - Sync 1 DAGs
[2022-03-14 00:16:18,003] {logging_mixin.py:109} INFO - [2022-03-14 00:16:18,003] {dag.py:2937} INFO - Setting next_dagrun for example_branch_datetime_operator_2 to 2022-03-13 00:00:00+00:00
[2022-03-14 00:16:18,017] {processor.py:171} INFO - Processing /home/airflow/.local/lib/python3.7/site-packages/airflow/example_dags/example_branch_datetime_operator.py took 0.061 seconds
[2022-03-14 00:16:48,547] {processor.py:163} INFO - Started process (PID=5958) to work on /home/airflow/.local/lib/python3.7/site-packages/airflow/example_dags/example_branch_datetime_operator.py
[2022-03-14 00:16:48,548] {processor.py:642} INFO - Processing file /home/airflow/.local/lib/python3.7/site-packages/airflow/example_dags/example_branch_datetime_operator.py for tasks to queue
[2022-03-14 00:16:48,548] {logging_mixin.py:109} INFO - [2022-03-14 00:16:48,548] {dagbag.py:500} INFO - Filling up the DagBag from /home/airflow/.local/lib/python3.7/site-packages/airflow/example_dags/example_branch_datetime_operator.py
[2022-03-14 00:16:48,571] {processor.py:654} INFO - DAG(s) dict_keys(['example_branch_datetime_operator_2']) retrieved from /home/airflow/.local/lib/python3.7/site-packages/airflow/example_dags/example_branch_datetime_operator.py
[2022-03-14 00:16:48,578] {logging_mixin.py:109} INFO - [2022-03-14 00:16:48,577] {dag.py:2398} INFO - Sync 1 DAGs
[2022-03-14 00:16:48,591] {logging_mixin.py:109} INFO - [2022-03-14 00:16:48,591] {dag.py:2937} INFO - Setting next_dagrun for example_branch_datetime_operator_2 to 2022-03-13 00:00:00+00:00
[2022-03-14 00:16:48,599] {processor.py:171} INFO - Processing /home/airflow/.local/lib/python3.7/site-packages/airflow/example_dags/example_branch_datetime_operator.py took 0.054 seconds
[2022-03-14 00:17:19,452] {processor.py:163} INFO - Started process (PID=6010) to work on /home/airflow/.local/lib/python3.7/site-packages/airflow/example_dags/example_branch_datetime_operator.py
[2022-03-14 00:17:19,453] {processor.py:642} INFO - Processing file /home/airflow/.local/lib/python3.7/site-packages/airflow/example_dags/example_branch_datetime_operator.py for tasks to queue
[2022-03-14 00:17:19,453] {logging_mixin.py:109} INFO - [2022-03-14 00:17:19,453] {dagbag.py:500} INFO - Filling up the DagBag from /home/airflow/.local/lib/python3.7/site-packages/airflow/example_dags/example_branch_datetime_operator.py
[2022-03-14 00:17:19,474] {processor.py:654} INFO - DAG(s) dict_keys(['example_branch_datetime_operator_2']) retrieved from /home/airflow/.local/lib/python3.7/site-packages/airflow/example_dags/example_branch_datetime_operator.py
[2022-03-14 00:17:19,481] {logging_mixin.py:109} INFO - [2022-03-14 00:17:19,481] {dag.py:2398} INFO - Sync 1 DAGs
[2022-03-14 00:17:19,494] {logging_mixin.py:109} INFO - [2022-03-14 00:17:19,494] {dag.py:2937} INFO - Setting next_dagrun for example_branch_datetime_operator_2 to 2022-03-13 00:00:00+00:00
[2022-03-14 00:17:19,515] {processor.py:171} INFO - Processing /home/airflow/.local/lib/python3.7/site-packages/airflow/example_dags/example_branch_datetime_operator.py took 0.065 seconds
[2022-03-14 00:17:50,108] {processor.py:163} INFO - Started process (PID=6071) to work on /home/airflow/.local/lib/python3.7/site-packages/airflow/example_dags/example_branch_datetime_operator.py
[2022-03-14 00:17:50,108] {processor.py:642} INFO - Processing file /home/airflow/.local/lib/python3.7/site-packages/airflow/example_dags/example_branch_datetime_operator.py for tasks to queue
[2022-03-14 00:17:50,109] {logging_mixin.py:109} INFO - [2022-03-14 00:17:50,109] {dagbag.py:500} INFO - Filling up the DagBag from /home/airflow/.local/lib/python3.7/site-packages/airflow/example_dags/example_branch_datetime_operator.py
[2022-03-14 00:17:50,134] {processor.py:654} INFO - DAG(s) dict_keys(['example_branch_datetime_operator_2']) retrieved from /home/airflow/.local/lib/python3.7/site-packages/airflow/example_dags/example_branch_datetime_operator.py
[2022-03-14 00:17:50,143] {logging_mixin.py:109} INFO - [2022-03-14 00:17:50,143] {dag.py:2398} INFO - Sync 1 DAGs
[2022-03-14 00:17:50,162] {logging_mixin.py:109} INFO - [2022-03-14 00:17:50,162] {dag.py:2937} INFO - Setting next_dagrun for example_branch_datetime_operator_2 to 2022-03-13 00:00:00+00:00
[2022-03-14 00:17:50,180] {processor.py:171} INFO - Processing /home/airflow/.local/lib/python3.7/site-packages/airflow/example_dags/example_branch_datetime_operator.py took 0.075 seconds
[2022-03-14 00:18:21,109] {processor.py:163} INFO - Started process (PID=6123) to work on /home/airflow/.local/lib/python3.7/site-packages/airflow/example_dags/example_branch_datetime_operator.py
[2022-03-14 00:18:21,110] {processor.py:642} INFO - Processing file /home/airflow/.local/lib/python3.7/site-packages/airflow/example_dags/example_branch_datetime_operator.py for tasks to queue
[2022-03-14 00:18:21,110] {logging_mixin.py:109} INFO - [2022-03-14 00:18:21,110] {dagbag.py:500} INFO - Filling up the DagBag from /home/airflow/.local/lib/python3.7/site-packages/airflow/example_dags/example_branch_datetime_operator.py
[2022-03-14 00:18:21,132] {processor.py:654} INFO - DAG(s) dict_keys(['example_branch_datetime_operator_2']) retrieved from /home/airflow/.local/lib/python3.7/site-packages/airflow/example_dags/example_branch_datetime_operator.py
[2022-03-14 00:18:21,139] {logging_mixin.py:109} INFO - [2022-03-14 00:18:21,139] {dag.py:2398} INFO - Sync 1 DAGs
[2022-03-14 00:18:21,152] {logging_mixin.py:109} INFO - [2022-03-14 00:18:21,152] {dag.py:2937} INFO - Setting next_dagrun for example_branch_datetime_operator_2 to 2022-03-13 00:00:00+00:00
[2022-03-14 00:18:21,166] {processor.py:171} INFO - Processing /home/airflow/.local/lib/python3.7/site-packages/airflow/example_dags/example_branch_datetime_operator.py took 0.059 seconds
[2022-03-14 00:18:51,989] {processor.py:163} INFO - Started process (PID=6185) to work on /home/airflow/.local/lib/python3.7/site-packages/airflow/example_dags/example_branch_datetime_operator.py
[2022-03-14 00:18:51,989] {processor.py:642} INFO - Processing file /home/airflow/.local/lib/python3.7/site-packages/airflow/example_dags/example_branch_datetime_operator.py for tasks to queue
[2022-03-14 00:18:51,990] {logging_mixin.py:109} INFO - [2022-03-14 00:18:51,990] {dagbag.py:500} INFO - Filling up the DagBag from /home/airflow/.local/lib/python3.7/site-packages/airflow/example_dags/example_branch_datetime_operator.py
[2022-03-14 00:18:52,014] {processor.py:654} INFO - DAG(s) dict_keys(['example_branch_datetime_operator_2']) retrieved from /home/airflow/.local/lib/python3.7/site-packages/airflow/example_dags/example_branch_datetime_operator.py
[2022-03-14 00:18:52,020] {logging_mixin.py:109} INFO - [2022-03-14 00:18:52,020] {dag.py:2398} INFO - Sync 1 DAGs
[2022-03-14 00:18:52,035] {logging_mixin.py:109} INFO - [2022-03-14 00:18:52,035] {dag.py:2937} INFO - Setting next_dagrun for example_branch_datetime_operator_2 to 2022-03-13 00:00:00+00:00
[2022-03-14 00:18:52,043] {processor.py:171} INFO - Processing /home/airflow/.local/lib/python3.7/site-packages/airflow/example_dags/example_branch_datetime_operator.py took 0.057 seconds
[2022-03-14 00:19:22,871] {processor.py:163} INFO - Started process (PID=6237) to work on /home/airflow/.local/lib/python3.7/site-packages/airflow/example_dags/example_branch_datetime_operator.py
[2022-03-14 00:19:22,873] {processor.py:642} INFO - Processing file /home/airflow/.local/lib/python3.7/site-packages/airflow/example_dags/example_branch_datetime_operator.py for tasks to queue
[2022-03-14 00:19:22,873] {logging_mixin.py:109} INFO - [2022-03-14 00:19:22,873] {dagbag.py:500} INFO - Filling up the DagBag from /home/airflow/.local/lib/python3.7/site-packages/airflow/example_dags/example_branch_datetime_operator.py
[2022-03-14 00:19:22,896] {processor.py:654} INFO - DAG(s) dict_keys(['example_branch_datetime_operator_2']) retrieved from /home/airflow/.local/lib/python3.7/site-packages/airflow/example_dags/example_branch_datetime_operator.py
[2022-03-14 00:19:22,904] {logging_mixin.py:109} INFO - [2022-03-14 00:19:22,904] {dag.py:2398} INFO - Sync 1 DAGs
[2022-03-14 00:19:22,923] {logging_mixin.py:109} INFO - [2022-03-14 00:19:22,923] {dag.py:2937} INFO - Setting next_dagrun for example_branch_datetime_operator_2 to 2022-03-13 00:00:00+00:00
[2022-03-14 00:19:22,938] {processor.py:171} INFO - Processing /home/airflow/.local/lib/python3.7/site-packages/airflow/example_dags/example_branch_datetime_operator.py took 0.069 seconds
[2022-03-14 00:19:53,719] {processor.py:163} INFO - Started process (PID=6299) to work on /home/airflow/.local/lib/python3.7/site-packages/airflow/example_dags/example_branch_datetime_operator.py
[2022-03-14 00:19:53,720] {processor.py:642} INFO - Processing file /home/airflow/.local/lib/python3.7/site-packages/airflow/example_dags/example_branch_datetime_operator.py for tasks to queue
[2022-03-14 00:19:53,720] {logging_mixin.py:109} INFO - [2022-03-14 00:19:53,720] {dagbag.py:500} INFO - Filling up the DagBag from /home/airflow/.local/lib/python3.7/site-packages/airflow/example_dags/example_branch_datetime_operator.py
[2022-03-14 00:19:53,744] {processor.py:654} INFO - DAG(s) dict_keys(['example_branch_datetime_operator_2']) retrieved from /home/airflow/.local/lib/python3.7/site-packages/airflow/example_dags/example_branch_datetime_operator.py
[2022-03-14 00:19:53,754] {logging_mixin.py:109} INFO - [2022-03-14 00:19:53,754] {dag.py:2398} INFO - Sync 1 DAGs
[2022-03-14 00:19:53,777] {logging_mixin.py:109} INFO - [2022-03-14 00:19:53,777] {dag.py:2937} INFO - Setting next_dagrun for example_branch_datetime_operator_2 to 2022-03-13 00:00:00+00:00
[2022-03-14 00:19:53,789] {processor.py:171} INFO - Processing /home/airflow/.local/lib/python3.7/site-packages/airflow/example_dags/example_branch_datetime_operator.py took 0.072 seconds
[2022-03-14 00:20:24,486] {processor.py:163} INFO - Started process (PID=6351) to work on /home/airflow/.local/lib/python3.7/site-packages/airflow/example_dags/example_branch_datetime_operator.py
[2022-03-14 00:20:24,487] {processor.py:642} INFO - Processing file /home/airflow/.local/lib/python3.7/site-packages/airflow/example_dags/example_branch_datetime_operator.py for tasks to queue
[2022-03-14 00:20:24,488] {logging_mixin.py:109} INFO - [2022-03-14 00:20:24,488] {dagbag.py:500} INFO - Filling up the DagBag from /home/airflow/.local/lib/python3.7/site-packages/airflow/example_dags/example_branch_datetime_operator.py
[2022-03-14 00:20:24,520] {processor.py:654} INFO - DAG(s) dict_keys(['example_branch_datetime_operator_2']) retrieved from /home/airflow/.local/lib/python3.7/site-packages/airflow/example_dags/example_branch_datetime_operator.py
[2022-03-14 00:20:24,527] {logging_mixin.py:109} INFO - [2022-03-14 00:20:24,527] {dag.py:2398} INFO - Sync 1 DAGs
[2022-03-14 00:20:24,543] {logging_mixin.py:109} INFO - [2022-03-14 00:20:24,543] {dag.py:2937} INFO - Setting next_dagrun for example_branch_datetime_operator_2 to 2022-03-13 00:00:00+00:00
[2022-03-14 00:20:24,552] {processor.py:171} INFO - Processing /home/airflow/.local/lib/python3.7/site-packages/airflow/example_dags/example_branch_datetime_operator.py took 0.069 seconds
[2022-03-14 00:20:55,383] {processor.py:163} INFO - Started process (PID=6412) to work on /home/airflow/.local/lib/python3.7/site-packages/airflow/example_dags/example_branch_datetime_operator.py
[2022-03-14 00:20:55,384] {processor.py:642} INFO - Processing file /home/airflow/.local/lib/python3.7/site-packages/airflow/example_dags/example_branch_datetime_operator.py for tasks to queue
[2022-03-14 00:20:55,384] {logging_mixin.py:109} INFO - [2022-03-14 00:20:55,384] {dagbag.py:500} INFO - Filling up the DagBag from /home/airflow/.local/lib/python3.7/site-packages/airflow/example_dags/example_branch_datetime_operator.py
[2022-03-14 00:20:55,405] {processor.py:654} INFO - DAG(s) dict_keys(['example_branch_datetime_operator_2']) retrieved from /home/airflow/.local/lib/python3.7/site-packages/airflow/example_dags/example_branch_datetime_operator.py
[2022-03-14 00:20:55,412] {logging_mixin.py:109} INFO - [2022-03-14 00:20:55,412] {dag.py:2398} INFO - Sync 1 DAGs
[2022-03-14 00:20:55,426] {logging_mixin.py:109} INFO - [2022-03-14 00:20:55,426] {dag.py:2937} INFO - Setting next_dagrun for example_branch_datetime_operator_2 to 2022-03-13 00:00:00+00:00
[2022-03-14 00:20:55,434] {processor.py:171} INFO - Processing /home/airflow/.local/lib/python3.7/site-packages/airflow/example_dags/example_branch_datetime_operator.py took 0.053 seconds
[2022-03-14 00:21:26,143] {processor.py:163} INFO - Started process (PID=6465) to work on /home/airflow/.local/lib/python3.7/site-packages/airflow/example_dags/example_branch_datetime_operator.py
[2022-03-14 00:21:26,144] {processor.py:642} INFO - Processing file /home/airflow/.local/lib/python3.7/site-packages/airflow/example_dags/example_branch_datetime_operator.py for tasks to queue
[2022-03-14 00:21:26,144] {logging_mixin.py:109} INFO - [2022-03-14 00:21:26,144] {dagbag.py:500} INFO - Filling up the DagBag from /home/airflow/.local/lib/python3.7/site-packages/airflow/example_dags/example_branch_datetime_operator.py
[2022-03-14 00:21:26,167] {processor.py:654} INFO - DAG(s) dict_keys(['example_branch_datetime_operator_2']) retrieved from /home/airflow/.local/lib/python3.7/site-packages/airflow/example_dags/example_branch_datetime_operator.py
[2022-03-14 00:21:26,174] {logging_mixin.py:109} INFO - [2022-03-14 00:21:26,174] {dag.py:2398} INFO - Sync 1 DAGs
[2022-03-14 00:21:26,189] {logging_mixin.py:109} INFO - [2022-03-14 00:21:26,189] {dag.py:2937} INFO - Setting next_dagrun for example_branch_datetime_operator_2 to 2022-03-13 00:00:00+00:00
[2022-03-14 00:21:26,204] {processor.py:171} INFO - Processing /home/airflow/.local/lib/python3.7/site-packages/airflow/example_dags/example_branch_datetime_operator.py took 0.063 seconds
[2022-03-14 00:21:57,252] {processor.py:163} INFO - Started process (PID=6525) to work on /home/airflow/.local/lib/python3.7/site-packages/airflow/example_dags/example_branch_datetime_operator.py
[2022-03-14 00:21:57,253] {processor.py:642} INFO - Processing file /home/airflow/.local/lib/python3.7/site-packages/airflow/example_dags/example_branch_datetime_operator.py for tasks to queue
[2022-03-14 00:21:57,254] {logging_mixin.py:109} INFO - [2022-03-14 00:21:57,254] {dagbag.py:500} INFO - Filling up the DagBag from /home/airflow/.local/lib/python3.7/site-packages/airflow/example_dags/example_branch_datetime_operator.py
[2022-03-14 00:21:57,284] {processor.py:654} INFO - DAG(s) dict_keys(['example_branch_datetime_operator_2']) retrieved from /home/airflow/.local/lib/python3.7/site-packages/airflow/example_dags/example_branch_datetime_operator.py
[2022-03-14 00:21:57,291] {logging_mixin.py:109} INFO - [2022-03-14 00:21:57,291] {dag.py:2398} INFO - Sync 1 DAGs
[2022-03-14 00:21:57,306] {logging_mixin.py:109} INFO - [2022-03-14 00:21:57,306] {dag.py:2937} INFO - Setting next_dagrun for example_branch_datetime_operator_2 to 2022-03-13 00:00:00+00:00
[2022-03-14 00:21:57,320] {processor.py:171} INFO - Processing /home/airflow/.local/lib/python3.7/site-packages/airflow/example_dags/example_branch_datetime_operator.py took 0.071 seconds
[2022-03-14 00:22:28,010] {processor.py:163} INFO - Started process (PID=6581) to work on /home/airflow/.local/lib/python3.7/site-packages/airflow/example_dags/example_branch_datetime_operator.py
[2022-03-14 00:22:28,012] {processor.py:642} INFO - Processing file /home/airflow/.local/lib/python3.7/site-packages/airflow/example_dags/example_branch_datetime_operator.py for tasks to queue
[2022-03-14 00:22:28,013] {logging_mixin.py:109} INFO - [2022-03-14 00:22:28,013] {dagbag.py:500} INFO - Filling up the DagBag from /home/airflow/.local/lib/python3.7/site-packages/airflow/example_dags/example_branch_datetime_operator.py
[2022-03-14 00:22:28,035] {processor.py:654} INFO - DAG(s) dict_keys(['example_branch_datetime_operator_2']) retrieved from /home/airflow/.local/lib/python3.7/site-packages/airflow/example_dags/example_branch_datetime_operator.py
[2022-03-14 00:22:28,042] {logging_mixin.py:109} INFO - [2022-03-14 00:22:28,042] {dag.py:2398} INFO - Sync 1 DAGs
[2022-03-14 00:22:28,055] {logging_mixin.py:109} INFO - [2022-03-14 00:22:28,055] {dag.py:2937} INFO - Setting next_dagrun for example_branch_datetime_operator_2 to 2022-03-13 00:00:00+00:00
[2022-03-14 00:22:28,065] {processor.py:171} INFO - Processing /home/airflow/.local/lib/python3.7/site-packages/airflow/example_dags/example_branch_datetime_operator.py took 0.057 seconds
