[2022-03-14 00:00:24,266] {processor.py:163} INFO - Started process (PID=4142) to work on /home/airflow/.local/lib/python3.7/site-packages/airflow/example_dags/example_latest_only_with_trigger.py
[2022-03-14 00:00:24,267] {processor.py:642} INFO - Processing file /home/airflow/.local/lib/python3.7/site-packages/airflow/example_dags/example_latest_only_with_trigger.py for tasks to queue
[2022-03-14 00:00:24,267] {logging_mixin.py:109} INFO - [2022-03-14 00:00:24,267] {dagbag.py:500} INFO - Filling up the DagBag from /home/airflow/.local/lib/python3.7/site-packages/airflow/example_dags/example_latest_only_with_trigger.py
[2022-03-14 00:00:24,289] {processor.py:654} INFO - DAG(s) dict_keys(['latest_only_with_trigger']) retrieved from /home/airflow/.local/lib/python3.7/site-packages/airflow/example_dags/example_latest_only_with_trigger.py
[2022-03-14 00:00:24,297] {logging_mixin.py:109} INFO - [2022-03-14 00:00:24,297] {dag.py:2398} INFO - Sync 1 DAGs
[2022-03-14 00:00:24,312] {logging_mixin.py:109} INFO - [2022-03-14 00:00:24,312] {dag.py:2937} INFO - Setting next_dagrun for latest_only_with_trigger to 2022-03-13T20:00:24.312012+00:00
[2022-03-14 00:00:24,320] {processor.py:171} INFO - Processing /home/airflow/.local/lib/python3.7/site-packages/airflow/example_dags/example_latest_only_with_trigger.py took 0.057 seconds
[2022-03-14 00:00:55,319] {processor.py:163} INFO - Started process (PID=4203) to work on /home/airflow/.local/lib/python3.7/site-packages/airflow/example_dags/example_latest_only_with_trigger.py
[2022-03-14 00:00:55,320] {processor.py:642} INFO - Processing file /home/airflow/.local/lib/python3.7/site-packages/airflow/example_dags/example_latest_only_with_trigger.py for tasks to queue
[2022-03-14 00:00:55,320] {logging_mixin.py:109} INFO - [2022-03-14 00:00:55,320] {dagbag.py:500} INFO - Filling up the DagBag from /home/airflow/.local/lib/python3.7/site-packages/airflow/example_dags/example_latest_only_with_trigger.py
[2022-03-14 00:00:55,343] {processor.py:654} INFO - DAG(s) dict_keys(['latest_only_with_trigger']) retrieved from /home/airflow/.local/lib/python3.7/site-packages/airflow/example_dags/example_latest_only_with_trigger.py
[2022-03-14 00:00:55,355] {logging_mixin.py:109} INFO - [2022-03-14 00:00:55,355] {dag.py:2398} INFO - Sync 1 DAGs
[2022-03-14 00:00:55,372] {logging_mixin.py:109} INFO - [2022-03-14 00:00:55,372] {dag.py:2937} INFO - Setting next_dagrun for latest_only_with_trigger to 2022-03-13T20:00:55.372074+00:00
[2022-03-14 00:00:55,390] {processor.py:171} INFO - Processing /home/airflow/.local/lib/python3.7/site-packages/airflow/example_dags/example_latest_only_with_trigger.py took 0.073 seconds
[2022-03-14 00:01:26,166] {processor.py:163} INFO - Started process (PID=4255) to work on /home/airflow/.local/lib/python3.7/site-packages/airflow/example_dags/example_latest_only_with_trigger.py
[2022-03-14 00:01:26,167] {processor.py:642} INFO - Processing file /home/airflow/.local/lib/python3.7/site-packages/airflow/example_dags/example_latest_only_with_trigger.py for tasks to queue
[2022-03-14 00:01:26,168] {logging_mixin.py:109} INFO - [2022-03-14 00:01:26,168] {dagbag.py:500} INFO - Filling up the DagBag from /home/airflow/.local/lib/python3.7/site-packages/airflow/example_dags/example_latest_only_with_trigger.py
[2022-03-14 00:01:26,192] {processor.py:654} INFO - DAG(s) dict_keys(['latest_only_with_trigger']) retrieved from /home/airflow/.local/lib/python3.7/site-packages/airflow/example_dags/example_latest_only_with_trigger.py
[2022-03-14 00:01:26,200] {logging_mixin.py:109} INFO - [2022-03-14 00:01:26,200] {dag.py:2398} INFO - Sync 1 DAGs
[2022-03-14 00:01:26,213] {logging_mixin.py:109} INFO - [2022-03-14 00:01:26,213] {dag.py:2937} INFO - Setting next_dagrun for latest_only_with_trigger to 2022-03-13T20:01:26.213558+00:00
[2022-03-14 00:01:26,222] {processor.py:171} INFO - Processing /home/airflow/.local/lib/python3.7/site-packages/airflow/example_dags/example_latest_only_with_trigger.py took 0.058 seconds
[2022-03-14 00:01:57,097] {processor.py:163} INFO - Started process (PID=4316) to work on /home/airflow/.local/lib/python3.7/site-packages/airflow/example_dags/example_latest_only_with_trigger.py
[2022-03-14 00:01:57,098] {processor.py:642} INFO - Processing file /home/airflow/.local/lib/python3.7/site-packages/airflow/example_dags/example_latest_only_with_trigger.py for tasks to queue
[2022-03-14 00:01:57,099] {logging_mixin.py:109} INFO - [2022-03-14 00:01:57,098] {dagbag.py:500} INFO - Filling up the DagBag from /home/airflow/.local/lib/python3.7/site-packages/airflow/example_dags/example_latest_only_with_trigger.py
[2022-03-14 00:01:57,133] {processor.py:654} INFO - DAG(s) dict_keys(['latest_only_with_trigger']) retrieved from /home/airflow/.local/lib/python3.7/site-packages/airflow/example_dags/example_latest_only_with_trigger.py
[2022-03-14 00:01:57,143] {logging_mixin.py:109} INFO - [2022-03-14 00:01:57,143] {dag.py:2398} INFO - Sync 1 DAGs
[2022-03-14 00:01:57,159] {logging_mixin.py:109} INFO - [2022-03-14 00:01:57,158] {dag.py:2937} INFO - Setting next_dagrun for latest_only_with_trigger to 2022-03-13T20:01:57.158762+00:00
[2022-03-14 00:01:57,181] {processor.py:171} INFO - Processing /home/airflow/.local/lib/python3.7/site-packages/airflow/example_dags/example_latest_only_with_trigger.py took 0.087 seconds
[2022-03-14 00:02:27,795] {processor.py:163} INFO - Started process (PID=4369) to work on /home/airflow/.local/lib/python3.7/site-packages/airflow/example_dags/example_latest_only_with_trigger.py
[2022-03-14 00:02:27,796] {processor.py:642} INFO - Processing file /home/airflow/.local/lib/python3.7/site-packages/airflow/example_dags/example_latest_only_with_trigger.py for tasks to queue
[2022-03-14 00:02:27,797] {logging_mixin.py:109} INFO - [2022-03-14 00:02:27,797] {dagbag.py:500} INFO - Filling up the DagBag from /home/airflow/.local/lib/python3.7/site-packages/airflow/example_dags/example_latest_only_with_trigger.py
[2022-03-14 00:02:27,818] {processor.py:654} INFO - DAG(s) dict_keys(['latest_only_with_trigger']) retrieved from /home/airflow/.local/lib/python3.7/site-packages/airflow/example_dags/example_latest_only_with_trigger.py
[2022-03-14 00:02:27,826] {logging_mixin.py:109} INFO - [2022-03-14 00:02:27,826] {dag.py:2398} INFO - Sync 1 DAGs
[2022-03-14 00:02:27,839] {logging_mixin.py:109} INFO - [2022-03-14 00:02:27,839] {dag.py:2937} INFO - Setting next_dagrun for latest_only_with_trigger to 2022-03-13T20:02:27.838931+00:00
[2022-03-14 00:02:27,853] {processor.py:171} INFO - Processing /home/airflow/.local/lib/python3.7/site-packages/airflow/example_dags/example_latest_only_with_trigger.py took 0.059 seconds
[2022-03-14 00:02:58,304] {processor.py:163} INFO - Started process (PID=4431) to work on /home/airflow/.local/lib/python3.7/site-packages/airflow/example_dags/example_latest_only_with_trigger.py
[2022-03-14 00:02:58,305] {processor.py:642} INFO - Processing file /home/airflow/.local/lib/python3.7/site-packages/airflow/example_dags/example_latest_only_with_trigger.py for tasks to queue
[2022-03-14 00:02:58,305] {logging_mixin.py:109} INFO - [2022-03-14 00:02:58,305] {dagbag.py:500} INFO - Filling up the DagBag from /home/airflow/.local/lib/python3.7/site-packages/airflow/example_dags/example_latest_only_with_trigger.py
[2022-03-14 00:02:58,328] {processor.py:654} INFO - DAG(s) dict_keys(['latest_only_with_trigger']) retrieved from /home/airflow/.local/lib/python3.7/site-packages/airflow/example_dags/example_latest_only_with_trigger.py
[2022-03-14 00:02:58,336] {logging_mixin.py:109} INFO - [2022-03-14 00:02:58,336] {dag.py:2398} INFO - Sync 1 DAGs
[2022-03-14 00:02:58,349] {logging_mixin.py:109} INFO - [2022-03-14 00:02:58,349] {dag.py:2937} INFO - Setting next_dagrun for latest_only_with_trigger to 2022-03-13T20:02:58.349279+00:00
[2022-03-14 00:02:58,363] {processor.py:171} INFO - Processing /home/airflow/.local/lib/python3.7/site-packages/airflow/example_dags/example_latest_only_with_trigger.py took 0.061 seconds
[2022-03-14 00:03:29,276] {processor.py:163} INFO - Started process (PID=4483) to work on /home/airflow/.local/lib/python3.7/site-packages/airflow/example_dags/example_latest_only_with_trigger.py
[2022-03-14 00:03:29,277] {processor.py:642} INFO - Processing file /home/airflow/.local/lib/python3.7/site-packages/airflow/example_dags/example_latest_only_with_trigger.py for tasks to queue
[2022-03-14 00:03:29,277] {logging_mixin.py:109} INFO - [2022-03-14 00:03:29,277] {dagbag.py:500} INFO - Filling up the DagBag from /home/airflow/.local/lib/python3.7/site-packages/airflow/example_dags/example_latest_only_with_trigger.py
[2022-03-14 00:03:29,300] {processor.py:654} INFO - DAG(s) dict_keys(['latest_only_with_trigger']) retrieved from /home/airflow/.local/lib/python3.7/site-packages/airflow/example_dags/example_latest_only_with_trigger.py
[2022-03-14 00:03:29,308] {logging_mixin.py:109} INFO - [2022-03-14 00:03:29,308] {dag.py:2398} INFO - Sync 1 DAGs
[2022-03-14 00:03:29,325] {logging_mixin.py:109} INFO - [2022-03-14 00:03:29,325] {dag.py:2937} INFO - Setting next_dagrun for latest_only_with_trigger to 2022-03-13T20:03:29.325555+00:00
[2022-03-14 00:03:29,341] {processor.py:171} INFO - Processing /home/airflow/.local/lib/python3.7/site-packages/airflow/example_dags/example_latest_only_with_trigger.py took 0.067 seconds
[2022-03-14 00:04:00,267] {processor.py:163} INFO - Started process (PID=4535) to work on /home/airflow/.local/lib/python3.7/site-packages/airflow/example_dags/example_latest_only_with_trigger.py
[2022-03-14 00:04:00,268] {processor.py:642} INFO - Processing file /home/airflow/.local/lib/python3.7/site-packages/airflow/example_dags/example_latest_only_with_trigger.py for tasks to queue
[2022-03-14 00:04:00,268] {logging_mixin.py:109} INFO - [2022-03-14 00:04:00,268] {dagbag.py:500} INFO - Filling up the DagBag from /home/airflow/.local/lib/python3.7/site-packages/airflow/example_dags/example_latest_only_with_trigger.py
[2022-03-14 00:04:00,288] {processor.py:654} INFO - DAG(s) dict_keys(['latest_only_with_trigger']) retrieved from /home/airflow/.local/lib/python3.7/site-packages/airflow/example_dags/example_latest_only_with_trigger.py
[2022-03-14 00:04:00,295] {logging_mixin.py:109} INFO - [2022-03-14 00:04:00,295] {dag.py:2398} INFO - Sync 1 DAGs
[2022-03-14 00:04:00,306] {logging_mixin.py:109} INFO - [2022-03-14 00:04:00,306] {dag.py:2937} INFO - Setting next_dagrun for latest_only_with_trigger to 2022-03-13T20:04:00.306143+00:00
[2022-03-14 00:04:00,319] {processor.py:171} INFO - Processing /home/airflow/.local/lib/python3.7/site-packages/airflow/example_dags/example_latest_only_with_trigger.py took 0.054 seconds
[2022-03-14 00:04:30,396] {processor.py:163} INFO - Started process (PID=4596) to work on /home/airflow/.local/lib/python3.7/site-packages/airflow/example_dags/example_latest_only_with_trigger.py
[2022-03-14 00:04:30,397] {processor.py:642} INFO - Processing file /home/airflow/.local/lib/python3.7/site-packages/airflow/example_dags/example_latest_only_with_trigger.py for tasks to queue
[2022-03-14 00:04:30,398] {logging_mixin.py:109} INFO - [2022-03-14 00:04:30,398] {dagbag.py:500} INFO - Filling up the DagBag from /home/airflow/.local/lib/python3.7/site-packages/airflow/example_dags/example_latest_only_with_trigger.py
[2022-03-14 00:04:30,419] {processor.py:654} INFO - DAG(s) dict_keys(['latest_only_with_trigger']) retrieved from /home/airflow/.local/lib/python3.7/site-packages/airflow/example_dags/example_latest_only_with_trigger.py
[2022-03-14 00:04:30,426] {logging_mixin.py:109} INFO - [2022-03-14 00:04:30,426] {dag.py:2398} INFO - Sync 1 DAGs
[2022-03-14 00:04:30,438] {logging_mixin.py:109} INFO - [2022-03-14 00:04:30,438] {dag.py:2937} INFO - Setting next_dagrun for latest_only_with_trigger to 2022-03-13T20:04:30.438452+00:00
[2022-03-14 00:04:30,452] {processor.py:171} INFO - Processing /home/airflow/.local/lib/python3.7/site-packages/airflow/example_dags/example_latest_only_with_trigger.py took 0.058 seconds
[2022-03-14 00:05:01,061] {processor.py:163} INFO - Started process (PID=4648) to work on /home/airflow/.local/lib/python3.7/site-packages/airflow/example_dags/example_latest_only_with_trigger.py
[2022-03-14 00:05:01,062] {processor.py:642} INFO - Processing file /home/airflow/.local/lib/python3.7/site-packages/airflow/example_dags/example_latest_only_with_trigger.py for tasks to queue
[2022-03-14 00:05:01,062] {logging_mixin.py:109} INFO - [2022-03-14 00:05:01,062] {dagbag.py:500} INFO - Filling up the DagBag from /home/airflow/.local/lib/python3.7/site-packages/airflow/example_dags/example_latest_only_with_trigger.py
[2022-03-14 00:05:01,083] {processor.py:654} INFO - DAG(s) dict_keys(['latest_only_with_trigger']) retrieved from /home/airflow/.local/lib/python3.7/site-packages/airflow/example_dags/example_latest_only_with_trigger.py
[2022-03-14 00:05:01,090] {logging_mixin.py:109} INFO - [2022-03-14 00:05:01,090] {dag.py:2398} INFO - Sync 1 DAGs
[2022-03-14 00:05:01,102] {logging_mixin.py:109} INFO - [2022-03-14 00:05:01,102] {dag.py:2937} INFO - Setting next_dagrun for latest_only_with_trigger to 2022-03-13T20:05:01.102472+00:00
[2022-03-14 00:05:01,115] {processor.py:171} INFO - Processing /home/airflow/.local/lib/python3.7/site-packages/airflow/example_dags/example_latest_only_with_trigger.py took 0.056 seconds
[2022-03-14 00:05:32,022] {processor.py:163} INFO - Started process (PID=4709) to work on /home/airflow/.local/lib/python3.7/site-packages/airflow/example_dags/example_latest_only_with_trigger.py
[2022-03-14 00:05:32,022] {processor.py:642} INFO - Processing file /home/airflow/.local/lib/python3.7/site-packages/airflow/example_dags/example_latest_only_with_trigger.py for tasks to queue
[2022-03-14 00:05:32,023] {logging_mixin.py:109} INFO - [2022-03-14 00:05:32,023] {dagbag.py:500} INFO - Filling up the DagBag from /home/airflow/.local/lib/python3.7/site-packages/airflow/example_dags/example_latest_only_with_trigger.py
[2022-03-14 00:05:32,045] {processor.py:654} INFO - DAG(s) dict_keys(['latest_only_with_trigger']) retrieved from /home/airflow/.local/lib/python3.7/site-packages/airflow/example_dags/example_latest_only_with_trigger.py
[2022-03-14 00:05:32,053] {logging_mixin.py:109} INFO - [2022-03-14 00:05:32,052] {dag.py:2398} INFO - Sync 1 DAGs
[2022-03-14 00:05:32,064] {logging_mixin.py:109} INFO - [2022-03-14 00:05:32,064] {dag.py:2937} INFO - Setting next_dagrun for latest_only_with_trigger to 2022-03-13T20:05:32.064518+00:00
[2022-03-14 00:05:32,078] {processor.py:171} INFO - Processing /home/airflow/.local/lib/python3.7/site-packages/airflow/example_dags/example_latest_only_with_trigger.py took 0.058 seconds
[2022-03-14 00:06:02,765] {processor.py:163} INFO - Started process (PID=4761) to work on /home/airflow/.local/lib/python3.7/site-packages/airflow/example_dags/example_latest_only_with_trigger.py
[2022-03-14 00:06:02,766] {processor.py:642} INFO - Processing file /home/airflow/.local/lib/python3.7/site-packages/airflow/example_dags/example_latest_only_with_trigger.py for tasks to queue
[2022-03-14 00:06:02,766] {logging_mixin.py:109} INFO - [2022-03-14 00:06:02,766] {dagbag.py:500} INFO - Filling up the DagBag from /home/airflow/.local/lib/python3.7/site-packages/airflow/example_dags/example_latest_only_with_trigger.py
[2022-03-14 00:06:02,786] {processor.py:654} INFO - DAG(s) dict_keys(['latest_only_with_trigger']) retrieved from /home/airflow/.local/lib/python3.7/site-packages/airflow/example_dags/example_latest_only_with_trigger.py
[2022-03-14 00:06:02,793] {logging_mixin.py:109} INFO - [2022-03-14 00:06:02,793] {dag.py:2398} INFO - Sync 1 DAGs
[2022-03-14 00:06:02,804] {logging_mixin.py:109} INFO - [2022-03-14 00:06:02,804] {dag.py:2937} INFO - Setting next_dagrun for latest_only_with_trigger to 2022-03-13T20:06:02.804504+00:00
[2022-03-14 00:06:02,824] {processor.py:171} INFO - Processing /home/airflow/.local/lib/python3.7/site-packages/airflow/example_dags/example_latest_only_with_trigger.py took 0.061 seconds
[2022-03-14 00:06:33,522] {processor.py:163} INFO - Started process (PID=4822) to work on /home/airflow/.local/lib/python3.7/site-packages/airflow/example_dags/example_latest_only_with_trigger.py
[2022-03-14 00:06:33,523] {processor.py:642} INFO - Processing file /home/airflow/.local/lib/python3.7/site-packages/airflow/example_dags/example_latest_only_with_trigger.py for tasks to queue
[2022-03-14 00:06:33,524] {logging_mixin.py:109} INFO - [2022-03-14 00:06:33,524] {dagbag.py:500} INFO - Filling up the DagBag from /home/airflow/.local/lib/python3.7/site-packages/airflow/example_dags/example_latest_only_with_trigger.py
[2022-03-14 00:06:33,549] {processor.py:654} INFO - DAG(s) dict_keys(['latest_only_with_trigger']) retrieved from /home/airflow/.local/lib/python3.7/site-packages/airflow/example_dags/example_latest_only_with_trigger.py
[2022-03-14 00:06:33,557] {logging_mixin.py:109} INFO - [2022-03-14 00:06:33,557] {dag.py:2398} INFO - Sync 1 DAGs
[2022-03-14 00:06:33,571] {logging_mixin.py:109} INFO - [2022-03-14 00:06:33,571] {dag.py:2937} INFO - Setting next_dagrun for latest_only_with_trigger to 2022-03-13T20:06:33.570985+00:00
[2022-03-14 00:06:33,592] {processor.py:171} INFO - Processing /home/airflow/.local/lib/python3.7/site-packages/airflow/example_dags/example_latest_only_with_trigger.py took 0.072 seconds
[2022-03-14 00:07:04,249] {processor.py:163} INFO - Started process (PID=4874) to work on /home/airflow/.local/lib/python3.7/site-packages/airflow/example_dags/example_latest_only_with_trigger.py
[2022-03-14 00:07:04,249] {processor.py:642} INFO - Processing file /home/airflow/.local/lib/python3.7/site-packages/airflow/example_dags/example_latest_only_with_trigger.py for tasks to queue
[2022-03-14 00:07:04,250] {logging_mixin.py:109} INFO - [2022-03-14 00:07:04,250] {dagbag.py:500} INFO - Filling up the DagBag from /home/airflow/.local/lib/python3.7/site-packages/airflow/example_dags/example_latest_only_with_trigger.py
[2022-03-14 00:07:04,271] {processor.py:654} INFO - DAG(s) dict_keys(['latest_only_with_trigger']) retrieved from /home/airflow/.local/lib/python3.7/site-packages/airflow/example_dags/example_latest_only_with_trigger.py
[2022-03-14 00:07:04,279] {logging_mixin.py:109} INFO - [2022-03-14 00:07:04,279] {dag.py:2398} INFO - Sync 1 DAGs
[2022-03-14 00:07:04,291] {logging_mixin.py:109} INFO - [2022-03-14 00:07:04,291] {dag.py:2937} INFO - Setting next_dagrun for latest_only_with_trigger to 2022-03-13T20:07:04.290982+00:00
[2022-03-14 00:07:04,310] {processor.py:171} INFO - Processing /home/airflow/.local/lib/python3.7/site-packages/airflow/example_dags/example_latest_only_with_trigger.py took 0.064 seconds
[2022-03-14 00:07:35,178] {processor.py:163} INFO - Started process (PID=4935) to work on /home/airflow/.local/lib/python3.7/site-packages/airflow/example_dags/example_latest_only_with_trigger.py
[2022-03-14 00:07:35,185] {processor.py:642} INFO - Processing file /home/airflow/.local/lib/python3.7/site-packages/airflow/example_dags/example_latest_only_with_trigger.py for tasks to queue
[2022-03-14 00:07:35,186] {logging_mixin.py:109} INFO - [2022-03-14 00:07:35,185] {dagbag.py:500} INFO - Filling up the DagBag from /home/airflow/.local/lib/python3.7/site-packages/airflow/example_dags/example_latest_only_with_trigger.py
[2022-03-14 00:07:35,211] {processor.py:654} INFO - DAG(s) dict_keys(['latest_only_with_trigger']) retrieved from /home/airflow/.local/lib/python3.7/site-packages/airflow/example_dags/example_latest_only_with_trigger.py
[2022-03-14 00:07:35,219] {logging_mixin.py:109} INFO - [2022-03-14 00:07:35,219] {dag.py:2398} INFO - Sync 1 DAGs
[2022-03-14 00:07:35,237] {logging_mixin.py:109} INFO - [2022-03-14 00:07:35,237] {dag.py:2937} INFO - Setting next_dagrun for latest_only_with_trigger to 2022-03-13T20:07:35.236729+00:00
[2022-03-14 00:07:35,253] {processor.py:171} INFO - Processing /home/airflow/.local/lib/python3.7/site-packages/airflow/example_dags/example_latest_only_with_trigger.py took 0.077 seconds
[2022-03-14 00:08:06,228] {processor.py:163} INFO - Started process (PID=4987) to work on /home/airflow/.local/lib/python3.7/site-packages/airflow/example_dags/example_latest_only_with_trigger.py
[2022-03-14 00:08:06,229] {processor.py:642} INFO - Processing file /home/airflow/.local/lib/python3.7/site-packages/airflow/example_dags/example_latest_only_with_trigger.py for tasks to queue
[2022-03-14 00:08:06,229] {logging_mixin.py:109} INFO - [2022-03-14 00:08:06,229] {dagbag.py:500} INFO - Filling up the DagBag from /home/airflow/.local/lib/python3.7/site-packages/airflow/example_dags/example_latest_only_with_trigger.py
[2022-03-14 00:08:06,250] {processor.py:654} INFO - DAG(s) dict_keys(['latest_only_with_trigger']) retrieved from /home/airflow/.local/lib/python3.7/site-packages/airflow/example_dags/example_latest_only_with_trigger.py
[2022-03-14 00:08:06,257] {logging_mixin.py:109} INFO - [2022-03-14 00:08:06,257] {dag.py:2398} INFO - Sync 1 DAGs
[2022-03-14 00:08:06,269] {logging_mixin.py:109} INFO - [2022-03-14 00:08:06,269] {dag.py:2937} INFO - Setting next_dagrun for latest_only_with_trigger to 2022-03-13T20:08:06.269017+00:00
[2022-03-14 00:08:06,276] {processor.py:171} INFO - Processing /home/airflow/.local/lib/python3.7/site-packages/airflow/example_dags/example_latest_only_with_trigger.py took 0.050 seconds
[2022-03-14 00:08:37,236] {processor.py:163} INFO - Started process (PID=5048) to work on /home/airflow/.local/lib/python3.7/site-packages/airflow/example_dags/example_latest_only_with_trigger.py
[2022-03-14 00:08:37,238] {processor.py:642} INFO - Processing file /home/airflow/.local/lib/python3.7/site-packages/airflow/example_dags/example_latest_only_with_trigger.py for tasks to queue
[2022-03-14 00:08:37,238] {logging_mixin.py:109} INFO - [2022-03-14 00:08:37,238] {dagbag.py:500} INFO - Filling up the DagBag from /home/airflow/.local/lib/python3.7/site-packages/airflow/example_dags/example_latest_only_with_trigger.py
[2022-03-14 00:08:37,259] {processor.py:654} INFO - DAG(s) dict_keys(['latest_only_with_trigger']) retrieved from /home/airflow/.local/lib/python3.7/site-packages/airflow/example_dags/example_latest_only_with_trigger.py
[2022-03-14 00:08:37,267] {logging_mixin.py:109} INFO - [2022-03-14 00:08:37,267] {dag.py:2398} INFO - Sync 1 DAGs
[2022-03-14 00:08:37,279] {logging_mixin.py:109} INFO - [2022-03-14 00:08:37,279] {dag.py:2937} INFO - Setting next_dagrun for latest_only_with_trigger to 2022-03-13T20:08:37.279142+00:00
[2022-03-14 00:08:37,287] {processor.py:171} INFO - Processing /home/airflow/.local/lib/python3.7/site-packages/airflow/example_dags/example_latest_only_with_trigger.py took 0.053 seconds
[2022-03-14 00:09:07,889] {processor.py:163} INFO - Started process (PID=5101) to work on /home/airflow/.local/lib/python3.7/site-packages/airflow/example_dags/example_latest_only_with_trigger.py
[2022-03-14 00:09:07,890] {processor.py:642} INFO - Processing file /home/airflow/.local/lib/python3.7/site-packages/airflow/example_dags/example_latest_only_with_trigger.py for tasks to queue
[2022-03-14 00:09:07,890] {logging_mixin.py:109} INFO - [2022-03-14 00:09:07,890] {dagbag.py:500} INFO - Filling up the DagBag from /home/airflow/.local/lib/python3.7/site-packages/airflow/example_dags/example_latest_only_with_trigger.py
[2022-03-14 00:09:07,912] {processor.py:654} INFO - DAG(s) dict_keys(['latest_only_with_trigger']) retrieved from /home/airflow/.local/lib/python3.7/site-packages/airflow/example_dags/example_latest_only_with_trigger.py
[2022-03-14 00:09:07,920] {logging_mixin.py:109} INFO - [2022-03-14 00:09:07,920] {dag.py:2398} INFO - Sync 1 DAGs
[2022-03-14 00:09:07,932] {logging_mixin.py:109} INFO - [2022-03-14 00:09:07,932] {dag.py:2937} INFO - Setting next_dagrun for latest_only_with_trigger to 2022-03-13T20:09:07.932235+00:00
[2022-03-14 00:09:07,946] {processor.py:171} INFO - Processing /home/airflow/.local/lib/python3.7/site-packages/airflow/example_dags/example_latest_only_with_trigger.py took 0.059 seconds
[2022-03-14 00:09:38,704] {processor.py:163} INFO - Started process (PID=5159) to work on /home/airflow/.local/lib/python3.7/site-packages/airflow/example_dags/example_latest_only_with_trigger.py
[2022-03-14 00:09:38,706] {processor.py:642} INFO - Processing file /home/airflow/.local/lib/python3.7/site-packages/airflow/example_dags/example_latest_only_with_trigger.py for tasks to queue
[2022-03-14 00:09:38,706] {logging_mixin.py:109} INFO - [2022-03-14 00:09:38,706] {dagbag.py:500} INFO - Filling up the DagBag from /home/airflow/.local/lib/python3.7/site-packages/airflow/example_dags/example_latest_only_with_trigger.py
[2022-03-14 00:09:38,734] {processor.py:654} INFO - DAG(s) dict_keys(['latest_only_with_trigger']) retrieved from /home/airflow/.local/lib/python3.7/site-packages/airflow/example_dags/example_latest_only_with_trigger.py
[2022-03-14 00:09:38,745] {logging_mixin.py:109} INFO - [2022-03-14 00:09:38,745] {dag.py:2398} INFO - Sync 1 DAGs
[2022-03-14 00:09:38,762] {logging_mixin.py:109} INFO - [2022-03-14 00:09:38,762] {dag.py:2937} INFO - Setting next_dagrun for latest_only_with_trigger to 2022-03-13T20:09:38.762557+00:00
[2022-03-14 00:09:38,773] {processor.py:171} INFO - Processing /home/airflow/.local/lib/python3.7/site-packages/airflow/example_dags/example_latest_only_with_trigger.py took 0.072 seconds
[2022-03-14 00:10:09,360] {processor.py:163} INFO - Started process (PID=5214) to work on /home/airflow/.local/lib/python3.7/site-packages/airflow/example_dags/example_latest_only_with_trigger.py
[2022-03-14 00:10:09,361] {processor.py:642} INFO - Processing file /home/airflow/.local/lib/python3.7/site-packages/airflow/example_dags/example_latest_only_with_trigger.py for tasks to queue
[2022-03-14 00:10:09,361] {logging_mixin.py:109} INFO - [2022-03-14 00:10:09,361] {dagbag.py:500} INFO - Filling up the DagBag from /home/airflow/.local/lib/python3.7/site-packages/airflow/example_dags/example_latest_only_with_trigger.py
[2022-03-14 00:10:09,381] {processor.py:654} INFO - DAG(s) dict_keys(['latest_only_with_trigger']) retrieved from /home/airflow/.local/lib/python3.7/site-packages/airflow/example_dags/example_latest_only_with_trigger.py
[2022-03-14 00:10:09,388] {logging_mixin.py:109} INFO - [2022-03-14 00:10:09,388] {dag.py:2398} INFO - Sync 1 DAGs
[2022-03-14 00:10:09,399] {logging_mixin.py:109} INFO - [2022-03-14 00:10:09,399] {dag.py:2937} INFO - Setting next_dagrun for latest_only_with_trigger to 2022-03-13T20:10:09.399712+00:00
[2022-03-14 00:10:09,413] {processor.py:171} INFO - Processing /home/airflow/.local/lib/python3.7/site-packages/airflow/example_dags/example_latest_only_with_trigger.py took 0.055 seconds
[2022-03-14 00:10:40,324] {processor.py:163} INFO - Started process (PID=5266) to work on /home/airflow/.local/lib/python3.7/site-packages/airflow/example_dags/example_latest_only_with_trigger.py
[2022-03-14 00:10:40,325] {processor.py:642} INFO - Processing file /home/airflow/.local/lib/python3.7/site-packages/airflow/example_dags/example_latest_only_with_trigger.py for tasks to queue
[2022-03-14 00:10:40,325] {logging_mixin.py:109} INFO - [2022-03-14 00:10:40,325] {dagbag.py:500} INFO - Filling up the DagBag from /home/airflow/.local/lib/python3.7/site-packages/airflow/example_dags/example_latest_only_with_trigger.py
[2022-03-14 00:10:40,349] {processor.py:654} INFO - DAG(s) dict_keys(['latest_only_with_trigger']) retrieved from /home/airflow/.local/lib/python3.7/site-packages/airflow/example_dags/example_latest_only_with_trigger.py
[2022-03-14 00:10:40,357] {logging_mixin.py:109} INFO - [2022-03-14 00:10:40,357] {dag.py:2398} INFO - Sync 1 DAGs
[2022-03-14 00:10:40,371] {logging_mixin.py:109} INFO - [2022-03-14 00:10:40,370] {dag.py:2937} INFO - Setting next_dagrun for latest_only_with_trigger to 2022-03-13T20:10:40.370760+00:00
[2022-03-14 00:10:40,379] {processor.py:171} INFO - Processing /home/airflow/.local/lib/python3.7/site-packages/airflow/example_dags/example_latest_only_with_trigger.py took 0.057 seconds
[2022-03-14 00:11:11,083] {processor.py:163} INFO - Started process (PID=5327) to work on /home/airflow/.local/lib/python3.7/site-packages/airflow/example_dags/example_latest_only_with_trigger.py
[2022-03-14 00:11:11,084] {processor.py:642} INFO - Processing file /home/airflow/.local/lib/python3.7/site-packages/airflow/example_dags/example_latest_only_with_trigger.py for tasks to queue
[2022-03-14 00:11:11,085] {logging_mixin.py:109} INFO - [2022-03-14 00:11:11,085] {dagbag.py:500} INFO - Filling up the DagBag from /home/airflow/.local/lib/python3.7/site-packages/airflow/example_dags/example_latest_only_with_trigger.py
[2022-03-14 00:11:11,109] {processor.py:654} INFO - DAG(s) dict_keys(['latest_only_with_trigger']) retrieved from /home/airflow/.local/lib/python3.7/site-packages/airflow/example_dags/example_latest_only_with_trigger.py
[2022-03-14 00:11:11,117] {logging_mixin.py:109} INFO - [2022-03-14 00:11:11,117] {dag.py:2398} INFO - Sync 1 DAGs
[2022-03-14 00:11:11,129] {logging_mixin.py:109} INFO - [2022-03-14 00:11:11,129] {dag.py:2937} INFO - Setting next_dagrun for latest_only_with_trigger to 2022-03-13T20:11:11.129136+00:00
[2022-03-14 00:11:11,142] {processor.py:171} INFO - Processing /home/airflow/.local/lib/python3.7/site-packages/airflow/example_dags/example_latest_only_with_trigger.py took 0.061 seconds
[2022-03-14 00:11:41,890] {processor.py:163} INFO - Started process (PID=5379) to work on /home/airflow/.local/lib/python3.7/site-packages/airflow/example_dags/example_latest_only_with_trigger.py
[2022-03-14 00:11:41,891] {processor.py:642} INFO - Processing file /home/airflow/.local/lib/python3.7/site-packages/airflow/example_dags/example_latest_only_with_trigger.py for tasks to queue
[2022-03-14 00:11:41,892] {logging_mixin.py:109} INFO - [2022-03-14 00:11:41,892] {dagbag.py:500} INFO - Filling up the DagBag from /home/airflow/.local/lib/python3.7/site-packages/airflow/example_dags/example_latest_only_with_trigger.py
[2022-03-14 00:11:41,912] {processor.py:654} INFO - DAG(s) dict_keys(['latest_only_with_trigger']) retrieved from /home/airflow/.local/lib/python3.7/site-packages/airflow/example_dags/example_latest_only_with_trigger.py
[2022-03-14 00:11:41,920] {logging_mixin.py:109} INFO - [2022-03-14 00:11:41,920] {dag.py:2398} INFO - Sync 1 DAGs
[2022-03-14 00:11:41,931] {logging_mixin.py:109} INFO - [2022-03-14 00:11:41,931] {dag.py:2937} INFO - Setting next_dagrun for latest_only_with_trigger to 2022-03-13T20:11:41.931174+00:00
[2022-03-14 00:11:41,939] {processor.py:171} INFO - Processing /home/airflow/.local/lib/python3.7/site-packages/airflow/example_dags/example_latest_only_with_trigger.py took 0.050 seconds
[2022-03-14 00:12:12,741] {processor.py:163} INFO - Started process (PID=5440) to work on /home/airflow/.local/lib/python3.7/site-packages/airflow/example_dags/example_latest_only_with_trigger.py
[2022-03-14 00:12:12,741] {processor.py:642} INFO - Processing file /home/airflow/.local/lib/python3.7/site-packages/airflow/example_dags/example_latest_only_with_trigger.py for tasks to queue
[2022-03-14 00:12:12,742] {logging_mixin.py:109} INFO - [2022-03-14 00:12:12,742] {dagbag.py:500} INFO - Filling up the DagBag from /home/airflow/.local/lib/python3.7/site-packages/airflow/example_dags/example_latest_only_with_trigger.py
[2022-03-14 00:12:12,765] {processor.py:654} INFO - DAG(s) dict_keys(['latest_only_with_trigger']) retrieved from /home/airflow/.local/lib/python3.7/site-packages/airflow/example_dags/example_latest_only_with_trigger.py
[2022-03-14 00:12:12,774] {logging_mixin.py:109} INFO - [2022-03-14 00:12:12,774] {dag.py:2398} INFO - Sync 1 DAGs
[2022-03-14 00:12:12,787] {logging_mixin.py:109} INFO - [2022-03-14 00:12:12,787] {dag.py:2937} INFO - Setting next_dagrun for latest_only_with_trigger to 2022-03-13T20:12:12.787081+00:00
[2022-03-14 00:12:12,801] {processor.py:171} INFO - Processing /home/airflow/.local/lib/python3.7/site-packages/airflow/example_dags/example_latest_only_with_trigger.py took 0.063 seconds
[2022-03-14 00:12:43,441] {processor.py:163} INFO - Started process (PID=5492) to work on /home/airflow/.local/lib/python3.7/site-packages/airflow/example_dags/example_latest_only_with_trigger.py
[2022-03-14 00:12:43,442] {processor.py:642} INFO - Processing file /home/airflow/.local/lib/python3.7/site-packages/airflow/example_dags/example_latest_only_with_trigger.py for tasks to queue
[2022-03-14 00:12:43,443] {logging_mixin.py:109} INFO - [2022-03-14 00:12:43,443] {dagbag.py:500} INFO - Filling up the DagBag from /home/airflow/.local/lib/python3.7/site-packages/airflow/example_dags/example_latest_only_with_trigger.py
[2022-03-14 00:12:43,464] {processor.py:654} INFO - DAG(s) dict_keys(['latest_only_with_trigger']) retrieved from /home/airflow/.local/lib/python3.7/site-packages/airflow/example_dags/example_latest_only_with_trigger.py
[2022-03-14 00:12:43,472] {logging_mixin.py:109} INFO - [2022-03-14 00:12:43,472] {dag.py:2398} INFO - Sync 1 DAGs
[2022-03-14 00:12:43,486] {logging_mixin.py:109} INFO - [2022-03-14 00:12:43,486] {dag.py:2937} INFO - Setting next_dagrun for latest_only_with_trigger to 2022-03-13T20:12:43.485804+00:00
[2022-03-14 00:12:43,499] {processor.py:171} INFO - Processing /home/airflow/.local/lib/python3.7/site-packages/airflow/example_dags/example_latest_only_with_trigger.py took 0.060 seconds
[2022-03-14 00:13:14,446] {processor.py:163} INFO - Started process (PID=5554) to work on /home/airflow/.local/lib/python3.7/site-packages/airflow/example_dags/example_latest_only_with_trigger.py
[2022-03-14 00:13:14,447] {processor.py:642} INFO - Processing file /home/airflow/.local/lib/python3.7/site-packages/airflow/example_dags/example_latest_only_with_trigger.py for tasks to queue
[2022-03-14 00:13:14,447] {logging_mixin.py:109} INFO - [2022-03-14 00:13:14,447] {dagbag.py:500} INFO - Filling up the DagBag from /home/airflow/.local/lib/python3.7/site-packages/airflow/example_dags/example_latest_only_with_trigger.py
[2022-03-14 00:13:14,467] {processor.py:654} INFO - DAG(s) dict_keys(['latest_only_with_trigger']) retrieved from /home/airflow/.local/lib/python3.7/site-packages/airflow/example_dags/example_latest_only_with_trigger.py
[2022-03-14 00:13:14,474] {logging_mixin.py:109} INFO - [2022-03-14 00:13:14,474] {dag.py:2398} INFO - Sync 1 DAGs
[2022-03-14 00:13:14,485] {logging_mixin.py:109} INFO - [2022-03-14 00:13:14,485] {dag.py:2937} INFO - Setting next_dagrun for latest_only_with_trigger to 2022-03-13T20:13:14.485699+00:00
[2022-03-14 00:13:14,499] {processor.py:171} INFO - Processing /home/airflow/.local/lib/python3.7/site-packages/airflow/example_dags/example_latest_only_with_trigger.py took 0.055 seconds
[2022-03-14 00:13:45,347] {processor.py:163} INFO - Started process (PID=5606) to work on /home/airflow/.local/lib/python3.7/site-packages/airflow/example_dags/example_latest_only_with_trigger.py
[2022-03-14 00:13:45,348] {processor.py:642} INFO - Processing file /home/airflow/.local/lib/python3.7/site-packages/airflow/example_dags/example_latest_only_with_trigger.py for tasks to queue
[2022-03-14 00:13:45,348] {logging_mixin.py:109} INFO - [2022-03-14 00:13:45,348] {dagbag.py:500} INFO - Filling up the DagBag from /home/airflow/.local/lib/python3.7/site-packages/airflow/example_dags/example_latest_only_with_trigger.py
[2022-03-14 00:13:45,370] {processor.py:654} INFO - DAG(s) dict_keys(['latest_only_with_trigger']) retrieved from /home/airflow/.local/lib/python3.7/site-packages/airflow/example_dags/example_latest_only_with_trigger.py
[2022-03-14 00:13:45,378] {logging_mixin.py:109} INFO - [2022-03-14 00:13:45,378] {dag.py:2398} INFO - Sync 1 DAGs
[2022-03-14 00:13:45,391] {logging_mixin.py:109} INFO - [2022-03-14 00:13:45,391] {dag.py:2937} INFO - Setting next_dagrun for latest_only_with_trigger to 2022-03-13T20:13:45.391325+00:00
[2022-03-14 00:13:45,399] {processor.py:171} INFO - Processing /home/airflow/.local/lib/python3.7/site-packages/airflow/example_dags/example_latest_only_with_trigger.py took 0.054 seconds
[2022-03-14 00:14:16,250] {processor.py:163} INFO - Started process (PID=5669) to work on /home/airflow/.local/lib/python3.7/site-packages/airflow/example_dags/example_latest_only_with_trigger.py
[2022-03-14 00:14:16,251] {processor.py:642} INFO - Processing file /home/airflow/.local/lib/python3.7/site-packages/airflow/example_dags/example_latest_only_with_trigger.py for tasks to queue
[2022-03-14 00:14:16,252] {logging_mixin.py:109} INFO - [2022-03-14 00:14:16,252] {dagbag.py:500} INFO - Filling up the DagBag from /home/airflow/.local/lib/python3.7/site-packages/airflow/example_dags/example_latest_only_with_trigger.py
[2022-03-14 00:14:16,274] {processor.py:654} INFO - DAG(s) dict_keys(['latest_only_with_trigger']) retrieved from /home/airflow/.local/lib/python3.7/site-packages/airflow/example_dags/example_latest_only_with_trigger.py
[2022-03-14 00:14:16,281] {logging_mixin.py:109} INFO - [2022-03-14 00:14:16,281] {dag.py:2398} INFO - Sync 1 DAGs
[2022-03-14 00:14:16,294] {logging_mixin.py:109} INFO - [2022-03-14 00:14:16,294] {dag.py:2937} INFO - Setting next_dagrun for latest_only_with_trigger to 2022-03-13T20:14:16.294152+00:00
[2022-03-14 00:14:16,307] {processor.py:171} INFO - Processing /home/airflow/.local/lib/python3.7/site-packages/airflow/example_dags/example_latest_only_with_trigger.py took 0.059 seconds
[2022-03-14 00:14:46,478] {processor.py:163} INFO - Started process (PID=5721) to work on /home/airflow/.local/lib/python3.7/site-packages/airflow/example_dags/example_latest_only_with_trigger.py
[2022-03-14 00:14:46,479] {processor.py:642} INFO - Processing file /home/airflow/.local/lib/python3.7/site-packages/airflow/example_dags/example_latest_only_with_trigger.py for tasks to queue
[2022-03-14 00:14:46,480] {logging_mixin.py:109} INFO - [2022-03-14 00:14:46,480] {dagbag.py:500} INFO - Filling up the DagBag from /home/airflow/.local/lib/python3.7/site-packages/airflow/example_dags/example_latest_only_with_trigger.py
[2022-03-14 00:14:46,502] {processor.py:654} INFO - DAG(s) dict_keys(['latest_only_with_trigger']) retrieved from /home/airflow/.local/lib/python3.7/site-packages/airflow/example_dags/example_latest_only_with_trigger.py
[2022-03-14 00:14:46,510] {logging_mixin.py:109} INFO - [2022-03-14 00:14:46,510] {dag.py:2398} INFO - Sync 1 DAGs
[2022-03-14 00:14:46,523] {logging_mixin.py:109} INFO - [2022-03-14 00:14:46,523] {dag.py:2937} INFO - Setting next_dagrun for latest_only_with_trigger to 2022-03-13T20:14:46.522905+00:00
[2022-03-14 00:14:46,536] {processor.py:171} INFO - Processing /home/airflow/.local/lib/python3.7/site-packages/airflow/example_dags/example_latest_only_with_trigger.py took 0.060 seconds
[2022-03-14 00:15:16,574] {processor.py:163} INFO - Started process (PID=5780) to work on /home/airflow/.local/lib/python3.7/site-packages/airflow/example_dags/example_latest_only_with_trigger.py
[2022-03-14 00:15:16,575] {processor.py:642} INFO - Processing file /home/airflow/.local/lib/python3.7/site-packages/airflow/example_dags/example_latest_only_with_trigger.py for tasks to queue
[2022-03-14 00:15:16,575] {logging_mixin.py:109} INFO - [2022-03-14 00:15:16,575] {dagbag.py:500} INFO - Filling up the DagBag from /home/airflow/.local/lib/python3.7/site-packages/airflow/example_dags/example_latest_only_with_trigger.py
[2022-03-14 00:15:16,604] {processor.py:654} INFO - DAG(s) dict_keys(['latest_only_with_trigger']) retrieved from /home/airflow/.local/lib/python3.7/site-packages/airflow/example_dags/example_latest_only_with_trigger.py
[2022-03-14 00:15:16,615] {logging_mixin.py:109} INFO - [2022-03-14 00:15:16,615] {dag.py:2398} INFO - Sync 1 DAGs
[2022-03-14 00:15:16,632] {logging_mixin.py:109} INFO - [2022-03-14 00:15:16,632] {dag.py:2937} INFO - Setting next_dagrun for latest_only_with_trigger to 2022-03-13T20:15:16.631973+00:00
[2022-03-14 00:15:16,648] {processor.py:171} INFO - Processing /home/airflow/.local/lib/python3.7/site-packages/airflow/example_dags/example_latest_only_with_trigger.py took 0.077 seconds
[2022-03-14 00:15:46,697] {processor.py:163} INFO - Started process (PID=5834) to work on /home/airflow/.local/lib/python3.7/site-packages/airflow/example_dags/example_latest_only_with_trigger.py
[2022-03-14 00:15:46,698] {processor.py:642} INFO - Processing file /home/airflow/.local/lib/python3.7/site-packages/airflow/example_dags/example_latest_only_with_trigger.py for tasks to queue
[2022-03-14 00:15:46,699] {logging_mixin.py:109} INFO - [2022-03-14 00:15:46,699] {dagbag.py:500} INFO - Filling up the DagBag from /home/airflow/.local/lib/python3.7/site-packages/airflow/example_dags/example_latest_only_with_trigger.py
[2022-03-14 00:15:46,721] {processor.py:654} INFO - DAG(s) dict_keys(['latest_only_with_trigger']) retrieved from /home/airflow/.local/lib/python3.7/site-packages/airflow/example_dags/example_latest_only_with_trigger.py
[2022-03-14 00:15:46,727] {logging_mixin.py:109} INFO - [2022-03-14 00:15:46,727] {dag.py:2398} INFO - Sync 1 DAGs
[2022-03-14 00:15:46,739] {logging_mixin.py:109} INFO - [2022-03-14 00:15:46,739] {dag.py:2937} INFO - Setting next_dagrun for latest_only_with_trigger to 2022-03-13T20:15:46.738920+00:00
[2022-03-14 00:15:46,752] {processor.py:171} INFO - Processing /home/airflow/.local/lib/python3.7/site-packages/airflow/example_dags/example_latest_only_with_trigger.py took 0.057 seconds
[2022-03-14 00:16:17,626] {processor.py:163} INFO - Started process (PID=5886) to work on /home/airflow/.local/lib/python3.7/site-packages/airflow/example_dags/example_latest_only_with_trigger.py
[2022-03-14 00:16:17,627] {processor.py:642} INFO - Processing file /home/airflow/.local/lib/python3.7/site-packages/airflow/example_dags/example_latest_only_with_trigger.py for tasks to queue
[2022-03-14 00:16:17,627] {logging_mixin.py:109} INFO - [2022-03-14 00:16:17,627] {dagbag.py:500} INFO - Filling up the DagBag from /home/airflow/.local/lib/python3.7/site-packages/airflow/example_dags/example_latest_only_with_trigger.py
[2022-03-14 00:16:17,649] {processor.py:654} INFO - DAG(s) dict_keys(['latest_only_with_trigger']) retrieved from /home/airflow/.local/lib/python3.7/site-packages/airflow/example_dags/example_latest_only_with_trigger.py
[2022-03-14 00:16:17,657] {logging_mixin.py:109} INFO - [2022-03-14 00:16:17,657] {dag.py:2398} INFO - Sync 1 DAGs
[2022-03-14 00:16:17,669] {logging_mixin.py:109} INFO - [2022-03-14 00:16:17,669] {dag.py:2937} INFO - Setting next_dagrun for latest_only_with_trigger to 2022-03-13T20:16:17.669571+00:00
[2022-03-14 00:16:17,677] {processor.py:171} INFO - Processing /home/airflow/.local/lib/python3.7/site-packages/airflow/example_dags/example_latest_only_with_trigger.py took 0.053 seconds
[2022-03-14 00:16:48,145] {processor.py:163} INFO - Started process (PID=5948) to work on /home/airflow/.local/lib/python3.7/site-packages/airflow/example_dags/example_latest_only_with_trigger.py
[2022-03-14 00:16:48,146] {processor.py:642} INFO - Processing file /home/airflow/.local/lib/python3.7/site-packages/airflow/example_dags/example_latest_only_with_trigger.py for tasks to queue
[2022-03-14 00:16:48,146] {logging_mixin.py:109} INFO - [2022-03-14 00:16:48,146] {dagbag.py:500} INFO - Filling up the DagBag from /home/airflow/.local/lib/python3.7/site-packages/airflow/example_dags/example_latest_only_with_trigger.py
[2022-03-14 00:16:48,168] {processor.py:654} INFO - DAG(s) dict_keys(['latest_only_with_trigger']) retrieved from /home/airflow/.local/lib/python3.7/site-packages/airflow/example_dags/example_latest_only_with_trigger.py
[2022-03-14 00:16:48,176] {logging_mixin.py:109} INFO - [2022-03-14 00:16:48,176] {dag.py:2398} INFO - Sync 1 DAGs
[2022-03-14 00:16:48,189] {logging_mixin.py:109} INFO - [2022-03-14 00:16:48,189] {dag.py:2937} INFO - Setting next_dagrun for latest_only_with_trigger to 2022-03-13T20:16:48.188918+00:00
[2022-03-14 00:16:48,203] {processor.py:171} INFO - Processing /home/airflow/.local/lib/python3.7/site-packages/airflow/example_dags/example_latest_only_with_trigger.py took 0.060 seconds
[2022-03-14 00:17:19,050] {processor.py:163} INFO - Started process (PID=6000) to work on /home/airflow/.local/lib/python3.7/site-packages/airflow/example_dags/example_latest_only_with_trigger.py
[2022-03-14 00:17:19,051] {processor.py:642} INFO - Processing file /home/airflow/.local/lib/python3.7/site-packages/airflow/example_dags/example_latest_only_with_trigger.py for tasks to queue
[2022-03-14 00:17:19,052] {logging_mixin.py:109} INFO - [2022-03-14 00:17:19,051] {dagbag.py:500} INFO - Filling up the DagBag from /home/airflow/.local/lib/python3.7/site-packages/airflow/example_dags/example_latest_only_with_trigger.py
[2022-03-14 00:17:19,074] {processor.py:654} INFO - DAG(s) dict_keys(['latest_only_with_trigger']) retrieved from /home/airflow/.local/lib/python3.7/site-packages/airflow/example_dags/example_latest_only_with_trigger.py
[2022-03-14 00:17:19,082] {logging_mixin.py:109} INFO - [2022-03-14 00:17:19,082] {dag.py:2398} INFO - Sync 1 DAGs
[2022-03-14 00:17:19,094] {logging_mixin.py:109} INFO - [2022-03-14 00:17:19,094] {dag.py:2937} INFO - Setting next_dagrun for latest_only_with_trigger to 2022-03-13T20:17:19.093830+00:00
[2022-03-14 00:17:19,107] {processor.py:171} INFO - Processing /home/airflow/.local/lib/python3.7/site-packages/airflow/example_dags/example_latest_only_with_trigger.py took 0.060 seconds
[2022-03-14 00:17:49,671] {processor.py:163} INFO - Started process (PID=6061) to work on /home/airflow/.local/lib/python3.7/site-packages/airflow/example_dags/example_latest_only_with_trigger.py
[2022-03-14 00:17:49,677] {processor.py:642} INFO - Processing file /home/airflow/.local/lib/python3.7/site-packages/airflow/example_dags/example_latest_only_with_trigger.py for tasks to queue
[2022-03-14 00:17:49,678] {logging_mixin.py:109} INFO - [2022-03-14 00:17:49,678] {dagbag.py:500} INFO - Filling up the DagBag from /home/airflow/.local/lib/python3.7/site-packages/airflow/example_dags/example_latest_only_with_trigger.py
[2022-03-14 00:17:49,703] {processor.py:654} INFO - DAG(s) dict_keys(['latest_only_with_trigger']) retrieved from /home/airflow/.local/lib/python3.7/site-packages/airflow/example_dags/example_latest_only_with_trigger.py
[2022-03-14 00:17:49,711] {logging_mixin.py:109} INFO - [2022-03-14 00:17:49,711] {dag.py:2398} INFO - Sync 1 DAGs
[2022-03-14 00:17:49,725] {logging_mixin.py:109} INFO - [2022-03-14 00:17:49,725] {dag.py:2937} INFO - Setting next_dagrun for latest_only_with_trigger to 2022-03-13T20:17:49.725162+00:00
[2022-03-14 00:17:49,734] {processor.py:171} INFO - Processing /home/airflow/.local/lib/python3.7/site-packages/airflow/example_dags/example_latest_only_with_trigger.py took 0.065 seconds
[2022-03-14 00:18:20,694] {processor.py:163} INFO - Started process (PID=6113) to work on /home/airflow/.local/lib/python3.7/site-packages/airflow/example_dags/example_latest_only_with_trigger.py
[2022-03-14 00:18:20,695] {processor.py:642} INFO - Processing file /home/airflow/.local/lib/python3.7/site-packages/airflow/example_dags/example_latest_only_with_trigger.py for tasks to queue
[2022-03-14 00:18:20,696] {logging_mixin.py:109} INFO - [2022-03-14 00:18:20,696] {dagbag.py:500} INFO - Filling up the DagBag from /home/airflow/.local/lib/python3.7/site-packages/airflow/example_dags/example_latest_only_with_trigger.py
[2022-03-14 00:18:20,717] {processor.py:654} INFO - DAG(s) dict_keys(['latest_only_with_trigger']) retrieved from /home/airflow/.local/lib/python3.7/site-packages/airflow/example_dags/example_latest_only_with_trigger.py
[2022-03-14 00:18:20,726] {logging_mixin.py:109} INFO - [2022-03-14 00:18:20,726] {dag.py:2398} INFO - Sync 1 DAGs
[2022-03-14 00:18:20,738] {logging_mixin.py:109} INFO - [2022-03-14 00:18:20,738] {dag.py:2937} INFO - Setting next_dagrun for latest_only_with_trigger to 2022-03-13T20:18:20.738001+00:00
[2022-03-14 00:18:20,757] {processor.py:171} INFO - Processing /home/airflow/.local/lib/python3.7/site-packages/airflow/example_dags/example_latest_only_with_trigger.py took 0.065 seconds
[2022-03-14 00:18:51,559] {processor.py:163} INFO - Started process (PID=6175) to work on /home/airflow/.local/lib/python3.7/site-packages/airflow/example_dags/example_latest_only_with_trigger.py
[2022-03-14 00:18:51,561] {processor.py:642} INFO - Processing file /home/airflow/.local/lib/python3.7/site-packages/airflow/example_dags/example_latest_only_with_trigger.py for tasks to queue
[2022-03-14 00:18:51,561] {logging_mixin.py:109} INFO - [2022-03-14 00:18:51,561] {dagbag.py:500} INFO - Filling up the DagBag from /home/airflow/.local/lib/python3.7/site-packages/airflow/example_dags/example_latest_only_with_trigger.py
[2022-03-14 00:18:51,588] {processor.py:654} INFO - DAG(s) dict_keys(['latest_only_with_trigger']) retrieved from /home/airflow/.local/lib/python3.7/site-packages/airflow/example_dags/example_latest_only_with_trigger.py
[2022-03-14 00:18:51,597] {logging_mixin.py:109} INFO - [2022-03-14 00:18:51,596] {dag.py:2398} INFO - Sync 1 DAGs
[2022-03-14 00:18:51,610] {logging_mixin.py:109} INFO - [2022-03-14 00:18:51,610] {dag.py:2937} INFO - Setting next_dagrun for latest_only_with_trigger to 2022-03-13T20:18:51.610537+00:00
[2022-03-14 00:18:51,626] {processor.py:171} INFO - Processing /home/airflow/.local/lib/python3.7/site-packages/airflow/example_dags/example_latest_only_with_trigger.py took 0.070 seconds
[2022-03-14 00:19:22,450] {processor.py:163} INFO - Started process (PID=6227) to work on /home/airflow/.local/lib/python3.7/site-packages/airflow/example_dags/example_latest_only_with_trigger.py
[2022-03-14 00:19:22,450] {processor.py:642} INFO - Processing file /home/airflow/.local/lib/python3.7/site-packages/airflow/example_dags/example_latest_only_with_trigger.py for tasks to queue
[2022-03-14 00:19:22,451] {logging_mixin.py:109} INFO - [2022-03-14 00:19:22,451] {dagbag.py:500} INFO - Filling up the DagBag from /home/airflow/.local/lib/python3.7/site-packages/airflow/example_dags/example_latest_only_with_trigger.py
[2022-03-14 00:19:22,472] {processor.py:654} INFO - DAG(s) dict_keys(['latest_only_with_trigger']) retrieved from /home/airflow/.local/lib/python3.7/site-packages/airflow/example_dags/example_latest_only_with_trigger.py
[2022-03-14 00:19:22,479] {logging_mixin.py:109} INFO - [2022-03-14 00:19:22,479] {dag.py:2398} INFO - Sync 1 DAGs
[2022-03-14 00:19:22,491] {logging_mixin.py:109} INFO - [2022-03-14 00:19:22,491] {dag.py:2937} INFO - Setting next_dagrun for latest_only_with_trigger to 2022-03-13T20:19:22.491339+00:00
[2022-03-14 00:19:22,505] {processor.py:171} INFO - Processing /home/airflow/.local/lib/python3.7/site-packages/airflow/example_dags/example_latest_only_with_trigger.py took 0.057 seconds
[2022-03-14 00:19:53,312] {processor.py:163} INFO - Started process (PID=6289) to work on /home/airflow/.local/lib/python3.7/site-packages/airflow/example_dags/example_latest_only_with_trigger.py
[2022-03-14 00:19:53,313] {processor.py:642} INFO - Processing file /home/airflow/.local/lib/python3.7/site-packages/airflow/example_dags/example_latest_only_with_trigger.py for tasks to queue
[2022-03-14 00:19:53,313] {logging_mixin.py:109} INFO - [2022-03-14 00:19:53,313] {dagbag.py:500} INFO - Filling up the DagBag from /home/airflow/.local/lib/python3.7/site-packages/airflow/example_dags/example_latest_only_with_trigger.py
[2022-03-14 00:19:53,336] {processor.py:654} INFO - DAG(s) dict_keys(['latest_only_with_trigger']) retrieved from /home/airflow/.local/lib/python3.7/site-packages/airflow/example_dags/example_latest_only_with_trigger.py
[2022-03-14 00:19:53,344] {logging_mixin.py:109} INFO - [2022-03-14 00:19:53,344] {dag.py:2398} INFO - Sync 1 DAGs
[2022-03-14 00:19:53,357] {logging_mixin.py:109} INFO - [2022-03-14 00:19:53,357] {dag.py:2937} INFO - Setting next_dagrun for latest_only_with_trigger to 2022-03-13T20:19:53.357076+00:00
[2022-03-14 00:19:53,374] {processor.py:171} INFO - Processing /home/airflow/.local/lib/python3.7/site-packages/airflow/example_dags/example_latest_only_with_trigger.py took 0.065 seconds
[2022-03-14 00:20:24,085] {processor.py:163} INFO - Started process (PID=6341) to work on /home/airflow/.local/lib/python3.7/site-packages/airflow/example_dags/example_latest_only_with_trigger.py
[2022-03-14 00:20:24,086] {processor.py:642} INFO - Processing file /home/airflow/.local/lib/python3.7/site-packages/airflow/example_dags/example_latest_only_with_trigger.py for tasks to queue
[2022-03-14 00:20:24,086] {logging_mixin.py:109} INFO - [2022-03-14 00:20:24,086] {dagbag.py:500} INFO - Filling up the DagBag from /home/airflow/.local/lib/python3.7/site-packages/airflow/example_dags/example_latest_only_with_trigger.py
[2022-03-14 00:20:24,108] {processor.py:654} INFO - DAG(s) dict_keys(['latest_only_with_trigger']) retrieved from /home/airflow/.local/lib/python3.7/site-packages/airflow/example_dags/example_latest_only_with_trigger.py
[2022-03-14 00:20:24,116] {logging_mixin.py:109} INFO - [2022-03-14 00:20:24,116] {dag.py:2398} INFO - Sync 1 DAGs
[2022-03-14 00:20:24,130] {logging_mixin.py:109} INFO - [2022-03-14 00:20:24,130] {dag.py:2937} INFO - Setting next_dagrun for latest_only_with_trigger to 2022-03-13T20:20:24.130161+00:00
[2022-03-14 00:20:24,145] {processor.py:171} INFO - Processing /home/airflow/.local/lib/python3.7/site-packages/airflow/example_dags/example_latest_only_with_trigger.py took 0.062 seconds
[2022-03-14 00:20:54,971] {processor.py:163} INFO - Started process (PID=6402) to work on /home/airflow/.local/lib/python3.7/site-packages/airflow/example_dags/example_latest_only_with_trigger.py
[2022-03-14 00:20:54,972] {processor.py:642} INFO - Processing file /home/airflow/.local/lib/python3.7/site-packages/airflow/example_dags/example_latest_only_with_trigger.py for tasks to queue
[2022-03-14 00:20:54,973] {logging_mixin.py:109} INFO - [2022-03-14 00:20:54,973] {dagbag.py:500} INFO - Filling up the DagBag from /home/airflow/.local/lib/python3.7/site-packages/airflow/example_dags/example_latest_only_with_trigger.py
[2022-03-14 00:20:54,998] {processor.py:654} INFO - DAG(s) dict_keys(['latest_only_with_trigger']) retrieved from /home/airflow/.local/lib/python3.7/site-packages/airflow/example_dags/example_latest_only_with_trigger.py
[2022-03-14 00:20:55,007] {logging_mixin.py:109} INFO - [2022-03-14 00:20:55,007] {dag.py:2398} INFO - Sync 1 DAGs
[2022-03-14 00:20:55,024] {logging_mixin.py:109} INFO - [2022-03-14 00:20:55,024] {dag.py:2937} INFO - Setting next_dagrun for latest_only_with_trigger to 2022-03-13T20:20:55.024232+00:00
[2022-03-14 00:20:55,044] {processor.py:171} INFO - Processing /home/airflow/.local/lib/python3.7/site-packages/airflow/example_dags/example_latest_only_with_trigger.py took 0.075 seconds
[2022-03-14 00:21:25,707] {processor.py:163} INFO - Started process (PID=6455) to work on /home/airflow/.local/lib/python3.7/site-packages/airflow/example_dags/example_latest_only_with_trigger.py
[2022-03-14 00:21:25,707] {processor.py:642} INFO - Processing file /home/airflow/.local/lib/python3.7/site-packages/airflow/example_dags/example_latest_only_with_trigger.py for tasks to queue
[2022-03-14 00:21:25,708] {logging_mixin.py:109} INFO - [2022-03-14 00:21:25,708] {dagbag.py:500} INFO - Filling up the DagBag from /home/airflow/.local/lib/python3.7/site-packages/airflow/example_dags/example_latest_only_with_trigger.py
[2022-03-14 00:21:25,728] {processor.py:654} INFO - DAG(s) dict_keys(['latest_only_with_trigger']) retrieved from /home/airflow/.local/lib/python3.7/site-packages/airflow/example_dags/example_latest_only_with_trigger.py
[2022-03-14 00:21:25,735] {logging_mixin.py:109} INFO - [2022-03-14 00:21:25,734] {dag.py:2398} INFO - Sync 1 DAGs
[2022-03-14 00:21:25,746] {logging_mixin.py:109} INFO - [2022-03-14 00:21:25,745] {dag.py:2937} INFO - Setting next_dagrun for latest_only_with_trigger to 2022-03-13T20:21:25.745804+00:00
[2022-03-14 00:21:25,759] {processor.py:171} INFO - Processing /home/airflow/.local/lib/python3.7/site-packages/airflow/example_dags/example_latest_only_with_trigger.py took 0.054 seconds
[2022-03-14 00:21:56,753] {processor.py:163} INFO - Started process (PID=6507) to work on /home/airflow/.local/lib/python3.7/site-packages/airflow/example_dags/example_latest_only_with_trigger.py
[2022-03-14 00:21:56,754] {processor.py:642} INFO - Processing file /home/airflow/.local/lib/python3.7/site-packages/airflow/example_dags/example_latest_only_with_trigger.py for tasks to queue
[2022-03-14 00:21:56,754] {logging_mixin.py:109} INFO - [2022-03-14 00:21:56,754] {dagbag.py:500} INFO - Filling up the DagBag from /home/airflow/.local/lib/python3.7/site-packages/airflow/example_dags/example_latest_only_with_trigger.py
[2022-03-14 00:21:56,776] {processor.py:654} INFO - DAG(s) dict_keys(['latest_only_with_trigger']) retrieved from /home/airflow/.local/lib/python3.7/site-packages/airflow/example_dags/example_latest_only_with_trigger.py
[2022-03-14 00:21:56,784] {logging_mixin.py:109} INFO - [2022-03-14 00:21:56,783] {dag.py:2398} INFO - Sync 1 DAGs
[2022-03-14 00:21:56,796] {logging_mixin.py:109} INFO - [2022-03-14 00:21:56,796] {dag.py:2937} INFO - Setting next_dagrun for latest_only_with_trigger to 2022-03-13T20:21:56.796099+00:00
[2022-03-14 00:21:56,803] {processor.py:171} INFO - Processing /home/airflow/.local/lib/python3.7/site-packages/airflow/example_dags/example_latest_only_with_trigger.py took 0.052 seconds
[2022-03-14 00:22:27,643] {processor.py:163} INFO - Started process (PID=6571) to work on /home/airflow/.local/lib/python3.7/site-packages/airflow/example_dags/example_latest_only_with_trigger.py
[2022-03-14 00:22:27,644] {processor.py:642} INFO - Processing file /home/airflow/.local/lib/python3.7/site-packages/airflow/example_dags/example_latest_only_with_trigger.py for tasks to queue
[2022-03-14 00:22:27,645] {logging_mixin.py:109} INFO - [2022-03-14 00:22:27,645] {dagbag.py:500} INFO - Filling up the DagBag from /home/airflow/.local/lib/python3.7/site-packages/airflow/example_dags/example_latest_only_with_trigger.py
[2022-03-14 00:22:27,667] {processor.py:654} INFO - DAG(s) dict_keys(['latest_only_with_trigger']) retrieved from /home/airflow/.local/lib/python3.7/site-packages/airflow/example_dags/example_latest_only_with_trigger.py
[2022-03-14 00:22:27,676] {logging_mixin.py:109} INFO - [2022-03-14 00:22:27,676] {dag.py:2398} INFO - Sync 1 DAGs
[2022-03-14 00:22:27,690] {logging_mixin.py:109} INFO - [2022-03-14 00:22:27,690] {dag.py:2937} INFO - Setting next_dagrun for latest_only_with_trigger to 2022-03-13T20:22:27.690046+00:00
[2022-03-14 00:22:27,702] {processor.py:171} INFO - Processing /home/airflow/.local/lib/python3.7/site-packages/airflow/example_dags/example_latest_only_with_trigger.py took 0.061 seconds
