[2022-03-14 00:00:24,194] {processor.py:163} INFO - Started process (PID=4141) to work on /home/airflow/.local/lib/python3.7/site-packages/airflow/example_dags/example_branch_operator.py
[2022-03-14 00:00:24,195] {processor.py:642} INFO - Processing file /home/airflow/.local/lib/python3.7/site-packages/airflow/example_dags/example_branch_operator.py for tasks to queue
[2022-03-14 00:00:24,195] {logging_mixin.py:109} INFO - [2022-03-14 00:00:24,195] {dagbag.py:500} INFO - Filling up the DagBag from /home/airflow/.local/lib/python3.7/site-packages/airflow/example_dags/example_branch_operator.py
[2022-03-14 00:00:24,220] {processor.py:654} INFO - DAG(s) dict_keys(['example_branch_operator']) retrieved from /home/airflow/.local/lib/python3.7/site-packages/airflow/example_dags/example_branch_operator.py
[2022-03-14 00:00:24,229] {logging_mixin.py:109} INFO - [2022-03-14 00:00:24,229] {dag.py:2398} INFO - Sync 1 DAGs
[2022-03-14 00:00:24,241] {logging_mixin.py:109} INFO - [2022-03-14 00:00:24,241] {dag.py:2937} INFO - Setting next_dagrun for example_branch_operator to 2022-03-13 00:00:00+00:00
[2022-03-14 00:00:24,255] {processor.py:171} INFO - Processing /home/airflow/.local/lib/python3.7/site-packages/airflow/example_dags/example_branch_operator.py took 0.064 seconds
[2022-03-14 00:00:55,238] {processor.py:163} INFO - Started process (PID=4202) to work on /home/airflow/.local/lib/python3.7/site-packages/airflow/example_dags/example_branch_operator.py
[2022-03-14 00:00:55,238] {processor.py:642} INFO - Processing file /home/airflow/.local/lib/python3.7/site-packages/airflow/example_dags/example_branch_operator.py for tasks to queue
[2022-03-14 00:00:55,239] {logging_mixin.py:109} INFO - [2022-03-14 00:00:55,239] {dagbag.py:500} INFO - Filling up the DagBag from /home/airflow/.local/lib/python3.7/site-packages/airflow/example_dags/example_branch_operator.py
[2022-03-14 00:00:55,268] {processor.py:654} INFO - DAG(s) dict_keys(['example_branch_operator']) retrieved from /home/airflow/.local/lib/python3.7/site-packages/airflow/example_dags/example_branch_operator.py
[2022-03-14 00:00:55,280] {logging_mixin.py:109} INFO - [2022-03-14 00:00:55,280] {dag.py:2398} INFO - Sync 1 DAGs
[2022-03-14 00:00:55,299] {logging_mixin.py:109} INFO - [2022-03-14 00:00:55,299] {dag.py:2937} INFO - Setting next_dagrun for example_branch_operator to 2022-03-13 00:00:00+00:00
[2022-03-14 00:00:55,310] {processor.py:171} INFO - Processing /home/airflow/.local/lib/python3.7/site-packages/airflow/example_dags/example_branch_operator.py took 0.075 seconds
[2022-03-14 00:01:26,090] {processor.py:163} INFO - Started process (PID=4254) to work on /home/airflow/.local/lib/python3.7/site-packages/airflow/example_dags/example_branch_operator.py
[2022-03-14 00:01:26,091] {processor.py:642} INFO - Processing file /home/airflow/.local/lib/python3.7/site-packages/airflow/example_dags/example_branch_operator.py for tasks to queue
[2022-03-14 00:01:26,091] {logging_mixin.py:109} INFO - [2022-03-14 00:01:26,091] {dagbag.py:500} INFO - Filling up the DagBag from /home/airflow/.local/lib/python3.7/site-packages/airflow/example_dags/example_branch_operator.py
[2022-03-14 00:01:26,119] {processor.py:654} INFO - DAG(s) dict_keys(['example_branch_operator']) retrieved from /home/airflow/.local/lib/python3.7/site-packages/airflow/example_dags/example_branch_operator.py
[2022-03-14 00:01:26,127] {logging_mixin.py:109} INFO - [2022-03-14 00:01:26,127] {dag.py:2398} INFO - Sync 1 DAGs
[2022-03-14 00:01:26,140] {logging_mixin.py:109} INFO - [2022-03-14 00:01:26,140] {dag.py:2937} INFO - Setting next_dagrun for example_branch_operator to 2022-03-13 00:00:00+00:00
[2022-03-14 00:01:26,154] {processor.py:171} INFO - Processing /home/airflow/.local/lib/python3.7/site-packages/airflow/example_dags/example_branch_operator.py took 0.068 seconds
[2022-03-14 00:01:57,012] {processor.py:163} INFO - Started process (PID=4315) to work on /home/airflow/.local/lib/python3.7/site-packages/airflow/example_dags/example_branch_operator.py
[2022-03-14 00:01:57,013] {processor.py:642} INFO - Processing file /home/airflow/.local/lib/python3.7/site-packages/airflow/example_dags/example_branch_operator.py for tasks to queue
[2022-03-14 00:01:57,013] {logging_mixin.py:109} INFO - [2022-03-14 00:01:57,013] {dagbag.py:500} INFO - Filling up the DagBag from /home/airflow/.local/lib/python3.7/site-packages/airflow/example_dags/example_branch_operator.py
[2022-03-14 00:01:57,039] {processor.py:654} INFO - DAG(s) dict_keys(['example_branch_operator']) retrieved from /home/airflow/.local/lib/python3.7/site-packages/airflow/example_dags/example_branch_operator.py
[2022-03-14 00:01:57,052] {logging_mixin.py:109} INFO - [2022-03-14 00:01:57,052] {dag.py:2398} INFO - Sync 1 DAGs
[2022-03-14 00:01:57,073] {logging_mixin.py:109} INFO - [2022-03-14 00:01:57,073] {dag.py:2937} INFO - Setting next_dagrun for example_branch_operator to 2022-03-13 00:00:00+00:00
[2022-03-14 00:01:57,093] {processor.py:171} INFO - Processing /home/airflow/.local/lib/python3.7/site-packages/airflow/example_dags/example_branch_operator.py took 0.083 seconds
[2022-03-14 00:02:27,717] {processor.py:163} INFO - Started process (PID=4368) to work on /home/airflow/.local/lib/python3.7/site-packages/airflow/example_dags/example_branch_operator.py
[2022-03-14 00:02:27,718] {processor.py:642} INFO - Processing file /home/airflow/.local/lib/python3.7/site-packages/airflow/example_dags/example_branch_operator.py for tasks to queue
[2022-03-14 00:02:27,718] {logging_mixin.py:109} INFO - [2022-03-14 00:02:27,718] {dagbag.py:500} INFO - Filling up the DagBag from /home/airflow/.local/lib/python3.7/site-packages/airflow/example_dags/example_branch_operator.py
[2022-03-14 00:02:27,741] {processor.py:654} INFO - DAG(s) dict_keys(['example_branch_operator']) retrieved from /home/airflow/.local/lib/python3.7/site-packages/airflow/example_dags/example_branch_operator.py
[2022-03-14 00:02:27,753] {logging_mixin.py:109} INFO - [2022-03-14 00:02:27,753] {dag.py:2398} INFO - Sync 1 DAGs
[2022-03-14 00:02:27,769] {logging_mixin.py:109} INFO - [2022-03-14 00:02:27,769] {dag.py:2937} INFO - Setting next_dagrun for example_branch_operator to 2022-03-13 00:00:00+00:00
[2022-03-14 00:02:27,784] {processor.py:171} INFO - Processing /home/airflow/.local/lib/python3.7/site-packages/airflow/example_dags/example_branch_operator.py took 0.069 seconds
[2022-03-14 00:02:58,219] {processor.py:163} INFO - Started process (PID=4428) to work on /home/airflow/.local/lib/python3.7/site-packages/airflow/example_dags/example_branch_operator.py
[2022-03-14 00:02:58,220] {processor.py:642} INFO - Processing file /home/airflow/.local/lib/python3.7/site-packages/airflow/example_dags/example_branch_operator.py for tasks to queue
[2022-03-14 00:02:58,220] {logging_mixin.py:109} INFO - [2022-03-14 00:02:58,220] {dagbag.py:500} INFO - Filling up the DagBag from /home/airflow/.local/lib/python3.7/site-packages/airflow/example_dags/example_branch_operator.py
[2022-03-14 00:02:58,252] {processor.py:654} INFO - DAG(s) dict_keys(['example_branch_operator']) retrieved from /home/airflow/.local/lib/python3.7/site-packages/airflow/example_dags/example_branch_operator.py
[2022-03-14 00:02:58,264] {logging_mixin.py:109} INFO - [2022-03-14 00:02:58,264] {dag.py:2398} INFO - Sync 1 DAGs
[2022-03-14 00:02:58,279] {logging_mixin.py:109} INFO - [2022-03-14 00:02:58,279] {dag.py:2937} INFO - Setting next_dagrun for example_branch_operator to 2022-03-13 00:00:00+00:00
[2022-03-14 00:02:58,300] {processor.py:171} INFO - Processing /home/airflow/.local/lib/python3.7/site-packages/airflow/example_dags/example_branch_operator.py took 0.084 seconds
[2022-03-14 00:03:29,202] {processor.py:163} INFO - Started process (PID=4482) to work on /home/airflow/.local/lib/python3.7/site-packages/airflow/example_dags/example_branch_operator.py
[2022-03-14 00:03:29,203] {processor.py:642} INFO - Processing file /home/airflow/.local/lib/python3.7/site-packages/airflow/example_dags/example_branch_operator.py for tasks to queue
[2022-03-14 00:03:29,204] {logging_mixin.py:109} INFO - [2022-03-14 00:03:29,204] {dagbag.py:500} INFO - Filling up the DagBag from /home/airflow/.local/lib/python3.7/site-packages/airflow/example_dags/example_branch_operator.py
[2022-03-14 00:03:29,231] {processor.py:654} INFO - DAG(s) dict_keys(['example_branch_operator']) retrieved from /home/airflow/.local/lib/python3.7/site-packages/airflow/example_dags/example_branch_operator.py
[2022-03-14 00:03:29,239] {logging_mixin.py:109} INFO - [2022-03-14 00:03:29,239] {dag.py:2398} INFO - Sync 1 DAGs
[2022-03-14 00:03:29,251] {logging_mixin.py:109} INFO - [2022-03-14 00:03:29,251] {dag.py:2937} INFO - Setting next_dagrun for example_branch_operator to 2022-03-13 00:00:00+00:00
[2022-03-14 00:03:29,265] {processor.py:171} INFO - Processing /home/airflow/.local/lib/python3.7/site-packages/airflow/example_dags/example_branch_operator.py took 0.066 seconds
[2022-03-14 00:04:00,202] {processor.py:163} INFO - Started process (PID=4534) to work on /home/airflow/.local/lib/python3.7/site-packages/airflow/example_dags/example_branch_operator.py
[2022-03-14 00:04:00,203] {processor.py:642} INFO - Processing file /home/airflow/.local/lib/python3.7/site-packages/airflow/example_dags/example_branch_operator.py for tasks to queue
[2022-03-14 00:04:00,203] {logging_mixin.py:109} INFO - [2022-03-14 00:04:00,203] {dagbag.py:500} INFO - Filling up the DagBag from /home/airflow/.local/lib/python3.7/site-packages/airflow/example_dags/example_branch_operator.py
[2022-03-14 00:04:00,227] {processor.py:654} INFO - DAG(s) dict_keys(['example_branch_operator']) retrieved from /home/airflow/.local/lib/python3.7/site-packages/airflow/example_dags/example_branch_operator.py
[2022-03-14 00:04:00,235] {logging_mixin.py:109} INFO - [2022-03-14 00:04:00,235] {dag.py:2398} INFO - Sync 1 DAGs
[2022-03-14 00:04:00,248] {logging_mixin.py:109} INFO - [2022-03-14 00:04:00,248] {dag.py:2937} INFO - Setting next_dagrun for example_branch_operator to 2022-03-13 00:00:00+00:00
[2022-03-14 00:04:00,256] {processor.py:171} INFO - Processing /home/airflow/.local/lib/python3.7/site-packages/airflow/example_dags/example_branch_operator.py took 0.056 seconds
[2022-03-14 00:04:30,314] {processor.py:163} INFO - Started process (PID=4595) to work on /home/airflow/.local/lib/python3.7/site-packages/airflow/example_dags/example_branch_operator.py
[2022-03-14 00:04:30,315] {processor.py:642} INFO - Processing file /home/airflow/.local/lib/python3.7/site-packages/airflow/example_dags/example_branch_operator.py for tasks to queue
[2022-03-14 00:04:30,316] {logging_mixin.py:109} INFO - [2022-03-14 00:04:30,315] {dagbag.py:500} INFO - Filling up the DagBag from /home/airflow/.local/lib/python3.7/site-packages/airflow/example_dags/example_branch_operator.py
[2022-03-14 00:04:30,342] {processor.py:654} INFO - DAG(s) dict_keys(['example_branch_operator']) retrieved from /home/airflow/.local/lib/python3.7/site-packages/airflow/example_dags/example_branch_operator.py
[2022-03-14 00:04:30,353] {logging_mixin.py:109} INFO - [2022-03-14 00:04:30,353] {dag.py:2398} INFO - Sync 1 DAGs
[2022-03-14 00:04:30,370] {logging_mixin.py:109} INFO - [2022-03-14 00:04:30,370] {dag.py:2937} INFO - Setting next_dagrun for example_branch_operator to 2022-03-13 00:00:00+00:00
[2022-03-14 00:04:30,386] {processor.py:171} INFO - Processing /home/airflow/.local/lib/python3.7/site-packages/airflow/example_dags/example_branch_operator.py took 0.075 seconds
[2022-03-14 00:05:00,981] {processor.py:163} INFO - Started process (PID=4647) to work on /home/airflow/.local/lib/python3.7/site-packages/airflow/example_dags/example_branch_operator.py
[2022-03-14 00:05:00,982] {processor.py:642} INFO - Processing file /home/airflow/.local/lib/python3.7/site-packages/airflow/example_dags/example_branch_operator.py for tasks to queue
[2022-03-14 00:05:00,982] {logging_mixin.py:109} INFO - [2022-03-14 00:05:00,982] {dagbag.py:500} INFO - Filling up the DagBag from /home/airflow/.local/lib/python3.7/site-packages/airflow/example_dags/example_branch_operator.py
[2022-03-14 00:05:01,006] {processor.py:654} INFO - DAG(s) dict_keys(['example_branch_operator']) retrieved from /home/airflow/.local/lib/python3.7/site-packages/airflow/example_dags/example_branch_operator.py
[2022-03-14 00:05:01,017] {logging_mixin.py:109} INFO - [2022-03-14 00:05:01,017] {dag.py:2398} INFO - Sync 1 DAGs
[2022-03-14 00:05:01,035] {logging_mixin.py:109} INFO - [2022-03-14 00:05:01,034] {dag.py:2937} INFO - Setting next_dagrun for example_branch_operator to 2022-03-13 00:00:00+00:00
[2022-03-14 00:05:01,049] {processor.py:171} INFO - Processing /home/airflow/.local/lib/python3.7/site-packages/airflow/example_dags/example_branch_operator.py took 0.071 seconds
[2022-03-14 00:05:31,938] {processor.py:163} INFO - Started process (PID=4708) to work on /home/airflow/.local/lib/python3.7/site-packages/airflow/example_dags/example_branch_operator.py
[2022-03-14 00:05:31,938] {processor.py:642} INFO - Processing file /home/airflow/.local/lib/python3.7/site-packages/airflow/example_dags/example_branch_operator.py for tasks to queue
[2022-03-14 00:05:31,939] {logging_mixin.py:109} INFO - [2022-03-14 00:05:31,939] {dagbag.py:500} INFO - Filling up the DagBag from /home/airflow/.local/lib/python3.7/site-packages/airflow/example_dags/example_branch_operator.py
[2022-03-14 00:05:31,965] {processor.py:654} INFO - DAG(s) dict_keys(['example_branch_operator']) retrieved from /home/airflow/.local/lib/python3.7/site-packages/airflow/example_dags/example_branch_operator.py
[2022-03-14 00:05:31,978] {logging_mixin.py:109} INFO - [2022-03-14 00:05:31,978] {dag.py:2398} INFO - Sync 1 DAGs
[2022-03-14 00:05:31,995] {logging_mixin.py:109} INFO - [2022-03-14 00:05:31,995] {dag.py:2937} INFO - Setting next_dagrun for example_branch_operator to 2022-03-13 00:00:00+00:00
[2022-03-14 00:05:32,011] {processor.py:171} INFO - Processing /home/airflow/.local/lib/python3.7/site-packages/airflow/example_dags/example_branch_operator.py took 0.076 seconds
[2022-03-14 00:06:02,701] {processor.py:163} INFO - Started process (PID=4760) to work on /home/airflow/.local/lib/python3.7/site-packages/airflow/example_dags/example_branch_operator.py
[2022-03-14 00:06:02,702] {processor.py:642} INFO - Processing file /home/airflow/.local/lib/python3.7/site-packages/airflow/example_dags/example_branch_operator.py for tasks to queue
[2022-03-14 00:06:02,702] {logging_mixin.py:109} INFO - [2022-03-14 00:06:02,702] {dagbag.py:500} INFO - Filling up the DagBag from /home/airflow/.local/lib/python3.7/site-packages/airflow/example_dags/example_branch_operator.py
[2022-03-14 00:06:02,726] {processor.py:654} INFO - DAG(s) dict_keys(['example_branch_operator']) retrieved from /home/airflow/.local/lib/python3.7/site-packages/airflow/example_dags/example_branch_operator.py
[2022-03-14 00:06:02,734] {logging_mixin.py:109} INFO - [2022-03-14 00:06:02,734] {dag.py:2398} INFO - Sync 1 DAGs
[2022-03-14 00:06:02,747] {logging_mixin.py:109} INFO - [2022-03-14 00:06:02,747] {dag.py:2937} INFO - Setting next_dagrun for example_branch_operator to 2022-03-13 00:00:00+00:00
[2022-03-14 00:06:02,756] {processor.py:171} INFO - Processing /home/airflow/.local/lib/python3.7/site-packages/airflow/example_dags/example_branch_operator.py took 0.058 seconds
[2022-03-14 00:06:33,446] {processor.py:163} INFO - Started process (PID=4821) to work on /home/airflow/.local/lib/python3.7/site-packages/airflow/example_dags/example_branch_operator.py
[2022-03-14 00:06:33,447] {processor.py:642} INFO - Processing file /home/airflow/.local/lib/python3.7/site-packages/airflow/example_dags/example_branch_operator.py for tasks to queue
[2022-03-14 00:06:33,447] {logging_mixin.py:109} INFO - [2022-03-14 00:06:33,447] {dagbag.py:500} INFO - Filling up the DagBag from /home/airflow/.local/lib/python3.7/site-packages/airflow/example_dags/example_branch_operator.py
[2022-03-14 00:06:33,474] {processor.py:654} INFO - DAG(s) dict_keys(['example_branch_operator']) retrieved from /home/airflow/.local/lib/python3.7/site-packages/airflow/example_dags/example_branch_operator.py
[2022-03-14 00:06:33,483] {logging_mixin.py:109} INFO - [2022-03-14 00:06:33,483] {dag.py:2398} INFO - Sync 1 DAGs
[2022-03-14 00:06:33,497] {logging_mixin.py:109} INFO - [2022-03-14 00:06:33,497] {dag.py:2937} INFO - Setting next_dagrun for example_branch_operator to 2022-03-13 00:00:00+00:00
[2022-03-14 00:06:33,518] {processor.py:171} INFO - Processing /home/airflow/.local/lib/python3.7/site-packages/airflow/example_dags/example_branch_operator.py took 0.075 seconds
[2022-03-14 00:07:04,178] {processor.py:163} INFO - Started process (PID=4873) to work on /home/airflow/.local/lib/python3.7/site-packages/airflow/example_dags/example_branch_operator.py
[2022-03-14 00:07:04,179] {processor.py:642} INFO - Processing file /home/airflow/.local/lib/python3.7/site-packages/airflow/example_dags/example_branch_operator.py for tasks to queue
[2022-03-14 00:07:04,179] {logging_mixin.py:109} INFO - [2022-03-14 00:07:04,179] {dagbag.py:500} INFO - Filling up the DagBag from /home/airflow/.local/lib/python3.7/site-packages/airflow/example_dags/example_branch_operator.py
[2022-03-14 00:07:04,204] {processor.py:654} INFO - DAG(s) dict_keys(['example_branch_operator']) retrieved from /home/airflow/.local/lib/python3.7/site-packages/airflow/example_dags/example_branch_operator.py
[2022-03-14 00:07:04,212] {logging_mixin.py:109} INFO - [2022-03-14 00:07:04,212] {dag.py:2398} INFO - Sync 1 DAGs
[2022-03-14 00:07:04,225] {logging_mixin.py:109} INFO - [2022-03-14 00:07:04,225] {dag.py:2937} INFO - Setting next_dagrun for example_branch_operator to 2022-03-13 00:00:00+00:00
[2022-03-14 00:07:04,239] {processor.py:171} INFO - Processing /home/airflow/.local/lib/python3.7/site-packages/airflow/example_dags/example_branch_operator.py took 0.063 seconds
[2022-03-14 00:07:35,103] {processor.py:163} INFO - Started process (PID=4934) to work on /home/airflow/.local/lib/python3.7/site-packages/airflow/example_dags/example_branch_operator.py
[2022-03-14 00:07:35,105] {processor.py:642} INFO - Processing file /home/airflow/.local/lib/python3.7/site-packages/airflow/example_dags/example_branch_operator.py for tasks to queue
[2022-03-14 00:07:35,105] {logging_mixin.py:109} INFO - [2022-03-14 00:07:35,105] {dagbag.py:500} INFO - Filling up the DagBag from /home/airflow/.local/lib/python3.7/site-packages/airflow/example_dags/example_branch_operator.py
[2022-03-14 00:07:35,139] {processor.py:654} INFO - DAG(s) dict_keys(['example_branch_operator']) retrieved from /home/airflow/.local/lib/python3.7/site-packages/airflow/example_dags/example_branch_operator.py
[2022-03-14 00:07:35,151] {logging_mixin.py:109} INFO - [2022-03-14 00:07:35,150] {dag.py:2398} INFO - Sync 1 DAGs
[2022-03-14 00:07:35,171] {logging_mixin.py:109} INFO - [2022-03-14 00:07:35,171] {dag.py:2937} INFO - Setting next_dagrun for example_branch_operator to 2022-03-13 00:00:00+00:00
[2022-03-14 00:07:35,188] {processor.py:171} INFO - Processing /home/airflow/.local/lib/python3.7/site-packages/airflow/example_dags/example_branch_operator.py took 0.087 seconds
[2022-03-14 00:08:06,123] {processor.py:163} INFO - Started process (PID=4986) to work on /home/airflow/.local/lib/python3.7/site-packages/airflow/example_dags/example_branch_operator.py
[2022-03-14 00:08:06,124] {processor.py:642} INFO - Processing file /home/airflow/.local/lib/python3.7/site-packages/airflow/example_dags/example_branch_operator.py for tasks to queue
[2022-03-14 00:08:06,125] {logging_mixin.py:109} INFO - [2022-03-14 00:08:06,125] {dagbag.py:500} INFO - Filling up the DagBag from /home/airflow/.local/lib/python3.7/site-packages/airflow/example_dags/example_branch_operator.py
[2022-03-14 00:08:06,151] {processor.py:654} INFO - DAG(s) dict_keys(['example_branch_operator']) retrieved from /home/airflow/.local/lib/python3.7/site-packages/airflow/example_dags/example_branch_operator.py
[2022-03-14 00:08:06,162] {logging_mixin.py:109} INFO - [2022-03-14 00:08:06,162] {dag.py:2398} INFO - Sync 1 DAGs
[2022-03-14 00:08:06,178] {logging_mixin.py:109} INFO - [2022-03-14 00:08:06,178] {dag.py:2937} INFO - Setting next_dagrun for example_branch_operator to 2022-03-13 00:00:00+00:00
[2022-03-14 00:08:06,197] {processor.py:171} INFO - Processing /home/airflow/.local/lib/python3.7/site-packages/airflow/example_dags/example_branch_operator.py took 0.076 seconds
[2022-03-14 00:08:37,167] {processor.py:163} INFO - Started process (PID=5047) to work on /home/airflow/.local/lib/python3.7/site-packages/airflow/example_dags/example_branch_operator.py
[2022-03-14 00:08:37,168] {processor.py:642} INFO - Processing file /home/airflow/.local/lib/python3.7/site-packages/airflow/example_dags/example_branch_operator.py for tasks to queue
[2022-03-14 00:08:37,168] {logging_mixin.py:109} INFO - [2022-03-14 00:08:37,168] {dagbag.py:500} INFO - Filling up the DagBag from /home/airflow/.local/lib/python3.7/site-packages/airflow/example_dags/example_branch_operator.py
[2022-03-14 00:08:37,191] {processor.py:654} INFO - DAG(s) dict_keys(['example_branch_operator']) retrieved from /home/airflow/.local/lib/python3.7/site-packages/airflow/example_dags/example_branch_operator.py
[2022-03-14 00:08:37,199] {logging_mixin.py:109} INFO - [2022-03-14 00:08:37,199] {dag.py:2398} INFO - Sync 1 DAGs
[2022-03-14 00:08:37,212] {logging_mixin.py:109} INFO - [2022-03-14 00:08:37,212] {dag.py:2937} INFO - Setting next_dagrun for example_branch_operator to 2022-03-13 00:00:00+00:00
[2022-03-14 00:08:37,235] {processor.py:171} INFO - Processing /home/airflow/.local/lib/python3.7/site-packages/airflow/example_dags/example_branch_operator.py took 0.070 seconds
[2022-03-14 00:09:07,821] {processor.py:163} INFO - Started process (PID=5100) to work on /home/airflow/.local/lib/python3.7/site-packages/airflow/example_dags/example_branch_operator.py
[2022-03-14 00:09:07,822] {processor.py:642} INFO - Processing file /home/airflow/.local/lib/python3.7/site-packages/airflow/example_dags/example_branch_operator.py for tasks to queue
[2022-03-14 00:09:07,822] {logging_mixin.py:109} INFO - [2022-03-14 00:09:07,822] {dagbag.py:500} INFO - Filling up the DagBag from /home/airflow/.local/lib/python3.7/site-packages/airflow/example_dags/example_branch_operator.py
[2022-03-14 00:09:07,844] {processor.py:654} INFO - DAG(s) dict_keys(['example_branch_operator']) retrieved from /home/airflow/.local/lib/python3.7/site-packages/airflow/example_dags/example_branch_operator.py
[2022-03-14 00:09:07,853] {logging_mixin.py:109} INFO - [2022-03-14 00:09:07,853] {dag.py:2398} INFO - Sync 1 DAGs
[2022-03-14 00:09:07,865] {logging_mixin.py:109} INFO - [2022-03-14 00:09:07,865] {dag.py:2937} INFO - Setting next_dagrun for example_branch_operator to 2022-03-13 00:00:00+00:00
[2022-03-14 00:09:07,886] {processor.py:171} INFO - Processing /home/airflow/.local/lib/python3.7/site-packages/airflow/example_dags/example_branch_operator.py took 0.067 seconds
[2022-03-14 00:09:38,614] {processor.py:163} INFO - Started process (PID=5152) to work on /home/airflow/.local/lib/python3.7/site-packages/airflow/example_dags/example_branch_operator.py
[2022-03-14 00:09:38,615] {processor.py:642} INFO - Processing file /home/airflow/.local/lib/python3.7/site-packages/airflow/example_dags/example_branch_operator.py for tasks to queue
[2022-03-14 00:09:38,615] {logging_mixin.py:109} INFO - [2022-03-14 00:09:38,615] {dagbag.py:500} INFO - Filling up the DagBag from /home/airflow/.local/lib/python3.7/site-packages/airflow/example_dags/example_branch_operator.py
[2022-03-14 00:09:38,642] {processor.py:654} INFO - DAG(s) dict_keys(['example_branch_operator']) retrieved from /home/airflow/.local/lib/python3.7/site-packages/airflow/example_dags/example_branch_operator.py
[2022-03-14 00:09:38,651] {logging_mixin.py:109} INFO - [2022-03-14 00:09:38,651] {dag.py:2398} INFO - Sync 1 DAGs
[2022-03-14 00:09:38,667] {logging_mixin.py:109} INFO - [2022-03-14 00:09:38,667] {dag.py:2937} INFO - Setting next_dagrun for example_branch_operator to 2022-03-13 00:00:00+00:00
[2022-03-14 00:09:38,678] {processor.py:171} INFO - Processing /home/airflow/.local/lib/python3.7/site-packages/airflow/example_dags/example_branch_operator.py took 0.067 seconds
[2022-03-14 00:10:09,292] {processor.py:163} INFO - Started process (PID=5213) to work on /home/airflow/.local/lib/python3.7/site-packages/airflow/example_dags/example_branch_operator.py
[2022-03-14 00:10:09,293] {processor.py:642} INFO - Processing file /home/airflow/.local/lib/python3.7/site-packages/airflow/example_dags/example_branch_operator.py for tasks to queue
[2022-03-14 00:10:09,293] {logging_mixin.py:109} INFO - [2022-03-14 00:10:09,293] {dagbag.py:500} INFO - Filling up the DagBag from /home/airflow/.local/lib/python3.7/site-packages/airflow/example_dags/example_branch_operator.py
[2022-03-14 00:10:09,315] {processor.py:654} INFO - DAG(s) dict_keys(['example_branch_operator']) retrieved from /home/airflow/.local/lib/python3.7/site-packages/airflow/example_dags/example_branch_operator.py
[2022-03-14 00:10:09,323] {logging_mixin.py:109} INFO - [2022-03-14 00:10:09,323] {dag.py:2398} INFO - Sync 1 DAGs
[2022-03-14 00:10:09,336] {logging_mixin.py:109} INFO - [2022-03-14 00:10:09,336] {dag.py:2937} INFO - Setting next_dagrun for example_branch_operator to 2022-03-13 00:00:00+00:00
[2022-03-14 00:10:09,351] {processor.py:171} INFO - Processing /home/airflow/.local/lib/python3.7/site-packages/airflow/example_dags/example_branch_operator.py took 0.061 seconds
[2022-03-14 00:10:40,250] {processor.py:163} INFO - Started process (PID=5265) to work on /home/airflow/.local/lib/python3.7/site-packages/airflow/example_dags/example_branch_operator.py
[2022-03-14 00:10:40,251] {processor.py:642} INFO - Processing file /home/airflow/.local/lib/python3.7/site-packages/airflow/example_dags/example_branch_operator.py for tasks to queue
[2022-03-14 00:10:40,251] {logging_mixin.py:109} INFO - [2022-03-14 00:10:40,251] {dagbag.py:500} INFO - Filling up the DagBag from /home/airflow/.local/lib/python3.7/site-packages/airflow/example_dags/example_branch_operator.py
[2022-03-14 00:10:40,277] {processor.py:654} INFO - DAG(s) dict_keys(['example_branch_operator']) retrieved from /home/airflow/.local/lib/python3.7/site-packages/airflow/example_dags/example_branch_operator.py
[2022-03-14 00:10:40,285] {logging_mixin.py:109} INFO - [2022-03-14 00:10:40,285] {dag.py:2398} INFO - Sync 1 DAGs
[2022-03-14 00:10:40,298] {logging_mixin.py:109} INFO - [2022-03-14 00:10:40,298] {dag.py:2937} INFO - Setting next_dagrun for example_branch_operator to 2022-03-13 00:00:00+00:00
[2022-03-14 00:10:40,312] {processor.py:171} INFO - Processing /home/airflow/.local/lib/python3.7/site-packages/airflow/example_dags/example_branch_operator.py took 0.065 seconds
[2022-03-14 00:11:11,005] {processor.py:163} INFO - Started process (PID=5326) to work on /home/airflow/.local/lib/python3.7/site-packages/airflow/example_dags/example_branch_operator.py
[2022-03-14 00:11:11,006] {processor.py:642} INFO - Processing file /home/airflow/.local/lib/python3.7/site-packages/airflow/example_dags/example_branch_operator.py for tasks to queue
[2022-03-14 00:11:11,007] {logging_mixin.py:109} INFO - [2022-03-14 00:11:11,007] {dagbag.py:500} INFO - Filling up the DagBag from /home/airflow/.local/lib/python3.7/site-packages/airflow/example_dags/example_branch_operator.py
[2022-03-14 00:11:11,033] {processor.py:654} INFO - DAG(s) dict_keys(['example_branch_operator']) retrieved from /home/airflow/.local/lib/python3.7/site-packages/airflow/example_dags/example_branch_operator.py
[2022-03-14 00:11:11,042] {logging_mixin.py:109} INFO - [2022-03-14 00:11:11,042] {dag.py:2398} INFO - Sync 1 DAGs
[2022-03-14 00:11:11,056] {logging_mixin.py:109} INFO - [2022-03-14 00:11:11,056] {dag.py:2937} INFO - Setting next_dagrun for example_branch_operator to 2022-03-13 00:00:00+00:00
[2022-03-14 00:11:11,081] {processor.py:171} INFO - Processing /home/airflow/.local/lib/python3.7/site-packages/airflow/example_dags/example_branch_operator.py took 0.078 seconds
[2022-03-14 00:11:41,806] {processor.py:163} INFO - Started process (PID=5378) to work on /home/airflow/.local/lib/python3.7/site-packages/airflow/example_dags/example_branch_operator.py
[2022-03-14 00:11:41,807] {processor.py:642} INFO - Processing file /home/airflow/.local/lib/python3.7/site-packages/airflow/example_dags/example_branch_operator.py for tasks to queue
[2022-03-14 00:11:41,808] {logging_mixin.py:109} INFO - [2022-03-14 00:11:41,807] {dagbag.py:500} INFO - Filling up the DagBag from /home/airflow/.local/lib/python3.7/site-packages/airflow/example_dags/example_branch_operator.py
[2022-03-14 00:11:41,834] {processor.py:654} INFO - DAG(s) dict_keys(['example_branch_operator']) retrieved from /home/airflow/.local/lib/python3.7/site-packages/airflow/example_dags/example_branch_operator.py
[2022-03-14 00:11:41,846] {logging_mixin.py:109} INFO - [2022-03-14 00:11:41,846] {dag.py:2398} INFO - Sync 1 DAGs
[2022-03-14 00:11:41,861] {logging_mixin.py:109} INFO - [2022-03-14 00:11:41,861] {dag.py:2937} INFO - Setting next_dagrun for example_branch_operator to 2022-03-13 00:00:00+00:00
[2022-03-14 00:11:41,880] {processor.py:171} INFO - Processing /home/airflow/.local/lib/python3.7/site-packages/airflow/example_dags/example_branch_operator.py took 0.077 seconds
[2022-03-14 00:12:12,668] {processor.py:163} INFO - Started process (PID=5439) to work on /home/airflow/.local/lib/python3.7/site-packages/airflow/example_dags/example_branch_operator.py
[2022-03-14 00:12:12,669] {processor.py:642} INFO - Processing file /home/airflow/.local/lib/python3.7/site-packages/airflow/example_dags/example_branch_operator.py for tasks to queue
[2022-03-14 00:12:12,669] {logging_mixin.py:109} INFO - [2022-03-14 00:12:12,669] {dagbag.py:500} INFO - Filling up the DagBag from /home/airflow/.local/lib/python3.7/site-packages/airflow/example_dags/example_branch_operator.py
[2022-03-14 00:12:12,694] {processor.py:654} INFO - DAG(s) dict_keys(['example_branch_operator']) retrieved from /home/airflow/.local/lib/python3.7/site-packages/airflow/example_dags/example_branch_operator.py
[2022-03-14 00:12:12,703] {logging_mixin.py:109} INFO - [2022-03-14 00:12:12,703] {dag.py:2398} INFO - Sync 1 DAGs
[2022-03-14 00:12:12,715] {logging_mixin.py:109} INFO - [2022-03-14 00:12:12,715] {dag.py:2937} INFO - Setting next_dagrun for example_branch_operator to 2022-03-13 00:00:00+00:00
[2022-03-14 00:12:12,729] {processor.py:171} INFO - Processing /home/airflow/.local/lib/python3.7/site-packages/airflow/example_dags/example_branch_operator.py took 0.064 seconds
[2022-03-14 00:12:43,376] {processor.py:163} INFO - Started process (PID=5491) to work on /home/airflow/.local/lib/python3.7/site-packages/airflow/example_dags/example_branch_operator.py
[2022-03-14 00:12:43,377] {processor.py:642} INFO - Processing file /home/airflow/.local/lib/python3.7/site-packages/airflow/example_dags/example_branch_operator.py for tasks to queue
[2022-03-14 00:12:43,377] {logging_mixin.py:109} INFO - [2022-03-14 00:12:43,377] {dagbag.py:500} INFO - Filling up the DagBag from /home/airflow/.local/lib/python3.7/site-packages/airflow/example_dags/example_branch_operator.py
[2022-03-14 00:12:43,400] {processor.py:654} INFO - DAG(s) dict_keys(['example_branch_operator']) retrieved from /home/airflow/.local/lib/python3.7/site-packages/airflow/example_dags/example_branch_operator.py
[2022-03-14 00:12:43,408] {logging_mixin.py:109} INFO - [2022-03-14 00:12:43,408] {dag.py:2398} INFO - Sync 1 DAGs
[2022-03-14 00:12:43,421] {logging_mixin.py:109} INFO - [2022-03-14 00:12:43,421] {dag.py:2937} INFO - Setting next_dagrun for example_branch_operator to 2022-03-13 00:00:00+00:00
[2022-03-14 00:12:43,430] {processor.py:171} INFO - Processing /home/airflow/.local/lib/python3.7/site-packages/airflow/example_dags/example_branch_operator.py took 0.056 seconds
[2022-03-14 00:13:14,375] {processor.py:163} INFO - Started process (PID=5553) to work on /home/airflow/.local/lib/python3.7/site-packages/airflow/example_dags/example_branch_operator.py
[2022-03-14 00:13:14,375] {processor.py:642} INFO - Processing file /home/airflow/.local/lib/python3.7/site-packages/airflow/example_dags/example_branch_operator.py for tasks to queue
[2022-03-14 00:13:14,376] {logging_mixin.py:109} INFO - [2022-03-14 00:13:14,376] {dagbag.py:500} INFO - Filling up the DagBag from /home/airflow/.local/lib/python3.7/site-packages/airflow/example_dags/example_branch_operator.py
[2022-03-14 00:13:14,402] {processor.py:654} INFO - DAG(s) dict_keys(['example_branch_operator']) retrieved from /home/airflow/.local/lib/python3.7/site-packages/airflow/example_dags/example_branch_operator.py
[2022-03-14 00:13:14,410] {logging_mixin.py:109} INFO - [2022-03-14 00:13:14,410] {dag.py:2398} INFO - Sync 1 DAGs
[2022-03-14 00:13:14,423] {logging_mixin.py:109} INFO - [2022-03-14 00:13:14,423] {dag.py:2937} INFO - Setting next_dagrun for example_branch_operator to 2022-03-13 00:00:00+00:00
[2022-03-14 00:13:14,438] {processor.py:171} INFO - Processing /home/airflow/.local/lib/python3.7/site-packages/airflow/example_dags/example_branch_operator.py took 0.066 seconds
[2022-03-14 00:13:45,280] {processor.py:163} INFO - Started process (PID=5605) to work on /home/airflow/.local/lib/python3.7/site-packages/airflow/example_dags/example_branch_operator.py
[2022-03-14 00:13:45,281] {processor.py:642} INFO - Processing file /home/airflow/.local/lib/python3.7/site-packages/airflow/example_dags/example_branch_operator.py for tasks to queue
[2022-03-14 00:13:45,282] {logging_mixin.py:109} INFO - [2022-03-14 00:13:45,282] {dagbag.py:500} INFO - Filling up the DagBag from /home/airflow/.local/lib/python3.7/site-packages/airflow/example_dags/example_branch_operator.py
[2022-03-14 00:13:45,305] {processor.py:654} INFO - DAG(s) dict_keys(['example_branch_operator']) retrieved from /home/airflow/.local/lib/python3.7/site-packages/airflow/example_dags/example_branch_operator.py
[2022-03-14 00:13:45,314] {logging_mixin.py:109} INFO - [2022-03-14 00:13:45,314] {dag.py:2398} INFO - Sync 1 DAGs
[2022-03-14 00:13:45,328] {logging_mixin.py:109} INFO - [2022-03-14 00:13:45,328] {dag.py:2937} INFO - Setting next_dagrun for example_branch_operator to 2022-03-13 00:00:00+00:00
[2022-03-14 00:13:45,336] {processor.py:171} INFO - Processing /home/airflow/.local/lib/python3.7/site-packages/airflow/example_dags/example_branch_operator.py took 0.057 seconds
[2022-03-14 00:14:16,172] {processor.py:163} INFO - Started process (PID=5668) to work on /home/airflow/.local/lib/python3.7/site-packages/airflow/example_dags/example_branch_operator.py
[2022-03-14 00:14:16,173] {processor.py:642} INFO - Processing file /home/airflow/.local/lib/python3.7/site-packages/airflow/example_dags/example_branch_operator.py for tasks to queue
[2022-03-14 00:14:16,174] {logging_mixin.py:109} INFO - [2022-03-14 00:14:16,173] {dagbag.py:500} INFO - Filling up the DagBag from /home/airflow/.local/lib/python3.7/site-packages/airflow/example_dags/example_branch_operator.py
[2022-03-14 00:14:16,199] {processor.py:654} INFO - DAG(s) dict_keys(['example_branch_operator']) retrieved from /home/airflow/.local/lib/python3.7/site-packages/airflow/example_dags/example_branch_operator.py
[2022-03-14 00:14:16,211] {logging_mixin.py:109} INFO - [2022-03-14 00:14:16,211] {dag.py:2398} INFO - Sync 1 DAGs
[2022-03-14 00:14:16,228] {logging_mixin.py:109} INFO - [2022-03-14 00:14:16,228] {dag.py:2937} INFO - Setting next_dagrun for example_branch_operator to 2022-03-13 00:00:00+00:00
[2022-03-14 00:14:16,248] {processor.py:171} INFO - Processing /home/airflow/.local/lib/python3.7/site-packages/airflow/example_dags/example_branch_operator.py took 0.078 seconds
[2022-03-14 00:14:46,402] {processor.py:163} INFO - Started process (PID=5720) to work on /home/airflow/.local/lib/python3.7/site-packages/airflow/example_dags/example_branch_operator.py
[2022-03-14 00:14:46,403] {processor.py:642} INFO - Processing file /home/airflow/.local/lib/python3.7/site-packages/airflow/example_dags/example_branch_operator.py for tasks to queue
[2022-03-14 00:14:46,403] {logging_mixin.py:109} INFO - [2022-03-14 00:14:46,403] {dagbag.py:500} INFO - Filling up the DagBag from /home/airflow/.local/lib/python3.7/site-packages/airflow/example_dags/example_branch_operator.py
[2022-03-14 00:14:46,431] {processor.py:654} INFO - DAG(s) dict_keys(['example_branch_operator']) retrieved from /home/airflow/.local/lib/python3.7/site-packages/airflow/example_dags/example_branch_operator.py
[2022-03-14 00:14:46,443] {logging_mixin.py:109} INFO - [2022-03-14 00:14:46,443] {dag.py:2398} INFO - Sync 1 DAGs
[2022-03-14 00:14:46,459] {logging_mixin.py:109} INFO - [2022-03-14 00:14:46,459] {dag.py:2937} INFO - Setting next_dagrun for example_branch_operator to 2022-03-13 00:00:00+00:00
[2022-03-14 00:14:46,468] {processor.py:171} INFO - Processing /home/airflow/.local/lib/python3.7/site-packages/airflow/example_dags/example_branch_operator.py took 0.069 seconds
[2022-03-14 00:15:16,488] {processor.py:163} INFO - Started process (PID=5771) to work on /home/airflow/.local/lib/python3.7/site-packages/airflow/example_dags/example_branch_operator.py
[2022-03-14 00:15:16,489] {processor.py:642} INFO - Processing file /home/airflow/.local/lib/python3.7/site-packages/airflow/example_dags/example_branch_operator.py for tasks to queue
[2022-03-14 00:15:16,490] {logging_mixin.py:109} INFO - [2022-03-14 00:15:16,490] {dagbag.py:500} INFO - Filling up the DagBag from /home/airflow/.local/lib/python3.7/site-packages/airflow/example_dags/example_branch_operator.py
[2022-03-14 00:15:16,519] {processor.py:654} INFO - DAG(s) dict_keys(['example_branch_operator']) retrieved from /home/airflow/.local/lib/python3.7/site-packages/airflow/example_dags/example_branch_operator.py
[2022-03-14 00:15:16,530] {logging_mixin.py:109} INFO - [2022-03-14 00:15:16,530] {dag.py:2398} INFO - Sync 1 DAGs
[2022-03-14 00:15:16,544] {logging_mixin.py:109} INFO - [2022-03-14 00:15:16,544] {dag.py:2937} INFO - Setting next_dagrun for example_branch_operator to 2022-03-13 00:00:00+00:00
[2022-03-14 00:15:16,555] {processor.py:171} INFO - Processing /home/airflow/.local/lib/python3.7/site-packages/airflow/example_dags/example_branch_operator.py took 0.069 seconds
[2022-03-14 00:15:46,621] {processor.py:163} INFO - Started process (PID=5832) to work on /home/airflow/.local/lib/python3.7/site-packages/airflow/example_dags/example_branch_operator.py
[2022-03-14 00:15:46,622] {processor.py:642} INFO - Processing file /home/airflow/.local/lib/python3.7/site-packages/airflow/example_dags/example_branch_operator.py for tasks to queue
[2022-03-14 00:15:46,623] {logging_mixin.py:109} INFO - [2022-03-14 00:15:46,623] {dagbag.py:500} INFO - Filling up the DagBag from /home/airflow/.local/lib/python3.7/site-packages/airflow/example_dags/example_branch_operator.py
[2022-03-14 00:15:46,651] {processor.py:654} INFO - DAG(s) dict_keys(['example_branch_operator']) retrieved from /home/airflow/.local/lib/python3.7/site-packages/airflow/example_dags/example_branch_operator.py
[2022-03-14 00:15:46,660] {logging_mixin.py:109} INFO - [2022-03-14 00:15:46,660] {dag.py:2398} INFO - Sync 1 DAGs
[2022-03-14 00:15:46,675] {logging_mixin.py:109} INFO - [2022-03-14 00:15:46,675] {dag.py:2937} INFO - Setting next_dagrun for example_branch_operator to 2022-03-13 00:00:00+00:00
[2022-03-14 00:15:46,684] {processor.py:171} INFO - Processing /home/airflow/.local/lib/python3.7/site-packages/airflow/example_dags/example_branch_operator.py took 0.066 seconds
[2022-03-14 00:16:17,553] {processor.py:163} INFO - Started process (PID=5885) to work on /home/airflow/.local/lib/python3.7/site-packages/airflow/example_dags/example_branch_operator.py
[2022-03-14 00:16:17,554] {processor.py:642} INFO - Processing file /home/airflow/.local/lib/python3.7/site-packages/airflow/example_dags/example_branch_operator.py for tasks to queue
[2022-03-14 00:16:17,554] {logging_mixin.py:109} INFO - [2022-03-14 00:16:17,554] {dagbag.py:500} INFO - Filling up the DagBag from /home/airflow/.local/lib/python3.7/site-packages/airflow/example_dags/example_branch_operator.py
[2022-03-14 00:16:17,581] {processor.py:654} INFO - DAG(s) dict_keys(['example_branch_operator']) retrieved from /home/airflow/.local/lib/python3.7/site-packages/airflow/example_dags/example_branch_operator.py
[2022-03-14 00:16:17,594] {logging_mixin.py:109} INFO - [2022-03-14 00:16:17,594] {dag.py:2398} INFO - Sync 1 DAGs
[2022-03-14 00:16:17,612] {logging_mixin.py:109} INFO - [2022-03-14 00:16:17,612] {dag.py:2937} INFO - Setting next_dagrun for example_branch_operator to 2022-03-13 00:00:00+00:00
[2022-03-14 00:16:17,627] {processor.py:171} INFO - Processing /home/airflow/.local/lib/python3.7/site-packages/airflow/example_dags/example_branch_operator.py took 0.076 seconds
[2022-03-14 00:16:48,082] {processor.py:163} INFO - Started process (PID=5947) to work on /home/airflow/.local/lib/python3.7/site-packages/airflow/example_dags/example_branch_operator.py
[2022-03-14 00:16:48,083] {processor.py:642} INFO - Processing file /home/airflow/.local/lib/python3.7/site-packages/airflow/example_dags/example_branch_operator.py for tasks to queue
[2022-03-14 00:16:48,083] {logging_mixin.py:109} INFO - [2022-03-14 00:16:48,083] {dagbag.py:500} INFO - Filling up the DagBag from /home/airflow/.local/lib/python3.7/site-packages/airflow/example_dags/example_branch_operator.py
[2022-03-14 00:16:48,106] {processor.py:654} INFO - DAG(s) dict_keys(['example_branch_operator']) retrieved from /home/airflow/.local/lib/python3.7/site-packages/airflow/example_dags/example_branch_operator.py
[2022-03-14 00:16:48,115] {logging_mixin.py:109} INFO - [2022-03-14 00:16:48,115] {dag.py:2398} INFO - Sync 1 DAGs
[2022-03-14 00:16:48,128] {logging_mixin.py:109} INFO - [2022-03-14 00:16:48,128] {dag.py:2937} INFO - Setting next_dagrun for example_branch_operator to 2022-03-13 00:00:00+00:00
[2022-03-14 00:16:48,136] {processor.py:171} INFO - Processing /home/airflow/.local/lib/python3.7/site-packages/airflow/example_dags/example_branch_operator.py took 0.056 seconds
[2022-03-14 00:17:18,981] {processor.py:163} INFO - Started process (PID=5999) to work on /home/airflow/.local/lib/python3.7/site-packages/airflow/example_dags/example_branch_operator.py
[2022-03-14 00:17:18,981] {processor.py:642} INFO - Processing file /home/airflow/.local/lib/python3.7/site-packages/airflow/example_dags/example_branch_operator.py for tasks to queue
[2022-03-14 00:17:18,982] {logging_mixin.py:109} INFO - [2022-03-14 00:17:18,982] {dagbag.py:500} INFO - Filling up the DagBag from /home/airflow/.local/lib/python3.7/site-packages/airflow/example_dags/example_branch_operator.py
[2022-03-14 00:17:19,007] {processor.py:654} INFO - DAG(s) dict_keys(['example_branch_operator']) retrieved from /home/airflow/.local/lib/python3.7/site-packages/airflow/example_dags/example_branch_operator.py
[2022-03-14 00:17:19,017] {logging_mixin.py:109} INFO - [2022-03-14 00:17:19,017] {dag.py:2398} INFO - Sync 1 DAGs
[2022-03-14 00:17:19,031] {logging_mixin.py:109} INFO - [2022-03-14 00:17:19,031] {dag.py:2937} INFO - Setting next_dagrun for example_branch_operator to 2022-03-13 00:00:00+00:00
[2022-03-14 00:17:19,039] {processor.py:171} INFO - Processing /home/airflow/.local/lib/python3.7/site-packages/airflow/example_dags/example_branch_operator.py took 0.061 seconds
[2022-03-14 00:17:49,605] {processor.py:163} INFO - Started process (PID=6060) to work on /home/airflow/.local/lib/python3.7/site-packages/airflow/example_dags/example_branch_operator.py
[2022-03-14 00:17:49,605] {processor.py:642} INFO - Processing file /home/airflow/.local/lib/python3.7/site-packages/airflow/example_dags/example_branch_operator.py for tasks to queue
[2022-03-14 00:17:49,606] {logging_mixin.py:109} INFO - [2022-03-14 00:17:49,606] {dagbag.py:500} INFO - Filling up the DagBag from /home/airflow/.local/lib/python3.7/site-packages/airflow/example_dags/example_branch_operator.py
[2022-03-14 00:17:49,631] {processor.py:654} INFO - DAG(s) dict_keys(['example_branch_operator']) retrieved from /home/airflow/.local/lib/python3.7/site-packages/airflow/example_dags/example_branch_operator.py
[2022-03-14 00:17:49,644] {logging_mixin.py:109} INFO - [2022-03-14 00:17:49,644] {dag.py:2398} INFO - Sync 1 DAGs
[2022-03-14 00:17:49,663] {logging_mixin.py:109} INFO - [2022-03-14 00:17:49,663] {dag.py:2937} INFO - Setting next_dagrun for example_branch_operator to 2022-03-13 00:00:00+00:00
[2022-03-14 00:17:49,680] {processor.py:171} INFO - Processing /home/airflow/.local/lib/python3.7/site-packages/airflow/example_dags/example_branch_operator.py took 0.077 seconds
[2022-03-14 00:18:20,614] {processor.py:163} INFO - Started process (PID=6112) to work on /home/airflow/.local/lib/python3.7/site-packages/airflow/example_dags/example_branch_operator.py
[2022-03-14 00:18:20,615] {processor.py:642} INFO - Processing file /home/airflow/.local/lib/python3.7/site-packages/airflow/example_dags/example_branch_operator.py for tasks to queue
[2022-03-14 00:18:20,615] {logging_mixin.py:109} INFO - [2022-03-14 00:18:20,615] {dagbag.py:500} INFO - Filling up the DagBag from /home/airflow/.local/lib/python3.7/site-packages/airflow/example_dags/example_branch_operator.py
[2022-03-14 00:18:20,641] {processor.py:654} INFO - DAG(s) dict_keys(['example_branch_operator']) retrieved from /home/airflow/.local/lib/python3.7/site-packages/airflow/example_dags/example_branch_operator.py
[2022-03-14 00:18:20,652] {logging_mixin.py:109} INFO - [2022-03-14 00:18:20,652] {dag.py:2398} INFO - Sync 1 DAGs
[2022-03-14 00:18:20,670] {logging_mixin.py:109} INFO - [2022-03-14 00:18:20,670] {dag.py:2937} INFO - Setting next_dagrun for example_branch_operator to 2022-03-13 00:00:00+00:00
[2022-03-14 00:18:20,684] {processor.py:171} INFO - Processing /home/airflow/.local/lib/python3.7/site-packages/airflow/example_dags/example_branch_operator.py took 0.073 seconds
[2022-03-14 00:18:51,471] {processor.py:163} INFO - Started process (PID=6174) to work on /home/airflow/.local/lib/python3.7/site-packages/airflow/example_dags/example_branch_operator.py
[2022-03-14 00:18:51,472] {processor.py:642} INFO - Processing file /home/airflow/.local/lib/python3.7/site-packages/airflow/example_dags/example_branch_operator.py for tasks to queue
[2022-03-14 00:18:51,473] {logging_mixin.py:109} INFO - [2022-03-14 00:18:51,472] {dagbag.py:500} INFO - Filling up the DagBag from /home/airflow/.local/lib/python3.7/site-packages/airflow/example_dags/example_branch_operator.py
[2022-03-14 00:18:51,505] {processor.py:654} INFO - DAG(s) dict_keys(['example_branch_operator']) retrieved from /home/airflow/.local/lib/python3.7/site-packages/airflow/example_dags/example_branch_operator.py
[2022-03-14 00:18:51,516] {logging_mixin.py:109} INFO - [2022-03-14 00:18:51,516] {dag.py:2398} INFO - Sync 1 DAGs
[2022-03-14 00:18:51,530] {logging_mixin.py:109} INFO - [2022-03-14 00:18:51,530] {dag.py:2937} INFO - Setting next_dagrun for example_branch_operator to 2022-03-13 00:00:00+00:00
[2022-03-14 00:18:51,548] {processor.py:171} INFO - Processing /home/airflow/.local/lib/python3.7/site-packages/airflow/example_dags/example_branch_operator.py took 0.081 seconds
[2022-03-14 00:19:22,344] {processor.py:163} INFO - Started process (PID=6226) to work on /home/airflow/.local/lib/python3.7/site-packages/airflow/example_dags/example_branch_operator.py
[2022-03-14 00:19:22,351] {processor.py:642} INFO - Processing file /home/airflow/.local/lib/python3.7/site-packages/airflow/example_dags/example_branch_operator.py for tasks to queue
[2022-03-14 00:19:22,352] {logging_mixin.py:109} INFO - [2022-03-14 00:19:22,352] {dagbag.py:500} INFO - Filling up the DagBag from /home/airflow/.local/lib/python3.7/site-packages/airflow/example_dags/example_branch_operator.py
[2022-03-14 00:19:22,376] {processor.py:654} INFO - DAG(s) dict_keys(['example_branch_operator']) retrieved from /home/airflow/.local/lib/python3.7/site-packages/airflow/example_dags/example_branch_operator.py
[2022-03-14 00:19:22,385] {logging_mixin.py:109} INFO - [2022-03-14 00:19:22,384] {dag.py:2398} INFO - Sync 1 DAGs
[2022-03-14 00:19:22,399] {logging_mixin.py:109} INFO - [2022-03-14 00:19:22,398] {dag.py:2937} INFO - Setting next_dagrun for example_branch_operator to 2022-03-13 00:00:00+00:00
[2022-03-14 00:19:22,411] {processor.py:171} INFO - Processing /home/airflow/.local/lib/python3.7/site-packages/airflow/example_dags/example_branch_operator.py took 0.069 seconds
[2022-03-14 00:19:53,224] {processor.py:163} INFO - Started process (PID=6288) to work on /home/airflow/.local/lib/python3.7/site-packages/airflow/example_dags/example_branch_operator.py
[2022-03-14 00:19:53,225] {processor.py:642} INFO - Processing file /home/airflow/.local/lib/python3.7/site-packages/airflow/example_dags/example_branch_operator.py for tasks to queue
[2022-03-14 00:19:53,226] {logging_mixin.py:109} INFO - [2022-03-14 00:19:53,225] {dagbag.py:500} INFO - Filling up the DagBag from /home/airflow/.local/lib/python3.7/site-packages/airflow/example_dags/example_branch_operator.py
[2022-03-14 00:19:53,254] {processor.py:654} INFO - DAG(s) dict_keys(['example_branch_operator']) retrieved from /home/airflow/.local/lib/python3.7/site-packages/airflow/example_dags/example_branch_operator.py
[2022-03-14 00:19:53,267] {logging_mixin.py:109} INFO - [2022-03-14 00:19:53,267] {dag.py:2398} INFO - Sync 1 DAGs
[2022-03-14 00:19:53,288] {logging_mixin.py:109} INFO - [2022-03-14 00:19:53,288] {dag.py:2937} INFO - Setting next_dagrun for example_branch_operator to 2022-03-13 00:00:00+00:00
[2022-03-14 00:19:53,301] {processor.py:171} INFO - Processing /home/airflow/.local/lib/python3.7/site-packages/airflow/example_dags/example_branch_operator.py took 0.079 seconds
[2022-03-14 00:20:24,013] {processor.py:163} INFO - Started process (PID=6340) to work on /home/airflow/.local/lib/python3.7/site-packages/airflow/example_dags/example_branch_operator.py
[2022-03-14 00:20:24,014] {processor.py:642} INFO - Processing file /home/airflow/.local/lib/python3.7/site-packages/airflow/example_dags/example_branch_operator.py for tasks to queue
[2022-03-14 00:20:24,015] {logging_mixin.py:109} INFO - [2022-03-14 00:20:24,015] {dagbag.py:500} INFO - Filling up the DagBag from /home/airflow/.local/lib/python3.7/site-packages/airflow/example_dags/example_branch_operator.py
[2022-03-14 00:20:24,039] {processor.py:654} INFO - DAG(s) dict_keys(['example_branch_operator']) retrieved from /home/airflow/.local/lib/python3.7/site-packages/airflow/example_dags/example_branch_operator.py
[2022-03-14 00:20:24,048] {logging_mixin.py:109} INFO - [2022-03-14 00:20:24,048] {dag.py:2398} INFO - Sync 1 DAGs
[2022-03-14 00:20:24,062] {logging_mixin.py:109} INFO - [2022-03-14 00:20:24,062] {dag.py:2937} INFO - Setting next_dagrun for example_branch_operator to 2022-03-13 00:00:00+00:00
[2022-03-14 00:20:24,075] {processor.py:171} INFO - Processing /home/airflow/.local/lib/python3.7/site-packages/airflow/example_dags/example_branch_operator.py took 0.064 seconds
[2022-03-14 00:20:54,891] {processor.py:163} INFO - Started process (PID=6401) to work on /home/airflow/.local/lib/python3.7/site-packages/airflow/example_dags/example_branch_operator.py
[2022-03-14 00:20:54,892] {processor.py:642} INFO - Processing file /home/airflow/.local/lib/python3.7/site-packages/airflow/example_dags/example_branch_operator.py for tasks to queue
[2022-03-14 00:20:54,892] {logging_mixin.py:109} INFO - [2022-03-14 00:20:54,892] {dagbag.py:500} INFO - Filling up the DagBag from /home/airflow/.local/lib/python3.7/site-packages/airflow/example_dags/example_branch_operator.py
[2022-03-14 00:20:54,920] {processor.py:654} INFO - DAG(s) dict_keys(['example_branch_operator']) retrieved from /home/airflow/.local/lib/python3.7/site-packages/airflow/example_dags/example_branch_operator.py
[2022-03-14 00:20:54,933] {logging_mixin.py:109} INFO - [2022-03-14 00:20:54,933] {dag.py:2398} INFO - Sync 1 DAGs
[2022-03-14 00:20:54,955] {logging_mixin.py:109} INFO - [2022-03-14 00:20:54,955] {dag.py:2937} INFO - Setting next_dagrun for example_branch_operator to 2022-03-13 00:00:00+00:00
[2022-03-14 00:20:54,973] {processor.py:171} INFO - Processing /home/airflow/.local/lib/python3.7/site-packages/airflow/example_dags/example_branch_operator.py took 0.085 seconds
[2022-03-14 00:21:25,641] {processor.py:163} INFO - Started process (PID=6454) to work on /home/airflow/.local/lib/python3.7/site-packages/airflow/example_dags/example_branch_operator.py
[2022-03-14 00:21:25,642] {processor.py:642} INFO - Processing file /home/airflow/.local/lib/python3.7/site-packages/airflow/example_dags/example_branch_operator.py for tasks to queue
[2022-03-14 00:21:25,642] {logging_mixin.py:109} INFO - [2022-03-14 00:21:25,642] {dagbag.py:500} INFO - Filling up the DagBag from /home/airflow/.local/lib/python3.7/site-packages/airflow/example_dags/example_branch_operator.py
[2022-03-14 00:21:25,668] {processor.py:654} INFO - DAG(s) dict_keys(['example_branch_operator']) retrieved from /home/airflow/.local/lib/python3.7/site-packages/airflow/example_dags/example_branch_operator.py
[2022-03-14 00:21:25,676] {logging_mixin.py:109} INFO - [2022-03-14 00:21:25,676] {dag.py:2398} INFO - Sync 1 DAGs
[2022-03-14 00:21:25,689] {logging_mixin.py:109} INFO - [2022-03-14 00:21:25,689] {dag.py:2937} INFO - Setting next_dagrun for example_branch_operator to 2022-03-13 00:00:00+00:00
[2022-03-14 00:21:25,699] {processor.py:171} INFO - Processing /home/airflow/.local/lib/python3.7/site-packages/airflow/example_dags/example_branch_operator.py took 0.060 seconds
[2022-03-14 00:21:56,682] {processor.py:163} INFO - Started process (PID=6506) to work on /home/airflow/.local/lib/python3.7/site-packages/airflow/example_dags/example_branch_operator.py
[2022-03-14 00:21:56,683] {processor.py:642} INFO - Processing file /home/airflow/.local/lib/python3.7/site-packages/airflow/example_dags/example_branch_operator.py for tasks to queue
[2022-03-14 00:21:56,683] {logging_mixin.py:109} INFO - [2022-03-14 00:21:56,683] {dagbag.py:500} INFO - Filling up the DagBag from /home/airflow/.local/lib/python3.7/site-packages/airflow/example_dags/example_branch_operator.py
[2022-03-14 00:21:56,705] {processor.py:654} INFO - DAG(s) dict_keys(['example_branch_operator']) retrieved from /home/airflow/.local/lib/python3.7/site-packages/airflow/example_dags/example_branch_operator.py
[2022-03-14 00:21:56,715] {logging_mixin.py:109} INFO - [2022-03-14 00:21:56,715] {dag.py:2398} INFO - Sync 1 DAGs
[2022-03-14 00:21:56,729] {logging_mixin.py:109} INFO - [2022-03-14 00:21:56,729] {dag.py:2937} INFO - Setting next_dagrun for example_branch_operator to 2022-03-13 00:00:00+00:00
[2022-03-14 00:21:56,743] {processor.py:171} INFO - Processing /home/airflow/.local/lib/python3.7/site-packages/airflow/example_dags/example_branch_operator.py took 0.063 seconds
[2022-03-14 00:22:27,563] {processor.py:163} INFO - Started process (PID=6570) to work on /home/airflow/.local/lib/python3.7/site-packages/airflow/example_dags/example_branch_operator.py
[2022-03-14 00:22:27,564] {processor.py:642} INFO - Processing file /home/airflow/.local/lib/python3.7/site-packages/airflow/example_dags/example_branch_operator.py for tasks to queue
[2022-03-14 00:22:27,564] {logging_mixin.py:109} INFO - [2022-03-14 00:22:27,564] {dagbag.py:500} INFO - Filling up the DagBag from /home/airflow/.local/lib/python3.7/site-packages/airflow/example_dags/example_branch_operator.py
[2022-03-14 00:22:27,590] {processor.py:654} INFO - DAG(s) dict_keys(['example_branch_operator']) retrieved from /home/airflow/.local/lib/python3.7/site-packages/airflow/example_dags/example_branch_operator.py
[2022-03-14 00:22:27,601] {logging_mixin.py:109} INFO - [2022-03-14 00:22:27,601] {dag.py:2398} INFO - Sync 1 DAGs
[2022-03-14 00:22:27,618] {logging_mixin.py:109} INFO - [2022-03-14 00:22:27,618] {dag.py:2937} INFO - Setting next_dagrun for example_branch_operator to 2022-03-13 00:00:00+00:00
[2022-03-14 00:22:27,632] {processor.py:171} INFO - Processing /home/airflow/.local/lib/python3.7/site-packages/airflow/example_dags/example_branch_operator.py took 0.071 seconds
