[2022-03-14 00:00:27,706] {processor.py:163} INFO - Started process (PID=4153) to work on /home/airflow/.local/lib/python3.7/site-packages/airflow/example_dags/example_task_group_decorator.py
[2022-03-14 00:00:27,707] {processor.py:642} INFO - Processing file /home/airflow/.local/lib/python3.7/site-packages/airflow/example_dags/example_task_group_decorator.py for tasks to queue
[2022-03-14 00:00:27,708] {logging_mixin.py:109} INFO - [2022-03-14 00:00:27,708] {dagbag.py:500} INFO - Filling up the DagBag from /home/airflow/.local/lib/python3.7/site-packages/airflow/example_dags/example_task_group_decorator.py
[2022-03-14 00:00:27,745] {processor.py:654} INFO - DAG(s) dict_keys(['example_task_group_decorator']) retrieved from /home/airflow/.local/lib/python3.7/site-packages/airflow/example_dags/example_task_group_decorator.py
[2022-03-14 00:00:27,919] {logging_mixin.py:109} INFO - [2022-03-14 00:00:27,919] {dag.py:2398} INFO - Sync 1 DAGs
[2022-03-14 00:00:27,934] {logging_mixin.py:109} INFO - [2022-03-14 00:00:27,934] {dag.py:2937} INFO - Setting next_dagrun for example_task_group_decorator to 2022-03-13T00:00:27.934330+00:00
[2022-03-14 00:00:27,952] {processor.py:171} INFO - Processing /home/airflow/.local/lib/python3.7/site-packages/airflow/example_dags/example_task_group_decorator.py took 0.249 seconds
[2022-03-14 00:00:58,870] {processor.py:163} INFO - Started process (PID=4215) to work on /home/airflow/.local/lib/python3.7/site-packages/airflow/example_dags/example_task_group_decorator.py
[2022-03-14 00:00:58,871] {processor.py:642} INFO - Processing file /home/airflow/.local/lib/python3.7/site-packages/airflow/example_dags/example_task_group_decorator.py for tasks to queue
[2022-03-14 00:00:58,872] {logging_mixin.py:109} INFO - [2022-03-14 00:00:58,871] {dagbag.py:500} INFO - Filling up the DagBag from /home/airflow/.local/lib/python3.7/site-packages/airflow/example_dags/example_task_group_decorator.py
[2022-03-14 00:00:58,910] {processor.py:654} INFO - DAG(s) dict_keys(['example_task_group_decorator']) retrieved from /home/airflow/.local/lib/python3.7/site-packages/airflow/example_dags/example_task_group_decorator.py
[2022-03-14 00:00:59,078] {logging_mixin.py:109} INFO - [2022-03-14 00:00:59,078] {dag.py:2398} INFO - Sync 1 DAGs
[2022-03-14 00:00:59,090] {logging_mixin.py:109} INFO - [2022-03-14 00:00:59,089] {dag.py:2937} INFO - Setting next_dagrun for example_task_group_decorator to 2022-03-13T00:00:59.089748+00:00
[2022-03-14 00:00:59,105] {processor.py:171} INFO - Processing /home/airflow/.local/lib/python3.7/site-packages/airflow/example_dags/example_task_group_decorator.py took 0.238 seconds
[2022-03-14 00:01:29,654] {processor.py:163} INFO - Started process (PID=4267) to work on /home/airflow/.local/lib/python3.7/site-packages/airflow/example_dags/example_task_group_decorator.py
[2022-03-14 00:01:29,656] {processor.py:642} INFO - Processing file /home/airflow/.local/lib/python3.7/site-packages/airflow/example_dags/example_task_group_decorator.py for tasks to queue
[2022-03-14 00:01:29,656] {logging_mixin.py:109} INFO - [2022-03-14 00:01:29,656] {dagbag.py:500} INFO - Filling up the DagBag from /home/airflow/.local/lib/python3.7/site-packages/airflow/example_dags/example_task_group_decorator.py
[2022-03-14 00:01:29,694] {processor.py:654} INFO - DAG(s) dict_keys(['example_task_group_decorator']) retrieved from /home/airflow/.local/lib/python3.7/site-packages/airflow/example_dags/example_task_group_decorator.py
[2022-03-14 00:01:29,855] {logging_mixin.py:109} INFO - [2022-03-14 00:01:29,855] {dag.py:2398} INFO - Sync 1 DAGs
[2022-03-14 00:01:29,866] {logging_mixin.py:109} INFO - [2022-03-14 00:01:29,866] {dag.py:2937} INFO - Setting next_dagrun for example_task_group_decorator to 2022-03-13T00:01:29.866119+00:00
[2022-03-14 00:01:29,888] {processor.py:171} INFO - Processing /home/airflow/.local/lib/python3.7/site-packages/airflow/example_dags/example_task_group_decorator.py took 0.237 seconds
[2022-03-14 00:02:00,614] {processor.py:163} INFO - Started process (PID=4328) to work on /home/airflow/.local/lib/python3.7/site-packages/airflow/example_dags/example_task_group_decorator.py
[2022-03-14 00:02:00,615] {processor.py:642} INFO - Processing file /home/airflow/.local/lib/python3.7/site-packages/airflow/example_dags/example_task_group_decorator.py for tasks to queue
[2022-03-14 00:02:00,615] {logging_mixin.py:109} INFO - [2022-03-14 00:02:00,615] {dagbag.py:500} INFO - Filling up the DagBag from /home/airflow/.local/lib/python3.7/site-packages/airflow/example_dags/example_task_group_decorator.py
[2022-03-14 00:02:00,650] {processor.py:654} INFO - DAG(s) dict_keys(['example_task_group_decorator']) retrieved from /home/airflow/.local/lib/python3.7/site-packages/airflow/example_dags/example_task_group_decorator.py
[2022-03-14 00:02:00,820] {logging_mixin.py:109} INFO - [2022-03-14 00:02:00,820] {dag.py:2398} INFO - Sync 1 DAGs
[2022-03-14 00:02:00,833] {logging_mixin.py:109} INFO - [2022-03-14 00:02:00,832] {dag.py:2937} INFO - Setting next_dagrun for example_task_group_decorator to 2022-03-13T00:02:00.832743+00:00
[2022-03-14 00:02:00,849] {processor.py:171} INFO - Processing /home/airflow/.local/lib/python3.7/site-packages/airflow/example_dags/example_task_group_decorator.py took 0.237 seconds
[2022-03-14 00:02:31,194] {processor.py:163} INFO - Started process (PID=4381) to work on /home/airflow/.local/lib/python3.7/site-packages/airflow/example_dags/example_task_group_decorator.py
[2022-03-14 00:02:31,195] {processor.py:642} INFO - Processing file /home/airflow/.local/lib/python3.7/site-packages/airflow/example_dags/example_task_group_decorator.py for tasks to queue
[2022-03-14 00:02:31,195] {logging_mixin.py:109} INFO - [2022-03-14 00:02:31,195] {dagbag.py:500} INFO - Filling up the DagBag from /home/airflow/.local/lib/python3.7/site-packages/airflow/example_dags/example_task_group_decorator.py
[2022-03-14 00:02:31,233] {processor.py:654} INFO - DAG(s) dict_keys(['example_task_group_decorator']) retrieved from /home/airflow/.local/lib/python3.7/site-packages/airflow/example_dags/example_task_group_decorator.py
[2022-03-14 00:02:31,393] {logging_mixin.py:109} INFO - [2022-03-14 00:02:31,393] {dag.py:2398} INFO - Sync 1 DAGs
[2022-03-14 00:02:31,404] {logging_mixin.py:109} INFO - [2022-03-14 00:02:31,404] {dag.py:2937} INFO - Setting next_dagrun for example_task_group_decorator to 2022-03-13T00:02:31.404705+00:00
[2022-03-14 00:02:31,421] {processor.py:171} INFO - Processing /home/airflow/.local/lib/python3.7/site-packages/airflow/example_dags/example_task_group_decorator.py took 0.230 seconds
[2022-03-14 00:03:01,734] {processor.py:163} INFO - Started process (PID=4443) to work on /home/airflow/.local/lib/python3.7/site-packages/airflow/example_dags/example_task_group_decorator.py
[2022-03-14 00:03:01,735] {processor.py:642} INFO - Processing file /home/airflow/.local/lib/python3.7/site-packages/airflow/example_dags/example_task_group_decorator.py for tasks to queue
[2022-03-14 00:03:01,736] {logging_mixin.py:109} INFO - [2022-03-14 00:03:01,736] {dagbag.py:500} INFO - Filling up the DagBag from /home/airflow/.local/lib/python3.7/site-packages/airflow/example_dags/example_task_group_decorator.py
[2022-03-14 00:03:01,768] {processor.py:654} INFO - DAG(s) dict_keys(['example_task_group_decorator']) retrieved from /home/airflow/.local/lib/python3.7/site-packages/airflow/example_dags/example_task_group_decorator.py
[2022-03-14 00:03:01,931] {logging_mixin.py:109} INFO - [2022-03-14 00:03:01,931] {dag.py:2398} INFO - Sync 1 DAGs
[2022-03-14 00:03:01,942] {logging_mixin.py:109} INFO - [2022-03-14 00:03:01,942] {dag.py:2937} INFO - Setting next_dagrun for example_task_group_decorator to 2022-03-13T00:03:01.942360+00:00
[2022-03-14 00:03:01,958] {processor.py:171} INFO - Processing /home/airflow/.local/lib/python3.7/site-packages/airflow/example_dags/example_task_group_decorator.py took 0.226 seconds
[2022-03-14 00:03:32,894] {processor.py:163} INFO - Started process (PID=4495) to work on /home/airflow/.local/lib/python3.7/site-packages/airflow/example_dags/example_task_group_decorator.py
[2022-03-14 00:03:32,895] {processor.py:642} INFO - Processing file /home/airflow/.local/lib/python3.7/site-packages/airflow/example_dags/example_task_group_decorator.py for tasks to queue
[2022-03-14 00:03:32,895] {logging_mixin.py:109} INFO - [2022-03-14 00:03:32,895] {dagbag.py:500} INFO - Filling up the DagBag from /home/airflow/.local/lib/python3.7/site-packages/airflow/example_dags/example_task_group_decorator.py
[2022-03-14 00:03:32,933] {processor.py:654} INFO - DAG(s) dict_keys(['example_task_group_decorator']) retrieved from /home/airflow/.local/lib/python3.7/site-packages/airflow/example_dags/example_task_group_decorator.py
[2022-03-14 00:03:33,098] {logging_mixin.py:109} INFO - [2022-03-14 00:03:33,098] {dag.py:2398} INFO - Sync 1 DAGs
[2022-03-14 00:03:33,109] {logging_mixin.py:109} INFO - [2022-03-14 00:03:33,108] {dag.py:2937} INFO - Setting next_dagrun for example_task_group_decorator to 2022-03-13T00:03:33.108694+00:00
[2022-03-14 00:03:33,119] {processor.py:171} INFO - Processing /home/airflow/.local/lib/python3.7/site-packages/airflow/example_dags/example_task_group_decorator.py took 0.228 seconds
[2022-03-14 00:04:03,780] {processor.py:163} INFO - Started process (PID=4556) to work on /home/airflow/.local/lib/python3.7/site-packages/airflow/example_dags/example_task_group_decorator.py
[2022-03-14 00:04:03,782] {processor.py:642} INFO - Processing file /home/airflow/.local/lib/python3.7/site-packages/airflow/example_dags/example_task_group_decorator.py for tasks to queue
[2022-03-14 00:04:03,783] {logging_mixin.py:109} INFO - [2022-03-14 00:04:03,783] {dagbag.py:500} INFO - Filling up the DagBag from /home/airflow/.local/lib/python3.7/site-packages/airflow/example_dags/example_task_group_decorator.py
[2022-03-14 00:04:03,818] {processor.py:654} INFO - DAG(s) dict_keys(['example_task_group_decorator']) retrieved from /home/airflow/.local/lib/python3.7/site-packages/airflow/example_dags/example_task_group_decorator.py
[2022-03-14 00:04:03,979] {logging_mixin.py:109} INFO - [2022-03-14 00:04:03,979] {dag.py:2398} INFO - Sync 1 DAGs
[2022-03-14 00:04:03,990] {logging_mixin.py:109} INFO - [2022-03-14 00:04:03,989] {dag.py:2937} INFO - Setting next_dagrun for example_task_group_decorator to 2022-03-13T00:04:03.989738+00:00
[2022-03-14 00:04:04,005] {processor.py:171} INFO - Processing /home/airflow/.local/lib/python3.7/site-packages/airflow/example_dags/example_task_group_decorator.py took 0.227 seconds
[2022-03-14 00:04:34,877] {processor.py:163} INFO - Started process (PID=4608) to work on /home/airflow/.local/lib/python3.7/site-packages/airflow/example_dags/example_task_group_decorator.py
[2022-03-14 00:04:34,879] {processor.py:642} INFO - Processing file /home/airflow/.local/lib/python3.7/site-packages/airflow/example_dags/example_task_group_decorator.py for tasks to queue
[2022-03-14 00:04:34,879] {logging_mixin.py:109} INFO - [2022-03-14 00:04:34,879] {dagbag.py:500} INFO - Filling up the DagBag from /home/airflow/.local/lib/python3.7/site-packages/airflow/example_dags/example_task_group_decorator.py
[2022-03-14 00:04:34,910] {processor.py:654} INFO - DAG(s) dict_keys(['example_task_group_decorator']) retrieved from /home/airflow/.local/lib/python3.7/site-packages/airflow/example_dags/example_task_group_decorator.py
[2022-03-14 00:04:35,076] {logging_mixin.py:109} INFO - [2022-03-14 00:04:35,076] {dag.py:2398} INFO - Sync 1 DAGs
[2022-03-14 00:04:35,087] {logging_mixin.py:109} INFO - [2022-03-14 00:04:35,087] {dag.py:2937} INFO - Setting next_dagrun for example_task_group_decorator to 2022-03-13T00:04:35.087621+00:00
[2022-03-14 00:04:35,105] {processor.py:171} INFO - Processing /home/airflow/.local/lib/python3.7/site-packages/airflow/example_dags/example_task_group_decorator.py took 0.230 seconds
[2022-03-14 00:05:05,556] {processor.py:163} INFO - Started process (PID=4669) to work on /home/airflow/.local/lib/python3.7/site-packages/airflow/example_dags/example_task_group_decorator.py
[2022-03-14 00:05:05,557] {processor.py:642} INFO - Processing file /home/airflow/.local/lib/python3.7/site-packages/airflow/example_dags/example_task_group_decorator.py for tasks to queue
[2022-03-14 00:05:05,557] {logging_mixin.py:109} INFO - [2022-03-14 00:05:05,557] {dagbag.py:500} INFO - Filling up the DagBag from /home/airflow/.local/lib/python3.7/site-packages/airflow/example_dags/example_task_group_decorator.py
[2022-03-14 00:05:05,589] {processor.py:654} INFO - DAG(s) dict_keys(['example_task_group_decorator']) retrieved from /home/airflow/.local/lib/python3.7/site-packages/airflow/example_dags/example_task_group_decorator.py
[2022-03-14 00:05:05,752] {logging_mixin.py:109} INFO - [2022-03-14 00:05:05,752] {dag.py:2398} INFO - Sync 1 DAGs
[2022-03-14 00:05:05,764] {logging_mixin.py:109} INFO - [2022-03-14 00:05:05,764] {dag.py:2937} INFO - Setting next_dagrun for example_task_group_decorator to 2022-03-13T00:05:05.764143+00:00
[2022-03-14 00:05:05,781] {processor.py:171} INFO - Processing /home/airflow/.local/lib/python3.7/site-packages/airflow/example_dags/example_task_group_decorator.py took 0.227 seconds
[2022-03-14 00:05:36,439] {processor.py:163} INFO - Started process (PID=4721) to work on /home/airflow/.local/lib/python3.7/site-packages/airflow/example_dags/example_task_group_decorator.py
[2022-03-14 00:05:36,441] {processor.py:642} INFO - Processing file /home/airflow/.local/lib/python3.7/site-packages/airflow/example_dags/example_task_group_decorator.py for tasks to queue
[2022-03-14 00:05:36,441] {logging_mixin.py:109} INFO - [2022-03-14 00:05:36,441] {dagbag.py:500} INFO - Filling up the DagBag from /home/airflow/.local/lib/python3.7/site-packages/airflow/example_dags/example_task_group_decorator.py
[2022-03-14 00:05:36,478] {processor.py:654} INFO - DAG(s) dict_keys(['example_task_group_decorator']) retrieved from /home/airflow/.local/lib/python3.7/site-packages/airflow/example_dags/example_task_group_decorator.py
[2022-03-14 00:05:36,649] {logging_mixin.py:109} INFO - [2022-03-14 00:05:36,649] {dag.py:2398} INFO - Sync 1 DAGs
[2022-03-14 00:05:36,660] {logging_mixin.py:109} INFO - [2022-03-14 00:05:36,660] {dag.py:2937} INFO - Setting next_dagrun for example_task_group_decorator to 2022-03-13T00:05:36.659991+00:00
[2022-03-14 00:05:36,670] {processor.py:171} INFO - Processing /home/airflow/.local/lib/python3.7/site-packages/airflow/example_dags/example_task_group_decorator.py took 0.234 seconds
[2022-03-14 00:06:07,227] {processor.py:163} INFO - Started process (PID=4782) to work on /home/airflow/.local/lib/python3.7/site-packages/airflow/example_dags/example_task_group_decorator.py
[2022-03-14 00:06:07,227] {processor.py:642} INFO - Processing file /home/airflow/.local/lib/python3.7/site-packages/airflow/example_dags/example_task_group_decorator.py for tasks to queue
[2022-03-14 00:06:07,228] {logging_mixin.py:109} INFO - [2022-03-14 00:06:07,228] {dagbag.py:500} INFO - Filling up the DagBag from /home/airflow/.local/lib/python3.7/site-packages/airflow/example_dags/example_task_group_decorator.py
[2022-03-14 00:06:07,262] {processor.py:654} INFO - DAG(s) dict_keys(['example_task_group_decorator']) retrieved from /home/airflow/.local/lib/python3.7/site-packages/airflow/example_dags/example_task_group_decorator.py
[2022-03-14 00:06:07,431] {logging_mixin.py:109} INFO - [2022-03-14 00:06:07,431] {dag.py:2398} INFO - Sync 1 DAGs
[2022-03-14 00:06:07,444] {logging_mixin.py:109} INFO - [2022-03-14 00:06:07,443] {dag.py:2937} INFO - Setting next_dagrun for example_task_group_decorator to 2022-03-13T00:06:07.443714+00:00
[2022-03-14 00:06:07,454] {processor.py:171} INFO - Processing /home/airflow/.local/lib/python3.7/site-packages/airflow/example_dags/example_task_group_decorator.py took 0.229 seconds
[2022-03-14 00:06:38,067] {processor.py:163} INFO - Started process (PID=4834) to work on /home/airflow/.local/lib/python3.7/site-packages/airflow/example_dags/example_task_group_decorator.py
[2022-03-14 00:06:38,068] {processor.py:642} INFO - Processing file /home/airflow/.local/lib/python3.7/site-packages/airflow/example_dags/example_task_group_decorator.py for tasks to queue
[2022-03-14 00:06:38,069] {logging_mixin.py:109} INFO - [2022-03-14 00:06:38,069] {dagbag.py:500} INFO - Filling up the DagBag from /home/airflow/.local/lib/python3.7/site-packages/airflow/example_dags/example_task_group_decorator.py
[2022-03-14 00:06:38,105] {processor.py:654} INFO - DAG(s) dict_keys(['example_task_group_decorator']) retrieved from /home/airflow/.local/lib/python3.7/site-packages/airflow/example_dags/example_task_group_decorator.py
[2022-03-14 00:06:38,267] {logging_mixin.py:109} INFO - [2022-03-14 00:06:38,267] {dag.py:2398} INFO - Sync 1 DAGs
[2022-03-14 00:06:38,278] {logging_mixin.py:109} INFO - [2022-03-14 00:06:38,278] {dag.py:2937} INFO - Setting next_dagrun for example_task_group_decorator to 2022-03-13T00:06:38.278056+00:00
[2022-03-14 00:06:38,287] {processor.py:171} INFO - Processing /home/airflow/.local/lib/python3.7/site-packages/airflow/example_dags/example_task_group_decorator.py took 0.223 seconds
[2022-03-14 00:07:08,639] {processor.py:163} INFO - Started process (PID=4895) to work on /home/airflow/.local/lib/python3.7/site-packages/airflow/example_dags/example_task_group_decorator.py
[2022-03-14 00:07:08,639] {processor.py:642} INFO - Processing file /home/airflow/.local/lib/python3.7/site-packages/airflow/example_dags/example_task_group_decorator.py for tasks to queue
[2022-03-14 00:07:08,640] {logging_mixin.py:109} INFO - [2022-03-14 00:07:08,640] {dagbag.py:500} INFO - Filling up the DagBag from /home/airflow/.local/lib/python3.7/site-packages/airflow/example_dags/example_task_group_decorator.py
[2022-03-14 00:07:08,675] {processor.py:654} INFO - DAG(s) dict_keys(['example_task_group_decorator']) retrieved from /home/airflow/.local/lib/python3.7/site-packages/airflow/example_dags/example_task_group_decorator.py
[2022-03-14 00:07:08,932] {logging_mixin.py:109} INFO - [2022-03-14 00:07:08,932] {dag.py:2398} INFO - Sync 1 DAGs
[2022-03-14 00:07:08,948] {logging_mixin.py:109} INFO - [2022-03-14 00:07:08,948] {dag.py:2937} INFO - Setting next_dagrun for example_task_group_decorator to 2022-03-13T00:07:08.948234+00:00
[2022-03-14 00:07:08,966] {processor.py:171} INFO - Processing /home/airflow/.local/lib/python3.7/site-packages/airflow/example_dags/example_task_group_decorator.py took 0.330 seconds
[2022-03-14 00:07:39,739] {processor.py:163} INFO - Started process (PID=4947) to work on /home/airflow/.local/lib/python3.7/site-packages/airflow/example_dags/example_task_group_decorator.py
[2022-03-14 00:07:39,741] {processor.py:642} INFO - Processing file /home/airflow/.local/lib/python3.7/site-packages/airflow/example_dags/example_task_group_decorator.py for tasks to queue
[2022-03-14 00:07:39,742] {logging_mixin.py:109} INFO - [2022-03-14 00:07:39,741] {dagbag.py:500} INFO - Filling up the DagBag from /home/airflow/.local/lib/python3.7/site-packages/airflow/example_dags/example_task_group_decorator.py
[2022-03-14 00:07:39,780] {processor.py:654} INFO - DAG(s) dict_keys(['example_task_group_decorator']) retrieved from /home/airflow/.local/lib/python3.7/site-packages/airflow/example_dags/example_task_group_decorator.py
[2022-03-14 00:07:39,940] {logging_mixin.py:109} INFO - [2022-03-14 00:07:39,940] {dag.py:2398} INFO - Sync 1 DAGs
[2022-03-14 00:07:39,951] {logging_mixin.py:109} INFO - [2022-03-14 00:07:39,951] {dag.py:2937} INFO - Setting next_dagrun for example_task_group_decorator to 2022-03-13T00:07:39.951431+00:00
[2022-03-14 00:07:39,966] {processor.py:171} INFO - Processing /home/airflow/.local/lib/python3.7/site-packages/airflow/example_dags/example_task_group_decorator.py took 0.230 seconds
[2022-03-14 00:08:10,714] {processor.py:163} INFO - Started process (PID=4999) to work on /home/airflow/.local/lib/python3.7/site-packages/airflow/example_dags/example_task_group_decorator.py
[2022-03-14 00:08:10,715] {processor.py:642} INFO - Processing file /home/airflow/.local/lib/python3.7/site-packages/airflow/example_dags/example_task_group_decorator.py for tasks to queue
[2022-03-14 00:08:10,716] {logging_mixin.py:109} INFO - [2022-03-14 00:08:10,715] {dagbag.py:500} INFO - Filling up the DagBag from /home/airflow/.local/lib/python3.7/site-packages/airflow/example_dags/example_task_group_decorator.py
[2022-03-14 00:08:10,751] {processor.py:654} INFO - DAG(s) dict_keys(['example_task_group_decorator']) retrieved from /home/airflow/.local/lib/python3.7/site-packages/airflow/example_dags/example_task_group_decorator.py
[2022-03-14 00:08:10,910] {logging_mixin.py:109} INFO - [2022-03-14 00:08:10,910] {dag.py:2398} INFO - Sync 1 DAGs
[2022-03-14 00:08:10,921] {logging_mixin.py:109} INFO - [2022-03-14 00:08:10,921] {dag.py:2937} INFO - Setting next_dagrun for example_task_group_decorator to 2022-03-13T00:08:10.921021+00:00
[2022-03-14 00:08:10,937] {processor.py:171} INFO - Processing /home/airflow/.local/lib/python3.7/site-packages/airflow/example_dags/example_task_group_decorator.py took 0.226 seconds
[2022-03-14 00:08:41,670] {processor.py:163} INFO - Started process (PID=5060) to work on /home/airflow/.local/lib/python3.7/site-packages/airflow/example_dags/example_task_group_decorator.py
[2022-03-14 00:08:41,671] {processor.py:642} INFO - Processing file /home/airflow/.local/lib/python3.7/site-packages/airflow/example_dags/example_task_group_decorator.py for tasks to queue
[2022-03-14 00:08:41,671] {logging_mixin.py:109} INFO - [2022-03-14 00:08:41,671] {dagbag.py:500} INFO - Filling up the DagBag from /home/airflow/.local/lib/python3.7/site-packages/airflow/example_dags/example_task_group_decorator.py
[2022-03-14 00:08:41,703] {processor.py:654} INFO - DAG(s) dict_keys(['example_task_group_decorator']) retrieved from /home/airflow/.local/lib/python3.7/site-packages/airflow/example_dags/example_task_group_decorator.py
[2022-03-14 00:08:41,866] {logging_mixin.py:109} INFO - [2022-03-14 00:08:41,866] {dag.py:2398} INFO - Sync 1 DAGs
[2022-03-14 00:08:41,876] {logging_mixin.py:109} INFO - [2022-03-14 00:08:41,876] {dag.py:2937} INFO - Setting next_dagrun for example_task_group_decorator to 2022-03-13T00:08:41.876605+00:00
[2022-03-14 00:08:41,887] {processor.py:171} INFO - Processing /home/airflow/.local/lib/python3.7/site-packages/airflow/example_dags/example_task_group_decorator.py took 0.219 seconds
[2022-03-14 00:09:12,327] {processor.py:163} INFO - Started process (PID=5113) to work on /home/airflow/.local/lib/python3.7/site-packages/airflow/example_dags/example_task_group_decorator.py
[2022-03-14 00:09:12,328] {processor.py:642} INFO - Processing file /home/airflow/.local/lib/python3.7/site-packages/airflow/example_dags/example_task_group_decorator.py for tasks to queue
[2022-03-14 00:09:12,328] {logging_mixin.py:109} INFO - [2022-03-14 00:09:12,328] {dagbag.py:500} INFO - Filling up the DagBag from /home/airflow/.local/lib/python3.7/site-packages/airflow/example_dags/example_task_group_decorator.py
[2022-03-14 00:09:12,365] {processor.py:654} INFO - DAG(s) dict_keys(['example_task_group_decorator']) retrieved from /home/airflow/.local/lib/python3.7/site-packages/airflow/example_dags/example_task_group_decorator.py
[2022-03-14 00:09:12,525] {logging_mixin.py:109} INFO - [2022-03-14 00:09:12,525] {dag.py:2398} INFO - Sync 1 DAGs
[2022-03-14 00:09:12,537] {logging_mixin.py:109} INFO - [2022-03-14 00:09:12,536] {dag.py:2937} INFO - Setting next_dagrun for example_task_group_decorator to 2022-03-13T00:09:12.536723+00:00
[2022-03-14 00:09:12,552] {processor.py:171} INFO - Processing /home/airflow/.local/lib/python3.7/site-packages/airflow/example_dags/example_task_group_decorator.py took 0.228 seconds
[2022-03-14 00:09:43,199] {processor.py:163} INFO - Started process (PID=5174) to work on /home/airflow/.local/lib/python3.7/site-packages/airflow/example_dags/example_task_group_decorator.py
[2022-03-14 00:09:43,201] {processor.py:642} INFO - Processing file /home/airflow/.local/lib/python3.7/site-packages/airflow/example_dags/example_task_group_decorator.py for tasks to queue
[2022-03-14 00:09:43,201] {logging_mixin.py:109} INFO - [2022-03-14 00:09:43,201] {dagbag.py:500} INFO - Filling up the DagBag from /home/airflow/.local/lib/python3.7/site-packages/airflow/example_dags/example_task_group_decorator.py
[2022-03-14 00:09:43,235] {processor.py:654} INFO - DAG(s) dict_keys(['example_task_group_decorator']) retrieved from /home/airflow/.local/lib/python3.7/site-packages/airflow/example_dags/example_task_group_decorator.py
[2022-03-14 00:09:43,401] {logging_mixin.py:109} INFO - [2022-03-14 00:09:43,401] {dag.py:2398} INFO - Sync 1 DAGs
[2022-03-14 00:09:43,412] {logging_mixin.py:109} INFO - [2022-03-14 00:09:43,412] {dag.py:2937} INFO - Setting next_dagrun for example_task_group_decorator to 2022-03-13T00:09:43.412566+00:00
[2022-03-14 00:09:43,428] {processor.py:171} INFO - Processing /home/airflow/.local/lib/python3.7/site-packages/airflow/example_dags/example_task_group_decorator.py took 0.230 seconds
[2022-03-14 00:10:13,874] {processor.py:163} INFO - Started process (PID=5226) to work on /home/airflow/.local/lib/python3.7/site-packages/airflow/example_dags/example_task_group_decorator.py
[2022-03-14 00:10:13,876] {processor.py:642} INFO - Processing file /home/airflow/.local/lib/python3.7/site-packages/airflow/example_dags/example_task_group_decorator.py for tasks to queue
[2022-03-14 00:10:13,877] {logging_mixin.py:109} INFO - [2022-03-14 00:10:13,876] {dagbag.py:500} INFO - Filling up the DagBag from /home/airflow/.local/lib/python3.7/site-packages/airflow/example_dags/example_task_group_decorator.py
[2022-03-14 00:10:13,915] {processor.py:654} INFO - DAG(s) dict_keys(['example_task_group_decorator']) retrieved from /home/airflow/.local/lib/python3.7/site-packages/airflow/example_dags/example_task_group_decorator.py
[2022-03-14 00:10:14,077] {logging_mixin.py:109} INFO - [2022-03-14 00:10:14,077] {dag.py:2398} INFO - Sync 1 DAGs
[2022-03-14 00:10:14,088] {logging_mixin.py:109} INFO - [2022-03-14 00:10:14,088] {dag.py:2937} INFO - Setting next_dagrun for example_task_group_decorator to 2022-03-13T00:10:14.088134+00:00
[2022-03-14 00:10:14,097] {processor.py:171} INFO - Processing /home/airflow/.local/lib/python3.7/site-packages/airflow/example_dags/example_task_group_decorator.py took 0.226 seconds
[2022-03-14 00:10:44,762] {processor.py:163} INFO - Started process (PID=5287) to work on /home/airflow/.local/lib/python3.7/site-packages/airflow/example_dags/example_task_group_decorator.py
[2022-03-14 00:10:44,764] {processor.py:642} INFO - Processing file /home/airflow/.local/lib/python3.7/site-packages/airflow/example_dags/example_task_group_decorator.py for tasks to queue
[2022-03-14 00:10:44,764] {logging_mixin.py:109} INFO - [2022-03-14 00:10:44,764] {dagbag.py:500} INFO - Filling up the DagBag from /home/airflow/.local/lib/python3.7/site-packages/airflow/example_dags/example_task_group_decorator.py
[2022-03-14 00:10:44,806] {processor.py:654} INFO - DAG(s) dict_keys(['example_task_group_decorator']) retrieved from /home/airflow/.local/lib/python3.7/site-packages/airflow/example_dags/example_task_group_decorator.py
[2022-03-14 00:10:44,981] {logging_mixin.py:109} INFO - [2022-03-14 00:10:44,981] {dag.py:2398} INFO - Sync 1 DAGs
[2022-03-14 00:10:44,993] {logging_mixin.py:109} INFO - [2022-03-14 00:10:44,992] {dag.py:2937} INFO - Setting next_dagrun for example_task_group_decorator to 2022-03-13T00:10:44.992729+00:00
[2022-03-14 00:10:45,009] {processor.py:171} INFO - Processing /home/airflow/.local/lib/python3.7/site-packages/airflow/example_dags/example_task_group_decorator.py took 0.249 seconds
[2022-03-14 00:11:15,519] {processor.py:163} INFO - Started process (PID=5339) to work on /home/airflow/.local/lib/python3.7/site-packages/airflow/example_dags/example_task_group_decorator.py
[2022-03-14 00:11:15,520] {processor.py:642} INFO - Processing file /home/airflow/.local/lib/python3.7/site-packages/airflow/example_dags/example_task_group_decorator.py for tasks to queue
[2022-03-14 00:11:15,520] {logging_mixin.py:109} INFO - [2022-03-14 00:11:15,520] {dagbag.py:500} INFO - Filling up the DagBag from /home/airflow/.local/lib/python3.7/site-packages/airflow/example_dags/example_task_group_decorator.py
[2022-03-14 00:11:15,558] {processor.py:654} INFO - DAG(s) dict_keys(['example_task_group_decorator']) retrieved from /home/airflow/.local/lib/python3.7/site-packages/airflow/example_dags/example_task_group_decorator.py
[2022-03-14 00:11:15,750] {logging_mixin.py:109} INFO - [2022-03-14 00:11:15,750] {dag.py:2398} INFO - Sync 1 DAGs
[2022-03-14 00:11:15,763] {logging_mixin.py:109} INFO - [2022-03-14 00:11:15,763] {dag.py:2937} INFO - Setting next_dagrun for example_task_group_decorator to 2022-03-13T00:11:15.762989+00:00
[2022-03-14 00:11:15,778] {processor.py:171} INFO - Processing /home/airflow/.local/lib/python3.7/site-packages/airflow/example_dags/example_task_group_decorator.py took 0.262 seconds
[2022-03-14 00:11:46,363] {processor.py:163} INFO - Started process (PID=5400) to work on /home/airflow/.local/lib/python3.7/site-packages/airflow/example_dags/example_task_group_decorator.py
[2022-03-14 00:11:46,364] {processor.py:642} INFO - Processing file /home/airflow/.local/lib/python3.7/site-packages/airflow/example_dags/example_task_group_decorator.py for tasks to queue
[2022-03-14 00:11:46,364] {logging_mixin.py:109} INFO - [2022-03-14 00:11:46,364] {dagbag.py:500} INFO - Filling up the DagBag from /home/airflow/.local/lib/python3.7/site-packages/airflow/example_dags/example_task_group_decorator.py
[2022-03-14 00:11:46,396] {processor.py:654} INFO - DAG(s) dict_keys(['example_task_group_decorator']) retrieved from /home/airflow/.local/lib/python3.7/site-packages/airflow/example_dags/example_task_group_decorator.py
[2022-03-14 00:11:46,556] {logging_mixin.py:109} INFO - [2022-03-14 00:11:46,556] {dag.py:2398} INFO - Sync 1 DAGs
[2022-03-14 00:11:46,569] {logging_mixin.py:109} INFO - [2022-03-14 00:11:46,569] {dag.py:2937} INFO - Setting next_dagrun for example_task_group_decorator to 2022-03-13T00:11:46.569025+00:00
[2022-03-14 00:11:46,578] {processor.py:171} INFO - Processing /home/airflow/.local/lib/python3.7/site-packages/airflow/example_dags/example_task_group_decorator.py took 0.217 seconds
[2022-03-14 00:12:17,278] {processor.py:163} INFO - Started process (PID=5452) to work on /home/airflow/.local/lib/python3.7/site-packages/airflow/example_dags/example_task_group_decorator.py
[2022-03-14 00:12:17,279] {processor.py:642} INFO - Processing file /home/airflow/.local/lib/python3.7/site-packages/airflow/example_dags/example_task_group_decorator.py for tasks to queue
[2022-03-14 00:12:17,280] {logging_mixin.py:109} INFO - [2022-03-14 00:12:17,280] {dagbag.py:500} INFO - Filling up the DagBag from /home/airflow/.local/lib/python3.7/site-packages/airflow/example_dags/example_task_group_decorator.py
[2022-03-14 00:12:17,311] {processor.py:654} INFO - DAG(s) dict_keys(['example_task_group_decorator']) retrieved from /home/airflow/.local/lib/python3.7/site-packages/airflow/example_dags/example_task_group_decorator.py
[2022-03-14 00:12:17,478] {logging_mixin.py:109} INFO - [2022-03-14 00:12:17,478] {dag.py:2398} INFO - Sync 1 DAGs
[2022-03-14 00:12:17,491] {logging_mixin.py:109} INFO - [2022-03-14 00:12:17,491] {dag.py:2937} INFO - Setting next_dagrun for example_task_group_decorator to 2022-03-13T00:12:17.490910+00:00
[2022-03-14 00:12:17,506] {processor.py:171} INFO - Processing /home/airflow/.local/lib/python3.7/site-packages/airflow/example_dags/example_task_group_decorator.py took 0.230 seconds
[2022-03-14 00:12:47,948] {processor.py:163} INFO - Started process (PID=5513) to work on /home/airflow/.local/lib/python3.7/site-packages/airflow/example_dags/example_task_group_decorator.py
[2022-03-14 00:12:47,948] {processor.py:642} INFO - Processing file /home/airflow/.local/lib/python3.7/site-packages/airflow/example_dags/example_task_group_decorator.py for tasks to queue
[2022-03-14 00:12:47,949] {logging_mixin.py:109} INFO - [2022-03-14 00:12:47,949] {dagbag.py:500} INFO - Filling up the DagBag from /home/airflow/.local/lib/python3.7/site-packages/airflow/example_dags/example_task_group_decorator.py
[2022-03-14 00:12:47,983] {processor.py:654} INFO - DAG(s) dict_keys(['example_task_group_decorator']) retrieved from /home/airflow/.local/lib/python3.7/site-packages/airflow/example_dags/example_task_group_decorator.py
[2022-03-14 00:12:48,156] {logging_mixin.py:109} INFO - [2022-03-14 00:12:48,156] {dag.py:2398} INFO - Sync 1 DAGs
[2022-03-14 00:12:48,171] {logging_mixin.py:109} INFO - [2022-03-14 00:12:48,171] {dag.py:2937} INFO - Setting next_dagrun for example_task_group_decorator to 2022-03-13T00:12:48.171683+00:00
[2022-03-14 00:12:48,188] {processor.py:171} INFO - Processing /home/airflow/.local/lib/python3.7/site-packages/airflow/example_dags/example_task_group_decorator.py took 0.242 seconds
[2022-03-14 00:13:18,967] {processor.py:163} INFO - Started process (PID=5566) to work on /home/airflow/.local/lib/python3.7/site-packages/airflow/example_dags/example_task_group_decorator.py
[2022-03-14 00:13:18,968] {processor.py:642} INFO - Processing file /home/airflow/.local/lib/python3.7/site-packages/airflow/example_dags/example_task_group_decorator.py for tasks to queue
[2022-03-14 00:13:18,969] {logging_mixin.py:109} INFO - [2022-03-14 00:13:18,969] {dagbag.py:500} INFO - Filling up the DagBag from /home/airflow/.local/lib/python3.7/site-packages/airflow/example_dags/example_task_group_decorator.py
[2022-03-14 00:13:19,006] {processor.py:654} INFO - DAG(s) dict_keys(['example_task_group_decorator']) retrieved from /home/airflow/.local/lib/python3.7/site-packages/airflow/example_dags/example_task_group_decorator.py
[2022-03-14 00:13:19,168] {logging_mixin.py:109} INFO - [2022-03-14 00:13:19,168] {dag.py:2398} INFO - Sync 1 DAGs
[2022-03-14 00:13:19,179] {logging_mixin.py:109} INFO - [2022-03-14 00:13:19,179] {dag.py:2937} INFO - Setting next_dagrun for example_task_group_decorator to 2022-03-13T00:13:19.178894+00:00
[2022-03-14 00:13:19,194] {processor.py:171} INFO - Processing /home/airflow/.local/lib/python3.7/site-packages/airflow/example_dags/example_task_group_decorator.py took 0.230 seconds
[2022-03-14 00:13:49,765] {processor.py:163} INFO - Started process (PID=5628) to work on /home/airflow/.local/lib/python3.7/site-packages/airflow/example_dags/example_task_group_decorator.py
[2022-03-14 00:13:49,765] {processor.py:642} INFO - Processing file /home/airflow/.local/lib/python3.7/site-packages/airflow/example_dags/example_task_group_decorator.py for tasks to queue
[2022-03-14 00:13:49,766] {logging_mixin.py:109} INFO - [2022-03-14 00:13:49,766] {dagbag.py:500} INFO - Filling up the DagBag from /home/airflow/.local/lib/python3.7/site-packages/airflow/example_dags/example_task_group_decorator.py
[2022-03-14 00:13:49,802] {processor.py:654} INFO - DAG(s) dict_keys(['example_task_group_decorator']) retrieved from /home/airflow/.local/lib/python3.7/site-packages/airflow/example_dags/example_task_group_decorator.py
[2022-03-14 00:13:50,010] {logging_mixin.py:109} INFO - [2022-03-14 00:13:50,010] {dag.py:2398} INFO - Sync 1 DAGs
[2022-03-14 00:13:50,023] {logging_mixin.py:109} INFO - [2022-03-14 00:13:50,023] {dag.py:2937} INFO - Setting next_dagrun for example_task_group_decorator to 2022-03-13T00:13:50.023588+00:00
[2022-03-14 00:13:50,040] {processor.py:171} INFO - Processing /home/airflow/.local/lib/python3.7/site-packages/airflow/example_dags/example_task_group_decorator.py took 0.277 seconds
[2022-03-14 00:14:20,767] {processor.py:163} INFO - Started process (PID=5681) to work on /home/airflow/.local/lib/python3.7/site-packages/airflow/example_dags/example_task_group_decorator.py
[2022-03-14 00:14:20,769] {processor.py:642} INFO - Processing file /home/airflow/.local/lib/python3.7/site-packages/airflow/example_dags/example_task_group_decorator.py for tasks to queue
[2022-03-14 00:14:20,769] {logging_mixin.py:109} INFO - [2022-03-14 00:14:20,769] {dagbag.py:500} INFO - Filling up the DagBag from /home/airflow/.local/lib/python3.7/site-packages/airflow/example_dags/example_task_group_decorator.py
[2022-03-14 00:14:20,807] {processor.py:654} INFO - DAG(s) dict_keys(['example_task_group_decorator']) retrieved from /home/airflow/.local/lib/python3.7/site-packages/airflow/example_dags/example_task_group_decorator.py
[2022-03-14 00:14:20,968] {logging_mixin.py:109} INFO - [2022-03-14 00:14:20,968] {dag.py:2398} INFO - Sync 1 DAGs
[2022-03-14 00:14:20,979] {logging_mixin.py:109} INFO - [2022-03-14 00:14:20,979] {dag.py:2937} INFO - Setting next_dagrun for example_task_group_decorator to 2022-03-13T00:14:20.979014+00:00
[2022-03-14 00:14:20,988] {processor.py:171} INFO - Processing /home/airflow/.local/lib/python3.7/site-packages/airflow/example_dags/example_task_group_decorator.py took 0.224 seconds
[2022-03-14 00:14:51,962] {processor.py:163} INFO - Started process (PID=5742) to work on /home/airflow/.local/lib/python3.7/site-packages/airflow/example_dags/example_task_group_decorator.py
[2022-03-14 00:14:51,962] {processor.py:642} INFO - Processing file /home/airflow/.local/lib/python3.7/site-packages/airflow/example_dags/example_task_group_decorator.py for tasks to queue
[2022-03-14 00:14:51,963] {logging_mixin.py:109} INFO - [2022-03-14 00:14:51,963] {dagbag.py:500} INFO - Filling up the DagBag from /home/airflow/.local/lib/python3.7/site-packages/airflow/example_dags/example_task_group_decorator.py
[2022-03-14 00:14:51,998] {processor.py:654} INFO - DAG(s) dict_keys(['example_task_group_decorator']) retrieved from /home/airflow/.local/lib/python3.7/site-packages/airflow/example_dags/example_task_group_decorator.py
[2022-03-14 00:14:52,251] {logging_mixin.py:109} INFO - [2022-03-14 00:14:52,250] {dag.py:2398} INFO - Sync 1 DAGs
[2022-03-14 00:14:52,267] {logging_mixin.py:109} INFO - [2022-03-14 00:14:52,266] {dag.py:2937} INFO - Setting next_dagrun for example_task_group_decorator to 2022-03-13T00:14:52.266653+00:00
[2022-03-14 00:14:52,279] {processor.py:171} INFO - Processing /home/airflow/.local/lib/python3.7/site-packages/airflow/example_dags/example_task_group_decorator.py took 0.320 seconds
[2022-03-14 00:15:23,295] {processor.py:163} INFO - Started process (PID=5794) to work on /home/airflow/.local/lib/python3.7/site-packages/airflow/example_dags/example_task_group_decorator.py
[2022-03-14 00:15:23,297] {processor.py:642} INFO - Processing file /home/airflow/.local/lib/python3.7/site-packages/airflow/example_dags/example_task_group_decorator.py for tasks to queue
[2022-03-14 00:15:23,297] {logging_mixin.py:109} INFO - [2022-03-14 00:15:23,297] {dagbag.py:500} INFO - Filling up the DagBag from /home/airflow/.local/lib/python3.7/site-packages/airflow/example_dags/example_task_group_decorator.py
[2022-03-14 00:15:23,336] {processor.py:654} INFO - DAG(s) dict_keys(['example_task_group_decorator']) retrieved from /home/airflow/.local/lib/python3.7/site-packages/airflow/example_dags/example_task_group_decorator.py
[2022-03-14 00:15:23,502] {logging_mixin.py:109} INFO - [2022-03-14 00:15:23,502] {dag.py:2398} INFO - Sync 1 DAGs
[2022-03-14 00:15:23,513] {logging_mixin.py:109} INFO - [2022-03-14 00:15:23,513] {dag.py:2937} INFO - Setting next_dagrun for example_task_group_decorator to 2022-03-13T00:15:23.512943+00:00
[2022-03-14 00:15:23,524] {processor.py:171} INFO - Processing /home/airflow/.local/lib/python3.7/site-packages/airflow/example_dags/example_task_group_decorator.py took 0.232 seconds
[2022-03-14 00:15:54,381] {processor.py:163} INFO - Started process (PID=5853) to work on /home/airflow/.local/lib/python3.7/site-packages/airflow/example_dags/example_task_group_decorator.py
[2022-03-14 00:15:54,381] {processor.py:642} INFO - Processing file /home/airflow/.local/lib/python3.7/site-packages/airflow/example_dags/example_task_group_decorator.py for tasks to queue
[2022-03-14 00:15:54,382] {logging_mixin.py:109} INFO - [2022-03-14 00:15:54,382] {dagbag.py:500} INFO - Filling up the DagBag from /home/airflow/.local/lib/python3.7/site-packages/airflow/example_dags/example_task_group_decorator.py
[2022-03-14 00:15:54,417] {processor.py:654} INFO - DAG(s) dict_keys(['example_task_group_decorator']) retrieved from /home/airflow/.local/lib/python3.7/site-packages/airflow/example_dags/example_task_group_decorator.py
[2022-03-14 00:15:54,602] {logging_mixin.py:109} INFO - [2022-03-14 00:15:54,602] {dag.py:2398} INFO - Sync 1 DAGs
[2022-03-14 00:15:54,615] {logging_mixin.py:109} INFO - [2022-03-14 00:15:54,615] {dag.py:2937} INFO - Setting next_dagrun for example_task_group_decorator to 2022-03-13T00:15:54.615244+00:00
[2022-03-14 00:15:54,630] {processor.py:171} INFO - Processing /home/airflow/.local/lib/python3.7/site-packages/airflow/example_dags/example_task_group_decorator.py took 0.252 seconds
[2022-03-14 00:16:25,066] {processor.py:163} INFO - Started process (PID=5907) to work on /home/airflow/.local/lib/python3.7/site-packages/airflow/example_dags/example_task_group_decorator.py
[2022-03-14 00:16:25,067] {processor.py:642} INFO - Processing file /home/airflow/.local/lib/python3.7/site-packages/airflow/example_dags/example_task_group_decorator.py for tasks to queue
[2022-03-14 00:16:25,068] {logging_mixin.py:109} INFO - [2022-03-14 00:16:25,068] {dagbag.py:500} INFO - Filling up the DagBag from /home/airflow/.local/lib/python3.7/site-packages/airflow/example_dags/example_task_group_decorator.py
[2022-03-14 00:16:25,106] {processor.py:654} INFO - DAG(s) dict_keys(['example_task_group_decorator']) retrieved from /home/airflow/.local/lib/python3.7/site-packages/airflow/example_dags/example_task_group_decorator.py
[2022-03-14 00:16:25,264] {logging_mixin.py:109} INFO - [2022-03-14 00:16:25,264] {dag.py:2398} INFO - Sync 1 DAGs
[2022-03-14 00:16:25,276] {logging_mixin.py:109} INFO - [2022-03-14 00:16:25,276] {dag.py:2937} INFO - Setting next_dagrun for example_task_group_decorator to 2022-03-13T00:16:25.276171+00:00
[2022-03-14 00:16:25,292] {processor.py:171} INFO - Processing /home/airflow/.local/lib/python3.7/site-packages/airflow/example_dags/example_task_group_decorator.py took 0.228 seconds
[2022-03-14 00:16:55,678] {processor.py:163} INFO - Started process (PID=5960) to work on /home/airflow/.local/lib/python3.7/site-packages/airflow/example_dags/example_task_group_decorator.py
[2022-03-14 00:16:55,679] {processor.py:642} INFO - Processing file /home/airflow/.local/lib/python3.7/site-packages/airflow/example_dags/example_task_group_decorator.py for tasks to queue
[2022-03-14 00:16:55,679] {logging_mixin.py:109} INFO - [2022-03-14 00:16:55,679] {dagbag.py:500} INFO - Filling up the DagBag from /home/airflow/.local/lib/python3.7/site-packages/airflow/example_dags/example_task_group_decorator.py
[2022-03-14 00:16:55,716] {processor.py:654} INFO - DAG(s) dict_keys(['example_task_group_decorator']) retrieved from /home/airflow/.local/lib/python3.7/site-packages/airflow/example_dags/example_task_group_decorator.py
[2022-03-14 00:16:55,876] {logging_mixin.py:109} INFO - [2022-03-14 00:16:55,875] {dag.py:2398} INFO - Sync 1 DAGs
[2022-03-14 00:16:55,887] {logging_mixin.py:109} INFO - [2022-03-14 00:16:55,887] {dag.py:2937} INFO - Setting next_dagrun for example_task_group_decorator to 2022-03-13T00:16:55.886878+00:00
[2022-03-14 00:16:55,902] {processor.py:171} INFO - Processing /home/airflow/.local/lib/python3.7/site-packages/airflow/example_dags/example_task_group_decorator.py took 0.227 seconds
[2022-03-14 00:17:26,556] {processor.py:163} INFO - Started process (PID=6021) to work on /home/airflow/.local/lib/python3.7/site-packages/airflow/example_dags/example_task_group_decorator.py
[2022-03-14 00:17:26,558] {processor.py:642} INFO - Processing file /home/airflow/.local/lib/python3.7/site-packages/airflow/example_dags/example_task_group_decorator.py for tasks to queue
[2022-03-14 00:17:26,558] {logging_mixin.py:109} INFO - [2022-03-14 00:17:26,558] {dagbag.py:500} INFO - Filling up the DagBag from /home/airflow/.local/lib/python3.7/site-packages/airflow/example_dags/example_task_group_decorator.py
[2022-03-14 00:17:26,591] {processor.py:654} INFO - DAG(s) dict_keys(['example_task_group_decorator']) retrieved from /home/airflow/.local/lib/python3.7/site-packages/airflow/example_dags/example_task_group_decorator.py
[2022-03-14 00:17:26,758] {logging_mixin.py:109} INFO - [2022-03-14 00:17:26,758] {dag.py:2398} INFO - Sync 1 DAGs
[2022-03-14 00:17:26,770] {logging_mixin.py:109} INFO - [2022-03-14 00:17:26,770] {dag.py:2937} INFO - Setting next_dagrun for example_task_group_decorator to 2022-03-13T00:17:26.770347+00:00
[2022-03-14 00:17:26,780] {processor.py:171} INFO - Processing /home/airflow/.local/lib/python3.7/site-packages/airflow/example_dags/example_task_group_decorator.py took 0.226 seconds
[2022-03-14 00:17:57,238] {processor.py:163} INFO - Started process (PID=6073) to work on /home/airflow/.local/lib/python3.7/site-packages/airflow/example_dags/example_task_group_decorator.py
[2022-03-14 00:17:57,239] {processor.py:642} INFO - Processing file /home/airflow/.local/lib/python3.7/site-packages/airflow/example_dags/example_task_group_decorator.py for tasks to queue
[2022-03-14 00:17:57,239] {logging_mixin.py:109} INFO - [2022-03-14 00:17:57,239] {dagbag.py:500} INFO - Filling up the DagBag from /home/airflow/.local/lib/python3.7/site-packages/airflow/example_dags/example_task_group_decorator.py
[2022-03-14 00:17:57,276] {processor.py:654} INFO - DAG(s) dict_keys(['example_task_group_decorator']) retrieved from /home/airflow/.local/lib/python3.7/site-packages/airflow/example_dags/example_task_group_decorator.py
[2022-03-14 00:17:57,446] {logging_mixin.py:109} INFO - [2022-03-14 00:17:57,446] {dag.py:2398} INFO - Sync 1 DAGs
[2022-03-14 00:17:57,457] {logging_mixin.py:109} INFO - [2022-03-14 00:17:57,457] {dag.py:2937} INFO - Setting next_dagrun for example_task_group_decorator to 2022-03-13T00:17:57.457505+00:00
[2022-03-14 00:17:57,468] {processor.py:171} INFO - Processing /home/airflow/.local/lib/python3.7/site-packages/airflow/example_dags/example_task_group_decorator.py took 0.233 seconds
[2022-03-14 00:18:28,210] {processor.py:163} INFO - Started process (PID=6134) to work on /home/airflow/.local/lib/python3.7/site-packages/airflow/example_dags/example_task_group_decorator.py
[2022-03-14 00:18:28,212] {processor.py:642} INFO - Processing file /home/airflow/.local/lib/python3.7/site-packages/airflow/example_dags/example_task_group_decorator.py for tasks to queue
[2022-03-14 00:18:28,212] {logging_mixin.py:109} INFO - [2022-03-14 00:18:28,212] {dagbag.py:500} INFO - Filling up the DagBag from /home/airflow/.local/lib/python3.7/site-packages/airflow/example_dags/example_task_group_decorator.py
[2022-03-14 00:18:28,250] {processor.py:654} INFO - DAG(s) dict_keys(['example_task_group_decorator']) retrieved from /home/airflow/.local/lib/python3.7/site-packages/airflow/example_dags/example_task_group_decorator.py
[2022-03-14 00:18:28,409] {logging_mixin.py:109} INFO - [2022-03-14 00:18:28,409] {dag.py:2398} INFO - Sync 1 DAGs
[2022-03-14 00:18:28,420] {logging_mixin.py:109} INFO - [2022-03-14 00:18:28,420] {dag.py:2937} INFO - Setting next_dagrun for example_task_group_decorator to 2022-03-13T00:18:28.420192+00:00
[2022-03-14 00:18:28,438] {processor.py:171} INFO - Processing /home/airflow/.local/lib/python3.7/site-packages/airflow/example_dags/example_task_group_decorator.py took 0.231 seconds
[2022-03-14 00:18:59,118] {processor.py:163} INFO - Started process (PID=6187) to work on /home/airflow/.local/lib/python3.7/site-packages/airflow/example_dags/example_task_group_decorator.py
[2022-03-14 00:18:59,119] {processor.py:642} INFO - Processing file /home/airflow/.local/lib/python3.7/site-packages/airflow/example_dags/example_task_group_decorator.py for tasks to queue
[2022-03-14 00:18:59,119] {logging_mixin.py:109} INFO - [2022-03-14 00:18:59,119] {dagbag.py:500} INFO - Filling up the DagBag from /home/airflow/.local/lib/python3.7/site-packages/airflow/example_dags/example_task_group_decorator.py
[2022-03-14 00:18:59,156] {processor.py:654} INFO - DAG(s) dict_keys(['example_task_group_decorator']) retrieved from /home/airflow/.local/lib/python3.7/site-packages/airflow/example_dags/example_task_group_decorator.py
[2022-03-14 00:18:59,316] {logging_mixin.py:109} INFO - [2022-03-14 00:18:59,316] {dag.py:2398} INFO - Sync 1 DAGs
[2022-03-14 00:18:59,327] {logging_mixin.py:109} INFO - [2022-03-14 00:18:59,327] {dag.py:2937} INFO - Setting next_dagrun for example_task_group_decorator to 2022-03-13T00:18:59.327281+00:00
[2022-03-14 00:18:59,342] {processor.py:171} INFO - Processing /home/airflow/.local/lib/python3.7/site-packages/airflow/example_dags/example_task_group_decorator.py took 0.227 seconds
[2022-03-14 00:19:30,014] {processor.py:163} INFO - Started process (PID=6248) to work on /home/airflow/.local/lib/python3.7/site-packages/airflow/example_dags/example_task_group_decorator.py
[2022-03-14 00:19:30,021] {processor.py:642} INFO - Processing file /home/airflow/.local/lib/python3.7/site-packages/airflow/example_dags/example_task_group_decorator.py for tasks to queue
[2022-03-14 00:19:30,021] {logging_mixin.py:109} INFO - [2022-03-14 00:19:30,021] {dagbag.py:500} INFO - Filling up the DagBag from /home/airflow/.local/lib/python3.7/site-packages/airflow/example_dags/example_task_group_decorator.py
[2022-03-14 00:19:30,060] {processor.py:654} INFO - DAG(s) dict_keys(['example_task_group_decorator']) retrieved from /home/airflow/.local/lib/python3.7/site-packages/airflow/example_dags/example_task_group_decorator.py
[2022-03-14 00:19:30,225] {logging_mixin.py:109} INFO - [2022-03-14 00:19:30,225] {dag.py:2398} INFO - Sync 1 DAGs
[2022-03-14 00:19:30,236] {logging_mixin.py:109} INFO - [2022-03-14 00:19:30,236] {dag.py:2937} INFO - Setting next_dagrun for example_task_group_decorator to 2022-03-13T00:19:30.236402+00:00
[2022-03-14 00:19:30,246] {processor.py:171} INFO - Processing /home/airflow/.local/lib/python3.7/site-packages/airflow/example_dags/example_task_group_decorator.py took 0.235 seconds
[2022-03-14 00:20:00,861] {processor.py:163} INFO - Started process (PID=6301) to work on /home/airflow/.local/lib/python3.7/site-packages/airflow/example_dags/example_task_group_decorator.py
[2022-03-14 00:20:00,862] {processor.py:642} INFO - Processing file /home/airflow/.local/lib/python3.7/site-packages/airflow/example_dags/example_task_group_decorator.py for tasks to queue
[2022-03-14 00:20:00,862] {logging_mixin.py:109} INFO - [2022-03-14 00:20:00,862] {dagbag.py:500} INFO - Filling up the DagBag from /home/airflow/.local/lib/python3.7/site-packages/airflow/example_dags/example_task_group_decorator.py
[2022-03-14 00:20:00,897] {processor.py:654} INFO - DAG(s) dict_keys(['example_task_group_decorator']) retrieved from /home/airflow/.local/lib/python3.7/site-packages/airflow/example_dags/example_task_group_decorator.py
[2022-03-14 00:20:01,088] {logging_mixin.py:109} INFO - [2022-03-14 00:20:01,088] {dag.py:2398} INFO - Sync 1 DAGs
[2022-03-14 00:20:01,101] {logging_mixin.py:109} INFO - [2022-03-14 00:20:01,101] {dag.py:2937} INFO - Setting next_dagrun for example_task_group_decorator to 2022-03-13T00:20:01.100804+00:00
[2022-03-14 00:20:01,111] {processor.py:171} INFO - Processing /home/airflow/.local/lib/python3.7/site-packages/airflow/example_dags/example_task_group_decorator.py took 0.252 seconds
[2022-03-14 00:20:31,586] {processor.py:163} INFO - Started process (PID=6362) to work on /home/airflow/.local/lib/python3.7/site-packages/airflow/example_dags/example_task_group_decorator.py
[2022-03-14 00:20:31,588] {processor.py:642} INFO - Processing file /home/airflow/.local/lib/python3.7/site-packages/airflow/example_dags/example_task_group_decorator.py for tasks to queue
[2022-03-14 00:20:31,588] {logging_mixin.py:109} INFO - [2022-03-14 00:20:31,588] {dagbag.py:500} INFO - Filling up the DagBag from /home/airflow/.local/lib/python3.7/site-packages/airflow/example_dags/example_task_group_decorator.py
[2022-03-14 00:20:31,620] {processor.py:654} INFO - DAG(s) dict_keys(['example_task_group_decorator']) retrieved from /home/airflow/.local/lib/python3.7/site-packages/airflow/example_dags/example_task_group_decorator.py
[2022-03-14 00:20:31,782] {logging_mixin.py:109} INFO - [2022-03-14 00:20:31,782] {dag.py:2398} INFO - Sync 1 DAGs
[2022-03-14 00:20:31,793] {logging_mixin.py:109} INFO - [2022-03-14 00:20:31,793] {dag.py:2937} INFO - Setting next_dagrun for example_task_group_decorator to 2022-03-13T00:20:31.793496+00:00
[2022-03-14 00:20:31,817] {processor.py:171} INFO - Processing /home/airflow/.local/lib/python3.7/site-packages/airflow/example_dags/example_task_group_decorator.py took 0.233 seconds
[2022-03-14 00:21:02,471] {processor.py:163} INFO - Started process (PID=6414) to work on /home/airflow/.local/lib/python3.7/site-packages/airflow/example_dags/example_task_group_decorator.py
[2022-03-14 00:21:02,472] {processor.py:642} INFO - Processing file /home/airflow/.local/lib/python3.7/site-packages/airflow/example_dags/example_task_group_decorator.py for tasks to queue
[2022-03-14 00:21:02,472] {logging_mixin.py:109} INFO - [2022-03-14 00:21:02,472] {dagbag.py:500} INFO - Filling up the DagBag from /home/airflow/.local/lib/python3.7/site-packages/airflow/example_dags/example_task_group_decorator.py
[2022-03-14 00:21:02,509] {processor.py:654} INFO - DAG(s) dict_keys(['example_task_group_decorator']) retrieved from /home/airflow/.local/lib/python3.7/site-packages/airflow/example_dags/example_task_group_decorator.py
[2022-03-14 00:21:02,672] {logging_mixin.py:109} INFO - [2022-03-14 00:21:02,672] {dag.py:2398} INFO - Sync 1 DAGs
[2022-03-14 00:21:02,684] {logging_mixin.py:109} INFO - [2022-03-14 00:21:02,684] {dag.py:2937} INFO - Setting next_dagrun for example_task_group_decorator to 2022-03-13T00:21:02.683807+00:00
[2022-03-14 00:21:02,701] {processor.py:171} INFO - Processing /home/airflow/.local/lib/python3.7/site-packages/airflow/example_dags/example_task_group_decorator.py took 0.233 seconds
[2022-03-14 00:21:33,240] {processor.py:163} INFO - Started process (PID=6476) to work on /home/airflow/.local/lib/python3.7/site-packages/airflow/example_dags/example_task_group_decorator.py
[2022-03-14 00:21:33,241] {processor.py:642} INFO - Processing file /home/airflow/.local/lib/python3.7/site-packages/airflow/example_dags/example_task_group_decorator.py for tasks to queue
[2022-03-14 00:21:33,242] {logging_mixin.py:109} INFO - [2022-03-14 00:21:33,241] {dagbag.py:500} INFO - Filling up the DagBag from /home/airflow/.local/lib/python3.7/site-packages/airflow/example_dags/example_task_group_decorator.py
[2022-03-14 00:21:33,275] {processor.py:654} INFO - DAG(s) dict_keys(['example_task_group_decorator']) retrieved from /home/airflow/.local/lib/python3.7/site-packages/airflow/example_dags/example_task_group_decorator.py
[2022-03-14 00:21:33,447] {logging_mixin.py:109} INFO - [2022-03-14 00:21:33,447] {dag.py:2398} INFO - Sync 1 DAGs
[2022-03-14 00:21:33,459] {logging_mixin.py:109} INFO - [2022-03-14 00:21:33,459] {dag.py:2937} INFO - Setting next_dagrun for example_task_group_decorator to 2022-03-13T00:21:33.459470+00:00
[2022-03-14 00:21:33,480] {processor.py:171} INFO - Processing /home/airflow/.local/lib/python3.7/site-packages/airflow/example_dags/example_task_group_decorator.py took 0.242 seconds
[2022-03-14 00:22:04,365] {processor.py:163} INFO - Started process (PID=6529) to work on /home/airflow/.local/lib/python3.7/site-packages/airflow/example_dags/example_task_group_decorator.py
[2022-03-14 00:22:04,366] {processor.py:642} INFO - Processing file /home/airflow/.local/lib/python3.7/site-packages/airflow/example_dags/example_task_group_decorator.py for tasks to queue
[2022-03-14 00:22:04,366] {logging_mixin.py:109} INFO - [2022-03-14 00:22:04,366] {dagbag.py:500} INFO - Filling up the DagBag from /home/airflow/.local/lib/python3.7/site-packages/airflow/example_dags/example_task_group_decorator.py
[2022-03-14 00:22:04,400] {processor.py:654} INFO - DAG(s) dict_keys(['example_task_group_decorator']) retrieved from /home/airflow/.local/lib/python3.7/site-packages/airflow/example_dags/example_task_group_decorator.py
[2022-03-14 00:22:04,562] {logging_mixin.py:109} INFO - [2022-03-14 00:22:04,562] {dag.py:2398} INFO - Sync 1 DAGs
[2022-03-14 00:22:04,575] {logging_mixin.py:109} INFO - [2022-03-14 00:22:04,574] {dag.py:2937} INFO - Setting next_dagrun for example_task_group_decorator to 2022-03-13T00:22:04.574777+00:00
[2022-03-14 00:22:04,591] {processor.py:171} INFO - Processing /home/airflow/.local/lib/python3.7/site-packages/airflow/example_dags/example_task_group_decorator.py took 0.228 seconds
[2022-03-14 00:22:35,112] {processor.py:163} INFO - Started process (PID=6590) to work on /home/airflow/.local/lib/python3.7/site-packages/airflow/example_dags/example_task_group_decorator.py
[2022-03-14 00:22:35,113] {processor.py:642} INFO - Processing file /home/airflow/.local/lib/python3.7/site-packages/airflow/example_dags/example_task_group_decorator.py for tasks to queue
[2022-03-14 00:22:35,114] {logging_mixin.py:109} INFO - [2022-03-14 00:22:35,114] {dagbag.py:500} INFO - Filling up the DagBag from /home/airflow/.local/lib/python3.7/site-packages/airflow/example_dags/example_task_group_decorator.py
[2022-03-14 00:22:35,166] {processor.py:654} INFO - DAG(s) dict_keys(['example_task_group_decorator']) retrieved from /home/airflow/.local/lib/python3.7/site-packages/airflow/example_dags/example_task_group_decorator.py
[2022-03-14 00:22:35,376] {logging_mixin.py:109} INFO - [2022-03-14 00:22:35,376] {dag.py:2398} INFO - Sync 1 DAGs
[2022-03-14 00:22:35,388] {logging_mixin.py:109} INFO - [2022-03-14 00:22:35,388] {dag.py:2937} INFO - Setting next_dagrun for example_task_group_decorator to 2022-03-13T00:22:35.388267+00:00
[2022-03-14 00:22:35,404] {processor.py:171} INFO - Processing /home/airflow/.local/lib/python3.7/site-packages/airflow/example_dags/example_task_group_decorator.py took 0.298 seconds
