[2022-03-14 00:00:28,667] {processor.py:163} INFO - Started process (PID=4175) to work on /home/airflow/.local/lib/python3.7/site-packages/airflow/example_dags/example_nested_branch_dag.py
[2022-03-14 00:00:28,668] {processor.py:642} INFO - Processing file /home/airflow/.local/lib/python3.7/site-packages/airflow/example_dags/example_nested_branch_dag.py for tasks to queue
[2022-03-14 00:00:28,668] {logging_mixin.py:109} INFO - [2022-03-14 00:00:28,668] {dagbag.py:500} INFO - Filling up the DagBag from /home/airflow/.local/lib/python3.7/site-packages/airflow/example_dags/example_nested_branch_dag.py
[2022-03-14 00:00:28,693] {processor.py:654} INFO - DAG(s) dict_keys(['example_nested_branch_dag']) retrieved from /home/airflow/.local/lib/python3.7/site-packages/airflow/example_dags/example_nested_branch_dag.py
[2022-03-14 00:00:28,703] {logging_mixin.py:109} INFO - [2022-03-14 00:00:28,702] {dag.py:2398} INFO - Sync 1 DAGs
[2022-03-14 00:00:28,717] {logging_mixin.py:109} INFO - [2022-03-14 00:00:28,717] {dag.py:2937} INFO - Setting next_dagrun for example_nested_branch_dag to 2022-03-13 00:00:00+00:00
[2022-03-14 00:00:28,726] {processor.py:171} INFO - Processing /home/airflow/.local/lib/python3.7/site-packages/airflow/example_dags/example_nested_branch_dag.py took 0.062 seconds
[2022-03-14 00:00:59,593] {processor.py:163} INFO - Started process (PID=4227) to work on /home/airflow/.local/lib/python3.7/site-packages/airflow/example_dags/example_nested_branch_dag.py
[2022-03-14 00:00:59,593] {processor.py:642} INFO - Processing file /home/airflow/.local/lib/python3.7/site-packages/airflow/example_dags/example_nested_branch_dag.py for tasks to queue
[2022-03-14 00:00:59,594] {logging_mixin.py:109} INFO - [2022-03-14 00:00:59,594] {dagbag.py:500} INFO - Filling up the DagBag from /home/airflow/.local/lib/python3.7/site-packages/airflow/example_dags/example_nested_branch_dag.py
[2022-03-14 00:00:59,618] {processor.py:654} INFO - DAG(s) dict_keys(['example_nested_branch_dag']) retrieved from /home/airflow/.local/lib/python3.7/site-packages/airflow/example_dags/example_nested_branch_dag.py
[2022-03-14 00:00:59,626] {logging_mixin.py:109} INFO - [2022-03-14 00:00:59,626] {dag.py:2398} INFO - Sync 1 DAGs
[2022-03-14 00:00:59,640] {logging_mixin.py:109} INFO - [2022-03-14 00:00:59,640] {dag.py:2937} INFO - Setting next_dagrun for example_nested_branch_dag to 2022-03-13 00:00:00+00:00
[2022-03-14 00:00:59,654] {processor.py:171} INFO - Processing /home/airflow/.local/lib/python3.7/site-packages/airflow/example_dags/example_nested_branch_dag.py took 0.064 seconds
[2022-03-14 00:01:30,381] {processor.py:163} INFO - Started process (PID=4279) to work on /home/airflow/.local/lib/python3.7/site-packages/airflow/example_dags/example_nested_branch_dag.py
[2022-03-14 00:01:30,382] {processor.py:642} INFO - Processing file /home/airflow/.local/lib/python3.7/site-packages/airflow/example_dags/example_nested_branch_dag.py for tasks to queue
[2022-03-14 00:01:30,383] {logging_mixin.py:109} INFO - [2022-03-14 00:01:30,382] {dagbag.py:500} INFO - Filling up the DagBag from /home/airflow/.local/lib/python3.7/site-packages/airflow/example_dags/example_nested_branch_dag.py
[2022-03-14 00:01:30,407] {processor.py:654} INFO - DAG(s) dict_keys(['example_nested_branch_dag']) retrieved from /home/airflow/.local/lib/python3.7/site-packages/airflow/example_dags/example_nested_branch_dag.py
[2022-03-14 00:01:30,416] {logging_mixin.py:109} INFO - [2022-03-14 00:01:30,416] {dag.py:2398} INFO - Sync 1 DAGs
[2022-03-14 00:01:30,431] {logging_mixin.py:109} INFO - [2022-03-14 00:01:30,431] {dag.py:2937} INFO - Setting next_dagrun for example_nested_branch_dag to 2022-03-13 00:00:00+00:00
[2022-03-14 00:01:30,446] {processor.py:171} INFO - Processing /home/airflow/.local/lib/python3.7/site-packages/airflow/example_dags/example_nested_branch_dag.py took 0.067 seconds
[2022-03-14 00:02:01,469] {processor.py:163} INFO - Started process (PID=4340) to work on /home/airflow/.local/lib/python3.7/site-packages/airflow/example_dags/example_nested_branch_dag.py
[2022-03-14 00:02:01,470] {processor.py:642} INFO - Processing file /home/airflow/.local/lib/python3.7/site-packages/airflow/example_dags/example_nested_branch_dag.py for tasks to queue
[2022-03-14 00:02:01,470] {logging_mixin.py:109} INFO - [2022-03-14 00:02:01,470] {dagbag.py:500} INFO - Filling up the DagBag from /home/airflow/.local/lib/python3.7/site-packages/airflow/example_dags/example_nested_branch_dag.py
[2022-03-14 00:02:01,495] {processor.py:654} INFO - DAG(s) dict_keys(['example_nested_branch_dag']) retrieved from /home/airflow/.local/lib/python3.7/site-packages/airflow/example_dags/example_nested_branch_dag.py
[2022-03-14 00:02:01,503] {logging_mixin.py:109} INFO - [2022-03-14 00:02:01,503] {dag.py:2398} INFO - Sync 1 DAGs
[2022-03-14 00:02:01,516] {logging_mixin.py:109} INFO - [2022-03-14 00:02:01,516] {dag.py:2937} INFO - Setting next_dagrun for example_nested_branch_dag to 2022-03-13 00:00:00+00:00
[2022-03-14 00:02:01,531] {processor.py:171} INFO - Processing /home/airflow/.local/lib/python3.7/site-packages/airflow/example_dags/example_nested_branch_dag.py took 0.065 seconds
[2022-03-14 00:02:31,919] {processor.py:163} INFO - Started process (PID=4393) to work on /home/airflow/.local/lib/python3.7/site-packages/airflow/example_dags/example_nested_branch_dag.py
[2022-03-14 00:02:31,920] {processor.py:642} INFO - Processing file /home/airflow/.local/lib/python3.7/site-packages/airflow/example_dags/example_nested_branch_dag.py for tasks to queue
[2022-03-14 00:02:31,920] {logging_mixin.py:109} INFO - [2022-03-14 00:02:31,920] {dagbag.py:500} INFO - Filling up the DagBag from /home/airflow/.local/lib/python3.7/site-packages/airflow/example_dags/example_nested_branch_dag.py
[2022-03-14 00:02:31,943] {processor.py:654} INFO - DAG(s) dict_keys(['example_nested_branch_dag']) retrieved from /home/airflow/.local/lib/python3.7/site-packages/airflow/example_dags/example_nested_branch_dag.py
[2022-03-14 00:02:31,950] {logging_mixin.py:109} INFO - [2022-03-14 00:02:31,950] {dag.py:2398} INFO - Sync 1 DAGs
[2022-03-14 00:02:31,964] {logging_mixin.py:109} INFO - [2022-03-14 00:02:31,964] {dag.py:2937} INFO - Setting next_dagrun for example_nested_branch_dag to 2022-03-13 00:00:00+00:00
[2022-03-14 00:02:31,978] {processor.py:171} INFO - Processing /home/airflow/.local/lib/python3.7/site-packages/airflow/example_dags/example_nested_branch_dag.py took 0.062 seconds
[2022-03-14 00:03:02,608] {processor.py:163} INFO - Started process (PID=4455) to work on /home/airflow/.local/lib/python3.7/site-packages/airflow/example_dags/example_nested_branch_dag.py
[2022-03-14 00:03:02,609] {processor.py:642} INFO - Processing file /home/airflow/.local/lib/python3.7/site-packages/airflow/example_dags/example_nested_branch_dag.py for tasks to queue
[2022-03-14 00:03:02,609] {logging_mixin.py:109} INFO - [2022-03-14 00:03:02,609] {dagbag.py:500} INFO - Filling up the DagBag from /home/airflow/.local/lib/python3.7/site-packages/airflow/example_dags/example_nested_branch_dag.py
[2022-03-14 00:03:02,633] {processor.py:654} INFO - DAG(s) dict_keys(['example_nested_branch_dag']) retrieved from /home/airflow/.local/lib/python3.7/site-packages/airflow/example_dags/example_nested_branch_dag.py
[2022-03-14 00:03:02,641] {logging_mixin.py:109} INFO - [2022-03-14 00:03:02,641] {dag.py:2398} INFO - Sync 1 DAGs
[2022-03-14 00:03:02,654] {logging_mixin.py:109} INFO - [2022-03-14 00:03:02,654] {dag.py:2937} INFO - Setting next_dagrun for example_nested_branch_dag to 2022-03-13 00:00:00+00:00
[2022-03-14 00:03:02,668] {processor.py:171} INFO - Processing /home/airflow/.local/lib/python3.7/site-packages/airflow/example_dags/example_nested_branch_dag.py took 0.062 seconds
[2022-03-14 00:03:33,611] {processor.py:163} INFO - Started process (PID=4507) to work on /home/airflow/.local/lib/python3.7/site-packages/airflow/example_dags/example_nested_branch_dag.py
[2022-03-14 00:03:33,611] {processor.py:642} INFO - Processing file /home/airflow/.local/lib/python3.7/site-packages/airflow/example_dags/example_nested_branch_dag.py for tasks to queue
[2022-03-14 00:03:33,612] {logging_mixin.py:109} INFO - [2022-03-14 00:03:33,612] {dagbag.py:500} INFO - Filling up the DagBag from /home/airflow/.local/lib/python3.7/site-packages/airflow/example_dags/example_nested_branch_dag.py
[2022-03-14 00:03:33,634] {processor.py:654} INFO - DAG(s) dict_keys(['example_nested_branch_dag']) retrieved from /home/airflow/.local/lib/python3.7/site-packages/airflow/example_dags/example_nested_branch_dag.py
[2022-03-14 00:03:33,643] {logging_mixin.py:109} INFO - [2022-03-14 00:03:33,643] {dag.py:2398} INFO - Sync 1 DAGs
[2022-03-14 00:03:33,656] {logging_mixin.py:109} INFO - [2022-03-14 00:03:33,656] {dag.py:2937} INFO - Setting next_dagrun for example_nested_branch_dag to 2022-03-13 00:00:00+00:00
[2022-03-14 00:03:33,665] {processor.py:171} INFO - Processing /home/airflow/.local/lib/python3.7/site-packages/airflow/example_dags/example_nested_branch_dag.py took 0.056 seconds
[2022-03-14 00:04:04,723] {processor.py:163} INFO - Started process (PID=4568) to work on /home/airflow/.local/lib/python3.7/site-packages/airflow/example_dags/example_nested_branch_dag.py
[2022-03-14 00:04:04,723] {processor.py:642} INFO - Processing file /home/airflow/.local/lib/python3.7/site-packages/airflow/example_dags/example_nested_branch_dag.py for tasks to queue
[2022-03-14 00:04:04,724] {logging_mixin.py:109} INFO - [2022-03-14 00:04:04,724] {dagbag.py:500} INFO - Filling up the DagBag from /home/airflow/.local/lib/python3.7/site-packages/airflow/example_dags/example_nested_branch_dag.py
[2022-03-14 00:04:04,747] {processor.py:654} INFO - DAG(s) dict_keys(['example_nested_branch_dag']) retrieved from /home/airflow/.local/lib/python3.7/site-packages/airflow/example_dags/example_nested_branch_dag.py
[2022-03-14 00:04:04,755] {logging_mixin.py:109} INFO - [2022-03-14 00:04:04,755] {dag.py:2398} INFO - Sync 1 DAGs
[2022-03-14 00:04:04,767] {logging_mixin.py:109} INFO - [2022-03-14 00:04:04,767] {dag.py:2937} INFO - Setting next_dagrun for example_nested_branch_dag to 2022-03-13 00:00:00+00:00
[2022-03-14 00:04:04,777] {processor.py:171} INFO - Processing /home/airflow/.local/lib/python3.7/site-packages/airflow/example_dags/example_nested_branch_dag.py took 0.056 seconds
[2022-03-14 00:04:35,671] {processor.py:163} INFO - Started process (PID=4620) to work on /home/airflow/.local/lib/python3.7/site-packages/airflow/example_dags/example_nested_branch_dag.py
[2022-03-14 00:04:35,672] {processor.py:642} INFO - Processing file /home/airflow/.local/lib/python3.7/site-packages/airflow/example_dags/example_nested_branch_dag.py for tasks to queue
[2022-03-14 00:04:35,673] {logging_mixin.py:109} INFO - [2022-03-14 00:04:35,673] {dagbag.py:500} INFO - Filling up the DagBag from /home/airflow/.local/lib/python3.7/site-packages/airflow/example_dags/example_nested_branch_dag.py
[2022-03-14 00:04:35,698] {processor.py:654} INFO - DAG(s) dict_keys(['example_nested_branch_dag']) retrieved from /home/airflow/.local/lib/python3.7/site-packages/airflow/example_dags/example_nested_branch_dag.py
[2022-03-14 00:04:35,708] {logging_mixin.py:109} INFO - [2022-03-14 00:04:35,708] {dag.py:2398} INFO - Sync 1 DAGs
[2022-03-14 00:04:35,727] {logging_mixin.py:109} INFO - [2022-03-14 00:04:35,726] {dag.py:2937} INFO - Setting next_dagrun for example_nested_branch_dag to 2022-03-13 00:00:00+00:00
[2022-03-14 00:04:35,742] {processor.py:171} INFO - Processing /home/airflow/.local/lib/python3.7/site-packages/airflow/example_dags/example_nested_branch_dag.py took 0.073 seconds
[2022-03-14 00:05:06,269] {processor.py:163} INFO - Started process (PID=4681) to work on /home/airflow/.local/lib/python3.7/site-packages/airflow/example_dags/example_nested_branch_dag.py
[2022-03-14 00:05:06,270] {processor.py:642} INFO - Processing file /home/airflow/.local/lib/python3.7/site-packages/airflow/example_dags/example_nested_branch_dag.py for tasks to queue
[2022-03-14 00:05:06,270] {logging_mixin.py:109} INFO - [2022-03-14 00:05:06,270] {dagbag.py:500} INFO - Filling up the DagBag from /home/airflow/.local/lib/python3.7/site-packages/airflow/example_dags/example_nested_branch_dag.py
[2022-03-14 00:05:06,294] {processor.py:654} INFO - DAG(s) dict_keys(['example_nested_branch_dag']) retrieved from /home/airflow/.local/lib/python3.7/site-packages/airflow/example_dags/example_nested_branch_dag.py
[2022-03-14 00:05:06,302] {logging_mixin.py:109} INFO - [2022-03-14 00:05:06,302] {dag.py:2398} INFO - Sync 1 DAGs
[2022-03-14 00:05:06,315] {logging_mixin.py:109} INFO - [2022-03-14 00:05:06,315] {dag.py:2937} INFO - Setting next_dagrun for example_nested_branch_dag to 2022-03-13 00:00:00+00:00
[2022-03-14 00:05:06,322] {processor.py:171} INFO - Processing /home/airflow/.local/lib/python3.7/site-packages/airflow/example_dags/example_nested_branch_dag.py took 0.055 seconds
[2022-03-14 00:05:37,152] {processor.py:163} INFO - Started process (PID=4733) to work on /home/airflow/.local/lib/python3.7/site-packages/airflow/example_dags/example_nested_branch_dag.py
[2022-03-14 00:05:37,152] {processor.py:642} INFO - Processing file /home/airflow/.local/lib/python3.7/site-packages/airflow/example_dags/example_nested_branch_dag.py for tasks to queue
[2022-03-14 00:05:37,153] {logging_mixin.py:109} INFO - [2022-03-14 00:05:37,153] {dagbag.py:500} INFO - Filling up the DagBag from /home/airflow/.local/lib/python3.7/site-packages/airflow/example_dags/example_nested_branch_dag.py
[2022-03-14 00:05:37,177] {processor.py:654} INFO - DAG(s) dict_keys(['example_nested_branch_dag']) retrieved from /home/airflow/.local/lib/python3.7/site-packages/airflow/example_dags/example_nested_branch_dag.py
[2022-03-14 00:05:37,185] {logging_mixin.py:109} INFO - [2022-03-14 00:05:37,185] {dag.py:2398} INFO - Sync 1 DAGs
[2022-03-14 00:05:37,200] {logging_mixin.py:109} INFO - [2022-03-14 00:05:37,199] {dag.py:2937} INFO - Setting next_dagrun for example_nested_branch_dag to 2022-03-13 00:00:00+00:00
[2022-03-14 00:05:37,208] {processor.py:171} INFO - Processing /home/airflow/.local/lib/python3.7/site-packages/airflow/example_dags/example_nested_branch_dag.py took 0.058 seconds
[2022-03-14 00:06:08,095] {processor.py:163} INFO - Started process (PID=4794) to work on /home/airflow/.local/lib/python3.7/site-packages/airflow/example_dags/example_nested_branch_dag.py
[2022-03-14 00:06:08,096] {processor.py:642} INFO - Processing file /home/airflow/.local/lib/python3.7/site-packages/airflow/example_dags/example_nested_branch_dag.py for tasks to queue
[2022-03-14 00:06:08,096] {logging_mixin.py:109} INFO - [2022-03-14 00:06:08,096] {dagbag.py:500} INFO - Filling up the DagBag from /home/airflow/.local/lib/python3.7/site-packages/airflow/example_dags/example_nested_branch_dag.py
[2022-03-14 00:06:08,119] {processor.py:654} INFO - DAG(s) dict_keys(['example_nested_branch_dag']) retrieved from /home/airflow/.local/lib/python3.7/site-packages/airflow/example_dags/example_nested_branch_dag.py
[2022-03-14 00:06:08,128] {logging_mixin.py:109} INFO - [2022-03-14 00:06:08,128] {dag.py:2398} INFO - Sync 1 DAGs
[2022-03-14 00:06:08,141] {logging_mixin.py:109} INFO - [2022-03-14 00:06:08,141] {dag.py:2937} INFO - Setting next_dagrun for example_nested_branch_dag to 2022-03-13 00:00:00+00:00
[2022-03-14 00:06:08,148] {processor.py:171} INFO - Processing /home/airflow/.local/lib/python3.7/site-packages/airflow/example_dags/example_nested_branch_dag.py took 0.056 seconds
[2022-03-14 00:06:38,780] {processor.py:163} INFO - Started process (PID=4846) to work on /home/airflow/.local/lib/python3.7/site-packages/airflow/example_dags/example_nested_branch_dag.py
[2022-03-14 00:06:38,781] {processor.py:642} INFO - Processing file /home/airflow/.local/lib/python3.7/site-packages/airflow/example_dags/example_nested_branch_dag.py for tasks to queue
[2022-03-14 00:06:38,781] {logging_mixin.py:109} INFO - [2022-03-14 00:06:38,781] {dagbag.py:500} INFO - Filling up the DagBag from /home/airflow/.local/lib/python3.7/site-packages/airflow/example_dags/example_nested_branch_dag.py
[2022-03-14 00:06:38,803] {processor.py:654} INFO - DAG(s) dict_keys(['example_nested_branch_dag']) retrieved from /home/airflow/.local/lib/python3.7/site-packages/airflow/example_dags/example_nested_branch_dag.py
[2022-03-14 00:06:38,811] {logging_mixin.py:109} INFO - [2022-03-14 00:06:38,811] {dag.py:2398} INFO - Sync 1 DAGs
[2022-03-14 00:06:38,825] {logging_mixin.py:109} INFO - [2022-03-14 00:06:38,825] {dag.py:2937} INFO - Setting next_dagrun for example_nested_branch_dag to 2022-03-13 00:00:00+00:00
[2022-03-14 00:06:38,833] {processor.py:171} INFO - Processing /home/airflow/.local/lib/python3.7/site-packages/airflow/example_dags/example_nested_branch_dag.py took 0.056 seconds
[2022-03-14 00:07:09,587] {processor.py:163} INFO - Started process (PID=4907) to work on /home/airflow/.local/lib/python3.7/site-packages/airflow/example_dags/example_nested_branch_dag.py
[2022-03-14 00:07:09,589] {processor.py:642} INFO - Processing file /home/airflow/.local/lib/python3.7/site-packages/airflow/example_dags/example_nested_branch_dag.py for tasks to queue
[2022-03-14 00:07:09,589] {logging_mixin.py:109} INFO - [2022-03-14 00:07:09,589] {dagbag.py:500} INFO - Filling up the DagBag from /home/airflow/.local/lib/python3.7/site-packages/airflow/example_dags/example_nested_branch_dag.py
[2022-03-14 00:07:09,621] {processor.py:654} INFO - DAG(s) dict_keys(['example_nested_branch_dag']) retrieved from /home/airflow/.local/lib/python3.7/site-packages/airflow/example_dags/example_nested_branch_dag.py
[2022-03-14 00:07:09,633] {logging_mixin.py:109} INFO - [2022-03-14 00:07:09,633] {dag.py:2398} INFO - Sync 1 DAGs
[2022-03-14 00:07:09,654] {logging_mixin.py:109} INFO - [2022-03-14 00:07:09,654] {dag.py:2937} INFO - Setting next_dagrun for example_nested_branch_dag to 2022-03-13 00:00:00+00:00
[2022-03-14 00:07:09,665] {processor.py:171} INFO - Processing /home/airflow/.local/lib/python3.7/site-packages/airflow/example_dags/example_nested_branch_dag.py took 0.080 seconds
[2022-03-14 00:07:40,505] {processor.py:163} INFO - Started process (PID=4959) to work on /home/airflow/.local/lib/python3.7/site-packages/airflow/example_dags/example_nested_branch_dag.py
[2022-03-14 00:07:40,506] {processor.py:642} INFO - Processing file /home/airflow/.local/lib/python3.7/site-packages/airflow/example_dags/example_nested_branch_dag.py for tasks to queue
[2022-03-14 00:07:40,506] {logging_mixin.py:109} INFO - [2022-03-14 00:07:40,506] {dagbag.py:500} INFO - Filling up the DagBag from /home/airflow/.local/lib/python3.7/site-packages/airflow/example_dags/example_nested_branch_dag.py
[2022-03-14 00:07:40,532] {processor.py:654} INFO - DAG(s) dict_keys(['example_nested_branch_dag']) retrieved from /home/airflow/.local/lib/python3.7/site-packages/airflow/example_dags/example_nested_branch_dag.py
[2022-03-14 00:07:40,544] {logging_mixin.py:109} INFO - [2022-03-14 00:07:40,543] {dag.py:2398} INFO - Sync 1 DAGs
[2022-03-14 00:07:40,558] {logging_mixin.py:109} INFO - [2022-03-14 00:07:40,558] {dag.py:2937} INFO - Setting next_dagrun for example_nested_branch_dag to 2022-03-13 00:00:00+00:00
[2022-03-14 00:07:40,572] {processor.py:171} INFO - Processing /home/airflow/.local/lib/python3.7/site-packages/airflow/example_dags/example_nested_branch_dag.py took 0.069 seconds
[2022-03-14 00:08:11,603] {processor.py:163} INFO - Started process (PID=5020) to work on /home/airflow/.local/lib/python3.7/site-packages/airflow/example_dags/example_nested_branch_dag.py
[2022-03-14 00:08:11,604] {processor.py:642} INFO - Processing file /home/airflow/.local/lib/python3.7/site-packages/airflow/example_dags/example_nested_branch_dag.py for tasks to queue
[2022-03-14 00:08:11,604] {logging_mixin.py:109} INFO - [2022-03-14 00:08:11,604] {dagbag.py:500} INFO - Filling up the DagBag from /home/airflow/.local/lib/python3.7/site-packages/airflow/example_dags/example_nested_branch_dag.py
[2022-03-14 00:08:11,629] {processor.py:654} INFO - DAG(s) dict_keys(['example_nested_branch_dag']) retrieved from /home/airflow/.local/lib/python3.7/site-packages/airflow/example_dags/example_nested_branch_dag.py
[2022-03-14 00:08:11,637] {logging_mixin.py:109} INFO - [2022-03-14 00:08:11,637] {dag.py:2398} INFO - Sync 1 DAGs
[2022-03-14 00:08:11,652] {logging_mixin.py:109} INFO - [2022-03-14 00:08:11,652] {dag.py:2937} INFO - Setting next_dagrun for example_nested_branch_dag to 2022-03-13 00:00:00+00:00
[2022-03-14 00:08:11,667] {processor.py:171} INFO - Processing /home/airflow/.local/lib/python3.7/site-packages/airflow/example_dags/example_nested_branch_dag.py took 0.066 seconds
[2022-03-14 00:08:42,333] {processor.py:163} INFO - Started process (PID=5072) to work on /home/airflow/.local/lib/python3.7/site-packages/airflow/example_dags/example_nested_branch_dag.py
[2022-03-14 00:08:42,333] {processor.py:642} INFO - Processing file /home/airflow/.local/lib/python3.7/site-packages/airflow/example_dags/example_nested_branch_dag.py for tasks to queue
[2022-03-14 00:08:42,334] {logging_mixin.py:109} INFO - [2022-03-14 00:08:42,334] {dagbag.py:500} INFO - Filling up the DagBag from /home/airflow/.local/lib/python3.7/site-packages/airflow/example_dags/example_nested_branch_dag.py
[2022-03-14 00:08:42,357] {processor.py:654} INFO - DAG(s) dict_keys(['example_nested_branch_dag']) retrieved from /home/airflow/.local/lib/python3.7/site-packages/airflow/example_dags/example_nested_branch_dag.py
[2022-03-14 00:08:42,366] {logging_mixin.py:109} INFO - [2022-03-14 00:08:42,366] {dag.py:2398} INFO - Sync 1 DAGs
[2022-03-14 00:08:42,379] {logging_mixin.py:109} INFO - [2022-03-14 00:08:42,379] {dag.py:2937} INFO - Setting next_dagrun for example_nested_branch_dag to 2022-03-13 00:00:00+00:00
[2022-03-14 00:08:42,399] {processor.py:171} INFO - Processing /home/airflow/.local/lib/python3.7/site-packages/airflow/example_dags/example_nested_branch_dag.py took 0.069 seconds
[2022-03-14 00:09:13,086] {processor.py:163} INFO - Started process (PID=5125) to work on /home/airflow/.local/lib/python3.7/site-packages/airflow/example_dags/example_nested_branch_dag.py
[2022-03-14 00:09:13,087] {processor.py:642} INFO - Processing file /home/airflow/.local/lib/python3.7/site-packages/airflow/example_dags/example_nested_branch_dag.py for tasks to queue
[2022-03-14 00:09:13,088] {logging_mixin.py:109} INFO - [2022-03-14 00:09:13,088] {dagbag.py:500} INFO - Filling up the DagBag from /home/airflow/.local/lib/python3.7/site-packages/airflow/example_dags/example_nested_branch_dag.py
[2022-03-14 00:09:13,111] {processor.py:654} INFO - DAG(s) dict_keys(['example_nested_branch_dag']) retrieved from /home/airflow/.local/lib/python3.7/site-packages/airflow/example_dags/example_nested_branch_dag.py
[2022-03-14 00:09:13,119] {logging_mixin.py:109} INFO - [2022-03-14 00:09:13,119] {dag.py:2398} INFO - Sync 1 DAGs
[2022-03-14 00:09:13,132] {logging_mixin.py:109} INFO - [2022-03-14 00:09:13,132] {dag.py:2937} INFO - Setting next_dagrun for example_nested_branch_dag to 2022-03-13 00:00:00+00:00
[2022-03-14 00:09:13,140] {processor.py:171} INFO - Processing /home/airflow/.local/lib/python3.7/site-packages/airflow/example_dags/example_nested_branch_dag.py took 0.055 seconds
[2022-03-14 00:09:44,017] {processor.py:163} INFO - Started process (PID=5186) to work on /home/airflow/.local/lib/python3.7/site-packages/airflow/example_dags/example_nested_branch_dag.py
[2022-03-14 00:09:44,018] {processor.py:642} INFO - Processing file /home/airflow/.local/lib/python3.7/site-packages/airflow/example_dags/example_nested_branch_dag.py for tasks to queue
[2022-03-14 00:09:44,018] {logging_mixin.py:109} INFO - [2022-03-14 00:09:44,018] {dagbag.py:500} INFO - Filling up the DagBag from /home/airflow/.local/lib/python3.7/site-packages/airflow/example_dags/example_nested_branch_dag.py
[2022-03-14 00:09:44,042] {processor.py:654} INFO - DAG(s) dict_keys(['example_nested_branch_dag']) retrieved from /home/airflow/.local/lib/python3.7/site-packages/airflow/example_dags/example_nested_branch_dag.py
[2022-03-14 00:09:44,051] {logging_mixin.py:109} INFO - [2022-03-14 00:09:44,051] {dag.py:2398} INFO - Sync 1 DAGs
[2022-03-14 00:09:44,068] {logging_mixin.py:109} INFO - [2022-03-14 00:09:44,068] {dag.py:2937} INFO - Setting next_dagrun for example_nested_branch_dag to 2022-03-13 00:00:00+00:00
[2022-03-14 00:09:44,077] {processor.py:171} INFO - Processing /home/airflow/.local/lib/python3.7/site-packages/airflow/example_dags/example_nested_branch_dag.py took 0.062 seconds
[2022-03-14 00:10:14,654] {processor.py:163} INFO - Started process (PID=5238) to work on /home/airflow/.local/lib/python3.7/site-packages/airflow/example_dags/example_nested_branch_dag.py
[2022-03-14 00:10:14,654] {processor.py:642} INFO - Processing file /home/airflow/.local/lib/python3.7/site-packages/airflow/example_dags/example_nested_branch_dag.py for tasks to queue
[2022-03-14 00:10:14,655] {logging_mixin.py:109} INFO - [2022-03-14 00:10:14,655] {dagbag.py:500} INFO - Filling up the DagBag from /home/airflow/.local/lib/python3.7/site-packages/airflow/example_dags/example_nested_branch_dag.py
[2022-03-14 00:10:14,679] {processor.py:654} INFO - DAG(s) dict_keys(['example_nested_branch_dag']) retrieved from /home/airflow/.local/lib/python3.7/site-packages/airflow/example_dags/example_nested_branch_dag.py
[2022-03-14 00:10:14,687] {logging_mixin.py:109} INFO - [2022-03-14 00:10:14,687] {dag.py:2398} INFO - Sync 1 DAGs
[2022-03-14 00:10:14,702] {logging_mixin.py:109} INFO - [2022-03-14 00:10:14,702] {dag.py:2937} INFO - Setting next_dagrun for example_nested_branch_dag to 2022-03-13 00:00:00+00:00
[2022-03-14 00:10:14,710] {processor.py:171} INFO - Processing /home/airflow/.local/lib/python3.7/site-packages/airflow/example_dags/example_nested_branch_dag.py took 0.059 seconds
[2022-03-14 00:10:45,480] {processor.py:163} INFO - Started process (PID=5299) to work on /home/airflow/.local/lib/python3.7/site-packages/airflow/example_dags/example_nested_branch_dag.py
[2022-03-14 00:10:45,481] {processor.py:642} INFO - Processing file /home/airflow/.local/lib/python3.7/site-packages/airflow/example_dags/example_nested_branch_dag.py for tasks to queue
[2022-03-14 00:10:45,481] {logging_mixin.py:109} INFO - [2022-03-14 00:10:45,481] {dagbag.py:500} INFO - Filling up the DagBag from /home/airflow/.local/lib/python3.7/site-packages/airflow/example_dags/example_nested_branch_dag.py
[2022-03-14 00:10:45,504] {processor.py:654} INFO - DAG(s) dict_keys(['example_nested_branch_dag']) retrieved from /home/airflow/.local/lib/python3.7/site-packages/airflow/example_dags/example_nested_branch_dag.py
[2022-03-14 00:10:45,512] {logging_mixin.py:109} INFO - [2022-03-14 00:10:45,511] {dag.py:2398} INFO - Sync 1 DAGs
[2022-03-14 00:10:45,524] {logging_mixin.py:109} INFO - [2022-03-14 00:10:45,524] {dag.py:2937} INFO - Setting next_dagrun for example_nested_branch_dag to 2022-03-13 00:00:00+00:00
[2022-03-14 00:10:45,538] {processor.py:171} INFO - Processing /home/airflow/.local/lib/python3.7/site-packages/airflow/example_dags/example_nested_branch_dag.py took 0.060 seconds
[2022-03-14 00:11:16,254] {processor.py:163} INFO - Started process (PID=5351) to work on /home/airflow/.local/lib/python3.7/site-packages/airflow/example_dags/example_nested_branch_dag.py
[2022-03-14 00:11:16,255] {processor.py:642} INFO - Processing file /home/airflow/.local/lib/python3.7/site-packages/airflow/example_dags/example_nested_branch_dag.py for tasks to queue
[2022-03-14 00:11:16,255] {logging_mixin.py:109} INFO - [2022-03-14 00:11:16,255] {dagbag.py:500} INFO - Filling up the DagBag from /home/airflow/.local/lib/python3.7/site-packages/airflow/example_dags/example_nested_branch_dag.py
[2022-03-14 00:11:16,278] {processor.py:654} INFO - DAG(s) dict_keys(['example_nested_branch_dag']) retrieved from /home/airflow/.local/lib/python3.7/site-packages/airflow/example_dags/example_nested_branch_dag.py
[2022-03-14 00:11:16,286] {logging_mixin.py:109} INFO - [2022-03-14 00:11:16,286] {dag.py:2398} INFO - Sync 1 DAGs
[2022-03-14 00:11:16,300] {logging_mixin.py:109} INFO - [2022-03-14 00:11:16,300] {dag.py:2937} INFO - Setting next_dagrun for example_nested_branch_dag to 2022-03-13 00:00:00+00:00
[2022-03-14 00:11:16,314] {processor.py:171} INFO - Processing /home/airflow/.local/lib/python3.7/site-packages/airflow/example_dags/example_nested_branch_dag.py took 0.062 seconds
[2022-03-14 00:11:47,072] {processor.py:163} INFO - Started process (PID=5412) to work on /home/airflow/.local/lib/python3.7/site-packages/airflow/example_dags/example_nested_branch_dag.py
[2022-03-14 00:11:47,073] {processor.py:642} INFO - Processing file /home/airflow/.local/lib/python3.7/site-packages/airflow/example_dags/example_nested_branch_dag.py for tasks to queue
[2022-03-14 00:11:47,073] {logging_mixin.py:109} INFO - [2022-03-14 00:11:47,073] {dagbag.py:500} INFO - Filling up the DagBag from /home/airflow/.local/lib/python3.7/site-packages/airflow/example_dags/example_nested_branch_dag.py
[2022-03-14 00:11:47,097] {processor.py:654} INFO - DAG(s) dict_keys(['example_nested_branch_dag']) retrieved from /home/airflow/.local/lib/python3.7/site-packages/airflow/example_dags/example_nested_branch_dag.py
[2022-03-14 00:11:47,105] {logging_mixin.py:109} INFO - [2022-03-14 00:11:47,105] {dag.py:2398} INFO - Sync 1 DAGs
[2022-03-14 00:11:47,120] {logging_mixin.py:109} INFO - [2022-03-14 00:11:47,120] {dag.py:2937} INFO - Setting next_dagrun for example_nested_branch_dag to 2022-03-13 00:00:00+00:00
[2022-03-14 00:11:47,134] {processor.py:171} INFO - Processing /home/airflow/.local/lib/python3.7/site-packages/airflow/example_dags/example_nested_branch_dag.py took 0.064 seconds
[2022-03-14 00:12:18,015] {processor.py:163} INFO - Started process (PID=5464) to work on /home/airflow/.local/lib/python3.7/site-packages/airflow/example_dags/example_nested_branch_dag.py
[2022-03-14 00:12:18,016] {processor.py:642} INFO - Processing file /home/airflow/.local/lib/python3.7/site-packages/airflow/example_dags/example_nested_branch_dag.py for tasks to queue
[2022-03-14 00:12:18,016] {logging_mixin.py:109} INFO - [2022-03-14 00:12:18,016] {dagbag.py:500} INFO - Filling up the DagBag from /home/airflow/.local/lib/python3.7/site-packages/airflow/example_dags/example_nested_branch_dag.py
[2022-03-14 00:12:18,039] {processor.py:654} INFO - DAG(s) dict_keys(['example_nested_branch_dag']) retrieved from /home/airflow/.local/lib/python3.7/site-packages/airflow/example_dags/example_nested_branch_dag.py
[2022-03-14 00:12:18,047] {logging_mixin.py:109} INFO - [2022-03-14 00:12:18,046] {dag.py:2398} INFO - Sync 1 DAGs
[2022-03-14 00:12:18,060] {logging_mixin.py:109} INFO - [2022-03-14 00:12:18,059] {dag.py:2937} INFO - Setting next_dagrun for example_nested_branch_dag to 2022-03-13 00:00:00+00:00
[2022-03-14 00:12:18,073] {processor.py:171} INFO - Processing /home/airflow/.local/lib/python3.7/site-packages/airflow/example_dags/example_nested_branch_dag.py took 0.060 seconds
[2022-03-14 00:12:48,786] {processor.py:163} INFO - Started process (PID=5525) to work on /home/airflow/.local/lib/python3.7/site-packages/airflow/example_dags/example_nested_branch_dag.py
[2022-03-14 00:12:48,787] {processor.py:642} INFO - Processing file /home/airflow/.local/lib/python3.7/site-packages/airflow/example_dags/example_nested_branch_dag.py for tasks to queue
[2022-03-14 00:12:48,787] {logging_mixin.py:109} INFO - [2022-03-14 00:12:48,787] {dagbag.py:500} INFO - Filling up the DagBag from /home/airflow/.local/lib/python3.7/site-packages/airflow/example_dags/example_nested_branch_dag.py
[2022-03-14 00:12:48,809] {processor.py:654} INFO - DAG(s) dict_keys(['example_nested_branch_dag']) retrieved from /home/airflow/.local/lib/python3.7/site-packages/airflow/example_dags/example_nested_branch_dag.py
[2022-03-14 00:12:48,817] {logging_mixin.py:109} INFO - [2022-03-14 00:12:48,817] {dag.py:2398} INFO - Sync 1 DAGs
[2022-03-14 00:12:48,831] {logging_mixin.py:109} INFO - [2022-03-14 00:12:48,830] {dag.py:2937} INFO - Setting next_dagrun for example_nested_branch_dag to 2022-03-13 00:00:00+00:00
[2022-03-14 00:12:48,845] {processor.py:171} INFO - Processing /home/airflow/.local/lib/python3.7/site-packages/airflow/example_dags/example_nested_branch_dag.py took 0.061 seconds
[2022-03-14 00:13:19,685] {processor.py:163} INFO - Started process (PID=5578) to work on /home/airflow/.local/lib/python3.7/site-packages/airflow/example_dags/example_nested_branch_dag.py
[2022-03-14 00:13:19,686] {processor.py:642} INFO - Processing file /home/airflow/.local/lib/python3.7/site-packages/airflow/example_dags/example_nested_branch_dag.py for tasks to queue
[2022-03-14 00:13:19,686] {logging_mixin.py:109} INFO - [2022-03-14 00:13:19,686] {dagbag.py:500} INFO - Filling up the DagBag from /home/airflow/.local/lib/python3.7/site-packages/airflow/example_dags/example_nested_branch_dag.py
[2022-03-14 00:13:19,710] {processor.py:654} INFO - DAG(s) dict_keys(['example_nested_branch_dag']) retrieved from /home/airflow/.local/lib/python3.7/site-packages/airflow/example_dags/example_nested_branch_dag.py
[2022-03-14 00:13:19,721] {logging_mixin.py:109} INFO - [2022-03-14 00:13:19,721] {dag.py:2398} INFO - Sync 1 DAGs
[2022-03-14 00:13:19,738] {logging_mixin.py:109} INFO - [2022-03-14 00:13:19,738] {dag.py:2937} INFO - Setting next_dagrun for example_nested_branch_dag to 2022-03-13 00:00:00+00:00
[2022-03-14 00:13:19,754] {processor.py:171} INFO - Processing /home/airflow/.local/lib/python3.7/site-packages/airflow/example_dags/example_nested_branch_dag.py took 0.071 seconds
[2022-03-14 00:13:50,622] {processor.py:163} INFO - Started process (PID=5640) to work on /home/airflow/.local/lib/python3.7/site-packages/airflow/example_dags/example_nested_branch_dag.py
[2022-03-14 00:13:50,623] {processor.py:642} INFO - Processing file /home/airflow/.local/lib/python3.7/site-packages/airflow/example_dags/example_nested_branch_dag.py for tasks to queue
[2022-03-14 00:13:50,623] {logging_mixin.py:109} INFO - [2022-03-14 00:13:50,623] {dagbag.py:500} INFO - Filling up the DagBag from /home/airflow/.local/lib/python3.7/site-packages/airflow/example_dags/example_nested_branch_dag.py
[2022-03-14 00:13:50,647] {processor.py:654} INFO - DAG(s) dict_keys(['example_nested_branch_dag']) retrieved from /home/airflow/.local/lib/python3.7/site-packages/airflow/example_dags/example_nested_branch_dag.py
[2022-03-14 00:13:50,656] {logging_mixin.py:109} INFO - [2022-03-14 00:13:50,656] {dag.py:2398} INFO - Sync 1 DAGs
[2022-03-14 00:13:50,670] {logging_mixin.py:109} INFO - [2022-03-14 00:13:50,670] {dag.py:2937} INFO - Setting next_dagrun for example_nested_branch_dag to 2022-03-13 00:00:00+00:00
[2022-03-14 00:13:50,684] {processor.py:171} INFO - Processing /home/airflow/.local/lib/python3.7/site-packages/airflow/example_dags/example_nested_branch_dag.py took 0.064 seconds
[2022-03-14 00:14:21,802] {processor.py:163} INFO - Started process (PID=5693) to work on /home/airflow/.local/lib/python3.7/site-packages/airflow/example_dags/example_nested_branch_dag.py
[2022-03-14 00:14:21,803] {processor.py:642} INFO - Processing file /home/airflow/.local/lib/python3.7/site-packages/airflow/example_dags/example_nested_branch_dag.py for tasks to queue
[2022-03-14 00:14:21,803] {logging_mixin.py:109} INFO - [2022-03-14 00:14:21,803] {dagbag.py:500} INFO - Filling up the DagBag from /home/airflow/.local/lib/python3.7/site-packages/airflow/example_dags/example_nested_branch_dag.py
[2022-03-14 00:14:21,828] {processor.py:654} INFO - DAG(s) dict_keys(['example_nested_branch_dag']) retrieved from /home/airflow/.local/lib/python3.7/site-packages/airflow/example_dags/example_nested_branch_dag.py
[2022-03-14 00:14:21,839] {logging_mixin.py:109} INFO - [2022-03-14 00:14:21,839] {dag.py:2398} INFO - Sync 1 DAGs
[2022-03-14 00:14:21,857] {logging_mixin.py:109} INFO - [2022-03-14 00:14:21,857] {dag.py:2937} INFO - Setting next_dagrun for example_nested_branch_dag to 2022-03-13 00:00:00+00:00
[2022-03-14 00:14:21,871] {processor.py:171} INFO - Processing /home/airflow/.local/lib/python3.7/site-packages/airflow/example_dags/example_nested_branch_dag.py took 0.071 seconds
[2022-03-14 00:14:52,952] {processor.py:163} INFO - Started process (PID=5754) to work on /home/airflow/.local/lib/python3.7/site-packages/airflow/example_dags/example_nested_branch_dag.py
[2022-03-14 00:14:52,953] {processor.py:642} INFO - Processing file /home/airflow/.local/lib/python3.7/site-packages/airflow/example_dags/example_nested_branch_dag.py for tasks to queue
[2022-03-14 00:14:52,953] {logging_mixin.py:109} INFO - [2022-03-14 00:14:52,953] {dagbag.py:500} INFO - Filling up the DagBag from /home/airflow/.local/lib/python3.7/site-packages/airflow/example_dags/example_nested_branch_dag.py
[2022-03-14 00:14:52,978] {processor.py:654} INFO - DAG(s) dict_keys(['example_nested_branch_dag']) retrieved from /home/airflow/.local/lib/python3.7/site-packages/airflow/example_dags/example_nested_branch_dag.py
[2022-03-14 00:14:52,991] {logging_mixin.py:109} INFO - [2022-03-14 00:14:52,991] {dag.py:2398} INFO - Sync 1 DAGs
[2022-03-14 00:14:53,011] {logging_mixin.py:109} INFO - [2022-03-14 00:14:53,011] {dag.py:2937} INFO - Setting next_dagrun for example_nested_branch_dag to 2022-03-13 00:00:00+00:00
[2022-03-14 00:14:53,028] {processor.py:171} INFO - Processing /home/airflow/.local/lib/python3.7/site-packages/airflow/example_dags/example_nested_branch_dag.py took 0.078 seconds
[2022-03-14 00:15:24,027] {processor.py:163} INFO - Started process (PID=5806) to work on /home/airflow/.local/lib/python3.7/site-packages/airflow/example_dags/example_nested_branch_dag.py
[2022-03-14 00:15:24,028] {processor.py:642} INFO - Processing file /home/airflow/.local/lib/python3.7/site-packages/airflow/example_dags/example_nested_branch_dag.py for tasks to queue
[2022-03-14 00:15:24,028] {logging_mixin.py:109} INFO - [2022-03-14 00:15:24,028] {dagbag.py:500} INFO - Filling up the DagBag from /home/airflow/.local/lib/python3.7/site-packages/airflow/example_dags/example_nested_branch_dag.py
[2022-03-14 00:15:24,052] {processor.py:654} INFO - DAG(s) dict_keys(['example_nested_branch_dag']) retrieved from /home/airflow/.local/lib/python3.7/site-packages/airflow/example_dags/example_nested_branch_dag.py
[2022-03-14 00:15:24,061] {logging_mixin.py:109} INFO - [2022-03-14 00:15:24,060] {dag.py:2398} INFO - Sync 1 DAGs
[2022-03-14 00:15:24,075] {logging_mixin.py:109} INFO - [2022-03-14 00:15:24,075] {dag.py:2937} INFO - Setting next_dagrun for example_nested_branch_dag to 2022-03-13 00:00:00+00:00
[2022-03-14 00:15:24,088] {processor.py:171} INFO - Processing /home/airflow/.local/lib/python3.7/site-packages/airflow/example_dags/example_nested_branch_dag.py took 0.064 seconds
[2022-03-14 00:15:55,224] {processor.py:163} INFO - Started process (PID=5867) to work on /home/airflow/.local/lib/python3.7/site-packages/airflow/example_dags/example_nested_branch_dag.py
[2022-03-14 00:15:55,225] {processor.py:642} INFO - Processing file /home/airflow/.local/lib/python3.7/site-packages/airflow/example_dags/example_nested_branch_dag.py for tasks to queue
[2022-03-14 00:15:55,225] {logging_mixin.py:109} INFO - [2022-03-14 00:15:55,225] {dagbag.py:500} INFO - Filling up the DagBag from /home/airflow/.local/lib/python3.7/site-packages/airflow/example_dags/example_nested_branch_dag.py
[2022-03-14 00:15:55,250] {processor.py:654} INFO - DAG(s) dict_keys(['example_nested_branch_dag']) retrieved from /home/airflow/.local/lib/python3.7/site-packages/airflow/example_dags/example_nested_branch_dag.py
[2022-03-14 00:15:55,259] {logging_mixin.py:109} INFO - [2022-03-14 00:15:55,259] {dag.py:2398} INFO - Sync 1 DAGs
[2022-03-14 00:15:55,272] {logging_mixin.py:109} INFO - [2022-03-14 00:15:55,272] {dag.py:2937} INFO - Setting next_dagrun for example_nested_branch_dag to 2022-03-13 00:00:00+00:00
[2022-03-14 00:15:55,286] {processor.py:171} INFO - Processing /home/airflow/.local/lib/python3.7/site-packages/airflow/example_dags/example_nested_branch_dag.py took 0.065 seconds
[2022-03-14 00:16:25,791] {processor.py:163} INFO - Started process (PID=5919) to work on /home/airflow/.local/lib/python3.7/site-packages/airflow/example_dags/example_nested_branch_dag.py
[2022-03-14 00:16:25,792] {processor.py:642} INFO - Processing file /home/airflow/.local/lib/python3.7/site-packages/airflow/example_dags/example_nested_branch_dag.py for tasks to queue
[2022-03-14 00:16:25,792] {logging_mixin.py:109} INFO - [2022-03-14 00:16:25,792] {dagbag.py:500} INFO - Filling up the DagBag from /home/airflow/.local/lib/python3.7/site-packages/airflow/example_dags/example_nested_branch_dag.py
[2022-03-14 00:16:25,816] {processor.py:654} INFO - DAG(s) dict_keys(['example_nested_branch_dag']) retrieved from /home/airflow/.local/lib/python3.7/site-packages/airflow/example_dags/example_nested_branch_dag.py
[2022-03-14 00:16:25,825] {logging_mixin.py:109} INFO - [2022-03-14 00:16:25,825] {dag.py:2398} INFO - Sync 1 DAGs
[2022-03-14 00:16:25,838] {logging_mixin.py:109} INFO - [2022-03-14 00:16:25,838] {dag.py:2937} INFO - Setting next_dagrun for example_nested_branch_dag to 2022-03-13 00:00:00+00:00
[2022-03-14 00:16:25,852] {processor.py:171} INFO - Processing /home/airflow/.local/lib/python3.7/site-packages/airflow/example_dags/example_nested_branch_dag.py took 0.063 seconds
[2022-03-14 00:16:56,401] {processor.py:163} INFO - Started process (PID=5972) to work on /home/airflow/.local/lib/python3.7/site-packages/airflow/example_dags/example_nested_branch_dag.py
[2022-03-14 00:16:56,402] {processor.py:642} INFO - Processing file /home/airflow/.local/lib/python3.7/site-packages/airflow/example_dags/example_nested_branch_dag.py for tasks to queue
[2022-03-14 00:16:56,402] {logging_mixin.py:109} INFO - [2022-03-14 00:16:56,402] {dagbag.py:500} INFO - Filling up the DagBag from /home/airflow/.local/lib/python3.7/site-packages/airflow/example_dags/example_nested_branch_dag.py
[2022-03-14 00:16:56,426] {processor.py:654} INFO - DAG(s) dict_keys(['example_nested_branch_dag']) retrieved from /home/airflow/.local/lib/python3.7/site-packages/airflow/example_dags/example_nested_branch_dag.py
[2022-03-14 00:16:56,433] {logging_mixin.py:109} INFO - [2022-03-14 00:16:56,433] {dag.py:2398} INFO - Sync 1 DAGs
[2022-03-14 00:16:56,447] {logging_mixin.py:109} INFO - [2022-03-14 00:16:56,447] {dag.py:2937} INFO - Setting next_dagrun for example_nested_branch_dag to 2022-03-13 00:00:00+00:00
[2022-03-14 00:16:56,455] {processor.py:171} INFO - Processing /home/airflow/.local/lib/python3.7/site-packages/airflow/example_dags/example_nested_branch_dag.py took 0.056 seconds
[2022-03-14 00:17:27,282] {processor.py:163} INFO - Started process (PID=6033) to work on /home/airflow/.local/lib/python3.7/site-packages/airflow/example_dags/example_nested_branch_dag.py
[2022-03-14 00:17:27,283] {processor.py:642} INFO - Processing file /home/airflow/.local/lib/python3.7/site-packages/airflow/example_dags/example_nested_branch_dag.py for tasks to queue
[2022-03-14 00:17:27,283] {logging_mixin.py:109} INFO - [2022-03-14 00:17:27,283] {dagbag.py:500} INFO - Filling up the DagBag from /home/airflow/.local/lib/python3.7/site-packages/airflow/example_dags/example_nested_branch_dag.py
[2022-03-14 00:17:27,306] {processor.py:654} INFO - DAG(s) dict_keys(['example_nested_branch_dag']) retrieved from /home/airflow/.local/lib/python3.7/site-packages/airflow/example_dags/example_nested_branch_dag.py
[2022-03-14 00:17:27,314] {logging_mixin.py:109} INFO - [2022-03-14 00:17:27,314] {dag.py:2398} INFO - Sync 1 DAGs
[2022-03-14 00:17:27,328] {logging_mixin.py:109} INFO - [2022-03-14 00:17:27,328] {dag.py:2937} INFO - Setting next_dagrun for example_nested_branch_dag to 2022-03-13 00:00:00+00:00
[2022-03-14 00:17:27,342] {processor.py:171} INFO - Processing /home/airflow/.local/lib/python3.7/site-packages/airflow/example_dags/example_nested_branch_dag.py took 0.063 seconds
[2022-03-14 00:17:58,078] {processor.py:163} INFO - Started process (PID=6085) to work on /home/airflow/.local/lib/python3.7/site-packages/airflow/example_dags/example_nested_branch_dag.py
[2022-03-14 00:17:58,079] {processor.py:642} INFO - Processing file /home/airflow/.local/lib/python3.7/site-packages/airflow/example_dags/example_nested_branch_dag.py for tasks to queue
[2022-03-14 00:17:58,080] {logging_mixin.py:109} INFO - [2022-03-14 00:17:58,080] {dagbag.py:500} INFO - Filling up the DagBag from /home/airflow/.local/lib/python3.7/site-packages/airflow/example_dags/example_nested_branch_dag.py
[2022-03-14 00:17:58,103] {processor.py:654} INFO - DAG(s) dict_keys(['example_nested_branch_dag']) retrieved from /home/airflow/.local/lib/python3.7/site-packages/airflow/example_dags/example_nested_branch_dag.py
[2022-03-14 00:17:58,111] {logging_mixin.py:109} INFO - [2022-03-14 00:17:58,111] {dag.py:2398} INFO - Sync 1 DAGs
[2022-03-14 00:17:58,128] {logging_mixin.py:109} INFO - [2022-03-14 00:17:58,127] {dag.py:2937} INFO - Setting next_dagrun for example_nested_branch_dag to 2022-03-13 00:00:00+00:00
[2022-03-14 00:17:58,136] {processor.py:171} INFO - Processing /home/airflow/.local/lib/python3.7/site-packages/airflow/example_dags/example_nested_branch_dag.py took 0.060 seconds
[2022-03-14 00:18:28,932] {processor.py:163} INFO - Started process (PID=6146) to work on /home/airflow/.local/lib/python3.7/site-packages/airflow/example_dags/example_nested_branch_dag.py
[2022-03-14 00:18:28,933] {processor.py:642} INFO - Processing file /home/airflow/.local/lib/python3.7/site-packages/airflow/example_dags/example_nested_branch_dag.py for tasks to queue
[2022-03-14 00:18:28,933] {logging_mixin.py:109} INFO - [2022-03-14 00:18:28,933] {dagbag.py:500} INFO - Filling up the DagBag from /home/airflow/.local/lib/python3.7/site-packages/airflow/example_dags/example_nested_branch_dag.py
[2022-03-14 00:18:28,957] {processor.py:654} INFO - DAG(s) dict_keys(['example_nested_branch_dag']) retrieved from /home/airflow/.local/lib/python3.7/site-packages/airflow/example_dags/example_nested_branch_dag.py
[2022-03-14 00:18:28,966] {logging_mixin.py:109} INFO - [2022-03-14 00:18:28,966] {dag.py:2398} INFO - Sync 1 DAGs
[2022-03-14 00:18:28,981] {logging_mixin.py:109} INFO - [2022-03-14 00:18:28,981] {dag.py:2937} INFO - Setting next_dagrun for example_nested_branch_dag to 2022-03-13 00:00:00+00:00
[2022-03-14 00:18:28,995] {processor.py:171} INFO - Processing /home/airflow/.local/lib/python3.7/site-packages/airflow/example_dags/example_nested_branch_dag.py took 0.065 seconds
[2022-03-14 00:18:59,828] {processor.py:163} INFO - Started process (PID=6199) to work on /home/airflow/.local/lib/python3.7/site-packages/airflow/example_dags/example_nested_branch_dag.py
[2022-03-14 00:18:59,829] {processor.py:642} INFO - Processing file /home/airflow/.local/lib/python3.7/site-packages/airflow/example_dags/example_nested_branch_dag.py for tasks to queue
[2022-03-14 00:18:59,830] {logging_mixin.py:109} INFO - [2022-03-14 00:18:59,830] {dagbag.py:500} INFO - Filling up the DagBag from /home/airflow/.local/lib/python3.7/site-packages/airflow/example_dags/example_nested_branch_dag.py
[2022-03-14 00:18:59,852] {processor.py:654} INFO - DAG(s) dict_keys(['example_nested_branch_dag']) retrieved from /home/airflow/.local/lib/python3.7/site-packages/airflow/example_dags/example_nested_branch_dag.py
[2022-03-14 00:18:59,860] {logging_mixin.py:109} INFO - [2022-03-14 00:18:59,860] {dag.py:2398} INFO - Sync 1 DAGs
[2022-03-14 00:18:59,874] {logging_mixin.py:109} INFO - [2022-03-14 00:18:59,874] {dag.py:2937} INFO - Setting next_dagrun for example_nested_branch_dag to 2022-03-13 00:00:00+00:00
[2022-03-14 00:18:59,888] {processor.py:171} INFO - Processing /home/airflow/.local/lib/python3.7/site-packages/airflow/example_dags/example_nested_branch_dag.py took 0.062 seconds
[2022-03-14 00:19:30,732] {processor.py:163} INFO - Started process (PID=6260) to work on /home/airflow/.local/lib/python3.7/site-packages/airflow/example_dags/example_nested_branch_dag.py
[2022-03-14 00:19:30,733] {processor.py:642} INFO - Processing file /home/airflow/.local/lib/python3.7/site-packages/airflow/example_dags/example_nested_branch_dag.py for tasks to queue
[2022-03-14 00:19:30,733] {logging_mixin.py:109} INFO - [2022-03-14 00:19:30,733] {dagbag.py:500} INFO - Filling up the DagBag from /home/airflow/.local/lib/python3.7/site-packages/airflow/example_dags/example_nested_branch_dag.py
[2022-03-14 00:19:30,757] {processor.py:654} INFO - DAG(s) dict_keys(['example_nested_branch_dag']) retrieved from /home/airflow/.local/lib/python3.7/site-packages/airflow/example_dags/example_nested_branch_dag.py
[2022-03-14 00:19:30,765] {logging_mixin.py:109} INFO - [2022-03-14 00:19:30,765] {dag.py:2398} INFO - Sync 1 DAGs
[2022-03-14 00:19:30,778] {logging_mixin.py:109} INFO - [2022-03-14 00:19:30,778] {dag.py:2937} INFO - Setting next_dagrun for example_nested_branch_dag to 2022-03-13 00:00:00+00:00
[2022-03-14 00:19:30,786] {processor.py:171} INFO - Processing /home/airflow/.local/lib/python3.7/site-packages/airflow/example_dags/example_nested_branch_dag.py took 0.056 seconds
[2022-03-14 00:20:01,695] {processor.py:163} INFO - Started process (PID=6313) to work on /home/airflow/.local/lib/python3.7/site-packages/airflow/example_dags/example_nested_branch_dag.py
[2022-03-14 00:20:01,695] {processor.py:642} INFO - Processing file /home/airflow/.local/lib/python3.7/site-packages/airflow/example_dags/example_nested_branch_dag.py for tasks to queue
[2022-03-14 00:20:01,696] {logging_mixin.py:109} INFO - [2022-03-14 00:20:01,696] {dagbag.py:500} INFO - Filling up the DagBag from /home/airflow/.local/lib/python3.7/site-packages/airflow/example_dags/example_nested_branch_dag.py
[2022-03-14 00:20:01,721] {processor.py:654} INFO - DAG(s) dict_keys(['example_nested_branch_dag']) retrieved from /home/airflow/.local/lib/python3.7/site-packages/airflow/example_dags/example_nested_branch_dag.py
[2022-03-14 00:20:01,729] {logging_mixin.py:109} INFO - [2022-03-14 00:20:01,729] {dag.py:2398} INFO - Sync 1 DAGs
[2022-03-14 00:20:01,745] {logging_mixin.py:109} INFO - [2022-03-14 00:20:01,745] {dag.py:2937} INFO - Setting next_dagrun for example_nested_branch_dag to 2022-03-13 00:00:00+00:00
[2022-03-14 00:20:01,763] {processor.py:171} INFO - Processing /home/airflow/.local/lib/python3.7/site-packages/airflow/example_dags/example_nested_branch_dag.py took 0.071 seconds
[2022-03-14 00:20:32,357] {processor.py:163} INFO - Started process (PID=6374) to work on /home/airflow/.local/lib/python3.7/site-packages/airflow/example_dags/example_nested_branch_dag.py
[2022-03-14 00:20:32,357] {processor.py:642} INFO - Processing file /home/airflow/.local/lib/python3.7/site-packages/airflow/example_dags/example_nested_branch_dag.py for tasks to queue
[2022-03-14 00:20:32,358] {logging_mixin.py:109} INFO - [2022-03-14 00:20:32,358] {dagbag.py:500} INFO - Filling up the DagBag from /home/airflow/.local/lib/python3.7/site-packages/airflow/example_dags/example_nested_branch_dag.py
[2022-03-14 00:20:32,381] {processor.py:654} INFO - DAG(s) dict_keys(['example_nested_branch_dag']) retrieved from /home/airflow/.local/lib/python3.7/site-packages/airflow/example_dags/example_nested_branch_dag.py
[2022-03-14 00:20:32,389] {logging_mixin.py:109} INFO - [2022-03-14 00:20:32,389] {dag.py:2398} INFO - Sync 1 DAGs
[2022-03-14 00:20:32,402] {logging_mixin.py:109} INFO - [2022-03-14 00:20:32,402] {dag.py:2937} INFO - Setting next_dagrun for example_nested_branch_dag to 2022-03-13 00:00:00+00:00
[2022-03-14 00:20:32,416] {processor.py:171} INFO - Processing /home/airflow/.local/lib/python3.7/site-packages/airflow/example_dags/example_nested_branch_dag.py took 0.061 seconds
[2022-03-14 00:21:03,187] {processor.py:163} INFO - Started process (PID=6426) to work on /home/airflow/.local/lib/python3.7/site-packages/airflow/example_dags/example_nested_branch_dag.py
[2022-03-14 00:21:03,188] {processor.py:642} INFO - Processing file /home/airflow/.local/lib/python3.7/site-packages/airflow/example_dags/example_nested_branch_dag.py for tasks to queue
[2022-03-14 00:21:03,188] {logging_mixin.py:109} INFO - [2022-03-14 00:21:03,188] {dagbag.py:500} INFO - Filling up the DagBag from /home/airflow/.local/lib/python3.7/site-packages/airflow/example_dags/example_nested_branch_dag.py
[2022-03-14 00:21:03,211] {processor.py:654} INFO - DAG(s) dict_keys(['example_nested_branch_dag']) retrieved from /home/airflow/.local/lib/python3.7/site-packages/airflow/example_dags/example_nested_branch_dag.py
[2022-03-14 00:21:03,219] {logging_mixin.py:109} INFO - [2022-03-14 00:21:03,219] {dag.py:2398} INFO - Sync 1 DAGs
[2022-03-14 00:21:03,232] {logging_mixin.py:109} INFO - [2022-03-14 00:21:03,232] {dag.py:2937} INFO - Setting next_dagrun for example_nested_branch_dag to 2022-03-13 00:00:00+00:00
[2022-03-14 00:21:03,246] {processor.py:171} INFO - Processing /home/airflow/.local/lib/python3.7/site-packages/airflow/example_dags/example_nested_branch_dag.py took 0.062 seconds
[2022-03-14 00:21:34,051] {processor.py:163} INFO - Started process (PID=6488) to work on /home/airflow/.local/lib/python3.7/site-packages/airflow/example_dags/example_nested_branch_dag.py
[2022-03-14 00:21:34,052] {processor.py:642} INFO - Processing file /home/airflow/.local/lib/python3.7/site-packages/airflow/example_dags/example_nested_branch_dag.py for tasks to queue
[2022-03-14 00:21:34,052] {logging_mixin.py:109} INFO - [2022-03-14 00:21:34,052] {dagbag.py:500} INFO - Filling up the DagBag from /home/airflow/.local/lib/python3.7/site-packages/airflow/example_dags/example_nested_branch_dag.py
[2022-03-14 00:21:34,076] {processor.py:654} INFO - DAG(s) dict_keys(['example_nested_branch_dag']) retrieved from /home/airflow/.local/lib/python3.7/site-packages/airflow/example_dags/example_nested_branch_dag.py
[2022-03-14 00:21:34,088] {logging_mixin.py:109} INFO - [2022-03-14 00:21:34,088] {dag.py:2398} INFO - Sync 1 DAGs
[2022-03-14 00:21:34,107] {logging_mixin.py:109} INFO - [2022-03-14 00:21:34,107] {dag.py:2937} INFO - Setting next_dagrun for example_nested_branch_dag to 2022-03-13 00:00:00+00:00
[2022-03-14 00:21:34,135] {processor.py:171} INFO - Processing /home/airflow/.local/lib/python3.7/site-packages/airflow/example_dags/example_nested_branch_dag.py took 0.086 seconds
[2022-03-14 00:22:05,116] {processor.py:163} INFO - Started process (PID=6541) to work on /home/airflow/.local/lib/python3.7/site-packages/airflow/example_dags/example_nested_branch_dag.py
[2022-03-14 00:22:05,117] {processor.py:642} INFO - Processing file /home/airflow/.local/lib/python3.7/site-packages/airflow/example_dags/example_nested_branch_dag.py for tasks to queue
[2022-03-14 00:22:05,117] {logging_mixin.py:109} INFO - [2022-03-14 00:22:05,117] {dagbag.py:500} INFO - Filling up the DagBag from /home/airflow/.local/lib/python3.7/site-packages/airflow/example_dags/example_nested_branch_dag.py
[2022-03-14 00:22:05,139] {processor.py:654} INFO - DAG(s) dict_keys(['example_nested_branch_dag']) retrieved from /home/airflow/.local/lib/python3.7/site-packages/airflow/example_dags/example_nested_branch_dag.py
[2022-03-14 00:22:05,148] {logging_mixin.py:109} INFO - [2022-03-14 00:22:05,147] {dag.py:2398} INFO - Sync 1 DAGs
[2022-03-14 00:22:05,161] {logging_mixin.py:109} INFO - [2022-03-14 00:22:05,161] {dag.py:2937} INFO - Setting next_dagrun for example_nested_branch_dag to 2022-03-13 00:00:00+00:00
[2022-03-14 00:22:05,169] {processor.py:171} INFO - Processing /home/airflow/.local/lib/python3.7/site-packages/airflow/example_dags/example_nested_branch_dag.py took 0.055 seconds
[2022-03-14 00:22:36,132] {processor.py:163} INFO - Started process (PID=6604) to work on /home/airflow/.local/lib/python3.7/site-packages/airflow/example_dags/example_nested_branch_dag.py
[2022-03-14 00:22:36,134] {processor.py:642} INFO - Processing file /home/airflow/.local/lib/python3.7/site-packages/airflow/example_dags/example_nested_branch_dag.py for tasks to queue
[2022-03-14 00:22:36,134] {logging_mixin.py:109} INFO - [2022-03-14 00:22:36,134] {dagbag.py:500} INFO - Filling up the DagBag from /home/airflow/.local/lib/python3.7/site-packages/airflow/example_dags/example_nested_branch_dag.py
[2022-03-14 00:22:36,172] {processor.py:654} INFO - DAG(s) dict_keys(['example_nested_branch_dag']) retrieved from /home/airflow/.local/lib/python3.7/site-packages/airflow/example_dags/example_nested_branch_dag.py
[2022-03-14 00:22:36,184] {logging_mixin.py:109} INFO - [2022-03-14 00:22:36,183] {dag.py:2398} INFO - Sync 1 DAGs
[2022-03-14 00:22:36,204] {logging_mixin.py:109} INFO - [2022-03-14 00:22:36,204] {dag.py:2937} INFO - Setting next_dagrun for example_nested_branch_dag to 2022-03-13 00:00:00+00:00
[2022-03-14 00:22:36,214] {processor.py:171} INFO - Processing /home/airflow/.local/lib/python3.7/site-packages/airflow/example_dags/example_nested_branch_dag.py took 0.086 seconds
