[2022-03-14 00:00:24,403] {processor.py:163} INFO - Started process (PID=4146) to work on /home/airflow/.local/lib/python3.7/site-packages/airflow/example_dags/example_trigger_target_dag.py
[2022-03-14 00:00:24,404] {processor.py:642} INFO - Processing file /home/airflow/.local/lib/python3.7/site-packages/airflow/example_dags/example_trigger_target_dag.py for tasks to queue
[2022-03-14 00:00:24,404] {logging_mixin.py:109} INFO - [2022-03-14 00:00:24,404] {dagbag.py:500} INFO - Filling up the DagBag from /home/airflow/.local/lib/python3.7/site-packages/airflow/example_dags/example_trigger_target_dag.py
[2022-03-14 00:00:24,429] {processor.py:654} INFO - DAG(s) dict_keys(['example_trigger_target_dag']) retrieved from /home/airflow/.local/lib/python3.7/site-packages/airflow/example_dags/example_trigger_target_dag.py
[2022-03-14 00:00:24,436] {logging_mixin.py:109} INFO - [2022-03-14 00:00:24,436] {dag.py:2398} INFO - Sync 1 DAGs
[2022-03-14 00:00:24,448] {logging_mixin.py:109} INFO - [2022-03-14 00:00:24,448] {dag.py:2937} INFO - Setting next_dagrun for example_trigger_target_dag to None
[2022-03-14 00:00:24,462] {processor.py:171} INFO - Processing /home/airflow/.local/lib/python3.7/site-packages/airflow/example_dags/example_trigger_target_dag.py took 0.061 seconds
[2022-03-14 00:00:55,518] {processor.py:163} INFO - Started process (PID=4207) to work on /home/airflow/.local/lib/python3.7/site-packages/airflow/example_dags/example_trigger_target_dag.py
[2022-03-14 00:00:55,519] {processor.py:642} INFO - Processing file /home/airflow/.local/lib/python3.7/site-packages/airflow/example_dags/example_trigger_target_dag.py for tasks to queue
[2022-03-14 00:00:55,519] {logging_mixin.py:109} INFO - [2022-03-14 00:00:55,519] {dagbag.py:500} INFO - Filling up the DagBag from /home/airflow/.local/lib/python3.7/site-packages/airflow/example_dags/example_trigger_target_dag.py
[2022-03-14 00:00:55,544] {processor.py:654} INFO - DAG(s) dict_keys(['example_trigger_target_dag']) retrieved from /home/airflow/.local/lib/python3.7/site-packages/airflow/example_dags/example_trigger_target_dag.py
[2022-03-14 00:00:55,551] {logging_mixin.py:109} INFO - [2022-03-14 00:00:55,551] {dag.py:2398} INFO - Sync 1 DAGs
[2022-03-14 00:00:55,564] {logging_mixin.py:109} INFO - [2022-03-14 00:00:55,564] {dag.py:2937} INFO - Setting next_dagrun for example_trigger_target_dag to None
[2022-03-14 00:00:55,580] {processor.py:171} INFO - Processing /home/airflow/.local/lib/python3.7/site-packages/airflow/example_dags/example_trigger_target_dag.py took 0.064 seconds
[2022-03-14 00:01:26,381] {processor.py:163} INFO - Started process (PID=4259) to work on /home/airflow/.local/lib/python3.7/site-packages/airflow/example_dags/example_trigger_target_dag.py
[2022-03-14 00:01:26,382] {processor.py:642} INFO - Processing file /home/airflow/.local/lib/python3.7/site-packages/airflow/example_dags/example_trigger_target_dag.py for tasks to queue
[2022-03-14 00:01:26,382] {logging_mixin.py:109} INFO - [2022-03-14 00:01:26,382] {dagbag.py:500} INFO - Filling up the DagBag from /home/airflow/.local/lib/python3.7/site-packages/airflow/example_dags/example_trigger_target_dag.py
[2022-03-14 00:01:26,407] {processor.py:654} INFO - DAG(s) dict_keys(['example_trigger_target_dag']) retrieved from /home/airflow/.local/lib/python3.7/site-packages/airflow/example_dags/example_trigger_target_dag.py
[2022-03-14 00:01:26,416] {logging_mixin.py:109} INFO - [2022-03-14 00:01:26,416] {dag.py:2398} INFO - Sync 1 DAGs
[2022-03-14 00:01:26,431] {logging_mixin.py:109} INFO - [2022-03-14 00:01:26,431] {dag.py:2937} INFO - Setting next_dagrun for example_trigger_target_dag to None
[2022-03-14 00:01:26,440] {processor.py:171} INFO - Processing /home/airflow/.local/lib/python3.7/site-packages/airflow/example_dags/example_trigger_target_dag.py took 0.061 seconds
[2022-03-14 00:01:57,288] {processor.py:163} INFO - Started process (PID=4320) to work on /home/airflow/.local/lib/python3.7/site-packages/airflow/example_dags/example_trigger_target_dag.py
[2022-03-14 00:01:57,289] {processor.py:642} INFO - Processing file /home/airflow/.local/lib/python3.7/site-packages/airflow/example_dags/example_trigger_target_dag.py for tasks to queue
[2022-03-14 00:01:57,289] {logging_mixin.py:109} INFO - [2022-03-14 00:01:57,289] {dagbag.py:500} INFO - Filling up the DagBag from /home/airflow/.local/lib/python3.7/site-packages/airflow/example_dags/example_trigger_target_dag.py
[2022-03-14 00:01:57,318] {processor.py:654} INFO - DAG(s) dict_keys(['example_trigger_target_dag']) retrieved from /home/airflow/.local/lib/python3.7/site-packages/airflow/example_dags/example_trigger_target_dag.py
[2022-03-14 00:01:57,329] {logging_mixin.py:109} INFO - [2022-03-14 00:01:57,329] {dag.py:2398} INFO - Sync 1 DAGs
[2022-03-14 00:01:57,349] {logging_mixin.py:109} INFO - [2022-03-14 00:01:57,349] {dag.py:2937} INFO - Setting next_dagrun for example_trigger_target_dag to None
[2022-03-14 00:01:57,365] {processor.py:171} INFO - Processing /home/airflow/.local/lib/python3.7/site-packages/airflow/example_dags/example_trigger_target_dag.py took 0.079 seconds
[2022-03-14 00:02:27,935] {processor.py:163} INFO - Started process (PID=4373) to work on /home/airflow/.local/lib/python3.7/site-packages/airflow/example_dags/example_trigger_target_dag.py
[2022-03-14 00:02:27,936] {processor.py:642} INFO - Processing file /home/airflow/.local/lib/python3.7/site-packages/airflow/example_dags/example_trigger_target_dag.py for tasks to queue
[2022-03-14 00:02:27,936] {logging_mixin.py:109} INFO - [2022-03-14 00:02:27,936] {dagbag.py:500} INFO - Filling up the DagBag from /home/airflow/.local/lib/python3.7/site-packages/airflow/example_dags/example_trigger_target_dag.py
[2022-03-14 00:02:27,962] {processor.py:654} INFO - DAG(s) dict_keys(['example_trigger_target_dag']) retrieved from /home/airflow/.local/lib/python3.7/site-packages/airflow/example_dags/example_trigger_target_dag.py
[2022-03-14 00:02:27,970] {logging_mixin.py:109} INFO - [2022-03-14 00:02:27,970] {dag.py:2398} INFO - Sync 1 DAGs
[2022-03-14 00:02:27,982] {logging_mixin.py:109} INFO - [2022-03-14 00:02:27,982] {dag.py:2937} INFO - Setting next_dagrun for example_trigger_target_dag to None
[2022-03-14 00:02:27,997] {processor.py:171} INFO - Processing /home/airflow/.local/lib/python3.7/site-packages/airflow/example_dags/example_trigger_target_dag.py took 0.064 seconds
[2022-03-14 00:02:58,449] {processor.py:163} INFO - Started process (PID=4435) to work on /home/airflow/.local/lib/python3.7/site-packages/airflow/example_dags/example_trigger_target_dag.py
[2022-03-14 00:02:58,450] {processor.py:642} INFO - Processing file /home/airflow/.local/lib/python3.7/site-packages/airflow/example_dags/example_trigger_target_dag.py for tasks to queue
[2022-03-14 00:02:58,451] {logging_mixin.py:109} INFO - [2022-03-14 00:02:58,451] {dagbag.py:500} INFO - Filling up the DagBag from /home/airflow/.local/lib/python3.7/site-packages/airflow/example_dags/example_trigger_target_dag.py
[2022-03-14 00:02:58,477] {processor.py:654} INFO - DAG(s) dict_keys(['example_trigger_target_dag']) retrieved from /home/airflow/.local/lib/python3.7/site-packages/airflow/example_dags/example_trigger_target_dag.py
[2022-03-14 00:02:58,487] {logging_mixin.py:109} INFO - [2022-03-14 00:02:58,487] {dag.py:2398} INFO - Sync 1 DAGs
[2022-03-14 00:02:58,504] {logging_mixin.py:109} INFO - [2022-03-14 00:02:58,504] {dag.py:2937} INFO - Setting next_dagrun for example_trigger_target_dag to None
[2022-03-14 00:02:58,520] {processor.py:171} INFO - Processing /home/airflow/.local/lib/python3.7/site-packages/airflow/example_dags/example_trigger_target_dag.py took 0.073 seconds
[2022-03-14 00:03:29,466] {processor.py:163} INFO - Started process (PID=4487) to work on /home/airflow/.local/lib/python3.7/site-packages/airflow/example_dags/example_trigger_target_dag.py
[2022-03-14 00:03:29,466] {processor.py:642} INFO - Processing file /home/airflow/.local/lib/python3.7/site-packages/airflow/example_dags/example_trigger_target_dag.py for tasks to queue
[2022-03-14 00:03:29,467] {logging_mixin.py:109} INFO - [2022-03-14 00:03:29,467] {dagbag.py:500} INFO - Filling up the DagBag from /home/airflow/.local/lib/python3.7/site-packages/airflow/example_dags/example_trigger_target_dag.py
[2022-03-14 00:03:29,492] {processor.py:654} INFO - DAG(s) dict_keys(['example_trigger_target_dag']) retrieved from /home/airflow/.local/lib/python3.7/site-packages/airflow/example_dags/example_trigger_target_dag.py
[2022-03-14 00:03:29,499] {logging_mixin.py:109} INFO - [2022-03-14 00:03:29,499] {dag.py:2398} INFO - Sync 1 DAGs
[2022-03-14 00:03:29,512] {logging_mixin.py:109} INFO - [2022-03-14 00:03:29,511] {dag.py:2937} INFO - Setting next_dagrun for example_trigger_target_dag to None
[2022-03-14 00:03:29,521] {processor.py:171} INFO - Processing /home/airflow/.local/lib/python3.7/site-packages/airflow/example_dags/example_trigger_target_dag.py took 0.057 seconds
[2022-03-14 00:04:00,477] {processor.py:163} INFO - Started process (PID=4539) to work on /home/airflow/.local/lib/python3.7/site-packages/airflow/example_dags/example_trigger_target_dag.py
[2022-03-14 00:04:00,478] {processor.py:642} INFO - Processing file /home/airflow/.local/lib/python3.7/site-packages/airflow/example_dags/example_trigger_target_dag.py for tasks to queue
[2022-03-14 00:04:00,479] {logging_mixin.py:109} INFO - [2022-03-14 00:04:00,479] {dagbag.py:500} INFO - Filling up the DagBag from /home/airflow/.local/lib/python3.7/site-packages/airflow/example_dags/example_trigger_target_dag.py
[2022-03-14 00:04:00,503] {processor.py:654} INFO - DAG(s) dict_keys(['example_trigger_target_dag']) retrieved from /home/airflow/.local/lib/python3.7/site-packages/airflow/example_dags/example_trigger_target_dag.py
[2022-03-14 00:04:00,511] {logging_mixin.py:109} INFO - [2022-03-14 00:04:00,511] {dag.py:2398} INFO - Sync 1 DAGs
[2022-03-14 00:04:00,522] {logging_mixin.py:109} INFO - [2022-03-14 00:04:00,522] {dag.py:2937} INFO - Setting next_dagrun for example_trigger_target_dag to None
[2022-03-14 00:04:00,536] {processor.py:171} INFO - Processing /home/airflow/.local/lib/python3.7/site-packages/airflow/example_dags/example_trigger_target_dag.py took 0.061 seconds
[2022-03-14 00:04:30,602] {processor.py:163} INFO - Started process (PID=4600) to work on /home/airflow/.local/lib/python3.7/site-packages/airflow/example_dags/example_trigger_target_dag.py
[2022-03-14 00:04:30,602] {processor.py:642} INFO - Processing file /home/airflow/.local/lib/python3.7/site-packages/airflow/example_dags/example_trigger_target_dag.py for tasks to queue
[2022-03-14 00:04:30,603] {logging_mixin.py:109} INFO - [2022-03-14 00:04:30,603] {dagbag.py:500} INFO - Filling up the DagBag from /home/airflow/.local/lib/python3.7/site-packages/airflow/example_dags/example_trigger_target_dag.py
[2022-03-14 00:04:30,627] {processor.py:654} INFO - DAG(s) dict_keys(['example_trigger_target_dag']) retrieved from /home/airflow/.local/lib/python3.7/site-packages/airflow/example_dags/example_trigger_target_dag.py
[2022-03-14 00:04:30,634] {logging_mixin.py:109} INFO - [2022-03-14 00:04:30,634] {dag.py:2398} INFO - Sync 1 DAGs
[2022-03-14 00:04:30,646] {logging_mixin.py:109} INFO - [2022-03-14 00:04:30,646] {dag.py:2937} INFO - Setting next_dagrun for example_trigger_target_dag to None
[2022-03-14 00:04:30,660] {processor.py:171} INFO - Processing /home/airflow/.local/lib/python3.7/site-packages/airflow/example_dags/example_trigger_target_dag.py took 0.061 seconds
[2022-03-14 00:05:01,264] {processor.py:163} INFO - Started process (PID=4652) to work on /home/airflow/.local/lib/python3.7/site-packages/airflow/example_dags/example_trigger_target_dag.py
[2022-03-14 00:05:01,265] {processor.py:642} INFO - Processing file /home/airflow/.local/lib/python3.7/site-packages/airflow/example_dags/example_trigger_target_dag.py for tasks to queue
[2022-03-14 00:05:01,265] {logging_mixin.py:109} INFO - [2022-03-14 00:05:01,265] {dagbag.py:500} INFO - Filling up the DagBag from /home/airflow/.local/lib/python3.7/site-packages/airflow/example_dags/example_trigger_target_dag.py
[2022-03-14 00:05:01,290] {processor.py:654} INFO - DAG(s) dict_keys(['example_trigger_target_dag']) retrieved from /home/airflow/.local/lib/python3.7/site-packages/airflow/example_dags/example_trigger_target_dag.py
[2022-03-14 00:05:01,299] {logging_mixin.py:109} INFO - [2022-03-14 00:05:01,299] {dag.py:2398} INFO - Sync 1 DAGs
[2022-03-14 00:05:01,315] {logging_mixin.py:109} INFO - [2022-03-14 00:05:01,314] {dag.py:2937} INFO - Setting next_dagrun for example_trigger_target_dag to None
[2022-03-14 00:05:01,329] {processor.py:171} INFO - Processing /home/airflow/.local/lib/python3.7/site-packages/airflow/example_dags/example_trigger_target_dag.py took 0.067 seconds
[2022-03-14 00:05:32,151] {processor.py:163} INFO - Started process (PID=4713) to work on /home/airflow/.local/lib/python3.7/site-packages/airflow/example_dags/example_trigger_target_dag.py
[2022-03-14 00:05:32,154] {processor.py:642} INFO - Processing file /home/airflow/.local/lib/python3.7/site-packages/airflow/example_dags/example_trigger_target_dag.py for tasks to queue
[2022-03-14 00:05:32,155] {logging_mixin.py:109} INFO - [2022-03-14 00:05:32,155] {dagbag.py:500} INFO - Filling up the DagBag from /home/airflow/.local/lib/python3.7/site-packages/airflow/example_dags/example_trigger_target_dag.py
[2022-03-14 00:05:32,179] {processor.py:654} INFO - DAG(s) dict_keys(['example_trigger_target_dag']) retrieved from /home/airflow/.local/lib/python3.7/site-packages/airflow/example_dags/example_trigger_target_dag.py
[2022-03-14 00:05:32,186] {logging_mixin.py:109} INFO - [2022-03-14 00:05:32,186] {dag.py:2398} INFO - Sync 1 DAGs
[2022-03-14 00:05:32,199] {logging_mixin.py:109} INFO - [2022-03-14 00:05:32,199] {dag.py:2937} INFO - Setting next_dagrun for example_trigger_target_dag to None
[2022-03-14 00:05:32,208] {processor.py:171} INFO - Processing /home/airflow/.local/lib/python3.7/site-packages/airflow/example_dags/example_trigger_target_dag.py took 0.059 seconds
[2022-03-14 00:06:02,925] {processor.py:163} INFO - Started process (PID=4765) to work on /home/airflow/.local/lib/python3.7/site-packages/airflow/example_dags/example_trigger_target_dag.py
[2022-03-14 00:06:02,940] {processor.py:642} INFO - Processing file /home/airflow/.local/lib/python3.7/site-packages/airflow/example_dags/example_trigger_target_dag.py for tasks to queue
[2022-03-14 00:06:02,941] {logging_mixin.py:109} INFO - [2022-03-14 00:06:02,940] {dagbag.py:500} INFO - Filling up the DagBag from /home/airflow/.local/lib/python3.7/site-packages/airflow/example_dags/example_trigger_target_dag.py
[2022-03-14 00:06:02,964] {processor.py:654} INFO - DAG(s) dict_keys(['example_trigger_target_dag']) retrieved from /home/airflow/.local/lib/python3.7/site-packages/airflow/example_dags/example_trigger_target_dag.py
[2022-03-14 00:06:02,972] {logging_mixin.py:109} INFO - [2022-03-14 00:06:02,971] {dag.py:2398} INFO - Sync 1 DAGs
[2022-03-14 00:06:02,984] {logging_mixin.py:109} INFO - [2022-03-14 00:06:02,984] {dag.py:2937} INFO - Setting next_dagrun for example_trigger_target_dag to None
[2022-03-14 00:06:02,998] {processor.py:171} INFO - Processing /home/airflow/.local/lib/python3.7/site-packages/airflow/example_dags/example_trigger_target_dag.py took 0.075 seconds
[2022-03-14 00:06:33,673] {processor.py:163} INFO - Started process (PID=4826) to work on /home/airflow/.local/lib/python3.7/site-packages/airflow/example_dags/example_trigger_target_dag.py
[2022-03-14 00:06:33,677] {processor.py:642} INFO - Processing file /home/airflow/.local/lib/python3.7/site-packages/airflow/example_dags/example_trigger_target_dag.py for tasks to queue
[2022-03-14 00:06:33,677] {logging_mixin.py:109} INFO - [2022-03-14 00:06:33,677] {dagbag.py:500} INFO - Filling up the DagBag from /home/airflow/.local/lib/python3.7/site-packages/airflow/example_dags/example_trigger_target_dag.py
[2022-03-14 00:06:33,702] {processor.py:654} INFO - DAG(s) dict_keys(['example_trigger_target_dag']) retrieved from /home/airflow/.local/lib/python3.7/site-packages/airflow/example_dags/example_trigger_target_dag.py
[2022-03-14 00:06:33,709] {logging_mixin.py:109} INFO - [2022-03-14 00:06:33,709] {dag.py:2398} INFO - Sync 1 DAGs
[2022-03-14 00:06:33,720] {logging_mixin.py:109} INFO - [2022-03-14 00:06:33,720] {dag.py:2937} INFO - Setting next_dagrun for example_trigger_target_dag to None
[2022-03-14 00:06:33,734] {processor.py:171} INFO - Processing /home/airflow/.local/lib/python3.7/site-packages/airflow/example_dags/example_trigger_target_dag.py took 0.063 seconds
[2022-03-14 00:07:04,382] {processor.py:163} INFO - Started process (PID=4878) to work on /home/airflow/.local/lib/python3.7/site-packages/airflow/example_dags/example_trigger_target_dag.py
[2022-03-14 00:07:04,393] {processor.py:642} INFO - Processing file /home/airflow/.local/lib/python3.7/site-packages/airflow/example_dags/example_trigger_target_dag.py for tasks to queue
[2022-03-14 00:07:04,393] {logging_mixin.py:109} INFO - [2022-03-14 00:07:04,393] {dagbag.py:500} INFO - Filling up the DagBag from /home/airflow/.local/lib/python3.7/site-packages/airflow/example_dags/example_trigger_target_dag.py
[2022-03-14 00:07:04,417] {processor.py:654} INFO - DAG(s) dict_keys(['example_trigger_target_dag']) retrieved from /home/airflow/.local/lib/python3.7/site-packages/airflow/example_dags/example_trigger_target_dag.py
[2022-03-14 00:07:04,424] {logging_mixin.py:109} INFO - [2022-03-14 00:07:04,424] {dag.py:2398} INFO - Sync 1 DAGs
[2022-03-14 00:07:04,437] {logging_mixin.py:109} INFO - [2022-03-14 00:07:04,437] {dag.py:2937} INFO - Setting next_dagrun for example_trigger_target_dag to None
[2022-03-14 00:07:04,450] {processor.py:171} INFO - Processing /home/airflow/.local/lib/python3.7/site-packages/airflow/example_dags/example_trigger_target_dag.py took 0.070 seconds
[2022-03-14 00:07:35,354] {processor.py:163} INFO - Started process (PID=4939) to work on /home/airflow/.local/lib/python3.7/site-packages/airflow/example_dags/example_trigger_target_dag.py
[2022-03-14 00:07:35,355] {processor.py:642} INFO - Processing file /home/airflow/.local/lib/python3.7/site-packages/airflow/example_dags/example_trigger_target_dag.py for tasks to queue
[2022-03-14 00:07:35,355] {logging_mixin.py:109} INFO - [2022-03-14 00:07:35,355] {dagbag.py:500} INFO - Filling up the DagBag from /home/airflow/.local/lib/python3.7/site-packages/airflow/example_dags/example_trigger_target_dag.py
[2022-03-14 00:07:35,384] {processor.py:654} INFO - DAG(s) dict_keys(['example_trigger_target_dag']) retrieved from /home/airflow/.local/lib/python3.7/site-packages/airflow/example_dags/example_trigger_target_dag.py
[2022-03-14 00:07:35,395] {logging_mixin.py:109} INFO - [2022-03-14 00:07:35,394] {dag.py:2398} INFO - Sync 1 DAGs
[2022-03-14 00:07:35,414] {logging_mixin.py:109} INFO - [2022-03-14 00:07:35,414] {dag.py:2937} INFO - Setting next_dagrun for example_trigger_target_dag to None
[2022-03-14 00:07:35,431] {processor.py:171} INFO - Processing /home/airflow/.local/lib/python3.7/site-packages/airflow/example_dags/example_trigger_target_dag.py took 0.079 seconds
[2022-03-14 00:08:06,418] {processor.py:163} INFO - Started process (PID=4991) to work on /home/airflow/.local/lib/python3.7/site-packages/airflow/example_dags/example_trigger_target_dag.py
[2022-03-14 00:08:06,419] {processor.py:642} INFO - Processing file /home/airflow/.local/lib/python3.7/site-packages/airflow/example_dags/example_trigger_target_dag.py for tasks to queue
[2022-03-14 00:08:06,419] {logging_mixin.py:109} INFO - [2022-03-14 00:08:06,419] {dagbag.py:500} INFO - Filling up the DagBag from /home/airflow/.local/lib/python3.7/site-packages/airflow/example_dags/example_trigger_target_dag.py
[2022-03-14 00:08:06,443] {processor.py:654} INFO - DAG(s) dict_keys(['example_trigger_target_dag']) retrieved from /home/airflow/.local/lib/python3.7/site-packages/airflow/example_dags/example_trigger_target_dag.py
[2022-03-14 00:08:06,450] {logging_mixin.py:109} INFO - [2022-03-14 00:08:06,450] {dag.py:2398} INFO - Sync 1 DAGs
[2022-03-14 00:08:06,462] {logging_mixin.py:109} INFO - [2022-03-14 00:08:06,461] {dag.py:2937} INFO - Setting next_dagrun for example_trigger_target_dag to None
[2022-03-14 00:08:06,475] {processor.py:171} INFO - Processing /home/airflow/.local/lib/python3.7/site-packages/airflow/example_dags/example_trigger_target_dag.py took 0.059 seconds
[2022-03-14 00:08:37,363] {processor.py:163} INFO - Started process (PID=5052) to work on /home/airflow/.local/lib/python3.7/site-packages/airflow/example_dags/example_trigger_target_dag.py
[2022-03-14 00:08:37,364] {processor.py:642} INFO - Processing file /home/airflow/.local/lib/python3.7/site-packages/airflow/example_dags/example_trigger_target_dag.py for tasks to queue
[2022-03-14 00:08:37,364] {logging_mixin.py:109} INFO - [2022-03-14 00:08:37,364] {dagbag.py:500} INFO - Filling up the DagBag from /home/airflow/.local/lib/python3.7/site-packages/airflow/example_dags/example_trigger_target_dag.py
[2022-03-14 00:08:37,390] {processor.py:654} INFO - DAG(s) dict_keys(['example_trigger_target_dag']) retrieved from /home/airflow/.local/lib/python3.7/site-packages/airflow/example_dags/example_trigger_target_dag.py
[2022-03-14 00:08:37,398] {logging_mixin.py:109} INFO - [2022-03-14 00:08:37,398] {dag.py:2398} INFO - Sync 1 DAGs
[2022-03-14 00:08:37,411] {logging_mixin.py:109} INFO - [2022-03-14 00:08:37,411] {dag.py:2937} INFO - Setting next_dagrun for example_trigger_target_dag to None
[2022-03-14 00:08:37,425] {processor.py:171} INFO - Processing /home/airflow/.local/lib/python3.7/site-packages/airflow/example_dags/example_trigger_target_dag.py took 0.064 seconds
[2022-03-14 00:09:08,026] {processor.py:163} INFO - Started process (PID=5105) to work on /home/airflow/.local/lib/python3.7/site-packages/airflow/example_dags/example_trigger_target_dag.py
[2022-03-14 00:09:08,027] {processor.py:642} INFO - Processing file /home/airflow/.local/lib/python3.7/site-packages/airflow/example_dags/example_trigger_target_dag.py for tasks to queue
[2022-03-14 00:09:08,027] {logging_mixin.py:109} INFO - [2022-03-14 00:09:08,027] {dagbag.py:500} INFO - Filling up the DagBag from /home/airflow/.local/lib/python3.7/site-packages/airflow/example_dags/example_trigger_target_dag.py
[2022-03-14 00:09:08,052] {processor.py:654} INFO - DAG(s) dict_keys(['example_trigger_target_dag']) retrieved from /home/airflow/.local/lib/python3.7/site-packages/airflow/example_dags/example_trigger_target_dag.py
[2022-03-14 00:09:08,059] {logging_mixin.py:109} INFO - [2022-03-14 00:09:08,059] {dag.py:2398} INFO - Sync 1 DAGs
[2022-03-14 00:09:08,072] {logging_mixin.py:109} INFO - [2022-03-14 00:09:08,072] {dag.py:2937} INFO - Setting next_dagrun for example_trigger_target_dag to None
[2022-03-14 00:09:08,086] {processor.py:171} INFO - Processing /home/airflow/.local/lib/python3.7/site-packages/airflow/example_dags/example_trigger_target_dag.py took 0.062 seconds
[2022-03-14 00:09:38,878] {processor.py:163} INFO - Started process (PID=5164) to work on /home/airflow/.local/lib/python3.7/site-packages/airflow/example_dags/example_trigger_target_dag.py
[2022-03-14 00:09:38,879] {processor.py:642} INFO - Processing file /home/airflow/.local/lib/python3.7/site-packages/airflow/example_dags/example_trigger_target_dag.py for tasks to queue
[2022-03-14 00:09:38,879] {logging_mixin.py:109} INFO - [2022-03-14 00:09:38,879] {dagbag.py:500} INFO - Filling up the DagBag from /home/airflow/.local/lib/python3.7/site-packages/airflow/example_dags/example_trigger_target_dag.py
[2022-03-14 00:09:38,906] {processor.py:654} INFO - DAG(s) dict_keys(['example_trigger_target_dag']) retrieved from /home/airflow/.local/lib/python3.7/site-packages/airflow/example_dags/example_trigger_target_dag.py
[2022-03-14 00:09:38,915] {logging_mixin.py:109} INFO - [2022-03-14 00:09:38,915] {dag.py:2398} INFO - Sync 1 DAGs
[2022-03-14 00:09:38,929] {logging_mixin.py:109} INFO - [2022-03-14 00:09:38,929] {dag.py:2937} INFO - Setting next_dagrun for example_trigger_target_dag to None
[2022-03-14 00:09:38,945] {processor.py:171} INFO - Processing /home/airflow/.local/lib/python3.7/site-packages/airflow/example_dags/example_trigger_target_dag.py took 0.069 seconds
[2022-03-14 00:10:09,499] {processor.py:163} INFO - Started process (PID=5218) to work on /home/airflow/.local/lib/python3.7/site-packages/airflow/example_dags/example_trigger_target_dag.py
[2022-03-14 00:10:09,500] {processor.py:642} INFO - Processing file /home/airflow/.local/lib/python3.7/site-packages/airflow/example_dags/example_trigger_target_dag.py for tasks to queue
[2022-03-14 00:10:09,500] {logging_mixin.py:109} INFO - [2022-03-14 00:10:09,500] {dagbag.py:500} INFO - Filling up the DagBag from /home/airflow/.local/lib/python3.7/site-packages/airflow/example_dags/example_trigger_target_dag.py
[2022-03-14 00:10:09,526] {processor.py:654} INFO - DAG(s) dict_keys(['example_trigger_target_dag']) retrieved from /home/airflow/.local/lib/python3.7/site-packages/airflow/example_dags/example_trigger_target_dag.py
[2022-03-14 00:10:09,535] {logging_mixin.py:109} INFO - [2022-03-14 00:10:09,535] {dag.py:2398} INFO - Sync 1 DAGs
[2022-03-14 00:10:09,551] {logging_mixin.py:109} INFO - [2022-03-14 00:10:09,551] {dag.py:2937} INFO - Setting next_dagrun for example_trigger_target_dag to None
[2022-03-14 00:10:09,567] {processor.py:171} INFO - Processing /home/airflow/.local/lib/python3.7/site-packages/airflow/example_dags/example_trigger_target_dag.py took 0.071 seconds
[2022-03-14 00:10:40,464] {processor.py:163} INFO - Started process (PID=5270) to work on /home/airflow/.local/lib/python3.7/site-packages/airflow/example_dags/example_trigger_target_dag.py
[2022-03-14 00:10:40,464] {processor.py:642} INFO - Processing file /home/airflow/.local/lib/python3.7/site-packages/airflow/example_dags/example_trigger_target_dag.py for tasks to queue
[2022-03-14 00:10:40,465] {logging_mixin.py:109} INFO - [2022-03-14 00:10:40,465] {dagbag.py:500} INFO - Filling up the DagBag from /home/airflow/.local/lib/python3.7/site-packages/airflow/example_dags/example_trigger_target_dag.py
[2022-03-14 00:10:40,489] {processor.py:654} INFO - DAG(s) dict_keys(['example_trigger_target_dag']) retrieved from /home/airflow/.local/lib/python3.7/site-packages/airflow/example_dags/example_trigger_target_dag.py
[2022-03-14 00:10:40,497] {logging_mixin.py:109} INFO - [2022-03-14 00:10:40,497] {dag.py:2398} INFO - Sync 1 DAGs
[2022-03-14 00:10:40,508] {logging_mixin.py:109} INFO - [2022-03-14 00:10:40,508] {dag.py:2937} INFO - Setting next_dagrun for example_trigger_target_dag to None
[2022-03-14 00:10:40,523] {processor.py:171} INFO - Processing /home/airflow/.local/lib/python3.7/site-packages/airflow/example_dags/example_trigger_target_dag.py took 0.061 seconds
[2022-03-14 00:11:11,223] {processor.py:163} INFO - Started process (PID=5331) to work on /home/airflow/.local/lib/python3.7/site-packages/airflow/example_dags/example_trigger_target_dag.py
[2022-03-14 00:11:11,235] {processor.py:642} INFO - Processing file /home/airflow/.local/lib/python3.7/site-packages/airflow/example_dags/example_trigger_target_dag.py for tasks to queue
[2022-03-14 00:11:11,235] {logging_mixin.py:109} INFO - [2022-03-14 00:11:11,235] {dagbag.py:500} INFO - Filling up the DagBag from /home/airflow/.local/lib/python3.7/site-packages/airflow/example_dags/example_trigger_target_dag.py
[2022-03-14 00:11:11,259] {processor.py:654} INFO - DAG(s) dict_keys(['example_trigger_target_dag']) retrieved from /home/airflow/.local/lib/python3.7/site-packages/airflow/example_dags/example_trigger_target_dag.py
[2022-03-14 00:11:11,266] {logging_mixin.py:109} INFO - [2022-03-14 00:11:11,266] {dag.py:2398} INFO - Sync 1 DAGs
[2022-03-14 00:11:11,278] {logging_mixin.py:109} INFO - [2022-03-14 00:11:11,278] {dag.py:2937} INFO - Setting next_dagrun for example_trigger_target_dag to None
[2022-03-14 00:11:11,292] {processor.py:171} INFO - Processing /home/airflow/.local/lib/python3.7/site-packages/airflow/example_dags/example_trigger_target_dag.py took 0.070 seconds
[2022-03-14 00:11:42,077] {processor.py:163} INFO - Started process (PID=5383) to work on /home/airflow/.local/lib/python3.7/site-packages/airflow/example_dags/example_trigger_target_dag.py
[2022-03-14 00:11:42,078] {processor.py:642} INFO - Processing file /home/airflow/.local/lib/python3.7/site-packages/airflow/example_dags/example_trigger_target_dag.py for tasks to queue
[2022-03-14 00:11:42,078] {logging_mixin.py:109} INFO - [2022-03-14 00:11:42,078] {dagbag.py:500} INFO - Filling up the DagBag from /home/airflow/.local/lib/python3.7/site-packages/airflow/example_dags/example_trigger_target_dag.py
[2022-03-14 00:11:42,102] {processor.py:654} INFO - DAG(s) dict_keys(['example_trigger_target_dag']) retrieved from /home/airflow/.local/lib/python3.7/site-packages/airflow/example_dags/example_trigger_target_dag.py
[2022-03-14 00:11:42,111] {logging_mixin.py:109} INFO - [2022-03-14 00:11:42,111] {dag.py:2398} INFO - Sync 1 DAGs
[2022-03-14 00:11:42,126] {logging_mixin.py:109} INFO - [2022-03-14 00:11:42,125] {dag.py:2937} INFO - Setting next_dagrun for example_trigger_target_dag to None
[2022-03-14 00:11:42,141] {processor.py:171} INFO - Processing /home/airflow/.local/lib/python3.7/site-packages/airflow/example_dags/example_trigger_target_dag.py took 0.066 seconds
[2022-03-14 00:12:12,884] {processor.py:163} INFO - Started process (PID=5444) to work on /home/airflow/.local/lib/python3.7/site-packages/airflow/example_dags/example_trigger_target_dag.py
[2022-03-14 00:12:12,885] {processor.py:642} INFO - Processing file /home/airflow/.local/lib/python3.7/site-packages/airflow/example_dags/example_trigger_target_dag.py for tasks to queue
[2022-03-14 00:12:12,885] {logging_mixin.py:109} INFO - [2022-03-14 00:12:12,885] {dagbag.py:500} INFO - Filling up the DagBag from /home/airflow/.local/lib/python3.7/site-packages/airflow/example_dags/example_trigger_target_dag.py
[2022-03-14 00:12:12,911] {processor.py:654} INFO - DAG(s) dict_keys(['example_trigger_target_dag']) retrieved from /home/airflow/.local/lib/python3.7/site-packages/airflow/example_dags/example_trigger_target_dag.py
[2022-03-14 00:12:12,920] {logging_mixin.py:109} INFO - [2022-03-14 00:12:12,919] {dag.py:2398} INFO - Sync 1 DAGs
[2022-03-14 00:12:12,932] {logging_mixin.py:109} INFO - [2022-03-14 00:12:12,932] {dag.py:2937} INFO - Setting next_dagrun for example_trigger_target_dag to None
[2022-03-14 00:12:12,946] {processor.py:171} INFO - Processing /home/airflow/.local/lib/python3.7/site-packages/airflow/example_dags/example_trigger_target_dag.py took 0.065 seconds
[2022-03-14 00:12:43,578] {processor.py:163} INFO - Started process (PID=5496) to work on /home/airflow/.local/lib/python3.7/site-packages/airflow/example_dags/example_trigger_target_dag.py
[2022-03-14 00:12:43,579] {processor.py:642} INFO - Processing file /home/airflow/.local/lib/python3.7/site-packages/airflow/example_dags/example_trigger_target_dag.py for tasks to queue
[2022-03-14 00:12:43,579] {logging_mixin.py:109} INFO - [2022-03-14 00:12:43,579] {dagbag.py:500} INFO - Filling up the DagBag from /home/airflow/.local/lib/python3.7/site-packages/airflow/example_dags/example_trigger_target_dag.py
[2022-03-14 00:12:43,603] {processor.py:654} INFO - DAG(s) dict_keys(['example_trigger_target_dag']) retrieved from /home/airflow/.local/lib/python3.7/site-packages/airflow/example_dags/example_trigger_target_dag.py
[2022-03-14 00:12:43,609] {logging_mixin.py:109} INFO - [2022-03-14 00:12:43,609] {dag.py:2398} INFO - Sync 1 DAGs
[2022-03-14 00:12:43,622] {logging_mixin.py:109} INFO - [2022-03-14 00:12:43,622] {dag.py:2937} INFO - Setting next_dagrun for example_trigger_target_dag to None
[2022-03-14 00:12:43,636] {processor.py:171} INFO - Processing /home/airflow/.local/lib/python3.7/site-packages/airflow/example_dags/example_trigger_target_dag.py took 0.060 seconds
[2022-03-14 00:13:14,582] {processor.py:163} INFO - Started process (PID=5558) to work on /home/airflow/.local/lib/python3.7/site-packages/airflow/example_dags/example_trigger_target_dag.py
[2022-03-14 00:13:14,583] {processor.py:642} INFO - Processing file /home/airflow/.local/lib/python3.7/site-packages/airflow/example_dags/example_trigger_target_dag.py for tasks to queue
[2022-03-14 00:13:14,583] {logging_mixin.py:109} INFO - [2022-03-14 00:13:14,583] {dagbag.py:500} INFO - Filling up the DagBag from /home/airflow/.local/lib/python3.7/site-packages/airflow/example_dags/example_trigger_target_dag.py
[2022-03-14 00:13:14,608] {processor.py:654} INFO - DAG(s) dict_keys(['example_trigger_target_dag']) retrieved from /home/airflow/.local/lib/python3.7/site-packages/airflow/example_dags/example_trigger_target_dag.py
[2022-03-14 00:13:14,615] {logging_mixin.py:109} INFO - [2022-03-14 00:13:14,614] {dag.py:2398} INFO - Sync 1 DAGs
[2022-03-14 00:13:14,626] {logging_mixin.py:109} INFO - [2022-03-14 00:13:14,626] {dag.py:2937} INFO - Setting next_dagrun for example_trigger_target_dag to None
[2022-03-14 00:13:14,634] {processor.py:171} INFO - Processing /home/airflow/.local/lib/python3.7/site-packages/airflow/example_dags/example_trigger_target_dag.py took 0.054 seconds
[2022-03-14 00:13:45,479] {processor.py:163} INFO - Started process (PID=5610) to work on /home/airflow/.local/lib/python3.7/site-packages/airflow/example_dags/example_trigger_target_dag.py
[2022-03-14 00:13:45,480] {processor.py:642} INFO - Processing file /home/airflow/.local/lib/python3.7/site-packages/airflow/example_dags/example_trigger_target_dag.py for tasks to queue
[2022-03-14 00:13:45,480] {logging_mixin.py:109} INFO - [2022-03-14 00:13:45,480] {dagbag.py:500} INFO - Filling up the DagBag from /home/airflow/.local/lib/python3.7/site-packages/airflow/example_dags/example_trigger_target_dag.py
[2022-03-14 00:13:45,503] {processor.py:654} INFO - DAG(s) dict_keys(['example_trigger_target_dag']) retrieved from /home/airflow/.local/lib/python3.7/site-packages/airflow/example_dags/example_trigger_target_dag.py
[2022-03-14 00:13:45,510] {logging_mixin.py:109} INFO - [2022-03-14 00:13:45,510] {dag.py:2398} INFO - Sync 1 DAGs
[2022-03-14 00:13:45,522] {logging_mixin.py:109} INFO - [2022-03-14 00:13:45,522] {dag.py:2937} INFO - Setting next_dagrun for example_trigger_target_dag to None
[2022-03-14 00:13:45,529] {processor.py:171} INFO - Processing /home/airflow/.local/lib/python3.7/site-packages/airflow/example_dags/example_trigger_target_dag.py took 0.052 seconds
[2022-03-14 00:14:16,389] {processor.py:163} INFO - Started process (PID=5673) to work on /home/airflow/.local/lib/python3.7/site-packages/airflow/example_dags/example_trigger_target_dag.py
[2022-03-14 00:14:16,391] {processor.py:642} INFO - Processing file /home/airflow/.local/lib/python3.7/site-packages/airflow/example_dags/example_trigger_target_dag.py for tasks to queue
[2022-03-14 00:14:16,391] {logging_mixin.py:109} INFO - [2022-03-14 00:14:16,391] {dagbag.py:500} INFO - Filling up the DagBag from /home/airflow/.local/lib/python3.7/site-packages/airflow/example_dags/example_trigger_target_dag.py
[2022-03-14 00:14:16,415] {processor.py:654} INFO - DAG(s) dict_keys(['example_trigger_target_dag']) retrieved from /home/airflow/.local/lib/python3.7/site-packages/airflow/example_dags/example_trigger_target_dag.py
[2022-03-14 00:14:16,425] {logging_mixin.py:109} INFO - [2022-03-14 00:14:16,425] {dag.py:2398} INFO - Sync 1 DAGs
[2022-03-14 00:14:16,441] {logging_mixin.py:109} INFO - [2022-03-14 00:14:16,441] {dag.py:2937} INFO - Setting next_dagrun for example_trigger_target_dag to None
[2022-03-14 00:14:16,455] {processor.py:171} INFO - Processing /home/airflow/.local/lib/python3.7/site-packages/airflow/example_dags/example_trigger_target_dag.py took 0.068 seconds
[2022-03-14 00:14:46,620] {processor.py:163} INFO - Started process (PID=5725) to work on /home/airflow/.local/lib/python3.7/site-packages/airflow/example_dags/example_trigger_target_dag.py
[2022-03-14 00:14:46,620] {processor.py:642} INFO - Processing file /home/airflow/.local/lib/python3.7/site-packages/airflow/example_dags/example_trigger_target_dag.py for tasks to queue
[2022-03-14 00:14:46,621] {logging_mixin.py:109} INFO - [2022-03-14 00:14:46,621] {dagbag.py:500} INFO - Filling up the DagBag from /home/airflow/.local/lib/python3.7/site-packages/airflow/example_dags/example_trigger_target_dag.py
[2022-03-14 00:14:46,646] {processor.py:654} INFO - DAG(s) dict_keys(['example_trigger_target_dag']) retrieved from /home/airflow/.local/lib/python3.7/site-packages/airflow/example_dags/example_trigger_target_dag.py
[2022-03-14 00:14:46,653] {logging_mixin.py:109} INFO - [2022-03-14 00:14:46,653] {dag.py:2398} INFO - Sync 1 DAGs
[2022-03-14 00:14:46,665] {logging_mixin.py:109} INFO - [2022-03-14 00:14:46,665] {dag.py:2937} INFO - Setting next_dagrun for example_trigger_target_dag to None
[2022-03-14 00:14:46,678] {processor.py:171} INFO - Processing /home/airflow/.local/lib/python3.7/site-packages/airflow/example_dags/example_trigger_target_dag.py took 0.060 seconds
[2022-03-14 00:15:16,804] {processor.py:163} INFO - Started process (PID=5784) to work on /home/airflow/.local/lib/python3.7/site-packages/airflow/example_dags/example_trigger_target_dag.py
[2022-03-14 00:15:16,805] {processor.py:642} INFO - Processing file /home/airflow/.local/lib/python3.7/site-packages/airflow/example_dags/example_trigger_target_dag.py for tasks to queue
[2022-03-14 00:15:16,805] {logging_mixin.py:109} INFO - [2022-03-14 00:15:16,805] {dagbag.py:500} INFO - Filling up the DagBag from /home/airflow/.local/lib/python3.7/site-packages/airflow/example_dags/example_trigger_target_dag.py
[2022-03-14 00:15:16,831] {processor.py:654} INFO - DAG(s) dict_keys(['example_trigger_target_dag']) retrieved from /home/airflow/.local/lib/python3.7/site-packages/airflow/example_dags/example_trigger_target_dag.py
[2022-03-14 00:15:16,840] {logging_mixin.py:109} INFO - [2022-03-14 00:15:16,840] {dag.py:2398} INFO - Sync 1 DAGs
[2022-03-14 00:15:16,855] {logging_mixin.py:109} INFO - [2022-03-14 00:15:16,855] {dag.py:2937} INFO - Setting next_dagrun for example_trigger_target_dag to None
[2022-03-14 00:15:16,868] {processor.py:171} INFO - Processing /home/airflow/.local/lib/python3.7/site-packages/airflow/example_dags/example_trigger_target_dag.py took 0.067 seconds
[2022-03-14 00:15:46,910] {processor.py:163} INFO - Started process (PID=5838) to work on /home/airflow/.local/lib/python3.7/site-packages/airflow/example_dags/example_trigger_target_dag.py
[2022-03-14 00:15:46,910] {processor.py:642} INFO - Processing file /home/airflow/.local/lib/python3.7/site-packages/airflow/example_dags/example_trigger_target_dag.py for tasks to queue
[2022-03-14 00:15:46,911] {logging_mixin.py:109} INFO - [2022-03-14 00:15:46,911] {dagbag.py:500} INFO - Filling up the DagBag from /home/airflow/.local/lib/python3.7/site-packages/airflow/example_dags/example_trigger_target_dag.py
[2022-03-14 00:15:46,933] {processor.py:654} INFO - DAG(s) dict_keys(['example_trigger_target_dag']) retrieved from /home/airflow/.local/lib/python3.7/site-packages/airflow/example_dags/example_trigger_target_dag.py
[2022-03-14 00:15:46,940] {logging_mixin.py:109} INFO - [2022-03-14 00:15:46,940] {dag.py:2398} INFO - Sync 1 DAGs
[2022-03-14 00:15:46,951] {logging_mixin.py:109} INFO - [2022-03-14 00:15:46,950] {dag.py:2937} INFO - Setting next_dagrun for example_trigger_target_dag to None
[2022-03-14 00:15:46,963] {processor.py:171} INFO - Processing /home/airflow/.local/lib/python3.7/site-packages/airflow/example_dags/example_trigger_target_dag.py took 0.056 seconds
[2022-03-14 00:16:17,756] {processor.py:163} INFO - Started process (PID=5890) to work on /home/airflow/.local/lib/python3.7/site-packages/airflow/example_dags/example_trigger_target_dag.py
[2022-03-14 00:16:17,757] {processor.py:642} INFO - Processing file /home/airflow/.local/lib/python3.7/site-packages/airflow/example_dags/example_trigger_target_dag.py for tasks to queue
[2022-03-14 00:16:17,758] {logging_mixin.py:109} INFO - [2022-03-14 00:16:17,758] {dagbag.py:500} INFO - Filling up the DagBag from /home/airflow/.local/lib/python3.7/site-packages/airflow/example_dags/example_trigger_target_dag.py
[2022-03-14 00:16:17,782] {processor.py:654} INFO - DAG(s) dict_keys(['example_trigger_target_dag']) retrieved from /home/airflow/.local/lib/python3.7/site-packages/airflow/example_dags/example_trigger_target_dag.py
[2022-03-14 00:16:17,789] {logging_mixin.py:109} INFO - [2022-03-14 00:16:17,789] {dag.py:2398} INFO - Sync 1 DAGs
[2022-03-14 00:16:17,801] {logging_mixin.py:109} INFO - [2022-03-14 00:16:17,801] {dag.py:2937} INFO - Setting next_dagrun for example_trigger_target_dag to None
[2022-03-14 00:16:17,818] {processor.py:171} INFO - Processing /home/airflow/.local/lib/python3.7/site-packages/airflow/example_dags/example_trigger_target_dag.py took 0.064 seconds
[2022-03-14 00:16:48,332] {processor.py:163} INFO - Started process (PID=5952) to work on /home/airflow/.local/lib/python3.7/site-packages/airflow/example_dags/example_trigger_target_dag.py
[2022-03-14 00:16:48,333] {processor.py:642} INFO - Processing file /home/airflow/.local/lib/python3.7/site-packages/airflow/example_dags/example_trigger_target_dag.py for tasks to queue
[2022-03-14 00:16:48,333] {logging_mixin.py:109} INFO - [2022-03-14 00:16:48,333] {dagbag.py:500} INFO - Filling up the DagBag from /home/airflow/.local/lib/python3.7/site-packages/airflow/example_dags/example_trigger_target_dag.py
[2022-03-14 00:16:48,358] {processor.py:654} INFO - DAG(s) dict_keys(['example_trigger_target_dag']) retrieved from /home/airflow/.local/lib/python3.7/site-packages/airflow/example_dags/example_trigger_target_dag.py
[2022-03-14 00:16:48,366] {logging_mixin.py:109} INFO - [2022-03-14 00:16:48,365] {dag.py:2398} INFO - Sync 1 DAGs
[2022-03-14 00:16:48,377] {logging_mixin.py:109} INFO - [2022-03-14 00:16:48,377] {dag.py:2937} INFO - Setting next_dagrun for example_trigger_target_dag to None
[2022-03-14 00:16:48,385] {processor.py:171} INFO - Processing /home/airflow/.local/lib/python3.7/site-packages/airflow/example_dags/example_trigger_target_dag.py took 0.055 seconds
[2022-03-14 00:17:19,180] {processor.py:163} INFO - Started process (PID=6004) to work on /home/airflow/.local/lib/python3.7/site-packages/airflow/example_dags/example_trigger_target_dag.py
[2022-03-14 00:17:19,181] {processor.py:642} INFO - Processing file /home/airflow/.local/lib/python3.7/site-packages/airflow/example_dags/example_trigger_target_dag.py for tasks to queue
[2022-03-14 00:17:19,181] {logging_mixin.py:109} INFO - [2022-03-14 00:17:19,181] {dagbag.py:500} INFO - Filling up the DagBag from /home/airflow/.local/lib/python3.7/site-packages/airflow/example_dags/example_trigger_target_dag.py
[2022-03-14 00:17:19,204] {processor.py:654} INFO - DAG(s) dict_keys(['example_trigger_target_dag']) retrieved from /home/airflow/.local/lib/python3.7/site-packages/airflow/example_dags/example_trigger_target_dag.py
[2022-03-14 00:17:19,211] {logging_mixin.py:109} INFO - [2022-03-14 00:17:19,211] {dag.py:2398} INFO - Sync 1 DAGs
[2022-03-14 00:17:19,222] {logging_mixin.py:109} INFO - [2022-03-14 00:17:19,222] {dag.py:2937} INFO - Setting next_dagrun for example_trigger_target_dag to None
[2022-03-14 00:17:19,238] {processor.py:171} INFO - Processing /home/airflow/.local/lib/python3.7/site-packages/airflow/example_dags/example_trigger_target_dag.py took 0.060 seconds
[2022-03-14 00:17:49,835] {processor.py:163} INFO - Started process (PID=6065) to work on /home/airflow/.local/lib/python3.7/site-packages/airflow/example_dags/example_trigger_target_dag.py
[2022-03-14 00:17:49,843] {processor.py:642} INFO - Processing file /home/airflow/.local/lib/python3.7/site-packages/airflow/example_dags/example_trigger_target_dag.py for tasks to queue
[2022-03-14 00:17:49,843] {logging_mixin.py:109} INFO - [2022-03-14 00:17:49,843] {dagbag.py:500} INFO - Filling up the DagBag from /home/airflow/.local/lib/python3.7/site-packages/airflow/example_dags/example_trigger_target_dag.py
[2022-03-14 00:17:49,868] {processor.py:654} INFO - DAG(s) dict_keys(['example_trigger_target_dag']) retrieved from /home/airflow/.local/lib/python3.7/site-packages/airflow/example_dags/example_trigger_target_dag.py
[2022-03-14 00:17:49,875] {logging_mixin.py:109} INFO - [2022-03-14 00:17:49,875] {dag.py:2398} INFO - Sync 1 DAGs
[2022-03-14 00:17:49,886] {logging_mixin.py:109} INFO - [2022-03-14 00:17:49,886] {dag.py:2937} INFO - Setting next_dagrun for example_trigger_target_dag to None
[2022-03-14 00:17:49,896] {processor.py:171} INFO - Processing /home/airflow/.local/lib/python3.7/site-packages/airflow/example_dags/example_trigger_target_dag.py took 0.063 seconds
[2022-03-14 00:18:20,838] {processor.py:163} INFO - Started process (PID=6117) to work on /home/airflow/.local/lib/python3.7/site-packages/airflow/example_dags/example_trigger_target_dag.py
[2022-03-14 00:18:20,839] {processor.py:642} INFO - Processing file /home/airflow/.local/lib/python3.7/site-packages/airflow/example_dags/example_trigger_target_dag.py for tasks to queue
[2022-03-14 00:18:20,839] {logging_mixin.py:109} INFO - [2022-03-14 00:18:20,839] {dagbag.py:500} INFO - Filling up the DagBag from /home/airflow/.local/lib/python3.7/site-packages/airflow/example_dags/example_trigger_target_dag.py
[2022-03-14 00:18:20,863] {processor.py:654} INFO - DAG(s) dict_keys(['example_trigger_target_dag']) retrieved from /home/airflow/.local/lib/python3.7/site-packages/airflow/example_dags/example_trigger_target_dag.py
[2022-03-14 00:18:20,870] {logging_mixin.py:109} INFO - [2022-03-14 00:18:20,870] {dag.py:2398} INFO - Sync 1 DAGs
[2022-03-14 00:18:20,881] {logging_mixin.py:109} INFO - [2022-03-14 00:18:20,881] {dag.py:2937} INFO - Setting next_dagrun for example_trigger_target_dag to None
[2022-03-14 00:18:20,892] {processor.py:171} INFO - Processing /home/airflow/.local/lib/python3.7/site-packages/airflow/example_dags/example_trigger_target_dag.py took 0.056 seconds
[2022-03-14 00:18:51,719] {processor.py:163} INFO - Started process (PID=6179) to work on /home/airflow/.local/lib/python3.7/site-packages/airflow/example_dags/example_trigger_target_dag.py
[2022-03-14 00:18:51,719] {processor.py:642} INFO - Processing file /home/airflow/.local/lib/python3.7/site-packages/airflow/example_dags/example_trigger_target_dag.py for tasks to queue
[2022-03-14 00:18:51,720] {logging_mixin.py:109} INFO - [2022-03-14 00:18:51,720] {dagbag.py:500} INFO - Filling up the DagBag from /home/airflow/.local/lib/python3.7/site-packages/airflow/example_dags/example_trigger_target_dag.py
[2022-03-14 00:18:51,745] {processor.py:654} INFO - DAG(s) dict_keys(['example_trigger_target_dag']) retrieved from /home/airflow/.local/lib/python3.7/site-packages/airflow/example_dags/example_trigger_target_dag.py
[2022-03-14 00:18:51,752] {logging_mixin.py:109} INFO - [2022-03-14 00:18:51,752] {dag.py:2398} INFO - Sync 1 DAGs
[2022-03-14 00:18:51,764] {logging_mixin.py:109} INFO - [2022-03-14 00:18:51,764] {dag.py:2937} INFO - Setting next_dagrun for example_trigger_target_dag to None
[2022-03-14 00:18:51,778] {processor.py:171} INFO - Processing /home/airflow/.local/lib/python3.7/site-packages/airflow/example_dags/example_trigger_target_dag.py took 0.061 seconds
[2022-03-14 00:19:22,601] {processor.py:163} INFO - Started process (PID=6231) to work on /home/airflow/.local/lib/python3.7/site-packages/airflow/example_dags/example_trigger_target_dag.py
[2022-03-14 00:19:22,601] {processor.py:642} INFO - Processing file /home/airflow/.local/lib/python3.7/site-packages/airflow/example_dags/example_trigger_target_dag.py for tasks to queue
[2022-03-14 00:19:22,602] {logging_mixin.py:109} INFO - [2022-03-14 00:19:22,602] {dagbag.py:500} INFO - Filling up the DagBag from /home/airflow/.local/lib/python3.7/site-packages/airflow/example_dags/example_trigger_target_dag.py
[2022-03-14 00:19:22,627] {processor.py:654} INFO - DAG(s) dict_keys(['example_trigger_target_dag']) retrieved from /home/airflow/.local/lib/python3.7/site-packages/airflow/example_dags/example_trigger_target_dag.py
[2022-03-14 00:19:22,636] {logging_mixin.py:109} INFO - [2022-03-14 00:19:22,635] {dag.py:2398} INFO - Sync 1 DAGs
[2022-03-14 00:19:22,649] {logging_mixin.py:109} INFO - [2022-03-14 00:19:22,649] {dag.py:2937} INFO - Setting next_dagrun for example_trigger_target_dag to None
[2022-03-14 00:19:22,657] {processor.py:171} INFO - Processing /home/airflow/.local/lib/python3.7/site-packages/airflow/example_dags/example_trigger_target_dag.py took 0.058 seconds
[2022-03-14 00:19:53,482] {processor.py:163} INFO - Started process (PID=6293) to work on /home/airflow/.local/lib/python3.7/site-packages/airflow/example_dags/example_trigger_target_dag.py
[2022-03-14 00:19:53,483] {processor.py:642} INFO - Processing file /home/airflow/.local/lib/python3.7/site-packages/airflow/example_dags/example_trigger_target_dag.py for tasks to queue
[2022-03-14 00:19:53,484] {logging_mixin.py:109} INFO - [2022-03-14 00:19:53,484] {dagbag.py:500} INFO - Filling up the DagBag from /home/airflow/.local/lib/python3.7/site-packages/airflow/example_dags/example_trigger_target_dag.py
[2022-03-14 00:19:53,514] {processor.py:654} INFO - DAG(s) dict_keys(['example_trigger_target_dag']) retrieved from /home/airflow/.local/lib/python3.7/site-packages/airflow/example_dags/example_trigger_target_dag.py
[2022-03-14 00:19:53,521] {logging_mixin.py:109} INFO - [2022-03-14 00:19:53,520] {dag.py:2398} INFO - Sync 1 DAGs
[2022-03-14 00:19:53,533] {logging_mixin.py:109} INFO - [2022-03-14 00:19:53,533] {dag.py:2937} INFO - Setting next_dagrun for example_trigger_target_dag to None
[2022-03-14 00:19:53,541] {processor.py:171} INFO - Processing /home/airflow/.local/lib/python3.7/site-packages/airflow/example_dags/example_trigger_target_dag.py took 0.061 seconds
[2022-03-14 00:20:24,239] {processor.py:163} INFO - Started process (PID=6345) to work on /home/airflow/.local/lib/python3.7/site-packages/airflow/example_dags/example_trigger_target_dag.py
[2022-03-14 00:20:24,240] {processor.py:642} INFO - Processing file /home/airflow/.local/lib/python3.7/site-packages/airflow/example_dags/example_trigger_target_dag.py for tasks to queue
[2022-03-14 00:20:24,240] {logging_mixin.py:109} INFO - [2022-03-14 00:20:24,240] {dagbag.py:500} INFO - Filling up the DagBag from /home/airflow/.local/lib/python3.7/site-packages/airflow/example_dags/example_trigger_target_dag.py
[2022-03-14 00:20:24,264] {processor.py:654} INFO - DAG(s) dict_keys(['example_trigger_target_dag']) retrieved from /home/airflow/.local/lib/python3.7/site-packages/airflow/example_dags/example_trigger_target_dag.py
[2022-03-14 00:20:24,271] {logging_mixin.py:109} INFO - [2022-03-14 00:20:24,271] {dag.py:2398} INFO - Sync 1 DAGs
[2022-03-14 00:20:24,284] {logging_mixin.py:109} INFO - [2022-03-14 00:20:24,284] {dag.py:2937} INFO - Setting next_dagrun for example_trigger_target_dag to None
[2022-03-14 00:20:24,302] {processor.py:171} INFO - Processing /home/airflow/.local/lib/python3.7/site-packages/airflow/example_dags/example_trigger_target_dag.py took 0.065 seconds
[2022-03-14 00:20:55,140] {processor.py:163} INFO - Started process (PID=6406) to work on /home/airflow/.local/lib/python3.7/site-packages/airflow/example_dags/example_trigger_target_dag.py
[2022-03-14 00:20:55,141] {processor.py:642} INFO - Processing file /home/airflow/.local/lib/python3.7/site-packages/airflow/example_dags/example_trigger_target_dag.py for tasks to queue
[2022-03-14 00:20:55,141] {logging_mixin.py:109} INFO - [2022-03-14 00:20:55,141] {dagbag.py:500} INFO - Filling up the DagBag from /home/airflow/.local/lib/python3.7/site-packages/airflow/example_dags/example_trigger_target_dag.py
[2022-03-14 00:20:55,176] {processor.py:654} INFO - DAG(s) dict_keys(['example_trigger_target_dag']) retrieved from /home/airflow/.local/lib/python3.7/site-packages/airflow/example_dags/example_trigger_target_dag.py
[2022-03-14 00:20:55,187] {logging_mixin.py:109} INFO - [2022-03-14 00:20:55,186] {dag.py:2398} INFO - Sync 1 DAGs
[2022-03-14 00:20:55,204] {logging_mixin.py:109} INFO - [2022-03-14 00:20:55,204] {dag.py:2937} INFO - Setting next_dagrun for example_trigger_target_dag to None
[2022-03-14 00:20:55,227] {processor.py:171} INFO - Processing /home/airflow/.local/lib/python3.7/site-packages/airflow/example_dags/example_trigger_target_dag.py took 0.090 seconds
[2022-03-14 00:21:25,902] {processor.py:163} INFO - Started process (PID=6459) to work on /home/airflow/.local/lib/python3.7/site-packages/airflow/example_dags/example_trigger_target_dag.py
[2022-03-14 00:21:25,903] {processor.py:642} INFO - Processing file /home/airflow/.local/lib/python3.7/site-packages/airflow/example_dags/example_trigger_target_dag.py for tasks to queue
[2022-03-14 00:21:25,904] {logging_mixin.py:109} INFO - [2022-03-14 00:21:25,904] {dagbag.py:500} INFO - Filling up the DagBag from /home/airflow/.local/lib/python3.7/site-packages/airflow/example_dags/example_trigger_target_dag.py
[2022-03-14 00:21:25,929] {processor.py:654} INFO - DAG(s) dict_keys(['example_trigger_target_dag']) retrieved from /home/airflow/.local/lib/python3.7/site-packages/airflow/example_dags/example_trigger_target_dag.py
[2022-03-14 00:21:25,936] {logging_mixin.py:109} INFO - [2022-03-14 00:21:25,936] {dag.py:2398} INFO - Sync 1 DAGs
[2022-03-14 00:21:25,948] {logging_mixin.py:109} INFO - [2022-03-14 00:21:25,948] {dag.py:2937} INFO - Setting next_dagrun for example_trigger_target_dag to None
[2022-03-14 00:21:25,955] {processor.py:171} INFO - Processing /home/airflow/.local/lib/python3.7/site-packages/airflow/example_dags/example_trigger_target_dag.py took 0.055 seconds
[2022-03-14 00:21:56,887] {processor.py:163} INFO - Started process (PID=6511) to work on /home/airflow/.local/lib/python3.7/site-packages/airflow/example_dags/example_trigger_target_dag.py
[2022-03-14 00:21:56,887] {processor.py:642} INFO - Processing file /home/airflow/.local/lib/python3.7/site-packages/airflow/example_dags/example_trigger_target_dag.py for tasks to queue
[2022-03-14 00:21:56,888] {logging_mixin.py:109} INFO - [2022-03-14 00:21:56,888] {dagbag.py:500} INFO - Filling up the DagBag from /home/airflow/.local/lib/python3.7/site-packages/airflow/example_dags/example_trigger_target_dag.py
[2022-03-14 00:21:56,914] {processor.py:654} INFO - DAG(s) dict_keys(['example_trigger_target_dag']) retrieved from /home/airflow/.local/lib/python3.7/site-packages/airflow/example_dags/example_trigger_target_dag.py
[2022-03-14 00:21:56,922] {logging_mixin.py:109} INFO - [2022-03-14 00:21:56,922] {dag.py:2398} INFO - Sync 1 DAGs
[2022-03-14 00:21:56,945] {logging_mixin.py:109} INFO - [2022-03-14 00:21:56,945] {dag.py:2937} INFO - Setting next_dagrun for example_trigger_target_dag to None
[2022-03-14 00:21:56,961] {processor.py:171} INFO - Processing /home/airflow/.local/lib/python3.7/site-packages/airflow/example_dags/example_trigger_target_dag.py took 0.077 seconds
[2022-03-14 00:22:27,779] {processor.py:163} INFO - Started process (PID=6575) to work on /home/airflow/.local/lib/python3.7/site-packages/airflow/example_dags/example_trigger_target_dag.py
[2022-03-14 00:22:27,782] {processor.py:642} INFO - Processing file /home/airflow/.local/lib/python3.7/site-packages/airflow/example_dags/example_trigger_target_dag.py for tasks to queue
[2022-03-14 00:22:27,783] {logging_mixin.py:109} INFO - [2022-03-14 00:22:27,782] {dagbag.py:500} INFO - Filling up the DagBag from /home/airflow/.local/lib/python3.7/site-packages/airflow/example_dags/example_trigger_target_dag.py
[2022-03-14 00:22:27,807] {processor.py:654} INFO - DAG(s) dict_keys(['example_trigger_target_dag']) retrieved from /home/airflow/.local/lib/python3.7/site-packages/airflow/example_dags/example_trigger_target_dag.py
[2022-03-14 00:22:27,814] {logging_mixin.py:109} INFO - [2022-03-14 00:22:27,814] {dag.py:2398} INFO - Sync 1 DAGs
[2022-03-14 00:22:27,827] {logging_mixin.py:109} INFO - [2022-03-14 00:22:27,827] {dag.py:2937} INFO - Setting next_dagrun for example_trigger_target_dag to None
[2022-03-14 00:22:27,840] {processor.py:171} INFO - Processing /home/airflow/.local/lib/python3.7/site-packages/airflow/example_dags/example_trigger_target_dag.py took 0.063 seconds
