[2022-03-14 00:00:24,277] {processor.py:163} INFO - Started process (PID=4143) to work on /home/airflow/.local/lib/python3.7/site-packages/airflow/example_dags/tutorial.py
[2022-03-14 00:00:24,277] {processor.py:642} INFO - Processing file /home/airflow/.local/lib/python3.7/site-packages/airflow/example_dags/tutorial.py for tasks to queue
[2022-03-14 00:00:24,278] {logging_mixin.py:109} INFO - [2022-03-14 00:00:24,278] {dagbag.py:500} INFO - Filling up the DagBag from /home/airflow/.local/lib/python3.7/site-packages/airflow/example_dags/tutorial.py
[2022-03-14 00:00:24,301] {processor.py:654} INFO - DAG(s) dict_keys(['tutorial']) retrieved from /home/airflow/.local/lib/python3.7/site-packages/airflow/example_dags/tutorial.py
[2022-03-14 00:00:24,309] {logging_mixin.py:109} INFO - [2022-03-14 00:00:24,309] {dag.py:2398} INFO - Sync 1 DAGs
[2022-03-14 00:00:24,324] {logging_mixin.py:109} INFO - [2022-03-14 00:00:24,324] {dag.py:2937} INFO - Setting next_dagrun for tutorial to 2022-03-13T00:00:24.324023+00:00
[2022-03-14 00:00:24,339] {processor.py:171} INFO - Processing /home/airflow/.local/lib/python3.7/site-packages/airflow/example_dags/tutorial.py took 0.065 seconds
[2022-03-14 00:00:55,326] {processor.py:163} INFO - Started process (PID=4204) to work on /home/airflow/.local/lib/python3.7/site-packages/airflow/example_dags/tutorial.py
[2022-03-14 00:00:55,327] {processor.py:642} INFO - Processing file /home/airflow/.local/lib/python3.7/site-packages/airflow/example_dags/tutorial.py for tasks to queue
[2022-03-14 00:00:55,327] {logging_mixin.py:109} INFO - [2022-03-14 00:00:55,327] {dagbag.py:500} INFO - Filling up the DagBag from /home/airflow/.local/lib/python3.7/site-packages/airflow/example_dags/tutorial.py
[2022-03-14 00:00:55,353] {processor.py:654} INFO - DAG(s) dict_keys(['tutorial']) retrieved from /home/airflow/.local/lib/python3.7/site-packages/airflow/example_dags/tutorial.py
[2022-03-14 00:00:55,362] {logging_mixin.py:109} INFO - [2022-03-14 00:00:55,362] {dag.py:2398} INFO - Sync 1 DAGs
[2022-03-14 00:00:55,382] {logging_mixin.py:109} INFO - [2022-03-14 00:00:55,382] {dag.py:2937} INFO - Setting next_dagrun for tutorial to 2022-03-13T00:00:55.382570+00:00
[2022-03-14 00:00:55,399] {processor.py:171} INFO - Processing /home/airflow/.local/lib/python3.7/site-packages/airflow/example_dags/tutorial.py took 0.075 seconds
[2022-03-14 00:01:26,233] {processor.py:163} INFO - Started process (PID=4256) to work on /home/airflow/.local/lib/python3.7/site-packages/airflow/example_dags/tutorial.py
[2022-03-14 00:01:26,234] {processor.py:642} INFO - Processing file /home/airflow/.local/lib/python3.7/site-packages/airflow/example_dags/tutorial.py for tasks to queue
[2022-03-14 00:01:26,235] {logging_mixin.py:109} INFO - [2022-03-14 00:01:26,235] {dagbag.py:500} INFO - Filling up the DagBag from /home/airflow/.local/lib/python3.7/site-packages/airflow/example_dags/tutorial.py
[2022-03-14 00:01:26,259] {processor.py:654} INFO - DAG(s) dict_keys(['tutorial']) retrieved from /home/airflow/.local/lib/python3.7/site-packages/airflow/example_dags/tutorial.py
[2022-03-14 00:01:26,268] {logging_mixin.py:109} INFO - [2022-03-14 00:01:26,267] {dag.py:2398} INFO - Sync 1 DAGs
[2022-03-14 00:01:26,283] {logging_mixin.py:109} INFO - [2022-03-14 00:01:26,283] {dag.py:2937} INFO - Setting next_dagrun for tutorial to 2022-03-13T00:01:26.282890+00:00
[2022-03-14 00:01:26,297] {processor.py:171} INFO - Processing /home/airflow/.local/lib/python3.7/site-packages/airflow/example_dags/tutorial.py took 0.066 seconds
[2022-03-14 00:01:57,108] {processor.py:163} INFO - Started process (PID=4317) to work on /home/airflow/.local/lib/python3.7/site-packages/airflow/example_dags/tutorial.py
[2022-03-14 00:01:57,109] {processor.py:642} INFO - Processing file /home/airflow/.local/lib/python3.7/site-packages/airflow/example_dags/tutorial.py for tasks to queue
[2022-03-14 00:01:57,110] {logging_mixin.py:109} INFO - [2022-03-14 00:01:57,110] {dagbag.py:500} INFO - Filling up the DagBag from /home/airflow/.local/lib/python3.7/site-packages/airflow/example_dags/tutorial.py
[2022-03-14 00:01:57,142] {processor.py:654} INFO - DAG(s) dict_keys(['tutorial']) retrieved from /home/airflow/.local/lib/python3.7/site-packages/airflow/example_dags/tutorial.py
[2022-03-14 00:01:57,153] {logging_mixin.py:109} INFO - [2022-03-14 00:01:57,153] {dag.py:2398} INFO - Sync 1 DAGs
[2022-03-14 00:01:57,172] {logging_mixin.py:109} INFO - [2022-03-14 00:01:57,172] {dag.py:2937} INFO - Setting next_dagrun for tutorial to 2022-03-13T00:01:57.172066+00:00
[2022-03-14 00:01:57,197] {processor.py:171} INFO - Processing /home/airflow/.local/lib/python3.7/site-packages/airflow/example_dags/tutorial.py took 0.092 seconds
[2022-03-14 00:02:27,803] {processor.py:163} INFO - Started process (PID=4370) to work on /home/airflow/.local/lib/python3.7/site-packages/airflow/example_dags/tutorial.py
[2022-03-14 00:02:27,804] {processor.py:642} INFO - Processing file /home/airflow/.local/lib/python3.7/site-packages/airflow/example_dags/tutorial.py for tasks to queue
[2022-03-14 00:02:27,804] {logging_mixin.py:109} INFO - [2022-03-14 00:02:27,804] {dagbag.py:500} INFO - Filling up the DagBag from /home/airflow/.local/lib/python3.7/site-packages/airflow/example_dags/tutorial.py
[2022-03-14 00:02:27,827] {processor.py:654} INFO - DAG(s) dict_keys(['tutorial']) retrieved from /home/airflow/.local/lib/python3.7/site-packages/airflow/example_dags/tutorial.py
[2022-03-14 00:02:27,835] {logging_mixin.py:109} INFO - [2022-03-14 00:02:27,835] {dag.py:2398} INFO - Sync 1 DAGs
[2022-03-14 00:02:27,848] {logging_mixin.py:109} INFO - [2022-03-14 00:02:27,848] {dag.py:2937} INFO - Setting next_dagrun for tutorial to 2022-03-13T00:02:27.847828+00:00
[2022-03-14 00:02:27,856] {processor.py:171} INFO - Processing /home/airflow/.local/lib/python3.7/site-packages/airflow/example_dags/tutorial.py took 0.055 seconds
[2022-03-14 00:02:58,311] {processor.py:163} INFO - Started process (PID=4432) to work on /home/airflow/.local/lib/python3.7/site-packages/airflow/example_dags/tutorial.py
[2022-03-14 00:02:58,312] {processor.py:642} INFO - Processing file /home/airflow/.local/lib/python3.7/site-packages/airflow/example_dags/tutorial.py for tasks to queue
[2022-03-14 00:02:58,313] {logging_mixin.py:109} INFO - [2022-03-14 00:02:58,312] {dagbag.py:500} INFO - Filling up the DagBag from /home/airflow/.local/lib/python3.7/site-packages/airflow/example_dags/tutorial.py
[2022-03-14 00:02:58,335] {processor.py:654} INFO - DAG(s) dict_keys(['tutorial']) retrieved from /home/airflow/.local/lib/python3.7/site-packages/airflow/example_dags/tutorial.py
[2022-03-14 00:02:58,343] {logging_mixin.py:109} INFO - [2022-03-14 00:02:58,342] {dag.py:2398} INFO - Sync 1 DAGs
[2022-03-14 00:02:58,355] {logging_mixin.py:109} INFO - [2022-03-14 00:02:58,355] {dag.py:2937} INFO - Setting next_dagrun for tutorial to 2022-03-13T00:02:58.355335+00:00
[2022-03-14 00:02:58,371] {processor.py:171} INFO - Processing /home/airflow/.local/lib/python3.7/site-packages/airflow/example_dags/tutorial.py took 0.061 seconds
[2022-03-14 00:03:29,284] {processor.py:163} INFO - Started process (PID=4484) to work on /home/airflow/.local/lib/python3.7/site-packages/airflow/example_dags/tutorial.py
[2022-03-14 00:03:29,285] {processor.py:642} INFO - Processing file /home/airflow/.local/lib/python3.7/site-packages/airflow/example_dags/tutorial.py for tasks to queue
[2022-03-14 00:03:29,286] {logging_mixin.py:109} INFO - [2022-03-14 00:03:29,286] {dagbag.py:500} INFO - Filling up the DagBag from /home/airflow/.local/lib/python3.7/site-packages/airflow/example_dags/tutorial.py
[2022-03-14 00:03:29,309] {processor.py:654} INFO - DAG(s) dict_keys(['tutorial']) retrieved from /home/airflow/.local/lib/python3.7/site-packages/airflow/example_dags/tutorial.py
[2022-03-14 00:03:29,319] {logging_mixin.py:109} INFO - [2022-03-14 00:03:29,318] {dag.py:2398} INFO - Sync 1 DAGs
[2022-03-14 00:03:29,332] {logging_mixin.py:109} INFO - [2022-03-14 00:03:29,332] {dag.py:2937} INFO - Setting next_dagrun for tutorial to 2022-03-13T00:03:29.332673+00:00
[2022-03-14 00:03:29,342] {processor.py:171} INFO - Processing /home/airflow/.local/lib/python3.7/site-packages/airflow/example_dags/tutorial.py took 0.060 seconds
[2022-03-14 00:04:00,330] {processor.py:163} INFO - Started process (PID=4536) to work on /home/airflow/.local/lib/python3.7/site-packages/airflow/example_dags/tutorial.py
[2022-03-14 00:04:00,331] {processor.py:642} INFO - Processing file /home/airflow/.local/lib/python3.7/site-packages/airflow/example_dags/tutorial.py for tasks to queue
[2022-03-14 00:04:00,331] {logging_mixin.py:109} INFO - [2022-03-14 00:04:00,331] {dagbag.py:500} INFO - Filling up the DagBag from /home/airflow/.local/lib/python3.7/site-packages/airflow/example_dags/tutorial.py
[2022-03-14 00:04:00,353] {processor.py:654} INFO - DAG(s) dict_keys(['tutorial']) retrieved from /home/airflow/.local/lib/python3.7/site-packages/airflow/example_dags/tutorial.py
[2022-03-14 00:04:00,363] {logging_mixin.py:109} INFO - [2022-03-14 00:04:00,363] {dag.py:2398} INFO - Sync 1 DAGs
[2022-03-14 00:04:00,380] {logging_mixin.py:109} INFO - [2022-03-14 00:04:00,380] {dag.py:2937} INFO - Setting next_dagrun for tutorial to 2022-03-13T00:04:00.380091+00:00
[2022-03-14 00:04:00,389] {processor.py:171} INFO - Processing /home/airflow/.local/lib/python3.7/site-packages/airflow/example_dags/tutorial.py took 0.062 seconds
[2022-03-14 00:04:30,464] {processor.py:163} INFO - Started process (PID=4597) to work on /home/airflow/.local/lib/python3.7/site-packages/airflow/example_dags/tutorial.py
[2022-03-14 00:04:30,465] {processor.py:642} INFO - Processing file /home/airflow/.local/lib/python3.7/site-packages/airflow/example_dags/tutorial.py for tasks to queue
[2022-03-14 00:04:30,465] {logging_mixin.py:109} INFO - [2022-03-14 00:04:30,465] {dagbag.py:500} INFO - Filling up the DagBag from /home/airflow/.local/lib/python3.7/site-packages/airflow/example_dags/tutorial.py
[2022-03-14 00:04:30,488] {processor.py:654} INFO - DAG(s) dict_keys(['tutorial']) retrieved from /home/airflow/.local/lib/python3.7/site-packages/airflow/example_dags/tutorial.py
[2022-03-14 00:04:30,495] {logging_mixin.py:109} INFO - [2022-03-14 00:04:30,495] {dag.py:2398} INFO - Sync 1 DAGs
[2022-03-14 00:04:30,508] {logging_mixin.py:109} INFO - [2022-03-14 00:04:30,508] {dag.py:2937} INFO - Setting next_dagrun for tutorial to 2022-03-13T00:04:30.507979+00:00
[2022-03-14 00:04:30,522] {processor.py:171} INFO - Processing /home/airflow/.local/lib/python3.7/site-packages/airflow/example_dags/tutorial.py took 0.060 seconds
[2022-03-14 00:05:01,126] {processor.py:163} INFO - Started process (PID=4649) to work on /home/airflow/.local/lib/python3.7/site-packages/airflow/example_dags/tutorial.py
[2022-03-14 00:05:01,127] {processor.py:642} INFO - Processing file /home/airflow/.local/lib/python3.7/site-packages/airflow/example_dags/tutorial.py for tasks to queue
[2022-03-14 00:05:01,127] {logging_mixin.py:109} INFO - [2022-03-14 00:05:01,127] {dagbag.py:500} INFO - Filling up the DagBag from /home/airflow/.local/lib/python3.7/site-packages/airflow/example_dags/tutorial.py
[2022-03-14 00:05:01,150] {processor.py:654} INFO - DAG(s) dict_keys(['tutorial']) retrieved from /home/airflow/.local/lib/python3.7/site-packages/airflow/example_dags/tutorial.py
[2022-03-14 00:05:01,158] {logging_mixin.py:109} INFO - [2022-03-14 00:05:01,158] {dag.py:2398} INFO - Sync 1 DAGs
[2022-03-14 00:05:01,171] {logging_mixin.py:109} INFO - [2022-03-14 00:05:01,171] {dag.py:2937} INFO - Setting next_dagrun for tutorial to 2022-03-13T00:05:01.170829+00:00
[2022-03-14 00:05:01,185] {processor.py:171} INFO - Processing /home/airflow/.local/lib/python3.7/site-packages/airflow/example_dags/tutorial.py took 0.061 seconds
[2022-03-14 00:05:32,030] {processor.py:163} INFO - Started process (PID=4710) to work on /home/airflow/.local/lib/python3.7/site-packages/airflow/example_dags/tutorial.py
[2022-03-14 00:05:32,031] {processor.py:642} INFO - Processing file /home/airflow/.local/lib/python3.7/site-packages/airflow/example_dags/tutorial.py for tasks to queue
[2022-03-14 00:05:32,031] {logging_mixin.py:109} INFO - [2022-03-14 00:05:32,031] {dagbag.py:500} INFO - Filling up the DagBag from /home/airflow/.local/lib/python3.7/site-packages/airflow/example_dags/tutorial.py
[2022-03-14 00:05:32,053] {processor.py:654} INFO - DAG(s) dict_keys(['tutorial']) retrieved from /home/airflow/.local/lib/python3.7/site-packages/airflow/example_dags/tutorial.py
[2022-03-14 00:05:32,060] {logging_mixin.py:109} INFO - [2022-03-14 00:05:32,060] {dag.py:2398} INFO - Sync 1 DAGs
[2022-03-14 00:05:32,071] {logging_mixin.py:109} INFO - [2022-03-14 00:05:32,071] {dag.py:2937} INFO - Setting next_dagrun for tutorial to 2022-03-13T00:05:32.071443+00:00
[2022-03-14 00:05:32,085] {processor.py:171} INFO - Processing /home/airflow/.local/lib/python3.7/site-packages/airflow/example_dags/tutorial.py took 0.057 seconds
[2022-03-14 00:06:02,833] {processor.py:163} INFO - Started process (PID=4762) to work on /home/airflow/.local/lib/python3.7/site-packages/airflow/example_dags/tutorial.py
[2022-03-14 00:06:02,834] {processor.py:642} INFO - Processing file /home/airflow/.local/lib/python3.7/site-packages/airflow/example_dags/tutorial.py for tasks to queue
[2022-03-14 00:06:02,835] {logging_mixin.py:109} INFO - [2022-03-14 00:06:02,835] {dagbag.py:500} INFO - Filling up the DagBag from /home/airflow/.local/lib/python3.7/site-packages/airflow/example_dags/tutorial.py
[2022-03-14 00:06:02,856] {processor.py:654} INFO - DAG(s) dict_keys(['tutorial']) retrieved from /home/airflow/.local/lib/python3.7/site-packages/airflow/example_dags/tutorial.py
[2022-03-14 00:06:02,864] {logging_mixin.py:109} INFO - [2022-03-14 00:06:02,863] {dag.py:2398} INFO - Sync 1 DAGs
[2022-03-14 00:06:02,876] {logging_mixin.py:109} INFO - [2022-03-14 00:06:02,875] {dag.py:2937} INFO - Setting next_dagrun for tutorial to 2022-03-13T00:06:02.875701+00:00
[2022-03-14 00:06:02,900] {processor.py:171} INFO - Processing /home/airflow/.local/lib/python3.7/site-packages/airflow/example_dags/tutorial.py took 0.069 seconds
[2022-03-14 00:06:33,531] {processor.py:163} INFO - Started process (PID=4823) to work on /home/airflow/.local/lib/python3.7/site-packages/airflow/example_dags/tutorial.py
[2022-03-14 00:06:33,532] {processor.py:642} INFO - Processing file /home/airflow/.local/lib/python3.7/site-packages/airflow/example_dags/tutorial.py for tasks to queue
[2022-03-14 00:06:33,533] {logging_mixin.py:109} INFO - [2022-03-14 00:06:33,533] {dagbag.py:500} INFO - Filling up the DagBag from /home/airflow/.local/lib/python3.7/site-packages/airflow/example_dags/tutorial.py
[2022-03-14 00:06:33,557] {processor.py:654} INFO - DAG(s) dict_keys(['tutorial']) retrieved from /home/airflow/.local/lib/python3.7/site-packages/airflow/example_dags/tutorial.py
[2022-03-14 00:06:33,565] {logging_mixin.py:109} INFO - [2022-03-14 00:06:33,565] {dag.py:2398} INFO - Sync 1 DAGs
[2022-03-14 00:06:33,578] {logging_mixin.py:109} INFO - [2022-03-14 00:06:33,578] {dag.py:2937} INFO - Setting next_dagrun for tutorial to 2022-03-13T00:06:33.578268+00:00
[2022-03-14 00:06:33,594] {processor.py:171} INFO - Processing /home/airflow/.local/lib/python3.7/site-packages/airflow/example_dags/tutorial.py took 0.066 seconds
[2022-03-14 00:07:04,258] {processor.py:163} INFO - Started process (PID=4875) to work on /home/airflow/.local/lib/python3.7/site-packages/airflow/example_dags/tutorial.py
[2022-03-14 00:07:04,259] {processor.py:642} INFO - Processing file /home/airflow/.local/lib/python3.7/site-packages/airflow/example_dags/tutorial.py for tasks to queue
[2022-03-14 00:07:04,259] {logging_mixin.py:109} INFO - [2022-03-14 00:07:04,259] {dagbag.py:500} INFO - Filling up the DagBag from /home/airflow/.local/lib/python3.7/site-packages/airflow/example_dags/tutorial.py
[2022-03-14 00:07:04,280] {processor.py:654} INFO - DAG(s) dict_keys(['tutorial']) retrieved from /home/airflow/.local/lib/python3.7/site-packages/airflow/example_dags/tutorial.py
[2022-03-14 00:07:04,288] {logging_mixin.py:109} INFO - [2022-03-14 00:07:04,288] {dag.py:2398} INFO - Sync 1 DAGs
[2022-03-14 00:07:04,299] {logging_mixin.py:109} INFO - [2022-03-14 00:07:04,299] {dag.py:2937} INFO - Setting next_dagrun for tutorial to 2022-03-13T00:07:04.299343+00:00
[2022-03-14 00:07:04,318] {processor.py:171} INFO - Processing /home/airflow/.local/lib/python3.7/site-packages/airflow/example_dags/tutorial.py took 0.062 seconds
[2022-03-14 00:07:35,203] {processor.py:163} INFO - Started process (PID=4936) to work on /home/airflow/.local/lib/python3.7/site-packages/airflow/example_dags/tutorial.py
[2022-03-14 00:07:35,204] {processor.py:642} INFO - Processing file /home/airflow/.local/lib/python3.7/site-packages/airflow/example_dags/tutorial.py for tasks to queue
[2022-03-14 00:07:35,204] {logging_mixin.py:109} INFO - [2022-03-14 00:07:35,204] {dagbag.py:500} INFO - Filling up the DagBag from /home/airflow/.local/lib/python3.7/site-packages/airflow/example_dags/tutorial.py
[2022-03-14 00:07:35,234] {processor.py:654} INFO - DAG(s) dict_keys(['tutorial']) retrieved from /home/airflow/.local/lib/python3.7/site-packages/airflow/example_dags/tutorial.py
[2022-03-14 00:07:35,244] {logging_mixin.py:109} INFO - [2022-03-14 00:07:35,244] {dag.py:2398} INFO - Sync 1 DAGs
[2022-03-14 00:07:35,263] {logging_mixin.py:109} INFO - [2022-03-14 00:07:35,263] {dag.py:2937} INFO - Setting next_dagrun for tutorial to 2022-03-13T00:07:35.263228+00:00
[2022-03-14 00:07:35,275] {processor.py:171} INFO - Processing /home/airflow/.local/lib/python3.7/site-packages/airflow/example_dags/tutorial.py took 0.075 seconds
[2022-03-14 00:08:06,287] {processor.py:163} INFO - Started process (PID=4988) to work on /home/airflow/.local/lib/python3.7/site-packages/airflow/example_dags/tutorial.py
[2022-03-14 00:08:06,287] {processor.py:642} INFO - Processing file /home/airflow/.local/lib/python3.7/site-packages/airflow/example_dags/tutorial.py for tasks to queue
[2022-03-14 00:08:06,288] {logging_mixin.py:109} INFO - [2022-03-14 00:08:06,288] {dagbag.py:500} INFO - Filling up the DagBag from /home/airflow/.local/lib/python3.7/site-packages/airflow/example_dags/tutorial.py
[2022-03-14 00:08:06,310] {processor.py:654} INFO - DAG(s) dict_keys(['tutorial']) retrieved from /home/airflow/.local/lib/python3.7/site-packages/airflow/example_dags/tutorial.py
[2022-03-14 00:08:06,317] {logging_mixin.py:109} INFO - [2022-03-14 00:08:06,317] {dag.py:2398} INFO - Sync 1 DAGs
[2022-03-14 00:08:06,330] {logging_mixin.py:109} INFO - [2022-03-14 00:08:06,329] {dag.py:2937} INFO - Setting next_dagrun for tutorial to 2022-03-13T00:08:06.329793+00:00
[2022-03-14 00:08:06,343] {processor.py:171} INFO - Processing /home/airflow/.local/lib/python3.7/site-packages/airflow/example_dags/tutorial.py took 0.059 seconds
[2022-03-14 00:08:37,247] {processor.py:163} INFO - Started process (PID=5049) to work on /home/airflow/.local/lib/python3.7/site-packages/airflow/example_dags/tutorial.py
[2022-03-14 00:08:37,248] {processor.py:642} INFO - Processing file /home/airflow/.local/lib/python3.7/site-packages/airflow/example_dags/tutorial.py for tasks to queue
[2022-03-14 00:08:37,248] {logging_mixin.py:109} INFO - [2022-03-14 00:08:37,248] {dagbag.py:500} INFO - Filling up the DagBag from /home/airflow/.local/lib/python3.7/site-packages/airflow/example_dags/tutorial.py
[2022-03-14 00:08:37,270] {processor.py:654} INFO - DAG(s) dict_keys(['tutorial']) retrieved from /home/airflow/.local/lib/python3.7/site-packages/airflow/example_dags/tutorial.py
[2022-03-14 00:08:37,280] {logging_mixin.py:109} INFO - [2022-03-14 00:08:37,280] {dag.py:2398} INFO - Sync 1 DAGs
[2022-03-14 00:08:37,298] {logging_mixin.py:109} INFO - [2022-03-14 00:08:37,298] {dag.py:2937} INFO - Setting next_dagrun for tutorial to 2022-03-13T00:08:37.297970+00:00
[2022-03-14 00:08:37,314] {processor.py:171} INFO - Processing /home/airflow/.local/lib/python3.7/site-packages/airflow/example_dags/tutorial.py took 0.069 seconds
[2022-03-14 00:09:07,897] {processor.py:163} INFO - Started process (PID=5102) to work on /home/airflow/.local/lib/python3.7/site-packages/airflow/example_dags/tutorial.py
[2022-03-14 00:09:07,898] {processor.py:642} INFO - Processing file /home/airflow/.local/lib/python3.7/site-packages/airflow/example_dags/tutorial.py for tasks to queue
[2022-03-14 00:09:07,898] {logging_mixin.py:109} INFO - [2022-03-14 00:09:07,898] {dagbag.py:500} INFO - Filling up the DagBag from /home/airflow/.local/lib/python3.7/site-packages/airflow/example_dags/tutorial.py
[2022-03-14 00:09:07,919] {processor.py:654} INFO - DAG(s) dict_keys(['tutorial']) retrieved from /home/airflow/.local/lib/python3.7/site-packages/airflow/example_dags/tutorial.py
[2022-03-14 00:09:07,926] {logging_mixin.py:109} INFO - [2022-03-14 00:09:07,926] {dag.py:2398} INFO - Sync 1 DAGs
[2022-03-14 00:09:07,938] {logging_mixin.py:109} INFO - [2022-03-14 00:09:07,937] {dag.py:2937} INFO - Setting next_dagrun for tutorial to 2022-03-13T00:09:07.937779+00:00
[2022-03-14 00:09:07,954] {processor.py:171} INFO - Processing /home/airflow/.local/lib/python3.7/site-packages/airflow/example_dags/tutorial.py took 0.059 seconds
[2022-03-14 00:09:38,787] {processor.py:163} INFO - Started process (PID=5161) to work on /home/airflow/.local/lib/python3.7/site-packages/airflow/example_dags/tutorial.py
[2022-03-14 00:09:38,788] {processor.py:642} INFO - Processing file /home/airflow/.local/lib/python3.7/site-packages/airflow/example_dags/tutorial.py for tasks to queue
[2022-03-14 00:09:38,788] {logging_mixin.py:109} INFO - [2022-03-14 00:09:38,788] {dagbag.py:500} INFO - Filling up the DagBag from /home/airflow/.local/lib/python3.7/site-packages/airflow/example_dags/tutorial.py
[2022-03-14 00:09:38,810] {processor.py:654} INFO - DAG(s) dict_keys(['tutorial']) retrieved from /home/airflow/.local/lib/python3.7/site-packages/airflow/example_dags/tutorial.py
[2022-03-14 00:09:38,817] {logging_mixin.py:109} INFO - [2022-03-14 00:09:38,817] {dag.py:2398} INFO - Sync 1 DAGs
[2022-03-14 00:09:38,830] {logging_mixin.py:109} INFO - [2022-03-14 00:09:38,830] {dag.py:2937} INFO - Setting next_dagrun for tutorial to 2022-03-13T00:09:38.830200+00:00
[2022-03-14 00:09:38,844] {processor.py:171} INFO - Processing /home/airflow/.local/lib/python3.7/site-packages/airflow/example_dags/tutorial.py took 0.060 seconds
[2022-03-14 00:10:09,422] {processor.py:163} INFO - Started process (PID=5215) to work on /home/airflow/.local/lib/python3.7/site-packages/airflow/example_dags/tutorial.py
[2022-03-14 00:10:09,423] {processor.py:642} INFO - Processing file /home/airflow/.local/lib/python3.7/site-packages/airflow/example_dags/tutorial.py for tasks to queue
[2022-03-14 00:10:09,424] {logging_mixin.py:109} INFO - [2022-03-14 00:10:09,423] {dagbag.py:500} INFO - Filling up the DagBag from /home/airflow/.local/lib/python3.7/site-packages/airflow/example_dags/tutorial.py
[2022-03-14 00:10:09,446] {processor.py:654} INFO - DAG(s) dict_keys(['tutorial']) retrieved from /home/airflow/.local/lib/python3.7/site-packages/airflow/example_dags/tutorial.py
[2022-03-14 00:10:09,453] {logging_mixin.py:109} INFO - [2022-03-14 00:10:09,453] {dag.py:2398} INFO - Sync 1 DAGs
[2022-03-14 00:10:09,466] {logging_mixin.py:109} INFO - [2022-03-14 00:10:09,465] {dag.py:2937} INFO - Setting next_dagrun for tutorial to 2022-03-13T00:10:09.465795+00:00
[2022-03-14 00:10:09,480] {processor.py:171} INFO - Processing /home/airflow/.local/lib/python3.7/site-packages/airflow/example_dags/tutorial.py took 0.059 seconds
[2022-03-14 00:10:40,332] {processor.py:163} INFO - Started process (PID=5267) to work on /home/airflow/.local/lib/python3.7/site-packages/airflow/example_dags/tutorial.py
[2022-03-14 00:10:40,333] {processor.py:642} INFO - Processing file /home/airflow/.local/lib/python3.7/site-packages/airflow/example_dags/tutorial.py for tasks to queue
[2022-03-14 00:10:40,333] {logging_mixin.py:109} INFO - [2022-03-14 00:10:40,333] {dagbag.py:500} INFO - Filling up the DagBag from /home/airflow/.local/lib/python3.7/site-packages/airflow/example_dags/tutorial.py
[2022-03-14 00:10:40,356] {processor.py:654} INFO - DAG(s) dict_keys(['tutorial']) retrieved from /home/airflow/.local/lib/python3.7/site-packages/airflow/example_dags/tutorial.py
[2022-03-14 00:10:40,365] {logging_mixin.py:109} INFO - [2022-03-14 00:10:40,365] {dag.py:2398} INFO - Sync 1 DAGs
[2022-03-14 00:10:40,378] {logging_mixin.py:109} INFO - [2022-03-14 00:10:40,378] {dag.py:2937} INFO - Setting next_dagrun for tutorial to 2022-03-13T00:10:40.377956+00:00
[2022-03-14 00:10:40,392] {processor.py:171} INFO - Processing /home/airflow/.local/lib/python3.7/site-packages/airflow/example_dags/tutorial.py took 0.062 seconds
[2022-03-14 00:11:11,093] {processor.py:163} INFO - Started process (PID=5328) to work on /home/airflow/.local/lib/python3.7/site-packages/airflow/example_dags/tutorial.py
[2022-03-14 00:11:11,094] {processor.py:642} INFO - Processing file /home/airflow/.local/lib/python3.7/site-packages/airflow/example_dags/tutorial.py for tasks to queue
[2022-03-14 00:11:11,094] {logging_mixin.py:109} INFO - [2022-03-14 00:11:11,094] {dagbag.py:500} INFO - Filling up the DagBag from /home/airflow/.local/lib/python3.7/site-packages/airflow/example_dags/tutorial.py
[2022-03-14 00:11:11,117] {processor.py:654} INFO - DAG(s) dict_keys(['tutorial']) retrieved from /home/airflow/.local/lib/python3.7/site-packages/airflow/example_dags/tutorial.py
[2022-03-14 00:11:11,124] {logging_mixin.py:109} INFO - [2022-03-14 00:11:11,124] {dag.py:2398} INFO - Sync 1 DAGs
[2022-03-14 00:11:11,136] {logging_mixin.py:109} INFO - [2022-03-14 00:11:11,136] {dag.py:2937} INFO - Setting next_dagrun for tutorial to 2022-03-13T00:11:11.136232+00:00
[2022-03-14 00:11:11,150] {processor.py:171} INFO - Processing /home/airflow/.local/lib/python3.7/site-packages/airflow/example_dags/tutorial.py took 0.060 seconds
[2022-03-14 00:11:41,949] {processor.py:163} INFO - Started process (PID=5380) to work on /home/airflow/.local/lib/python3.7/site-packages/airflow/example_dags/tutorial.py
[2022-03-14 00:11:41,950] {processor.py:642} INFO - Processing file /home/airflow/.local/lib/python3.7/site-packages/airflow/example_dags/tutorial.py for tasks to queue
[2022-03-14 00:11:41,950] {logging_mixin.py:109} INFO - [2022-03-14 00:11:41,950] {dagbag.py:500} INFO - Filling up the DagBag from /home/airflow/.local/lib/python3.7/site-packages/airflow/example_dags/tutorial.py
[2022-03-14 00:11:41,972] {processor.py:654} INFO - DAG(s) dict_keys(['tutorial']) retrieved from /home/airflow/.local/lib/python3.7/site-packages/airflow/example_dags/tutorial.py
[2022-03-14 00:11:41,979] {logging_mixin.py:109} INFO - [2022-03-14 00:11:41,979] {dag.py:2398} INFO - Sync 1 DAGs
[2022-03-14 00:11:41,992] {logging_mixin.py:109} INFO - [2022-03-14 00:11:41,992] {dag.py:2937} INFO - Setting next_dagrun for tutorial to 2022-03-13T00:11:41.991872+00:00
[2022-03-14 00:11:42,005] {processor.py:171} INFO - Processing /home/airflow/.local/lib/python3.7/site-packages/airflow/example_dags/tutorial.py took 0.058 seconds
[2022-03-14 00:12:12,750] {processor.py:163} INFO - Started process (PID=5441) to work on /home/airflow/.local/lib/python3.7/site-packages/airflow/example_dags/tutorial.py
[2022-03-14 00:12:12,750] {processor.py:642} INFO - Processing file /home/airflow/.local/lib/python3.7/site-packages/airflow/example_dags/tutorial.py for tasks to queue
[2022-03-14 00:12:12,751] {logging_mixin.py:109} INFO - [2022-03-14 00:12:12,751] {dagbag.py:500} INFO - Filling up the DagBag from /home/airflow/.local/lib/python3.7/site-packages/airflow/example_dags/tutorial.py
[2022-03-14 00:12:12,774] {processor.py:654} INFO - DAG(s) dict_keys(['tutorial']) retrieved from /home/airflow/.local/lib/python3.7/site-packages/airflow/example_dags/tutorial.py
[2022-03-14 00:12:12,782] {logging_mixin.py:109} INFO - [2022-03-14 00:12:12,781] {dag.py:2398} INFO - Sync 1 DAGs
[2022-03-14 00:12:12,794] {logging_mixin.py:109} INFO - [2022-03-14 00:12:12,794] {dag.py:2937} INFO - Setting next_dagrun for tutorial to 2022-03-13T00:12:12.794513+00:00
[2022-03-14 00:12:12,803] {processor.py:171} INFO - Processing /home/airflow/.local/lib/python3.7/site-packages/airflow/example_dags/tutorial.py took 0.055 seconds
[2022-03-14 00:12:43,450] {processor.py:163} INFO - Started process (PID=5493) to work on /home/airflow/.local/lib/python3.7/site-packages/airflow/example_dags/tutorial.py
[2022-03-14 00:12:43,451] {processor.py:642} INFO - Processing file /home/airflow/.local/lib/python3.7/site-packages/airflow/example_dags/tutorial.py for tasks to queue
[2022-03-14 00:12:43,451] {logging_mixin.py:109} INFO - [2022-03-14 00:12:43,451] {dagbag.py:500} INFO - Filling up the DagBag from /home/airflow/.local/lib/python3.7/site-packages/airflow/example_dags/tutorial.py
[2022-03-14 00:12:43,473] {processor.py:654} INFO - DAG(s) dict_keys(['tutorial']) retrieved from /home/airflow/.local/lib/python3.7/site-packages/airflow/example_dags/tutorial.py
[2022-03-14 00:12:43,481] {logging_mixin.py:109} INFO - [2022-03-14 00:12:43,481] {dag.py:2398} INFO - Sync 1 DAGs
[2022-03-14 00:12:43,494] {logging_mixin.py:109} INFO - [2022-03-14 00:12:43,494] {dag.py:2937} INFO - Setting next_dagrun for tutorial to 2022-03-13T00:12:43.493845+00:00
[2022-03-14 00:12:43,502] {processor.py:171} INFO - Processing /home/airflow/.local/lib/python3.7/site-packages/airflow/example_dags/tutorial.py took 0.054 seconds
[2022-03-14 00:13:14,508] {processor.py:163} INFO - Started process (PID=5555) to work on /home/airflow/.local/lib/python3.7/site-packages/airflow/example_dags/tutorial.py
[2022-03-14 00:13:14,509] {processor.py:642} INFO - Processing file /home/airflow/.local/lib/python3.7/site-packages/airflow/example_dags/tutorial.py for tasks to queue
[2022-03-14 00:13:14,510] {logging_mixin.py:109} INFO - [2022-03-14 00:13:14,510] {dagbag.py:500} INFO - Filling up the DagBag from /home/airflow/.local/lib/python3.7/site-packages/airflow/example_dags/tutorial.py
[2022-03-14 00:13:14,531] {processor.py:654} INFO - DAG(s) dict_keys(['tutorial']) retrieved from /home/airflow/.local/lib/python3.7/site-packages/airflow/example_dags/tutorial.py
[2022-03-14 00:13:14,538] {logging_mixin.py:109} INFO - [2022-03-14 00:13:14,538] {dag.py:2398} INFO - Sync 1 DAGs
[2022-03-14 00:13:14,551] {logging_mixin.py:109} INFO - [2022-03-14 00:13:14,550] {dag.py:2937} INFO - Setting next_dagrun for tutorial to 2022-03-13T00:13:14.550758+00:00
[2022-03-14 00:13:14,562] {processor.py:171} INFO - Processing /home/airflow/.local/lib/python3.7/site-packages/airflow/example_dags/tutorial.py took 0.056 seconds
[2022-03-14 00:13:45,355] {processor.py:163} INFO - Started process (PID=5607) to work on /home/airflow/.local/lib/python3.7/site-packages/airflow/example_dags/tutorial.py
[2022-03-14 00:13:45,356] {processor.py:642} INFO - Processing file /home/airflow/.local/lib/python3.7/site-packages/airflow/example_dags/tutorial.py for tasks to queue
[2022-03-14 00:13:45,356] {logging_mixin.py:109} INFO - [2022-03-14 00:13:45,356] {dagbag.py:500} INFO - Filling up the DagBag from /home/airflow/.local/lib/python3.7/site-packages/airflow/example_dags/tutorial.py
[2022-03-14 00:13:45,377] {processor.py:654} INFO - DAG(s) dict_keys(['tutorial']) retrieved from /home/airflow/.local/lib/python3.7/site-packages/airflow/example_dags/tutorial.py
[2022-03-14 00:13:45,385] {logging_mixin.py:109} INFO - [2022-03-14 00:13:45,384] {dag.py:2398} INFO - Sync 1 DAGs
[2022-03-14 00:13:45,398] {logging_mixin.py:109} INFO - [2022-03-14 00:13:45,398] {dag.py:2937} INFO - Setting next_dagrun for tutorial to 2022-03-13T00:13:45.397966+00:00
[2022-03-14 00:13:45,407] {processor.py:171} INFO - Processing /home/airflow/.local/lib/python3.7/site-packages/airflow/example_dags/tutorial.py took 0.054 seconds
[2022-03-14 00:14:16,259] {processor.py:163} INFO - Started process (PID=5670) to work on /home/airflow/.local/lib/python3.7/site-packages/airflow/example_dags/tutorial.py
[2022-03-14 00:14:16,260] {processor.py:642} INFO - Processing file /home/airflow/.local/lib/python3.7/site-packages/airflow/example_dags/tutorial.py for tasks to queue
[2022-03-14 00:14:16,260] {logging_mixin.py:109} INFO - [2022-03-14 00:14:16,260] {dagbag.py:500} INFO - Filling up the DagBag from /home/airflow/.local/lib/python3.7/site-packages/airflow/example_dags/tutorial.py
[2022-03-14 00:14:16,282] {processor.py:654} INFO - DAG(s) dict_keys(['tutorial']) retrieved from /home/airflow/.local/lib/python3.7/site-packages/airflow/example_dags/tutorial.py
[2022-03-14 00:14:16,289] {logging_mixin.py:109} INFO - [2022-03-14 00:14:16,289] {dag.py:2398} INFO - Sync 1 DAGs
[2022-03-14 00:14:16,301] {logging_mixin.py:109} INFO - [2022-03-14 00:14:16,301] {dag.py:2937} INFO - Setting next_dagrun for tutorial to 2022-03-13T00:14:16.301178+00:00
[2022-03-14 00:14:16,309] {processor.py:171} INFO - Processing /home/airflow/.local/lib/python3.7/site-packages/airflow/example_dags/tutorial.py took 0.052 seconds
[2022-03-14 00:14:46,487] {processor.py:163} INFO - Started process (PID=5722) to work on /home/airflow/.local/lib/python3.7/site-packages/airflow/example_dags/tutorial.py
[2022-03-14 00:14:46,488] {processor.py:642} INFO - Processing file /home/airflow/.local/lib/python3.7/site-packages/airflow/example_dags/tutorial.py for tasks to queue
[2022-03-14 00:14:46,488] {logging_mixin.py:109} INFO - [2022-03-14 00:14:46,488] {dagbag.py:500} INFO - Filling up the DagBag from /home/airflow/.local/lib/python3.7/site-packages/airflow/example_dags/tutorial.py
[2022-03-14 00:14:46,509] {processor.py:654} INFO - DAG(s) dict_keys(['tutorial']) retrieved from /home/airflow/.local/lib/python3.7/site-packages/airflow/example_dags/tutorial.py
[2022-03-14 00:14:46,516] {logging_mixin.py:109} INFO - [2022-03-14 00:14:46,516] {dag.py:2398} INFO - Sync 1 DAGs
[2022-03-14 00:14:46,528] {logging_mixin.py:109} INFO - [2022-03-14 00:14:46,528] {dag.py:2937} INFO - Setting next_dagrun for tutorial to 2022-03-13T00:14:46.528040+00:00
[2022-03-14 00:14:46,538] {processor.py:171} INFO - Processing /home/airflow/.local/lib/python3.7/site-packages/airflow/example_dags/tutorial.py took 0.053 seconds
[2022-03-14 00:15:16,660] {processor.py:163} INFO - Started process (PID=5781) to work on /home/airflow/.local/lib/python3.7/site-packages/airflow/example_dags/tutorial.py
[2022-03-14 00:15:16,661] {processor.py:642} INFO - Processing file /home/airflow/.local/lib/python3.7/site-packages/airflow/example_dags/tutorial.py for tasks to queue
[2022-03-14 00:15:16,661] {logging_mixin.py:109} INFO - [2022-03-14 00:15:16,661] {dagbag.py:500} INFO - Filling up the DagBag from /home/airflow/.local/lib/python3.7/site-packages/airflow/example_dags/tutorial.py
[2022-03-14 00:15:16,684] {processor.py:654} INFO - DAG(s) dict_keys(['tutorial']) retrieved from /home/airflow/.local/lib/python3.7/site-packages/airflow/example_dags/tutorial.py
[2022-03-14 00:15:16,692] {logging_mixin.py:109} INFO - [2022-03-14 00:15:16,692] {dag.py:2398} INFO - Sync 1 DAGs
[2022-03-14 00:15:16,705] {logging_mixin.py:109} INFO - [2022-03-14 00:15:16,704] {dag.py:2937} INFO - Setting next_dagrun for tutorial to 2022-03-13T00:15:16.704769+00:00
[2022-03-14 00:15:16,718] {processor.py:171} INFO - Processing /home/airflow/.local/lib/python3.7/site-packages/airflow/example_dags/tutorial.py took 0.060 seconds
[2022-03-14 00:15:46,765] {processor.py:163} INFO - Started process (PID=5835) to work on /home/airflow/.local/lib/python3.7/site-packages/airflow/example_dags/tutorial.py
[2022-03-14 00:15:46,765] {processor.py:642} INFO - Processing file /home/airflow/.local/lib/python3.7/site-packages/airflow/example_dags/tutorial.py for tasks to queue
[2022-03-14 00:15:46,766] {logging_mixin.py:109} INFO - [2022-03-14 00:15:46,766] {dagbag.py:500} INFO - Filling up the DagBag from /home/airflow/.local/lib/python3.7/site-packages/airflow/example_dags/tutorial.py
[2022-03-14 00:15:46,787] {processor.py:654} INFO - DAG(s) dict_keys(['tutorial']) retrieved from /home/airflow/.local/lib/python3.7/site-packages/airflow/example_dags/tutorial.py
[2022-03-14 00:15:46,794] {logging_mixin.py:109} INFO - [2022-03-14 00:15:46,794] {dag.py:2398} INFO - Sync 1 DAGs
[2022-03-14 00:15:46,806] {logging_mixin.py:109} INFO - [2022-03-14 00:15:46,806] {dag.py:2937} INFO - Setting next_dagrun for tutorial to 2022-03-13T00:15:46.806023+00:00
[2022-03-14 00:15:46,814] {processor.py:171} INFO - Processing /home/airflow/.local/lib/python3.7/site-packages/airflow/example_dags/tutorial.py took 0.051 seconds
[2022-03-14 00:16:17,638] {processor.py:163} INFO - Started process (PID=5887) to work on /home/airflow/.local/lib/python3.7/site-packages/airflow/example_dags/tutorial.py
[2022-03-14 00:16:17,639] {processor.py:642} INFO - Processing file /home/airflow/.local/lib/python3.7/site-packages/airflow/example_dags/tutorial.py for tasks to queue
[2022-03-14 00:16:17,640] {logging_mixin.py:109} INFO - [2022-03-14 00:16:17,640] {dagbag.py:500} INFO - Filling up the DagBag from /home/airflow/.local/lib/python3.7/site-packages/airflow/example_dags/tutorial.py
[2022-03-14 00:16:17,662] {processor.py:654} INFO - DAG(s) dict_keys(['tutorial']) retrieved from /home/airflow/.local/lib/python3.7/site-packages/airflow/example_dags/tutorial.py
[2022-03-14 00:16:17,669] {logging_mixin.py:109} INFO - [2022-03-14 00:16:17,669] {dag.py:2398} INFO - Sync 1 DAGs
[2022-03-14 00:16:17,681] {logging_mixin.py:109} INFO - [2022-03-14 00:16:17,681] {dag.py:2937} INFO - Setting next_dagrun for tutorial to 2022-03-13T00:16:17.681596+00:00
[2022-03-14 00:16:17,690] {processor.py:171} INFO - Processing /home/airflow/.local/lib/python3.7/site-packages/airflow/example_dags/tutorial.py took 0.053 seconds
[2022-03-14 00:16:48,244] {processor.py:163} INFO - Started process (PID=5949) to work on /home/airflow/.local/lib/python3.7/site-packages/airflow/example_dags/tutorial.py
[2022-03-14 00:16:48,245] {processor.py:642} INFO - Processing file /home/airflow/.local/lib/python3.7/site-packages/airflow/example_dags/tutorial.py for tasks to queue
[2022-03-14 00:16:48,245] {logging_mixin.py:109} INFO - [2022-03-14 00:16:48,245] {dagbag.py:500} INFO - Filling up the DagBag from /home/airflow/.local/lib/python3.7/site-packages/airflow/example_dags/tutorial.py
[2022-03-14 00:16:48,270] {processor.py:654} INFO - DAG(s) dict_keys(['tutorial']) retrieved from /home/airflow/.local/lib/python3.7/site-packages/airflow/example_dags/tutorial.py
[2022-03-14 00:16:48,280] {logging_mixin.py:109} INFO - [2022-03-14 00:16:48,280] {dag.py:2398} INFO - Sync 1 DAGs
[2022-03-14 00:16:48,297] {logging_mixin.py:109} INFO - [2022-03-14 00:16:48,297] {dag.py:2937} INFO - Setting next_dagrun for tutorial to 2022-03-13T00:16:48.297162+00:00
[2022-03-14 00:16:48,307] {processor.py:171} INFO - Processing /home/airflow/.local/lib/python3.7/site-packages/airflow/example_dags/tutorial.py took 0.065 seconds
[2022-03-14 00:17:19,058] {processor.py:163} INFO - Started process (PID=6001) to work on /home/airflow/.local/lib/python3.7/site-packages/airflow/example_dags/tutorial.py
[2022-03-14 00:17:19,059] {processor.py:642} INFO - Processing file /home/airflow/.local/lib/python3.7/site-packages/airflow/example_dags/tutorial.py for tasks to queue
[2022-03-14 00:17:19,060] {logging_mixin.py:109} INFO - [2022-03-14 00:17:19,060] {dagbag.py:500} INFO - Filling up the DagBag from /home/airflow/.local/lib/python3.7/site-packages/airflow/example_dags/tutorial.py
[2022-03-14 00:17:19,083] {processor.py:654} INFO - DAG(s) dict_keys(['tutorial']) retrieved from /home/airflow/.local/lib/python3.7/site-packages/airflow/example_dags/tutorial.py
[2022-03-14 00:17:19,089] {logging_mixin.py:109} INFO - [2022-03-14 00:17:19,089] {dag.py:2398} INFO - Sync 1 DAGs
[2022-03-14 00:17:19,101] {logging_mixin.py:109} INFO - [2022-03-14 00:17:19,101] {dag.py:2937} INFO - Setting next_dagrun for tutorial to 2022-03-13T00:17:19.101236+00:00
[2022-03-14 00:17:19,109] {processor.py:171} INFO - Processing /home/airflow/.local/lib/python3.7/site-packages/airflow/example_dags/tutorial.py took 0.053 seconds
[2022-03-14 00:17:49,693] {processor.py:163} INFO - Started process (PID=6062) to work on /home/airflow/.local/lib/python3.7/site-packages/airflow/example_dags/tutorial.py
[2022-03-14 00:17:49,694] {processor.py:642} INFO - Processing file /home/airflow/.local/lib/python3.7/site-packages/airflow/example_dags/tutorial.py for tasks to queue
[2022-03-14 00:17:49,694] {logging_mixin.py:109} INFO - [2022-03-14 00:17:49,694] {dagbag.py:500} INFO - Filling up the DagBag from /home/airflow/.local/lib/python3.7/site-packages/airflow/example_dags/tutorial.py
[2022-03-14 00:17:49,717] {processor.py:654} INFO - DAG(s) dict_keys(['tutorial']) retrieved from /home/airflow/.local/lib/python3.7/site-packages/airflow/example_dags/tutorial.py
[2022-03-14 00:17:49,726] {logging_mixin.py:109} INFO - [2022-03-14 00:17:49,726] {dag.py:2398} INFO - Sync 1 DAGs
[2022-03-14 00:17:49,739] {logging_mixin.py:109} INFO - [2022-03-14 00:17:49,739] {dag.py:2937} INFO - Setting next_dagrun for tutorial to 2022-03-13T00:17:49.739709+00:00
[2022-03-14 00:17:49,747] {processor.py:171} INFO - Processing /home/airflow/.local/lib/python3.7/site-packages/airflow/example_dags/tutorial.py took 0.057 seconds
[2022-03-14 00:18:20,767] {processor.py:163} INFO - Started process (PID=6114) to work on /home/airflow/.local/lib/python3.7/site-packages/airflow/example_dags/tutorial.py
[2022-03-14 00:18:20,768] {processor.py:642} INFO - Processing file /home/airflow/.local/lib/python3.7/site-packages/airflow/example_dags/tutorial.py for tasks to queue
[2022-03-14 00:18:20,769] {logging_mixin.py:109} INFO - [2022-03-14 00:18:20,769] {dagbag.py:500} INFO - Filling up the DagBag from /home/airflow/.local/lib/python3.7/site-packages/airflow/example_dags/tutorial.py
[2022-03-14 00:18:20,791] {processor.py:654} INFO - DAG(s) dict_keys(['tutorial']) retrieved from /home/airflow/.local/lib/python3.7/site-packages/airflow/example_dags/tutorial.py
[2022-03-14 00:18:20,798] {logging_mixin.py:109} INFO - [2022-03-14 00:18:20,798] {dag.py:2398} INFO - Sync 1 DAGs
[2022-03-14 00:18:20,810] {logging_mixin.py:109} INFO - [2022-03-14 00:18:20,810] {dag.py:2937} INFO - Setting next_dagrun for tutorial to 2022-03-13T00:18:20.810616+00:00
[2022-03-14 00:18:20,818] {processor.py:171} INFO - Processing /home/airflow/.local/lib/python3.7/site-packages/airflow/example_dags/tutorial.py took 0.053 seconds
[2022-03-14 00:18:51,637] {processor.py:163} INFO - Started process (PID=6176) to work on /home/airflow/.local/lib/python3.7/site-packages/airflow/example_dags/tutorial.py
[2022-03-14 00:18:51,638] {processor.py:642} INFO - Processing file /home/airflow/.local/lib/python3.7/site-packages/airflow/example_dags/tutorial.py for tasks to queue
[2022-03-14 00:18:51,638] {logging_mixin.py:109} INFO - [2022-03-14 00:18:51,638] {dagbag.py:500} INFO - Filling up the DagBag from /home/airflow/.local/lib/python3.7/site-packages/airflow/example_dags/tutorial.py
[2022-03-14 00:18:51,660] {processor.py:654} INFO - DAG(s) dict_keys(['tutorial']) retrieved from /home/airflow/.local/lib/python3.7/site-packages/airflow/example_dags/tutorial.py
[2022-03-14 00:18:51,668] {logging_mixin.py:109} INFO - [2022-03-14 00:18:51,667] {dag.py:2398} INFO - Sync 1 DAGs
[2022-03-14 00:18:51,680] {logging_mixin.py:109} INFO - [2022-03-14 00:18:51,680] {dag.py:2937} INFO - Setting next_dagrun for tutorial to 2022-03-13T00:18:51.680004+00:00
[2022-03-14 00:18:51,698] {processor.py:171} INFO - Processing /home/airflow/.local/lib/python3.7/site-packages/airflow/example_dags/tutorial.py took 0.064 seconds
[2022-03-14 00:19:22,516] {processor.py:163} INFO - Started process (PID=6228) to work on /home/airflow/.local/lib/python3.7/site-packages/airflow/example_dags/tutorial.py
[2022-03-14 00:19:22,517] {processor.py:642} INFO - Processing file /home/airflow/.local/lib/python3.7/site-packages/airflow/example_dags/tutorial.py for tasks to queue
[2022-03-14 00:19:22,517] {logging_mixin.py:109} INFO - [2022-03-14 00:19:22,517] {dagbag.py:500} INFO - Filling up the DagBag from /home/airflow/.local/lib/python3.7/site-packages/airflow/example_dags/tutorial.py
[2022-03-14 00:19:22,540] {processor.py:654} INFO - DAG(s) dict_keys(['tutorial']) retrieved from /home/airflow/.local/lib/python3.7/site-packages/airflow/example_dags/tutorial.py
[2022-03-14 00:19:22,548] {logging_mixin.py:109} INFO - [2022-03-14 00:19:22,548] {dag.py:2398} INFO - Sync 1 DAGs
[2022-03-14 00:19:22,561] {logging_mixin.py:109} INFO - [2022-03-14 00:19:22,561] {dag.py:2937} INFO - Setting next_dagrun for tutorial to 2022-03-13T00:19:22.560906+00:00
[2022-03-14 00:19:22,575] {processor.py:171} INFO - Processing /home/airflow/.local/lib/python3.7/site-packages/airflow/example_dags/tutorial.py took 0.061 seconds
[2022-03-14 00:19:53,386] {processor.py:163} INFO - Started process (PID=6290) to work on /home/airflow/.local/lib/python3.7/site-packages/airflow/example_dags/tutorial.py
[2022-03-14 00:19:53,387] {processor.py:642} INFO - Processing file /home/airflow/.local/lib/python3.7/site-packages/airflow/example_dags/tutorial.py for tasks to queue
[2022-03-14 00:19:53,388] {logging_mixin.py:109} INFO - [2022-03-14 00:19:53,388] {dagbag.py:500} INFO - Filling up the DagBag from /home/airflow/.local/lib/python3.7/site-packages/airflow/example_dags/tutorial.py
[2022-03-14 00:19:53,414] {processor.py:654} INFO - DAG(s) dict_keys(['tutorial']) retrieved from /home/airflow/.local/lib/python3.7/site-packages/airflow/example_dags/tutorial.py
[2022-03-14 00:19:53,422] {logging_mixin.py:109} INFO - [2022-03-14 00:19:53,422] {dag.py:2398} INFO - Sync 1 DAGs
[2022-03-14 00:19:53,436] {logging_mixin.py:109} INFO - [2022-03-14 00:19:53,436] {dag.py:2937} INFO - Setting next_dagrun for tutorial to 2022-03-13T00:19:53.436165+00:00
[2022-03-14 00:19:53,451] {processor.py:171} INFO - Processing /home/airflow/.local/lib/python3.7/site-packages/airflow/example_dags/tutorial.py took 0.067 seconds
[2022-03-14 00:20:24,095] {processor.py:163} INFO - Started process (PID=6342) to work on /home/airflow/.local/lib/python3.7/site-packages/airflow/example_dags/tutorial.py
[2022-03-14 00:20:24,096] {processor.py:642} INFO - Processing file /home/airflow/.local/lib/python3.7/site-packages/airflow/example_dags/tutorial.py for tasks to queue
[2022-03-14 00:20:24,097] {logging_mixin.py:109} INFO - [2022-03-14 00:20:24,096] {dagbag.py:500} INFO - Filling up the DagBag from /home/airflow/.local/lib/python3.7/site-packages/airflow/example_dags/tutorial.py
[2022-03-14 00:20:24,119] {processor.py:654} INFO - DAG(s) dict_keys(['tutorial']) retrieved from /home/airflow/.local/lib/python3.7/site-packages/airflow/example_dags/tutorial.py
[2022-03-14 00:20:24,128] {logging_mixin.py:109} INFO - [2022-03-14 00:20:24,128] {dag.py:2398} INFO - Sync 1 DAGs
[2022-03-14 00:20:24,142] {logging_mixin.py:109} INFO - [2022-03-14 00:20:24,142] {dag.py:2937} INFO - Setting next_dagrun for tutorial to 2022-03-13T00:20:24.142127+00:00
[2022-03-14 00:20:24,157] {processor.py:171} INFO - Processing /home/airflow/.local/lib/python3.7/site-packages/airflow/example_dags/tutorial.py took 0.063 seconds
[2022-03-14 00:20:54,990] {processor.py:163} INFO - Started process (PID=6403) to work on /home/airflow/.local/lib/python3.7/site-packages/airflow/example_dags/tutorial.py
[2022-03-14 00:20:54,991] {processor.py:642} INFO - Processing file /home/airflow/.local/lib/python3.7/site-packages/airflow/example_dags/tutorial.py for tasks to queue
[2022-03-14 00:20:54,992] {logging_mixin.py:109} INFO - [2022-03-14 00:20:54,991] {dagbag.py:500} INFO - Filling up the DagBag from /home/airflow/.local/lib/python3.7/site-packages/airflow/example_dags/tutorial.py
[2022-03-14 00:20:55,019] {processor.py:654} INFO - DAG(s) dict_keys(['tutorial']) retrieved from /home/airflow/.local/lib/python3.7/site-packages/airflow/example_dags/tutorial.py
[2022-03-14 00:20:55,026] {logging_mixin.py:109} INFO - [2022-03-14 00:20:55,026] {dag.py:2398} INFO - Sync 1 DAGs
[2022-03-14 00:20:55,038] {logging_mixin.py:109} INFO - [2022-03-14 00:20:55,038] {dag.py:2937} INFO - Setting next_dagrun for tutorial to 2022-03-13T00:20:55.038488+00:00
[2022-03-14 00:20:55,052] {processor.py:171} INFO - Processing /home/airflow/.local/lib/python3.7/site-packages/airflow/example_dags/tutorial.py took 0.066 seconds
[2022-03-14 00:21:25,769] {processor.py:163} INFO - Started process (PID=6456) to work on /home/airflow/.local/lib/python3.7/site-packages/airflow/example_dags/tutorial.py
[2022-03-14 00:21:25,769] {processor.py:642} INFO - Processing file /home/airflow/.local/lib/python3.7/site-packages/airflow/example_dags/tutorial.py for tasks to queue
[2022-03-14 00:21:25,770] {logging_mixin.py:109} INFO - [2022-03-14 00:21:25,770] {dagbag.py:500} INFO - Filling up the DagBag from /home/airflow/.local/lib/python3.7/site-packages/airflow/example_dags/tutorial.py
[2022-03-14 00:21:25,791] {processor.py:654} INFO - DAG(s) dict_keys(['tutorial']) retrieved from /home/airflow/.local/lib/python3.7/site-packages/airflow/example_dags/tutorial.py
[2022-03-14 00:21:25,798] {logging_mixin.py:109} INFO - [2022-03-14 00:21:25,798] {dag.py:2398} INFO - Sync 1 DAGs
[2022-03-14 00:21:25,810] {logging_mixin.py:109} INFO - [2022-03-14 00:21:25,810] {dag.py:2937} INFO - Setting next_dagrun for tutorial to 2022-03-13T00:21:25.810317+00:00
[2022-03-14 00:21:25,823] {processor.py:171} INFO - Processing /home/airflow/.local/lib/python3.7/site-packages/airflow/example_dags/tutorial.py took 0.057 seconds
[2022-03-14 00:21:56,762] {processor.py:163} INFO - Started process (PID=6508) to work on /home/airflow/.local/lib/python3.7/site-packages/airflow/example_dags/tutorial.py
[2022-03-14 00:21:56,763] {processor.py:642} INFO - Processing file /home/airflow/.local/lib/python3.7/site-packages/airflow/example_dags/tutorial.py for tasks to queue
[2022-03-14 00:21:56,764] {logging_mixin.py:109} INFO - [2022-03-14 00:21:56,764] {dagbag.py:500} INFO - Filling up the DagBag from /home/airflow/.local/lib/python3.7/site-packages/airflow/example_dags/tutorial.py
[2022-03-14 00:21:56,786] {processor.py:654} INFO - DAG(s) dict_keys(['tutorial']) retrieved from /home/airflow/.local/lib/python3.7/site-packages/airflow/example_dags/tutorial.py
[2022-03-14 00:21:56,793] {logging_mixin.py:109} INFO - [2022-03-14 00:21:56,793] {dag.py:2398} INFO - Sync 1 DAGs
[2022-03-14 00:21:56,805] {logging_mixin.py:109} INFO - [2022-03-14 00:21:56,805] {dag.py:2937} INFO - Setting next_dagrun for tutorial to 2022-03-13T00:21:56.805164+00:00
[2022-03-14 00:21:56,818] {processor.py:171} INFO - Processing /home/airflow/.local/lib/python3.7/site-packages/airflow/example_dags/tutorial.py took 0.058 seconds
[2022-03-14 00:22:27,653] {processor.py:163} INFO - Started process (PID=6572) to work on /home/airflow/.local/lib/python3.7/site-packages/airflow/example_dags/tutorial.py
[2022-03-14 00:22:27,653] {processor.py:642} INFO - Processing file /home/airflow/.local/lib/python3.7/site-packages/airflow/example_dags/tutorial.py for tasks to queue
[2022-03-14 00:22:27,654] {logging_mixin.py:109} INFO - [2022-03-14 00:22:27,654] {dagbag.py:500} INFO - Filling up the DagBag from /home/airflow/.local/lib/python3.7/site-packages/airflow/example_dags/tutorial.py
[2022-03-14 00:22:27,678] {processor.py:654} INFO - DAG(s) dict_keys(['tutorial']) retrieved from /home/airflow/.local/lib/python3.7/site-packages/airflow/example_dags/tutorial.py
[2022-03-14 00:22:27,686] {logging_mixin.py:109} INFO - [2022-03-14 00:22:27,686] {dag.py:2398} INFO - Sync 1 DAGs
[2022-03-14 00:22:27,698] {logging_mixin.py:109} INFO - [2022-03-14 00:22:27,698] {dag.py:2937} INFO - Setting next_dagrun for tutorial to 2022-03-13T00:22:27.698075+00:00
[2022-03-14 00:22:27,717] {processor.py:171} INFO - Processing /home/airflow/.local/lib/python3.7/site-packages/airflow/example_dags/tutorial.py took 0.067 seconds
